[2021-05-17 00:09:58,716] {taskinstance.py:877} INFO - Dependencies all met for <TaskInstance: etl.loading_data_to_s3 2021-05-17T02:00:00+00:00 [queued]>
[2021-05-17 00:09:58,737] {taskinstance.py:877} INFO - Dependencies all met for <TaskInstance: etl.loading_data_to_s3 2021-05-17T02:00:00+00:00 [queued]>
[2021-05-17 00:09:58,738] {taskinstance.py:1068} INFO - 
--------------------------------------------------------------------------------
[2021-05-17 00:09:58,738] {taskinstance.py:1069} INFO - Starting attempt 1 of 1
[2021-05-17 00:09:58,738] {taskinstance.py:1070} INFO - 
--------------------------------------------------------------------------------
[2021-05-17 00:09:58,754] {taskinstance.py:1089} INFO - Executing <Task(PythonOperator): loading_data_to_s3> on 2021-05-17T02:00:00+00:00
[2021-05-17 00:09:58,763] {standard_task_runner.py:52} INFO - Started process 33391 to run task
[2021-05-17 00:09:58,784] {standard_task_runner.py:76} INFO - Running: ['airflow', 'tasks', 'run', 'etl', 'loading_data_to_s3', '2021-05-17T02:00:00+00:00', '--job-id', '868', '--pool', 'default_pool', '--raw', '--subdir', 'DAGS_FOLDER/etl_dag.py', '--cfg-path', '/var/folders/_f/vg3x3jmj23bcz6s88l7v6fb40000gn/T/tmpogpdd6zo', '--error-file', '/var/folders/_f/vg3x3jmj23bcz6s88l7v6fb40000gn/T/tmpbr_wg7ru']
[2021-05-17 00:09:58,788] {standard_task_runner.py:77} INFO - Job 868: Subtask loading_data_to_s3
[2021-05-17 00:09:58,908] {logging_mixin.py:104} INFO - Running <TaskInstance: etl.loading_data_to_s3 2021-05-17T02:00:00+00:00 [running]> on host 27.2.168.192.in-addr.arpa
[2021-05-17 00:09:59,001] {taskinstance.py:1283} INFO - Exporting the following env vars:
AIRFLOW_CTX_DAG_OWNER=udacity
AIRFLOW_CTX_DAG_ID=etl
AIRFLOW_CTX_TASK_ID=loading_data_to_s3
AIRFLOW_CTX_EXECUTION_DATE=2021-05-17T02:00:00+00:00
AIRFLOW_CTX_DAG_RUN_ID=scheduled__2021-05-17T02:00:00+00:00
[2021-05-17 00:10:00,437] {logging_mixin.py:104} INFO - Fetching interval list
[2021-05-17 00:10:00,440] {logging_mixin.py:104} INFO - Inverval list built
[2021-05-17 00:10:00,441] {logging_mixin.py:104} INFO - Processing data
[2021-05-17 00:10:00,443] {logging_mixin.py:104} INFO - df initialized
[2021-05-17 00:10:00,448] {logging_mixin.py:104} INFO - (array([1621217400000, 1621219200000]), 1)
[2021-05-17 00:10:00,450] {logging_mixin.py:104} INFO - (array([1621217400000, 1621219200000]), 2)
[2021-05-17 00:10:00,451] {logging_mixin.py:104} INFO - (array([1621217400000, 1621219200000]), 3)
[2021-05-17 00:10:00,453] {logging_mixin.py:104} INFO - (array([1621215600000, 1621217400000]), 1)
[2021-05-17 00:10:00,455] {logging_mixin.py:104} INFO - (array([1621215600000, 1621217400000]), 2)
[2021-05-17 00:10:00,457] {logging_mixin.py:104} INFO - (array([1621215600000, 1621217400000]), 3)
[2021-05-17 00:10:00,459] {logging_mixin.py:104} INFO - (array([1621215193000, 1621215600000]), 1)
[2021-05-17 00:10:00,461] {logging_mixin.py:104} INFO - (array([1621215193000, 1621215600000]), 2)
[2021-05-17 00:10:00,464] {logging_mixin.py:104} INFO - (array([1621215193000, 1621215600000]), 3)
[2021-05-17 00:10:00,465] {logging_mixin.py:104} INFO - ThreadPoolExecutor initialized
[2021-05-17 00:10:00,467] {logging_mixin.py:104} INFO - running function for: (array([1621217400000, 1621219200000]), 1)
[2021-05-17 00:10:00,471] {logging_mixin.py:104} INFO - https://cdn.iqoption.com/api/quotes-history/quotes/3.0?to=1621219200000&from=1621217400000&active_id=1&only_round=true&_key=1614903660000
[2021-05-17 00:10:00,472] {logging_mixin.py:104} INFO - https://cdn.iqoption.com/api/quotes-history/quotes/3.0?to=1621219200000&from=1621217400000&active_id=1&only_round=true&_key=1614903660000
submitted
[2021-05-17 00:10:00,478] {logging_mixin.py:104} INFO - running function for: (array([1621217400000, 1621219200000]), 2)
[2021-05-17 00:10:00,480] {logging_mixin.py:104} INFO - https://cdn.iqoption.com/api/quotes-history/quotes/3.0?to=1621219200000&from=1621217400000&active_id=2&only_round=true&_key=1614903660000
[2021-05-17 00:10:00,485] {logging_mixin.py:104} INFO - submitted
[2021-05-17 00:10:00,487] {logging_mixin.py:104} INFO - running function for: (array([1621217400000, 1621219200000]), 3)
[2021-05-17 00:10:00,489] {logging_mixin.py:104} INFO - https://cdn.iqoption.com/api/quotes-history/quotes/3.0?to=1621219200000&from=1621217400000&active_id=3&only_round=true&_key=1614903660000
[2021-05-17 00:10:00,491] {logging_mixin.py:104} INFO - https://cdn.iqoption.com/api/quotes-history/quotes/3.0?to=1621219200000&from=1621217400000&active_id=3&only_round=true&_key=1614903660000
submitted
[2021-05-17 00:10:00,493] {logging_mixin.py:104} INFO - running function for: (array([1621215600000, 1621217400000]), 1)
[2021-05-17 00:10:00,495] {logging_mixin.py:104} INFO - https://cdn.iqoption.com/api/quotes-history/quotes/3.0?to=1621217400000&from=1621215600000&active_id=1&only_round=true&_key=1614903660000
[2021-05-17 00:10:00,500] {logging_mixin.py:104} INFO - submitted
[2021-05-17 00:10:00,502] {logging_mixin.py:104} INFO - running function for: (array([1621215600000, 1621217400000]), 2)
[2021-05-17 00:10:00,509] {logging_mixin.py:104} INFO - https://cdn.iqoption.com/api/quotes-history/quotes/3.0?to=1621217400000&from=1621215600000&active_id=2&only_round=true&_key=1614903660000
[2021-05-17 00:10:00,511] {logging_mixin.py:104} INFO - https://cdn.iqoption.com/api/quotes-history/quotes/3.0?to=1621217400000&from=1621215600000&active_id=2&only_round=true&_key=1614903660000
submitted
[2021-05-17 00:10:00,519] {logging_mixin.py:104} INFO - running function for: (array([1621215600000, 1621217400000]), 3)
[2021-05-17 00:10:00,523] {logging_mixin.py:104} INFO - https://cdn.iqoption.com/api/quotes-history/quotes/3.0?to=1621217400000&from=1621215600000&active_id=3&only_round=true&_key=1614903660000
[2021-05-17 00:10:00,527] {logging_mixin.py:104} INFO - https://cdn.iqoption.com/api/quotes-history/quotes/3.0?to=1621217400000&from=1621215600000&active_id=3&only_round=true&_key=1614903660000
submitted
[2021-05-17 00:10:00,533] {logging_mixin.py:104} INFO - running function for: (array([1621215193000, 1621215600000]), 1)
[2021-05-17 00:10:00,535] {logging_mixin.py:104} INFO - https://cdn.iqoption.com/api/quotes-history/quotes/3.0?to=1621215600000&from=1621215193000&active_id=1&only_round=true&_key=1614903660000
[2021-05-17 00:10:00,536] {logging_mixin.py:104} INFO - https://cdn.iqoption.com/api/quotes-history/quotes/3.0?to=1621215600000&from=1621215193000&active_id=1&only_round=true&_key=1614903660000
submitted
[2021-05-17 00:10:00,539] {logging_mixin.py:104} INFO - running function for: (array([1621215193000, 1621215600000]), 2)
[2021-05-17 00:10:00,541] {logging_mixin.py:104} INFO - https://cdn.iqoption.com/api/quotes-history/quotes/3.0?to=1621215600000&from=1621215193000&active_id=2&only_round=true&_key=1614903660000
[2021-05-17 00:10:00,543] {logging_mixin.py:104} INFO - https://cdn.iqoption.com/api/quotes-history/quotes/3.0?to=1621215600000&from=1621215193000&active_id=2&only_round=true&_key=1614903660000
submitted
[2021-05-17 00:10:00,548] {logging_mixin.py:104} INFO - running function for: (array([1621215193000, 1621215600000]), 3)
[2021-05-17 00:10:00,549] {logging_mixin.py:104} INFO - submitted
[2021-05-17 00:10:03,330] {logging_mixin.py:104} INFO - https://cdn.iqoption.com/api/quotes-history/quotes/3.0?to=1621215600000&from=1621215193000&active_id=3&only_round=true&_key=1614903660000
[2021-05-17 00:10:05,159] {python.py:118} INFO - Done. Returned value was: None
[2021-05-17 00:10:05,174] {taskinstance.py:1192} INFO - Marking task as SUCCESS. dag_id=etl, task_id=loading_data_to_s3, execution_date=20210517T020000, start_date=20210517T030958, end_date=20210517T031005
[2021-05-17 00:10:05,297] {taskinstance.py:1246} INFO - 1 downstream tasks scheduled from follow-on schedule check
[2021-05-17 00:10:05,317] {local_task_job.py:146} INFO - Task exited with return code 0
