[2021-05-17 04:39:36,949] {taskinstance.py:877} INFO - Dependencies all met for <TaskInstance: etl.loading_data_to_s3 2021-05-17T06:00:00+00:00 [queued]>
[2021-05-17 04:39:37,005] {taskinstance.py:877} INFO - Dependencies all met for <TaskInstance: etl.loading_data_to_s3 2021-05-17T06:00:00+00:00 [queued]>
[2021-05-17 04:39:37,006] {taskinstance.py:1068} INFO - 
--------------------------------------------------------------------------------
[2021-05-17 04:39:37,007] {taskinstance.py:1069} INFO - Starting attempt 1 of 1
[2021-05-17 04:39:37,008] {taskinstance.py:1070} INFO - 
--------------------------------------------------------------------------------
[2021-05-17 04:39:37,070] {taskinstance.py:1089} INFO - Executing <Task(PythonOperator): loading_data_to_s3> on 2021-05-17T06:00:00+00:00
[2021-05-17 04:39:37,102] {standard_task_runner.py:52} INFO - Started process 33857 to run task
[2021-05-17 04:39:37,175] {standard_task_runner.py:76} INFO - Running: ['airflow', 'tasks', 'run', 'etl', 'loading_data_to_s3', '2021-05-17T06:00:00+00:00', '--job-id', '892', '--pool', 'default_pool', '--raw', '--subdir', 'DAGS_FOLDER/etl_dag.py', '--cfg-path', '/var/folders/_f/vg3x3jmj23bcz6s88l7v6fb40000gn/T/tmp9t5axzd4', '--error-file', '/var/folders/_f/vg3x3jmj23bcz6s88l7v6fb40000gn/T/tmp1juavqim']
[2021-05-17 04:39:37,194] {standard_task_runner.py:77} INFO - Job 892: Subtask loading_data_to_s3
[2021-05-17 04:39:37,503] {logging_mixin.py:104} INFO - Running <TaskInstance: etl.loading_data_to_s3 2021-05-17T06:00:00+00:00 [running]> on host 27.2.168.192.in-addr.arpa
[2021-05-17 04:39:37,707] {taskinstance.py:1283} INFO - Exporting the following env vars:
AIRFLOW_CTX_DAG_OWNER=udacity
AIRFLOW_CTX_DAG_ID=etl
AIRFLOW_CTX_TASK_ID=loading_data_to_s3
AIRFLOW_CTX_EXECUTION_DATE=2021-05-17T06:00:00+00:00
AIRFLOW_CTX_DAG_RUN_ID=scheduled__2021-05-17T06:00:00+00:00
[2021-05-17 04:39:39,203] {logging_mixin.py:104} INFO - Fetching interval list
[2021-05-17 04:39:39,209] {logging_mixin.py:104} INFO - Inverval list built
[2021-05-17 04:39:39,211] {logging_mixin.py:104} INFO - Processing data
[2021-05-17 04:39:39,213] {logging_mixin.py:104} INFO - df initialized
[2021-05-17 04:39:39,219] {logging_mixin.py:104} INFO - (array([1621233579000, 1621235379000]), 1)
[2021-05-17 04:39:39,223] {logging_mixin.py:104} INFO - (array([1621233579000, 1621235379000]), 2)
[2021-05-17 04:39:39,227] {logging_mixin.py:104} INFO - (array([1621233579000, 1621235379000]), 3)
[2021-05-17 04:39:39,231] {logging_mixin.py:104} INFO - (array([1621231779000, 1621233579000]), 1)
[2021-05-17 04:39:39,236] {logging_mixin.py:104} INFO - (array([1621231779000, 1621233579000]), 2)
[2021-05-17 04:39:39,241] {logging_mixin.py:104} INFO - (array([1621231779000, 1621233579000]), 3)
[2021-05-17 04:39:39,246] {logging_mixin.py:104} INFO - (array([1621229979000, 1621231779000]), 1)
[2021-05-17 04:39:39,250] {logging_mixin.py:104} INFO - (array([1621229979000, 1621231779000]), 2)
[2021-05-17 04:39:39,254] {logging_mixin.py:104} INFO - (array([1621229979000, 1621231779000]), 3)
[2021-05-17 04:39:39,258] {logging_mixin.py:104} INFO - (array([1621228179000, 1621229979000]), 1)
[2021-05-17 04:39:39,262] {logging_mixin.py:104} INFO - (array([1621228179000, 1621229979000]), 2)
[2021-05-17 04:39:39,264] {logging_mixin.py:104} INFO - (array([1621228179000, 1621229979000]), 3)
[2021-05-17 04:39:39,267] {logging_mixin.py:104} INFO - (array([1621226379000, 1621228179000]), 1)
[2021-05-17 04:39:39,270] {logging_mixin.py:104} INFO - (array([1621226379000, 1621228179000]), 2)
[2021-05-17 04:39:39,276] {logging_mixin.py:104} INFO - (array([1621226379000, 1621228179000]), 3)
[2021-05-17 04:39:39,282] {logging_mixin.py:104} INFO - (array([1621224579000, 1621226379000]), 1)
[2021-05-17 04:39:39,286] {logging_mixin.py:104} INFO - (array([1621224579000, 1621226379000]), 2)
[2021-05-17 04:39:39,290] {logging_mixin.py:104} INFO - (array([1621224579000, 1621226379000]), 3)
[2021-05-17 04:39:39,295] {logging_mixin.py:104} INFO - (array([1621222779000, 1621224579000]), 1)
[2021-05-17 04:39:39,300] {logging_mixin.py:104} INFO - (array([1621222779000, 1621224579000]), 2)
[2021-05-17 04:39:39,305] {logging_mixin.py:104} INFO - (array([1621222779000, 1621224579000]), 3)
[2021-05-17 04:39:39,309] {logging_mixin.py:104} INFO - (array([1621220979000, 1621222779000]), 1)
[2021-05-17 04:39:39,313] {logging_mixin.py:104} INFO - (array([1621220979000, 1621222779000]), 2)
[2021-05-17 04:39:39,318] {logging_mixin.py:104} INFO - (array([1621220979000, 1621222779000]), 3)
[2021-05-17 04:39:39,323] {logging_mixin.py:104} INFO - (array([1621219179000, 1621220979000]), 1)
[2021-05-17 04:39:39,329] {logging_mixin.py:104} INFO - (array([1621219179000, 1621220979000]), 2)
[2021-05-17 04:39:39,334] {logging_mixin.py:104} INFO - (array([1621219179000, 1621220979000]), 3)
[2021-05-17 04:39:39,339] {logging_mixin.py:104} INFO - (array([1621217379000, 1621219179000]), 1)
[2021-05-17 04:39:39,345] {logging_mixin.py:104} INFO - (array([1621217379000, 1621219179000]), 2)
[2021-05-17 04:39:39,349] {logging_mixin.py:104} INFO - (array([1621217379000, 1621219179000]), 3)
[2021-05-17 04:39:39,353] {logging_mixin.py:104} INFO - (array([1621215579000, 1621217379000]), 1)
[2021-05-17 04:39:39,358] {logging_mixin.py:104} INFO - (array([1621215579000, 1621217379000]), 2)
[2021-05-17 04:39:39,362] {logging_mixin.py:104} INFO - (array([1621215579000, 1621217379000]), 3)
[2021-05-17 04:39:39,366] {logging_mixin.py:104} INFO - (array([1621215193000, 1621215579000]), 1)
[2021-05-17 04:39:39,370] {logging_mixin.py:104} INFO - (array([1621215193000, 1621215579000]), 2)
[2021-05-17 04:39:39,374] {logging_mixin.py:104} INFO - (array([1621215193000, 1621215579000]), 3)
[2021-05-17 04:39:39,378] {logging_mixin.py:104} INFO - ThreadPoolExecutor initialized
[2021-05-17 04:39:39,383] {logging_mixin.py:104} INFO - running function for: (array([1621233579000, 1621235379000]), 1)
[2021-05-17 04:39:39,389] {logging_mixin.py:104} INFO - https://cdn.iqoption.com/api/quotes-history/quotes/3.0?to=1621235379000&from=1621233579000&active_id=1&only_round=true&_key=1614903660000
[2021-05-17 04:39:39,397] {logging_mixin.py:104} INFO - submitted
[2021-05-17 04:39:39,401] {logging_mixin.py:104} INFO - running function for: (array([1621233579000, 1621235379000]), 2)
[2021-05-17 04:39:39,404] {logging_mixin.py:104} INFO - https://cdn.iqoption.com/api/quotes-history/quotes/3.0?to=1621235379000&from=1621233579000&active_id=2&only_round=true&_key=1614903660000
[2021-05-17 04:39:39,407] {logging_mixin.py:104} INFO - submitted
[2021-05-17 04:39:39,410] {logging_mixin.py:104} INFO - running function for: (array([1621233579000, 1621235379000]), 3)
[2021-05-17 04:39:39,414] {logging_mixin.py:104} INFO - https://cdn.iqoption.com/api/quotes-history/quotes/3.0?to=1621235379000&from=1621233579000&active_id=3&only_round=true&_key=1614903660000
[2021-05-17 04:39:39,417] {logging_mixin.py:104} INFO - submitted
[2021-05-17 04:39:39,421] {logging_mixin.py:104} INFO - running function for: (array([1621231779000, 1621233579000]), 1)
[2021-05-17 04:39:39,428] {logging_mixin.py:104} INFO - https://cdn.iqoption.com/api/quotes-history/quotes/3.0?to=1621233579000&from=1621231779000&active_id=1&only_round=true&_key=1614903660000
[2021-05-17 04:39:39,461] {logging_mixin.py:104} INFO - submitted
[2021-05-17 04:39:39,469] {logging_mixin.py:104} INFO - running function for: (array([1621231779000, 1621233579000]), 2)
[2021-05-17 04:39:39,476] {logging_mixin.py:104} INFO - https://cdn.iqoption.com/api/quotes-history/quotes/3.0?to=1621233579000&from=1621231779000&active_id=2&only_round=true&_key=1614903660000
[2021-05-17 04:39:39,479] {logging_mixin.py:104} INFO - https://cdn.iqoption.com/api/quotes-history/quotes/3.0?to=1621233579000&from=1621231779000&active_id=2&only_round=true&_key=1614903660000
submitted
[2021-05-17 04:39:39,487] {logging_mixin.py:104} INFO - running function for: (array([1621231779000, 1621233579000]), 3)
[2021-05-17 04:39:39,499] {logging_mixin.py:104} INFO - https://cdn.iqoption.com/api/quotes-history/quotes/3.0?to=1621233579000&from=1621231779000&active_id=3&only_round=true&_key=1614903660000
[2021-05-17 04:39:39,503] {logging_mixin.py:104} INFO - https://cdn.iqoption.com/api/quotes-history/quotes/3.0?to=1621233579000&from=1621231779000&active_id=3&only_round=true&_key=1614903660000
submitted
[2021-05-17 04:39:39,508] {logging_mixin.py:104} INFO - running function for: (array([1621229979000, 1621231779000]), 1)
[2021-05-17 04:39:39,522] {logging_mixin.py:104} INFO - https://cdn.iqoption.com/api/quotes-history/quotes/3.0?to=1621231779000&from=1621229979000&active_id=1&only_round=true&_key=1614903660000
[2021-05-17 04:39:39,533] {logging_mixin.py:104} INFO - submitted
[2021-05-17 04:39:39,537] {logging_mixin.py:104} INFO - running function for: (array([1621229979000, 1621231779000]), 2)
[2021-05-17 04:39:39,551] {logging_mixin.py:104} INFO - https://cdn.iqoption.com/api/quotes-history/quotes/3.0?to=1621231779000&from=1621229979000&active_id=2&only_round=true&_key=1614903660000
[2021-05-17 04:39:39,568] {logging_mixin.py:104} INFO - submitted
[2021-05-17 04:39:39,580] {logging_mixin.py:104} INFO - running function for: (array([1621229979000, 1621231779000]), 3)
[2021-05-17 04:39:39,588] {logging_mixin.py:104} INFO - submitted
[2021-05-17 04:39:39,591] {logging_mixin.py:104} INFO - running function for: (array([1621228179000, 1621229979000]), 1)
[2021-05-17 04:39:39,604] {logging_mixin.py:104} INFO - submitted
[2021-05-17 04:39:39,610] {logging_mixin.py:104} INFO - running function for: (array([1621228179000, 1621229979000]), 2)
[2021-05-17 04:39:39,612] {logging_mixin.py:104} INFO - submitted
[2021-05-17 04:39:39,618] {logging_mixin.py:104} INFO - running function for: (array([1621228179000, 1621229979000]), 3)
[2021-05-17 04:39:39,634] {logging_mixin.py:104} INFO - submitted
[2021-05-17 04:39:39,642] {logging_mixin.py:104} INFO - running function for: (array([1621226379000, 1621228179000]), 1)
[2021-05-17 04:39:39,646] {logging_mixin.py:104} INFO - submitted
[2021-05-17 04:39:39,662] {logging_mixin.py:104} INFO - running function for: (array([1621226379000, 1621228179000]), 2)
[2021-05-17 04:39:39,666] {logging_mixin.py:104} INFO - submitted
[2021-05-17 04:39:39,669] {logging_mixin.py:104} INFO - running function for: (array([1621226379000, 1621228179000]), 3)
[2021-05-17 04:39:39,677] {logging_mixin.py:104} INFO - submitted
[2021-05-17 04:39:39,687] {logging_mixin.py:104} INFO - running function for: (array([1621224579000, 1621226379000]), 1)
[2021-05-17 04:39:39,690] {logging_mixin.py:104} INFO - submitted
[2021-05-17 04:39:39,707] {logging_mixin.py:104} INFO - running function for: (array([1621224579000, 1621226379000]), 2)
[2021-05-17 04:39:39,731] {logging_mixin.py:104} INFO - submitted
[2021-05-17 04:39:39,735] {logging_mixin.py:104} INFO - running function for: (array([1621224579000, 1621226379000]), 3)
[2021-05-17 04:39:39,738] {logging_mixin.py:104} INFO - submitted
[2021-05-17 04:39:39,766] {logging_mixin.py:104} INFO - running function for: (array([1621222779000, 1621224579000]), 1)
[2021-05-17 04:39:39,770] {logging_mixin.py:104} INFO - submitted
[2021-05-17 04:39:39,774] {logging_mixin.py:104} INFO - running function for: (array([1621222779000, 1621224579000]), 2)
[2021-05-17 04:39:39,778] {logging_mixin.py:104} INFO - submitted
[2021-05-17 04:39:39,782] {logging_mixin.py:104} INFO - running function for: (array([1621222779000, 1621224579000]), 3)
[2021-05-17 04:39:39,785] {logging_mixin.py:104} INFO - submitted
[2021-05-17 04:39:39,791] {logging_mixin.py:104} INFO - running function for: (array([1621220979000, 1621222779000]), 1)
[2021-05-17 04:39:39,794] {logging_mixin.py:104} INFO - submitted
[2021-05-17 04:39:39,802] {logging_mixin.py:104} INFO - running function for: (array([1621220979000, 1621222779000]), 2)
[2021-05-17 04:39:39,806] {logging_mixin.py:104} INFO - submitted
[2021-05-17 04:39:39,809] {logging_mixin.py:104} INFO - running function for: (array([1621220979000, 1621222779000]), 3)
[2021-05-17 04:39:39,811] {logging_mixin.py:104} INFO - submitted
[2021-05-17 04:39:39,814] {logging_mixin.py:104} INFO - running function for: (array([1621219179000, 1621220979000]), 1)
[2021-05-17 04:39:39,816] {logging_mixin.py:104} INFO - submitted
[2021-05-17 04:39:39,821] {logging_mixin.py:104} INFO - running function for: (array([1621219179000, 1621220979000]), 2)
[2021-05-17 04:39:39,825] {logging_mixin.py:104} INFO - submitted
[2021-05-17 04:39:39,829] {logging_mixin.py:104} INFO - running function for: (array([1621219179000, 1621220979000]), 3)
[2021-05-17 04:39:39,832] {logging_mixin.py:104} INFO - submitted
[2021-05-17 04:39:39,834] {logging_mixin.py:104} INFO - running function for: (array([1621217379000, 1621219179000]), 1)
[2021-05-17 04:39:39,836] {logging_mixin.py:104} INFO - submitted
[2021-05-17 04:39:39,839] {logging_mixin.py:104} INFO - running function for: (array([1621217379000, 1621219179000]), 2)
[2021-05-17 04:39:39,841] {logging_mixin.py:104} INFO - submitted
[2021-05-17 04:39:39,848] {logging_mixin.py:104} INFO - running function for: (array([1621217379000, 1621219179000]), 3)
[2021-05-17 04:39:39,852] {logging_mixin.py:104} INFO - submitted
[2021-05-17 04:39:39,855] {logging_mixin.py:104} INFO - running function for: (array([1621215579000, 1621217379000]), 1)
[2021-05-17 04:39:39,857] {logging_mixin.py:104} INFO - submitted
[2021-05-17 04:39:39,859] {logging_mixin.py:104} INFO - running function for: (array([1621215579000, 1621217379000]), 2)
[2021-05-17 04:39:39,861] {logging_mixin.py:104} INFO - submitted
[2021-05-17 04:39:39,863] {logging_mixin.py:104} INFO - running function for: (array([1621215579000, 1621217379000]), 3)
[2021-05-17 04:39:39,865] {logging_mixin.py:104} INFO - submitted
[2021-05-17 04:39:39,868] {logging_mixin.py:104} INFO - running function for: (array([1621215193000, 1621215579000]), 1)
[2021-05-17 04:39:39,871] {logging_mixin.py:104} INFO - submitted
[2021-05-17 04:39:39,873] {logging_mixin.py:104} INFO - running function for: (array([1621215193000, 1621215579000]), 2)
[2021-05-17 04:39:39,875] {logging_mixin.py:104} INFO - submitted
[2021-05-17 04:39:39,878] {logging_mixin.py:104} INFO - running function for: (array([1621215193000, 1621215579000]), 3)
[2021-05-17 04:39:39,880] {logging_mixin.py:104} INFO - submitted
[2021-05-17 04:39:45,105] {logging_mixin.py:104} INFO - https://cdn.iqoption.com/api/quotes-history/quotes/3.0?to=1621231779000&from=1621229979000&active_id=3&only_round=true&_key=1614903660000
[2021-05-17 04:39:45,192] {logging_mixin.py:104} INFO - https://cdn.iqoption.com/api/quotes-history/quotes/3.0?to=1621229979000&from=1621228179000&active_id=1&only_round=true&_key=1614903660000
[2021-05-17 04:39:45,329] {logging_mixin.py:104} INFO - https://cdn.iqoption.com/api/quotes-history/quotes/3.0?to=1621229979000&from=1621228179000&active_id=2&only_round=true&_key=1614903660000
[2021-05-17 04:39:45,336] {logging_mixin.py:104} INFO - https://cdn.iqoption.com/api/quotes-history/quotes/3.0?to=1621229979000&from=1621228179000&active_id=3&only_round=true&_key=1614903660000
[2021-05-17 04:39:45,440] {logging_mixin.py:104} INFO - https://cdn.iqoption.com/api/quotes-history/quotes/3.0?to=1621228179000&from=1621226379000&active_id=1&only_round=true&_key=1614903660000
[2021-05-17 04:39:45,453] {logging_mixin.py:104} INFO - https://cdn.iqoption.com/api/quotes-history/quotes/3.0?to=1621228179000&from=1621226379000&active_id=2&only_round=true&_key=1614903660000
[2021-05-17 04:39:45,480] {logging_mixin.py:104} INFO - https://cdn.iqoption.com/api/quotes-history/quotes/3.0?to=1621228179000&from=1621226379000&active_id=3&only_round=true&_key=1614903660000
[2021-05-17 04:39:45,519] {logging_mixin.py:104} INFO - https://cdn.iqoption.com/api/quotes-history/quotes/3.0?to=1621226379000&from=1621224579000&active_id=1&only_round=true&_key=1614903660000
[2021-05-17 04:39:48,395] {logging_mixin.py:104} INFO - https://cdn.iqoption.com/api/quotes-history/quotes/3.0?to=1621226379000&from=1621224579000&active_id=2&only_round=true&_key=1614903660000
[2021-05-17 04:39:48,590] {logging_mixin.py:104} INFO - https://cdn.iqoption.com/api/quotes-history/quotes/3.0?to=1621226379000&from=1621224579000&active_id=3&only_round=true&_key=1614903660000
[2021-05-17 04:39:48,758] {logging_mixin.py:104} INFO - https://cdn.iqoption.com/api/quotes-history/quotes/3.0?to=1621224579000&from=1621222779000&active_id=1&only_round=true&_key=1614903660000
[2021-05-17 04:39:48,761] {logging_mixin.py:104} INFO - https://cdn.iqoption.com/api/quotes-history/quotes/3.0?to=1621224579000&from=1621222779000&active_id=2&only_round=true&_key=1614903660000
[2021-05-17 04:39:48,767] {logging_mixin.py:104} INFO - https://cdn.iqoption.com/api/quotes-history/quotes/3.0?to=1621224579000&from=1621222779000&active_id=2&only_round=true&_key=1614903660000
https://cdn.iqoption.com/api/quotes-history/quotes/3.0?to=1621224579000&from=1621222779000&active_id=3&only_round=true&_key=1614903660000
[2021-05-17 04:39:48,781] {logging_mixin.py:104} INFO - https://cdn.iqoption.com/api/quotes-history/quotes/3.0?to=1621222779000&from=1621220979000&active_id=1&only_round=true&_key=1614903660000
[2021-05-17 04:39:48,919] {logging_mixin.py:104} INFO - https://cdn.iqoption.com/api/quotes-history/quotes/3.0?to=1621222779000&from=1621220979000&active_id=2&only_round=true&_key=1614903660000
[2021-05-17 04:39:48,922] {logging_mixin.py:104} INFO - https://cdn.iqoption.com/api/quotes-history/quotes/3.0?to=1621222779000&from=1621220979000&active_id=3&only_round=true&_key=1614903660000
[2021-05-17 04:39:50,935] {logging_mixin.py:104} INFO - https://cdn.iqoption.com/api/quotes-history/quotes/3.0?to=1621220979000&from=1621219179000&active_id=1&only_round=true&_key=1614903660000
[2021-05-17 04:39:51,059] {logging_mixin.py:104} INFO - https://cdn.iqoption.com/api/quotes-history/quotes/3.0?to=1621220979000&from=1621219179000&active_id=2&only_round=true&_key=1614903660000
[2021-05-17 04:39:51,417] {logging_mixin.py:104} INFO - https://cdn.iqoption.com/api/quotes-history/quotes/3.0?to=1621220979000&from=1621219179000&active_id=3&only_round=true&_key=1614903660000
[2021-05-17 04:39:51,483] {logging_mixin.py:104} INFO - https://cdn.iqoption.com/api/quotes-history/quotes/3.0?to=1621219179000&from=1621217379000&active_id=1&only_round=true&_key=1614903660000
[2021-05-17 04:39:51,514] {logging_mixin.py:104} INFO - https://cdn.iqoption.com/api/quotes-history/quotes/3.0?to=1621219179000&from=1621217379000&active_id=2&only_round=true&_key=1614903660000
[2021-05-17 04:39:51,522] {logging_mixin.py:104} INFO - https://cdn.iqoption.com/api/quotes-history/quotes/3.0?to=1621219179000&from=1621217379000&active_id=3&only_round=true&_key=1614903660000
[2021-05-17 04:39:51,537] {logging_mixin.py:104} INFO - https://cdn.iqoption.com/api/quotes-history/quotes/3.0?to=1621217379000&from=1621215579000&active_id=1&only_round=true&_key=1614903660000
[2021-05-17 04:39:51,559] {logging_mixin.py:104} INFO - https://cdn.iqoption.com/api/quotes-history/quotes/3.0?to=1621217379000&from=1621215579000&active_id=2&only_round=true&_key=1614903660000
[2021-05-17 04:39:53,002] {logging_mixin.py:104} INFO - https://cdn.iqoption.com/api/quotes-history/quotes/3.0?to=1621217379000&from=1621215579000&active_id=3&only_round=true&_key=1614903660000
[2021-05-17 04:39:53,013] {logging_mixin.py:104} INFO - https://cdn.iqoption.com/api/quotes-history/quotes/3.0?to=1621217379000&from=1621215579000&active_id=3&only_round=true&_key=1614903660000
https://cdn.iqoption.com/api/quotes-history/quotes/3.0?to=1621215579000&from=1621215193000&active_id=1&only_round=true&_key=1614903660000
[2021-05-17 04:39:53,400] {logging_mixin.py:104} INFO - https://cdn.iqoption.com/api/quotes-history/quotes/3.0?to=1621215579000&from=1621215193000&active_id=2&only_round=true&_key=1614903660000
[2021-05-17 04:39:53,515] {logging_mixin.py:104} INFO - https://cdn.iqoption.com/api/quotes-history/quotes/3.0?to=1621215579000&from=1621215193000&active_id=3&only_round=true&_key=1614903660000
[2021-05-17 04:39:54,810] {python.py:118} INFO - Done. Returned value was: None
[2021-05-17 04:39:54,820] {taskinstance.py:1192} INFO - Marking task as SUCCESS. dag_id=etl, task_id=loading_data_to_s3, execution_date=20210517T060000, start_date=20210517T073936, end_date=20210517T073954
[2021-05-17 04:39:54,980] {taskinstance.py:1246} INFO - 1 downstream tasks scheduled from follow-on schedule check
[2021-05-17 04:39:55,035] {local_task_job.py:146} INFO - Task exited with return code 0
