[2021-05-14 17:48:50,322] {taskinstance.py:877} INFO - Dependencies all met for <TaskInstance: etl.removing_local_files 2021-05-14T20:47:59.658773+00:00 [queued]>
[2021-05-14 17:48:50,349] {taskinstance.py:877} INFO - Dependencies all met for <TaskInstance: etl.removing_local_files 2021-05-14T20:47:59.658773+00:00 [queued]>
[2021-05-14 17:48:50,349] {taskinstance.py:1068} INFO - 
--------------------------------------------------------------------------------
[2021-05-14 17:48:50,349] {taskinstance.py:1069} INFO - Starting attempt 1 of 1
[2021-05-14 17:48:50,349] {taskinstance.py:1070} INFO - 
--------------------------------------------------------------------------------
[2021-05-14 17:48:50,357] {taskinstance.py:1089} INFO - Executing <Task(PythonOperator): removing_local_files> on 2021-05-14T20:47:59.658773+00:00
[2021-05-14 17:48:50,361] {standard_task_runner.py:52} INFO - Started process 24392 to run task
[2021-05-14 17:48:50,367] {standard_task_runner.py:76} INFO - Running: ['airflow', 'tasks', 'run', 'etl', 'removing_local_files', '2021-05-14T20:47:59.658773+00:00', '--job-id', '511', '--pool', 'default_pool', '--raw', '--subdir', 'DAGS_FOLDER/etl_dag.py', '--cfg-path', '/var/folders/_f/vg3x3jmj23bcz6s88l7v6fb40000gn/T/tmp40knvd5o', '--error-file', '/var/folders/_f/vg3x3jmj23bcz6s88l7v6fb40000gn/T/tmpc905w253']
[2021-05-14 17:48:50,368] {standard_task_runner.py:77} INFO - Job 511: Subtask removing_local_files
[2021-05-14 17:48:50,395] {logging_mixin.py:104} INFO - Running <TaskInstance: etl.removing_local_files 2021-05-14T20:47:59.658773+00:00 [running]> on host 1.0.0.0.0.0.0.0.0.0.0.0.0.0.0.0.0.0.0.0.0.0.0.0.0.0.0.0.0.0.0.0.ip6.arpa
[2021-05-14 17:48:50,416] {taskinstance.py:1283} INFO - Exporting the following env vars:
AIRFLOW_CTX_DAG_OWNER=udacity
AIRFLOW_CTX_DAG_ID=etl
AIRFLOW_CTX_TASK_ID=removing_local_files
AIRFLOW_CTX_EXECUTION_DATE=2021-05-14T20:47:59.658773+00:00
AIRFLOW_CTX_DAG_RUN_ID=manual__2021-05-14T20:47:59.658773+00:00
[2021-05-14 17:48:50,490] {python.py:118} INFO - Done. Returned value was: None
[2021-05-14 17:48:50,494] {taskinstance.py:1192} INFO - Marking task as SUCCESS. dag_id=etl, task_id=removing_local_files, execution_date=20210514T204759, start_date=20210514T204850, end_date=20210514T204850
[2021-05-14 17:48:50,555] {taskinstance.py:1246} INFO - 1 downstream tasks scheduled from follow-on schedule check
[2021-05-14 17:48:50,582] {local_task_job.py:146} INFO - Task exited with return code 0
