[2021-05-15 03:02:05,444] {taskinstance.py:877} INFO - Dependencies all met for <TaskInstance: etl.loading_data_to_s3 2021-05-15T00:00:00+00:00 [queued]>
[2021-05-15 03:02:05,456] {taskinstance.py:877} INFO - Dependencies all met for <TaskInstance: etl.loading_data_to_s3 2021-05-15T00:00:00+00:00 [queued]>
[2021-05-15 03:02:05,456] {taskinstance.py:1068} INFO - 
--------------------------------------------------------------------------------
[2021-05-15 03:02:05,456] {taskinstance.py:1069} INFO - Starting attempt 1 of 1
[2021-05-15 03:02:05,456] {taskinstance.py:1070} INFO - 
--------------------------------------------------------------------------------
[2021-05-15 03:02:05,467] {taskinstance.py:1089} INFO - Executing <Task(PythonOperator): loading_data_to_s3> on 2021-05-15T00:00:00+00:00
[2021-05-15 03:02:05,473] {standard_task_runner.py:52} INFO - Started process 26507 to run task
[2021-05-15 03:02:05,487] {standard_task_runner.py:76} INFO - Running: ['airflow', 'tasks', 'run', 'etl', 'loading_data_to_s3', '2021-05-15T00:00:00+00:00', '--job-id', '608', '--pool', 'default_pool', '--raw', '--subdir', 'DAGS_FOLDER/etl_dag.py', '--cfg-path', '/var/folders/_f/vg3x3jmj23bcz6s88l7v6fb40000gn/T/tmpp1bpryup', '--error-file', '/var/folders/_f/vg3x3jmj23bcz6s88l7v6fb40000gn/T/tmpcpczbfa0']
[2021-05-15 03:02:05,490] {standard_task_runner.py:77} INFO - Job 608: Subtask loading_data_to_s3
[2021-05-15 03:02:05,574] {logging_mixin.py:104} INFO - Running <TaskInstance: etl.loading_data_to_s3 2021-05-15T00:00:00+00:00 [running]> on host 27.2.168.192.in-addr.arpa
[2021-05-15 03:02:05,640] {taskinstance.py:1283} INFO - Exporting the following env vars:
AIRFLOW_CTX_DAG_OWNER=udacity
AIRFLOW_CTX_DAG_ID=etl
AIRFLOW_CTX_TASK_ID=loading_data_to_s3
AIRFLOW_CTX_EXECUTION_DATE=2021-05-15T00:00:00+00:00
AIRFLOW_CTX_DAG_RUN_ID=scheduled__2021-05-15T00:00:00+00:00
[2021-05-15 03:02:06,894] {logging_mixin.py:104} INFO - Fetching interval list
[2021-05-15 03:02:06,896] {logging_mixin.py:104} INFO - Inverval list built
[2021-05-15 03:02:06,896] {logging_mixin.py:104} INFO - Processing data
[2021-05-15 03:02:06,897] {logging_mixin.py:104} INFO - df initialized
[2021-05-15 03:02:06,898] {logging_mixin.py:104} INFO - (array([1621054926000, 1621056726000]), 1)
[2021-05-15 03:02:06,899] {logging_mixin.py:104} INFO - (array([1621054926000, 1621056726000]), 2)
[2021-05-15 03:02:06,900] {logging_mixin.py:104} INFO - (array([1621054926000, 1621056726000]), 3)
[2021-05-15 03:02:06,900] {logging_mixin.py:104} INFO - (array([1621053126000, 1621054926000]), 1)
[2021-05-15 03:02:06,901] {logging_mixin.py:104} INFO - (array([1621053126000, 1621054926000]), 2)
[2021-05-15 03:02:06,901] {logging_mixin.py:104} INFO - (array([1621053126000, 1621054926000]), 3)
[2021-05-15 03:02:06,902] {logging_mixin.py:104} INFO - (array([1621051326000, 1621053126000]), 1)
[2021-05-15 03:02:06,902] {logging_mixin.py:104} INFO - (array([1621051326000, 1621053126000]), 2)
[2021-05-15 03:02:06,903] {logging_mixin.py:104} INFO - (array([1621051326000, 1621053126000]), 3)
[2021-05-15 03:02:06,903] {logging_mixin.py:104} INFO - (array([1621049526000, 1621051326000]), 1)
[2021-05-15 03:02:06,904] {logging_mixin.py:104} INFO - (array([1621049526000, 1621051326000]), 2)
[2021-05-15 03:02:06,904] {logging_mixin.py:104} INFO - (array([1621049526000, 1621051326000]), 3)
[2021-05-15 03:02:06,905] {logging_mixin.py:104} INFO - (array([1621047726000, 1621049526000]), 1)
[2021-05-15 03:02:06,905] {logging_mixin.py:104} INFO - (array([1621047726000, 1621049526000]), 2)
[2021-05-15 03:02:06,906] {logging_mixin.py:104} INFO - (array([1621047726000, 1621049526000]), 3)
[2021-05-15 03:02:06,906] {logging_mixin.py:104} INFO - (array([1621045926000, 1621047726000]), 1)
[2021-05-15 03:02:06,907] {logging_mixin.py:104} INFO - (array([1621045926000, 1621047726000]), 2)
[2021-05-15 03:02:06,907] {logging_mixin.py:104} INFO - (array([1621045926000, 1621047726000]), 3)
[2021-05-15 03:02:06,908] {logging_mixin.py:104} INFO - (array([1621044126000, 1621045926000]), 1)
[2021-05-15 03:02:06,908] {logging_mixin.py:104} INFO - (array([1621044126000, 1621045926000]), 2)
[2021-05-15 03:02:06,909] {logging_mixin.py:104} INFO - (array([1621044126000, 1621045926000]), 3)
[2021-05-15 03:02:06,909] {logging_mixin.py:104} INFO - (array([1621042326000, 1621044126000]), 1)
[2021-05-15 03:02:06,910] {logging_mixin.py:104} INFO - (array([1621042326000, 1621044126000]), 2)
[2021-05-15 03:02:06,910] {logging_mixin.py:104} INFO - (array([1621042326000, 1621044126000]), 3)
[2021-05-15 03:02:06,911] {logging_mixin.py:104} INFO - (array([1621040526000, 1621042326000]), 1)
[2021-05-15 03:02:06,911] {logging_mixin.py:104} INFO - (array([1621040526000, 1621042326000]), 2)
[2021-05-15 03:02:06,912] {logging_mixin.py:104} INFO - (array([1621040526000, 1621042326000]), 3)
[2021-05-15 03:02:06,912] {logging_mixin.py:104} INFO - (array([1621038726000, 1621040526000]), 1)
[2021-05-15 03:02:06,913] {logging_mixin.py:104} INFO - (array([1621038726000, 1621040526000]), 2)
[2021-05-15 03:02:06,913] {logging_mixin.py:104} INFO - (array([1621038726000, 1621040526000]), 3)
[2021-05-15 03:02:06,914] {logging_mixin.py:104} INFO - (array([1621036926000, 1621038726000]), 1)
[2021-05-15 03:02:06,914] {logging_mixin.py:104} INFO - (array([1621036926000, 1621038726000]), 2)
[2021-05-15 03:02:06,915] {logging_mixin.py:104} INFO - (array([1621036926000, 1621038726000]), 3)
[2021-05-15 03:02:06,915] {logging_mixin.py:104} INFO - (array([1621035126000, 1621036926000]), 1)
[2021-05-15 03:02:06,916] {logging_mixin.py:104} INFO - (array([1621035126000, 1621036926000]), 2)
[2021-05-15 03:02:06,916] {logging_mixin.py:104} INFO - (array([1621035126000, 1621036926000]), 3)
[2021-05-15 03:02:06,917] {logging_mixin.py:104} INFO - (array([1621033326000, 1621035126000]), 1)
[2021-05-15 03:02:06,917] {logging_mixin.py:104} INFO - (array([1621033326000, 1621035126000]), 2)
[2021-05-15 03:02:06,918] {logging_mixin.py:104} INFO - (array([1621033326000, 1621035126000]), 3)
[2021-05-15 03:02:06,918] {logging_mixin.py:104} INFO - (array([1621031526000, 1621033326000]), 1)
[2021-05-15 03:02:06,919] {logging_mixin.py:104} INFO - (array([1621031526000, 1621033326000]), 2)
[2021-05-15 03:02:06,919] {logging_mixin.py:104} INFO - (array([1621031526000, 1621033326000]), 3)
[2021-05-15 03:02:06,920] {logging_mixin.py:104} INFO - (array([1621029726000, 1621031526000]), 1)
[2021-05-15 03:02:06,920] {logging_mixin.py:104} INFO - (array([1621029726000, 1621031526000]), 2)
[2021-05-15 03:02:06,921] {logging_mixin.py:104} INFO - (array([1621029726000, 1621031526000]), 3)
[2021-05-15 03:02:06,921] {logging_mixin.py:104} INFO - ThreadPoolExecutor initialized
[2021-05-15 03:02:06,922] {logging_mixin.py:104} INFO - running function for: (array([1621054926000, 1621056726000]), 1)
[2021-05-15 03:02:06,923] {logging_mixin.py:104} INFO - https://cdn.iqoption.com/api/quotes-history/quotes/3.0?to=1621056726000&from=1621054926000&active_id=1&only_round=true&_key=1614903660000
[2021-05-15 03:02:06,925] {logging_mixin.py:104} INFO - submitted
[2021-05-15 03:02:06,925] {logging_mixin.py:104} INFO - running function for: (array([1621054926000, 1621056726000]), 2)
[2021-05-15 03:02:06,926] {logging_mixin.py:104} INFO - https://cdn.iqoption.com/api/quotes-history/quotes/3.0?to=1621056726000&from=1621054926000&active_id=2&only_round=true&_key=1614903660000
[2021-05-15 03:02:06,927] {logging_mixin.py:104} INFO - submitted
[2021-05-15 03:02:06,927] {logging_mixin.py:104} INFO - running function for: (array([1621054926000, 1621056726000]), 3)
[2021-05-15 03:02:06,928] {logging_mixin.py:104} INFO - https://cdn.iqoption.com/api/quotes-history/quotes/3.0?to=1621056726000&from=1621054926000&active_id=3&only_round=true&_key=1614903660000
[2021-05-15 03:02:06,928] {logging_mixin.py:104} INFO - submitted
[2021-05-15 03:02:06,929] {logging_mixin.py:104} INFO - running function for: (array([1621053126000, 1621054926000]), 1)
[2021-05-15 03:02:06,929] {logging_mixin.py:104} INFO - https://cdn.iqoption.com/api/quotes-history/quotes/3.0?to=1621054926000&from=1621053126000&active_id=1&only_round=true&_key=1614903660000
[2021-05-15 03:02:06,930] {logging_mixin.py:104} INFO - https://cdn.iqoption.com/api/quotes-history/quotes/3.0?to=1621054926000&from=1621053126000&active_id=1&only_round=true&_key=1614903660000
submitted
[2021-05-15 03:02:06,933] {logging_mixin.py:104} INFO - running function for: (array([1621053126000, 1621054926000]), 2)
[2021-05-15 03:02:06,934] {logging_mixin.py:104} INFO - https://cdn.iqoption.com/api/quotes-history/quotes/3.0?to=1621054926000&from=1621053126000&active_id=2&only_round=true&_key=1614903660000
[2021-05-15 03:02:06,934] {logging_mixin.py:104} INFO - submitted
[2021-05-15 03:02:06,935] {logging_mixin.py:104} INFO - running function for: (array([1621053126000, 1621054926000]), 3)
[2021-05-15 03:02:06,936] {logging_mixin.py:104} INFO - https://cdn.iqoption.com/api/quotes-history/quotes/3.0?to=1621054926000&from=1621053126000&active_id=3&only_round=true&_key=1614903660000
[2021-05-15 03:02:06,937] {logging_mixin.py:104} INFO - submitted
[2021-05-15 03:02:06,937] {logging_mixin.py:104} INFO - running function for: (array([1621051326000, 1621053126000]), 1)
[2021-05-15 03:02:06,938] {logging_mixin.py:104} INFO - https://cdn.iqoption.com/api/quotes-history/quotes/3.0?to=1621053126000&from=1621051326000&active_id=1&only_round=true&_key=1614903660000
[2021-05-15 03:02:06,940] {logging_mixin.py:104} INFO - submitted
[2021-05-15 03:02:06,941] {logging_mixin.py:104} INFO - running function for: (array([1621051326000, 1621053126000]), 2)
[2021-05-15 03:02:06,942] {logging_mixin.py:104} INFO - https://cdn.iqoption.com/api/quotes-history/quotes/3.0?to=1621053126000&from=1621051326000&active_id=2&only_round=true&_key=1614903660000
[2021-05-15 03:02:06,944] {logging_mixin.py:104} INFO - submitted
[2021-05-15 03:02:06,944] {logging_mixin.py:104} INFO - running function for: (array([1621051326000, 1621053126000]), 3)
[2021-05-15 03:02:06,945] {logging_mixin.py:104} INFO - submitted
[2021-05-15 03:02:06,945] {logging_mixin.py:104} INFO - running function for: (array([1621049526000, 1621051326000]), 1)
[2021-05-15 03:02:06,946] {logging_mixin.py:104} INFO - submitted
[2021-05-15 03:02:06,947] {logging_mixin.py:104} INFO - running function for: (array([1621049526000, 1621051326000]), 2)
[2021-05-15 03:02:06,947] {logging_mixin.py:104} INFO - submitted
[2021-05-15 03:02:06,948] {logging_mixin.py:104} INFO - running function for: (array([1621049526000, 1621051326000]), 3)
[2021-05-15 03:02:06,949] {logging_mixin.py:104} INFO - submitted
[2021-05-15 03:02:06,949] {logging_mixin.py:104} INFO - running function for: (array([1621047726000, 1621049526000]), 1)
[2021-05-15 03:02:06,950] {logging_mixin.py:104} INFO - submitted
[2021-05-15 03:02:06,951] {logging_mixin.py:104} INFO - running function for: (array([1621047726000, 1621049526000]), 2)
[2021-05-15 03:02:06,951] {logging_mixin.py:104} INFO - submitted
[2021-05-15 03:02:06,952] {logging_mixin.py:104} INFO - running function for: (array([1621047726000, 1621049526000]), 3)
[2021-05-15 03:02:06,952] {logging_mixin.py:104} INFO - submitted
[2021-05-15 03:02:06,954] {logging_mixin.py:104} INFO - running function for: (array([1621045926000, 1621047726000]), 1)
[2021-05-15 03:02:06,955] {logging_mixin.py:104} INFO - submitted
[2021-05-15 03:02:06,955] {logging_mixin.py:104} INFO - running function for: (array([1621045926000, 1621047726000]), 2)
[2021-05-15 03:02:06,955] {logging_mixin.py:104} INFO - submitted
[2021-05-15 03:02:06,956] {logging_mixin.py:104} INFO - running function for: (array([1621045926000, 1621047726000]), 3)
[2021-05-15 03:02:06,956] {logging_mixin.py:104} INFO - submitted
[2021-05-15 03:02:06,957] {logging_mixin.py:104} INFO - running function for: (array([1621044126000, 1621045926000]), 1)
[2021-05-15 03:02:06,957] {logging_mixin.py:104} INFO - submitted
[2021-05-15 03:02:06,958] {logging_mixin.py:104} INFO - running function for: (array([1621044126000, 1621045926000]), 2)
[2021-05-15 03:02:06,958] {logging_mixin.py:104} INFO - submitted
[2021-05-15 03:02:06,959] {logging_mixin.py:104} INFO - running function for: (array([1621044126000, 1621045926000]), 3)
[2021-05-15 03:02:06,961] {logging_mixin.py:104} INFO - submitted
[2021-05-15 03:02:06,964] {logging_mixin.py:104} INFO - running function for: (array([1621042326000, 1621044126000]), 1)
[2021-05-15 03:02:06,965] {logging_mixin.py:104} INFO - submitted
[2021-05-15 03:02:06,966] {logging_mixin.py:104} INFO - running function for: (array([1621042326000, 1621044126000]), 2)
[2021-05-15 03:02:06,966] {logging_mixin.py:104} INFO - submitted
[2021-05-15 03:02:06,966] {logging_mixin.py:104} INFO - running function for: (array([1621042326000, 1621044126000]), 3)
[2021-05-15 03:02:06,967] {logging_mixin.py:104} INFO - submitted
[2021-05-15 03:02:06,967] {logging_mixin.py:104} INFO - running function for: (array([1621040526000, 1621042326000]), 1)
[2021-05-15 03:02:06,968] {logging_mixin.py:104} INFO - submitted
[2021-05-15 03:02:06,968] {logging_mixin.py:104} INFO - running function for: (array([1621040526000, 1621042326000]), 2)
[2021-05-15 03:02:06,969] {logging_mixin.py:104} INFO - submitted
[2021-05-15 03:02:06,969] {logging_mixin.py:104} INFO - running function for: (array([1621040526000, 1621042326000]), 3)
[2021-05-15 03:02:06,970] {logging_mixin.py:104} INFO - submitted
[2021-05-15 03:02:06,970] {logging_mixin.py:104} INFO - running function for: (array([1621038726000, 1621040526000]), 1)
[2021-05-15 03:02:06,971] {logging_mixin.py:104} INFO - submitted
[2021-05-15 03:02:06,972] {logging_mixin.py:104} INFO - running function for: (array([1621038726000, 1621040526000]), 2)
[2021-05-15 03:02:06,973] {logging_mixin.py:104} INFO - submitted
[2021-05-15 03:02:06,973] {logging_mixin.py:104} INFO - running function for: (array([1621038726000, 1621040526000]), 3)
[2021-05-15 03:02:06,974] {logging_mixin.py:104} INFO - submitted
[2021-05-15 03:02:06,974] {logging_mixin.py:104} INFO - running function for: (array([1621036926000, 1621038726000]), 1)
[2021-05-15 03:02:06,975] {logging_mixin.py:104} INFO - submitted
[2021-05-15 03:02:06,975] {logging_mixin.py:104} INFO - running function for: (array([1621036926000, 1621038726000]), 2)
[2021-05-15 03:02:06,976] {logging_mixin.py:104} INFO - submitted
[2021-05-15 03:02:06,976] {logging_mixin.py:104} INFO - running function for: (array([1621036926000, 1621038726000]), 3)
[2021-05-15 03:02:06,977] {logging_mixin.py:104} INFO - submitted
[2021-05-15 03:02:06,977] {logging_mixin.py:104} INFO - running function for: (array([1621035126000, 1621036926000]), 1)
[2021-05-15 03:02:06,978] {logging_mixin.py:104} INFO - submitted
[2021-05-15 03:02:06,978] {logging_mixin.py:104} INFO - running function for: (array([1621035126000, 1621036926000]), 2)
[2021-05-15 03:02:06,978] {logging_mixin.py:104} INFO - submitted
[2021-05-15 03:02:06,979] {logging_mixin.py:104} INFO - running function for: (array([1621035126000, 1621036926000]), 3)
[2021-05-15 03:02:06,979] {logging_mixin.py:104} INFO - submitted
[2021-05-15 03:02:06,980] {logging_mixin.py:104} INFO - running function for: (array([1621033326000, 1621035126000]), 1)
[2021-05-15 03:02:06,980] {logging_mixin.py:104} INFO - submitted
[2021-05-15 03:02:06,981] {logging_mixin.py:104} INFO - running function for: (array([1621033326000, 1621035126000]), 2)
[2021-05-15 03:02:06,981] {logging_mixin.py:104} INFO - submitted
[2021-05-15 03:02:06,982] {logging_mixin.py:104} INFO - running function for: (array([1621033326000, 1621035126000]), 3)
[2021-05-15 03:02:06,982] {logging_mixin.py:104} INFO - submitted
[2021-05-15 03:02:06,983] {logging_mixin.py:104} INFO - running function for: (array([1621031526000, 1621033326000]), 1)
[2021-05-15 03:02:06,983] {logging_mixin.py:104} INFO - submitted
[2021-05-15 03:02:06,984] {logging_mixin.py:104} INFO - running function for: (array([1621031526000, 1621033326000]), 2)
[2021-05-15 03:02:06,984] {logging_mixin.py:104} INFO - submitted
[2021-05-15 03:02:06,985] {logging_mixin.py:104} INFO - running function for: (array([1621031526000, 1621033326000]), 3)
[2021-05-15 03:02:06,988] {logging_mixin.py:104} INFO - submitted
[2021-05-15 03:02:06,995] {logging_mixin.py:104} INFO - running function for: (array([1621029726000, 1621031526000]), 1)
[2021-05-15 03:02:06,996] {logging_mixin.py:104} INFO - submitted
[2021-05-15 03:02:06,999] {logging_mixin.py:104} INFO - running function for: (array([1621029726000, 1621031526000]), 2)
[2021-05-15 03:02:07,000] {logging_mixin.py:104} INFO - submitted
[2021-05-15 03:02:07,001] {logging_mixin.py:104} INFO - running function for: (array([1621029726000, 1621031526000]), 3)
[2021-05-15 03:02:07,002] {logging_mixin.py:104} INFO - submitted
[2021-05-15 03:02:10,549] {logging_mixin.py:104} INFO - https://cdn.iqoption.com/api/quotes-history/quotes/3.0?to=1621053126000&from=1621051326000&active_id=3&only_round=true&_key=1614903660000
[2021-05-15 03:02:10,733] {logging_mixin.py:104} INFO - https://cdn.iqoption.com/api/quotes-history/quotes/3.0?to=1621051326000&from=1621049526000&active_id=1&only_round=true&_key=1614903660000
[2021-05-15 03:02:10,758] {logging_mixin.py:104} INFO - https://cdn.iqoption.com/api/quotes-history/quotes/3.0?to=1621051326000&from=1621049526000&active_id=2&only_round=true&_key=1614903660000
[2021-05-15 03:02:10,767] {logging_mixin.py:104} INFO - https://cdn.iqoption.com/api/quotes-history/quotes/3.0?to=1621051326000&from=1621049526000&active_id=3&only_round=true&_key=1614903660000
[2021-05-15 03:02:10,844] {logging_mixin.py:104} INFO - https://cdn.iqoption.com/api/quotes-history/quotes/3.0?to=1621049526000&from=1621047726000&active_id=1&only_round=true&_key=1614903660000
[2021-05-15 03:02:10,847] {logging_mixin.py:104} INFO - https://cdn.iqoption.com/api/quotes-history/quotes/3.0?to=1621049526000&from=1621047726000&active_id=2&only_round=true&_key=1614903660000
[2021-05-15 03:02:10,885] {logging_mixin.py:104} INFO - https://cdn.iqoption.com/api/quotes-history/quotes/3.0?to=1621049526000&from=1621047726000&active_id=3&only_round=true&_key=1614903660000
[2021-05-15 03:02:10,960] {logging_mixin.py:104} INFO - https://cdn.iqoption.com/api/quotes-history/quotes/3.0?to=1621047726000&from=1621045926000&active_id=1&only_round=true&_key=1614903660000
[2021-05-15 03:02:12,690] {logging_mixin.py:104} INFO - https://cdn.iqoption.com/api/quotes-history/quotes/3.0?to=1621047726000&from=1621045926000&active_id=2&only_round=true&_key=1614903660000
[2021-05-15 03:02:12,745] {logging_mixin.py:104} INFO - https://cdn.iqoption.com/api/quotes-history/quotes/3.0?to=1621047726000&from=1621045926000&active_id=3&only_round=true&_key=1614903660000
[2021-05-15 03:02:12,907] {logging_mixin.py:104} INFO - https://cdn.iqoption.com/api/quotes-history/quotes/3.0?to=1621045926000&from=1621044126000&active_id=1&only_round=true&_key=1614903660000
[2021-05-15 03:02:12,952] {logging_mixin.py:104} INFO - https://cdn.iqoption.com/api/quotes-history/quotes/3.0?to=1621045926000&from=1621044126000&active_id=2&only_round=true&_key=1614903660000
[2021-05-15 03:02:12,956] {logging_mixin.py:104} INFO - https://cdn.iqoption.com/api/quotes-history/quotes/3.0?to=1621045926000&from=1621044126000&active_id=3&only_round=true&_key=1614903660000
[2021-05-15 03:02:12,960] {logging_mixin.py:104} INFO - https://cdn.iqoption.com/api/quotes-history/quotes/3.0?to=1621044126000&from=1621042326000&active_id=1&only_round=true&_key=1614903660000
[2021-05-15 03:02:12,965] {logging_mixin.py:104} INFO - https://cdn.iqoption.com/api/quotes-history/quotes/3.0?to=1621044126000&from=1621042326000&active_id=2&only_round=true&_key=1614903660000
[2021-05-15 03:02:12,995] {logging_mixin.py:104} INFO - https://cdn.iqoption.com/api/quotes-history/quotes/3.0?to=1621044126000&from=1621042326000&active_id=3&only_round=true&_key=1614903660000
[2021-05-15 03:02:14,364] {logging_mixin.py:104} INFO - https://cdn.iqoption.com/api/quotes-history/quotes/3.0?to=1621042326000&from=1621040526000&active_id=1&only_round=true&_key=1614903660000
[2021-05-15 03:02:14,537] {logging_mixin.py:104} INFO - https://cdn.iqoption.com/api/quotes-history/quotes/3.0?to=1621042326000&from=1621040526000&active_id=2&only_round=true&_key=1614903660000
[2021-05-15 03:02:14,625] {logging_mixin.py:104} INFO - https://cdn.iqoption.com/api/quotes-history/quotes/3.0?to=1621042326000&from=1621040526000&active_id=3&only_round=true&_key=1614903660000
[2021-05-15 03:02:14,660] {logging_mixin.py:104} INFO - https://cdn.iqoption.com/api/quotes-history/quotes/3.0?to=1621040526000&from=1621038726000&active_id=1&only_round=true&_key=1614903660000
[2021-05-15 03:02:14,739] {logging_mixin.py:104} INFO - https://cdn.iqoption.com/api/quotes-history/quotes/3.0?to=1621040526000&from=1621038726000&active_id=2&only_round=true&_key=1614903660000
[2021-05-15 03:02:14,758] {logging_mixin.py:104} INFO - https://cdn.iqoption.com/api/quotes-history/quotes/3.0?to=1621040526000&from=1621038726000&active_id=3&only_round=true&_key=1614903660000
[2021-05-15 03:02:14,797] {logging_mixin.py:104} INFO - https://cdn.iqoption.com/api/quotes-history/quotes/3.0?to=1621038726000&from=1621036926000&active_id=1&only_round=true&_key=1614903660000
[2021-05-15 03:02:14,826] {logging_mixin.py:104} INFO - https://cdn.iqoption.com/api/quotes-history/quotes/3.0?to=1621038726000&from=1621036926000&active_id=2&only_round=true&_key=1614903660000
[2021-05-15 03:02:16,015] {logging_mixin.py:104} INFO - https://cdn.iqoption.com/api/quotes-history/quotes/3.0?to=1621038726000&from=1621036926000&active_id=3&only_round=true&_key=1614903660000
[2021-05-15 03:02:16,137] {logging_mixin.py:104} INFO - https://cdn.iqoption.com/api/quotes-history/quotes/3.0?to=1621036926000&from=1621035126000&active_id=1&only_round=true&_key=1614903660000
[2021-05-15 03:02:16,208] {logging_mixin.py:104} INFO - https://cdn.iqoption.com/api/quotes-history/quotes/3.0?to=1621036926000&from=1621035126000&active_id=2&only_round=true&_key=1614903660000
[2021-05-15 03:02:16,232] {logging_mixin.py:104} INFO - https://cdn.iqoption.com/api/quotes-history/quotes/3.0?to=1621036926000&from=1621035126000&active_id=3&only_round=true&_key=1614903660000
[2021-05-15 03:02:16,306] {logging_mixin.py:104} INFO - https://cdn.iqoption.com/api/quotes-history/quotes/3.0?to=1621035126000&from=1621033326000&active_id=1&only_round=true&_key=1614903660000
[2021-05-15 03:02:16,319] {logging_mixin.py:104} INFO - https://cdn.iqoption.com/api/quotes-history/quotes/3.0?to=1621035126000&from=1621033326000&active_id=2&only_round=true&_key=1614903660000
[2021-05-15 03:02:16,331] {logging_mixin.py:104} INFO - https://cdn.iqoption.com/api/quotes-history/quotes/3.0?to=1621035126000&from=1621033326000&active_id=3&only_round=true&_key=1614903660000
[2021-05-15 03:02:16,399] {logging_mixin.py:104} INFO - https://cdn.iqoption.com/api/quotes-history/quotes/3.0?to=1621033326000&from=1621031526000&active_id=1&only_round=true&_key=1614903660000
[2021-05-15 03:02:17,481] {logging_mixin.py:104} INFO - https://cdn.iqoption.com/api/quotes-history/quotes/3.0?to=1621033326000&from=1621031526000&active_id=2&only_round=true&_key=1614903660000
[2021-05-15 03:02:17,572] {logging_mixin.py:104} INFO - https://cdn.iqoption.com/api/quotes-history/quotes/3.0?to=1621033326000&from=1621031526000&active_id=3&only_round=true&_key=1614903660000
[2021-05-15 03:02:17,611] {logging_mixin.py:104} INFO - https://cdn.iqoption.com/api/quotes-history/quotes/3.0?to=1621031526000&from=1621029726000&active_id=1&only_round=true&_key=1614903660000
[2021-05-15 03:02:17,708] {logging_mixin.py:104} INFO - https://cdn.iqoption.com/api/quotes-history/quotes/3.0?to=1621031526000&from=1621029726000&active_id=2&only_round=true&_key=1614903660000
[2021-05-15 03:02:17,877] {logging_mixin.py:104} INFO - https://cdn.iqoption.com/api/quotes-history/quotes/3.0?to=1621031526000&from=1621029726000&active_id=3&only_round=true&_key=1614903660000
[2021-05-15 03:02:19,199] {python.py:118} INFO - Done. Returned value was: None
[2021-05-15 03:02:19,202] {taskinstance.py:1192} INFO - Marking task as SUCCESS. dag_id=etl, task_id=loading_data_to_s3, execution_date=20210515T000000, start_date=20210515T060205, end_date=20210515T060219
[2021-05-15 03:02:19,241] {taskinstance.py:1246} INFO - 1 downstream tasks scheduled from follow-on schedule check
[2021-05-15 03:02:19,263] {local_task_job.py:146} INFO - Task exited with return code 0
