[2021-05-15 04:04:05,428] {taskinstance.py:877} INFO - Dependencies all met for <TaskInstance: etl.create_dim_table 2021-05-15T05:00:00+00:00 [queued]>
[2021-05-15 04:04:05,482] {taskinstance.py:877} INFO - Dependencies all met for <TaskInstance: etl.create_dim_table 2021-05-15T05:00:00+00:00 [queued]>
[2021-05-15 04:04:05,483] {taskinstance.py:1068} INFO - 
--------------------------------------------------------------------------------
[2021-05-15 04:04:05,483] {taskinstance.py:1069} INFO - Starting attempt 1 of 1
[2021-05-15 04:04:05,484] {taskinstance.py:1070} INFO - 
--------------------------------------------------------------------------------
[2021-05-15 04:04:05,568] {taskinstance.py:1089} INFO - Executing <Task(ExecuteQueryOperator): create_dim_table> on 2021-05-15T05:00:00+00:00
[2021-05-15 04:04:05,603] {standard_task_runner.py:52} INFO - Started process 26655 to run task
[2021-05-15 04:04:05,668] {standard_task_runner.py:76} INFO - Running: ['airflow', 'tasks', 'run', 'etl', 'create_dim_table', '2021-05-15T05:00:00+00:00', '--job-id', '621', '--pool', 'default_pool', '--raw', '--subdir', 'DAGS_FOLDER/etl_dag.py', '--cfg-path', '/var/folders/_f/vg3x3jmj23bcz6s88l7v6fb40000gn/T/tmp77b8tuvk', '--error-file', '/var/folders/_f/vg3x3jmj23bcz6s88l7v6fb40000gn/T/tmpr9z4itk5']
[2021-05-15 04:04:05,684] {standard_task_runner.py:77} INFO - Job 621: Subtask create_dim_table
[2021-05-15 04:04:06,036] {logging_mixin.py:104} INFO - Running <TaskInstance: etl.create_dim_table 2021-05-15T05:00:00+00:00 [running]> on host 27.2.168.192.in-addr.arpa
[2021-05-15 04:04:06,370] {taskinstance.py:1283} INFO - Exporting the following env vars:
AIRFLOW_CTX_DAG_OWNER=udacity
AIRFLOW_CTX_DAG_ID=etl
AIRFLOW_CTX_TASK_ID=create_dim_table
AIRFLOW_CTX_EXECUTION_DATE=2021-05-15T05:00:00+00:00
AIRFLOW_CTX_DAG_RUN_ID=scheduled__2021-05-15T05:00:00+00:00
[2021-05-15 04:04:06,379] {execute_query.py:21} INFO - Executing query
[2021-05-15 04:04:06,436] {base.py:78} INFO - Using connection to: id: redshift. Host: redshift-cluster-1.caua6g9a7jto.us-east-1.redshift.amazonaws.com, Port: 5439, Schema: dev, Login: awsuser, Password: XXXXXXXX, extra: None
[2021-05-15 04:04:07,789] {dbapi.py:180} INFO - Running statement: 
    DROP TABLE IF EXISTS forex.dim_active_id; 
    CREATE TABLE IF NOT EXISTS forex.dim_active_id (
    active_id INT,
    active_name TEXT,
    PRIMARY KEY (active_id)
    );
, parameters: None
[2021-05-15 04:04:08,138] {dbapi.py:186} INFO - Rows affected: -1
[2021-05-15 04:04:08,382] {taskinstance.py:1192} INFO - Marking task as SUCCESS. dag_id=etl, task_id=create_dim_table, execution_date=20210515T050000, start_date=20210515T070405, end_date=20210515T070408
[2021-05-15 04:04:09,118] {taskinstance.py:1246} INFO - 1 downstream tasks scheduled from follow-on schedule check
[2021-05-15 04:04:09,210] {local_task_job.py:146} INFO - Task exited with return code 0
