[2021-05-14 10:36:02,033] {taskinstance.py:877} INFO - Dependencies all met for <TaskInstance: etl.loading_data_to_s3 2021-05-14T13:35:48.068959+00:00 [queued]>
[2021-05-14 10:36:02,039] {taskinstance.py:877} INFO - Dependencies all met for <TaskInstance: etl.loading_data_to_s3 2021-05-14T13:35:48.068959+00:00 [queued]>
[2021-05-14 10:36:02,040] {taskinstance.py:1068} INFO - 
--------------------------------------------------------------------------------
[2021-05-14 10:36:02,040] {taskinstance.py:1069} INFO - Starting attempt 1 of 1
[2021-05-14 10:36:02,040] {taskinstance.py:1070} INFO - 
--------------------------------------------------------------------------------
[2021-05-14 10:36:02,046] {taskinstance.py:1089} INFO - Executing <Task(PythonOperator): loading_data_to_s3> on 2021-05-14T13:35:48.068959+00:00
[2021-05-14 10:36:02,049] {standard_task_runner.py:52} INFO - Started process 19223 to run task
[2021-05-14 10:36:02,058] {standard_task_runner.py:76} INFO - Running: ['airflow', 'tasks', 'run', 'etl', 'loading_data_to_s3', '2021-05-14T13:35:48.068959+00:00', '--job-id', '380', '--pool', 'default_pool', '--raw', '--subdir', 'DAGS_FOLDER/etl_dag.py', '--cfg-path', '/var/folders/_f/vg3x3jmj23bcz6s88l7v6fb40000gn/T/tmpton39qcx', '--error-file', '/var/folders/_f/vg3x3jmj23bcz6s88l7v6fb40000gn/T/tmpk6b74je2']
[2021-05-14 10:36:02,059] {standard_task_runner.py:77} INFO - Job 380: Subtask loading_data_to_s3
[2021-05-14 10:36:02,090] {logging_mixin.py:104} INFO - Running <TaskInstance: etl.loading_data_to_s3 2021-05-14T13:35:48.068959+00:00 [running]> on host 27.2.168.192.in-addr.arpa
[2021-05-14 10:36:02,112] {taskinstance.py:1283} INFO - Exporting the following env vars:
AIRFLOW_CTX_DAG_OWNER=udacity
AIRFLOW_CTX_DAG_ID=etl
AIRFLOW_CTX_TASK_ID=loading_data_to_s3
AIRFLOW_CTX_EXECUTION_DATE=2021-05-14T13:35:48.068959+00:00
AIRFLOW_CTX_DAG_RUN_ID=manual__2021-05-14T13:35:48.068959+00:00
[2021-05-14 10:36:03,388] {logging_mixin.py:104} INFO - Fetching interval list
[2021-05-14 10:36:03,390] {logging_mixin.py:104} INFO - Inverval list built
[2021-05-14 10:36:03,391] {logging_mixin.py:104} INFO - Processing data
[2021-05-14 10:36:03,391] {logging_mixin.py:104} INFO - df initialized
[2021-05-14 10:36:03,392] {logging_mixin.py:104} INFO - ThreadPoolExecutor initialized
[2021-05-14 10:36:03,394] {logging_mixin.py:104} INFO - running function for: (array([1620995763000, 1620997563000]), 1)
[2021-05-14 10:36:03,395] {logging_mixin.py:104} INFO - https://cdn.iqoption.com/api/quotes-history/quotes/3.0?to=1620997563000&from=1620995763000&active_id=1&only_round=true&_key=1614903660000
[2021-05-14 10:36:03,396] {logging_mixin.py:104} INFO - submitted
[2021-05-14 10:36:03,397] {logging_mixin.py:104} INFO - running function for: (array([1620995763000, 1620997563000]), 2)
[2021-05-14 10:36:03,397] {logging_mixin.py:104} INFO - https://cdn.iqoption.com/api/quotes-history/quotes/3.0?to=1620997563000&from=1620995763000&active_id=2&only_round=true&_key=1614903660000
[2021-05-14 10:36:03,398] {logging_mixin.py:104} INFO - submitted
[2021-05-14 10:36:03,398] {logging_mixin.py:104} INFO - running function for: (array([1620995763000, 1620997563000]), 3)
[2021-05-14 10:36:03,399] {logging_mixin.py:104} INFO - https://cdn.iqoption.com/api/quotes-history/quotes/3.0?to=1620997563000&from=1620995763000&active_id=3&only_round=true&_key=1614903660000
[2021-05-14 10:36:03,401] {logging_mixin.py:104} INFO - submitted
[2021-05-14 10:36:03,401] {logging_mixin.py:104} INFO - running function for: (array([1620993963000, 1620995763000]), 1)
[2021-05-14 10:36:03,402] {logging_mixin.py:104} INFO - https://cdn.iqoption.com/api/quotes-history/quotes/3.0?to=1620995763000&from=1620993963000&active_id=1&only_round=true&_key=1614903660000
[2021-05-14 10:36:03,402] {logging_mixin.py:104} INFO - submitted
[2021-05-14 10:36:03,402] {logging_mixin.py:104} INFO - running function for: (array([1620993963000, 1620995763000]), 2)
[2021-05-14 10:36:03,403] {logging_mixin.py:104} INFO - https://cdn.iqoption.com/api/quotes-history/quotes/3.0?to=1620995763000&from=1620993963000&active_id=2&only_round=true&_key=1614903660000
[2021-05-14 10:36:03,404] {logging_mixin.py:104} INFO - submitted
[2021-05-14 10:36:03,404] {logging_mixin.py:104} INFO - running function for: (array([1620993963000, 1620995763000]), 3)
[2021-05-14 10:36:03,404] {logging_mixin.py:104} INFO - https://cdn.iqoption.com/api/quotes-history/quotes/3.0?to=1620995763000&from=1620993963000&active_id=3&only_round=true&_key=1614903660000
[2021-05-14 10:36:03,405] {logging_mixin.py:104} INFO - submitted
[2021-05-14 10:36:03,405] {logging_mixin.py:104} INFO - running function for: (array([1620992163000, 1620993963000]), 1)
[2021-05-14 10:36:03,406] {logging_mixin.py:104} INFO - https://cdn.iqoption.com/api/quotes-history/quotes/3.0?to=1620993963000&from=1620992163000&active_id=1&only_round=true&_key=1614903660000
[2021-05-14 10:36:03,406] {logging_mixin.py:104} INFO - submitted
[2021-05-14 10:36:03,406] {logging_mixin.py:104} INFO - running function for: (array([1620992163000, 1620993963000]), 2)
[2021-05-14 10:36:03,407] {logging_mixin.py:104} INFO - https://cdn.iqoption.com/api/quotes-history/quotes/3.0?to=1620993963000&from=1620992163000&active_id=2&only_round=true&_key=1614903660000
[2021-05-14 10:36:03,408] {logging_mixin.py:104} INFO - submitted
[2021-05-14 10:36:03,408] {logging_mixin.py:104} INFO - running function for: (array([1620992163000, 1620993963000]), 3)
[2021-05-14 10:36:03,408] {logging_mixin.py:104} INFO - submitted
[2021-05-14 10:36:03,409] {logging_mixin.py:104} INFO - running function for: (array([1620990363000, 1620992163000]), 1)
[2021-05-14 10:36:03,409] {logging_mixin.py:104} INFO - submitted
[2021-05-14 10:36:03,409] {logging_mixin.py:104} INFO - running function for: (array([1620990363000, 1620992163000]), 2)
[2021-05-14 10:36:03,409] {logging_mixin.py:104} INFO - submitted
[2021-05-14 10:36:03,410] {logging_mixin.py:104} INFO - running function for: (array([1620990363000, 1620992163000]), 3)
[2021-05-14 10:36:03,410] {logging_mixin.py:104} INFO - submitted
[2021-05-14 10:36:03,410] {logging_mixin.py:104} INFO - running function for: (array([1620988563000, 1620990363000]), 1)
[2021-05-14 10:36:03,410] {logging_mixin.py:104} INFO - submitted
[2021-05-14 10:36:03,411] {logging_mixin.py:104} INFO - running function for: (array([1620988563000, 1620990363000]), 2)
[2021-05-14 10:36:03,411] {logging_mixin.py:104} INFO - submitted
[2021-05-14 10:36:03,411] {logging_mixin.py:104} INFO - running function for: (array([1620988563000, 1620990363000]), 3)
[2021-05-14 10:36:03,412] {logging_mixin.py:104} INFO - submitted
[2021-05-14 10:36:03,412] {logging_mixin.py:104} INFO - running function for: (array([1620986763000, 1620988563000]), 1)
[2021-05-14 10:36:03,412] {logging_mixin.py:104} INFO - submitted
[2021-05-14 10:36:03,413] {logging_mixin.py:104} INFO - running function for: (array([1620986763000, 1620988563000]), 2)
[2021-05-14 10:36:03,413] {logging_mixin.py:104} INFO - submitted
[2021-05-14 10:36:03,413] {logging_mixin.py:104} INFO - running function for: (array([1620986763000, 1620988563000]), 3)
[2021-05-14 10:36:03,413] {logging_mixin.py:104} INFO - submitted
[2021-05-14 10:36:03,414] {logging_mixin.py:104} INFO - running function for: (array([1620984963000, 1620986763000]), 1)
[2021-05-14 10:36:03,414] {logging_mixin.py:104} INFO - submitted
[2021-05-14 10:36:03,414] {logging_mixin.py:104} INFO - running function for: (array([1620984963000, 1620986763000]), 2)
[2021-05-14 10:36:03,414] {logging_mixin.py:104} INFO - submitted
[2021-05-14 10:36:03,415] {logging_mixin.py:104} INFO - running function for: (array([1620984963000, 1620986763000]), 3)
[2021-05-14 10:36:03,415] {logging_mixin.py:104} INFO - submitted
[2021-05-14 10:36:03,415] {logging_mixin.py:104} INFO - running function for: (array([1620983163000, 1620984963000]), 1)
[2021-05-14 10:36:03,415] {logging_mixin.py:104} INFO - submitted
[2021-05-14 10:36:03,416] {logging_mixin.py:104} INFO - running function for: (array([1620983163000, 1620984963000]), 2)
[2021-05-14 10:36:03,416] {logging_mixin.py:104} INFO - submitted
[2021-05-14 10:36:03,416] {logging_mixin.py:104} INFO - running function for: (array([1620983163000, 1620984963000]), 3)
[2021-05-14 10:36:03,416] {logging_mixin.py:104} INFO - submitted
[2021-05-14 10:36:03,417] {logging_mixin.py:104} INFO - running function for: (array([1620981363000, 1620983163000]), 1)
[2021-05-14 10:36:03,417] {logging_mixin.py:104} INFO - submitted
[2021-05-14 10:36:03,417] {logging_mixin.py:104} INFO - running function for: (array([1620981363000, 1620983163000]), 2)
[2021-05-14 10:36:03,417] {logging_mixin.py:104} INFO - submitted
[2021-05-14 10:36:03,418] {logging_mixin.py:104} INFO - running function for: (array([1620981363000, 1620983163000]), 3)
[2021-05-14 10:36:03,418] {logging_mixin.py:104} INFO - submitted
[2021-05-14 10:36:03,418] {logging_mixin.py:104} INFO - running function for: (array([1620979563000, 1620981363000]), 1)
[2021-05-14 10:36:03,418] {logging_mixin.py:104} INFO - submitted
[2021-05-14 10:36:03,419] {logging_mixin.py:104} INFO - running function for: (array([1620979563000, 1620981363000]), 2)
[2021-05-14 10:36:03,419] {logging_mixin.py:104} INFO - submitted
[2021-05-14 10:36:03,419] {logging_mixin.py:104} INFO - running function for: (array([1620979563000, 1620981363000]), 3)
[2021-05-14 10:36:03,419] {logging_mixin.py:104} INFO - submitted
[2021-05-14 10:36:03,419] {logging_mixin.py:104} INFO - running function for: (array([1620977763000, 1620979563000]), 1)
[2021-05-14 10:36:03,420] {logging_mixin.py:104} INFO - submitted
[2021-05-14 10:36:03,420] {logging_mixin.py:104} INFO - running function for: (array([1620977763000, 1620979563000]), 2)
[2021-05-14 10:36:03,420] {logging_mixin.py:104} INFO - submitted
[2021-05-14 10:36:03,420] {logging_mixin.py:104} INFO - running function for: (array([1620977763000, 1620979563000]), 3)
[2021-05-14 10:36:03,421] {logging_mixin.py:104} INFO - submitted
[2021-05-14 10:36:03,421] {logging_mixin.py:104} INFO - running function for: (array([1620975963000, 1620977763000]), 1)
[2021-05-14 10:36:03,421] {logging_mixin.py:104} INFO - submitted
[2021-05-14 10:36:03,421] {logging_mixin.py:104} INFO - running function for: (array([1620975963000, 1620977763000]), 2)
[2021-05-14 10:36:03,422] {logging_mixin.py:104} INFO - submitted
[2021-05-14 10:36:03,422] {logging_mixin.py:104} INFO - running function for: (array([1620975963000, 1620977763000]), 3)
[2021-05-14 10:36:03,422] {logging_mixin.py:104} INFO - submitted
[2021-05-14 10:36:03,422] {logging_mixin.py:104} INFO - running function for: (array([1620974163000, 1620975963000]), 1)
[2021-05-14 10:36:03,423] {logging_mixin.py:104} INFO - submitted
[2021-05-14 10:36:03,423] {logging_mixin.py:104} INFO - running function for: (array([1620974163000, 1620975963000]), 2)
[2021-05-14 10:36:03,423] {logging_mixin.py:104} INFO - submitted
[2021-05-14 10:36:03,423] {logging_mixin.py:104} INFO - running function for: (array([1620974163000, 1620975963000]), 3)
[2021-05-14 10:36:03,423] {logging_mixin.py:104} INFO - submitted
[2021-05-14 10:36:03,424] {logging_mixin.py:104} INFO - running function for: (array([1620972363000, 1620974163000]), 1)
[2021-05-14 10:36:03,424] {logging_mixin.py:104} INFO - submitted
[2021-05-14 10:36:03,424] {logging_mixin.py:104} INFO - running function for: (array([1620972363000, 1620974163000]), 2)
[2021-05-14 10:36:03,425] {logging_mixin.py:104} INFO - submitted
[2021-05-14 10:36:03,425] {logging_mixin.py:104} INFO - running function for: (array([1620972363000, 1620974163000]), 3)
[2021-05-14 10:36:03,425] {logging_mixin.py:104} INFO - submitted
[2021-05-14 10:36:03,426] {logging_mixin.py:104} INFO - running function for: (array([1620970563000, 1620972363000]), 1)
[2021-05-14 10:36:03,426] {logging_mixin.py:104} INFO - submitted
[2021-05-14 10:36:03,426] {logging_mixin.py:104} INFO - running function for: (array([1620970563000, 1620972363000]), 2)
[2021-05-14 10:36:03,426] {logging_mixin.py:104} INFO - submitted
[2021-05-14 10:36:03,427] {logging_mixin.py:104} INFO - running function for: (array([1620970563000, 1620972363000]), 3)
[2021-05-14 10:36:03,427] {logging_mixin.py:104} INFO - submitted
[2021-05-14 10:36:03,427] {logging_mixin.py:104} INFO - running function for: (array([1620968763000, 1620970563000]), 1)
[2021-05-14 10:36:03,427] {logging_mixin.py:104} INFO - submitted
[2021-05-14 10:36:03,428] {logging_mixin.py:104} INFO - running function for: (array([1620968763000, 1620970563000]), 2)
[2021-05-14 10:36:03,428] {logging_mixin.py:104} INFO - submitted
[2021-05-14 10:36:03,428] {logging_mixin.py:104} INFO - running function for: (array([1620968763000, 1620970563000]), 3)
[2021-05-14 10:36:03,428] {logging_mixin.py:104} INFO - submitted
[2021-05-14 10:36:03,429] {logging_mixin.py:104} INFO - running function for: (array([1620966963000, 1620968763000]), 1)
[2021-05-14 10:36:03,429] {logging_mixin.py:104} INFO - submitted
[2021-05-14 10:36:03,429] {logging_mixin.py:104} INFO - running function for: (array([1620966963000, 1620968763000]), 2)
[2021-05-14 10:36:03,429] {logging_mixin.py:104} INFO - submitted
[2021-05-14 10:36:03,430] {logging_mixin.py:104} INFO - running function for: (array([1620966963000, 1620968763000]), 3)
[2021-05-14 10:36:03,433] {logging_mixin.py:104} INFO - submitted
[2021-05-14 10:36:03,433] {logging_mixin.py:104} INFO - running function for: (array([1620965163000, 1620966963000]), 1)
[2021-05-14 10:36:03,434] {logging_mixin.py:104} INFO - submitted
[2021-05-14 10:36:03,434] {logging_mixin.py:104} INFO - running function for: (array([1620965163000, 1620966963000]), 2)
[2021-05-14 10:36:03,435] {logging_mixin.py:104} INFO - submitted
[2021-05-14 10:36:03,435] {logging_mixin.py:104} INFO - running function for: (array([1620965163000, 1620966963000]), 3)
[2021-05-14 10:36:03,436] {logging_mixin.py:104} INFO - submitted
[2021-05-14 10:36:03,437] {logging_mixin.py:104} INFO - running function for: (array([1620963363000, 1620965163000]), 1)
[2021-05-14 10:36:03,437] {logging_mixin.py:104} INFO - submitted
[2021-05-14 10:36:03,438] {logging_mixin.py:104} INFO - running function for: (array([1620963363000, 1620965163000]), 2)
[2021-05-14 10:36:03,439] {logging_mixin.py:104} INFO - submitted
[2021-05-14 10:36:03,439] {logging_mixin.py:104} INFO - running function for: (array([1620963363000, 1620965163000]), 3)
[2021-05-14 10:36:03,439] {logging_mixin.py:104} INFO - submitted
[2021-05-14 10:36:03,440] {logging_mixin.py:104} INFO - running function for: (array([1620961563000, 1620963363000]), 1)
[2021-05-14 10:36:03,440] {logging_mixin.py:104} INFO - submitted
[2021-05-14 10:36:03,440] {logging_mixin.py:104} INFO - running function for: (array([1620961563000, 1620963363000]), 2)
[2021-05-14 10:36:03,440] {logging_mixin.py:104} INFO - submitted
[2021-05-14 10:36:03,441] {logging_mixin.py:104} INFO - running function for: (array([1620961563000, 1620963363000]), 3)
[2021-05-14 10:36:03,441] {logging_mixin.py:104} INFO - submitted
[2021-05-14 10:36:03,441] {logging_mixin.py:104} INFO - running function for: (array([1620959763000, 1620961563000]), 1)
[2021-05-14 10:36:03,441] {logging_mixin.py:104} INFO - submitted
[2021-05-14 10:36:03,442] {logging_mixin.py:104} INFO - running function for: (array([1620959763000, 1620961563000]), 2)
[2021-05-14 10:36:03,442] {logging_mixin.py:104} INFO - submitted
[2021-05-14 10:36:03,442] {logging_mixin.py:104} INFO - running function for: (array([1620959763000, 1620961563000]), 3)
[2021-05-14 10:36:03,442] {logging_mixin.py:104} INFO - submitted
[2021-05-14 10:36:03,443] {logging_mixin.py:104} INFO - running function for: (array([1620957963000, 1620959763000]), 1)
[2021-05-14 10:36:03,443] {logging_mixin.py:104} INFO - submitted
[2021-05-14 10:36:03,443] {logging_mixin.py:104} INFO - running function for: (array([1620957963000, 1620959763000]), 2)
[2021-05-14 10:36:03,443] {logging_mixin.py:104} INFO - submitted
[2021-05-14 10:36:03,444] {logging_mixin.py:104} INFO - running function for: (array([1620957963000, 1620959763000]), 3)
[2021-05-14 10:36:03,444] {logging_mixin.py:104} INFO - submitted
[2021-05-14 10:36:03,444] {logging_mixin.py:104} INFO - running function for: (array([1620956163000, 1620957963000]), 1)
[2021-05-14 10:36:03,444] {logging_mixin.py:104} INFO - submitted
[2021-05-14 10:36:03,445] {logging_mixin.py:104} INFO - running function for: (array([1620956163000, 1620957963000]), 2)
[2021-05-14 10:36:03,445] {logging_mixin.py:104} INFO - submitted
[2021-05-14 10:36:03,445] {logging_mixin.py:104} INFO - running function for: (array([1620956163000, 1620957963000]), 3)
[2021-05-14 10:36:03,445] {logging_mixin.py:104} INFO - submitted
[2021-05-14 10:36:03,446] {logging_mixin.py:104} INFO - running function for: (array([1620954363000, 1620956163000]), 1)
[2021-05-14 10:36:03,446] {logging_mixin.py:104} INFO - submitted
[2021-05-14 10:36:03,446] {logging_mixin.py:104} INFO - running function for: (array([1620954363000, 1620956163000]), 2)
[2021-05-14 10:36:03,446] {logging_mixin.py:104} INFO - submitted
[2021-05-14 10:36:03,447] {logging_mixin.py:104} INFO - running function for: (array([1620954363000, 1620956163000]), 3)
[2021-05-14 10:36:03,447] {logging_mixin.py:104} INFO - submitted
[2021-05-14 10:36:03,447] {logging_mixin.py:104} INFO - running function for: (array([1620952563000, 1620954363000]), 1)
[2021-05-14 10:36:03,447] {logging_mixin.py:104} INFO - submitted
[2021-05-14 10:36:03,447] {logging_mixin.py:104} INFO - running function for: (array([1620952563000, 1620954363000]), 2)
[2021-05-14 10:36:03,448] {logging_mixin.py:104} INFO - submitted
[2021-05-14 10:36:03,448] {logging_mixin.py:104} INFO - running function for: (array([1620952563000, 1620954363000]), 3)
[2021-05-14 10:36:03,448] {logging_mixin.py:104} INFO - submitted
[2021-05-14 10:36:03,448] {logging_mixin.py:104} INFO - running function for: (array([1620950763000, 1620952563000]), 1)
[2021-05-14 10:36:03,449] {logging_mixin.py:104} INFO - submitted
[2021-05-14 10:36:03,449] {logging_mixin.py:104} INFO - running function for: (array([1620950763000, 1620952563000]), 2)
[2021-05-14 10:36:03,449] {logging_mixin.py:104} INFO - submitted
[2021-05-14 10:36:03,449] {logging_mixin.py:104} INFO - running function for: (array([1620950763000, 1620952563000]), 3)
[2021-05-14 10:36:03,450] {logging_mixin.py:104} INFO - submitted
[2021-05-14 10:36:03,450] {logging_mixin.py:104} INFO - running function for: (array([1620948963000, 1620950763000]), 1)
[2021-05-14 10:36:03,450] {logging_mixin.py:104} INFO - submitted
[2021-05-14 10:36:03,450] {logging_mixin.py:104} INFO - running function for: (array([1620948963000, 1620950763000]), 2)
[2021-05-14 10:36:03,450] {logging_mixin.py:104} INFO - submitted
[2021-05-14 10:36:03,451] {logging_mixin.py:104} INFO - running function for: (array([1620948963000, 1620950763000]), 3)
[2021-05-14 10:36:03,451] {logging_mixin.py:104} INFO - submitted
[2021-05-14 10:36:03,451] {logging_mixin.py:104} INFO - running function for: (array([1620947163000, 1620948963000]), 1)
[2021-05-14 10:36:03,451] {logging_mixin.py:104} INFO - submitted
[2021-05-14 10:36:03,452] {logging_mixin.py:104} INFO - running function for: (array([1620947163000, 1620948963000]), 2)
[2021-05-14 10:36:03,452] {logging_mixin.py:104} INFO - submitted
[2021-05-14 10:36:03,452] {logging_mixin.py:104} INFO - running function for: (array([1620947163000, 1620948963000]), 3)
[2021-05-14 10:36:03,453] {logging_mixin.py:104} INFO - submitted
[2021-05-14 10:36:03,453] {logging_mixin.py:104} INFO - running function for: (array([1620945363000, 1620947163000]), 1)
[2021-05-14 10:36:03,453] {logging_mixin.py:104} INFO - submitted
[2021-05-14 10:36:03,453] {logging_mixin.py:104} INFO - running function for: (array([1620945363000, 1620947163000]), 2)
[2021-05-14 10:36:03,454] {logging_mixin.py:104} INFO - submitted
[2021-05-14 10:36:03,454] {logging_mixin.py:104} INFO - running function for: (array([1620945363000, 1620947163000]), 3)
[2021-05-14 10:36:03,454] {logging_mixin.py:104} INFO - submitted
[2021-05-14 10:36:03,454] {logging_mixin.py:104} INFO - running function for: (array([1620943563000, 1620945363000]), 1)
[2021-05-14 10:36:03,455] {logging_mixin.py:104} INFO - submitted
[2021-05-14 10:36:03,455] {logging_mixin.py:104} INFO - running function for: (array([1620943563000, 1620945363000]), 2)
[2021-05-14 10:36:03,455] {logging_mixin.py:104} INFO - submitted
[2021-05-14 10:36:03,455] {logging_mixin.py:104} INFO - running function for: (array([1620943563000, 1620945363000]), 3)
[2021-05-14 10:36:03,456] {logging_mixin.py:104} INFO - submitted
[2021-05-14 10:36:03,456] {logging_mixin.py:104} INFO - running function for: (array([1620941763000, 1620943563000]), 1)
[2021-05-14 10:36:03,456] {logging_mixin.py:104} INFO - submitted
[2021-05-14 10:36:03,456] {logging_mixin.py:104} INFO - running function for: (array([1620941763000, 1620943563000]), 2)
[2021-05-14 10:36:03,457] {logging_mixin.py:104} INFO - submitted
[2021-05-14 10:36:03,457] {logging_mixin.py:104} INFO - running function for: (array([1620941763000, 1620943563000]), 3)
[2021-05-14 10:36:03,457] {logging_mixin.py:104} INFO - submitted
[2021-05-14 10:36:03,457] {logging_mixin.py:104} INFO - running function for: (array([1620939963000, 1620941763000]), 1)
[2021-05-14 10:36:03,458] {logging_mixin.py:104} INFO - submitted
[2021-05-14 10:36:03,458] {logging_mixin.py:104} INFO - running function for: (array([1620939963000, 1620941763000]), 2)
[2021-05-14 10:36:03,459] {logging_mixin.py:104} INFO - submitted
[2021-05-14 10:36:03,459] {logging_mixin.py:104} INFO - running function for: (array([1620939963000, 1620941763000]), 3)
[2021-05-14 10:36:03,459] {logging_mixin.py:104} INFO - submitted
[2021-05-14 10:36:03,459] {logging_mixin.py:104} INFO - running function for: (array([1620938163000, 1620939963000]), 1)
[2021-05-14 10:36:03,460] {logging_mixin.py:104} INFO - submitted
[2021-05-14 10:36:03,460] {logging_mixin.py:104} INFO - running function for: (array([1620938163000, 1620939963000]), 2)
[2021-05-14 10:36:03,460] {logging_mixin.py:104} INFO - submitted
[2021-05-14 10:36:03,460] {logging_mixin.py:104} INFO - running function for: (array([1620938163000, 1620939963000]), 3)
[2021-05-14 10:36:03,461] {logging_mixin.py:104} INFO - submitted
[2021-05-14 10:36:03,461] {logging_mixin.py:104} INFO - running function for: (array([1620936363000, 1620938163000]), 1)
[2021-05-14 10:36:03,461] {logging_mixin.py:104} INFO - submitted
[2021-05-14 10:36:03,462] {logging_mixin.py:104} INFO - running function for: (array([1620936363000, 1620938163000]), 2)
[2021-05-14 10:36:03,462] {logging_mixin.py:104} INFO - submitted
[2021-05-14 10:36:03,462] {logging_mixin.py:104} INFO - running function for: (array([1620936363000, 1620938163000]), 3)
[2021-05-14 10:36:03,462] {logging_mixin.py:104} INFO - submitted
[2021-05-14 10:36:03,463] {logging_mixin.py:104} INFO - running function for: (array([1620934563000, 1620936363000]), 1)
[2021-05-14 10:36:03,463] {logging_mixin.py:104} INFO - submitted
[2021-05-14 10:36:03,463] {logging_mixin.py:104} INFO - running function for: (array([1620934563000, 1620936363000]), 2)
[2021-05-14 10:36:03,463] {logging_mixin.py:104} INFO - submitted
[2021-05-14 10:36:03,464] {logging_mixin.py:104} INFO - running function for: (array([1620934563000, 1620936363000]), 3)
[2021-05-14 10:36:03,464] {logging_mixin.py:104} INFO - submitted
[2021-05-14 10:36:03,464] {logging_mixin.py:104} INFO - running function for: (array([1620932763000, 1620934563000]), 1)
[2021-05-14 10:36:03,465] {logging_mixin.py:104} INFO - submitted
[2021-05-14 10:36:03,465] {logging_mixin.py:104} INFO - running function for: (array([1620932763000, 1620934563000]), 2)
[2021-05-14 10:36:03,465] {logging_mixin.py:104} INFO - submitted
[2021-05-14 10:36:03,466] {logging_mixin.py:104} INFO - running function for: (array([1620932763000, 1620934563000]), 3)
[2021-05-14 10:36:03,466] {logging_mixin.py:104} INFO - submitted
[2021-05-14 10:36:03,466] {logging_mixin.py:104} INFO - running function for: (array([1620930963000, 1620932763000]), 1)
[2021-05-14 10:36:03,467] {logging_mixin.py:104} INFO - submitted
[2021-05-14 10:36:03,467] {logging_mixin.py:104} INFO - running function for: (array([1620930963000, 1620932763000]), 2)
[2021-05-14 10:36:03,467] {logging_mixin.py:104} INFO - submitted
[2021-05-14 10:36:03,468] {logging_mixin.py:104} INFO - running function for: (array([1620930963000, 1620932763000]), 3)
[2021-05-14 10:36:03,468] {logging_mixin.py:104} INFO - submitted
[2021-05-14 10:36:03,468] {logging_mixin.py:104} INFO - running function for: (array([1620929163000, 1620930963000]), 1)
[2021-05-14 10:36:03,468] {logging_mixin.py:104} INFO - submitted
[2021-05-14 10:36:03,469] {logging_mixin.py:104} INFO - running function for: (array([1620929163000, 1620930963000]), 2)
[2021-05-14 10:36:03,469] {logging_mixin.py:104} INFO - submitted
[2021-05-14 10:36:03,469] {logging_mixin.py:104} INFO - running function for: (array([1620929163000, 1620930963000]), 3)
[2021-05-14 10:36:03,469] {logging_mixin.py:104} INFO - submitted
[2021-05-14 10:36:03,470] {logging_mixin.py:104} INFO - running function for: (array([1620927363000, 1620929163000]), 1)
[2021-05-14 10:36:03,470] {logging_mixin.py:104} INFO - submitted
[2021-05-14 10:36:03,470] {logging_mixin.py:104} INFO - running function for: (array([1620927363000, 1620929163000]), 2)
[2021-05-14 10:36:03,471] {logging_mixin.py:104} INFO - submitted
[2021-05-14 10:36:03,471] {logging_mixin.py:104} INFO - running function for: (array([1620927363000, 1620929163000]), 3)
[2021-05-14 10:36:03,471] {logging_mixin.py:104} INFO - submitted
[2021-05-14 10:36:03,471] {logging_mixin.py:104} INFO - running function for: (array([1620925563000, 1620927363000]), 1)
[2021-05-14 10:36:03,472] {logging_mixin.py:104} INFO - submitted
[2021-05-14 10:36:03,472] {logging_mixin.py:104} INFO - running function for: (array([1620925563000, 1620927363000]), 2)
[2021-05-14 10:36:03,472] {logging_mixin.py:104} INFO - submitted
[2021-05-14 10:36:03,472] {logging_mixin.py:104} INFO - running function for: (array([1620925563000, 1620927363000]), 3)
[2021-05-14 10:36:03,473] {logging_mixin.py:104} INFO - submitted
[2021-05-14 10:36:03,474] {logging_mixin.py:104} INFO - running function for: (array([1620923763000, 1620925563000]), 1)
[2021-05-14 10:36:03,475] {logging_mixin.py:104} INFO - submitted
[2021-05-14 10:36:03,475] {logging_mixin.py:104} INFO - running function for: (array([1620923763000, 1620925563000]), 2)
[2021-05-14 10:36:03,475] {logging_mixin.py:104} INFO - submitted
[2021-05-14 10:36:03,476] {logging_mixin.py:104} INFO - running function for: (array([1620923763000, 1620925563000]), 3)
[2021-05-14 10:36:03,476] {logging_mixin.py:104} INFO - submitted
[2021-05-14 10:36:03,480] {logging_mixin.py:104} INFO - running function for: (array([1620921963000, 1620923763000]), 1)
[2021-05-14 10:36:03,481] {logging_mixin.py:104} INFO - submitted
[2021-05-14 10:36:03,482] {logging_mixin.py:104} INFO - running function for: (array([1620921963000, 1620923763000]), 2)
[2021-05-14 10:36:03,483] {logging_mixin.py:104} INFO - submitted
[2021-05-14 10:36:03,483] {logging_mixin.py:104} INFO - running function for: (array([1620921963000, 1620923763000]), 3)
[2021-05-14 10:36:03,484] {logging_mixin.py:104} INFO - submitted
[2021-05-14 10:36:03,484] {logging_mixin.py:104} INFO - running function for: (array([1620920163000, 1620921963000]), 1)
[2021-05-14 10:36:03,484] {logging_mixin.py:104} INFO - submitted
[2021-05-14 10:36:03,485] {logging_mixin.py:104} INFO - running function for: (array([1620920163000, 1620921963000]), 2)
[2021-05-14 10:36:03,485] {logging_mixin.py:104} INFO - submitted
[2021-05-14 10:36:03,485] {logging_mixin.py:104} INFO - running function for: (array([1620920163000, 1620921963000]), 3)
[2021-05-14 10:36:03,485] {logging_mixin.py:104} INFO - submitted
[2021-05-14 10:36:03,486] {logging_mixin.py:104} INFO - running function for: (array([1620918363000, 1620920163000]), 1)
[2021-05-14 10:36:03,486] {logging_mixin.py:104} INFO - submitted
[2021-05-14 10:36:03,486] {logging_mixin.py:104} INFO - running function for: (array([1620918363000, 1620920163000]), 2)
[2021-05-14 10:36:03,487] {logging_mixin.py:104} INFO - submitted
[2021-05-14 10:36:03,487] {logging_mixin.py:104} INFO - running function for: (array([1620918363000, 1620920163000]), 3)
[2021-05-14 10:36:03,487] {logging_mixin.py:104} INFO - submitted
[2021-05-14 10:36:03,487] {logging_mixin.py:104} INFO - running function for: (array([1620916563000, 1620918363000]), 1)
[2021-05-14 10:36:03,488] {logging_mixin.py:104} INFO - submitted
[2021-05-14 10:36:03,488] {logging_mixin.py:104} INFO - running function for: (array([1620916563000, 1620918363000]), 2)
[2021-05-14 10:36:03,488] {logging_mixin.py:104} INFO - submitted
[2021-05-14 10:36:03,489] {logging_mixin.py:104} INFO - running function for: (array([1620916563000, 1620918363000]), 3)
[2021-05-14 10:36:03,489] {logging_mixin.py:104} INFO - submitted
[2021-05-14 10:36:03,489] {logging_mixin.py:104} INFO - running function for: (array([1620914763000, 1620916563000]), 1)
[2021-05-14 10:36:03,489] {logging_mixin.py:104} INFO - submitted
[2021-05-14 10:36:03,490] {logging_mixin.py:104} INFO - running function for: (array([1620914763000, 1620916563000]), 2)
[2021-05-14 10:36:03,490] {logging_mixin.py:104} INFO - submitted
[2021-05-14 10:36:03,490] {logging_mixin.py:104} INFO - running function for: (array([1620914763000, 1620916563000]), 3)
[2021-05-14 10:36:03,490] {logging_mixin.py:104} INFO - submitted
[2021-05-14 10:36:03,491] {logging_mixin.py:104} INFO - running function for: (array([1620912963000, 1620914763000]), 1)
[2021-05-14 10:36:03,491] {logging_mixin.py:104} INFO - submitted
[2021-05-14 10:36:03,491] {logging_mixin.py:104} INFO - running function for: (array([1620912963000, 1620914763000]), 2)
[2021-05-14 10:36:03,491] {logging_mixin.py:104} INFO - submitted
[2021-05-14 10:36:03,492] {logging_mixin.py:104} INFO - running function for: (array([1620912963000, 1620914763000]), 3)
[2021-05-14 10:36:03,492] {logging_mixin.py:104} INFO - submitted
[2021-05-14 10:36:07,128] {logging_mixin.py:104} INFO - https://cdn.iqoption.com/api/quotes-history/quotes/3.0?to=1620993963000&from=1620992163000&active_id=3&only_round=true&_key=1614903660000
[2021-05-14 10:36:07,341] {logging_mixin.py:104} INFO - https://cdn.iqoption.com/api/quotes-history/quotes/3.0?to=1620992163000&from=1620990363000&active_id=1&only_round=true&_key=1614903660000
[2021-05-14 10:36:07,360] {logging_mixin.py:104} INFO - https://cdn.iqoption.com/api/quotes-history/quotes/3.0?to=1620992163000&from=1620990363000&active_id=2&only_round=true&_key=1614903660000
[2021-05-14 10:36:07,389] {logging_mixin.py:104} INFO - https://cdn.iqoption.com/api/quotes-history/quotes/3.0?to=1620992163000&from=1620990363000&active_id=3&only_round=true&_key=1614903660000
[2021-05-14 10:36:07,389] {logging_mixin.py:104} INFO - https://cdn.iqoption.com/api/quotes-history/quotes/3.0?to=1620990363000&from=1620988563000&active_id=1&only_round=true&_key=1614903660000
[2021-05-14 10:36:07,407] {logging_mixin.py:104} INFO - https://cdn.iqoption.com/api/quotes-history/quotes/3.0?to=1620990363000&from=1620988563000&active_id=2&only_round=true&_key=1614903660000
[2021-05-14 10:36:07,410] {logging_mixin.py:104} INFO - https://cdn.iqoption.com/api/quotes-history/quotes/3.0?to=1620990363000&from=1620988563000&active_id=3&only_round=true&_key=1614903660000
[2021-05-14 10:36:07,441] {logging_mixin.py:104} INFO - https://cdn.iqoption.com/api/quotes-history/quotes/3.0?to=1620988563000&from=1620986763000&active_id=1&only_round=true&_key=1614903660000
[2021-05-14 10:36:09,522] {logging_mixin.py:104} INFO - https://cdn.iqoption.com/api/quotes-history/quotes/3.0?to=1620988563000&from=1620986763000&active_id=2&only_round=true&_key=1614903660000
[2021-05-14 10:36:09,535] {logging_mixin.py:104} INFO - https://cdn.iqoption.com/api/quotes-history/quotes/3.0?to=1620988563000&from=1620986763000&active_id=3&only_round=true&_key=1614903660000
[2021-05-14 10:36:09,635] {logging_mixin.py:104} INFO - https://cdn.iqoption.com/api/quotes-history/quotes/3.0?to=1620986763000&from=1620984963000&active_id=1&only_round=true&_key=1614903660000
[2021-05-14 10:36:09,663] {logging_mixin.py:104} INFO - https://cdn.iqoption.com/api/quotes-history/quotes/3.0?to=1620986763000&from=1620984963000&active_id=2&only_round=true&_key=1614903660000
[2021-05-14 10:36:09,683] {logging_mixin.py:104} INFO - https://cdn.iqoption.com/api/quotes-history/quotes/3.0?to=1620986763000&from=1620984963000&active_id=3&only_round=true&_key=1614903660000
[2021-05-14 10:36:09,684] {logging_mixin.py:104} INFO - https://cdn.iqoption.com/api/quotes-history/quotes/3.0?to=1620984963000&from=1620983163000&active_id=1&only_round=true&_key=1614903660000
[2021-05-14 10:36:09,706] {logging_mixin.py:104} INFO - https://cdn.iqoption.com/api/quotes-history/quotes/3.0?to=1620984963000&from=1620983163000&active_id=2&only_round=true&_key=1614903660000
[2021-05-14 10:36:10,127] {logging_mixin.py:104} INFO - https://cdn.iqoption.com/api/quotes-history/quotes/3.0?to=1620984963000&from=1620983163000&active_id=3&only_round=true&_key=1614903660000
[2021-05-14 10:36:11,382] {logging_mixin.py:104} INFO - https://cdn.iqoption.com/api/quotes-history/quotes/3.0?to=1620983163000&from=1620981363000&active_id=1&only_round=true&_key=1614903660000
[2021-05-14 10:36:11,541] {logging_mixin.py:104} INFO - https://cdn.iqoption.com/api/quotes-history/quotes/3.0?to=1620983163000&from=1620981363000&active_id=2&only_round=true&_key=1614903660000
[2021-05-14 10:36:11,629] {logging_mixin.py:104} INFO - https://cdn.iqoption.com/api/quotes-history/quotes/3.0?to=1620983163000&from=1620981363000&active_id=3&only_round=true&_key=1614903660000
[2021-05-14 10:36:11,651] {logging_mixin.py:104} INFO - https://cdn.iqoption.com/api/quotes-history/quotes/3.0?to=1620981363000&from=1620979563000&active_id=1&only_round=true&_key=1614903660000
[2021-05-14 10:36:11,656] {logging_mixin.py:104} INFO - https://cdn.iqoption.com/api/quotes-history/quotes/3.0?to=1620981363000&from=1620979563000&active_id=2&only_round=true&_key=1614903660000
[2021-05-14 10:36:11,666] {logging_mixin.py:104} INFO - https://cdn.iqoption.com/api/quotes-history/quotes/3.0?to=1620981363000&from=1620979563000&active_id=3&only_round=true&_key=1614903660000
[2021-05-14 10:36:11,670] {logging_mixin.py:104} INFO - https://cdn.iqoption.com/api/quotes-history/quotes/3.0?to=1620979563000&from=1620977763000&active_id=1&only_round=true&_key=1614903660000
[2021-05-14 10:36:12,023] {logging_mixin.py:104} INFO - https://cdn.iqoption.com/api/quotes-history/quotes/3.0?to=1620979563000&from=1620977763000&active_id=2&only_round=true&_key=1614903660000
[2021-05-14 10:36:13,247] {logging_mixin.py:104} INFO - https://cdn.iqoption.com/api/quotes-history/quotes/3.0?to=1620979563000&from=1620977763000&active_id=3&only_round=true&_key=1614903660000
[2021-05-14 10:36:13,278] {logging_mixin.py:104} INFO - https://cdn.iqoption.com/api/quotes-history/quotes/3.0?to=1620977763000&from=1620975963000&active_id=1&only_round=true&_key=1614903660000
[2021-05-14 10:36:13,351] {logging_mixin.py:104} INFO - https://cdn.iqoption.com/api/quotes-history/quotes/3.0?to=1620977763000&from=1620975963000&active_id=2&only_round=true&_key=1614903660000
[2021-05-14 10:36:13,485] {logging_mixin.py:104} INFO - https://cdn.iqoption.com/api/quotes-history/quotes/3.0?to=1620977763000&from=1620975963000&active_id=3&only_round=true&_key=1614903660000
[2021-05-14 10:36:13,489] {logging_mixin.py:104} INFO - https://cdn.iqoption.com/api/quotes-history/quotes/3.0?to=1620975963000&from=1620974163000&active_id=1&only_round=true&_key=1614903660000
[2021-05-14 10:36:13,500] {logging_mixin.py:104} INFO - https://cdn.iqoption.com/api/quotes-history/quotes/3.0?to=1620975963000&from=1620974163000&active_id=2&only_round=true&_key=1614903660000
[2021-05-14 10:36:13,521] {logging_mixin.py:104} INFO - https://cdn.iqoption.com/api/quotes-history/quotes/3.0?to=1620975963000&from=1620974163000&active_id=3&only_round=true&_key=1614903660000
[2021-05-14 10:36:13,729] {logging_mixin.py:104} INFO - https://cdn.iqoption.com/api/quotes-history/quotes/3.0?to=1620974163000&from=1620972363000&active_id=1&only_round=true&_key=1614903660000
[2021-05-14 10:36:15,192] {logging_mixin.py:104} INFO - https://cdn.iqoption.com/api/quotes-history/quotes/3.0?to=1620974163000&from=1620972363000&active_id=2&only_round=true&_key=1614903660000
[2021-05-14 10:36:15,215] {logging_mixin.py:104} INFO - https://cdn.iqoption.com/api/quotes-history/quotes/3.0?to=1620974163000&from=1620972363000&active_id=3&only_round=true&_key=1614903660000
[2021-05-14 10:36:15,244] {logging_mixin.py:104} INFO - https://cdn.iqoption.com/api/quotes-history/quotes/3.0?to=1620972363000&from=1620970563000&active_id=1&only_round=true&_key=1614903660000
[2021-05-14 10:36:15,245] {logging_mixin.py:104} INFO - https://cdn.iqoption.com/api/quotes-history/quotes/3.0?to=1620972363000&from=1620970563000&active_id=2&only_round=true&_key=1614903660000
[2021-05-14 10:36:15,292] {logging_mixin.py:104} INFO - https://cdn.iqoption.com/api/quotes-history/quotes/3.0?to=1620972363000&from=1620970563000&active_id=3&only_round=true&_key=1614903660000
[2021-05-14 10:36:15,328] {logging_mixin.py:104} INFO - https://cdn.iqoption.com/api/quotes-history/quotes/3.0?to=1620970563000&from=1620968763000&active_id=1&only_round=true&_key=1614903660000
[2021-05-14 10:36:15,416] {logging_mixin.py:104} INFO - https://cdn.iqoption.com/api/quotes-history/quotes/3.0?to=1620970563000&from=1620968763000&active_id=2&only_round=true&_key=1614903660000
[2021-05-14 10:36:15,743] {logging_mixin.py:104} INFO - https://cdn.iqoption.com/api/quotes-history/quotes/3.0?to=1620970563000&from=1620968763000&active_id=3&only_round=true&_key=1614903660000
[2021-05-14 10:36:16,963] {logging_mixin.py:104} INFO - https://cdn.iqoption.com/api/quotes-history/quotes/3.0?to=1620968763000&from=1620966963000&active_id=1&only_round=true&_key=1614903660000
[2021-05-14 10:36:16,994] {logging_mixin.py:104} INFO - https://cdn.iqoption.com/api/quotes-history/quotes/3.0?to=1620968763000&from=1620966963000&active_id=2&only_round=true&_key=1614903660000
[2021-05-14 10:36:17,000] {logging_mixin.py:104} INFO - https://cdn.iqoption.com/api/quotes-history/quotes/3.0?to=1620968763000&from=1620966963000&active_id=3&only_round=true&_key=1614903660000
[2021-05-14 10:36:17,079] {logging_mixin.py:104} INFO - https://cdn.iqoption.com/api/quotes-history/quotes/3.0?to=1620966963000&from=1620965163000&active_id=1&only_round=true&_key=1614903660000
[2021-05-14 10:36:17,092] {logging_mixin.py:104} INFO - https://cdn.iqoption.com/api/quotes-history/quotes/3.0?to=1620966963000&from=1620965163000&active_id=2&only_round=true&_key=1614903660000
[2021-05-14 10:36:17,108] {logging_mixin.py:104} INFO - https://cdn.iqoption.com/api/quotes-history/quotes/3.0?to=1620966963000&from=1620965163000&active_id=3&only_round=true&_key=1614903660000
[2021-05-14 10:36:17,120] {logging_mixin.py:104} INFO - https://cdn.iqoption.com/api/quotes-history/quotes/3.0?to=1620965163000&from=1620963363000&active_id=1&only_round=true&_key=1614903660000
[2021-05-14 10:36:17,423] {logging_mixin.py:104} INFO - https://cdn.iqoption.com/api/quotes-history/quotes/3.0?to=1620965163000&from=1620963363000&active_id=2&only_round=true&_key=1614903660000
[2021-05-14 10:36:18,568] {logging_mixin.py:104} INFO - https://cdn.iqoption.com/api/quotes-history/quotes/3.0?to=1620965163000&from=1620963363000&active_id=3&only_round=true&_key=1614903660000
[2021-05-14 10:36:18,615] {logging_mixin.py:104} INFO - https://cdn.iqoption.com/api/quotes-history/quotes/3.0?to=1620963363000&from=1620961563000&active_id=1&only_round=true&_key=1614903660000
[2021-05-14 10:36:18,723] {logging_mixin.py:104} INFO - https://cdn.iqoption.com/api/quotes-history/quotes/3.0?to=1620963363000&from=1620961563000&active_id=2&only_round=true&_key=1614903660000
[2021-05-14 10:36:18,729] {logging_mixin.py:104} INFO - https://cdn.iqoption.com/api/quotes-history/quotes/3.0?to=1620963363000&from=1620961563000&active_id=3&only_round=true&_key=1614903660000
[2021-05-14 10:36:18,753] {logging_mixin.py:104} INFO - https://cdn.iqoption.com/api/quotes-history/quotes/3.0?to=1620961563000&from=1620959763000&active_id=1&only_round=true&_key=1614903660000
[2021-05-14 10:36:18,762] {logging_mixin.py:104} INFO - https://cdn.iqoption.com/api/quotes-history/quotes/3.0?to=1620961563000&from=1620959763000&active_id=2&only_round=true&_key=1614903660000
[2021-05-14 10:36:18,816] {logging_mixin.py:104} INFO - https://cdn.iqoption.com/api/quotes-history/quotes/3.0?to=1620961563000&from=1620959763000&active_id=3&only_round=true&_key=1614903660000
[2021-05-14 10:36:19,088] {logging_mixin.py:104} INFO - https://cdn.iqoption.com/api/quotes-history/quotes/3.0?to=1620959763000&from=1620957963000&active_id=1&only_round=true&_key=1614903660000
[2021-05-14 10:36:20,257] {logging_mixin.py:104} INFO - https://cdn.iqoption.com/api/quotes-history/quotes/3.0?to=1620959763000&from=1620957963000&active_id=2&only_round=true&_key=1614903660000
[2021-05-14 10:36:20,371] {logging_mixin.py:104} INFO - https://cdn.iqoption.com/api/quotes-history/quotes/3.0?to=1620959763000&from=1620957963000&active_id=3&only_round=true&_key=1614903660000
[2021-05-14 10:36:20,404] {logging_mixin.py:104} INFO - https://cdn.iqoption.com/api/quotes-history/quotes/3.0?to=1620957963000&from=1620956163000&active_id=1&only_round=true&_key=1614903660000
[2021-05-14 10:36:20,419] {logging_mixin.py:104} INFO - https://cdn.iqoption.com/api/quotes-history/quotes/3.0?to=1620957963000&from=1620956163000&active_id=2&only_round=true&_key=1614903660000
[2021-05-14 10:36:20,420] {logging_mixin.py:104} INFO - https://cdn.iqoption.com/api/quotes-history/quotes/3.0?to=1620957963000&from=1620956163000&active_id=2&only_round=true&_key=1614903660000
https://cdn.iqoption.com/api/quotes-history/quotes/3.0?to=1620957963000&from=1620956163000&active_id=3&only_round=true&_key=1614903660000
[2021-05-14 10:36:20,498] {logging_mixin.py:104} INFO - https://cdn.iqoption.com/api/quotes-history/quotes/3.0?to=1620956163000&from=1620954363000&active_id=1&only_round=true&_key=1614903660000
[2021-05-14 10:36:20,606] {logging_mixin.py:104} INFO - https://cdn.iqoption.com/api/quotes-history/quotes/3.0?to=1620956163000&from=1620954363000&active_id=2&only_round=true&_key=1614903660000
[2021-05-14 10:36:20,786] {logging_mixin.py:104} INFO - https://cdn.iqoption.com/api/quotes-history/quotes/3.0?to=1620956163000&from=1620954363000&active_id=3&only_round=true&_key=1614903660000
[2021-05-14 10:36:21,986] {logging_mixin.py:104} INFO - https://cdn.iqoption.com/api/quotes-history/quotes/3.0?to=1620954363000&from=1620952563000&active_id=1&only_round=true&_key=1614903660000
[2021-05-14 10:36:22,015] {logging_mixin.py:104} INFO - https://cdn.iqoption.com/api/quotes-history/quotes/3.0?to=1620954363000&from=1620952563000&active_id=2&only_round=true&_key=1614903660000
[2021-05-14 10:36:22,053] {logging_mixin.py:104} INFO - https://cdn.iqoption.com/api/quotes-history/quotes/3.0?to=1620954363000&from=1620952563000&active_id=3&only_round=true&_key=1614903660000
[2021-05-14 10:36:22,075] {logging_mixin.py:104} INFO - https://cdn.iqoption.com/api/quotes-history/quotes/3.0?to=1620952563000&from=1620950763000&active_id=1&only_round=true&_key=1614903660000
[2021-05-14 10:36:22,080] {logging_mixin.py:104} INFO - https://cdn.iqoption.com/api/quotes-history/quotes/3.0?to=1620952563000&from=1620950763000&active_id=2&only_round=true&_key=1614903660000
[2021-05-14 10:36:22,090] {logging_mixin.py:104} INFO - https://cdn.iqoption.com/api/quotes-history/quotes/3.0?to=1620952563000&from=1620950763000&active_id=3&only_round=true&_key=1614903660000
[2021-05-14 10:36:22,106] {logging_mixin.py:104} INFO - https://cdn.iqoption.com/api/quotes-history/quotes/3.0?to=1620950763000&from=1620948963000&active_id=1&only_round=true&_key=1614903660000
[2021-05-14 10:36:23,531] {logging_mixin.py:104} INFO - https://cdn.iqoption.com/api/quotes-history/quotes/3.0?to=1620950763000&from=1620948963000&active_id=2&only_round=true&_key=1614903660000
[2021-05-14 10:36:23,609] {logging_mixin.py:104} INFO - https://cdn.iqoption.com/api/quotes-history/quotes/3.0?to=1620950763000&from=1620948963000&active_id=3&only_round=true&_key=1614903660000
[2021-05-14 10:36:23,632] {logging_mixin.py:104} INFO - https://cdn.iqoption.com/api/quotes-history/quotes/3.0?to=1620948963000&from=1620947163000&active_id=1&only_round=true&_key=1614903660000
[2021-05-14 10:36:23,690] {logging_mixin.py:104} INFO - https://cdn.iqoption.com/api/quotes-history/quotes/3.0?to=1620948963000&from=1620947163000&active_id=2&only_round=true&_key=1614903660000
[2021-05-14 10:36:23,727] {logging_mixin.py:104} INFO - https://cdn.iqoption.com/api/quotes-history/quotes/3.0?to=1620948963000&from=1620947163000&active_id=3&only_round=true&_key=1614903660000
[2021-05-14 10:36:23,743] {logging_mixin.py:104} INFO - https://cdn.iqoption.com/api/quotes-history/quotes/3.0?to=1620947163000&from=1620945363000&active_id=1&only_round=true&_key=1614903660000
[2021-05-14 10:36:23,748] {logging_mixin.py:104} INFO - https://cdn.iqoption.com/api/quotes-history/quotes/3.0?to=1620947163000&from=1620945363000&active_id=2&only_round=true&_key=1614903660000
[2021-05-14 10:36:24,699] {logging_mixin.py:104} INFO - https://cdn.iqoption.com/api/quotes-history/quotes/3.0?to=1620947163000&from=1620945363000&active_id=3&only_round=true&_key=1614903660000
[2021-05-14 10:36:25,231] {logging_mixin.py:104} INFO - https://cdn.iqoption.com/api/quotes-history/quotes/3.0?to=1620945363000&from=1620943563000&active_id=1&only_round=true&_key=1614903660000
[2021-05-14 10:36:25,350] {logging_mixin.py:104} INFO - https://cdn.iqoption.com/api/quotes-history/quotes/3.0?to=1620945363000&from=1620943563000&active_id=2&only_round=true&_key=1614903660000
[2021-05-14 10:36:25,375] {logging_mixin.py:104} INFO - https://cdn.iqoption.com/api/quotes-history/quotes/3.0?to=1620945363000&from=1620943563000&active_id=3&only_round=true&_key=1614903660000
[2021-05-14 10:36:25,422] {logging_mixin.py:104} INFO - https://cdn.iqoption.com/api/quotes-history/quotes/3.0?to=1620943563000&from=1620941763000&active_id=1&only_round=true&_key=1614903660000
[2021-05-14 10:36:25,540] {logging_mixin.py:104} INFO - https://cdn.iqoption.com/api/quotes-history/quotes/3.0?to=1620943563000&from=1620941763000&active_id=2&only_round=true&_key=1614903660000
[2021-05-14 10:36:25,561] {logging_mixin.py:104} INFO - https://cdn.iqoption.com/api/quotes-history/quotes/3.0?to=1620943563000&from=1620941763000&active_id=3&only_round=true&_key=1614903660000
[2021-05-14 10:36:25,870] {logging_mixin.py:104} INFO - https://cdn.iqoption.com/api/quotes-history/quotes/3.0?to=1620941763000&from=1620939963000&active_id=1&only_round=true&_key=1614903660000
[2021-05-14 10:36:26,020] {logging_mixin.py:104} INFO - https://cdn.iqoption.com/api/quotes-history/quotes/3.0?to=1620941763000&from=1620939963000&active_id=2&only_round=true&_key=1614903660000
[2021-05-14 10:36:26,657] {logging_mixin.py:104} INFO - https://cdn.iqoption.com/api/quotes-history/quotes/3.0?to=1620941763000&from=1620939963000&active_id=3&only_round=true&_key=1614903660000
[2021-05-14 10:36:26,831] {logging_mixin.py:104} INFO - https://cdn.iqoption.com/api/quotes-history/quotes/3.0?to=1620939963000&from=1620938163000&active_id=1&only_round=true&_key=1614903660000
[2021-05-14 10:36:26,937] {logging_mixin.py:104} INFO - https://cdn.iqoption.com/api/quotes-history/quotes/3.0?to=1620939963000&from=1620938163000&active_id=2&only_round=true&_key=1614903660000
[2021-05-14 10:36:27,092] {logging_mixin.py:104} INFO - https://cdn.iqoption.com/api/quotes-history/quotes/3.0?to=1620939963000&from=1620938163000&active_id=3&only_round=true&_key=1614903660000
[2021-05-14 10:36:27,145] {logging_mixin.py:104} INFO - https://cdn.iqoption.com/api/quotes-history/quotes/3.0?to=1620938163000&from=1620936363000&active_id=1&only_round=true&_key=1614903660000
[2021-05-14 10:36:27,481] {logging_mixin.py:104} INFO - https://cdn.iqoption.com/api/quotes-history/quotes/3.0?to=1620938163000&from=1620936363000&active_id=2&only_round=true&_key=1614903660000
[2021-05-14 10:36:27,535] {logging_mixin.py:104} INFO - https://cdn.iqoption.com/api/quotes-history/quotes/3.0?to=1620938163000&from=1620936363000&active_id=3&only_round=true&_key=1614903660000
[2021-05-14 10:36:28,435] {logging_mixin.py:104} INFO - https://cdn.iqoption.com/api/quotes-history/quotes/3.0?to=1620936363000&from=1620934563000&active_id=1&only_round=true&_key=1614903660000
[2021-05-14 10:36:28,436] {logging_mixin.py:104} INFO - https://cdn.iqoption.com/api/quotes-history/quotes/3.0?to=1620936363000&from=1620934563000&active_id=2&only_round=true&_key=1614903660000
[2021-05-14 10:36:28,632] {logging_mixin.py:104} INFO - https://cdn.iqoption.com/api/quotes-history/quotes/3.0?to=1620936363000&from=1620934563000&active_id=3&only_round=true&_key=1614903660000
[2021-05-14 10:36:28,715] {logging_mixin.py:104} INFO - https://cdn.iqoption.com/api/quotes-history/quotes/3.0?to=1620934563000&from=1620932763000&active_id=1&only_round=true&_key=1614903660000
[2021-05-14 10:36:28,827] {logging_mixin.py:104} INFO - https://cdn.iqoption.com/api/quotes-history/quotes/3.0?to=1620934563000&from=1620932763000&active_id=2&only_round=true&_key=1614903660000
[2021-05-14 10:36:29,051] {logging_mixin.py:104} INFO - https://cdn.iqoption.com/api/quotes-history/quotes/3.0?to=1620934563000&from=1620932763000&active_id=3&only_round=true&_key=1614903660000
[2021-05-14 10:36:29,059] {logging_mixin.py:104} INFO - https://cdn.iqoption.com/api/quotes-history/quotes/3.0?to=1620932763000&from=1620930963000&active_id=1&only_round=true&_key=1614903660000
[2021-05-14 10:36:29,142] {logging_mixin.py:104} INFO - https://cdn.iqoption.com/api/quotes-history/quotes/3.0?to=1620932763000&from=1620930963000&active_id=2&only_round=true&_key=1614903660000
[2021-05-14 10:36:30,003] {logging_mixin.py:104} INFO - https://cdn.iqoption.com/api/quotes-history/quotes/3.0?to=1620932763000&from=1620930963000&active_id=3&only_round=true&_key=1614903660000
[2021-05-14 10:36:30,026] {logging_mixin.py:104} INFO - https://cdn.iqoption.com/api/quotes-history/quotes/3.0?to=1620930963000&from=1620929163000&active_id=1&only_round=true&_key=1614903660000
[2021-05-14 10:36:30,285] {logging_mixin.py:104} INFO - https://cdn.iqoption.com/api/quotes-history/quotes/3.0?to=1620930963000&from=1620929163000&active_id=2&only_round=true&_key=1614903660000
[2021-05-14 10:36:30,355] {logging_mixin.py:104} INFO - https://cdn.iqoption.com/api/quotes-history/quotes/3.0?to=1620930963000&from=1620929163000&active_id=3&only_round=true&_key=1614903660000
[2021-05-14 10:36:30,452] {logging_mixin.py:104} INFO - https://cdn.iqoption.com/api/quotes-history/quotes/3.0?to=1620929163000&from=1620927363000&active_id=1&only_round=true&_key=1614903660000
[2021-05-14 10:36:30,641] {logging_mixin.py:104} INFO - https://cdn.iqoption.com/api/quotes-history/quotes/3.0?to=1620929163000&from=1620927363000&active_id=2&only_round=true&_key=1614903660000
[2021-05-14 10:36:30,756] {logging_mixin.py:104} INFO - https://cdn.iqoption.com/api/quotes-history/quotes/3.0?to=1620929163000&from=1620927363000&active_id=3&only_round=true&_key=1614903660000
[2021-05-14 10:36:30,856] {logging_mixin.py:104} INFO - https://cdn.iqoption.com/api/quotes-history/quotes/3.0?to=1620927363000&from=1620925563000&active_id=1&only_round=true&_key=1614903660000
[2021-05-14 10:36:31,602] {logging_mixin.py:104} INFO - https://cdn.iqoption.com/api/quotes-history/quotes/3.0?to=1620927363000&from=1620925563000&active_id=2&only_round=true&_key=1614903660000
[2021-05-14 10:36:31,671] {logging_mixin.py:104} INFO - https://cdn.iqoption.com/api/quotes-history/quotes/3.0?to=1620927363000&from=1620925563000&active_id=3&only_round=true&_key=1614903660000
[2021-05-14 10:36:32,123] {logging_mixin.py:104} INFO - https://cdn.iqoption.com/api/quotes-history/quotes/3.0?to=1620925563000&from=1620923763000&active_id=1&only_round=true&_key=1614903660000
[2021-05-14 10:36:32,248] {logging_mixin.py:104} INFO - https://cdn.iqoption.com/api/quotes-history/quotes/3.0?to=1620925563000&from=1620923763000&active_id=2&only_round=true&_key=1614903660000
[2021-05-14 10:36:32,266] {logging_mixin.py:104} INFO - https://cdn.iqoption.com/api/quotes-history/quotes/3.0?to=1620925563000&from=1620923763000&active_id=3&only_round=true&_key=1614903660000
[2021-05-14 10:36:32,386] {logging_mixin.py:104} INFO - https://cdn.iqoption.com/api/quotes-history/quotes/3.0?to=1620923763000&from=1620921963000&active_id=1&only_round=true&_key=1614903660000
[2021-05-14 10:36:32,457] {logging_mixin.py:104} INFO - https://cdn.iqoption.com/api/quotes-history/quotes/3.0?to=1620923763000&from=1620921963000&active_id=2&only_round=true&_key=1614903660000
[2021-05-14 10:36:32,542] {logging_mixin.py:104} INFO - https://cdn.iqoption.com/api/quotes-history/quotes/3.0?to=1620923763000&from=1620921963000&active_id=3&only_round=true&_key=1614903660000
[2021-05-14 10:36:33,330] {logging_mixin.py:104} INFO - https://cdn.iqoption.com/api/quotes-history/quotes/3.0?to=1620921963000&from=1620920163000&active_id=1&only_round=true&_key=1614903660000
[2021-05-14 10:36:33,719] {logging_mixin.py:104} INFO - https://cdn.iqoption.com/api/quotes-history/quotes/3.0?to=1620921963000&from=1620920163000&active_id=2&only_round=true&_key=1614903660000
[2021-05-14 10:36:33,936] {logging_mixin.py:104} INFO - https://cdn.iqoption.com/api/quotes-history/quotes/3.0?to=1620921963000&from=1620920163000&active_id=3&only_round=true&_key=1614903660000
[2021-05-14 10:36:33,954] {logging_mixin.py:104} INFO - https://cdn.iqoption.com/api/quotes-history/quotes/3.0?to=1620920163000&from=1620918363000&active_id=1&only_round=true&_key=1614903660000
[2021-05-14 10:36:33,970] {logging_mixin.py:104} INFO - https://cdn.iqoption.com/api/quotes-history/quotes/3.0?to=1620920163000&from=1620918363000&active_id=2&only_round=true&_key=1614903660000
[2021-05-14 10:36:34,022] {logging_mixin.py:104} INFO - https://cdn.iqoption.com/api/quotes-history/quotes/3.0?to=1620920163000&from=1620918363000&active_id=3&only_round=true&_key=1614903660000
[2021-05-14 10:36:34,942] {logging_mixin.py:104} INFO - https://cdn.iqoption.com/api/quotes-history/quotes/3.0?to=1620918363000&from=1620916563000&active_id=1&only_round=true&_key=1614903660000
[2021-05-14 10:36:35,511] {logging_mixin.py:104} INFO - https://cdn.iqoption.com/api/quotes-history/quotes/3.0?to=1620918363000&from=1620916563000&active_id=2&only_round=true&_key=1614903660000
[2021-05-14 10:36:35,737] {logging_mixin.py:104} INFO - https://cdn.iqoption.com/api/quotes-history/quotes/3.0?to=1620918363000&from=1620916563000&active_id=3&only_round=true&_key=1614903660000
[2021-05-14 10:36:35,762] {logging_mixin.py:104} INFO - https://cdn.iqoption.com/api/quotes-history/quotes/3.0?to=1620916563000&from=1620914763000&active_id=1&only_round=true&_key=1614903660000
[2021-05-14 10:36:35,787] {logging_mixin.py:104} INFO - https://cdn.iqoption.com/api/quotes-history/quotes/3.0?to=1620916563000&from=1620914763000&active_id=2&only_round=true&_key=1614903660000
[2021-05-14 10:36:35,828] {logging_mixin.py:104} INFO - https://cdn.iqoption.com/api/quotes-history/quotes/3.0?to=1620916563000&from=1620914763000&active_id=3&only_round=true&_key=1614903660000
[2021-05-14 10:36:36,461] {logging_mixin.py:104} INFO - https://cdn.iqoption.com/api/quotes-history/quotes/3.0?to=1620914763000&from=1620912963000&active_id=1&only_round=true&_key=1614903660000
[2021-05-14 10:36:36,667] {logging_mixin.py:104} INFO - https://cdn.iqoption.com/api/quotes-history/quotes/3.0?to=1620914763000&from=1620912963000&active_id=2&only_round=true&_key=1614903660000
[2021-05-14 10:36:37,199] {logging_mixin.py:104} INFO - https://cdn.iqoption.com/api/quotes-history/quotes/3.0?to=1620914763000&from=1620912963000&active_id=3&only_round=true&_key=1614903660000
[2021-05-14 10:36:39,080] {python.py:118} INFO - Done. Returned value was: None
[2021-05-14 10:36:39,084] {taskinstance.py:1192} INFO - Marking task as SUCCESS. dag_id=etl, task_id=loading_data_to_s3, execution_date=20210514T133548, start_date=20210514T133602, end_date=20210514T133639
[2021-05-14 10:36:39,125] {taskinstance.py:1246} INFO - 1 downstream tasks scheduled from follow-on schedule check
[2021-05-14 10:36:39,166] {local_task_job.py:146} INFO - Task exited with return code 0
