[2021-05-17 02:24:52,831] {taskinstance.py:877} INFO - Dependencies all met for <TaskInstance: etl.loading_data_to_s3 2021-05-17T04:00:00+00:00 [queued]>
[2021-05-17 02:24:52,851] {taskinstance.py:877} INFO - Dependencies all met for <TaskInstance: etl.loading_data_to_s3 2021-05-17T04:00:00+00:00 [queued]>
[2021-05-17 02:24:52,851] {taskinstance.py:1068} INFO - 
--------------------------------------------------------------------------------
[2021-05-17 02:24:52,852] {taskinstance.py:1069} INFO - Starting attempt 1 of 1
[2021-05-17 02:24:52,852] {taskinstance.py:1070} INFO - 
--------------------------------------------------------------------------------
[2021-05-17 02:24:52,867] {taskinstance.py:1089} INFO - Executing <Task(PythonOperator): loading_data_to_s3> on 2021-05-17T04:00:00+00:00
[2021-05-17 02:24:52,876] {standard_task_runner.py:52} INFO - Started process 33644 to run task
[2021-05-17 02:24:52,894] {standard_task_runner.py:76} INFO - Running: ['airflow', 'tasks', 'run', 'etl', 'loading_data_to_s3', '2021-05-17T04:00:00+00:00', '--job-id', '880', '--pool', 'default_pool', '--raw', '--subdir', 'DAGS_FOLDER/etl_dag.py', '--cfg-path', '/var/folders/_f/vg3x3jmj23bcz6s88l7v6fb40000gn/T/tmpo_5s6mxa', '--error-file', '/var/folders/_f/vg3x3jmj23bcz6s88l7v6fb40000gn/T/tmpskbj0bvl']
[2021-05-17 02:24:52,899] {standard_task_runner.py:77} INFO - Job 880: Subtask loading_data_to_s3
[2021-05-17 02:24:53,002] {logging_mixin.py:104} INFO - Running <TaskInstance: etl.loading_data_to_s3 2021-05-17T04:00:00+00:00 [running]> on host 27.2.168.192.in-addr.arpa
[2021-05-17 02:24:53,080] {taskinstance.py:1283} INFO - Exporting the following env vars:
AIRFLOW_CTX_DAG_OWNER=udacity
AIRFLOW_CTX_DAG_ID=etl
AIRFLOW_CTX_TASK_ID=loading_data_to_s3
AIRFLOW_CTX_EXECUTION_DATE=2021-05-17T04:00:00+00:00
AIRFLOW_CTX_DAG_RUN_ID=scheduled__2021-05-17T04:00:00+00:00
[2021-05-17 02:24:54,379] {logging_mixin.py:104} INFO - Fetching interval list
[2021-05-17 02:24:54,382] {logging_mixin.py:104} INFO - Inverval list built
[2021-05-17 02:24:54,383] {logging_mixin.py:104} INFO - Processing data
[2021-05-17 02:24:54,384] {logging_mixin.py:104} INFO - df initialized
[2021-05-17 02:24:54,387] {logging_mixin.py:104} INFO - (array([1621225494000, 1621227294000]), 1)
[2021-05-17 02:24:54,388] {logging_mixin.py:104} INFO - (array([1621225494000, 1621227294000]), 2)
[2021-05-17 02:24:54,389] {logging_mixin.py:104} INFO - (array([1621225494000, 1621227294000]), 3)
[2021-05-17 02:24:54,390] {logging_mixin.py:104} INFO - (array([1621223694000, 1621225494000]), 1)
[2021-05-17 02:24:54,391] {logging_mixin.py:104} INFO - (array([1621223694000, 1621225494000]), 2)
[2021-05-17 02:24:54,392] {logging_mixin.py:104} INFO - (array([1621223694000, 1621225494000]), 3)
[2021-05-17 02:24:54,393] {logging_mixin.py:104} INFO - (array([1621221894000, 1621223694000]), 1)
[2021-05-17 02:24:54,394] {logging_mixin.py:104} INFO - (array([1621221894000, 1621223694000]), 2)
[2021-05-17 02:24:54,395] {logging_mixin.py:104} INFO - (array([1621221894000, 1621223694000]), 3)
[2021-05-17 02:24:54,396] {logging_mixin.py:104} INFO - (array([1621220094000, 1621221894000]), 1)
[2021-05-17 02:24:54,397] {logging_mixin.py:104} INFO - (array([1621220094000, 1621221894000]), 2)
[2021-05-17 02:24:54,398] {logging_mixin.py:104} INFO - (array([1621220094000, 1621221894000]), 3)
[2021-05-17 02:24:54,399] {logging_mixin.py:104} INFO - (array([1621218294000, 1621220094000]), 1)
[2021-05-17 02:24:54,400] {logging_mixin.py:104} INFO - (array([1621218294000, 1621220094000]), 2)
[2021-05-17 02:24:54,402] {logging_mixin.py:104} INFO - (array([1621218294000, 1621220094000]), 3)
[2021-05-17 02:24:54,403] {logging_mixin.py:104} INFO - (array([1621216494000, 1621218294000]), 1)
[2021-05-17 02:24:54,404] {logging_mixin.py:104} INFO - (array([1621216494000, 1621218294000]), 2)
[2021-05-17 02:24:54,405] {logging_mixin.py:104} INFO - (array([1621216494000, 1621218294000]), 3)
[2021-05-17 02:24:54,406] {logging_mixin.py:104} INFO - (array([1621215193000, 1621216494000]), 1)
[2021-05-17 02:24:54,407] {logging_mixin.py:104} INFO - (array([1621215193000, 1621216494000]), 2)
[2021-05-17 02:24:54,408] {logging_mixin.py:104} INFO - (array([1621215193000, 1621216494000]), 3)
[2021-05-17 02:24:54,409] {logging_mixin.py:104} INFO - ThreadPoolExecutor initialized
[2021-05-17 02:24:54,410] {logging_mixin.py:104} INFO - running function for: (array([1621225494000, 1621227294000]), 1)
[2021-05-17 02:24:54,412] {logging_mixin.py:104} INFO - https://cdn.iqoption.com/api/quotes-history/quotes/3.0?to=1621227294000&from=1621225494000&active_id=1&only_round=true&_key=1614903660000
[2021-05-17 02:24:54,415] {logging_mixin.py:104} INFO - submitted
[2021-05-17 02:24:54,416] {logging_mixin.py:104} INFO - running function for: (array([1621225494000, 1621227294000]), 2)
[2021-05-17 02:24:54,417] {logging_mixin.py:104} INFO - https://cdn.iqoption.com/api/quotes-history/quotes/3.0?to=1621227294000&from=1621225494000&active_id=2&only_round=true&_key=1614903660000
[2021-05-17 02:24:54,419] {logging_mixin.py:104} INFO - submitted
[2021-05-17 02:24:54,420] {logging_mixin.py:104} INFO - running function for: (array([1621225494000, 1621227294000]), 3)
[2021-05-17 02:24:54,421] {logging_mixin.py:104} INFO - https://cdn.iqoption.com/api/quotes-history/quotes/3.0?to=1621227294000&from=1621225494000&active_id=3&only_round=true&_key=1614903660000
[2021-05-17 02:24:54,422] {logging_mixin.py:104} INFO - submitted
[2021-05-17 02:24:54,423] {logging_mixin.py:104} INFO - running function for: (array([1621223694000, 1621225494000]), 1)
[2021-05-17 02:24:54,424] {logging_mixin.py:104} INFO - https://cdn.iqoption.com/api/quotes-history/quotes/3.0?to=1621225494000&from=1621223694000&active_id=1&only_round=true&_key=1614903660000
[2021-05-17 02:24:54,428] {logging_mixin.py:104} INFO - submitted
[2021-05-17 02:24:54,430] {logging_mixin.py:104} INFO - running function for: (array([1621223694000, 1621225494000]), 2)
[2021-05-17 02:24:54,431] {logging_mixin.py:104} INFO - https://cdn.iqoption.com/api/quotes-history/quotes/3.0?to=1621225494000&from=1621223694000&active_id=2&only_round=true&_key=1614903660000
[2021-05-17 02:24:54,432] {logging_mixin.py:104} INFO - submitted
[2021-05-17 02:24:54,433] {logging_mixin.py:104} INFO - running function for: (array([1621223694000, 1621225494000]), 3)
[2021-05-17 02:24:54,434] {logging_mixin.py:104} INFO - https://cdn.iqoption.com/api/quotes-history/quotes/3.0?to=1621225494000&from=1621223694000&active_id=3&only_round=true&_key=1614903660000
[2021-05-17 02:24:54,436] {logging_mixin.py:104} INFO - submitted
[2021-05-17 02:24:54,437] {logging_mixin.py:104} INFO - running function for: (array([1621221894000, 1621223694000]), 1)
[2021-05-17 02:24:54,438] {logging_mixin.py:104} INFO - https://cdn.iqoption.com/api/quotes-history/quotes/3.0?to=1621223694000&from=1621221894000&active_id=1&only_round=true&_key=1614903660000
[2021-05-17 02:24:54,439] {logging_mixin.py:104} INFO - submitted
[2021-05-17 02:24:54,440] {logging_mixin.py:104} INFO - running function for: (array([1621221894000, 1621223694000]), 2)
[2021-05-17 02:24:54,441] {logging_mixin.py:104} INFO - https://cdn.iqoption.com/api/quotes-history/quotes/3.0?to=1621223694000&from=1621221894000&active_id=2&only_round=true&_key=1614903660000
[2021-05-17 02:24:54,442] {logging_mixin.py:104} INFO - submitted
[2021-05-17 02:24:54,444] {logging_mixin.py:104} INFO - running function for: (array([1621221894000, 1621223694000]), 3)
[2021-05-17 02:24:54,444] {logging_mixin.py:104} INFO - submitted
[2021-05-17 02:24:54,445] {logging_mixin.py:104} INFO - running function for: (array([1621220094000, 1621221894000]), 1)
[2021-05-17 02:24:54,446] {logging_mixin.py:104} INFO - submitted
[2021-05-17 02:24:54,447] {logging_mixin.py:104} INFO - running function for: (array([1621220094000, 1621221894000]), 2)
[2021-05-17 02:24:54,448] {logging_mixin.py:104} INFO - submitted
[2021-05-17 02:24:54,449] {logging_mixin.py:104} INFO - running function for: (array([1621220094000, 1621221894000]), 3)
[2021-05-17 02:24:54,450] {logging_mixin.py:104} INFO - submitted
[2021-05-17 02:24:54,451] {logging_mixin.py:104} INFO - running function for: (array([1621218294000, 1621220094000]), 1)
[2021-05-17 02:24:54,452] {logging_mixin.py:104} INFO - submitted
[2021-05-17 02:24:54,453] {logging_mixin.py:104} INFO - running function for: (array([1621218294000, 1621220094000]), 2)
[2021-05-17 02:24:54,454] {logging_mixin.py:104} INFO - submitted
[2021-05-17 02:24:54,455] {logging_mixin.py:104} INFO - running function for: (array([1621218294000, 1621220094000]), 3)
[2021-05-17 02:24:54,456] {logging_mixin.py:104} INFO - submitted
[2021-05-17 02:24:54,457] {logging_mixin.py:104} INFO - running function for: (array([1621216494000, 1621218294000]), 1)
[2021-05-17 02:24:54,458] {logging_mixin.py:104} INFO - submitted
[2021-05-17 02:24:54,459] {logging_mixin.py:104} INFO - running function for: (array([1621216494000, 1621218294000]), 2)
[2021-05-17 02:24:54,460] {logging_mixin.py:104} INFO - submitted
[2021-05-17 02:24:54,461] {logging_mixin.py:104} INFO - running function for: (array([1621216494000, 1621218294000]), 3)
[2021-05-17 02:24:54,462] {logging_mixin.py:104} INFO - submitted
[2021-05-17 02:24:54,463] {logging_mixin.py:104} INFO - running function for: (array([1621215193000, 1621216494000]), 1)
[2021-05-17 02:24:54,464] {logging_mixin.py:104} INFO - submitted
[2021-05-17 02:24:54,465] {logging_mixin.py:104} INFO - running function for: (array([1621215193000, 1621216494000]), 2)
[2021-05-17 02:24:54,466] {logging_mixin.py:104} INFO - submitted
[2021-05-17 02:24:54,467] {logging_mixin.py:104} INFO - running function for: (array([1621215193000, 1621216494000]), 3)
[2021-05-17 02:24:54,468] {logging_mixin.py:104} INFO - submitted
[2021-05-17 02:24:58,542] {logging_mixin.py:104} INFO - https://cdn.iqoption.com/api/quotes-history/quotes/3.0?to=1621223694000&from=1621221894000&active_id=3&only_round=true&_key=1614903660000
[2021-05-17 02:24:58,845] {logging_mixin.py:104} INFO - https://cdn.iqoption.com/api/quotes-history/quotes/3.0?to=1621221894000&from=1621220094000&active_id=1&only_round=true&_key=1614903660000
[2021-05-17 02:24:58,856] {logging_mixin.py:104} INFO - https://cdn.iqoption.com/api/quotes-history/quotes/3.0?to=1621221894000&from=1621220094000&active_id=2&only_round=true&_key=1614903660000
[2021-05-17 02:24:58,946] {logging_mixin.py:104} INFO - https://cdn.iqoption.com/api/quotes-history/quotes/3.0?to=1621221894000&from=1621220094000&active_id=3&only_round=true&_key=1614903660000
[2021-05-17 02:24:58,970] {logging_mixin.py:104} INFO - https://cdn.iqoption.com/api/quotes-history/quotes/3.0?to=1621220094000&from=1621218294000&active_id=1&only_round=true&_key=1614903660000
[2021-05-17 02:24:59,004] {logging_mixin.py:104} INFO - https://cdn.iqoption.com/api/quotes-history/quotes/3.0?to=1621220094000&from=1621218294000&active_id=2&only_round=true&_key=1614903660000
[2021-05-17 02:24:59,012] {logging_mixin.py:104} INFO - https://cdn.iqoption.com/api/quotes-history/quotes/3.0?to=1621220094000&from=1621218294000&active_id=3&only_round=true&_key=1614903660000
[2021-05-17 02:24:59,131] {logging_mixin.py:104} INFO - https://cdn.iqoption.com/api/quotes-history/quotes/3.0?to=1621218294000&from=1621216494000&active_id=1&only_round=true&_key=1614903660000
[2021-05-17 02:25:00,893] {logging_mixin.py:104} INFO - https://cdn.iqoption.com/api/quotes-history/quotes/3.0?to=1621218294000&from=1621216494000&active_id=2&only_round=true&_key=1614903660000
[2021-05-17 02:25:01,077] {logging_mixin.py:104} INFO - https://cdn.iqoption.com/api/quotes-history/quotes/3.0?to=1621218294000&from=1621216494000&active_id=3&only_round=true&_key=1614903660000
[2021-05-17 02:25:01,095] {logging_mixin.py:104} INFO - https://cdn.iqoption.com/api/quotes-history/quotes/3.0?to=1621216494000&from=1621215193000&active_id=1&only_round=true&_key=1614903660000
[2021-05-17 02:25:01,181] {logging_mixin.py:104} INFO - https://cdn.iqoption.com/api/quotes-history/quotes/3.0?to=1621216494000&from=1621215193000&active_id=2&only_round=true&_key=1614903660000
[2021-05-17 02:25:01,211] {logging_mixin.py:104} INFO - https://cdn.iqoption.com/api/quotes-history/quotes/3.0?to=1621216494000&from=1621215193000&active_id=3&only_round=true&_key=1614903660000
[2021-05-17 02:25:02,951] {python.py:118} INFO - Done. Returned value was: None
[2021-05-17 02:25:02,956] {taskinstance.py:1192} INFO - Marking task as SUCCESS. dag_id=etl, task_id=loading_data_to_s3, execution_date=20210517T040000, start_date=20210517T052452, end_date=20210517T052502
[2021-05-17 02:25:03,013] {local_task_job.py:188} WARNING - State of this instance has been externally set to success. Terminating instance.
[2021-05-17 02:25:03,022] {taskinstance.py:1246} INFO - 1 downstream tasks scheduled from follow-on schedule check
[2021-05-17 02:25:03,030] {process_utils.py:100} INFO - Sending Signals.SIGTERM to GPID 33644
