[2021-05-14 15:51:33,323] {taskinstance.py:877} INFO - Dependencies all met for <TaskInstance: etl.removing_local_files 2021-05-14T18:51:12.325447+00:00 [queued]>
[2021-05-14 15:51:33,330] {taskinstance.py:877} INFO - Dependencies all met for <TaskInstance: etl.removing_local_files 2021-05-14T18:51:12.325447+00:00 [queued]>
[2021-05-14 15:51:33,330] {taskinstance.py:1068} INFO - 
--------------------------------------------------------------------------------
[2021-05-14 15:51:33,330] {taskinstance.py:1069} INFO - Starting attempt 1 of 1
[2021-05-14 15:51:33,330] {taskinstance.py:1070} INFO - 
--------------------------------------------------------------------------------
[2021-05-14 15:51:33,336] {taskinstance.py:1089} INFO - Executing <Task(PythonOperator): removing_local_files> on 2021-05-14T18:51:12.325447+00:00
[2021-05-14 15:51:33,339] {standard_task_runner.py:52} INFO - Started process 22446 to run task
[2021-05-14 15:51:33,347] {standard_task_runner.py:76} INFO - Running: ['airflow', 'tasks', 'run', 'etl', 'removing_local_files', '2021-05-14T18:51:12.325447+00:00', '--job-id', '453', '--pool', 'default_pool', '--raw', '--subdir', 'DAGS_FOLDER/etl_dag.py', '--cfg-path', '/var/folders/_f/vg3x3jmj23bcz6s88l7v6fb40000gn/T/tmpmzmv5st6', '--error-file', '/var/folders/_f/vg3x3jmj23bcz6s88l7v6fb40000gn/T/tmpzh7h3f5o']
[2021-05-14 15:51:33,349] {standard_task_runner.py:77} INFO - Job 453: Subtask removing_local_files
[2021-05-14 15:51:33,379] {logging_mixin.py:104} INFO - Running <TaskInstance: etl.removing_local_files 2021-05-14T18:51:12.325447+00:00 [running]> on host 1.0.0.0.0.0.0.0.0.0.0.0.0.0.0.0.0.0.0.0.0.0.0.0.0.0.0.0.0.0.0.0.ip6.arpa
[2021-05-14 15:51:33,399] {taskinstance.py:1283} INFO - Exporting the following env vars:
AIRFLOW_CTX_DAG_OWNER=udacity
AIRFLOW_CTX_DAG_ID=etl
AIRFLOW_CTX_TASK_ID=removing_local_files
AIRFLOW_CTX_EXECUTION_DATE=2021-05-14T18:51:12.325447+00:00
AIRFLOW_CTX_DAG_RUN_ID=manual__2021-05-14T18:51:12.325447+00:00
[2021-05-14 15:51:33,408] {python.py:118} INFO - Done. Returned value was: None
[2021-05-14 15:51:33,412] {taskinstance.py:1192} INFO - Marking task as SUCCESS. dag_id=etl, task_id=removing_local_files, execution_date=20210514T185112, start_date=20210514T185133, end_date=20210514T185133
[2021-05-14 15:51:33,456] {taskinstance.py:1246} INFO - 1 downstream tasks scheduled from follow-on schedule check
[2021-05-14 15:51:33,484] {local_task_job.py:146} INFO - Task exited with return code 0
