[2021-05-13 16:00:13,495] {taskinstance.py:877} INFO - Dependencies all met for <TaskInstance: etl.loading_data_to_s3 2021-05-13T18:00:00+00:00 [queued]>
[2021-05-13 16:00:13,500] {taskinstance.py:877} INFO - Dependencies all met for <TaskInstance: etl.loading_data_to_s3 2021-05-13T18:00:00+00:00 [queued]>
[2021-05-13 16:00:13,500] {taskinstance.py:1068} INFO - 
--------------------------------------------------------------------------------
[2021-05-13 16:00:13,500] {taskinstance.py:1069} INFO - Starting attempt 1 of 1
[2021-05-13 16:00:13,501] {taskinstance.py:1070} INFO - 
--------------------------------------------------------------------------------
[2021-05-13 16:00:13,505] {taskinstance.py:1089} INFO - Executing <Task(PythonOperator): loading_data_to_s3> on 2021-05-13T18:00:00+00:00
[2021-05-13 16:00:13,508] {standard_task_runner.py:52} INFO - Started process 14813 to run task
[2021-05-13 16:00:13,514] {standard_task_runner.py:76} INFO - Running: ['airflow', 'tasks', 'run', 'etl', 'loading_data_to_s3', '2021-05-13T18:00:00+00:00', '--job-id', '315', '--pool', 'default_pool', '--raw', '--subdir', 'DAGS_FOLDER/etl_dag.py', '--cfg-path', '/var/folders/_f/vg3x3jmj23bcz6s88l7v6fb40000gn/T/tmpgk04odss', '--error-file', '/var/folders/_f/vg3x3jmj23bcz6s88l7v6fb40000gn/T/tmpf91m4k56']
[2021-05-13 16:00:13,516] {standard_task_runner.py:77} INFO - Job 315: Subtask loading_data_to_s3
[2021-05-13 16:00:13,552] {logging_mixin.py:104} INFO - Running <TaskInstance: etl.loading_data_to_s3 2021-05-13T18:00:00+00:00 [running]> on host 27.2.168.192.in-addr.arpa
[2021-05-13 16:00:13,580] {taskinstance.py:1283} INFO - Exporting the following env vars:
AIRFLOW_CTX_DAG_OWNER=udacity
AIRFLOW_CTX_DAG_ID=etl
AIRFLOW_CTX_TASK_ID=loading_data_to_s3
AIRFLOW_CTX_EXECUTION_DATE=2021-05-13T18:00:00+00:00
AIRFLOW_CTX_DAG_RUN_ID=scheduled__2021-05-13T18:00:00+00:00
[2021-05-13 16:00:14,896] {logging_mixin.py:104} INFO - Fetching interval list
[2021-05-13 16:00:14,897] {logging_mixin.py:104} INFO - Inverval list built
[2021-05-13 16:00:14,898] {logging_mixin.py:104} INFO - Processing data
[2021-05-13 16:00:14,898] {logging_mixin.py:104} INFO - df initialized
[2021-05-13 16:00:14,899] {logging_mixin.py:104} INFO - ThreadPoolExecutor initialized
[2021-05-13 16:00:14,900] {logging_mixin.py:104} INFO - running function for: (array([1620928814000, 1620930614000]), 1)
[2021-05-13 16:00:14,901] {logging_mixin.py:104} INFO - https://cdn.iqoption.com/api/quotes-history/quotes/3.0?to=1620930614000&from=1620928814000&active_id=1&only_round=true&_key=1614903660000
[2021-05-13 16:00:14,901] {logging_mixin.py:104} INFO - https://cdn.iqoption.com/api/quotes-history/quotes/3.0?to=1620930614000&from=1620928814000&active_id=1&only_round=true&_key=1614903660000
submitted
[2021-05-13 16:00:14,903] {logging_mixin.py:104} INFO - running function for: (array([1620928814000, 1620930614000]), 2)
[2021-05-13 16:00:14,904] {logging_mixin.py:104} INFO - https://cdn.iqoption.com/api/quotes-history/quotes/3.0?to=1620930614000&from=1620928814000&active_id=2&only_round=true&_key=1614903660000
[2021-05-13 16:00:14,904] {logging_mixin.py:104} INFO - https://cdn.iqoption.com/api/quotes-history/quotes/3.0?to=1620930614000&from=1620928814000&active_id=2&only_round=true&_key=1614903660000
submitted
[2021-05-13 16:00:14,905] {logging_mixin.py:104} INFO - running function for: (array([1620928814000, 1620930614000]), 3)
[2021-05-13 16:00:14,906] {logging_mixin.py:104} INFO - https://cdn.iqoption.com/api/quotes-history/quotes/3.0?to=1620930614000&from=1620928814000&active_id=3&only_round=true&_key=1614903660000
[2021-05-13 16:00:14,906] {logging_mixin.py:104} INFO - submitted
[2021-05-13 16:00:14,907] {logging_mixin.py:104} INFO - running function for: (array([1620927014000, 1620928814000]), 1)
[2021-05-13 16:00:14,907] {logging_mixin.py:104} INFO - https://cdn.iqoption.com/api/quotes-history/quotes/3.0?to=1620928814000&from=1620927014000&active_id=1&only_round=true&_key=1614903660000
[2021-05-13 16:00:14,908] {logging_mixin.py:104} INFO - https://cdn.iqoption.com/api/quotes-history/quotes/3.0?to=1620928814000&from=1620927014000&active_id=1&only_round=true&_key=1614903660000
submitted
[2021-05-13 16:00:14,908] {logging_mixin.py:104} INFO - running function for: (array([1620927014000, 1620928814000]), 2)
[2021-05-13 16:00:14,909] {logging_mixin.py:104} INFO - https://cdn.iqoption.com/api/quotes-history/quotes/3.0?to=1620928814000&from=1620927014000&active_id=2&only_round=true&_key=1614903660000
[2021-05-13 16:00:14,909] {logging_mixin.py:104} INFO - submitted
[2021-05-13 16:00:14,910] {logging_mixin.py:104} INFO - running function for: (array([1620927014000, 1620928814000]), 3)
[2021-05-13 16:00:14,910] {logging_mixin.py:104} INFO - https://cdn.iqoption.com/api/quotes-history/quotes/3.0?to=1620928814000&from=1620927014000&active_id=3&only_round=true&_key=1614903660000
[2021-05-13 16:00:14,911] {logging_mixin.py:104} INFO - https://cdn.iqoption.com/api/quotes-history/quotes/3.0?to=1620928814000&from=1620927014000&active_id=3&only_round=true&_key=1614903660000
submitted
[2021-05-13 16:00:14,914] {logging_mixin.py:104} INFO - running function for: (array([1620925214000, 1620927014000]), 1)
[2021-05-13 16:00:14,917] {logging_mixin.py:104} INFO - https://cdn.iqoption.com/api/quotes-history/quotes/3.0?to=1620927014000&from=1620925214000&active_id=1&only_round=true&_key=1614903660000
[2021-05-13 16:00:14,918] {logging_mixin.py:104} INFO - https://cdn.iqoption.com/api/quotes-history/quotes/3.0?to=1620927014000&from=1620925214000&active_id=1&only_round=true&_key=1614903660000
submitted
[2021-05-13 16:00:14,919] {logging_mixin.py:104} INFO - running function for: (array([1620925214000, 1620927014000]), 2)
[2021-05-13 16:00:14,920] {logging_mixin.py:104} INFO - https://cdn.iqoption.com/api/quotes-history/quotes/3.0?to=1620927014000&from=1620925214000&active_id=2&only_round=true&_key=1614903660000
[2021-05-13 16:00:14,921] {logging_mixin.py:104} INFO - https://cdn.iqoption.com/api/quotes-history/quotes/3.0?to=1620927014000&from=1620925214000&active_id=2&only_round=true&_key=1614903660000
submitted
[2021-05-13 16:00:14,922] {logging_mixin.py:104} INFO - running function for: (array([1620925214000, 1620927014000]), 3)
[2021-05-13 16:00:14,922] {logging_mixin.py:104} INFO - submitted
[2021-05-13 16:00:14,923] {logging_mixin.py:104} INFO - running function for: (array([1620923414000, 1620925214000]), 1)
[2021-05-13 16:00:14,923] {logging_mixin.py:104} INFO - submitted
[2021-05-13 16:00:14,923] {logging_mixin.py:104} INFO - running function for: (array([1620923414000, 1620925214000]), 2)
[2021-05-13 16:00:14,923] {logging_mixin.py:104} INFO - submitted
[2021-05-13 16:00:14,924] {logging_mixin.py:104} INFO - running function for: (array([1620923414000, 1620925214000]), 3)
[2021-05-13 16:00:14,924] {logging_mixin.py:104} INFO - submitted
[2021-05-13 16:00:14,925] {logging_mixin.py:104} INFO - running function for: (array([1620921614000, 1620923414000]), 1)
[2021-05-13 16:00:14,925] {logging_mixin.py:104} INFO - submitted
[2021-05-13 16:00:14,926] {logging_mixin.py:104} INFO - running function for: (array([1620921614000, 1620923414000]), 2)
[2021-05-13 16:00:14,926] {logging_mixin.py:104} INFO - submitted
[2021-05-13 16:00:14,926] {logging_mixin.py:104} INFO - running function for: (array([1620921614000, 1620923414000]), 3)
[2021-05-13 16:00:14,927] {logging_mixin.py:104} INFO - submitted
[2021-05-13 16:00:14,927] {logging_mixin.py:104} INFO - running function for: (array([1620919814000, 1620921614000]), 1)
[2021-05-13 16:00:14,927] {logging_mixin.py:104} INFO - submitted
[2021-05-13 16:00:14,928] {logging_mixin.py:104} INFO - running function for: (array([1620919814000, 1620921614000]), 2)
[2021-05-13 16:00:14,928] {logging_mixin.py:104} INFO - submitted
[2021-05-13 16:00:14,928] {logging_mixin.py:104} INFO - running function for: (array([1620919814000, 1620921614000]), 3)
[2021-05-13 16:00:14,928] {logging_mixin.py:104} INFO - submitted
[2021-05-13 16:00:14,928] {logging_mixin.py:104} INFO - running function for: (array([1620918014000, 1620919814000]), 1)
[2021-05-13 16:00:14,929] {logging_mixin.py:104} INFO - submitted
[2021-05-13 16:00:14,929] {logging_mixin.py:104} INFO - running function for: (array([1620918014000, 1620919814000]), 2)
[2021-05-13 16:00:14,929] {logging_mixin.py:104} INFO - submitted
[2021-05-13 16:00:14,929] {logging_mixin.py:104} INFO - running function for: (array([1620918014000, 1620919814000]), 3)
[2021-05-13 16:00:14,930] {logging_mixin.py:104} INFO - submitted
[2021-05-13 16:00:14,930] {logging_mixin.py:104} INFO - running function for: (array([1620916214000, 1620918014000]), 1)
[2021-05-13 16:00:14,930] {logging_mixin.py:104} INFO - submitted
[2021-05-13 16:00:14,930] {logging_mixin.py:104} INFO - running function for: (array([1620916214000, 1620918014000]), 2)
[2021-05-13 16:00:14,931] {logging_mixin.py:104} INFO - submitted
[2021-05-13 16:00:14,931] {logging_mixin.py:104} INFO - running function for: (array([1620916214000, 1620918014000]), 3)
[2021-05-13 16:00:14,931] {logging_mixin.py:104} INFO - submitted
[2021-05-13 16:00:14,931] {logging_mixin.py:104} INFO - running function for: (array([1620914414000, 1620916214000]), 1)
[2021-05-13 16:00:14,932] {logging_mixin.py:104} INFO - submitted
[2021-05-13 16:00:14,932] {logging_mixin.py:104} INFO - running function for: (array([1620914414000, 1620916214000]), 2)
[2021-05-13 16:00:14,932] {logging_mixin.py:104} INFO - submitted
[2021-05-13 16:00:14,933] {logging_mixin.py:104} INFO - running function for: (array([1620914414000, 1620916214000]), 3)
[2021-05-13 16:00:14,933] {logging_mixin.py:104} INFO - submitted
[2021-05-13 16:00:14,933] {logging_mixin.py:104} INFO - running function for: (array([1620912614000, 1620914414000]), 1)
[2021-05-13 16:00:14,933] {logging_mixin.py:104} INFO - submitted
[2021-05-13 16:00:14,933] {logging_mixin.py:104} INFO - running function for: (array([1620912614000, 1620914414000]), 2)
[2021-05-13 16:00:14,934] {logging_mixin.py:104} INFO - submitted
[2021-05-13 16:00:14,934] {logging_mixin.py:104} INFO - running function for: (array([1620912614000, 1620914414000]), 3)
[2021-05-13 16:00:14,934] {logging_mixin.py:104} INFO - submitted
[2021-05-13 16:00:14,935] {logging_mixin.py:104} INFO - running function for: (array([1620910814000, 1620912614000]), 1)
[2021-05-13 16:00:14,935] {logging_mixin.py:104} INFO - submitted
[2021-05-13 16:00:14,935] {logging_mixin.py:104} INFO - running function for: (array([1620910814000, 1620912614000]), 2)
[2021-05-13 16:00:14,935] {logging_mixin.py:104} INFO - submitted
[2021-05-13 16:00:14,936] {logging_mixin.py:104} INFO - running function for: (array([1620910814000, 1620912614000]), 3)
[2021-05-13 16:00:14,936] {logging_mixin.py:104} INFO - submitted
[2021-05-13 16:00:14,936] {logging_mixin.py:104} INFO - running function for: (array([1620909014000, 1620910814000]), 1)
[2021-05-13 16:00:14,936] {logging_mixin.py:104} INFO - submitted
[2021-05-13 16:00:14,937] {logging_mixin.py:104} INFO - running function for: (array([1620909014000, 1620910814000]), 2)
[2021-05-13 16:00:14,937] {logging_mixin.py:104} INFO - submitted
[2021-05-13 16:00:14,937] {logging_mixin.py:104} INFO - running function for: (array([1620909014000, 1620910814000]), 3)
[2021-05-13 16:00:14,937] {logging_mixin.py:104} INFO - submitted
[2021-05-13 16:00:14,938] {logging_mixin.py:104} INFO - running function for: (array([1620907214000, 1620909014000]), 1)
[2021-05-13 16:00:14,938] {logging_mixin.py:104} INFO - submitted
[2021-05-13 16:00:14,938] {logging_mixin.py:104} INFO - running function for: (array([1620907214000, 1620909014000]), 2)
[2021-05-13 16:00:14,938] {logging_mixin.py:104} INFO - submitted
[2021-05-13 16:00:14,938] {logging_mixin.py:104} INFO - running function for: (array([1620907214000, 1620909014000]), 3)
[2021-05-13 16:00:14,939] {logging_mixin.py:104} INFO - submitted
[2021-05-13 16:00:14,939] {logging_mixin.py:104} INFO - running function for: (array([1620905414000, 1620907214000]), 1)
[2021-05-13 16:00:14,939] {logging_mixin.py:104} INFO - submitted
[2021-05-13 16:00:14,939] {logging_mixin.py:104} INFO - running function for: (array([1620905414000, 1620907214000]), 2)
[2021-05-13 16:00:14,940] {logging_mixin.py:104} INFO - submitted
[2021-05-13 16:00:14,940] {logging_mixin.py:104} INFO - running function for: (array([1620905414000, 1620907214000]), 3)
[2021-05-13 16:00:14,940] {logging_mixin.py:104} INFO - submitted
[2021-05-13 16:00:14,941] {logging_mixin.py:104} INFO - running function for: (array([1620903614000, 1620905414000]), 1)
[2021-05-13 16:00:14,941] {logging_mixin.py:104} INFO - submitted
[2021-05-13 16:00:14,941] {logging_mixin.py:104} INFO - running function for: (array([1620903614000, 1620905414000]), 2)
[2021-05-13 16:00:14,941] {logging_mixin.py:104} INFO - submitted
[2021-05-13 16:00:14,941] {logging_mixin.py:104} INFO - running function for: (array([1620903614000, 1620905414000]), 3)
[2021-05-13 16:00:14,942] {logging_mixin.py:104} INFO - submitted
[2021-05-13 16:00:14,942] {logging_mixin.py:104} INFO - running function for: (array([1620901814000, 1620903614000]), 1)
[2021-05-13 16:00:14,942] {logging_mixin.py:104} INFO - submitted
[2021-05-13 16:00:14,943] {logging_mixin.py:104} INFO - running function for: (array([1620901814000, 1620903614000]), 2)
[2021-05-13 16:00:14,943] {logging_mixin.py:104} INFO - submitted
[2021-05-13 16:00:14,943] {logging_mixin.py:104} INFO - running function for: (array([1620901814000, 1620903614000]), 3)
[2021-05-13 16:00:14,944] {logging_mixin.py:104} INFO - submitted
[2021-05-13 16:00:14,944] {logging_mixin.py:104} INFO - running function for: (array([1620900014000, 1620901814000]), 1)
[2021-05-13 16:00:14,944] {logging_mixin.py:104} INFO - submitted
[2021-05-13 16:00:14,945] {logging_mixin.py:104} INFO - running function for: (array([1620900014000, 1620901814000]), 2)
[2021-05-13 16:00:14,945] {logging_mixin.py:104} INFO - submitted
[2021-05-13 16:00:14,945] {logging_mixin.py:104} INFO - running function for: (array([1620900014000, 1620901814000]), 3)
[2021-05-13 16:00:14,946] {logging_mixin.py:104} INFO - submitted
[2021-05-13 16:00:14,946] {logging_mixin.py:104} INFO - running function for: (array([1620898214000, 1620900014000]), 1)
[2021-05-13 16:00:14,946] {logging_mixin.py:104} INFO - submitted
[2021-05-13 16:00:14,946] {logging_mixin.py:104} INFO - running function for: (array([1620898214000, 1620900014000]), 2)
[2021-05-13 16:00:14,947] {logging_mixin.py:104} INFO - submitted
[2021-05-13 16:00:14,947] {logging_mixin.py:104} INFO - running function for: (array([1620898214000, 1620900014000]), 3)
[2021-05-13 16:00:14,947] {logging_mixin.py:104} INFO - submitted
[2021-05-13 16:00:14,947] {logging_mixin.py:104} INFO - running function for: (array([1620896414000, 1620898214000]), 1)
[2021-05-13 16:00:14,948] {logging_mixin.py:104} INFO - submitted
[2021-05-13 16:00:14,948] {logging_mixin.py:104} INFO - running function for: (array([1620896414000, 1620898214000]), 2)
[2021-05-13 16:00:14,950] {logging_mixin.py:104} INFO - submitted
[2021-05-13 16:00:14,951] {logging_mixin.py:104} INFO - running function for: (array([1620896414000, 1620898214000]), 3)
[2021-05-13 16:00:14,953] {logging_mixin.py:104} INFO - submitted
[2021-05-13 16:00:14,954] {logging_mixin.py:104} INFO - running function for: (array([1620894614000, 1620896414000]), 1)
[2021-05-13 16:00:14,954] {logging_mixin.py:104} INFO - submitted
[2021-05-13 16:00:14,956] {logging_mixin.py:104} INFO - running function for: (array([1620894614000, 1620896414000]), 2)
[2021-05-13 16:00:14,956] {logging_mixin.py:104} INFO - submitted
[2021-05-13 16:00:14,957] {logging_mixin.py:104} INFO - running function for: (array([1620894614000, 1620896414000]), 3)
[2021-05-13 16:00:14,958] {logging_mixin.py:104} INFO - submitted
[2021-05-13 16:00:14,959] {logging_mixin.py:104} INFO - running function for: (array([1620892814000, 1620894614000]), 1)
[2021-05-13 16:00:14,959] {logging_mixin.py:104} INFO - submitted
[2021-05-13 16:00:14,959] {logging_mixin.py:104} INFO - running function for: (array([1620892814000, 1620894614000]), 2)
[2021-05-13 16:00:14,960] {logging_mixin.py:104} INFO - submitted
[2021-05-13 16:00:14,960] {logging_mixin.py:104} INFO - running function for: (array([1620892814000, 1620894614000]), 3)
[2021-05-13 16:00:14,960] {logging_mixin.py:104} INFO - submitted
[2021-05-13 16:00:14,961] {logging_mixin.py:104} INFO - running function for: (array([1620891014000, 1620892814000]), 1)
[2021-05-13 16:00:14,961] {logging_mixin.py:104} INFO - submitted
[2021-05-13 16:00:14,961] {logging_mixin.py:104} INFO - running function for: (array([1620891014000, 1620892814000]), 2)
[2021-05-13 16:00:14,962] {logging_mixin.py:104} INFO - submitted
[2021-05-13 16:00:14,962] {logging_mixin.py:104} INFO - running function for: (array([1620891014000, 1620892814000]), 3)
[2021-05-13 16:00:14,962] {logging_mixin.py:104} INFO - submitted
[2021-05-13 16:00:14,963] {logging_mixin.py:104} INFO - running function for: (array([1620889214000, 1620891014000]), 1)
[2021-05-13 16:00:14,963] {logging_mixin.py:104} INFO - submitted
[2021-05-13 16:00:14,963] {logging_mixin.py:104} INFO - running function for: (array([1620889214000, 1620891014000]), 2)
[2021-05-13 16:00:14,963] {logging_mixin.py:104} INFO - submitted
[2021-05-13 16:00:14,963] {logging_mixin.py:104} INFO - running function for: (array([1620889214000, 1620891014000]), 3)
[2021-05-13 16:00:14,964] {logging_mixin.py:104} INFO - submitted
[2021-05-13 16:00:14,964] {logging_mixin.py:104} INFO - running function for: (array([1620887414000, 1620889214000]), 1)
[2021-05-13 16:00:14,964] {logging_mixin.py:104} INFO - submitted
[2021-05-13 16:00:14,965] {logging_mixin.py:104} INFO - running function for: (array([1620887414000, 1620889214000]), 2)
[2021-05-13 16:00:14,965] {logging_mixin.py:104} INFO - submitted
[2021-05-13 16:00:14,965] {logging_mixin.py:104} INFO - running function for: (array([1620887414000, 1620889214000]), 3)
[2021-05-13 16:00:14,965] {logging_mixin.py:104} INFO - submitted
[2021-05-13 16:00:14,966] {logging_mixin.py:104} INFO - running function for: (array([1620885614000, 1620887414000]), 1)
[2021-05-13 16:00:14,966] {logging_mixin.py:104} INFO - submitted
[2021-05-13 16:00:14,966] {logging_mixin.py:104} INFO - running function for: (array([1620885614000, 1620887414000]), 2)
[2021-05-13 16:00:14,966] {logging_mixin.py:104} INFO - submitted
[2021-05-13 16:00:14,967] {logging_mixin.py:104} INFO - running function for: (array([1620885614000, 1620887414000]), 3)
[2021-05-13 16:00:14,967] {logging_mixin.py:104} INFO - submitted
[2021-05-13 16:00:14,967] {logging_mixin.py:104} INFO - running function for: (array([1620883814000, 1620885614000]), 1)
[2021-05-13 16:00:14,967] {logging_mixin.py:104} INFO - submitted
[2021-05-13 16:00:14,968] {logging_mixin.py:104} INFO - running function for: (array([1620883814000, 1620885614000]), 2)
[2021-05-13 16:00:14,968] {logging_mixin.py:104} INFO - submitted
[2021-05-13 16:00:14,968] {logging_mixin.py:104} INFO - running function for: (array([1620883814000, 1620885614000]), 3)
[2021-05-13 16:00:14,968] {logging_mixin.py:104} INFO - submitted
[2021-05-13 16:00:14,969] {logging_mixin.py:104} INFO - running function for: (array([1620882014000, 1620883814000]), 1)
[2021-05-13 16:00:14,969] {logging_mixin.py:104} INFO - submitted
[2021-05-13 16:00:14,969] {logging_mixin.py:104} INFO - running function for: (array([1620882014000, 1620883814000]), 2)
[2021-05-13 16:00:14,969] {logging_mixin.py:104} INFO - submitted
[2021-05-13 16:00:14,970] {logging_mixin.py:104} INFO - running function for: (array([1620882014000, 1620883814000]), 3)
[2021-05-13 16:00:14,970] {logging_mixin.py:104} INFO - submitted
[2021-05-13 16:00:14,970] {logging_mixin.py:104} INFO - running function for: (array([1620880214000, 1620882014000]), 1)
[2021-05-13 16:00:14,970] {logging_mixin.py:104} INFO - submitted
[2021-05-13 16:00:14,971] {logging_mixin.py:104} INFO - running function for: (array([1620880214000, 1620882014000]), 2)
[2021-05-13 16:00:14,971] {logging_mixin.py:104} INFO - submitted
[2021-05-13 16:00:14,971] {logging_mixin.py:104} INFO - running function for: (array([1620880214000, 1620882014000]), 3)
[2021-05-13 16:00:14,971] {logging_mixin.py:104} INFO - submitted
[2021-05-13 16:00:14,972] {logging_mixin.py:104} INFO - running function for: (array([1620878414000, 1620880214000]), 1)
[2021-05-13 16:00:14,972] {logging_mixin.py:104} INFO - submitted
[2021-05-13 16:00:14,972] {logging_mixin.py:104} INFO - running function for: (array([1620878414000, 1620880214000]), 2)
[2021-05-13 16:00:14,973] {logging_mixin.py:104} INFO - submitted
[2021-05-13 16:00:14,973] {logging_mixin.py:104} INFO - running function for: (array([1620878414000, 1620880214000]), 3)
[2021-05-13 16:00:14,973] {logging_mixin.py:104} INFO - submitted
[2021-05-13 16:00:14,974] {logging_mixin.py:104} INFO - running function for: (array([1620876614000, 1620878414000]), 1)
[2021-05-13 16:00:14,974] {logging_mixin.py:104} INFO - submitted
[2021-05-13 16:00:14,974] {logging_mixin.py:104} INFO - running function for: (array([1620876614000, 1620878414000]), 2)
[2021-05-13 16:00:14,975] {logging_mixin.py:104} INFO - submitted
[2021-05-13 16:00:14,975] {logging_mixin.py:104} INFO - running function for: (array([1620876614000, 1620878414000]), 3)
[2021-05-13 16:00:14,975] {logging_mixin.py:104} INFO - submitted
[2021-05-13 16:00:14,975] {logging_mixin.py:104} INFO - running function for: (array([1620874814000, 1620876614000]), 1)
[2021-05-13 16:00:14,975] {logging_mixin.py:104} INFO - submitted
[2021-05-13 16:00:14,976] {logging_mixin.py:104} INFO - running function for: (array([1620874814000, 1620876614000]), 2)
[2021-05-13 16:00:14,976] {logging_mixin.py:104} INFO - submitted
[2021-05-13 16:00:14,976] {logging_mixin.py:104} INFO - running function for: (array([1620874814000, 1620876614000]), 3)
[2021-05-13 16:00:14,977] {logging_mixin.py:104} INFO - submitted
[2021-05-13 16:00:14,977] {logging_mixin.py:104} INFO - running function for: (array([1620873014000, 1620874814000]), 1)
[2021-05-13 16:00:14,977] {logging_mixin.py:104} INFO - submitted
[2021-05-13 16:00:14,977] {logging_mixin.py:104} INFO - running function for: (array([1620873014000, 1620874814000]), 2)
[2021-05-13 16:00:14,978] {logging_mixin.py:104} INFO - submitted
[2021-05-13 16:00:14,978] {logging_mixin.py:104} INFO - running function for: (array([1620873014000, 1620874814000]), 3)
[2021-05-13 16:00:14,978] {logging_mixin.py:104} INFO - submitted
[2021-05-13 16:00:14,978] {logging_mixin.py:104} INFO - running function for: (array([1620871214000, 1620873014000]), 1)
[2021-05-13 16:00:14,979] {logging_mixin.py:104} INFO - submitted
[2021-05-13 16:00:14,979] {logging_mixin.py:104} INFO - running function for: (array([1620871214000, 1620873014000]), 2)
[2021-05-13 16:00:14,979] {logging_mixin.py:104} INFO - submitted
[2021-05-13 16:00:14,979] {logging_mixin.py:104} INFO - running function for: (array([1620871214000, 1620873014000]), 3)
[2021-05-13 16:00:14,980] {logging_mixin.py:104} INFO - submitted
[2021-05-13 16:00:14,980] {logging_mixin.py:104} INFO - running function for: (array([1620869414000, 1620871214000]), 1)
[2021-05-13 16:00:14,980] {logging_mixin.py:104} INFO - submitted
[2021-05-13 16:00:14,980] {logging_mixin.py:104} INFO - running function for: (array([1620869414000, 1620871214000]), 2)
[2021-05-13 16:00:14,981] {logging_mixin.py:104} INFO - submitted
[2021-05-13 16:00:14,981] {logging_mixin.py:104} INFO - running function for: (array([1620869414000, 1620871214000]), 3)
[2021-05-13 16:00:14,981] {logging_mixin.py:104} INFO - submitted
[2021-05-13 16:00:14,981] {logging_mixin.py:104} INFO - running function for: (array([1620867614000, 1620869414000]), 1)
[2021-05-13 16:00:14,982] {logging_mixin.py:104} INFO - submitted
[2021-05-13 16:00:14,982] {logging_mixin.py:104} INFO - running function for: (array([1620867614000, 1620869414000]), 2)
[2021-05-13 16:00:14,982] {logging_mixin.py:104} INFO - submitted
[2021-05-13 16:00:14,982] {logging_mixin.py:104} INFO - running function for: (array([1620867614000, 1620869414000]), 3)
[2021-05-13 16:00:14,983] {logging_mixin.py:104} INFO - submitted
[2021-05-13 16:00:14,983] {logging_mixin.py:104} INFO - running function for: (array([1620865814000, 1620867614000]), 1)
[2021-05-13 16:00:14,983] {logging_mixin.py:104} INFO - submitted
[2021-05-13 16:00:14,983] {logging_mixin.py:104} INFO - running function for: (array([1620865814000, 1620867614000]), 2)
[2021-05-13 16:00:14,984] {logging_mixin.py:104} INFO - submitted
[2021-05-13 16:00:14,984] {logging_mixin.py:104} INFO - running function for: (array([1620865814000, 1620867614000]), 3)
[2021-05-13 16:00:14,984] {logging_mixin.py:104} INFO - submitted
[2021-05-13 16:00:14,985] {logging_mixin.py:104} INFO - running function for: (array([1620864014000, 1620865814000]), 1)
[2021-05-13 16:00:14,985] {logging_mixin.py:104} INFO - submitted
[2021-05-13 16:00:14,985] {logging_mixin.py:104} INFO - running function for: (array([1620864014000, 1620865814000]), 2)
[2021-05-13 16:00:14,986] {logging_mixin.py:104} INFO - submitted
[2021-05-13 16:00:14,986] {logging_mixin.py:104} INFO - running function for: (array([1620864014000, 1620865814000]), 3)
[2021-05-13 16:00:14,986] {logging_mixin.py:104} INFO - submitted
[2021-05-13 16:00:14,987] {logging_mixin.py:104} INFO - running function for: (array([1620862214000, 1620864014000]), 1)
[2021-05-13 16:00:14,987] {logging_mixin.py:104} INFO - submitted
[2021-05-13 16:00:14,987] {logging_mixin.py:104} INFO - running function for: (array([1620862214000, 1620864014000]), 2)
[2021-05-13 16:00:14,987] {logging_mixin.py:104} INFO - submitted
[2021-05-13 16:00:14,988] {logging_mixin.py:104} INFO - running function for: (array([1620862214000, 1620864014000]), 3)
[2021-05-13 16:00:14,988] {logging_mixin.py:104} INFO - submitted
[2021-05-13 16:00:14,988] {logging_mixin.py:104} INFO - running function for: (array([1620860414000, 1620862214000]), 1)
[2021-05-13 16:00:14,988] {logging_mixin.py:104} INFO - submitted
[2021-05-13 16:00:14,989] {logging_mixin.py:104} INFO - running function for: (array([1620860414000, 1620862214000]), 2)
[2021-05-13 16:00:14,989] {logging_mixin.py:104} INFO - submitted
[2021-05-13 16:00:14,989] {logging_mixin.py:104} INFO - running function for: (array([1620860414000, 1620862214000]), 3)
[2021-05-13 16:00:14,989] {logging_mixin.py:104} INFO - submitted
[2021-05-13 16:00:14,990] {logging_mixin.py:104} INFO - running function for: (array([1620858614000, 1620860414000]), 1)
[2021-05-13 16:00:14,990] {logging_mixin.py:104} INFO - submitted
[2021-05-13 16:00:14,990] {logging_mixin.py:104} INFO - running function for: (array([1620858614000, 1620860414000]), 2)
[2021-05-13 16:00:14,990] {logging_mixin.py:104} INFO - submitted
[2021-05-13 16:00:14,991] {logging_mixin.py:104} INFO - running function for: (array([1620858614000, 1620860414000]), 3)
[2021-05-13 16:00:14,991] {logging_mixin.py:104} INFO - submitted
[2021-05-13 16:00:14,991] {logging_mixin.py:104} INFO - running function for: (array([1620856814000, 1620858614000]), 1)
[2021-05-13 16:00:14,991] {logging_mixin.py:104} INFO - submitted
[2021-05-13 16:00:14,992] {logging_mixin.py:104} INFO - running function for: (array([1620856814000, 1620858614000]), 2)
[2021-05-13 16:00:14,992] {logging_mixin.py:104} INFO - submitted
[2021-05-13 16:00:14,992] {logging_mixin.py:104} INFO - running function for: (array([1620856814000, 1620858614000]), 3)
[2021-05-13 16:00:14,993] {logging_mixin.py:104} INFO - submitted
[2021-05-13 16:00:14,993] {logging_mixin.py:104} INFO - running function for: (array([1620855014000, 1620856814000]), 1)
[2021-05-13 16:00:14,993] {logging_mixin.py:104} INFO - submitted
[2021-05-13 16:00:14,993] {logging_mixin.py:104} INFO - running function for: (array([1620855014000, 1620856814000]), 2)
[2021-05-13 16:00:14,994] {logging_mixin.py:104} INFO - submitted
[2021-05-13 16:00:14,994] {logging_mixin.py:104} INFO - running function for: (array([1620855014000, 1620856814000]), 3)
[2021-05-13 16:00:14,994] {logging_mixin.py:104} INFO - submitted
[2021-05-13 16:00:14,995] {logging_mixin.py:104} INFO - running function for: (array([1620853214000, 1620855014000]), 1)
[2021-05-13 16:00:14,995] {logging_mixin.py:104} INFO - submitted
[2021-05-13 16:00:14,995] {logging_mixin.py:104} INFO - running function for: (array([1620853214000, 1620855014000]), 2)
[2021-05-13 16:00:14,995] {logging_mixin.py:104} INFO - submitted
[2021-05-13 16:00:14,996] {logging_mixin.py:104} INFO - running function for: (array([1620853214000, 1620855014000]), 3)
[2021-05-13 16:00:14,996] {logging_mixin.py:104} INFO - submitted
[2021-05-13 16:00:14,996] {logging_mixin.py:104} INFO - running function for: (array([1620851414000, 1620853214000]), 1)
[2021-05-13 16:00:14,997] {logging_mixin.py:104} INFO - submitted
[2021-05-13 16:00:14,997] {logging_mixin.py:104} INFO - running function for: (array([1620851414000, 1620853214000]), 2)
[2021-05-13 16:00:14,997] {logging_mixin.py:104} INFO - submitted
[2021-05-13 16:00:14,997] {logging_mixin.py:104} INFO - running function for: (array([1620851414000, 1620853214000]), 3)
[2021-05-13 16:00:14,998] {logging_mixin.py:104} INFO - submitted
[2021-05-13 16:00:14,998] {logging_mixin.py:104} INFO - running function for: (array([1620849614000, 1620851414000]), 1)
[2021-05-13 16:00:14,998] {logging_mixin.py:104} INFO - submitted
[2021-05-13 16:00:14,998] {logging_mixin.py:104} INFO - running function for: (array([1620849614000, 1620851414000]), 2)
[2021-05-13 16:00:14,999] {logging_mixin.py:104} INFO - submitted
[2021-05-13 16:00:14,999] {logging_mixin.py:104} INFO - running function for: (array([1620849614000, 1620851414000]), 3)
[2021-05-13 16:00:14,999] {logging_mixin.py:104} INFO - submitted
[2021-05-13 16:00:14,999] {logging_mixin.py:104} INFO - running function for: (array([1620847814000, 1620849614000]), 1)
[2021-05-13 16:00:15,000] {logging_mixin.py:104} INFO - submitted
[2021-05-13 16:00:15,000] {logging_mixin.py:104} INFO - running function for: (array([1620847814000, 1620849614000]), 2)
[2021-05-13 16:00:15,000] {logging_mixin.py:104} INFO - submitted
[2021-05-13 16:00:15,000] {logging_mixin.py:104} INFO - running function for: (array([1620847814000, 1620849614000]), 3)
[2021-05-13 16:00:15,001] {logging_mixin.py:104} INFO - submitted
[2021-05-13 16:00:15,001] {logging_mixin.py:104} INFO - running function for: (array([1620846014000, 1620847814000]), 1)
[2021-05-13 16:00:15,001] {logging_mixin.py:104} INFO - submitted
[2021-05-13 16:00:15,002] {logging_mixin.py:104} INFO - running function for: (array([1620846014000, 1620847814000]), 2)
[2021-05-13 16:00:15,002] {logging_mixin.py:104} INFO - submitted
[2021-05-13 16:00:15,002] {logging_mixin.py:104} INFO - running function for: (array([1620846014000, 1620847814000]), 3)
[2021-05-13 16:00:15,002] {logging_mixin.py:104} INFO - submitted
[2021-05-13 16:00:18,578] {logging_mixin.py:104} INFO - https://cdn.iqoption.com/api/quotes-history/quotes/3.0?to=1620927014000&from=1620925214000&active_id=3&only_round=true&_key=1614903660000
[2021-05-13 16:00:18,761] {logging_mixin.py:104} INFO - https://cdn.iqoption.com/api/quotes-history/quotes/3.0?to=1620925214000&from=1620923414000&active_id=1&only_round=true&_key=1614903660000
[2021-05-13 16:00:18,762] {logging_mixin.py:104} INFO - https://cdn.iqoption.com/api/quotes-history/quotes/3.0?to=1620925214000&from=1620923414000&active_id=2&only_round=true&_key=1614903660000
[2021-05-13 16:00:18,766] {logging_mixin.py:104} INFO - https://cdn.iqoption.com/api/quotes-history/quotes/3.0?to=1620925214000&from=1620923414000&active_id=3&only_round=true&_key=1614903660000
[2021-05-13 16:00:18,810] {logging_mixin.py:104} INFO - https://cdn.iqoption.com/api/quotes-history/quotes/3.0?to=1620923414000&from=1620921614000&active_id=1&only_round=true&_key=1614903660000
[2021-05-13 16:00:18,872] {logging_mixin.py:104} INFO - https://cdn.iqoption.com/api/quotes-history/quotes/3.0?to=1620923414000&from=1620921614000&active_id=2&only_round=true&_key=1614903660000
[2021-05-13 16:00:18,903] {logging_mixin.py:104} INFO - https://cdn.iqoption.com/api/quotes-history/quotes/3.0?to=1620923414000&from=1620921614000&active_id=3&only_round=true&_key=1614903660000
[2021-05-13 16:00:18,996] {logging_mixin.py:104} INFO - https://cdn.iqoption.com/api/quotes-history/quotes/3.0?to=1620921614000&from=1620919814000&active_id=1&only_round=true&_key=1614903660000
[2021-05-13 16:00:20,975] {logging_mixin.py:104} INFO - https://cdn.iqoption.com/api/quotes-history/quotes/3.0?to=1620921614000&from=1620919814000&active_id=2&only_round=true&_key=1614903660000
[2021-05-13 16:00:21,022] {logging_mixin.py:104} INFO - https://cdn.iqoption.com/api/quotes-history/quotes/3.0?to=1620921614000&from=1620919814000&active_id=3&only_round=true&_key=1614903660000
[2021-05-13 16:00:21,027] {logging_mixin.py:104} INFO - https://cdn.iqoption.com/api/quotes-history/quotes/3.0?to=1620919814000&from=1620918014000&active_id=1&only_round=true&_key=1614903660000
[2021-05-13 16:00:21,084] {logging_mixin.py:104} INFO - https://cdn.iqoption.com/api/quotes-history/quotes/3.0?to=1620919814000&from=1620918014000&active_id=2&only_round=true&_key=1614903660000
[2021-05-13 16:00:21,114] {logging_mixin.py:104} INFO - https://cdn.iqoption.com/api/quotes-history/quotes/3.0?to=1620919814000&from=1620918014000&active_id=3&only_round=true&_key=1614903660000
[2021-05-13 16:00:21,135] {logging_mixin.py:104} INFO - https://cdn.iqoption.com/api/quotes-history/quotes/3.0?to=1620918014000&from=1620916214000&active_id=1&only_round=true&_key=1614903660000
[2021-05-13 16:00:21,160] {logging_mixin.py:104} INFO - https://cdn.iqoption.com/api/quotes-history/quotes/3.0?to=1620918014000&from=1620916214000&active_id=2&only_round=true&_key=1614903660000
[2021-05-13 16:00:21,197] {logging_mixin.py:104} INFO - https://cdn.iqoption.com/api/quotes-history/quotes/3.0?to=1620918014000&from=1620916214000&active_id=3&only_round=true&_key=1614903660000
[2021-05-13 16:00:22,824] {logging_mixin.py:104} INFO - https://cdn.iqoption.com/api/quotes-history/quotes/3.0?to=1620916214000&from=1620914414000&active_id=1&only_round=true&_key=1614903660000
[2021-05-13 16:00:22,935] {logging_mixin.py:104} INFO - https://cdn.iqoption.com/api/quotes-history/quotes/3.0?to=1620916214000&from=1620914414000&active_id=2&only_round=true&_key=1614903660000
[2021-05-13 16:00:22,963] {logging_mixin.py:104} INFO - https://cdn.iqoption.com/api/quotes-history/quotes/3.0?to=1620916214000&from=1620914414000&active_id=3&only_round=true&_key=1614903660000
[2021-05-13 16:00:23,113] {logging_mixin.py:104} INFO - https://cdn.iqoption.com/api/quotes-history/quotes/3.0?to=1620914414000&from=1620912614000&active_id=1&only_round=true&_key=1614903660000
[2021-05-13 16:00:23,128] {logging_mixin.py:104} INFO - https://cdn.iqoption.com/api/quotes-history/quotes/3.0?to=1620914414000&from=1620912614000&active_id=2&only_round=true&_key=1614903660000
[2021-05-13 16:00:23,130] {logging_mixin.py:104} INFO - https://cdn.iqoption.com/api/quotes-history/quotes/3.0?to=1620914414000&from=1620912614000&active_id=3&only_round=true&_key=1614903660000
[2021-05-13 16:00:23,148] {logging_mixin.py:104} INFO - https://cdn.iqoption.com/api/quotes-history/quotes/3.0?to=1620912614000&from=1620910814000&active_id=1&only_round=true&_key=1614903660000
[2021-05-13 16:00:23,157] {logging_mixin.py:104} INFO - https://cdn.iqoption.com/api/quotes-history/quotes/3.0?to=1620912614000&from=1620910814000&active_id=2&only_round=true&_key=1614903660000
[2021-05-13 16:00:24,527] {logging_mixin.py:104} INFO - https://cdn.iqoption.com/api/quotes-history/quotes/3.0?to=1620912614000&from=1620910814000&active_id=3&only_round=true&_key=1614903660000
[2021-05-13 16:00:24,733] {logging_mixin.py:104} INFO - https://cdn.iqoption.com/api/quotes-history/quotes/3.0?to=1620910814000&from=1620909014000&active_id=1&only_round=true&_key=1614903660000
[2021-05-13 16:00:24,744] {logging_mixin.py:104} INFO - https://cdn.iqoption.com/api/quotes-history/quotes/3.0?to=1620910814000&from=1620909014000&active_id=2&only_round=true&_key=1614903660000
[2021-05-13 16:00:24,820] {logging_mixin.py:104} INFO - https://cdn.iqoption.com/api/quotes-history/quotes/3.0?to=1620910814000&from=1620909014000&active_id=3&only_round=true&_key=1614903660000
[2021-05-13 16:00:24,909] {logging_mixin.py:104} INFO - https://cdn.iqoption.com/api/quotes-history/quotes/3.0?to=1620909014000&from=1620907214000&active_id=1&only_round=true&_key=1614903660000
[2021-05-13 16:00:24,914] {logging_mixin.py:104} INFO - https://cdn.iqoption.com/api/quotes-history/quotes/3.0?to=1620909014000&from=1620907214000&active_id=2&only_round=true&_key=1614903660000
[2021-05-13 16:00:24,915] {logging_mixin.py:104} INFO - https://cdn.iqoption.com/api/quotes-history/quotes/3.0?to=1620909014000&from=1620907214000&active_id=3&only_round=true&_key=1614903660000
[2021-05-13 16:00:24,936] {logging_mixin.py:104} INFO - https://cdn.iqoption.com/api/quotes-history/quotes/3.0?to=1620907214000&from=1620905414000&active_id=1&only_round=true&_key=1614903660000
[2021-05-13 16:00:26,133] {logging_mixin.py:104} INFO - https://cdn.iqoption.com/api/quotes-history/quotes/3.0?to=1620907214000&from=1620905414000&active_id=2&only_round=true&_key=1614903660000
[2021-05-13 16:00:26,443] {logging_mixin.py:104} INFO - https://cdn.iqoption.com/api/quotes-history/quotes/3.0?to=1620907214000&from=1620905414000&active_id=3&only_round=true&_key=1614903660000
[2021-05-13 16:00:26,446] {logging_mixin.py:104} INFO - https://cdn.iqoption.com/api/quotes-history/quotes/3.0?to=1620905414000&from=1620903614000&active_id=1&only_round=true&_key=1614903660000
[2021-05-13 16:00:26,559] {logging_mixin.py:104} INFO - https://cdn.iqoption.com/api/quotes-history/quotes/3.0?to=1620905414000&from=1620903614000&active_id=2&only_round=true&_key=1614903660000
[2021-05-13 16:00:26,578] {logging_mixin.py:104} INFO - https://cdn.iqoption.com/api/quotes-history/quotes/3.0?to=1620905414000&from=1620903614000&active_id=3&only_round=true&_key=1614903660000
[2021-05-13 16:00:26,663] {logging_mixin.py:104} INFO - https://cdn.iqoption.com/api/quotes-history/quotes/3.0?to=1620903614000&from=1620901814000&active_id=1&only_round=true&_key=1614903660000
[2021-05-13 16:00:26,745] {logging_mixin.py:104} INFO - https://cdn.iqoption.com/api/quotes-history/quotes/3.0?to=1620903614000&from=1620901814000&active_id=2&only_round=true&_key=1614903660000
[2021-05-13 16:00:26,849] {logging_mixin.py:104} INFO - https://cdn.iqoption.com/api/quotes-history/quotes/3.0?to=1620903614000&from=1620901814000&active_id=3&only_round=true&_key=1614903660000
[2021-05-13 16:00:27,903] {logging_mixin.py:104} INFO - https://cdn.iqoption.com/api/quotes-history/quotes/3.0?to=1620901814000&from=1620900014000&active_id=1&only_round=true&_key=1614903660000
[2021-05-13 16:00:28,071] {logging_mixin.py:104} INFO - https://cdn.iqoption.com/api/quotes-history/quotes/3.0?to=1620901814000&from=1620900014000&active_id=2&only_round=true&_key=1614903660000
[2021-05-13 16:00:28,100] {logging_mixin.py:104} INFO - https://cdn.iqoption.com/api/quotes-history/quotes/3.0?to=1620901814000&from=1620900014000&active_id=3&only_round=true&_key=1614903660000
[2021-05-13 16:00:28,207] {logging_mixin.py:104} INFO - https://cdn.iqoption.com/api/quotes-history/quotes/3.0?to=1620900014000&from=1620898214000&active_id=1&only_round=true&_key=1614903660000
[2021-05-13 16:00:28,355] {logging_mixin.py:104} INFO - https://cdn.iqoption.com/api/quotes-history/quotes/3.0?to=1620900014000&from=1620898214000&active_id=2&only_round=true&_key=1614903660000
[2021-05-13 16:00:28,372] {logging_mixin.py:104} INFO - https://cdn.iqoption.com/api/quotes-history/quotes/3.0?to=1620900014000&from=1620898214000&active_id=3&only_round=true&_key=1614903660000
[2021-05-13 16:00:28,394] {logging_mixin.py:104} INFO - https://cdn.iqoption.com/api/quotes-history/quotes/3.0?to=1620898214000&from=1620896414000&active_id=1&only_round=true&_key=1614903660000
[2021-05-13 16:00:28,418] {logging_mixin.py:104} INFO - https://cdn.iqoption.com/api/quotes-history/quotes/3.0?to=1620898214000&from=1620896414000&active_id=2&only_round=true&_key=1614903660000
[2021-05-13 16:00:29,493] {logging_mixin.py:104} INFO - https://cdn.iqoption.com/api/quotes-history/quotes/3.0?to=1620898214000&from=1620896414000&active_id=3&only_round=true&_key=1614903660000
[2021-05-13 16:00:29,646] {logging_mixin.py:104} INFO - https://cdn.iqoption.com/api/quotes-history/quotes/3.0?to=1620896414000&from=1620894614000&active_id=1&only_round=true&_key=1614903660000
[2021-05-13 16:00:29,665] {logging_mixin.py:104} INFO - https://cdn.iqoption.com/api/quotes-history/quotes/3.0?to=1620896414000&from=1620894614000&active_id=2&only_round=true&_key=1614903660000
[2021-05-13 16:00:29,960] {logging_mixin.py:104} INFO - https://cdn.iqoption.com/api/quotes-history/quotes/3.0?to=1620896414000&from=1620894614000&active_id=3&only_round=true&_key=1614903660000
[2021-05-13 16:00:29,983] {logging_mixin.py:104} INFO - https://cdn.iqoption.com/api/quotes-history/quotes/3.0?to=1620894614000&from=1620892814000&active_id=1&only_round=true&_key=1614903660000
[2021-05-13 16:00:29,984] {logging_mixin.py:104} INFO - https://cdn.iqoption.com/api/quotes-history/quotes/3.0?to=1620894614000&from=1620892814000&active_id=2&only_round=true&_key=1614903660000
[2021-05-13 16:00:29,997] {logging_mixin.py:104} INFO - https://cdn.iqoption.com/api/quotes-history/quotes/3.0?to=1620894614000&from=1620892814000&active_id=3&only_round=true&_key=1614903660000
[2021-05-13 16:00:30,135] {logging_mixin.py:104} INFO - https://cdn.iqoption.com/api/quotes-history/quotes/3.0?to=1620892814000&from=1620891014000&active_id=1&only_round=true&_key=1614903660000
[2021-05-13 16:00:31,229] {logging_mixin.py:104} INFO - https://cdn.iqoption.com/api/quotes-history/quotes/3.0?to=1620892814000&from=1620891014000&active_id=2&only_round=true&_key=1614903660000
[2021-05-13 16:00:31,360] {logging_mixin.py:104} INFO - https://cdn.iqoption.com/api/quotes-history/quotes/3.0?to=1620892814000&from=1620891014000&active_id=3&only_round=true&_key=1614903660000
[2021-05-13 16:00:31,397] {logging_mixin.py:104} INFO - https://cdn.iqoption.com/api/quotes-history/quotes/3.0?to=1620891014000&from=1620889214000&active_id=1&only_round=true&_key=1614903660000
[2021-05-13 16:00:31,634] {logging_mixin.py:104} INFO - https://cdn.iqoption.com/api/quotes-history/quotes/3.0?to=1620891014000&from=1620889214000&active_id=2&only_round=true&_key=1614903660000
[2021-05-13 16:00:31,679] {logging_mixin.py:104} INFO - https://cdn.iqoption.com/api/quotes-history/quotes/3.0?to=1620891014000&from=1620889214000&active_id=3&only_round=true&_key=1614903660000
[2021-05-13 16:00:31,699] {logging_mixin.py:104} INFO - https://cdn.iqoption.com/api/quotes-history/quotes/3.0?to=1620889214000&from=1620887414000&active_id=1&only_round=true&_key=1614903660000
[2021-05-13 16:00:31,729] {logging_mixin.py:104} INFO - https://cdn.iqoption.com/api/quotes-history/quotes/3.0?to=1620889214000&from=1620887414000&active_id=2&only_round=true&_key=1614903660000
[2021-05-13 16:00:31,744] {logging_mixin.py:104} INFO - https://cdn.iqoption.com/api/quotes-history/quotes/3.0?to=1620889214000&from=1620887414000&active_id=3&only_round=true&_key=1614903660000
[2021-05-13 16:00:32,902] {logging_mixin.py:104} INFO - https://cdn.iqoption.com/api/quotes-history/quotes/3.0?to=1620887414000&from=1620885614000&active_id=1&only_round=true&_key=1614903660000
[2021-05-13 16:00:32,917] {logging_mixin.py:104} INFO - https://cdn.iqoption.com/api/quotes-history/quotes/3.0?to=1620887414000&from=1620885614000&active_id=2&only_round=true&_key=1614903660000
[2021-05-13 16:00:32,937] {logging_mixin.py:104} INFO - https://cdn.iqoption.com/api/quotes-history/quotes/3.0?to=1620887414000&from=1620885614000&active_id=3&only_round=true&_key=1614903660000
[2021-05-13 16:00:33,168] {logging_mixin.py:104} INFO - https://cdn.iqoption.com/api/quotes-history/quotes/3.0?to=1620885614000&from=1620883814000&active_id=1&only_round=true&_key=1614903660000
[2021-05-13 16:00:33,249] {logging_mixin.py:104} INFO - https://cdn.iqoption.com/api/quotes-history/quotes/3.0?to=1620885614000&from=1620883814000&active_id=2&only_round=true&_key=1614903660000
[2021-05-13 16:00:33,264] {logging_mixin.py:104} INFO - https://cdn.iqoption.com/api/quotes-history/quotes/3.0?to=1620885614000&from=1620883814000&active_id=3&only_round=true&_key=1614903660000
[2021-05-13 16:00:33,538] {logging_mixin.py:104} INFO - https://cdn.iqoption.com/api/quotes-history/quotes/3.0?to=1620883814000&from=1620882014000&active_id=1&only_round=true&_key=1614903660000
[2021-05-13 16:00:33,600] {logging_mixin.py:104} INFO - https://cdn.iqoption.com/api/quotes-history/quotes/3.0?to=1620883814000&from=1620882014000&active_id=2&only_round=true&_key=1614903660000
[2021-05-13 16:00:34,539] {logging_mixin.py:104} INFO - https://cdn.iqoption.com/api/quotes-history/quotes/3.0?to=1620883814000&from=1620882014000&active_id=3&only_round=true&_key=1614903660000
[2021-05-13 16:00:34,567] {logging_mixin.py:104} INFO - https://cdn.iqoption.com/api/quotes-history/quotes/3.0?to=1620882014000&from=1620880214000&active_id=1&only_round=true&_key=1614903660000
[2021-05-13 16:00:34,621] {logging_mixin.py:104} INFO - https://cdn.iqoption.com/api/quotes-history/quotes/3.0?to=1620882014000&from=1620880214000&active_id=2&only_round=true&_key=1614903660000
[2021-05-13 16:00:34,960] {logging_mixin.py:104} INFO - https://cdn.iqoption.com/api/quotes-history/quotes/3.0?to=1620882014000&from=1620880214000&active_id=3&only_round=true&_key=1614903660000
[2021-05-13 16:00:34,983] {logging_mixin.py:104} INFO - https://cdn.iqoption.com/api/quotes-history/quotes/3.0?to=1620880214000&from=1620878414000&active_id=1&only_round=true&_key=1614903660000
[2021-05-13 16:00:35,039] {logging_mixin.py:104} INFO - https://cdn.iqoption.com/api/quotes-history/quotes/3.0?to=1620880214000&from=1620878414000&active_id=2&only_round=true&_key=1614903660000
[2021-05-13 16:00:35,158] {logging_mixin.py:104} INFO - https://cdn.iqoption.com/api/quotes-history/quotes/3.0?to=1620880214000&from=1620878414000&active_id=3&only_round=true&_key=1614903660000
[2021-05-13 16:00:35,330] {logging_mixin.py:104} INFO - https://cdn.iqoption.com/api/quotes-history/quotes/3.0?to=1620878414000&from=1620876614000&active_id=1&only_round=true&_key=1614903660000
[2021-05-13 16:00:36,293] {logging_mixin.py:104} INFO - https://cdn.iqoption.com/api/quotes-history/quotes/3.0?to=1620878414000&from=1620876614000&active_id=2&only_round=true&_key=1614903660000
[2021-05-13 16:00:36,307] {logging_mixin.py:104} INFO - https://cdn.iqoption.com/api/quotes-history/quotes/3.0?to=1620878414000&from=1620876614000&active_id=3&only_round=true&_key=1614903660000
[2021-05-13 16:00:36,535] {logging_mixin.py:104} INFO - https://cdn.iqoption.com/api/quotes-history/quotes/3.0?to=1620876614000&from=1620874814000&active_id=1&only_round=true&_key=1614903660000
[2021-05-13 16:00:36,541] {logging_mixin.py:104} INFO - https://cdn.iqoption.com/api/quotes-history/quotes/3.0?to=1620876614000&from=1620874814000&active_id=2&only_round=true&_key=1614903660000
[2021-05-13 16:00:36,551] {logging_mixin.py:104} INFO - https://cdn.iqoption.com/api/quotes-history/quotes/3.0?to=1620876614000&from=1620874814000&active_id=3&only_round=true&_key=1614903660000
[2021-05-13 16:00:36,682] {logging_mixin.py:104} INFO - https://cdn.iqoption.com/api/quotes-history/quotes/3.0?to=1620874814000&from=1620873014000&active_id=1&only_round=true&_key=1614903660000
[2021-05-13 16:00:36,729] {logging_mixin.py:104} INFO - https://cdn.iqoption.com/api/quotes-history/quotes/3.0?to=1620874814000&from=1620873014000&active_id=2&only_round=true&_key=1614903660000
[2021-05-13 16:00:36,909] {logging_mixin.py:104} INFO - https://cdn.iqoption.com/api/quotes-history/quotes/3.0?to=1620874814000&from=1620873014000&active_id=3&only_round=true&_key=1614903660000
[2021-05-13 16:00:37,953] {logging_mixin.py:104} INFO - https://cdn.iqoption.com/api/quotes-history/quotes/3.0?to=1620873014000&from=1620871214000&active_id=1&only_round=true&_key=1614903660000
[2021-05-13 16:00:37,968] {logging_mixin.py:104} INFO - https://cdn.iqoption.com/api/quotes-history/quotes/3.0?to=1620873014000&from=1620871214000&active_id=2&only_round=true&_key=1614903660000
[2021-05-13 16:00:38,179] {logging_mixin.py:104} INFO - https://cdn.iqoption.com/api/quotes-history/quotes/3.0?to=1620873014000&from=1620871214000&active_id=3&only_round=true&_key=1614903660000
[2021-05-13 16:00:38,185] {logging_mixin.py:104} INFO - https://cdn.iqoption.com/api/quotes-history/quotes/3.0?to=1620871214000&from=1620869414000&active_id=1&only_round=true&_key=1614903660000
[2021-05-13 16:00:38,205] {logging_mixin.py:104} INFO - https://cdn.iqoption.com/api/quotes-history/quotes/3.0?to=1620871214000&from=1620869414000&active_id=2&only_round=true&_key=1614903660000
[2021-05-13 16:00:38,356] {logging_mixin.py:104} INFO - https://cdn.iqoption.com/api/quotes-history/quotes/3.0?to=1620871214000&from=1620869414000&active_id=3&only_round=true&_key=1614903660000
[2021-05-13 16:00:38,405] {logging_mixin.py:104} INFO - https://cdn.iqoption.com/api/quotes-history/quotes/3.0?to=1620869414000&from=1620867614000&active_id=1&only_round=true&_key=1614903660000
[2021-05-13 16:00:38,492] {logging_mixin.py:104} INFO - https://cdn.iqoption.com/api/quotes-history/quotes/3.0?to=1620869414000&from=1620867614000&active_id=2&only_round=true&_key=1614903660000
[2021-05-13 16:00:39,671] {logging_mixin.py:104} INFO - https://cdn.iqoption.com/api/quotes-history/quotes/3.0?to=1620869414000&from=1620867614000&active_id=3&only_round=true&_key=1614903660000
[2021-05-13 16:00:39,678] {logging_mixin.py:104} INFO - https://cdn.iqoption.com/api/quotes-history/quotes/3.0?to=1620867614000&from=1620865814000&active_id=1&only_round=true&_key=1614903660000
[2021-05-13 16:00:39,844] {logging_mixin.py:104} INFO - https://cdn.iqoption.com/api/quotes-history/quotes/3.0?to=1620867614000&from=1620865814000&active_id=2&only_round=true&_key=1614903660000
[2021-05-13 16:00:39,852] {logging_mixin.py:104} INFO - https://cdn.iqoption.com/api/quotes-history/quotes/3.0?to=1620867614000&from=1620865814000&active_id=3&only_round=true&_key=1614903660000
[2021-05-13 16:00:39,915] {logging_mixin.py:104} INFO - https://cdn.iqoption.com/api/quotes-history/quotes/3.0?to=1620865814000&from=1620864014000&active_id=1&only_round=true&_key=1614903660000
[2021-05-13 16:00:39,937] {logging_mixin.py:104} INFO - https://cdn.iqoption.com/api/quotes-history/quotes/3.0?to=1620865814000&from=1620864014000&active_id=2&only_round=true&_key=1614903660000
[2021-05-13 16:00:40,145] {logging_mixin.py:104} INFO - https://cdn.iqoption.com/api/quotes-history/quotes/3.0?to=1620865814000&from=1620864014000&active_id=3&only_round=true&_key=1614903660000
[2021-05-13 16:00:40,148] {logging_mixin.py:104} INFO - https://cdn.iqoption.com/api/quotes-history/quotes/3.0?to=1620864014000&from=1620862214000&active_id=1&only_round=true&_key=1614903660000
[2021-05-13 16:00:41,432] {logging_mixin.py:104} INFO - https://cdn.iqoption.com/api/quotes-history/quotes/3.0?to=1620864014000&from=1620862214000&active_id=2&only_round=true&_key=1614903660000
[2021-05-13 16:00:41,440] {logging_mixin.py:104} INFO - https://cdn.iqoption.com/api/quotes-history/quotes/3.0?to=1620864014000&from=1620862214000&active_id=3&only_round=true&_key=1614903660000
[2021-05-13 16:00:41,445] {logging_mixin.py:104} INFO - https://cdn.iqoption.com/api/quotes-history/quotes/3.0?to=1620862214000&from=1620860414000&active_id=1&only_round=true&_key=1614903660000
[2021-05-13 16:00:41,532] {logging_mixin.py:104} INFO - https://cdn.iqoption.com/api/quotes-history/quotes/3.0?to=1620862214000&from=1620860414000&active_id=2&only_round=true&_key=1614903660000
[2021-05-13 16:00:41,548] {logging_mixin.py:104} INFO - https://cdn.iqoption.com/api/quotes-history/quotes/3.0?to=1620862214000&from=1620860414000&active_id=3&only_round=true&_key=1614903660000
[2021-05-13 16:00:41,566] {logging_mixin.py:104} INFO - https://cdn.iqoption.com/api/quotes-history/quotes/3.0?to=1620860414000&from=1620858614000&active_id=1&only_round=true&_key=1614903660000
[2021-05-13 16:00:42,896] {logging_mixin.py:104} INFO - https://cdn.iqoption.com/api/quotes-history/quotes/3.0?to=1620860414000&from=1620858614000&active_id=2&only_round=true&_key=1614903660000
[2021-05-13 16:00:43,072] {logging_mixin.py:104} INFO - https://cdn.iqoption.com/api/quotes-history/quotes/3.0?to=1620860414000&from=1620858614000&active_id=3&only_round=true&_key=1614903660000
[2021-05-13 16:00:43,090] {logging_mixin.py:104} INFO - https://cdn.iqoption.com/api/quotes-history/quotes/3.0?to=1620858614000&from=1620856814000&active_id=1&only_round=true&_key=1614903660000
[2021-05-13 16:00:43,271] {logging_mixin.py:104} INFO - https://cdn.iqoption.com/api/quotes-history/quotes/3.0?to=1620858614000&from=1620856814000&active_id=2&only_round=true&_key=1614903660000
[2021-05-13 16:00:43,305] {logging_mixin.py:104} INFO - https://cdn.iqoption.com/api/quotes-history/quotes/3.0?to=1620858614000&from=1620856814000&active_id=3&only_round=true&_key=1614903660000
[2021-05-13 16:00:43,318] {logging_mixin.py:104} INFO - https://cdn.iqoption.com/api/quotes-history/quotes/3.0?to=1620856814000&from=1620855014000&active_id=1&only_round=true&_key=1614903660000
[2021-05-13 16:00:44,007] {logging_mixin.py:104} INFO - https://cdn.iqoption.com/api/quotes-history/quotes/3.0?to=1620856814000&from=1620855014000&active_id=2&only_round=true&_key=1614903660000
[2021-05-13 16:00:44,099] {logging_mixin.py:104} INFO - https://cdn.iqoption.com/api/quotes-history/quotes/3.0?to=1620856814000&from=1620855014000&active_id=3&only_round=true&_key=1614903660000
[2021-05-13 16:00:44,716] {logging_mixin.py:104} INFO - https://cdn.iqoption.com/api/quotes-history/quotes/3.0?to=1620855014000&from=1620853214000&active_id=1&only_round=true&_key=1614903660000
[2021-05-13 16:00:44,718] {logging_mixin.py:104} INFO - https://cdn.iqoption.com/api/quotes-history/quotes/3.0?to=1620855014000&from=1620853214000&active_id=2&only_round=true&_key=1614903660000
[2021-05-13 16:00:44,922] {logging_mixin.py:104} INFO - https://cdn.iqoption.com/api/quotes-history/quotes/3.0?to=1620855014000&from=1620853214000&active_id=3&only_round=true&_key=1614903660000
[2021-05-13 16:00:44,931] {logging_mixin.py:104} INFO - https://cdn.iqoption.com/api/quotes-history/quotes/3.0?to=1620853214000&from=1620851414000&active_id=1&only_round=true&_key=1614903660000
[2021-05-13 16:00:45,405] {logging_mixin.py:104} INFO - https://cdn.iqoption.com/api/quotes-history/quotes/3.0?to=1620853214000&from=1620851414000&active_id=2&only_round=true&_key=1614903660000
[2021-05-13 16:00:45,416] {logging_mixin.py:104} INFO - https://cdn.iqoption.com/api/quotes-history/quotes/3.0?to=1620853214000&from=1620851414000&active_id=3&only_round=true&_key=1614903660000
[2021-05-13 16:00:45,436] {logging_mixin.py:104} INFO - https://cdn.iqoption.com/api/quotes-history/quotes/3.0?to=1620851414000&from=1620849614000&active_id=1&only_round=true&_key=1614903660000
[2021-05-13 16:00:46,071] {logging_mixin.py:104} INFO - https://cdn.iqoption.com/api/quotes-history/quotes/3.0?to=1620851414000&from=1620849614000&active_id=2&only_round=true&_key=1614903660000
[2021-05-13 16:00:46,442] {logging_mixin.py:104} INFO - https://cdn.iqoption.com/api/quotes-history/quotes/3.0?to=1620851414000&from=1620849614000&active_id=3&only_round=true&_key=1614903660000
[2021-05-13 16:00:46,468] {logging_mixin.py:104} INFO - https://cdn.iqoption.com/api/quotes-history/quotes/3.0?to=1620849614000&from=1620847814000&active_id=1&only_round=true&_key=1614903660000
[2021-05-13 16:00:46,498] {logging_mixin.py:104} INFO - https://cdn.iqoption.com/api/quotes-history/quotes/3.0?to=1620849614000&from=1620847814000&active_id=2&only_round=true&_key=1614903660000
[2021-05-13 16:00:46,568] {logging_mixin.py:104} INFO - https://cdn.iqoption.com/api/quotes-history/quotes/3.0?to=1620849614000&from=1620847814000&active_id=3&only_round=true&_key=1614903660000
[2021-05-13 16:00:47,060] {logging_mixin.py:104} INFO - https://cdn.iqoption.com/api/quotes-history/quotes/3.0?to=1620847814000&from=1620846014000&active_id=1&only_round=true&_key=1614903660000
[2021-05-13 16:00:47,075] {logging_mixin.py:104} INFO - https://cdn.iqoption.com/api/quotes-history/quotes/3.0?to=1620847814000&from=1620846014000&active_id=2&only_round=true&_key=1614903660000
[2021-05-13 16:00:47,230] {logging_mixin.py:104} INFO - https://cdn.iqoption.com/api/quotes-history/quotes/3.0?to=1620847814000&from=1620846014000&active_id=3&only_round=true&_key=1614903660000
[2021-05-13 16:00:49,360] {python.py:118} INFO - Done. Returned value was: None
[2021-05-13 16:00:49,365] {taskinstance.py:1192} INFO - Marking task as SUCCESS. dag_id=etl, task_id=loading_data_to_s3, execution_date=20210513T180000, start_date=20210513T190013, end_date=20210513T190049
[2021-05-13 16:00:49,433] {taskinstance.py:1246} INFO - 1 downstream tasks scheduled from follow-on schedule check
[2021-05-13 16:00:49,470] {local_task_job.py:146} INFO - Task exited with return code 0
