[2021-05-16 22:30:54,489] {taskinstance.py:877} INFO - Dependencies all met for <TaskInstance: etl.loading_data_to_s3 2021-05-16T17:00:00+00:00 [queued]>
[2021-05-16 22:30:54,497] {taskinstance.py:877} INFO - Dependencies all met for <TaskInstance: etl.loading_data_to_s3 2021-05-16T17:00:00+00:00 [queued]>
[2021-05-16 22:30:54,497] {taskinstance.py:1068} INFO - 
--------------------------------------------------------------------------------
[2021-05-16 22:30:54,498] {taskinstance.py:1069} INFO - Starting attempt 1 of 1
[2021-05-16 22:30:54,498] {taskinstance.py:1070} INFO - 
--------------------------------------------------------------------------------
[2021-05-16 22:30:54,503] {taskinstance.py:1089} INFO - Executing <Task(PythonOperator): loading_data_to_s3> on 2021-05-16T17:00:00+00:00
[2021-05-16 22:30:54,506] {standard_task_runner.py:52} INFO - Started process 32592 to run task
[2021-05-16 22:30:54,513] {standard_task_runner.py:76} INFO - Running: ['airflow', 'tasks', 'run', 'etl', 'loading_data_to_s3', '2021-05-16T17:00:00+00:00', '--job-id', '815', '--pool', 'default_pool', '--raw', '--subdir', 'DAGS_FOLDER/etl_dag.py', '--cfg-path', '/var/folders/_f/vg3x3jmj23bcz6s88l7v6fb40000gn/T/tmpm9ublock', '--error-file', '/var/folders/_f/vg3x3jmj23bcz6s88l7v6fb40000gn/T/tmp097q2xt0']
[2021-05-16 22:30:54,515] {standard_task_runner.py:77} INFO - Job 815: Subtask loading_data_to_s3
[2021-05-16 22:30:54,552] {logging_mixin.py:104} INFO - Running <TaskInstance: etl.loading_data_to_s3 2021-05-16T17:00:00+00:00 [running]> on host 27.2.168.192.in-addr.arpa
[2021-05-16 22:30:54,580] {taskinstance.py:1283} INFO - Exporting the following env vars:
AIRFLOW_CTX_DAG_OWNER=udacity
AIRFLOW_CTX_DAG_ID=etl
AIRFLOW_CTX_TASK_ID=loading_data_to_s3
AIRFLOW_CTX_EXECUTION_DATE=2021-05-16T17:00:00+00:00
AIRFLOW_CTX_DAG_RUN_ID=scheduled__2021-05-16T17:00:00+00:00
[2021-05-16 22:30:55,868] {logging_mixin.py:104} INFO - Fetching interval list
[2021-05-16 22:30:55,870] {logging_mixin.py:104} INFO - Inverval list built
[2021-05-16 22:30:55,870] {logging_mixin.py:104} INFO - Processing data
[2021-05-16 22:30:55,871] {logging_mixin.py:104} INFO - df initialized
[2021-05-16 22:30:55,872] {logging_mixin.py:104} INFO - (array([1621211455000, 1621213255000]), 1)
[2021-05-16 22:30:55,873] {logging_mixin.py:104} INFO - (array([1621211455000, 1621213255000]), 2)
[2021-05-16 22:30:55,873] {logging_mixin.py:104} INFO - (array([1621211455000, 1621213255000]), 3)
[2021-05-16 22:30:55,874] {logging_mixin.py:104} INFO - (array([1621209655000, 1621211455000]), 1)
[2021-05-16 22:30:55,874] {logging_mixin.py:104} INFO - (array([1621209655000, 1621211455000]), 2)
[2021-05-16 22:30:55,875] {logging_mixin.py:104} INFO - (array([1621209655000, 1621211455000]), 3)
[2021-05-16 22:30:55,875] {logging_mixin.py:104} INFO - (array([1621207855000, 1621209655000]), 1)
[2021-05-16 22:30:55,876] {logging_mixin.py:104} INFO - (array([1621207855000, 1621209655000]), 2)
[2021-05-16 22:30:55,876] {logging_mixin.py:104} INFO - (array([1621207855000, 1621209655000]), 3)
[2021-05-16 22:30:55,877] {logging_mixin.py:104} INFO - (array([1621206055000, 1621207855000]), 1)
[2021-05-16 22:30:55,877] {logging_mixin.py:104} INFO - (array([1621206055000, 1621207855000]), 2)
[2021-05-16 22:30:55,878] {logging_mixin.py:104} INFO - (array([1621206055000, 1621207855000]), 3)
[2021-05-16 22:30:55,879] {logging_mixin.py:104} INFO - (array([1621204255000, 1621206055000]), 1)
[2021-05-16 22:30:55,879] {logging_mixin.py:104} INFO - (array([1621204255000, 1621206055000]), 2)
[2021-05-16 22:30:55,879] {logging_mixin.py:104} INFO - (array([1621204255000, 1621206055000]), 3)
[2021-05-16 22:30:55,880] {logging_mixin.py:104} INFO - (array([1621202455000, 1621204255000]), 1)
[2021-05-16 22:30:55,880] {logging_mixin.py:104} INFO - (array([1621202455000, 1621204255000]), 2)
[2021-05-16 22:30:55,880] {logging_mixin.py:104} INFO - (array([1621202455000, 1621204255000]), 3)
[2021-05-16 22:30:55,881] {logging_mixin.py:104} INFO - (array([1621200655000, 1621202455000]), 1)
[2021-05-16 22:30:55,881] {logging_mixin.py:104} INFO - (array([1621200655000, 1621202455000]), 2)
[2021-05-16 22:30:55,882] {logging_mixin.py:104} INFO - (array([1621200655000, 1621202455000]), 3)
[2021-05-16 22:30:55,882] {logging_mixin.py:104} INFO - (array([1621198855000, 1621200655000]), 1)
[2021-05-16 22:30:55,882] {logging_mixin.py:104} INFO - (array([1621198855000, 1621200655000]), 2)
[2021-05-16 22:30:55,883] {logging_mixin.py:104} INFO - (array([1621198855000, 1621200655000]), 3)
[2021-05-16 22:30:55,883] {logging_mixin.py:104} INFO - (array([1621197055000, 1621198855000]), 1)
[2021-05-16 22:30:55,883] {logging_mixin.py:104} INFO - (array([1621197055000, 1621198855000]), 2)
[2021-05-16 22:30:55,884] {logging_mixin.py:104} INFO - (array([1621197055000, 1621198855000]), 3)
[2021-05-16 22:30:55,884] {logging_mixin.py:104} INFO - (array([1621195255000, 1621197055000]), 1)
[2021-05-16 22:30:55,884] {logging_mixin.py:104} INFO - (array([1621195255000, 1621197055000]), 2)
[2021-05-16 22:30:55,885] {logging_mixin.py:104} INFO - (array([1621195255000, 1621197055000]), 3)
[2021-05-16 22:30:55,885] {logging_mixin.py:104} INFO - (array([1621193455000, 1621195255000]), 1)
[2021-05-16 22:30:55,885] {logging_mixin.py:104} INFO - (array([1621193455000, 1621195255000]), 2)
[2021-05-16 22:30:55,885] {logging_mixin.py:104} INFO - (array([1621193455000, 1621195255000]), 3)
[2021-05-16 22:30:55,886] {logging_mixin.py:104} INFO - (array([1621191655000, 1621193455000]), 1)
[2021-05-16 22:30:55,886] {logging_mixin.py:104} INFO - (array([1621191655000, 1621193455000]), 2)
[2021-05-16 22:30:55,886] {logging_mixin.py:104} INFO - (array([1621191655000, 1621193455000]), 3)
[2021-05-16 22:30:55,887] {logging_mixin.py:104} INFO - (array([1621189855000, 1621191655000]), 1)
[2021-05-16 22:30:55,887] {logging_mixin.py:104} INFO - (array([1621189855000, 1621191655000]), 2)
[2021-05-16 22:30:55,887] {logging_mixin.py:104} INFO - (array([1621189855000, 1621191655000]), 3)
[2021-05-16 22:30:55,888] {logging_mixin.py:104} INFO - (array([1621188055000, 1621189855000]), 1)
[2021-05-16 22:30:55,888] {logging_mixin.py:104} INFO - (array([1621188055000, 1621189855000]), 2)
[2021-05-16 22:30:55,889] {logging_mixin.py:104} INFO - (array([1621188055000, 1621189855000]), 3)
[2021-05-16 22:30:55,889] {logging_mixin.py:104} INFO - (array([1621186255000, 1621188055000]), 1)
[2021-05-16 22:30:55,889] {logging_mixin.py:104} INFO - (array([1621186255000, 1621188055000]), 2)
[2021-05-16 22:30:55,890] {logging_mixin.py:104} INFO - (array([1621186255000, 1621188055000]), 3)
[2021-05-16 22:30:55,890] {logging_mixin.py:104} INFO - (array([1621184455000, 1621186255000]), 1)
[2021-05-16 22:30:55,890] {logging_mixin.py:104} INFO - (array([1621184455000, 1621186255000]), 2)
[2021-05-16 22:30:55,890] {logging_mixin.py:104} INFO - (array([1621184455000, 1621186255000]), 3)
[2021-05-16 22:30:55,891] {logging_mixin.py:104} INFO - (array([1621182655000, 1621184455000]), 1)
[2021-05-16 22:30:55,891] {logging_mixin.py:104} INFO - (array([1621182655000, 1621184455000]), 2)
[2021-05-16 22:30:55,891] {logging_mixin.py:104} INFO - (array([1621182655000, 1621184455000]), 3)
[2021-05-16 22:30:55,891] {logging_mixin.py:104} INFO - (array([1621180855000, 1621182655000]), 1)
[2021-05-16 22:30:55,892] {logging_mixin.py:104} INFO - (array([1621180855000, 1621182655000]), 2)
[2021-05-16 22:30:55,892] {logging_mixin.py:104} INFO - (array([1621180855000, 1621182655000]), 3)
[2021-05-16 22:30:55,892] {logging_mixin.py:104} INFO - (array([1621179055000, 1621180855000]), 1)
[2021-05-16 22:30:55,893] {logging_mixin.py:104} INFO - (array([1621179055000, 1621180855000]), 2)
[2021-05-16 22:30:55,893] {logging_mixin.py:104} INFO - (array([1621179055000, 1621180855000]), 3)
[2021-05-16 22:30:55,893] {logging_mixin.py:104} INFO - (array([1621177255000, 1621179055000]), 1)
[2021-05-16 22:30:55,893] {logging_mixin.py:104} INFO - (array([1621177255000, 1621179055000]), 2)
[2021-05-16 22:30:55,894] {logging_mixin.py:104} INFO - (array([1621177255000, 1621179055000]), 3)
[2021-05-16 22:30:55,894] {logging_mixin.py:104} INFO - (array([1621175455000, 1621177255000]), 1)
[2021-05-16 22:30:55,895] {logging_mixin.py:104} INFO - (array([1621175455000, 1621177255000]), 2)
[2021-05-16 22:30:55,895] {logging_mixin.py:104} INFO - (array([1621175455000, 1621177255000]), 3)
[2021-05-16 22:30:55,895] {logging_mixin.py:104} INFO - (array([1621173655000, 1621175455000]), 1)
[2021-05-16 22:30:55,896] {logging_mixin.py:104} INFO - (array([1621173655000, 1621175455000]), 2)
[2021-05-16 22:30:55,896] {logging_mixin.py:104} INFO - (array([1621173655000, 1621175455000]), 3)
[2021-05-16 22:30:55,896] {logging_mixin.py:104} INFO - (array([1621171855000, 1621173655000]), 1)
[2021-05-16 22:30:55,896] {logging_mixin.py:104} INFO - (array([1621171855000, 1621173655000]), 2)
[2021-05-16 22:30:55,897] {logging_mixin.py:104} INFO - (array([1621171855000, 1621173655000]), 3)
[2021-05-16 22:30:55,897] {logging_mixin.py:104} INFO - (array([1621170055000, 1621171855000]), 1)
[2021-05-16 22:30:55,897] {logging_mixin.py:104} INFO - (array([1621170055000, 1621171855000]), 2)
[2021-05-16 22:30:55,898] {logging_mixin.py:104} INFO - (array([1621170055000, 1621171855000]), 3)
[2021-05-16 22:30:55,898] {logging_mixin.py:104} INFO - (array([1621168255000, 1621170055000]), 1)
[2021-05-16 22:30:55,898] {logging_mixin.py:104} INFO - (array([1621168255000, 1621170055000]), 2)
[2021-05-16 22:30:55,898] {logging_mixin.py:104} INFO - (array([1621168255000, 1621170055000]), 3)
[2021-05-16 22:30:55,899] {logging_mixin.py:104} INFO - (array([1621166455000, 1621168255000]), 1)
[2021-05-16 22:30:55,899] {logging_mixin.py:104} INFO - (array([1621166455000, 1621168255000]), 2)
[2021-05-16 22:30:55,900] {logging_mixin.py:104} INFO - (array([1621166455000, 1621168255000]), 3)
[2021-05-16 22:30:55,900] {logging_mixin.py:104} INFO - (array([1621164655000, 1621166455000]), 1)
[2021-05-16 22:30:55,901] {logging_mixin.py:104} INFO - (array([1621164655000, 1621166455000]), 2)
[2021-05-16 22:30:55,901] {logging_mixin.py:104} INFO - (array([1621164655000, 1621166455000]), 3)
[2021-05-16 22:30:55,901] {logging_mixin.py:104} INFO - (array([1621162855000, 1621164655000]), 1)
[2021-05-16 22:30:55,901] {logging_mixin.py:104} INFO - (array([1621162855000, 1621164655000]), 2)
[2021-05-16 22:30:55,902] {logging_mixin.py:104} INFO - (array([1621162855000, 1621164655000]), 3)
[2021-05-16 22:30:55,902] {logging_mixin.py:104} INFO - (array([1621161055000, 1621162855000]), 1)
[2021-05-16 22:30:55,902] {logging_mixin.py:104} INFO - (array([1621161055000, 1621162855000]), 2)
[2021-05-16 22:30:55,903] {logging_mixin.py:104} INFO - (array([1621161055000, 1621162855000]), 3)
[2021-05-16 22:30:55,903] {logging_mixin.py:104} INFO - (array([1621159255000, 1621161055000]), 1)
[2021-05-16 22:30:55,903] {logging_mixin.py:104} INFO - (array([1621159255000, 1621161055000]), 2)
[2021-05-16 22:30:55,903] {logging_mixin.py:104} INFO - (array([1621159255000, 1621161055000]), 3)
[2021-05-16 22:30:55,904] {logging_mixin.py:104} INFO - (array([1621157455000, 1621159255000]), 1)
[2021-05-16 22:30:55,904] {logging_mixin.py:104} INFO - (array([1621157455000, 1621159255000]), 2)
[2021-05-16 22:30:55,904] {logging_mixin.py:104} INFO - (array([1621157455000, 1621159255000]), 3)
[2021-05-16 22:30:55,905] {logging_mixin.py:104} INFO - (array([1621155655000, 1621157455000]), 1)
[2021-05-16 22:30:55,905] {logging_mixin.py:104} INFO - (array([1621155655000, 1621157455000]), 2)
[2021-05-16 22:30:55,905] {logging_mixin.py:104} INFO - (array([1621155655000, 1621157455000]), 3)
[2021-05-16 22:30:55,906] {logging_mixin.py:104} INFO - (array([1621153855000, 1621155655000]), 1)
[2021-05-16 22:30:55,906] {logging_mixin.py:104} INFO - (array([1621153855000, 1621155655000]), 2)
[2021-05-16 22:30:55,906] {logging_mixin.py:104} INFO - (array([1621153855000, 1621155655000]), 3)
[2021-05-16 22:30:55,906] {logging_mixin.py:104} INFO - (array([1621152055000, 1621153855000]), 1)
[2021-05-16 22:30:55,907] {logging_mixin.py:104} INFO - (array([1621152055000, 1621153855000]), 2)
[2021-05-16 22:30:55,907] {logging_mixin.py:104} INFO - (array([1621152055000, 1621153855000]), 3)
[2021-05-16 22:30:55,907] {logging_mixin.py:104} INFO - (array([1621150255000, 1621152055000]), 1)
[2021-05-16 22:30:55,908] {logging_mixin.py:104} INFO - (array([1621150255000, 1621152055000]), 2)
[2021-05-16 22:30:55,908] {logging_mixin.py:104} INFO - (array([1621150255000, 1621152055000]), 3)
[2021-05-16 22:30:55,908] {logging_mixin.py:104} INFO - (array([1621148455000, 1621150255000]), 1)
[2021-05-16 22:30:55,909] {logging_mixin.py:104} INFO - (array([1621148455000, 1621150255000]), 2)
[2021-05-16 22:30:55,909] {logging_mixin.py:104} INFO - (array([1621148455000, 1621150255000]), 3)
[2021-05-16 22:30:55,909] {logging_mixin.py:104} INFO - (array([1621146655000, 1621148455000]), 1)
[2021-05-16 22:30:55,909] {logging_mixin.py:104} INFO - (array([1621146655000, 1621148455000]), 2)
[2021-05-16 22:30:55,910] {logging_mixin.py:104} INFO - (array([1621146655000, 1621148455000]), 3)
[2021-05-16 22:30:55,910] {logging_mixin.py:104} INFO - (array([1621144855000, 1621146655000]), 1)
[2021-05-16 22:30:55,911] {logging_mixin.py:104} INFO - (array([1621144855000, 1621146655000]), 2)
[2021-05-16 22:30:55,911] {logging_mixin.py:104} INFO - (array([1621144855000, 1621146655000]), 3)
[2021-05-16 22:30:55,912] {logging_mixin.py:104} INFO - (array([1621143055000, 1621144855000]), 1)
[2021-05-16 22:30:55,912] {logging_mixin.py:104} INFO - (array([1621143055000, 1621144855000]), 2)
[2021-05-16 22:30:55,912] {logging_mixin.py:104} INFO - (array([1621143055000, 1621144855000]), 3)
[2021-05-16 22:30:55,912] {logging_mixin.py:104} INFO - (array([1621141255000, 1621143055000]), 1)
[2021-05-16 22:30:55,913] {logging_mixin.py:104} INFO - (array([1621141255000, 1621143055000]), 2)
[2021-05-16 22:30:55,913] {logging_mixin.py:104} INFO - (array([1621141255000, 1621143055000]), 3)
[2021-05-16 22:30:55,913] {logging_mixin.py:104} INFO - (array([1621139455000, 1621141255000]), 1)
[2021-05-16 22:30:55,913] {logging_mixin.py:104} INFO - (array([1621139455000, 1621141255000]), 2)
[2021-05-16 22:30:55,914] {logging_mixin.py:104} INFO - (array([1621139455000, 1621141255000]), 3)
[2021-05-16 22:30:55,914] {logging_mixin.py:104} INFO - (array([1621137655000, 1621139455000]), 1)
[2021-05-16 22:30:55,914] {logging_mixin.py:104} INFO - (array([1621137655000, 1621139455000]), 2)
[2021-05-16 22:30:55,915] {logging_mixin.py:104} INFO - (array([1621137655000, 1621139455000]), 3)
[2021-05-16 22:30:55,915] {logging_mixin.py:104} INFO - (array([1621135855000, 1621137655000]), 1)
[2021-05-16 22:30:55,915] {logging_mixin.py:104} INFO - (array([1621135855000, 1621137655000]), 2)
[2021-05-16 22:30:55,916] {logging_mixin.py:104} INFO - (array([1621135855000, 1621137655000]), 3)
[2021-05-16 22:30:55,916] {logging_mixin.py:104} INFO - (array([1621134055000, 1621135855000]), 1)
[2021-05-16 22:30:55,916] {logging_mixin.py:104} INFO - (array([1621134055000, 1621135855000]), 2)
[2021-05-16 22:30:55,916] {logging_mixin.py:104} INFO - (array([1621134055000, 1621135855000]), 3)
[2021-05-16 22:30:55,917] {logging_mixin.py:104} INFO - (array([1621132255000, 1621134055000]), 1)
[2021-05-16 22:30:55,917] {logging_mixin.py:104} INFO - (array([1621132255000, 1621134055000]), 2)
[2021-05-16 22:30:55,917] {logging_mixin.py:104} INFO - (array([1621132255000, 1621134055000]), 3)
[2021-05-16 22:30:55,917] {logging_mixin.py:104} INFO - (array([1621130455000, 1621132255000]), 1)
[2021-05-16 22:30:55,918] {logging_mixin.py:104} INFO - (array([1621130455000, 1621132255000]), 2)
[2021-05-16 22:30:55,918] {logging_mixin.py:104} INFO - (array([1621130455000, 1621132255000]), 3)
[2021-05-16 22:30:55,918] {logging_mixin.py:104} INFO - (array([1621128655000, 1621130455000]), 1)
[2021-05-16 22:30:55,919] {logging_mixin.py:104} INFO - (array([1621128655000, 1621130455000]), 2)
[2021-05-16 22:30:55,919] {logging_mixin.py:104} INFO - (array([1621128655000, 1621130455000]), 3)
[2021-05-16 22:30:55,919] {logging_mixin.py:104} INFO - ThreadPoolExecutor initialized
[2021-05-16 22:30:55,919] {logging_mixin.py:104} INFO - running function for: (array([1621211455000, 1621213255000]), 1)
[2021-05-16 22:30:55,920] {logging_mixin.py:104} INFO - https://cdn.iqoption.com/api/quotes-history/quotes/3.0?to=1621213255000&from=1621211455000&active_id=1&only_round=true&_key=1614903660000
[2021-05-16 22:30:55,920] {logging_mixin.py:104} INFO - https://cdn.iqoption.com/api/quotes-history/quotes/3.0?to=1621213255000&from=1621211455000&active_id=1&only_round=true&_key=1614903660000
submitted
[2021-05-16 22:30:55,922] {logging_mixin.py:104} INFO - running function for: (array([1621211455000, 1621213255000]), 2)
[2021-05-16 22:30:55,922] {logging_mixin.py:104} INFO - https://cdn.iqoption.com/api/quotes-history/quotes/3.0?to=1621213255000&from=1621211455000&active_id=2&only_round=true&_key=1614903660000
[2021-05-16 22:30:55,923] {logging_mixin.py:104} INFO - submitted
[2021-05-16 22:30:55,923] {logging_mixin.py:104} INFO - running function for: (array([1621211455000, 1621213255000]), 3)
[2021-05-16 22:30:55,923] {logging_mixin.py:104} INFO - https://cdn.iqoption.com/api/quotes-history/quotes/3.0?to=1621213255000&from=1621211455000&active_id=3&only_round=true&_key=1614903660000
[2021-05-16 22:30:55,924] {logging_mixin.py:104} INFO - https://cdn.iqoption.com/api/quotes-history/quotes/3.0?to=1621213255000&from=1621211455000&active_id=3&only_round=true&_key=1614903660000
submitted
[2021-05-16 22:30:55,926] {logging_mixin.py:104} INFO - running function for: (array([1621209655000, 1621211455000]), 1)
[2021-05-16 22:30:55,926] {logging_mixin.py:104} INFO - https://cdn.iqoption.com/api/quotes-history/quotes/3.0?to=1621211455000&from=1621209655000&active_id=1&only_round=true&_key=1614903660000
[2021-05-16 22:30:55,927] {logging_mixin.py:104} INFO - submitted
[2021-05-16 22:30:55,927] {logging_mixin.py:104} INFO - running function for: (array([1621209655000, 1621211455000]), 2)
[2021-05-16 22:30:55,927] {logging_mixin.py:104} INFO - https://cdn.iqoption.com/api/quotes-history/quotes/3.0?to=1621211455000&from=1621209655000&active_id=2&only_round=true&_key=1614903660000
[2021-05-16 22:30:55,928] {logging_mixin.py:104} INFO - https://cdn.iqoption.com/api/quotes-history/quotes/3.0?to=1621211455000&from=1621209655000&active_id=2&only_round=true&_key=1614903660000
submitted
[2021-05-16 22:30:55,928] {logging_mixin.py:104} INFO - running function for: (array([1621209655000, 1621211455000]), 3)
[2021-05-16 22:30:55,929] {logging_mixin.py:104} INFO - https://cdn.iqoption.com/api/quotes-history/quotes/3.0?to=1621211455000&from=1621209655000&active_id=3&only_round=true&_key=1614903660000
[2021-05-16 22:30:55,929] {logging_mixin.py:104} INFO - submitted
[2021-05-16 22:30:55,929] {logging_mixin.py:104} INFO - running function for: (array([1621207855000, 1621209655000]), 1)
[2021-05-16 22:30:55,930] {logging_mixin.py:104} INFO - https://cdn.iqoption.com/api/quotes-history/quotes/3.0?to=1621209655000&from=1621207855000&active_id=1&only_round=true&_key=1614903660000
[2021-05-16 22:30:55,930] {logging_mixin.py:104} INFO - submitted
[2021-05-16 22:30:55,930] {logging_mixin.py:104} INFO - running function for: (array([1621207855000, 1621209655000]), 2)
[2021-05-16 22:30:55,931] {logging_mixin.py:104} INFO - https://cdn.iqoption.com/api/quotes-history/quotes/3.0?to=1621209655000&from=1621207855000&active_id=2&only_round=true&_key=1614903660000
[2021-05-16 22:30:55,933] {logging_mixin.py:104} INFO - submitted
[2021-05-16 22:30:55,934] {logging_mixin.py:104} INFO - running function for: (array([1621207855000, 1621209655000]), 3)
[2021-05-16 22:30:55,934] {logging_mixin.py:104} INFO - submitted
[2021-05-16 22:30:55,935] {logging_mixin.py:104} INFO - running function for: (array([1621206055000, 1621207855000]), 1)
[2021-05-16 22:30:55,935] {logging_mixin.py:104} INFO - submitted
[2021-05-16 22:30:55,935] {logging_mixin.py:104} INFO - running function for: (array([1621206055000, 1621207855000]), 2)
[2021-05-16 22:30:55,935] {logging_mixin.py:104} INFO - submitted
[2021-05-16 22:30:55,936] {logging_mixin.py:104} INFO - running function for: (array([1621206055000, 1621207855000]), 3)
[2021-05-16 22:30:55,936] {logging_mixin.py:104} INFO - submitted
[2021-05-16 22:30:55,936] {logging_mixin.py:104} INFO - running function for: (array([1621204255000, 1621206055000]), 1)
[2021-05-16 22:30:55,936] {logging_mixin.py:104} INFO - submitted
[2021-05-16 22:30:55,937] {logging_mixin.py:104} INFO - running function for: (array([1621204255000, 1621206055000]), 2)
[2021-05-16 22:30:55,937] {logging_mixin.py:104} INFO - submitted
[2021-05-16 22:30:55,937] {logging_mixin.py:104} INFO - running function for: (array([1621204255000, 1621206055000]), 3)
[2021-05-16 22:30:55,937] {logging_mixin.py:104} INFO - submitted
[2021-05-16 22:30:55,938] {logging_mixin.py:104} INFO - running function for: (array([1621202455000, 1621204255000]), 1)
[2021-05-16 22:30:55,938] {logging_mixin.py:104} INFO - submitted
[2021-05-16 22:30:55,938] {logging_mixin.py:104} INFO - running function for: (array([1621202455000, 1621204255000]), 2)
[2021-05-16 22:30:55,938] {logging_mixin.py:104} INFO - submitted
[2021-05-16 22:30:55,938] {logging_mixin.py:104} INFO - running function for: (array([1621202455000, 1621204255000]), 3)
[2021-05-16 22:30:55,939] {logging_mixin.py:104} INFO - submitted
[2021-05-16 22:30:55,941] {logging_mixin.py:104} INFO - running function for: (array([1621200655000, 1621202455000]), 1)
[2021-05-16 22:30:55,942] {logging_mixin.py:104} INFO - submitted
[2021-05-16 22:30:55,943] {logging_mixin.py:104} INFO - running function for: (array([1621200655000, 1621202455000]), 2)
[2021-05-16 22:30:55,946] {logging_mixin.py:104} INFO - submitted
[2021-05-16 22:30:55,947] {logging_mixin.py:104} INFO - running function for: (array([1621200655000, 1621202455000]), 3)
[2021-05-16 22:30:55,947] {logging_mixin.py:104} INFO - submitted
[2021-05-16 22:30:55,948] {logging_mixin.py:104} INFO - running function for: (array([1621198855000, 1621200655000]), 1)
[2021-05-16 22:30:55,950] {logging_mixin.py:104} INFO - submitted
[2021-05-16 22:30:55,950] {logging_mixin.py:104} INFO - running function for: (array([1621198855000, 1621200655000]), 2)
[2021-05-16 22:30:55,951] {logging_mixin.py:104} INFO - submitted
[2021-05-16 22:30:55,952] {logging_mixin.py:104} INFO - running function for: (array([1621198855000, 1621200655000]), 3)
[2021-05-16 22:30:55,952] {logging_mixin.py:104} INFO - submitted
[2021-05-16 22:30:55,953] {logging_mixin.py:104} INFO - running function for: (array([1621197055000, 1621198855000]), 1)
[2021-05-16 22:30:55,953] {logging_mixin.py:104} INFO - submitted
[2021-05-16 22:30:55,953] {logging_mixin.py:104} INFO - running function for: (array([1621197055000, 1621198855000]), 2)
[2021-05-16 22:30:55,954] {logging_mixin.py:104} INFO - submitted
[2021-05-16 22:30:55,954] {logging_mixin.py:104} INFO - running function for: (array([1621197055000, 1621198855000]), 3)
[2021-05-16 22:30:55,954] {logging_mixin.py:104} INFO - submitted
[2021-05-16 22:30:55,954] {logging_mixin.py:104} INFO - running function for: (array([1621195255000, 1621197055000]), 1)
[2021-05-16 22:30:55,955] {logging_mixin.py:104} INFO - submitted
[2021-05-16 22:30:55,955] {logging_mixin.py:104} INFO - running function for: (array([1621195255000, 1621197055000]), 2)
[2021-05-16 22:30:55,955] {logging_mixin.py:104} INFO - submitted
[2021-05-16 22:30:55,956] {logging_mixin.py:104} INFO - running function for: (array([1621195255000, 1621197055000]), 3)
[2021-05-16 22:30:55,956] {logging_mixin.py:104} INFO - submitted
[2021-05-16 22:30:55,956] {logging_mixin.py:104} INFO - running function for: (array([1621193455000, 1621195255000]), 1)
[2021-05-16 22:30:55,956] {logging_mixin.py:104} INFO - submitted
[2021-05-16 22:30:55,957] {logging_mixin.py:104} INFO - running function for: (array([1621193455000, 1621195255000]), 2)
[2021-05-16 22:30:55,957] {logging_mixin.py:104} INFO - submitted
[2021-05-16 22:30:55,957] {logging_mixin.py:104} INFO - running function for: (array([1621193455000, 1621195255000]), 3)
[2021-05-16 22:30:55,957] {logging_mixin.py:104} INFO - submitted
[2021-05-16 22:30:55,958] {logging_mixin.py:104} INFO - running function for: (array([1621191655000, 1621193455000]), 1)
[2021-05-16 22:30:55,958] {logging_mixin.py:104} INFO - submitted
[2021-05-16 22:30:55,958] {logging_mixin.py:104} INFO - running function for: (array([1621191655000, 1621193455000]), 2)
[2021-05-16 22:30:55,958] {logging_mixin.py:104} INFO - submitted
[2021-05-16 22:30:55,959] {logging_mixin.py:104} INFO - running function for: (array([1621191655000, 1621193455000]), 3)
[2021-05-16 22:30:55,959] {logging_mixin.py:104} INFO - submitted
[2021-05-16 22:30:55,959] {logging_mixin.py:104} INFO - running function for: (array([1621189855000, 1621191655000]), 1)
[2021-05-16 22:30:55,959] {logging_mixin.py:104} INFO - submitted
[2021-05-16 22:30:55,960] {logging_mixin.py:104} INFO - running function for: (array([1621189855000, 1621191655000]), 2)
[2021-05-16 22:30:55,960] {logging_mixin.py:104} INFO - submitted
[2021-05-16 22:30:55,960] {logging_mixin.py:104} INFO - running function for: (array([1621189855000, 1621191655000]), 3)
[2021-05-16 22:30:55,960] {logging_mixin.py:104} INFO - submitted
[2021-05-16 22:30:55,961] {logging_mixin.py:104} INFO - running function for: (array([1621188055000, 1621189855000]), 1)
[2021-05-16 22:30:55,961] {logging_mixin.py:104} INFO - submitted
[2021-05-16 22:30:55,961] {logging_mixin.py:104} INFO - running function for: (array([1621188055000, 1621189855000]), 2)
[2021-05-16 22:30:55,962] {logging_mixin.py:104} INFO - submitted
[2021-05-16 22:30:55,962] {logging_mixin.py:104} INFO - running function for: (array([1621188055000, 1621189855000]), 3)
[2021-05-16 22:30:55,962] {logging_mixin.py:104} INFO - submitted
[2021-05-16 22:30:55,962] {logging_mixin.py:104} INFO - running function for: (array([1621186255000, 1621188055000]), 1)
[2021-05-16 22:30:55,963] {logging_mixin.py:104} INFO - submitted
[2021-05-16 22:30:55,963] {logging_mixin.py:104} INFO - running function for: (array([1621186255000, 1621188055000]), 2)
[2021-05-16 22:30:55,963] {logging_mixin.py:104} INFO - submitted
[2021-05-16 22:30:55,964] {logging_mixin.py:104} INFO - running function for: (array([1621186255000, 1621188055000]), 3)
[2021-05-16 22:30:55,964] {logging_mixin.py:104} INFO - submitted
[2021-05-16 22:30:55,964] {logging_mixin.py:104} INFO - running function for: (array([1621184455000, 1621186255000]), 1)
[2021-05-16 22:30:55,964] {logging_mixin.py:104} INFO - submitted
[2021-05-16 22:30:55,965] {logging_mixin.py:104} INFO - running function for: (array([1621184455000, 1621186255000]), 2)
[2021-05-16 22:30:55,965] {logging_mixin.py:104} INFO - submitted
[2021-05-16 22:30:55,965] {logging_mixin.py:104} INFO - running function for: (array([1621184455000, 1621186255000]), 3)
[2021-05-16 22:30:55,966] {logging_mixin.py:104} INFO - submitted
[2021-05-16 22:30:55,966] {logging_mixin.py:104} INFO - running function for: (array([1621182655000, 1621184455000]), 1)
[2021-05-16 22:30:55,966] {logging_mixin.py:104} INFO - submitted
[2021-05-16 22:30:55,967] {logging_mixin.py:104} INFO - running function for: (array([1621182655000, 1621184455000]), 2)
[2021-05-16 22:30:55,967] {logging_mixin.py:104} INFO - submitted
[2021-05-16 22:30:55,967] {logging_mixin.py:104} INFO - running function for: (array([1621182655000, 1621184455000]), 3)
[2021-05-16 22:30:55,968] {logging_mixin.py:104} INFO - submitted
[2021-05-16 22:30:55,968] {logging_mixin.py:104} INFO - running function for: (array([1621180855000, 1621182655000]), 1)
[2021-05-16 22:30:55,968] {logging_mixin.py:104} INFO - submitted
[2021-05-16 22:30:55,968] {logging_mixin.py:104} INFO - running function for: (array([1621180855000, 1621182655000]), 2)
[2021-05-16 22:30:55,969] {logging_mixin.py:104} INFO - submitted
[2021-05-16 22:30:55,969] {logging_mixin.py:104} INFO - running function for: (array([1621180855000, 1621182655000]), 3)
[2021-05-16 22:30:55,969] {logging_mixin.py:104} INFO - submitted
[2021-05-16 22:30:55,969] {logging_mixin.py:104} INFO - running function for: (array([1621179055000, 1621180855000]), 1)
[2021-05-16 22:30:55,970] {logging_mixin.py:104} INFO - submitted
[2021-05-16 22:30:55,970] {logging_mixin.py:104} INFO - running function for: (array([1621179055000, 1621180855000]), 2)
[2021-05-16 22:30:55,970] {logging_mixin.py:104} INFO - submitted
[2021-05-16 22:30:55,970] {logging_mixin.py:104} INFO - running function for: (array([1621179055000, 1621180855000]), 3)
[2021-05-16 22:30:55,971] {logging_mixin.py:104} INFO - submitted
[2021-05-16 22:30:55,971] {logging_mixin.py:104} INFO - running function for: (array([1621177255000, 1621179055000]), 1)
[2021-05-16 22:30:55,971] {logging_mixin.py:104} INFO - submitted
[2021-05-16 22:30:55,971] {logging_mixin.py:104} INFO - running function for: (array([1621177255000, 1621179055000]), 2)
[2021-05-16 22:30:55,972] {logging_mixin.py:104} INFO - submitted
[2021-05-16 22:30:55,972] {logging_mixin.py:104} INFO - running function for: (array([1621177255000, 1621179055000]), 3)
[2021-05-16 22:30:55,972] {logging_mixin.py:104} INFO - submitted
[2021-05-16 22:30:55,972] {logging_mixin.py:104} INFO - running function for: (array([1621175455000, 1621177255000]), 1)
[2021-05-16 22:30:55,972] {logging_mixin.py:104} INFO - submitted
[2021-05-16 22:30:55,973] {logging_mixin.py:104} INFO - running function for: (array([1621175455000, 1621177255000]), 2)
[2021-05-16 22:30:55,973] {logging_mixin.py:104} INFO - submitted
[2021-05-16 22:30:55,974] {logging_mixin.py:104} INFO - running function for: (array([1621175455000, 1621177255000]), 3)
[2021-05-16 22:30:55,974] {logging_mixin.py:104} INFO - submitted
[2021-05-16 22:30:55,974] {logging_mixin.py:104} INFO - running function for: (array([1621173655000, 1621175455000]), 1)
[2021-05-16 22:30:55,974] {logging_mixin.py:104} INFO - submitted
[2021-05-16 22:30:55,975] {logging_mixin.py:104} INFO - running function for: (array([1621173655000, 1621175455000]), 2)
[2021-05-16 22:30:55,975] {logging_mixin.py:104} INFO - submitted
[2021-05-16 22:30:55,975] {logging_mixin.py:104} INFO - running function for: (array([1621173655000, 1621175455000]), 3)
[2021-05-16 22:30:55,976] {logging_mixin.py:104} INFO - submitted
[2021-05-16 22:30:55,976] {logging_mixin.py:104} INFO - running function for: (array([1621171855000, 1621173655000]), 1)
[2021-05-16 22:30:55,978] {logging_mixin.py:104} INFO - submitted
[2021-05-16 22:30:55,979] {logging_mixin.py:104} INFO - running function for: (array([1621171855000, 1621173655000]), 2)
[2021-05-16 22:30:55,980] {logging_mixin.py:104} INFO - submitted
[2021-05-16 22:30:55,980] {logging_mixin.py:104} INFO - running function for: (array([1621171855000, 1621173655000]), 3)
[2021-05-16 22:30:55,981] {logging_mixin.py:104} INFO - submitted
[2021-05-16 22:30:55,981] {logging_mixin.py:104} INFO - running function for: (array([1621170055000, 1621171855000]), 1)
[2021-05-16 22:30:55,981] {logging_mixin.py:104} INFO - submitted
[2021-05-16 22:30:55,982] {logging_mixin.py:104} INFO - running function for: (array([1621170055000, 1621171855000]), 2)
[2021-05-16 22:30:55,982] {logging_mixin.py:104} INFO - submitted
[2021-05-16 22:30:55,983] {logging_mixin.py:104} INFO - running function for: (array([1621170055000, 1621171855000]), 3)
[2021-05-16 22:30:55,983] {logging_mixin.py:104} INFO - submitted
[2021-05-16 22:30:55,983] {logging_mixin.py:104} INFO - running function for: (array([1621168255000, 1621170055000]), 1)
[2021-05-16 22:30:55,984] {logging_mixin.py:104} INFO - submitted
[2021-05-16 22:30:55,984] {logging_mixin.py:104} INFO - running function for: (array([1621168255000, 1621170055000]), 2)
[2021-05-16 22:30:55,985] {logging_mixin.py:104} INFO - submitted
[2021-05-16 22:30:55,985] {logging_mixin.py:104} INFO - running function for: (array([1621168255000, 1621170055000]), 3)
[2021-05-16 22:30:55,985] {logging_mixin.py:104} INFO - submitted
[2021-05-16 22:30:55,986] {logging_mixin.py:104} INFO - running function for: (array([1621166455000, 1621168255000]), 1)
[2021-05-16 22:30:55,986] {logging_mixin.py:104} INFO - submitted
[2021-05-16 22:30:55,987] {logging_mixin.py:104} INFO - running function for: (array([1621166455000, 1621168255000]), 2)
[2021-05-16 22:30:55,987] {logging_mixin.py:104} INFO - submitted
[2021-05-16 22:30:55,988] {logging_mixin.py:104} INFO - running function for: (array([1621166455000, 1621168255000]), 3)
[2021-05-16 22:30:55,988] {logging_mixin.py:104} INFO - submitted
[2021-05-16 22:30:55,988] {logging_mixin.py:104} INFO - running function for: (array([1621164655000, 1621166455000]), 1)
[2021-05-16 22:30:55,989] {logging_mixin.py:104} INFO - submitted
[2021-05-16 22:30:55,990] {logging_mixin.py:104} INFO - running function for: (array([1621164655000, 1621166455000]), 2)
[2021-05-16 22:30:55,991] {logging_mixin.py:104} INFO - submitted
[2021-05-16 22:30:55,992] {logging_mixin.py:104} INFO - running function for: (array([1621164655000, 1621166455000]), 3)
[2021-05-16 22:30:55,992] {logging_mixin.py:104} INFO - submitted
[2021-05-16 22:30:55,992] {logging_mixin.py:104} INFO - running function for: (array([1621162855000, 1621164655000]), 1)
[2021-05-16 22:30:55,993] {logging_mixin.py:104} INFO - submitted
[2021-05-16 22:30:55,993] {logging_mixin.py:104} INFO - running function for: (array([1621162855000, 1621164655000]), 2)
[2021-05-16 22:30:55,993] {logging_mixin.py:104} INFO - submitted
[2021-05-16 22:30:55,994] {logging_mixin.py:104} INFO - running function for: (array([1621162855000, 1621164655000]), 3)
[2021-05-16 22:30:55,994] {logging_mixin.py:104} INFO - submitted
[2021-05-16 22:30:55,995] {logging_mixin.py:104} INFO - running function for: (array([1621161055000, 1621162855000]), 1)
[2021-05-16 22:30:55,995] {logging_mixin.py:104} INFO - submitted
[2021-05-16 22:30:55,996] {logging_mixin.py:104} INFO - running function for: (array([1621161055000, 1621162855000]), 2)
[2021-05-16 22:30:55,996] {logging_mixin.py:104} INFO - submitted
[2021-05-16 22:30:55,996] {logging_mixin.py:104} INFO - running function for: (array([1621161055000, 1621162855000]), 3)
[2021-05-16 22:30:55,996] {logging_mixin.py:104} INFO - submitted
[2021-05-16 22:30:55,996] {logging_mixin.py:104} INFO - running function for: (array([1621159255000, 1621161055000]), 1)
[2021-05-16 22:30:55,997] {logging_mixin.py:104} INFO - submitted
[2021-05-16 22:30:55,997] {logging_mixin.py:104} INFO - running function for: (array([1621159255000, 1621161055000]), 2)
[2021-05-16 22:30:55,997] {logging_mixin.py:104} INFO - submitted
[2021-05-16 22:30:55,997] {logging_mixin.py:104} INFO - running function for: (array([1621159255000, 1621161055000]), 3)
[2021-05-16 22:30:55,998] {logging_mixin.py:104} INFO - submitted
[2021-05-16 22:30:55,998] {logging_mixin.py:104} INFO - running function for: (array([1621157455000, 1621159255000]), 1)
[2021-05-16 22:30:55,998] {logging_mixin.py:104} INFO - submitted
[2021-05-16 22:30:55,998] {logging_mixin.py:104} INFO - running function for: (array([1621157455000, 1621159255000]), 2)
[2021-05-16 22:30:55,999] {logging_mixin.py:104} INFO - submitted
[2021-05-16 22:30:55,999] {logging_mixin.py:104} INFO - running function for: (array([1621157455000, 1621159255000]), 3)
[2021-05-16 22:30:55,999] {logging_mixin.py:104} INFO - submitted
[2021-05-16 22:30:56,000] {logging_mixin.py:104} INFO - running function for: (array([1621155655000, 1621157455000]), 1)
[2021-05-16 22:30:56,000] {logging_mixin.py:104} INFO - submitted
[2021-05-16 22:30:56,001] {logging_mixin.py:104} INFO - running function for: (array([1621155655000, 1621157455000]), 2)
[2021-05-16 22:30:56,001] {logging_mixin.py:104} INFO - submitted
[2021-05-16 22:30:56,001] {logging_mixin.py:104} INFO - running function for: (array([1621155655000, 1621157455000]), 3)
[2021-05-16 22:30:56,002] {logging_mixin.py:104} INFO - submitted
[2021-05-16 22:30:56,002] {logging_mixin.py:104} INFO - running function for: (array([1621153855000, 1621155655000]), 1)
[2021-05-16 22:30:56,002] {logging_mixin.py:104} INFO - submitted
[2021-05-16 22:30:56,002] {logging_mixin.py:104} INFO - running function for: (array([1621153855000, 1621155655000]), 2)
[2021-05-16 22:30:56,003] {logging_mixin.py:104} INFO - submitted
[2021-05-16 22:30:56,003] {logging_mixin.py:104} INFO - running function for: (array([1621153855000, 1621155655000]), 3)
[2021-05-16 22:30:56,003] {logging_mixin.py:104} INFO - submitted
[2021-05-16 22:30:56,003] {logging_mixin.py:104} INFO - running function for: (array([1621152055000, 1621153855000]), 1)
[2021-05-16 22:30:56,004] {logging_mixin.py:104} INFO - submitted
[2021-05-16 22:30:56,004] {logging_mixin.py:104} INFO - running function for: (array([1621152055000, 1621153855000]), 2)
[2021-05-16 22:30:56,004] {logging_mixin.py:104} INFO - submitted
[2021-05-16 22:30:56,004] {logging_mixin.py:104} INFO - running function for: (array([1621152055000, 1621153855000]), 3)
[2021-05-16 22:30:56,005] {logging_mixin.py:104} INFO - submitted
[2021-05-16 22:30:56,005] {logging_mixin.py:104} INFO - running function for: (array([1621150255000, 1621152055000]), 1)
[2021-05-16 22:30:56,005] {logging_mixin.py:104} INFO - submitted
[2021-05-16 22:30:56,005] {logging_mixin.py:104} INFO - running function for: (array([1621150255000, 1621152055000]), 2)
[2021-05-16 22:30:56,006] {logging_mixin.py:104} INFO - submitted
[2021-05-16 22:30:56,006] {logging_mixin.py:104} INFO - running function for: (array([1621150255000, 1621152055000]), 3)
[2021-05-16 22:30:56,006] {logging_mixin.py:104} INFO - submitted
[2021-05-16 22:30:56,007] {logging_mixin.py:104} INFO - running function for: (array([1621148455000, 1621150255000]), 1)
[2021-05-16 22:30:56,007] {logging_mixin.py:104} INFO - submitted
[2021-05-16 22:30:56,007] {logging_mixin.py:104} INFO - running function for: (array([1621148455000, 1621150255000]), 2)
[2021-05-16 22:30:56,007] {logging_mixin.py:104} INFO - submitted
[2021-05-16 22:30:56,008] {logging_mixin.py:104} INFO - running function for: (array([1621148455000, 1621150255000]), 3)
[2021-05-16 22:30:56,008] {logging_mixin.py:104} INFO - submitted
[2021-05-16 22:30:56,008] {logging_mixin.py:104} INFO - running function for: (array([1621146655000, 1621148455000]), 1)
[2021-05-16 22:30:56,008] {logging_mixin.py:104} INFO - submitted
[2021-05-16 22:30:56,009] {logging_mixin.py:104} INFO - running function for: (array([1621146655000, 1621148455000]), 2)
[2021-05-16 22:30:56,009] {logging_mixin.py:104} INFO - submitted
[2021-05-16 22:30:56,009] {logging_mixin.py:104} INFO - running function for: (array([1621146655000, 1621148455000]), 3)
[2021-05-16 22:30:56,009] {logging_mixin.py:104} INFO - submitted
[2021-05-16 22:30:56,010] {logging_mixin.py:104} INFO - running function for: (array([1621144855000, 1621146655000]), 1)
[2021-05-16 22:30:56,010] {logging_mixin.py:104} INFO - submitted
[2021-05-16 22:30:56,010] {logging_mixin.py:104} INFO - running function for: (array([1621144855000, 1621146655000]), 2)
[2021-05-16 22:30:56,010] {logging_mixin.py:104} INFO - submitted
[2021-05-16 22:30:56,011] {logging_mixin.py:104} INFO - running function for: (array([1621144855000, 1621146655000]), 3)
[2021-05-16 22:30:56,011] {logging_mixin.py:104} INFO - submitted
[2021-05-16 22:30:56,011] {logging_mixin.py:104} INFO - running function for: (array([1621143055000, 1621144855000]), 1)
[2021-05-16 22:30:56,011] {logging_mixin.py:104} INFO - submitted
[2021-05-16 22:30:56,012] {logging_mixin.py:104} INFO - running function for: (array([1621143055000, 1621144855000]), 2)
[2021-05-16 22:30:56,012] {logging_mixin.py:104} INFO - submitted
[2021-05-16 22:30:56,012] {logging_mixin.py:104} INFO - running function for: (array([1621143055000, 1621144855000]), 3)
[2021-05-16 22:30:56,013] {logging_mixin.py:104} INFO - submitted
[2021-05-16 22:30:56,013] {logging_mixin.py:104} INFO - running function for: (array([1621141255000, 1621143055000]), 1)
[2021-05-16 22:30:56,013] {logging_mixin.py:104} INFO - submitted
[2021-05-16 22:30:56,013] {logging_mixin.py:104} INFO - running function for: (array([1621141255000, 1621143055000]), 2)
[2021-05-16 22:30:56,014] {logging_mixin.py:104} INFO - submitted
[2021-05-16 22:30:56,014] {logging_mixin.py:104} INFO - running function for: (array([1621141255000, 1621143055000]), 3)
[2021-05-16 22:30:56,014] {logging_mixin.py:104} INFO - submitted
[2021-05-16 22:30:56,014] {logging_mixin.py:104} INFO - running function for: (array([1621139455000, 1621141255000]), 1)
[2021-05-16 22:30:56,015] {logging_mixin.py:104} INFO - submitted
[2021-05-16 22:30:56,015] {logging_mixin.py:104} INFO - running function for: (array([1621139455000, 1621141255000]), 2)
[2021-05-16 22:30:56,015] {logging_mixin.py:104} INFO - submitted
[2021-05-16 22:30:56,015] {logging_mixin.py:104} INFO - running function for: (array([1621139455000, 1621141255000]), 3)
[2021-05-16 22:30:56,016] {logging_mixin.py:104} INFO - submitted
[2021-05-16 22:30:56,016] {logging_mixin.py:104} INFO - running function for: (array([1621137655000, 1621139455000]), 1)
[2021-05-16 22:30:56,016] {logging_mixin.py:104} INFO - submitted
[2021-05-16 22:30:56,016] {logging_mixin.py:104} INFO - running function for: (array([1621137655000, 1621139455000]), 2)
[2021-05-16 22:30:56,017] {logging_mixin.py:104} INFO - submitted
[2021-05-16 22:30:56,017] {logging_mixin.py:104} INFO - running function for: (array([1621137655000, 1621139455000]), 3)
[2021-05-16 22:30:56,017] {logging_mixin.py:104} INFO - submitted
[2021-05-16 22:30:56,017] {logging_mixin.py:104} INFO - running function for: (array([1621135855000, 1621137655000]), 1)
[2021-05-16 22:30:56,018] {logging_mixin.py:104} INFO - submitted
[2021-05-16 22:30:56,018] {logging_mixin.py:104} INFO - running function for: (array([1621135855000, 1621137655000]), 2)
[2021-05-16 22:30:56,018] {logging_mixin.py:104} INFO - submitted
[2021-05-16 22:30:56,018] {logging_mixin.py:104} INFO - running function for: (array([1621135855000, 1621137655000]), 3)
[2021-05-16 22:30:56,019] {logging_mixin.py:104} INFO - submitted
[2021-05-16 22:30:56,019] {logging_mixin.py:104} INFO - running function for: (array([1621134055000, 1621135855000]), 1)
[2021-05-16 22:30:56,019] {logging_mixin.py:104} INFO - submitted
[2021-05-16 22:30:56,019] {logging_mixin.py:104} INFO - running function for: (array([1621134055000, 1621135855000]), 2)
[2021-05-16 22:30:56,020] {logging_mixin.py:104} INFO - submitted
[2021-05-16 22:30:56,020] {logging_mixin.py:104} INFO - running function for: (array([1621134055000, 1621135855000]), 3)
[2021-05-16 22:30:56,020] {logging_mixin.py:104} INFO - submitted
[2021-05-16 22:30:56,020] {logging_mixin.py:104} INFO - running function for: (array([1621132255000, 1621134055000]), 1)
[2021-05-16 22:30:56,021] {logging_mixin.py:104} INFO - submitted
[2021-05-16 22:30:56,021] {logging_mixin.py:104} INFO - running function for: (array([1621132255000, 1621134055000]), 2)
[2021-05-16 22:30:56,021] {logging_mixin.py:104} INFO - submitted
[2021-05-16 22:30:56,021] {logging_mixin.py:104} INFO - running function for: (array([1621132255000, 1621134055000]), 3)
[2021-05-16 22:30:56,022] {logging_mixin.py:104} INFO - submitted
[2021-05-16 22:30:56,022] {logging_mixin.py:104} INFO - running function for: (array([1621130455000, 1621132255000]), 1)
[2021-05-16 22:30:56,022] {logging_mixin.py:104} INFO - submitted
[2021-05-16 22:30:56,022] {logging_mixin.py:104} INFO - running function for: (array([1621130455000, 1621132255000]), 2)
[2021-05-16 22:30:56,023] {logging_mixin.py:104} INFO - submitted
[2021-05-16 22:30:56,023] {logging_mixin.py:104} INFO - running function for: (array([1621130455000, 1621132255000]), 3)
[2021-05-16 22:30:56,023] {logging_mixin.py:104} INFO - submitted
[2021-05-16 22:30:56,024] {logging_mixin.py:104} INFO - running function for: (array([1621128655000, 1621130455000]), 1)
[2021-05-16 22:30:56,024] {logging_mixin.py:104} INFO - submitted
[2021-05-16 22:30:56,024] {logging_mixin.py:104} INFO - running function for: (array([1621128655000, 1621130455000]), 2)
[2021-05-16 22:30:56,024] {logging_mixin.py:104} INFO - submitted
[2021-05-16 22:30:56,025] {logging_mixin.py:104} INFO - running function for: (array([1621128655000, 1621130455000]), 3)
[2021-05-16 22:30:56,025] {logging_mixin.py:104} INFO - submitted
[2021-05-16 22:30:59,083] {process_utils.py:100} INFO - Sending Signals.SIGTERM to GPID 32592
[2021-05-16 22:30:59,084] {taskinstance.py:1265} ERROR - Received SIGTERM. Terminating subprocesses.
[2021-05-16 22:30:59,087] {taskinstance.py:1482} ERROR - Task failed with exception
Traceback (most recent call last):
  File "/Library/Frameworks/Python.framework/Versions/3.7/lib/python3.7/site-packages/airflow/models/taskinstance.py", line 1138, in _run_raw_task
    self._prepare_and_execute_task_with_callbacks(context, task)
  File "/Library/Frameworks/Python.framework/Versions/3.7/lib/python3.7/site-packages/airflow/models/taskinstance.py", line 1311, in _prepare_and_execute_task_with_callbacks
    result = self._execute_task(context, task_copy)
  File "/Library/Frameworks/Python.framework/Versions/3.7/lib/python3.7/site-packages/airflow/models/taskinstance.py", line 1341, in _execute_task
    result = task_copy.execute(context=context)
  File "/Library/Frameworks/Python.framework/Versions/3.7/lib/python3.7/site-packages/airflow/operators/python.py", line 117, in execute
    return_value = self.execute_callable()
  File "/Library/Frameworks/Python.framework/Versions/3.7/lib/python3.7/site-packages/airflow/operators/python.py", line 128, in execute_callable
    return self.python_callable(*self.op_args, **self.op_kwargs)
  File "/Users/raphaelcarvalho/Documents/forex/load_data_to_s3.py", line 29, in load_data_to_s3
    f.run_etl(min_ts=date_from, end_ts=date_to, step=step, active_id=active_ids, date=today)
  File "/Users/raphaelcarvalho/Documents/forex/functions.py", line 150, in run_etl
    processed_data = process_data(api_calls, date, n_threads=8)
  File "/Users/raphaelcarvalho/Documents/forex/functions.py", line 135, in process_data
    print("submitted")
  File "/Library/Frameworks/Python.framework/Versions/3.7/lib/python3.7/concurrent/futures/_base.py", line 611, in __exit__
    self.shutdown(wait=True)
  File "/Library/Frameworks/Python.framework/Versions/3.7/lib/python3.7/concurrent/futures/thread.py", line 204, in shutdown
    t.join()
  File "/Library/Frameworks/Python.framework/Versions/3.7/lib/python3.7/threading.py", line 1032, in join
    self._wait_for_tstate_lock()
  File "/Library/Frameworks/Python.framework/Versions/3.7/lib/python3.7/threading.py", line 1048, in _wait_for_tstate_lock
    elif lock.acquire(block, timeout):
  File "/Library/Frameworks/Python.framework/Versions/3.7/lib/python3.7/site-packages/airflow/models/taskinstance.py", line 1267, in signal_handler
    raise AirflowException("Task received SIGTERM signal")
airflow.exceptions.AirflowException: Task received SIGTERM signal
[2021-05-16 22:30:59,095] {taskinstance.py:1532} INFO - Marking task as FAILED. dag_id=etl, task_id=loading_data_to_s3, execution_date=20210516T170000, start_date=20210517T013054, end_date=20210517T013059
[2021-05-16 22:30:59,112] {process_utils.py:66} INFO - Process psutil.Process(pid=32592, status='terminated', exitcode=1, started='22:30:54') (32592) terminated with exit code 1
