[2021-05-15 08:25:30,679] {taskinstance.py:877} INFO - Dependencies all met for <TaskInstance: etl.loading_data_to_s3 2021-05-15T05:00:00+00:00 [queued]>
[2021-05-15 08:25:30,698] {taskinstance.py:877} INFO - Dependencies all met for <TaskInstance: etl.loading_data_to_s3 2021-05-15T05:00:00+00:00 [queued]>
[2021-05-15 08:25:30,698] {taskinstance.py:1068} INFO - 
--------------------------------------------------------------------------------
[2021-05-15 08:25:30,699] {taskinstance.py:1069} INFO - Starting attempt 1 of 1
[2021-05-15 08:25:30,699] {taskinstance.py:1070} INFO - 
--------------------------------------------------------------------------------
[2021-05-15 08:25:30,714] {taskinstance.py:1089} INFO - Executing <Task(PythonOperator): loading_data_to_s3> on 2021-05-15T05:00:00+00:00
[2021-05-15 08:25:30,724] {standard_task_runner.py:52} INFO - Started process 26892 to run task
[2021-05-15 08:25:30,742] {standard_task_runner.py:76} INFO - Running: ['airflow', 'tasks', 'run', 'etl', 'loading_data_to_s3', '2021-05-15T05:00:00+00:00', '--job-id', '635', '--pool', 'default_pool', '--raw', '--subdir', 'DAGS_FOLDER/etl_dag.py', '--cfg-path', '/var/folders/_f/vg3x3jmj23bcz6s88l7v6fb40000gn/T/tmp4935zy8i', '--error-file', '/var/folders/_f/vg3x3jmj23bcz6s88l7v6fb40000gn/T/tmpo9kjlxdc']
[2021-05-15 08:25:30,747] {standard_task_runner.py:77} INFO - Job 635: Subtask loading_data_to_s3
[2021-05-15 08:25:30,848] {logging_mixin.py:104} INFO - Running <TaskInstance: etl.loading_data_to_s3 2021-05-15T05:00:00+00:00 [running]> on host 27.2.168.192.in-addr.arpa
[2021-05-15 08:25:30,929] {taskinstance.py:1283} INFO - Exporting the following env vars:
AIRFLOW_CTX_DAG_OWNER=udacity
AIRFLOW_CTX_DAG_ID=etl
AIRFLOW_CTX_TASK_ID=loading_data_to_s3
AIRFLOW_CTX_EXECUTION_DATE=2021-05-15T05:00:00+00:00
AIRFLOW_CTX_DAG_RUN_ID=scheduled__2021-05-15T05:00:00+00:00
[2021-05-15 08:25:32,211] {logging_mixin.py:104} INFO - Fetching interval list
[2021-05-15 08:25:32,214] {logging_mixin.py:104} INFO - Inverval list built
[2021-05-15 08:25:32,215] {logging_mixin.py:104} INFO - Processing data
[2021-05-15 08:25:32,216] {logging_mixin.py:104} INFO - df initialized
[2021-05-15 08:25:32,218] {logging_mixin.py:104} INFO - (array([1621074332000, 1621076132000]), 1)
[2021-05-15 08:25:32,220] {logging_mixin.py:104} INFO - (array([1621074332000, 1621076132000]), 2)
[2021-05-15 08:25:32,221] {logging_mixin.py:104} INFO - (array([1621074332000, 1621076132000]), 3)
[2021-05-15 08:25:32,222] {logging_mixin.py:104} INFO - (array([1621072532000, 1621074332000]), 1)
[2021-05-15 08:25:32,223] {logging_mixin.py:104} INFO - (array([1621072532000, 1621074332000]), 2)
[2021-05-15 08:25:32,224] {logging_mixin.py:104} INFO - (array([1621072532000, 1621074332000]), 3)
[2021-05-15 08:25:32,225] {logging_mixin.py:104} INFO - (array([1621070732000, 1621072532000]), 1)
[2021-05-15 08:25:32,226] {logging_mixin.py:104} INFO - (array([1621070732000, 1621072532000]), 2)
[2021-05-15 08:25:32,227] {logging_mixin.py:104} INFO - (array([1621070732000, 1621072532000]), 3)
[2021-05-15 08:25:32,228] {logging_mixin.py:104} INFO - (array([1621068932000, 1621070732000]), 1)
[2021-05-15 08:25:32,229] {logging_mixin.py:104} INFO - (array([1621068932000, 1621070732000]), 2)
[2021-05-15 08:25:32,230] {logging_mixin.py:104} INFO - (array([1621068932000, 1621070732000]), 3)
[2021-05-15 08:25:32,232] {logging_mixin.py:104} INFO - (array([1621067132000, 1621068932000]), 1)
[2021-05-15 08:25:32,233] {logging_mixin.py:104} INFO - (array([1621067132000, 1621068932000]), 2)
[2021-05-15 08:25:32,234] {logging_mixin.py:104} INFO - (array([1621067132000, 1621068932000]), 3)
[2021-05-15 08:25:32,235] {logging_mixin.py:104} INFO - (array([1621065332000, 1621067132000]), 1)
[2021-05-15 08:25:32,236] {logging_mixin.py:104} INFO - (array([1621065332000, 1621067132000]), 2)
[2021-05-15 08:25:32,237] {logging_mixin.py:104} INFO - (array([1621065332000, 1621067132000]), 3)
[2021-05-15 08:25:32,238] {logging_mixin.py:104} INFO - (array([1621063532000, 1621065332000]), 1)
[2021-05-15 08:25:32,239] {logging_mixin.py:104} INFO - (array([1621063532000, 1621065332000]), 2)
[2021-05-15 08:25:32,240] {logging_mixin.py:104} INFO - (array([1621063532000, 1621065332000]), 3)
[2021-05-15 08:25:32,241] {logging_mixin.py:104} INFO - (array([1621061732000, 1621063532000]), 1)
[2021-05-15 08:25:32,242] {logging_mixin.py:104} INFO - (array([1621061732000, 1621063532000]), 2)
[2021-05-15 08:25:32,243] {logging_mixin.py:104} INFO - (array([1621061732000, 1621063532000]), 3)
[2021-05-15 08:25:32,244] {logging_mixin.py:104} INFO - (array([1621059932000, 1621061732000]), 1)
[2021-05-15 08:25:32,245] {logging_mixin.py:104} INFO - (array([1621059932000, 1621061732000]), 2)
[2021-05-15 08:25:32,247] {logging_mixin.py:104} INFO - (array([1621059932000, 1621061732000]), 3)
[2021-05-15 08:25:32,248] {logging_mixin.py:104} INFO - (array([1621058132000, 1621059932000]), 1)
[2021-05-15 08:25:32,249] {logging_mixin.py:104} INFO - (array([1621058132000, 1621059932000]), 2)
[2021-05-15 08:25:32,250] {logging_mixin.py:104} INFO - (array([1621058132000, 1621059932000]), 3)
[2021-05-15 08:25:32,251] {logging_mixin.py:104} INFO - (array([1621056332000, 1621058132000]), 1)
[2021-05-15 08:25:32,252] {logging_mixin.py:104} INFO - (array([1621056332000, 1621058132000]), 2)
[2021-05-15 08:25:32,253] {logging_mixin.py:104} INFO - (array([1621056332000, 1621058132000]), 3)
[2021-05-15 08:25:32,254] {logging_mixin.py:104} INFO - (array([1621054532000, 1621056332000]), 1)
[2021-05-15 08:25:32,256] {logging_mixin.py:104} INFO - (array([1621054532000, 1621056332000]), 2)
[2021-05-15 08:25:32,257] {logging_mixin.py:104} INFO - (array([1621054532000, 1621056332000]), 3)
[2021-05-15 08:25:32,258] {logging_mixin.py:104} INFO - (array([1621052732000, 1621054532000]), 1)
[2021-05-15 08:25:32,259] {logging_mixin.py:104} INFO - (array([1621052732000, 1621054532000]), 2)
[2021-05-15 08:25:32,260] {logging_mixin.py:104} INFO - (array([1621052732000, 1621054532000]), 3)
[2021-05-15 08:25:32,261] {logging_mixin.py:104} INFO - (array([1621050932000, 1621052732000]), 1)
[2021-05-15 08:25:32,262] {logging_mixin.py:104} INFO - (array([1621050932000, 1621052732000]), 2)
[2021-05-15 08:25:32,263] {logging_mixin.py:104} INFO - (array([1621050932000, 1621052732000]), 3)
[2021-05-15 08:25:32,264] {logging_mixin.py:104} INFO - (array([1621049132000, 1621050932000]), 1)
[2021-05-15 08:25:32,265] {logging_mixin.py:104} INFO - (array([1621049132000, 1621050932000]), 2)
[2021-05-15 08:25:32,266] {logging_mixin.py:104} INFO - (array([1621049132000, 1621050932000]), 3)
[2021-05-15 08:25:32,267] {logging_mixin.py:104} INFO - (array([1621047332000, 1621049132000]), 1)
[2021-05-15 08:25:32,268] {logging_mixin.py:104} INFO - (array([1621047332000, 1621049132000]), 2)
[2021-05-15 08:25:32,269] {logging_mixin.py:104} INFO - (array([1621047332000, 1621049132000]), 3)
[2021-05-15 08:25:32,270] {logging_mixin.py:104} INFO - (array([1621045532000, 1621047332000]), 1)
[2021-05-15 08:25:32,271] {logging_mixin.py:104} INFO - (array([1621045532000, 1621047332000]), 2)
[2021-05-15 08:25:32,272] {logging_mixin.py:104} INFO - (array([1621045532000, 1621047332000]), 3)
[2021-05-15 08:25:32,273] {logging_mixin.py:104} INFO - (array([1621043732000, 1621045532000]), 1)
[2021-05-15 08:25:32,274] {logging_mixin.py:104} INFO - (array([1621043732000, 1621045532000]), 2)
[2021-05-15 08:25:32,275] {logging_mixin.py:104} INFO - (array([1621043732000, 1621045532000]), 3)
[2021-05-15 08:25:32,276] {logging_mixin.py:104} INFO - (array([1621041932000, 1621043732000]), 1)
[2021-05-15 08:25:32,277] {logging_mixin.py:104} INFO - (array([1621041932000, 1621043732000]), 2)
[2021-05-15 08:25:32,278] {logging_mixin.py:104} INFO - (array([1621041932000, 1621043732000]), 3)
[2021-05-15 08:25:32,279] {logging_mixin.py:104} INFO - (array([1621040132000, 1621041932000]), 1)
[2021-05-15 08:25:32,280] {logging_mixin.py:104} INFO - (array([1621040132000, 1621041932000]), 2)
[2021-05-15 08:25:32,281] {logging_mixin.py:104} INFO - (array([1621040132000, 1621041932000]), 3)
[2021-05-15 08:25:32,282] {logging_mixin.py:104} INFO - (array([1621038332000, 1621040132000]), 1)
[2021-05-15 08:25:32,283] {logging_mixin.py:104} INFO - (array([1621038332000, 1621040132000]), 2)
[2021-05-15 08:25:32,285] {logging_mixin.py:104} INFO - (array([1621038332000, 1621040132000]), 3)
[2021-05-15 08:25:32,287] {logging_mixin.py:104} INFO - (array([1621036532000, 1621038332000]), 1)
[2021-05-15 08:25:32,288] {logging_mixin.py:104} INFO - (array([1621036532000, 1621038332000]), 2)
[2021-05-15 08:25:32,291] {logging_mixin.py:104} INFO - (array([1621036532000, 1621038332000]), 3)
[2021-05-15 08:25:32,293] {logging_mixin.py:104} INFO - (array([1621034732000, 1621036532000]), 1)
[2021-05-15 08:25:32,295] {logging_mixin.py:104} INFO - (array([1621034732000, 1621036532000]), 2)
[2021-05-15 08:25:32,297] {logging_mixin.py:104} INFO - (array([1621034732000, 1621036532000]), 3)
[2021-05-15 08:25:32,298] {logging_mixin.py:104} INFO - (array([1621032932000, 1621034732000]), 1)
[2021-05-15 08:25:32,300] {logging_mixin.py:104} INFO - (array([1621032932000, 1621034732000]), 2)
[2021-05-15 08:25:32,301] {logging_mixin.py:104} INFO - (array([1621032932000, 1621034732000]), 3)
[2021-05-15 08:25:32,302] {logging_mixin.py:104} INFO - (array([1621031132000, 1621032932000]), 1)
[2021-05-15 08:25:32,303] {logging_mixin.py:104} INFO - (array([1621031132000, 1621032932000]), 2)
[2021-05-15 08:25:32,304] {logging_mixin.py:104} INFO - (array([1621031132000, 1621032932000]), 3)
[2021-05-15 08:25:32,305] {logging_mixin.py:104} INFO - ThreadPoolExecutor initialized
[2021-05-15 08:25:32,307] {logging_mixin.py:104} INFO - running function for: (array([1621074332000, 1621076132000]), 1)
[2021-05-15 08:25:32,309] {logging_mixin.py:104} INFO - https://cdn.iqoption.com/api/quotes-history/quotes/3.0?to=1621076132000&from=1621074332000&active_id=1&only_round=true&_key=1614903660000
[2021-05-15 08:25:32,311] {logging_mixin.py:104} INFO - https://cdn.iqoption.com/api/quotes-history/quotes/3.0?to=1621076132000&from=1621074332000&active_id=1&only_round=true&_key=1614903660000
submitted
[2021-05-15 08:25:32,315] {logging_mixin.py:104} INFO - running function for: (array([1621074332000, 1621076132000]), 2)
[2021-05-15 08:25:32,317] {logging_mixin.py:104} INFO - https://cdn.iqoption.com/api/quotes-history/quotes/3.0?to=1621076132000&from=1621074332000&active_id=2&only_round=true&_key=1614903660000
[2021-05-15 08:25:32,318] {logging_mixin.py:104} INFO - submitted
[2021-05-15 08:25:32,320] {logging_mixin.py:104} INFO - running function for: (array([1621074332000, 1621076132000]), 3)
[2021-05-15 08:25:32,323] {logging_mixin.py:104} INFO - https://cdn.iqoption.com/api/quotes-history/quotes/3.0?to=1621076132000&from=1621074332000&active_id=3&only_round=true&_key=1614903660000
[2021-05-15 08:25:32,324] {logging_mixin.py:104} INFO - https://cdn.iqoption.com/api/quotes-history/quotes/3.0?to=1621076132000&from=1621074332000&active_id=3&only_round=true&_key=1614903660000
submitted
[2021-05-15 08:25:32,329] {logging_mixin.py:104} INFO - running function for: (array([1621072532000, 1621074332000]), 1)
[2021-05-15 08:25:32,332] {logging_mixin.py:104} INFO - https://cdn.iqoption.com/api/quotes-history/quotes/3.0?to=1621074332000&from=1621072532000&active_id=1&only_round=true&_key=1614903660000
[2021-05-15 08:25:32,333] {logging_mixin.py:104} INFO - https://cdn.iqoption.com/api/quotes-history/quotes/3.0?to=1621074332000&from=1621072532000&active_id=1&only_round=true&_key=1614903660000
submitted
[2021-05-15 08:25:32,335] {logging_mixin.py:104} INFO - running function for: (array([1621072532000, 1621074332000]), 2)
[2021-05-15 08:25:32,341] {logging_mixin.py:104} INFO - https://cdn.iqoption.com/api/quotes-history/quotes/3.0?to=1621074332000&from=1621072532000&active_id=2&only_round=true&_key=1614903660000
[2021-05-15 08:25:32,345] {logging_mixin.py:104} INFO - https://cdn.iqoption.com/api/quotes-history/quotes/3.0?to=1621074332000&from=1621072532000&active_id=2&only_round=true&_key=1614903660000
submitted
[2021-05-15 08:25:32,353] {logging_mixin.py:104} INFO - running function for: (array([1621072532000, 1621074332000]), 3)
[2021-05-15 08:25:32,354] {logging_mixin.py:104} INFO - https://cdn.iqoption.com/api/quotes-history/quotes/3.0?to=1621074332000&from=1621072532000&active_id=3&only_round=true&_key=1614903660000
[2021-05-15 08:25:32,356] {logging_mixin.py:104} INFO - https://cdn.iqoption.com/api/quotes-history/quotes/3.0?to=1621074332000&from=1621072532000&active_id=3&only_round=true&_key=1614903660000
submitted
[2021-05-15 08:25:32,359] {logging_mixin.py:104} INFO - running function for: (array([1621070732000, 1621072532000]), 1)
[2021-05-15 08:25:32,360] {logging_mixin.py:104} INFO - https://cdn.iqoption.com/api/quotes-history/quotes/3.0?to=1621072532000&from=1621070732000&active_id=1&only_round=true&_key=1614903660000
[2021-05-15 08:25:32,362] {logging_mixin.py:104} INFO - submitted
[2021-05-15 08:25:32,363] {logging_mixin.py:104} INFO - running function for: (array([1621070732000, 1621072532000]), 2)
[2021-05-15 08:25:32,364] {logging_mixin.py:104} INFO - https://cdn.iqoption.com/api/quotes-history/quotes/3.0?to=1621072532000&from=1621070732000&active_id=2&only_round=true&_key=1614903660000
[2021-05-15 08:25:32,368] {logging_mixin.py:104} INFO - submitted
[2021-05-15 08:25:32,369] {logging_mixin.py:104} INFO - running function for: (array([1621070732000, 1621072532000]), 3)
[2021-05-15 08:25:32,370] {logging_mixin.py:104} INFO - submitted
[2021-05-15 08:25:32,371] {logging_mixin.py:104} INFO - running function for: (array([1621068932000, 1621070732000]), 1)
[2021-05-15 08:25:32,372] {logging_mixin.py:104} INFO - submitted
[2021-05-15 08:25:32,373] {logging_mixin.py:104} INFO - running function for: (array([1621068932000, 1621070732000]), 2)
[2021-05-15 08:25:32,376] {logging_mixin.py:104} INFO - submitted
[2021-05-15 08:25:32,377] {logging_mixin.py:104} INFO - running function for: (array([1621068932000, 1621070732000]), 3)
[2021-05-15 08:25:32,378] {logging_mixin.py:104} INFO - submitted
[2021-05-15 08:25:32,379] {logging_mixin.py:104} INFO - running function for: (array([1621067132000, 1621068932000]), 1)
[2021-05-15 08:25:32,380] {logging_mixin.py:104} INFO - submitted
[2021-05-15 08:25:32,381] {logging_mixin.py:104} INFO - running function for: (array([1621067132000, 1621068932000]), 2)
[2021-05-15 08:25:32,382] {logging_mixin.py:104} INFO - submitted
[2021-05-15 08:25:32,393] {logging_mixin.py:104} INFO - running function for: (array([1621067132000, 1621068932000]), 3)
[2021-05-15 08:25:32,394] {logging_mixin.py:104} INFO - submitted
[2021-05-15 08:25:32,395] {logging_mixin.py:104} INFO - running function for: (array([1621065332000, 1621067132000]), 1)
[2021-05-15 08:25:32,396] {logging_mixin.py:104} INFO - submitted
[2021-05-15 08:25:32,397] {logging_mixin.py:104} INFO - running function for: (array([1621065332000, 1621067132000]), 2)
[2021-05-15 08:25:32,398] {logging_mixin.py:104} INFO - submitted
[2021-05-15 08:25:32,406] {logging_mixin.py:104} INFO - running function for: (array([1621065332000, 1621067132000]), 3)
[2021-05-15 08:25:32,407] {logging_mixin.py:104} INFO - submitted
[2021-05-15 08:25:32,408] {logging_mixin.py:104} INFO - running function for: (array([1621063532000, 1621065332000]), 1)
[2021-05-15 08:25:32,409] {logging_mixin.py:104} INFO - submitted
[2021-05-15 08:25:32,410] {logging_mixin.py:104} INFO - running function for: (array([1621063532000, 1621065332000]), 2)
[2021-05-15 08:25:32,411] {logging_mixin.py:104} INFO - submitted
[2021-05-15 08:25:32,412] {logging_mixin.py:104} INFO - running function for: (array([1621063532000, 1621065332000]), 3)
[2021-05-15 08:25:32,413] {logging_mixin.py:104} INFO - submitted
[2021-05-15 08:25:32,414] {logging_mixin.py:104} INFO - running function for: (array([1621061732000, 1621063532000]), 1)
[2021-05-15 08:25:32,415] {logging_mixin.py:104} INFO - submitted
[2021-05-15 08:25:32,416] {logging_mixin.py:104} INFO - running function for: (array([1621061732000, 1621063532000]), 2)
[2021-05-15 08:25:32,417] {logging_mixin.py:104} INFO - submitted
[2021-05-15 08:25:32,418] {logging_mixin.py:104} INFO - running function for: (array([1621061732000, 1621063532000]), 3)
[2021-05-15 08:25:32,419] {logging_mixin.py:104} INFO - submitted
[2021-05-15 08:25:32,423] {logging_mixin.py:104} INFO - running function for: (array([1621059932000, 1621061732000]), 1)
[2021-05-15 08:25:32,424] {logging_mixin.py:104} INFO - submitted
[2021-05-15 08:25:32,426] {logging_mixin.py:104} INFO - running function for: (array([1621059932000, 1621061732000]), 2)
[2021-05-15 08:25:32,426] {logging_mixin.py:104} INFO - submitted
[2021-05-15 08:25:32,427] {logging_mixin.py:104} INFO - running function for: (array([1621059932000, 1621061732000]), 3)
[2021-05-15 08:25:32,432] {logging_mixin.py:104} INFO - submitted
[2021-05-15 08:25:32,435] {logging_mixin.py:104} INFO - running function for: (array([1621058132000, 1621059932000]), 1)
[2021-05-15 08:25:32,437] {logging_mixin.py:104} INFO - submitted
[2021-05-15 08:25:32,438] {logging_mixin.py:104} INFO - running function for: (array([1621058132000, 1621059932000]), 2)
[2021-05-15 08:25:32,439] {logging_mixin.py:104} INFO - submitted
[2021-05-15 08:25:32,441] {logging_mixin.py:104} INFO - running function for: (array([1621058132000, 1621059932000]), 3)
[2021-05-15 08:25:32,442] {logging_mixin.py:104} INFO - submitted
[2021-05-15 08:25:32,444] {logging_mixin.py:104} INFO - running function for: (array([1621056332000, 1621058132000]), 1)
[2021-05-15 08:25:32,445] {logging_mixin.py:104} INFO - submitted
[2021-05-15 08:25:32,446] {logging_mixin.py:104} INFO - running function for: (array([1621056332000, 1621058132000]), 2)
[2021-05-15 08:25:32,447] {logging_mixin.py:104} INFO - submitted
[2021-05-15 08:25:32,448] {logging_mixin.py:104} INFO - running function for: (array([1621056332000, 1621058132000]), 3)
[2021-05-15 08:25:32,448] {logging_mixin.py:104} INFO - submitted
[2021-05-15 08:25:32,449] {logging_mixin.py:104} INFO - running function for: (array([1621054532000, 1621056332000]), 1)
[2021-05-15 08:25:32,450] {logging_mixin.py:104} INFO - submitted
[2021-05-15 08:25:32,451] {logging_mixin.py:104} INFO - running function for: (array([1621054532000, 1621056332000]), 2)
[2021-05-15 08:25:32,453] {logging_mixin.py:104} INFO - submitted
[2021-05-15 08:25:32,454] {logging_mixin.py:104} INFO - running function for: (array([1621054532000, 1621056332000]), 3)
[2021-05-15 08:25:32,455] {logging_mixin.py:104} INFO - submitted
[2021-05-15 08:25:32,456] {logging_mixin.py:104} INFO - running function for: (array([1621052732000, 1621054532000]), 1)
[2021-05-15 08:25:32,457] {logging_mixin.py:104} INFO - submitted
[2021-05-15 08:25:32,458] {logging_mixin.py:104} INFO - running function for: (array([1621052732000, 1621054532000]), 2)
[2021-05-15 08:25:32,459] {logging_mixin.py:104} INFO - submitted
[2021-05-15 08:25:32,460] {logging_mixin.py:104} INFO - running function for: (array([1621052732000, 1621054532000]), 3)
[2021-05-15 08:25:32,461] {logging_mixin.py:104} INFO - submitted
[2021-05-15 08:25:32,462] {logging_mixin.py:104} INFO - running function for: (array([1621050932000, 1621052732000]), 1)
[2021-05-15 08:25:32,463] {logging_mixin.py:104} INFO - submitted
[2021-05-15 08:25:32,467] {logging_mixin.py:104} INFO - running function for: (array([1621050932000, 1621052732000]), 2)
[2021-05-15 08:25:32,468] {logging_mixin.py:104} INFO - submitted
[2021-05-15 08:25:32,469] {logging_mixin.py:104} INFO - running function for: (array([1621050932000, 1621052732000]), 3)
[2021-05-15 08:25:32,470] {logging_mixin.py:104} INFO - submitted
[2021-05-15 08:25:32,471] {logging_mixin.py:104} INFO - running function for: (array([1621049132000, 1621050932000]), 1)
[2021-05-15 08:25:32,472] {logging_mixin.py:104} INFO - submitted
[2021-05-15 08:25:32,473] {logging_mixin.py:104} INFO - running function for: (array([1621049132000, 1621050932000]), 2)
[2021-05-15 08:25:32,474] {logging_mixin.py:104} INFO - submitted
[2021-05-15 08:25:32,475] {logging_mixin.py:104} INFO - running function for: (array([1621049132000, 1621050932000]), 3)
[2021-05-15 08:25:32,480] {logging_mixin.py:104} INFO - submitted
[2021-05-15 08:25:32,483] {logging_mixin.py:104} INFO - running function for: (array([1621047332000, 1621049132000]), 1)
[2021-05-15 08:25:32,484] {logging_mixin.py:104} INFO - submitted
[2021-05-15 08:25:32,487] {logging_mixin.py:104} INFO - running function for: (array([1621047332000, 1621049132000]), 2)
[2021-05-15 08:25:32,488] {logging_mixin.py:104} INFO - submitted
[2021-05-15 08:25:32,490] {logging_mixin.py:104} INFO - running function for: (array([1621047332000, 1621049132000]), 3)
[2021-05-15 08:25:32,491] {logging_mixin.py:104} INFO - submitted
[2021-05-15 08:25:32,493] {logging_mixin.py:104} INFO - running function for: (array([1621045532000, 1621047332000]), 1)
[2021-05-15 08:25:32,495] {logging_mixin.py:104} INFO - submitted
[2021-05-15 08:25:32,497] {logging_mixin.py:104} INFO - running function for: (array([1621045532000, 1621047332000]), 2)
[2021-05-15 08:25:32,498] {logging_mixin.py:104} INFO - submitted
[2021-05-15 08:25:32,500] {logging_mixin.py:104} INFO - running function for: (array([1621045532000, 1621047332000]), 3)
[2021-05-15 08:25:32,501] {logging_mixin.py:104} INFO - submitted
[2021-05-15 08:25:32,503] {logging_mixin.py:104} INFO - running function for: (array([1621043732000, 1621045532000]), 1)
[2021-05-15 08:25:32,504] {logging_mixin.py:104} INFO - submitted
[2021-05-15 08:25:32,506] {logging_mixin.py:104} INFO - running function for: (array([1621043732000, 1621045532000]), 2)
[2021-05-15 08:25:32,507] {logging_mixin.py:104} INFO - submitted
[2021-05-15 08:25:32,509] {logging_mixin.py:104} INFO - running function for: (array([1621043732000, 1621045532000]), 3)
[2021-05-15 08:25:32,510] {logging_mixin.py:104} INFO - submitted
[2021-05-15 08:25:32,514] {logging_mixin.py:104} INFO - running function for: (array([1621041932000, 1621043732000]), 1)
[2021-05-15 08:25:32,515] {logging_mixin.py:104} INFO - submitted
[2021-05-15 08:25:32,517] {logging_mixin.py:104} INFO - running function for: (array([1621041932000, 1621043732000]), 2)
[2021-05-15 08:25:32,518] {logging_mixin.py:104} INFO - submitted
[2021-05-15 08:25:32,520] {logging_mixin.py:104} INFO - running function for: (array([1621041932000, 1621043732000]), 3)
[2021-05-15 08:25:32,521] {logging_mixin.py:104} INFO - submitted
[2021-05-15 08:25:32,523] {logging_mixin.py:104} INFO - running function for: (array([1621040132000, 1621041932000]), 1)
[2021-05-15 08:25:32,525] {logging_mixin.py:104} INFO - submitted
[2021-05-15 08:25:32,527] {logging_mixin.py:104} INFO - running function for: (array([1621040132000, 1621041932000]), 2)
[2021-05-15 08:25:32,527] {logging_mixin.py:104} INFO - submitted
[2021-05-15 08:25:32,529] {logging_mixin.py:104} INFO - running function for: (array([1621040132000, 1621041932000]), 3)
[2021-05-15 08:25:32,529] {logging_mixin.py:104} INFO - submitted
[2021-05-15 08:25:32,531] {logging_mixin.py:104} INFO - running function for: (array([1621038332000, 1621040132000]), 1)
[2021-05-15 08:25:32,531] {logging_mixin.py:104} INFO - submitted
[2021-05-15 08:25:32,532] {logging_mixin.py:104} INFO - running function for: (array([1621038332000, 1621040132000]), 2)
[2021-05-15 08:25:32,533] {logging_mixin.py:104} INFO - submitted
[2021-05-15 08:25:32,534] {logging_mixin.py:104} INFO - running function for: (array([1621038332000, 1621040132000]), 3)
[2021-05-15 08:25:32,535] {logging_mixin.py:104} INFO - submitted
[2021-05-15 08:25:32,536] {logging_mixin.py:104} INFO - running function for: (array([1621036532000, 1621038332000]), 1)
[2021-05-15 08:25:32,537] {logging_mixin.py:104} INFO - submitted
[2021-05-15 08:25:32,538] {logging_mixin.py:104} INFO - running function for: (array([1621036532000, 1621038332000]), 2)
[2021-05-15 08:25:32,539] {logging_mixin.py:104} INFO - submitted
[2021-05-15 08:25:32,540] {logging_mixin.py:104} INFO - running function for: (array([1621036532000, 1621038332000]), 3)
[2021-05-15 08:25:32,541] {logging_mixin.py:104} INFO - submitted
[2021-05-15 08:25:32,542] {logging_mixin.py:104} INFO - running function for: (array([1621034732000, 1621036532000]), 1)
[2021-05-15 08:25:32,543] {logging_mixin.py:104} INFO - submitted
[2021-05-15 08:25:32,544] {logging_mixin.py:104} INFO - running function for: (array([1621034732000, 1621036532000]), 2)
[2021-05-15 08:25:32,545] {logging_mixin.py:104} INFO - submitted
[2021-05-15 08:25:32,546] {logging_mixin.py:104} INFO - running function for: (array([1621034732000, 1621036532000]), 3)
[2021-05-15 08:25:32,547] {logging_mixin.py:104} INFO - submitted
[2021-05-15 08:25:32,548] {logging_mixin.py:104} INFO - running function for: (array([1621032932000, 1621034732000]), 1)
[2021-05-15 08:25:32,549] {logging_mixin.py:104} INFO - submitted
[2021-05-15 08:25:32,550] {logging_mixin.py:104} INFO - running function for: (array([1621032932000, 1621034732000]), 2)
[2021-05-15 08:25:32,551] {logging_mixin.py:104} INFO - submitted
[2021-05-15 08:25:32,552] {logging_mixin.py:104} INFO - running function for: (array([1621032932000, 1621034732000]), 3)
[2021-05-15 08:25:32,553] {logging_mixin.py:104} INFO - submitted
[2021-05-15 08:25:32,554] {logging_mixin.py:104} INFO - running function for: (array([1621031132000, 1621032932000]), 1)
[2021-05-15 08:25:32,555] {logging_mixin.py:104} INFO - submitted
[2021-05-15 08:25:32,556] {logging_mixin.py:104} INFO - running function for: (array([1621031132000, 1621032932000]), 2)
[2021-05-15 08:25:32,557] {logging_mixin.py:104} INFO - submitted
[2021-05-15 08:25:32,558] {logging_mixin.py:104} INFO - running function for: (array([1621031132000, 1621032932000]), 3)
[2021-05-15 08:25:32,559] {logging_mixin.py:104} INFO - submitted
[2021-05-15 08:25:36,163] {logging_mixin.py:104} INFO - https://cdn.iqoption.com/api/quotes-history/quotes/3.0?to=1621072532000&from=1621070732000&active_id=3&only_round=true&_key=1614903660000
[2021-05-15 08:25:36,262] {logging_mixin.py:104} INFO - https://cdn.iqoption.com/api/quotes-history/quotes/3.0?to=1621070732000&from=1621068932000&active_id=1&only_round=true&_key=1614903660000
[2021-05-15 08:25:36,423] {logging_mixin.py:104} INFO - https://cdn.iqoption.com/api/quotes-history/quotes/3.0?to=1621070732000&from=1621068932000&active_id=2&only_round=true&_key=1614903660000
[2021-05-15 08:25:36,448] {logging_mixin.py:104} INFO - https://cdn.iqoption.com/api/quotes-history/quotes/3.0?to=1621070732000&from=1621068932000&active_id=3&only_round=true&_key=1614903660000
[2021-05-15 08:25:36,452] {logging_mixin.py:104} INFO - https://cdn.iqoption.com/api/quotes-history/quotes/3.0?to=1621068932000&from=1621067132000&active_id=1&only_round=true&_key=1614903660000
[2021-05-15 08:25:36,608] {logging_mixin.py:104} INFO - https://cdn.iqoption.com/api/quotes-history/quotes/3.0?to=1621068932000&from=1621067132000&active_id=2&only_round=true&_key=1614903660000
[2021-05-15 08:25:36,630] {logging_mixin.py:104} INFO - https://cdn.iqoption.com/api/quotes-history/quotes/3.0?to=1621068932000&from=1621067132000&active_id=3&only_round=true&_key=1614903660000
[2021-05-15 08:25:36,735] {logging_mixin.py:104} INFO - https://cdn.iqoption.com/api/quotes-history/quotes/3.0?to=1621067132000&from=1621065332000&active_id=1&only_round=true&_key=1614903660000
[2021-05-15 08:25:38,303] {logging_mixin.py:104} INFO - https://cdn.iqoption.com/api/quotes-history/quotes/3.0?to=1621067132000&from=1621065332000&active_id=2&only_round=true&_key=1614903660000
[2021-05-15 08:25:38,383] {logging_mixin.py:104} INFO - https://cdn.iqoption.com/api/quotes-history/quotes/3.0?to=1621067132000&from=1621065332000&active_id=3&only_round=true&_key=1614903660000
[2021-05-15 08:25:38,599] {logging_mixin.py:104} INFO - https://cdn.iqoption.com/api/quotes-history/quotes/3.0?to=1621065332000&from=1621063532000&active_id=1&only_round=true&_key=1614903660000
[2021-05-15 08:25:38,633] {logging_mixin.py:104} INFO - https://cdn.iqoption.com/api/quotes-history/quotes/3.0?to=1621065332000&from=1621063532000&active_id=2&only_round=true&_key=1614903660000
[2021-05-15 08:25:38,651] {logging_mixin.py:104} INFO - https://cdn.iqoption.com/api/quotes-history/quotes/3.0?to=1621065332000&from=1621063532000&active_id=3&only_round=true&_key=1614903660000
[2021-05-15 08:25:38,652] {logging_mixin.py:104} INFO - https://cdn.iqoption.com/api/quotes-history/quotes/3.0?to=1621063532000&from=1621061732000&active_id=1&only_round=true&_key=1614903660000
[2021-05-15 08:25:38,763] {logging_mixin.py:104} INFO - https://cdn.iqoption.com/api/quotes-history/quotes/3.0?to=1621063532000&from=1621061732000&active_id=2&only_round=true&_key=1614903660000
[2021-05-15 08:25:38,904] {logging_mixin.py:104} INFO - https://cdn.iqoption.com/api/quotes-history/quotes/3.0?to=1621063532000&from=1621061732000&active_id=3&only_round=true&_key=1614903660000
[2021-05-15 08:25:40,158] {logging_mixin.py:104} INFO - https://cdn.iqoption.com/api/quotes-history/quotes/3.0?to=1621061732000&from=1621059932000&active_id=1&only_round=true&_key=1614903660000
[2021-05-15 08:25:40,219] {logging_mixin.py:104} INFO - https://cdn.iqoption.com/api/quotes-history/quotes/3.0?to=1621061732000&from=1621059932000&active_id=2&only_round=true&_key=1614903660000
[2021-05-15 08:25:40,338] {logging_mixin.py:104} INFO - https://cdn.iqoption.com/api/quotes-history/quotes/3.0?to=1621061732000&from=1621059932000&active_id=3&only_round=true&_key=1614903660000
[2021-05-15 08:25:40,369] {logging_mixin.py:104} INFO - https://cdn.iqoption.com/api/quotes-history/quotes/3.0?to=1621059932000&from=1621058132000&active_id=1&only_round=true&_key=1614903660000
[2021-05-15 08:25:40,374] {logging_mixin.py:104} INFO - https://cdn.iqoption.com/api/quotes-history/quotes/3.0?to=1621059932000&from=1621058132000&active_id=2&only_round=true&_key=1614903660000
[2021-05-15 08:25:40,401] {logging_mixin.py:104} INFO - https://cdn.iqoption.com/api/quotes-history/quotes/3.0?to=1621059932000&from=1621058132000&active_id=3&only_round=true&_key=1614903660000
[2021-05-15 08:25:40,489] {logging_mixin.py:104} INFO - https://cdn.iqoption.com/api/quotes-history/quotes/3.0?to=1621058132000&from=1621056332000&active_id=1&only_round=true&_key=1614903660000
[2021-05-15 08:25:40,645] {logging_mixin.py:104} INFO - https://cdn.iqoption.com/api/quotes-history/quotes/3.0?to=1621058132000&from=1621056332000&active_id=2&only_round=true&_key=1614903660000
[2021-05-15 08:25:41,642] {logging_mixin.py:104} INFO - https://cdn.iqoption.com/api/quotes-history/quotes/3.0?to=1621058132000&from=1621056332000&active_id=3&only_round=true&_key=1614903660000
[2021-05-15 08:25:41,681] {logging_mixin.py:104} INFO - https://cdn.iqoption.com/api/quotes-history/quotes/3.0?to=1621056332000&from=1621054532000&active_id=1&only_round=true&_key=1614903660000
[2021-05-15 08:25:41,951] {logging_mixin.py:104} INFO - https://cdn.iqoption.com/api/quotes-history/quotes/3.0?to=1621056332000&from=1621054532000&active_id=2&only_round=true&_key=1614903660000
[2021-05-15 08:25:41,967] {logging_mixin.py:104} INFO - https://cdn.iqoption.com/api/quotes-history/quotes/3.0?to=1621056332000&from=1621054532000&active_id=3&only_round=true&_key=1614903660000
[2021-05-15 08:25:41,976] {logging_mixin.py:104} INFO - https://cdn.iqoption.com/api/quotes-history/quotes/3.0?to=1621054532000&from=1621052732000&active_id=1&only_round=true&_key=1614903660000
[2021-05-15 08:25:42,163] {logging_mixin.py:104} INFO - https://cdn.iqoption.com/api/quotes-history/quotes/3.0?to=1621054532000&from=1621052732000&active_id=2&only_round=true&_key=1614903660000
[2021-05-15 08:25:42,188] {logging_mixin.py:104} INFO - https://cdn.iqoption.com/api/quotes-history/quotes/3.0?to=1621054532000&from=1621052732000&active_id=3&only_round=true&_key=1614903660000
[2021-05-15 08:25:42,193] {logging_mixin.py:104} INFO - https://cdn.iqoption.com/api/quotes-history/quotes/3.0?to=1621052732000&from=1621050932000&active_id=1&only_round=true&_key=1614903660000
[2021-05-15 08:25:43,050] {logging_mixin.py:104} INFO - https://cdn.iqoption.com/api/quotes-history/quotes/3.0?to=1621052732000&from=1621050932000&active_id=2&only_round=true&_key=1614903660000
[2021-05-15 08:25:43,063] {logging_mixin.py:104} INFO - https://cdn.iqoption.com/api/quotes-history/quotes/3.0?to=1621052732000&from=1621050932000&active_id=3&only_round=true&_key=1614903660000
[2021-05-15 08:25:43,542] {logging_mixin.py:104} INFO - https://cdn.iqoption.com/api/quotes-history/quotes/3.0?to=1621050932000&from=1621049132000&active_id=1&only_round=true&_key=1614903660000
[2021-05-15 08:25:43,576] {logging_mixin.py:104} INFO - https://cdn.iqoption.com/api/quotes-history/quotes/3.0?to=1621050932000&from=1621049132000&active_id=2&only_round=true&_key=1614903660000
[2021-05-15 08:25:43,596] {logging_mixin.py:104} INFO - https://cdn.iqoption.com/api/quotes-history/quotes/3.0?to=1621050932000&from=1621049132000&active_id=3&only_round=true&_key=1614903660000
[2021-05-15 08:25:43,654] {logging_mixin.py:104} INFO - https://cdn.iqoption.com/api/quotes-history/quotes/3.0?to=1621049132000&from=1621047332000&active_id=1&only_round=true&_key=1614903660000
[2021-05-15 08:25:43,838] {logging_mixin.py:104} INFO - https://cdn.iqoption.com/api/quotes-history/quotes/3.0?to=1621049132000&from=1621047332000&active_id=2&only_round=true&_key=1614903660000
[2021-05-15 08:25:43,926] {logging_mixin.py:104} INFO - https://cdn.iqoption.com/api/quotes-history/quotes/3.0?to=1621049132000&from=1621047332000&active_id=3&only_round=true&_key=1614903660000
[2021-05-15 08:25:44,522] {logging_mixin.py:104} INFO - https://cdn.iqoption.com/api/quotes-history/quotes/3.0?to=1621047332000&from=1621045532000&active_id=1&only_round=true&_key=1614903660000
[2021-05-15 08:25:45,047] {logging_mixin.py:104} INFO - https://cdn.iqoption.com/api/quotes-history/quotes/3.0?to=1621047332000&from=1621045532000&active_id=2&only_round=true&_key=1614903660000
[2021-05-15 08:25:45,063] {logging_mixin.py:104} INFO - https://cdn.iqoption.com/api/quotes-history/quotes/3.0?to=1621047332000&from=1621045532000&active_id=3&only_round=true&_key=1614903660000
[2021-05-15 08:25:45,066] {logging_mixin.py:104} INFO - https://cdn.iqoption.com/api/quotes-history/quotes/3.0?to=1621045532000&from=1621043732000&active_id=1&only_round=true&_key=1614903660000
[2021-05-15 08:25:45,087] {logging_mixin.py:104} INFO - https://cdn.iqoption.com/api/quotes-history/quotes/3.0?to=1621045532000&from=1621043732000&active_id=2&only_round=true&_key=1614903660000
[2021-05-15 08:25:45,136] {logging_mixin.py:104} INFO - https://cdn.iqoption.com/api/quotes-history/quotes/3.0?to=1621045532000&from=1621043732000&active_id=3&only_round=true&_key=1614903660000
[2021-05-15 08:25:45,264] {logging_mixin.py:104} INFO - https://cdn.iqoption.com/api/quotes-history/quotes/3.0?to=1621043732000&from=1621041932000&active_id=1&only_round=true&_key=1614903660000
[2021-05-15 08:25:45,485] {logging_mixin.py:104} INFO - https://cdn.iqoption.com/api/quotes-history/quotes/3.0?to=1621043732000&from=1621041932000&active_id=2&only_round=true&_key=1614903660000
[2021-05-15 08:25:45,994] {logging_mixin.py:104} INFO - https://cdn.iqoption.com/api/quotes-history/quotes/3.0?to=1621043732000&from=1621041932000&active_id=3&only_round=true&_key=1614903660000
[2021-05-15 08:25:46,562] {logging_mixin.py:104} INFO - https://cdn.iqoption.com/api/quotes-history/quotes/3.0?to=1621041932000&from=1621040132000&active_id=1&only_round=true&_key=1614903660000
[2021-05-15 08:25:46,610] {logging_mixin.py:104} INFO - https://cdn.iqoption.com/api/quotes-history/quotes/3.0?to=1621041932000&from=1621040132000&active_id=2&only_round=true&_key=1614903660000
[2021-05-15 08:25:46,622] {logging_mixin.py:104} INFO - https://cdn.iqoption.com/api/quotes-history/quotes/3.0?to=1621041932000&from=1621040132000&active_id=3&only_round=true&_key=1614903660000
[2021-05-15 08:25:46,634] {logging_mixin.py:104} INFO - https://cdn.iqoption.com/api/quotes-history/quotes/3.0?to=1621040132000&from=1621038332000&active_id=1&only_round=true&_key=1614903660000
[2021-05-15 08:25:46,698] {logging_mixin.py:104} INFO - https://cdn.iqoption.com/api/quotes-history/quotes/3.0?to=1621040132000&from=1621038332000&active_id=2&only_round=true&_key=1614903660000
[2021-05-15 08:25:46,757] {logging_mixin.py:104} INFO - https://cdn.iqoption.com/api/quotes-history/quotes/3.0?to=1621040132000&from=1621038332000&active_id=3&only_round=true&_key=1614903660000
[2021-05-15 08:25:46,993] {logging_mixin.py:104} INFO - https://cdn.iqoption.com/api/quotes-history/quotes/3.0?to=1621038332000&from=1621036532000&active_id=1&only_round=true&_key=1614903660000
[2021-05-15 08:25:47,475] {logging_mixin.py:104} INFO - https://cdn.iqoption.com/api/quotes-history/quotes/3.0?to=1621038332000&from=1621036532000&active_id=2&only_round=true&_key=1614903660000
[2021-05-15 08:25:47,930] {logging_mixin.py:104} INFO - https://cdn.iqoption.com/api/quotes-history/quotes/3.0?to=1621038332000&from=1621036532000&active_id=3&only_round=true&_key=1614903660000
[2021-05-15 08:25:47,968] {logging_mixin.py:104} INFO - https://cdn.iqoption.com/api/quotes-history/quotes/3.0?to=1621036532000&from=1621034732000&active_id=1&only_round=true&_key=1614903660000
[2021-05-15 08:25:47,971] {logging_mixin.py:104} INFO - https://cdn.iqoption.com/api/quotes-history/quotes/3.0?to=1621036532000&from=1621034732000&active_id=2&only_round=true&_key=1614903660000
[2021-05-15 08:25:48,049] {logging_mixin.py:104} INFO - https://cdn.iqoption.com/api/quotes-history/quotes/3.0?to=1621036532000&from=1621034732000&active_id=3&only_round=true&_key=1614903660000
[2021-05-15 08:25:48,052] {logging_mixin.py:104} INFO - https://cdn.iqoption.com/api/quotes-history/quotes/3.0?to=1621034732000&from=1621032932000&active_id=1&only_round=true&_key=1614903660000
[2021-05-15 08:25:48,057] {logging_mixin.py:104} INFO - https://cdn.iqoption.com/api/quotes-history/quotes/3.0?to=1621034732000&from=1621032932000&active_id=2&only_round=true&_key=1614903660000
[2021-05-15 08:25:48,307] {logging_mixin.py:104} INFO - https://cdn.iqoption.com/api/quotes-history/quotes/3.0?to=1621034732000&from=1621032932000&active_id=3&only_round=true&_key=1614903660000
[2021-05-15 08:25:48,882] {logging_mixin.py:104} INFO - https://cdn.iqoption.com/api/quotes-history/quotes/3.0?to=1621032932000&from=1621031132000&active_id=1&only_round=true&_key=1614903660000
[2021-05-15 08:25:49,319] {logging_mixin.py:104} INFO - https://cdn.iqoption.com/api/quotes-history/quotes/3.0?to=1621032932000&from=1621031132000&active_id=2&only_round=true&_key=1614903660000
[2021-05-15 08:25:49,349] {logging_mixin.py:104} INFO - https://cdn.iqoption.com/api/quotes-history/quotes/3.0?to=1621032932000&from=1621031132000&active_id=3&only_round=true&_key=1614903660000
[2021-05-15 08:25:51,044] {python.py:118} INFO - Done. Returned value was: None
[2021-05-15 08:25:51,048] {taskinstance.py:1192} INFO - Marking task as SUCCESS. dag_id=etl, task_id=loading_data_to_s3, execution_date=20210515T050000, start_date=20210515T112530, end_date=20210515T112551
[2021-05-15 08:25:51,093] {taskinstance.py:1246} INFO - 1 downstream tasks scheduled from follow-on schedule check
[2021-05-15 08:25:51,104] {local_task_job.py:146} INFO - Task exited with return code 0
