[2021-05-14 16:49:14,759] {taskinstance.py:877} INFO - Dependencies all met for <TaskInstance: etl.loading_data_to_s3 2021-05-14T19:48:59.352757+00:00 [queued]>
[2021-05-14 16:49:14,765] {taskinstance.py:877} INFO - Dependencies all met for <TaskInstance: etl.loading_data_to_s3 2021-05-14T19:48:59.352757+00:00 [queued]>
[2021-05-14 16:49:14,766] {taskinstance.py:1068} INFO - 
--------------------------------------------------------------------------------
[2021-05-14 16:49:14,766] {taskinstance.py:1069} INFO - Starting attempt 1 of 1
[2021-05-14 16:49:14,766] {taskinstance.py:1070} INFO - 
--------------------------------------------------------------------------------
[2021-05-14 16:49:14,771] {taskinstance.py:1089} INFO - Executing <Task(PythonOperator): loading_data_to_s3> on 2021-05-14T19:48:59.352757+00:00
[2021-05-14 16:49:14,775] {standard_task_runner.py:52} INFO - Started process 23458 to run task
[2021-05-14 16:49:14,783] {standard_task_runner.py:76} INFO - Running: ['airflow', 'tasks', 'run', 'etl', 'loading_data_to_s3', '2021-05-14T19:48:59.352757+00:00', '--job-id', '472', '--pool', 'default_pool', '--raw', '--subdir', 'DAGS_FOLDER/etl_dag.py', '--cfg-path', '/var/folders/_f/vg3x3jmj23bcz6s88l7v6fb40000gn/T/tmp01iqjv1s', '--error-file', '/var/folders/_f/vg3x3jmj23bcz6s88l7v6fb40000gn/T/tmpv562_7yd']
[2021-05-14 16:49:14,785] {standard_task_runner.py:77} INFO - Job 472: Subtask loading_data_to_s3
[2021-05-14 16:49:14,815] {logging_mixin.py:104} INFO - Running <TaskInstance: etl.loading_data_to_s3 2021-05-14T19:48:59.352757+00:00 [running]> on host 1.0.0.0.0.0.0.0.0.0.0.0.0.0.0.0.0.0.0.0.0.0.0.0.0.0.0.0.0.0.0.0.ip6.arpa
[2021-05-14 16:49:14,838] {taskinstance.py:1283} INFO - Exporting the following env vars:
AIRFLOW_CTX_DAG_OWNER=udacity
AIRFLOW_CTX_DAG_ID=etl
AIRFLOW_CTX_TASK_ID=loading_data_to_s3
AIRFLOW_CTX_EXECUTION_DATE=2021-05-14T19:48:59.352757+00:00
AIRFLOW_CTX_DAG_RUN_ID=manual__2021-05-14T19:48:59.352757+00:00
[2021-05-14 16:49:15,945] {logging_mixin.py:104} INFO - Fetching interval list
[2021-05-14 16:49:15,945] {logging_mixin.py:104} INFO - Inverval list built
[2021-05-14 16:49:15,946] {logging_mixin.py:104} INFO - Processing data
[2021-05-14 16:49:15,946] {logging_mixin.py:104} INFO - df initialized
[2021-05-14 16:49:15,946] {logging_mixin.py:104} INFO - ThreadPoolExecutor initialized
[2021-05-14 16:49:15,947] {logging_mixin.py:104} INFO - running function for: (array([1621018155000, 1621019955000]), 1)
[2021-05-14 16:49:15,948] {logging_mixin.py:104} INFO - https://cdn.iqoption.com/api/quotes-history/quotes/3.0?to=1621019955000&from=1621018155000&active_id=1&only_round=true&_key=1614903660000
[2021-05-14 16:49:15,948] {logging_mixin.py:104} INFO - https://cdn.iqoption.com/api/quotes-history/quotes/3.0?to=1621019955000&from=1621018155000&active_id=1&only_round=true&_key=1614903660000
submitted
[2021-05-14 16:49:15,950] {logging_mixin.py:104} INFO - running function for: (array([1621018155000, 1621019955000]), 2)
[2021-05-14 16:49:15,951] {logging_mixin.py:104} INFO - https://cdn.iqoption.com/api/quotes-history/quotes/3.0?to=1621019955000&from=1621018155000&active_id=2&only_round=true&_key=1614903660000
[2021-05-14 16:49:15,951] {logging_mixin.py:104} INFO - https://cdn.iqoption.com/api/quotes-history/quotes/3.0?to=1621019955000&from=1621018155000&active_id=2&only_round=true&_key=1614903660000
submitted
[2021-05-14 16:49:15,952] {logging_mixin.py:104} INFO - running function for: (array([1621018155000, 1621019955000]), 3)
[2021-05-14 16:49:15,952] {logging_mixin.py:104} INFO - https://cdn.iqoption.com/api/quotes-history/quotes/3.0?to=1621019955000&from=1621018155000&active_id=3&only_round=true&_key=1614903660000
[2021-05-14 16:49:15,952] {logging_mixin.py:104} INFO - https://cdn.iqoption.com/api/quotes-history/quotes/3.0?to=1621019955000&from=1621018155000&active_id=3&only_round=true&_key=1614903660000
submitted
[2021-05-14 16:49:15,953] {logging_mixin.py:104} INFO - running function for: (array([1621016355000, 1621018155000]), 1)
[2021-05-14 16:49:15,954] {logging_mixin.py:104} INFO - https://cdn.iqoption.com/api/quotes-history/quotes/3.0?to=1621018155000&from=1621016355000&active_id=1&only_round=true&_key=1614903660000
[2021-05-14 16:49:15,956] {logging_mixin.py:104} INFO - https://cdn.iqoption.com/api/quotes-history/quotes/3.0?to=1621018155000&from=1621016355000&active_id=1&only_round=true&_key=1614903660000
submitted
[2021-05-14 16:49:15,958] {logging_mixin.py:104} INFO - running function for: (array([1621016355000, 1621018155000]), 2)
[2021-05-14 16:49:15,961] {logging_mixin.py:104} INFO - https://cdn.iqoption.com/api/quotes-history/quotes/3.0?to=1621018155000&from=1621016355000&active_id=2&only_round=true&_key=1614903660000
[2021-05-14 16:49:15,961] {logging_mixin.py:104} INFO - submitted
[2021-05-14 16:49:15,962] {logging_mixin.py:104} INFO - running function for: (array([1621016355000, 1621018155000]), 3)
[2021-05-14 16:49:15,962] {logging_mixin.py:104} INFO - https://cdn.iqoption.com/api/quotes-history/quotes/3.0?to=1621018155000&from=1621016355000&active_id=3&only_round=true&_key=1614903660000
[2021-05-14 16:49:15,964] {logging_mixin.py:104} INFO - https://cdn.iqoption.com/api/quotes-history/quotes/3.0?to=1621018155000&from=1621016355000&active_id=3&only_round=true&_key=1614903660000
submitted
[2021-05-14 16:49:15,965] {logging_mixin.py:104} INFO - running function for: (array([1621014555000, 1621016355000]), 1)
[2021-05-14 16:49:15,966] {logging_mixin.py:104} INFO - https://cdn.iqoption.com/api/quotes-history/quotes/3.0?to=1621016355000&from=1621014555000&active_id=1&only_round=true&_key=1614903660000
[2021-05-14 16:49:15,966] {logging_mixin.py:104} INFO - https://cdn.iqoption.com/api/quotes-history/quotes/3.0?to=1621016355000&from=1621014555000&active_id=1&only_round=true&_key=1614903660000
submitted
[2021-05-14 16:49:15,967] {logging_mixin.py:104} INFO - running function for: (array([1621014555000, 1621016355000]), 2)
[2021-05-14 16:49:15,968] {logging_mixin.py:104} INFO - https://cdn.iqoption.com/api/quotes-history/quotes/3.0?to=1621016355000&from=1621014555000&active_id=2&only_round=true&_key=1614903660000
[2021-05-14 16:49:15,969] {logging_mixin.py:104} INFO - https://cdn.iqoption.com/api/quotes-history/quotes/3.0?to=1621016355000&from=1621014555000&active_id=2&only_round=true&_key=1614903660000
submitted
[2021-05-14 16:49:15,970] {logging_mixin.py:104} INFO - running function for: (array([1621014555000, 1621016355000]), 3)
[2021-05-14 16:49:15,970] {logging_mixin.py:104} INFO - submitted
[2021-05-14 16:49:15,971] {logging_mixin.py:104} INFO - running function for: (array([1621012755000, 1621014555000]), 1)
[2021-05-14 16:49:15,971] {logging_mixin.py:104} INFO - submitted
[2021-05-14 16:49:15,972] {logging_mixin.py:104} INFO - running function for: (array([1621012755000, 1621014555000]), 2)
[2021-05-14 16:49:15,972] {logging_mixin.py:104} INFO - submitted
[2021-05-14 16:49:15,972] {logging_mixin.py:104} INFO - running function for: (array([1621012755000, 1621014555000]), 3)
[2021-05-14 16:49:15,973] {logging_mixin.py:104} INFO - submitted
[2021-05-14 16:49:15,973] {logging_mixin.py:104} INFO - running function for: (array([1621010955000, 1621012755000]), 1)
[2021-05-14 16:49:15,973] {logging_mixin.py:104} INFO - submitted
[2021-05-14 16:49:15,974] {logging_mixin.py:104} INFO - running function for: (array([1621010955000, 1621012755000]), 2)
[2021-05-14 16:49:15,974] {logging_mixin.py:104} INFO - submitted
[2021-05-14 16:49:15,974] {logging_mixin.py:104} INFO - running function for: (array([1621010955000, 1621012755000]), 3)
[2021-05-14 16:49:15,974] {logging_mixin.py:104} INFO - submitted
[2021-05-14 16:49:15,975] {logging_mixin.py:104} INFO - running function for: (array([1621009155000, 1621010955000]), 1)
[2021-05-14 16:49:15,975] {logging_mixin.py:104} INFO - submitted
[2021-05-14 16:49:15,975] {logging_mixin.py:104} INFO - running function for: (array([1621009155000, 1621010955000]), 2)
[2021-05-14 16:49:15,975] {logging_mixin.py:104} INFO - submitted
[2021-05-14 16:49:15,976] {logging_mixin.py:104} INFO - running function for: (array([1621009155000, 1621010955000]), 3)
[2021-05-14 16:49:15,976] {logging_mixin.py:104} INFO - submitted
[2021-05-14 16:49:18,802] {logging_mixin.py:104} INFO - https://cdn.iqoption.com/api/quotes-history/quotes/3.0?to=1621016355000&from=1621014555000&active_id=3&only_round=true&_key=1614903660000
[2021-05-14 16:49:18,819] {logging_mixin.py:104} INFO - https://cdn.iqoption.com/api/quotes-history/quotes/3.0?to=1621014555000&from=1621012755000&active_id=1&only_round=true&_key=1614903660000
[2021-05-14 16:49:18,821] {logging_mixin.py:104} INFO - https://cdn.iqoption.com/api/quotes-history/quotes/3.0?to=1621014555000&from=1621012755000&active_id=2&only_round=true&_key=1614903660000
[2021-05-14 16:49:19,628] {logging_mixin.py:104} INFO - https://cdn.iqoption.com/api/quotes-history/quotes/3.0?to=1621014555000&from=1621012755000&active_id=3&only_round=true&_key=1614903660000
[2021-05-14 16:49:19,632] {logging_mixin.py:104} INFO - https://cdn.iqoption.com/api/quotes-history/quotes/3.0?to=1621012755000&from=1621010955000&active_id=1&only_round=true&_key=1614903660000
[2021-05-14 16:49:19,640] {logging_mixin.py:104} INFO - https://cdn.iqoption.com/api/quotes-history/quotes/3.0?to=1621012755000&from=1621010955000&active_id=2&only_round=true&_key=1614903660000
[2021-05-14 16:49:19,662] {logging_mixin.py:104} INFO - https://cdn.iqoption.com/api/quotes-history/quotes/3.0?to=1621012755000&from=1621010955000&active_id=3&only_round=true&_key=1614903660000
[2021-05-14 16:49:19,673] {logging_mixin.py:104} INFO - https://cdn.iqoption.com/api/quotes-history/quotes/3.0?to=1621010955000&from=1621009155000&active_id=1&only_round=true&_key=1614903660000
[2021-05-14 16:49:20,915] {logging_mixin.py:104} INFO - https://cdn.iqoption.com/api/quotes-history/quotes/3.0?to=1621010955000&from=1621009155000&active_id=2&only_round=true&_key=1614903660000
[2021-05-14 16:49:21,072] {logging_mixin.py:104} INFO - https://cdn.iqoption.com/api/quotes-history/quotes/3.0?to=1621010955000&from=1621009155000&active_id=3&only_round=true&_key=1614903660000
[2021-05-14 16:49:23,067] {python.py:118} INFO - Done. Returned value was: None
[2021-05-14 16:49:23,071] {taskinstance.py:1192} INFO - Marking task as SUCCESS. dag_id=etl, task_id=loading_data_to_s3, execution_date=20210514T194859, start_date=20210514T194914, end_date=20210514T194923
[2021-05-14 16:49:23,114] {taskinstance.py:1246} INFO - 1 downstream tasks scheduled from follow-on schedule check
[2021-05-14 16:49:23,135] {local_task_job.py:146} INFO - Task exited with return code 0
