[2021-05-14 16:43:15,195] {taskinstance.py:877} INFO - Dependencies all met for <TaskInstance: etl.loading_data_to_s3 2021-05-14T19:43:00.843664+00:00 [queued]>
[2021-05-14 16:43:15,201] {taskinstance.py:877} INFO - Dependencies all met for <TaskInstance: etl.loading_data_to_s3 2021-05-14T19:43:00.843664+00:00 [queued]>
[2021-05-14 16:43:15,201] {taskinstance.py:1068} INFO - 
--------------------------------------------------------------------------------
[2021-05-14 16:43:15,201] {taskinstance.py:1069} INFO - Starting attempt 1 of 1
[2021-05-14 16:43:15,201] {taskinstance.py:1070} INFO - 
--------------------------------------------------------------------------------
[2021-05-14 16:43:15,207] {taskinstance.py:1089} INFO - Executing <Task(PythonOperator): loading_data_to_s3> on 2021-05-14T19:43:00.843664+00:00
[2021-05-14 16:43:15,210] {standard_task_runner.py:52} INFO - Started process 23331 to run task
[2021-05-14 16:43:15,219] {standard_task_runner.py:76} INFO - Running: ['airflow', 'tasks', 'run', 'etl', 'loading_data_to_s3', '2021-05-14T19:43:00.843664+00:00', '--job-id', '466', '--pool', 'default_pool', '--raw', '--subdir', 'DAGS_FOLDER/etl_dag.py', '--cfg-path', '/var/folders/_f/vg3x3jmj23bcz6s88l7v6fb40000gn/T/tmp8v9ayge8', '--error-file', '/var/folders/_f/vg3x3jmj23bcz6s88l7v6fb40000gn/T/tmprk7jcs5j']
[2021-05-14 16:43:15,221] {standard_task_runner.py:77} INFO - Job 466: Subtask loading_data_to_s3
[2021-05-14 16:43:15,261] {logging_mixin.py:104} INFO - Running <TaskInstance: etl.loading_data_to_s3 2021-05-14T19:43:00.843664+00:00 [running]> on host 1.0.0.0.0.0.0.0.0.0.0.0.0.0.0.0.0.0.0.0.0.0.0.0.0.0.0.0.0.0.0.0.ip6.arpa
[2021-05-14 16:43:15,284] {taskinstance.py:1283} INFO - Exporting the following env vars:
AIRFLOW_CTX_DAG_OWNER=udacity
AIRFLOW_CTX_DAG_ID=etl
AIRFLOW_CTX_TASK_ID=loading_data_to_s3
AIRFLOW_CTX_EXECUTION_DATE=2021-05-14T19:43:00.843664+00:00
AIRFLOW_CTX_DAG_RUN_ID=manual__2021-05-14T19:43:00.843664+00:00
[2021-05-14 16:43:16,389] {logging_mixin.py:104} INFO - Fetching interval list
[2021-05-14 16:43:16,391] {logging_mixin.py:104} INFO - Inverval list built
[2021-05-14 16:43:16,391] {logging_mixin.py:104} INFO - Processing data
[2021-05-14 16:43:16,392] {logging_mixin.py:104} INFO - df initialized
[2021-05-14 16:43:16,392] {logging_mixin.py:104} INFO - ThreadPoolExecutor initialized
[2021-05-14 16:43:16,394] {logging_mixin.py:104} INFO - running function for: (array([1621017796000, 1621019596000]), 1)
[2021-05-14 16:43:16,395] {logging_mixin.py:104} INFO - https://cdn.iqoption.com/api/quotes-history/quotes/3.0?to=1621019596000&from=1621017796000&active_id=1&only_round=true&_key=1614903660000
[2021-05-14 16:43:16,397] {logging_mixin.py:104} INFO - submitted
[2021-05-14 16:43:16,397] {logging_mixin.py:104} INFO - running function for: (array([1621017796000, 1621019596000]), 2)
[2021-05-14 16:43:16,398] {logging_mixin.py:104} INFO - https://cdn.iqoption.com/api/quotes-history/quotes/3.0?to=1621019596000&from=1621017796000&active_id=2&only_round=true&_key=1614903660000
[2021-05-14 16:43:16,398] {logging_mixin.py:104} INFO - https://cdn.iqoption.com/api/quotes-history/quotes/3.0?to=1621019596000&from=1621017796000&active_id=2&only_round=true&_key=1614903660000
submitted
[2021-05-14 16:43:16,399] {logging_mixin.py:104} INFO - running function for: (array([1621017796000, 1621019596000]), 3)
[2021-05-14 16:43:16,399] {logging_mixin.py:104} INFO - https://cdn.iqoption.com/api/quotes-history/quotes/3.0?to=1621019596000&from=1621017796000&active_id=3&only_round=true&_key=1614903660000
[2021-05-14 16:43:16,400] {logging_mixin.py:104} INFO - submitted
[2021-05-14 16:43:16,400] {logging_mixin.py:104} INFO - running function for: (array([1621015996000, 1621017796000]), 1)
[2021-05-14 16:43:16,401] {logging_mixin.py:104} INFO - https://cdn.iqoption.com/api/quotes-history/quotes/3.0?to=1621017796000&from=1621015996000&active_id=1&only_round=true&_key=1614903660000
[2021-05-14 16:43:16,402] {logging_mixin.py:104} INFO - submitted
[2021-05-14 16:43:16,403] {logging_mixin.py:104} INFO - running function for: (array([1621015996000, 1621017796000]), 2)
[2021-05-14 16:43:16,404] {logging_mixin.py:104} INFO - https://cdn.iqoption.com/api/quotes-history/quotes/3.0?to=1621017796000&from=1621015996000&active_id=2&only_round=true&_key=1614903660000
[2021-05-14 16:43:16,404] {logging_mixin.py:104} INFO - submitted
[2021-05-14 16:43:16,405] {logging_mixin.py:104} INFO - running function for: (array([1621015996000, 1621017796000]), 3)
[2021-05-14 16:43:16,405] {logging_mixin.py:104} INFO - https://cdn.iqoption.com/api/quotes-history/quotes/3.0?to=1621017796000&from=1621015996000&active_id=3&only_round=true&_key=1614903660000
[2021-05-14 16:43:16,405] {logging_mixin.py:104} INFO - submitted
[2021-05-14 16:43:16,406] {logging_mixin.py:104} INFO - running function for: (array([1621014196000, 1621015996000]), 1)
[2021-05-14 16:43:16,406] {logging_mixin.py:104} INFO - https://cdn.iqoption.com/api/quotes-history/quotes/3.0?to=1621015996000&from=1621014196000&active_id=1&only_round=true&_key=1614903660000
[2021-05-14 16:43:16,407] {logging_mixin.py:104} INFO - submitted
[2021-05-14 16:43:16,407] {logging_mixin.py:104} INFO - running function for: (array([1621014196000, 1621015996000]), 2)
[2021-05-14 16:43:16,407] {logging_mixin.py:104} INFO - https://cdn.iqoption.com/api/quotes-history/quotes/3.0?to=1621015996000&from=1621014196000&active_id=2&only_round=true&_key=1614903660000
[2021-05-14 16:43:16,408] {logging_mixin.py:104} INFO - submitted
[2021-05-14 16:43:16,408] {logging_mixin.py:104} INFO - running function for: (array([1621014196000, 1621015996000]), 3)
[2021-05-14 16:43:16,408] {logging_mixin.py:104} INFO - submitted
[2021-05-14 16:43:16,409] {logging_mixin.py:104} INFO - running function for: (array([1621012396000, 1621014196000]), 1)
[2021-05-14 16:43:16,409] {logging_mixin.py:104} INFO - submitted
[2021-05-14 16:43:16,409] {logging_mixin.py:104} INFO - running function for: (array([1621012396000, 1621014196000]), 2)
[2021-05-14 16:43:16,410] {logging_mixin.py:104} INFO - submitted
[2021-05-14 16:43:16,410] {logging_mixin.py:104} INFO - running function for: (array([1621012396000, 1621014196000]), 3)
[2021-05-14 16:43:16,410] {logging_mixin.py:104} INFO - submitted
[2021-05-14 16:43:16,411] {logging_mixin.py:104} INFO - running function for: (array([1621010596000, 1621012396000]), 1)
[2021-05-14 16:43:16,411] {logging_mixin.py:104} INFO - submitted
[2021-05-14 16:43:16,411] {logging_mixin.py:104} INFO - running function for: (array([1621010596000, 1621012396000]), 2)
[2021-05-14 16:43:16,412] {logging_mixin.py:104} INFO - submitted
[2021-05-14 16:43:16,412] {logging_mixin.py:104} INFO - running function for: (array([1621010596000, 1621012396000]), 3)
[2021-05-14 16:43:16,412] {logging_mixin.py:104} INFO - submitted
[2021-05-14 16:43:16,412] {logging_mixin.py:104} INFO - running function for: (array([1621008796000, 1621010596000]), 1)
[2021-05-14 16:43:16,413] {logging_mixin.py:104} INFO - submitted
[2021-05-14 16:43:16,413] {logging_mixin.py:104} INFO - running function for: (array([1621008796000, 1621010596000]), 2)
[2021-05-14 16:43:16,413] {logging_mixin.py:104} INFO - submitted
[2021-05-14 16:43:16,413] {logging_mixin.py:104} INFO - running function for: (array([1621008796000, 1621010596000]), 3)
[2021-05-14 16:43:16,414] {logging_mixin.py:104} INFO - submitted
[2021-05-14 16:43:20,378] {logging_mixin.py:104} INFO - https://cdn.iqoption.com/api/quotes-history/quotes/3.0?to=1621015996000&from=1621014196000&active_id=3&only_round=true&_key=1614903660000
[2021-05-14 16:43:20,379] {logging_mixin.py:104} INFO - https://cdn.iqoption.com/api/quotes-history/quotes/3.0?to=1621014196000&from=1621012396000&active_id=1&only_round=true&_key=1614903660000
[2021-05-14 16:43:20,386] {logging_mixin.py:104} INFO - https://cdn.iqoption.com/api/quotes-history/quotes/3.0?to=1621014196000&from=1621012396000&active_id=2&only_round=true&_key=1614903660000
[2021-05-14 16:43:20,388] {logging_mixin.py:104} INFO - https://cdn.iqoption.com/api/quotes-history/quotes/3.0?to=1621014196000&from=1621012396000&active_id=3&only_round=true&_key=1614903660000
[2021-05-14 16:43:20,392] {logging_mixin.py:104} INFO - https://cdn.iqoption.com/api/quotes-history/quotes/3.0?to=1621012396000&from=1621010596000&active_id=1&only_round=true&_key=1614903660000
[2021-05-14 16:43:20,447] {logging_mixin.py:104} INFO - https://cdn.iqoption.com/api/quotes-history/quotes/3.0?to=1621012396000&from=1621010596000&active_id=2&only_round=true&_key=1614903660000
[2021-05-14 16:43:20,566] {logging_mixin.py:104} INFO - https://cdn.iqoption.com/api/quotes-history/quotes/3.0?to=1621012396000&from=1621010596000&active_id=3&only_round=true&_key=1614903660000
[2021-05-14 16:43:20,625] {logging_mixin.py:104} INFO - https://cdn.iqoption.com/api/quotes-history/quotes/3.0?to=1621010596000&from=1621008796000&active_id=1&only_round=true&_key=1614903660000
[2021-05-14 16:43:22,547] {logging_mixin.py:104} INFO - https://cdn.iqoption.com/api/quotes-history/quotes/3.0?to=1621010596000&from=1621008796000&active_id=2&only_round=true&_key=1614903660000
[2021-05-14 16:43:22,549] {logging_mixin.py:104} INFO - https://cdn.iqoption.com/api/quotes-history/quotes/3.0?to=1621010596000&from=1621008796000&active_id=3&only_round=true&_key=1614903660000
[2021-05-14 16:43:24,538] {python.py:118} INFO - Done. Returned value was: None
[2021-05-14 16:43:24,543] {taskinstance.py:1192} INFO - Marking task as SUCCESS. dag_id=etl, task_id=loading_data_to_s3, execution_date=20210514T194300, start_date=20210514T194315, end_date=20210514T194324
[2021-05-14 16:43:24,594] {taskinstance.py:1246} INFO - 1 downstream tasks scheduled from follow-on schedule check
[2021-05-14 16:43:24,646] {local_task_job.py:146} INFO - Task exited with return code 0
