[2021-05-14 11:31:31,737] {taskinstance.py:877} INFO - Dependencies all met for <TaskInstance: etl.create_dim_table 2021-05-14T14:31:24.016899+00:00 [queued]>
[2021-05-14 11:31:31,743] {taskinstance.py:877} INFO - Dependencies all met for <TaskInstance: etl.create_dim_table 2021-05-14T14:31:24.016899+00:00 [queued]>
[2021-05-14 11:31:31,743] {taskinstance.py:1068} INFO - 
--------------------------------------------------------------------------------
[2021-05-14 11:31:31,743] {taskinstance.py:1069} INFO - Starting attempt 1 of 1
[2021-05-14 11:31:31,744] {taskinstance.py:1070} INFO - 
--------------------------------------------------------------------------------
[2021-05-14 11:31:31,751] {taskinstance.py:1089} INFO - Executing <Task(ExecuteQueryOperator): create_dim_table> on 2021-05-14T14:31:24.016899+00:00
[2021-05-14 11:31:31,755] {standard_task_runner.py:52} INFO - Started process 19977 to run task
[2021-05-14 11:31:31,761] {standard_task_runner.py:76} INFO - Running: ['airflow', 'tasks', 'run', 'etl', 'create_dim_table', '2021-05-14T14:31:24.016899+00:00', '--job-id', '401', '--pool', 'default_pool', '--raw', '--subdir', 'DAGS_FOLDER/etl_dag.py', '--cfg-path', '/var/folders/_f/vg3x3jmj23bcz6s88l7v6fb40000gn/T/tmpas3_m5vj', '--error-file', '/var/folders/_f/vg3x3jmj23bcz6s88l7v6fb40000gn/T/tmpaizo55w_']
[2021-05-14 11:31:31,764] {standard_task_runner.py:77} INFO - Job 401: Subtask create_dim_table
[2021-05-14 11:31:31,794] {logging_mixin.py:104} INFO - Running <TaskInstance: etl.create_dim_table 2021-05-14T14:31:24.016899+00:00 [running]> on host 27.2.168.192.in-addr.arpa
[2021-05-14 11:31:31,817] {taskinstance.py:1283} INFO - Exporting the following env vars:
AIRFLOW_CTX_DAG_OWNER=udacity
AIRFLOW_CTX_DAG_ID=etl
AIRFLOW_CTX_TASK_ID=create_dim_table
AIRFLOW_CTX_EXECUTION_DATE=2021-05-14T14:31:24.016899+00:00
AIRFLOW_CTX_DAG_RUN_ID=manual__2021-05-14T14:31:24.016899+00:00
[2021-05-14 11:31:31,818] {execute_query.py:21} INFO - Executing query
[2021-05-14 11:31:31,821] {base.py:78} INFO - Using connection to: id: redshift. Host: redshift-cluster-1.caua6g9a7jto.us-east-1.redshift.amazonaws.com, Port: 5439, Schema: dev, Login: awsuser, Password: XXXXXXXX, extra: None
[2021-05-14 11:31:32,934] {dbapi.py:180} INFO - Running statement: 
    DROP TABLE IF EXISTS forex.dim_active_id; 
    CREATE TABLE IF NOT EXISTS forex.dim_active_id (
    active_id INT,
    active_name TEXT,
    PRIMARY KEY (active_id)
    );
, parameters: None
[2021-05-14 11:31:33,282] {dbapi.py:186} INFO - Rows affected: -1
[2021-05-14 11:31:33,493] {taskinstance.py:1192} INFO - Marking task as SUCCESS. dag_id=etl, task_id=create_dim_table, execution_date=20210514T143124, start_date=20210514T143131, end_date=20210514T143133
[2021-05-14 11:31:33,543] {taskinstance.py:1246} INFO - 1 downstream tasks scheduled from follow-on schedule check
[2021-05-14 11:31:33,563] {local_task_job.py:146} INFO - Task exited with return code 0
