[2021-05-15 10:10:59,132] {taskinstance.py:877} INFO - Dependencies all met for <TaskInstance: etl.removing_local_files 2021-05-15T08:00:00+00:00 [queued]>
[2021-05-15 10:10:59,137] {taskinstance.py:877} INFO - Dependencies all met for <TaskInstance: etl.removing_local_files 2021-05-15T08:00:00+00:00 [queued]>
[2021-05-15 10:10:59,137] {taskinstance.py:1068} INFO - 
--------------------------------------------------------------------------------
[2021-05-15 10:10:59,137] {taskinstance.py:1069} INFO - Starting attempt 1 of 1
[2021-05-15 10:10:59,137] {taskinstance.py:1070} INFO - 
--------------------------------------------------------------------------------
[2021-05-15 10:10:59,142] {taskinstance.py:1089} INFO - Executing <Task(PythonOperator): removing_local_files> on 2021-05-15T08:00:00+00:00
[2021-05-15 10:10:59,145] {standard_task_runner.py:52} INFO - Started process 27176 to run task
[2021-05-15 10:10:59,150] {standard_task_runner.py:76} INFO - Running: ['airflow', 'tasks', 'run', 'etl', 'removing_local_files', '2021-05-15T08:00:00+00:00', '--job-id', '663', '--pool', 'default_pool', '--raw', '--subdir', 'DAGS_FOLDER/etl_dag.py', '--cfg-path', '/var/folders/_f/vg3x3jmj23bcz6s88l7v6fb40000gn/T/tmpdlt0116f', '--error-file', '/var/folders/_f/vg3x3jmj23bcz6s88l7v6fb40000gn/T/tmpxpdts434']
[2021-05-15 10:10:59,152] {standard_task_runner.py:77} INFO - Job 663: Subtask removing_local_files
[2021-05-15 10:10:59,184] {logging_mixin.py:104} INFO - Running <TaskInstance: etl.removing_local_files 2021-05-15T08:00:00+00:00 [running]> on host 27.2.168.192.in-addr.arpa
[2021-05-15 10:10:59,212] {taskinstance.py:1283} INFO - Exporting the following env vars:
AIRFLOW_CTX_DAG_OWNER=udacity
AIRFLOW_CTX_DAG_ID=etl
AIRFLOW_CTX_TASK_ID=removing_local_files
AIRFLOW_CTX_EXECUTION_DATE=2021-05-15T08:00:00+00:00
AIRFLOW_CTX_DAG_RUN_ID=scheduled__2021-05-15T08:00:00+00:00
[2021-05-15 10:10:59,213] {python.py:118} INFO - Done. Returned value was: None
[2021-05-15 10:10:59,217] {taskinstance.py:1192} INFO - Marking task as SUCCESS. dag_id=etl, task_id=removing_local_files, execution_date=20210515T080000, start_date=20210515T131059, end_date=20210515T131059
[2021-05-15 10:10:59,256] {taskinstance.py:1246} INFO - 1 downstream tasks scheduled from follow-on schedule check
[2021-05-15 10:10:59,293] {local_task_job.py:146} INFO - Task exited with return code 0
