[2021-05-14 10:28:23,528] {taskinstance.py:877} INFO - Dependencies all met for <TaskInstance: etl.loading_data_to_s3 2021-05-14T13:28:08.584139+00:00 [queued]>
[2021-05-14 10:28:23,533] {taskinstance.py:877} INFO - Dependencies all met for <TaskInstance: etl.loading_data_to_s3 2021-05-14T13:28:08.584139+00:00 [queued]>
[2021-05-14 10:28:23,533] {taskinstance.py:1068} INFO - 
--------------------------------------------------------------------------------
[2021-05-14 10:28:23,533] {taskinstance.py:1069} INFO - Starting attempt 1 of 1
[2021-05-14 10:28:23,533] {taskinstance.py:1070} INFO - 
--------------------------------------------------------------------------------
[2021-05-14 10:28:23,541] {taskinstance.py:1089} INFO - Executing <Task(PythonOperator): loading_data_to_s3> on 2021-05-14T13:28:08.584139+00:00
[2021-05-14 10:28:23,544] {standard_task_runner.py:52} INFO - Started process 19001 to run task
[2021-05-14 10:28:23,550] {standard_task_runner.py:76} INFO - Running: ['airflow', 'tasks', 'run', 'etl', 'loading_data_to_s3', '2021-05-14T13:28:08.584139+00:00', '--job-id', '375', '--pool', 'default_pool', '--raw', '--subdir', 'DAGS_FOLDER/etl_dag.py', '--cfg-path', '/var/folders/_f/vg3x3jmj23bcz6s88l7v6fb40000gn/T/tmpigep_27h', '--error-file', '/var/folders/_f/vg3x3jmj23bcz6s88l7v6fb40000gn/T/tmp6fp5j568']
[2021-05-14 10:28:23,552] {standard_task_runner.py:77} INFO - Job 375: Subtask loading_data_to_s3
[2021-05-14 10:28:23,583] {logging_mixin.py:104} INFO - Running <TaskInstance: etl.loading_data_to_s3 2021-05-14T13:28:08.584139+00:00 [running]> on host 27.2.168.192.in-addr.arpa
[2021-05-14 10:28:23,607] {taskinstance.py:1283} INFO - Exporting the following env vars:
AIRFLOW_CTX_DAG_OWNER=udacity
AIRFLOW_CTX_DAG_ID=etl
AIRFLOW_CTX_TASK_ID=loading_data_to_s3
AIRFLOW_CTX_EXECUTION_DATE=2021-05-14T13:28:08.584139+00:00
AIRFLOW_CTX_DAG_RUN_ID=manual__2021-05-14T13:28:08.584139+00:00
[2021-05-14 10:28:24,857] {logging_mixin.py:104} INFO - Fetching interval list
[2021-05-14 10:28:24,858] {logging_mixin.py:104} INFO - Inverval list built
[2021-05-14 10:28:24,858] {logging_mixin.py:104} INFO - Processing data
[2021-05-14 10:28:24,859] {logging_mixin.py:104} INFO - df initialized
[2021-05-14 10:28:24,859] {logging_mixin.py:104} INFO - ThreadPoolExecutor initialized
[2021-05-14 10:28:24,860] {logging_mixin.py:104} INFO - running function for: (array([1620995304000, 1620997104000]), 1)
[2021-05-14 10:28:24,861] {logging_mixin.py:104} INFO - https://cdn.iqoption.com/api/quotes-history/quotes/3.0?to=1620997104000&from=1620995304000&active_id=1&only_round=true&_key=1614903660000
[2021-05-14 10:28:24,862] {logging_mixin.py:104} INFO - submitted
[2021-05-14 10:28:24,862] {logging_mixin.py:104} INFO - running function for: (array([1620995304000, 1620997104000]), 2)
[2021-05-14 10:28:24,863] {logging_mixin.py:104} INFO - https://cdn.iqoption.com/api/quotes-history/quotes/3.0?to=1620997104000&from=1620995304000&active_id=2&only_round=true&_key=1614903660000
[2021-05-14 10:28:24,863] {logging_mixin.py:104} INFO - submitted
[2021-05-14 10:28:24,864] {logging_mixin.py:104} INFO - running function for: (array([1620995304000, 1620997104000]), 3)
[2021-05-14 10:28:24,864] {logging_mixin.py:104} INFO - https://cdn.iqoption.com/api/quotes-history/quotes/3.0?to=1620997104000&from=1620995304000&active_id=3&only_round=true&_key=1614903660000
[2021-05-14 10:28:24,865] {logging_mixin.py:104} INFO - submitted
[2021-05-14 10:28:24,866] {logging_mixin.py:104} INFO - running function for: (array([1620993504000, 1620995304000]), 1)
[2021-05-14 10:28:24,866] {logging_mixin.py:104} INFO - https://cdn.iqoption.com/api/quotes-history/quotes/3.0?to=1620995304000&from=1620993504000&active_id=1&only_round=true&_key=1614903660000
[2021-05-14 10:28:24,867] {logging_mixin.py:104} INFO - submitted
[2021-05-14 10:28:24,867] {logging_mixin.py:104} INFO - running function for: (array([1620993504000, 1620995304000]), 2)
[2021-05-14 10:28:24,867] {logging_mixin.py:104} INFO - https://cdn.iqoption.com/api/quotes-history/quotes/3.0?to=1620995304000&from=1620993504000&active_id=2&only_round=true&_key=1614903660000
[2021-05-14 10:28:24,868] {logging_mixin.py:104} INFO - submitted
[2021-05-14 10:28:24,868] {logging_mixin.py:104} INFO - running function for: (array([1620993504000, 1620995304000]), 3)
[2021-05-14 10:28:24,868] {logging_mixin.py:104} INFO - https://cdn.iqoption.com/api/quotes-history/quotes/3.0?to=1620995304000&from=1620993504000&active_id=3&only_round=true&_key=1614903660000
[2021-05-14 10:28:24,869] {logging_mixin.py:104} INFO - submitted
[2021-05-14 10:28:24,869] {logging_mixin.py:104} INFO - running function for: (array([1620991704000, 1620993504000]), 1)
[2021-05-14 10:28:24,870] {logging_mixin.py:104} INFO - https://cdn.iqoption.com/api/quotes-history/quotes/3.0?to=1620993504000&from=1620991704000&active_id=1&only_round=true&_key=1614903660000
[2021-05-14 10:28:24,870] {logging_mixin.py:104} INFO - https://cdn.iqoption.com/api/quotes-history/quotes/3.0?to=1620993504000&from=1620991704000&active_id=1&only_round=true&_key=1614903660000
submitted
[2021-05-14 10:28:24,871] {logging_mixin.py:104} INFO - running function for: (array([1620991704000, 1620993504000]), 2)
[2021-05-14 10:28:24,871] {logging_mixin.py:104} INFO - https://cdn.iqoption.com/api/quotes-history/quotes/3.0?to=1620993504000&from=1620991704000&active_id=2&only_round=true&_key=1614903660000
[2021-05-14 10:28:24,872] {logging_mixin.py:104} INFO - submitted
[2021-05-14 10:28:24,872] {logging_mixin.py:104} INFO - running function for: (array([1620991704000, 1620993504000]), 3)
[2021-05-14 10:28:24,872] {logging_mixin.py:104} INFO - submitted
[2021-05-14 10:28:24,873] {logging_mixin.py:104} INFO - running function for: (array([1620989904000, 1620991704000]), 1)
[2021-05-14 10:28:24,873] {logging_mixin.py:104} INFO - submitted
[2021-05-14 10:28:24,875] {logging_mixin.py:104} INFO - running function for: (array([1620989904000, 1620991704000]), 2)
[2021-05-14 10:28:24,876] {logging_mixin.py:104} INFO - submitted
[2021-05-14 10:28:24,877] {logging_mixin.py:104} INFO - running function for: (array([1620989904000, 1620991704000]), 3)
[2021-05-14 10:28:24,878] {logging_mixin.py:104} INFO - submitted
[2021-05-14 10:28:24,879] {logging_mixin.py:104} INFO - running function for: (array([1620988104000, 1620989904000]), 1)
[2021-05-14 10:28:24,880] {logging_mixin.py:104} INFO - submitted
[2021-05-14 10:28:24,881] {logging_mixin.py:104} INFO - running function for: (array([1620988104000, 1620989904000]), 2)
[2021-05-14 10:28:24,881] {logging_mixin.py:104} INFO - submitted
[2021-05-14 10:28:24,881] {logging_mixin.py:104} INFO - running function for: (array([1620988104000, 1620989904000]), 3)
[2021-05-14 10:28:24,881] {logging_mixin.py:104} INFO - submitted
[2021-05-14 10:28:24,882] {logging_mixin.py:104} INFO - running function for: (array([1620986304000, 1620988104000]), 1)
[2021-05-14 10:28:24,882] {logging_mixin.py:104} INFO - submitted
[2021-05-14 10:28:24,882] {logging_mixin.py:104} INFO - running function for: (array([1620986304000, 1620988104000]), 2)
[2021-05-14 10:28:24,882] {logging_mixin.py:104} INFO - submitted
[2021-05-14 10:28:24,883] {logging_mixin.py:104} INFO - running function for: (array([1620986304000, 1620988104000]), 3)
[2021-05-14 10:28:24,883] {logging_mixin.py:104} INFO - submitted
[2021-05-14 10:28:24,883] {logging_mixin.py:104} INFO - running function for: (array([1620984504000, 1620986304000]), 1)
[2021-05-14 10:28:24,883] {logging_mixin.py:104} INFO - submitted
[2021-05-14 10:28:24,884] {logging_mixin.py:104} INFO - running function for: (array([1620984504000, 1620986304000]), 2)
[2021-05-14 10:28:24,884] {logging_mixin.py:104} INFO - submitted
[2021-05-14 10:28:24,884] {logging_mixin.py:104} INFO - running function for: (array([1620984504000, 1620986304000]), 3)
[2021-05-14 10:28:24,884] {logging_mixin.py:104} INFO - submitted
[2021-05-14 10:28:24,885] {logging_mixin.py:104} INFO - running function for: (array([1620982704000, 1620984504000]), 1)
[2021-05-14 10:28:24,885] {logging_mixin.py:104} INFO - submitted
[2021-05-14 10:28:24,885] {logging_mixin.py:104} INFO - running function for: (array([1620982704000, 1620984504000]), 2)
[2021-05-14 10:28:24,885] {logging_mixin.py:104} INFO - submitted
[2021-05-14 10:28:24,886] {logging_mixin.py:104} INFO - running function for: (array([1620982704000, 1620984504000]), 3)
[2021-05-14 10:28:24,886] {logging_mixin.py:104} INFO - submitted
[2021-05-14 10:28:24,886] {logging_mixin.py:104} INFO - running function for: (array([1620980904000, 1620982704000]), 1)
[2021-05-14 10:28:24,886] {logging_mixin.py:104} INFO - submitted
[2021-05-14 10:28:24,887] {logging_mixin.py:104} INFO - running function for: (array([1620980904000, 1620982704000]), 2)
[2021-05-14 10:28:24,887] {logging_mixin.py:104} INFO - submitted
[2021-05-14 10:28:24,887] {logging_mixin.py:104} INFO - running function for: (array([1620980904000, 1620982704000]), 3)
[2021-05-14 10:28:24,887] {logging_mixin.py:104} INFO - submitted
[2021-05-14 10:28:24,887] {logging_mixin.py:104} INFO - running function for: (array([1620979104000, 1620980904000]), 1)
[2021-05-14 10:28:24,888] {logging_mixin.py:104} INFO - submitted
[2021-05-14 10:28:24,888] {logging_mixin.py:104} INFO - running function for: (array([1620979104000, 1620980904000]), 2)
[2021-05-14 10:28:24,888] {logging_mixin.py:104} INFO - submitted
[2021-05-14 10:28:24,888] {logging_mixin.py:104} INFO - running function for: (array([1620979104000, 1620980904000]), 3)
[2021-05-14 10:28:24,889] {logging_mixin.py:104} INFO - submitted
[2021-05-14 10:28:24,889] {logging_mixin.py:104} INFO - running function for: (array([1620977304000, 1620979104000]), 1)
[2021-05-14 10:28:24,889] {logging_mixin.py:104} INFO - submitted
[2021-05-14 10:28:24,889] {logging_mixin.py:104} INFO - running function for: (array([1620977304000, 1620979104000]), 2)
[2021-05-14 10:28:24,890] {logging_mixin.py:104} INFO - submitted
[2021-05-14 10:28:24,890] {logging_mixin.py:104} INFO - running function for: (array([1620977304000, 1620979104000]), 3)
[2021-05-14 10:28:24,890] {logging_mixin.py:104} INFO - submitted
[2021-05-14 10:28:24,890] {logging_mixin.py:104} INFO - running function for: (array([1620975504000, 1620977304000]), 1)
[2021-05-14 10:28:24,891] {logging_mixin.py:104} INFO - submitted
[2021-05-14 10:28:24,891] {logging_mixin.py:104} INFO - running function for: (array([1620975504000, 1620977304000]), 2)
[2021-05-14 10:28:24,891] {logging_mixin.py:104} INFO - submitted
[2021-05-14 10:28:24,891] {logging_mixin.py:104} INFO - running function for: (array([1620975504000, 1620977304000]), 3)
[2021-05-14 10:28:24,892] {logging_mixin.py:104} INFO - submitted
[2021-05-14 10:28:24,892] {logging_mixin.py:104} INFO - running function for: (array([1620973704000, 1620975504000]), 1)
[2021-05-14 10:28:24,892] {logging_mixin.py:104} INFO - submitted
[2021-05-14 10:28:24,893] {logging_mixin.py:104} INFO - running function for: (array([1620973704000, 1620975504000]), 2)
[2021-05-14 10:28:24,893] {logging_mixin.py:104} INFO - submitted
[2021-05-14 10:28:24,893] {logging_mixin.py:104} INFO - running function for: (array([1620973704000, 1620975504000]), 3)
[2021-05-14 10:28:24,893] {logging_mixin.py:104} INFO - submitted
[2021-05-14 10:28:24,894] {logging_mixin.py:104} INFO - running function for: (array([1620971904000, 1620973704000]), 1)
[2021-05-14 10:28:24,894] {logging_mixin.py:104} INFO - submitted
[2021-05-14 10:28:24,894] {logging_mixin.py:104} INFO - running function for: (array([1620971904000, 1620973704000]), 2)
[2021-05-14 10:28:24,894] {logging_mixin.py:104} INFO - submitted
[2021-05-14 10:28:24,894] {logging_mixin.py:104} INFO - running function for: (array([1620971904000, 1620973704000]), 3)
[2021-05-14 10:28:24,895] {logging_mixin.py:104} INFO - submitted
[2021-05-14 10:28:24,895] {logging_mixin.py:104} INFO - running function for: (array([1620970104000, 1620971904000]), 1)
[2021-05-14 10:28:24,895] {logging_mixin.py:104} INFO - submitted
[2021-05-14 10:28:24,895] {logging_mixin.py:104} INFO - running function for: (array([1620970104000, 1620971904000]), 2)
[2021-05-14 10:28:24,896] {logging_mixin.py:104} INFO - submitted
[2021-05-14 10:28:24,896] {logging_mixin.py:104} INFO - running function for: (array([1620970104000, 1620971904000]), 3)
[2021-05-14 10:28:24,896] {logging_mixin.py:104} INFO - submitted
[2021-05-14 10:28:24,896] {logging_mixin.py:104} INFO - running function for: (array([1620968304000, 1620970104000]), 1)
[2021-05-14 10:28:24,897] {logging_mixin.py:104} INFO - submitted
[2021-05-14 10:28:24,897] {logging_mixin.py:104} INFO - running function for: (array([1620968304000, 1620970104000]), 2)
[2021-05-14 10:28:24,897] {logging_mixin.py:104} INFO - submitted
[2021-05-14 10:28:24,897] {logging_mixin.py:104} INFO - running function for: (array([1620968304000, 1620970104000]), 3)
[2021-05-14 10:28:24,898] {logging_mixin.py:104} INFO - submitted
[2021-05-14 10:28:24,898] {logging_mixin.py:104} INFO - running function for: (array([1620966504000, 1620968304000]), 1)
[2021-05-14 10:28:24,898] {logging_mixin.py:104} INFO - submitted
[2021-05-14 10:28:24,898] {logging_mixin.py:104} INFO - running function for: (array([1620966504000, 1620968304000]), 2)
[2021-05-14 10:28:24,898] {logging_mixin.py:104} INFO - submitted
[2021-05-14 10:28:24,899] {logging_mixin.py:104} INFO - running function for: (array([1620966504000, 1620968304000]), 3)
[2021-05-14 10:28:24,899] {logging_mixin.py:104} INFO - submitted
[2021-05-14 10:28:24,899] {logging_mixin.py:104} INFO - running function for: (array([1620964704000, 1620966504000]), 1)
[2021-05-14 10:28:24,899] {logging_mixin.py:104} INFO - submitted
[2021-05-14 10:28:24,900] {logging_mixin.py:104} INFO - running function for: (array([1620964704000, 1620966504000]), 2)
[2021-05-14 10:28:24,900] {logging_mixin.py:104} INFO - submitted
[2021-05-14 10:28:24,900] {logging_mixin.py:104} INFO - running function for: (array([1620964704000, 1620966504000]), 3)
[2021-05-14 10:28:24,900] {logging_mixin.py:104} INFO - submitted
[2021-05-14 10:28:24,901] {logging_mixin.py:104} INFO - running function for: (array([1620962904000, 1620964704000]), 1)
[2021-05-14 10:28:24,901] {logging_mixin.py:104} INFO - submitted
[2021-05-14 10:28:24,901] {logging_mixin.py:104} INFO - running function for: (array([1620962904000, 1620964704000]), 2)
[2021-05-14 10:28:24,901] {logging_mixin.py:104} INFO - submitted
[2021-05-14 10:28:24,902] {logging_mixin.py:104} INFO - running function for: (array([1620962904000, 1620964704000]), 3)
[2021-05-14 10:28:24,902] {logging_mixin.py:104} INFO - submitted
[2021-05-14 10:28:24,902] {logging_mixin.py:104} INFO - running function for: (array([1620961104000, 1620962904000]), 1)
[2021-05-14 10:28:24,902] {logging_mixin.py:104} INFO - submitted
[2021-05-14 10:28:24,902] {logging_mixin.py:104} INFO - running function for: (array([1620961104000, 1620962904000]), 2)
[2021-05-14 10:28:24,903] {logging_mixin.py:104} INFO - submitted
[2021-05-14 10:28:24,903] {logging_mixin.py:104} INFO - running function for: (array([1620961104000, 1620962904000]), 3)
[2021-05-14 10:28:24,903] {logging_mixin.py:104} INFO - submitted
[2021-05-14 10:28:24,903] {logging_mixin.py:104} INFO - running function for: (array([1620959304000, 1620961104000]), 1)
[2021-05-14 10:28:24,904] {logging_mixin.py:104} INFO - submitted
[2021-05-14 10:28:24,904] {logging_mixin.py:104} INFO - running function for: (array([1620959304000, 1620961104000]), 2)
[2021-05-14 10:28:24,904] {logging_mixin.py:104} INFO - submitted
[2021-05-14 10:28:24,904] {logging_mixin.py:104} INFO - running function for: (array([1620959304000, 1620961104000]), 3)
[2021-05-14 10:28:24,904] {logging_mixin.py:104} INFO - submitted
[2021-05-14 10:28:24,905] {logging_mixin.py:104} INFO - running function for: (array([1620957504000, 1620959304000]), 1)
[2021-05-14 10:28:24,905] {logging_mixin.py:104} INFO - submitted
[2021-05-14 10:28:24,905] {logging_mixin.py:104} INFO - running function for: (array([1620957504000, 1620959304000]), 2)
[2021-05-14 10:28:24,905] {logging_mixin.py:104} INFO - submitted
[2021-05-14 10:28:24,906] {logging_mixin.py:104} INFO - running function for: (array([1620957504000, 1620959304000]), 3)
[2021-05-14 10:28:24,906] {logging_mixin.py:104} INFO - submitted
[2021-05-14 10:28:24,906] {logging_mixin.py:104} INFO - running function for: (array([1620955704000, 1620957504000]), 1)
[2021-05-14 10:28:24,906] {logging_mixin.py:104} INFO - submitted
[2021-05-14 10:28:24,907] {logging_mixin.py:104} INFO - running function for: (array([1620955704000, 1620957504000]), 2)
[2021-05-14 10:28:24,907] {logging_mixin.py:104} INFO - submitted
[2021-05-14 10:28:24,907] {logging_mixin.py:104} INFO - running function for: (array([1620955704000, 1620957504000]), 3)
[2021-05-14 10:28:24,907] {logging_mixin.py:104} INFO - submitted
[2021-05-14 10:28:24,908] {logging_mixin.py:104} INFO - running function for: (array([1620953904000, 1620955704000]), 1)
[2021-05-14 10:28:24,908] {logging_mixin.py:104} INFO - submitted
[2021-05-14 10:28:24,908] {logging_mixin.py:104} INFO - running function for: (array([1620953904000, 1620955704000]), 2)
[2021-05-14 10:28:24,908] {logging_mixin.py:104} INFO - submitted
[2021-05-14 10:28:24,909] {logging_mixin.py:104} INFO - running function for: (array([1620953904000, 1620955704000]), 3)
[2021-05-14 10:28:24,909] {logging_mixin.py:104} INFO - submitted
[2021-05-14 10:28:24,909] {logging_mixin.py:104} INFO - running function for: (array([1620952104000, 1620953904000]), 1)
[2021-05-14 10:28:24,909] {logging_mixin.py:104} INFO - submitted
[2021-05-14 10:28:24,910] {logging_mixin.py:104} INFO - running function for: (array([1620952104000, 1620953904000]), 2)
[2021-05-14 10:28:24,910] {logging_mixin.py:104} INFO - submitted
[2021-05-14 10:28:24,910] {logging_mixin.py:104} INFO - running function for: (array([1620952104000, 1620953904000]), 3)
[2021-05-14 10:28:24,910] {logging_mixin.py:104} INFO - submitted
[2021-05-14 10:28:24,911] {logging_mixin.py:104} INFO - running function for: (array([1620950304000, 1620952104000]), 1)
[2021-05-14 10:28:24,911] {logging_mixin.py:104} INFO - submitted
[2021-05-14 10:28:24,911] {logging_mixin.py:104} INFO - running function for: (array([1620950304000, 1620952104000]), 2)
[2021-05-14 10:28:24,911] {logging_mixin.py:104} INFO - submitted
[2021-05-14 10:28:24,911] {logging_mixin.py:104} INFO - running function for: (array([1620950304000, 1620952104000]), 3)
[2021-05-14 10:28:24,912] {logging_mixin.py:104} INFO - submitted
[2021-05-14 10:28:24,912] {logging_mixin.py:104} INFO - running function for: (array([1620948504000, 1620950304000]), 1)
[2021-05-14 10:28:24,912] {logging_mixin.py:104} INFO - submitted
[2021-05-14 10:28:24,912] {logging_mixin.py:104} INFO - running function for: (array([1620948504000, 1620950304000]), 2)
[2021-05-14 10:28:24,913] {logging_mixin.py:104} INFO - submitted
[2021-05-14 10:28:24,913] {logging_mixin.py:104} INFO - running function for: (array([1620948504000, 1620950304000]), 3)
[2021-05-14 10:28:24,913] {logging_mixin.py:104} INFO - submitted
[2021-05-14 10:28:24,913] {logging_mixin.py:104} INFO - running function for: (array([1620946704000, 1620948504000]), 1)
[2021-05-14 10:28:24,913] {logging_mixin.py:104} INFO - submitted
[2021-05-14 10:28:24,914] {logging_mixin.py:104} INFO - running function for: (array([1620946704000, 1620948504000]), 2)
[2021-05-14 10:28:24,914] {logging_mixin.py:104} INFO - submitted
[2021-05-14 10:28:24,914] {logging_mixin.py:104} INFO - running function for: (array([1620946704000, 1620948504000]), 3)
[2021-05-14 10:28:24,914] {logging_mixin.py:104} INFO - submitted
[2021-05-14 10:28:24,915] {logging_mixin.py:104} INFO - running function for: (array([1620944904000, 1620946704000]), 1)
[2021-05-14 10:28:24,915] {logging_mixin.py:104} INFO - submitted
[2021-05-14 10:28:24,915] {logging_mixin.py:104} INFO - running function for: (array([1620944904000, 1620946704000]), 2)
[2021-05-14 10:28:24,915] {logging_mixin.py:104} INFO - submitted
[2021-05-14 10:28:24,916] {logging_mixin.py:104} INFO - running function for: (array([1620944904000, 1620946704000]), 3)
[2021-05-14 10:28:24,916] {logging_mixin.py:104} INFO - submitted
[2021-05-14 10:28:24,916] {logging_mixin.py:104} INFO - running function for: (array([1620943104000, 1620944904000]), 1)
[2021-05-14 10:28:24,916] {logging_mixin.py:104} INFO - submitted
[2021-05-14 10:28:24,917] {logging_mixin.py:104} INFO - running function for: (array([1620943104000, 1620944904000]), 2)
[2021-05-14 10:28:24,917] {logging_mixin.py:104} INFO - submitted
[2021-05-14 10:28:24,917] {logging_mixin.py:104} INFO - running function for: (array([1620943104000, 1620944904000]), 3)
[2021-05-14 10:28:24,917] {logging_mixin.py:104} INFO - submitted
[2021-05-14 10:28:24,917] {logging_mixin.py:104} INFO - running function for: (array([1620941304000, 1620943104000]), 1)
[2021-05-14 10:28:24,918] {logging_mixin.py:104} INFO - submitted
[2021-05-14 10:28:24,918] {logging_mixin.py:104} INFO - running function for: (array([1620941304000, 1620943104000]), 2)
[2021-05-14 10:28:24,918] {logging_mixin.py:104} INFO - submitted
[2021-05-14 10:28:24,918] {logging_mixin.py:104} INFO - running function for: (array([1620941304000, 1620943104000]), 3)
[2021-05-14 10:28:24,919] {logging_mixin.py:104} INFO - submitted
[2021-05-14 10:28:24,919] {logging_mixin.py:104} INFO - running function for: (array([1620939504000, 1620941304000]), 1)
[2021-05-14 10:28:24,919] {logging_mixin.py:104} INFO - submitted
[2021-05-14 10:28:24,919] {logging_mixin.py:104} INFO - running function for: (array([1620939504000, 1620941304000]), 2)
[2021-05-14 10:28:24,920] {logging_mixin.py:104} INFO - submitted
[2021-05-14 10:28:24,920] {logging_mixin.py:104} INFO - running function for: (array([1620939504000, 1620941304000]), 3)
[2021-05-14 10:28:24,920] {logging_mixin.py:104} INFO - submitted
[2021-05-14 10:28:24,920] {logging_mixin.py:104} INFO - running function for: (array([1620937704000, 1620939504000]), 1)
[2021-05-14 10:28:24,921] {logging_mixin.py:104} INFO - submitted
[2021-05-14 10:28:24,921] {logging_mixin.py:104} INFO - running function for: (array([1620937704000, 1620939504000]), 2)
[2021-05-14 10:28:24,921] {logging_mixin.py:104} INFO - submitted
[2021-05-14 10:28:24,922] {logging_mixin.py:104} INFO - running function for: (array([1620937704000, 1620939504000]), 3)
[2021-05-14 10:28:24,922] {logging_mixin.py:104} INFO - submitted
[2021-05-14 10:28:24,922] {logging_mixin.py:104} INFO - running function for: (array([1620935904000, 1620937704000]), 1)
[2021-05-14 10:28:24,922] {logging_mixin.py:104} INFO - submitted
[2021-05-14 10:28:24,923] {logging_mixin.py:104} INFO - running function for: (array([1620935904000, 1620937704000]), 2)
[2021-05-14 10:28:24,923] {logging_mixin.py:104} INFO - submitted
[2021-05-14 10:28:24,923] {logging_mixin.py:104} INFO - running function for: (array([1620935904000, 1620937704000]), 3)
[2021-05-14 10:28:24,923] {logging_mixin.py:104} INFO - submitted
[2021-05-14 10:28:24,924] {logging_mixin.py:104} INFO - running function for: (array([1620934104000, 1620935904000]), 1)
[2021-05-14 10:28:24,924] {logging_mixin.py:104} INFO - submitted
[2021-05-14 10:28:24,924] {logging_mixin.py:104} INFO - running function for: (array([1620934104000, 1620935904000]), 2)
[2021-05-14 10:28:24,925] {logging_mixin.py:104} INFO - submitted
[2021-05-14 10:28:24,925] {logging_mixin.py:104} INFO - running function for: (array([1620934104000, 1620935904000]), 3)
[2021-05-14 10:28:24,925] {logging_mixin.py:104} INFO - submitted
[2021-05-14 10:28:24,925] {logging_mixin.py:104} INFO - running function for: (array([1620932304000, 1620934104000]), 1)
[2021-05-14 10:28:24,926] {logging_mixin.py:104} INFO - submitted
[2021-05-14 10:28:24,926] {logging_mixin.py:104} INFO - running function for: (array([1620932304000, 1620934104000]), 2)
[2021-05-14 10:28:24,926] {logging_mixin.py:104} INFO - submitted
[2021-05-14 10:28:24,926] {logging_mixin.py:104} INFO - running function for: (array([1620932304000, 1620934104000]), 3)
[2021-05-14 10:28:24,927] {logging_mixin.py:104} INFO - submitted
[2021-05-14 10:28:24,927] {logging_mixin.py:104} INFO - running function for: (array([1620930504000, 1620932304000]), 1)
[2021-05-14 10:28:24,927] {logging_mixin.py:104} INFO - submitted
[2021-05-14 10:28:24,927] {logging_mixin.py:104} INFO - running function for: (array([1620930504000, 1620932304000]), 2)
[2021-05-14 10:28:24,927] {logging_mixin.py:104} INFO - submitted
[2021-05-14 10:28:24,928] {logging_mixin.py:104} INFO - running function for: (array([1620930504000, 1620932304000]), 3)
[2021-05-14 10:28:24,928] {logging_mixin.py:104} INFO - submitted
[2021-05-14 10:28:24,928] {logging_mixin.py:104} INFO - running function for: (array([1620928704000, 1620930504000]), 1)
[2021-05-14 10:28:24,929] {logging_mixin.py:104} INFO - submitted
[2021-05-14 10:28:24,931] {logging_mixin.py:104} INFO - running function for: (array([1620928704000, 1620930504000]), 2)
[2021-05-14 10:28:24,931] {logging_mixin.py:104} INFO - submitted
[2021-05-14 10:28:24,931] {logging_mixin.py:104} INFO - running function for: (array([1620928704000, 1620930504000]), 3)
[2021-05-14 10:28:24,933] {logging_mixin.py:104} INFO - submitted
[2021-05-14 10:28:24,934] {logging_mixin.py:104} INFO - running function for: (array([1620926904000, 1620928704000]), 1)
[2021-05-14 10:28:24,934] {logging_mixin.py:104} INFO - submitted
[2021-05-14 10:28:24,934] {logging_mixin.py:104} INFO - running function for: (array([1620926904000, 1620928704000]), 2)
[2021-05-14 10:28:24,935] {logging_mixin.py:104} INFO - submitted
[2021-05-14 10:28:24,935] {logging_mixin.py:104} INFO - running function for: (array([1620926904000, 1620928704000]), 3)
[2021-05-14 10:28:24,935] {logging_mixin.py:104} INFO - submitted
[2021-05-14 10:28:24,935] {logging_mixin.py:104} INFO - running function for: (array([1620925104000, 1620926904000]), 1)
[2021-05-14 10:28:24,936] {logging_mixin.py:104} INFO - submitted
[2021-05-14 10:28:24,936] {logging_mixin.py:104} INFO - running function for: (array([1620925104000, 1620926904000]), 2)
[2021-05-14 10:28:24,936] {logging_mixin.py:104} INFO - submitted
[2021-05-14 10:28:24,936] {logging_mixin.py:104} INFO - running function for: (array([1620925104000, 1620926904000]), 3)
[2021-05-14 10:28:24,937] {logging_mixin.py:104} INFO - submitted
[2021-05-14 10:28:24,937] {logging_mixin.py:104} INFO - running function for: (array([1620923304000, 1620925104000]), 1)
[2021-05-14 10:28:24,937] {logging_mixin.py:104} INFO - submitted
[2021-05-14 10:28:24,937] {logging_mixin.py:104} INFO - running function for: (array([1620923304000, 1620925104000]), 2)
[2021-05-14 10:28:24,938] {logging_mixin.py:104} INFO - submitted
[2021-05-14 10:28:24,938] {logging_mixin.py:104} INFO - running function for: (array([1620923304000, 1620925104000]), 3)
[2021-05-14 10:28:24,938] {logging_mixin.py:104} INFO - submitted
[2021-05-14 10:28:24,938] {logging_mixin.py:104} INFO - running function for: (array([1620921504000, 1620923304000]), 1)
[2021-05-14 10:28:24,939] {logging_mixin.py:104} INFO - submitted
[2021-05-14 10:28:24,939] {logging_mixin.py:104} INFO - running function for: (array([1620921504000, 1620923304000]), 2)
[2021-05-14 10:28:24,939] {logging_mixin.py:104} INFO - submitted
[2021-05-14 10:28:24,939] {logging_mixin.py:104} INFO - running function for: (array([1620921504000, 1620923304000]), 3)
[2021-05-14 10:28:24,939] {logging_mixin.py:104} INFO - submitted
[2021-05-14 10:28:24,940] {logging_mixin.py:104} INFO - running function for: (array([1620919704000, 1620921504000]), 1)
[2021-05-14 10:28:24,940] {logging_mixin.py:104} INFO - submitted
[2021-05-14 10:28:24,940] {logging_mixin.py:104} INFO - running function for: (array([1620919704000, 1620921504000]), 2)
[2021-05-14 10:28:24,940] {logging_mixin.py:104} INFO - submitted
[2021-05-14 10:28:24,941] {logging_mixin.py:104} INFO - running function for: (array([1620919704000, 1620921504000]), 3)
[2021-05-14 10:28:24,941] {logging_mixin.py:104} INFO - submitted
[2021-05-14 10:28:24,941] {logging_mixin.py:104} INFO - running function for: (array([1620917904000, 1620919704000]), 1)
[2021-05-14 10:28:24,944] {logging_mixin.py:104} INFO - submitted
[2021-05-14 10:28:24,947] {logging_mixin.py:104} INFO - running function for: (array([1620917904000, 1620919704000]), 2)
[2021-05-14 10:28:24,948] {logging_mixin.py:104} INFO - submitted
[2021-05-14 10:28:24,948] {logging_mixin.py:104} INFO - running function for: (array([1620917904000, 1620919704000]), 3)
[2021-05-14 10:28:24,949] {logging_mixin.py:104} INFO - submitted
[2021-05-14 10:28:24,950] {logging_mixin.py:104} INFO - running function for: (array([1620916104000, 1620917904000]), 1)
[2021-05-14 10:28:24,950] {logging_mixin.py:104} INFO - submitted
[2021-05-14 10:28:24,951] {logging_mixin.py:104} INFO - running function for: (array([1620916104000, 1620917904000]), 2)
[2021-05-14 10:28:24,951] {logging_mixin.py:104} INFO - submitted
[2021-05-14 10:28:24,951] {logging_mixin.py:104} INFO - running function for: (array([1620916104000, 1620917904000]), 3)
[2021-05-14 10:28:24,952] {logging_mixin.py:104} INFO - submitted
[2021-05-14 10:28:24,952] {logging_mixin.py:104} INFO - running function for: (array([1620914304000, 1620916104000]), 1)
[2021-05-14 10:28:24,952] {logging_mixin.py:104} INFO - submitted
[2021-05-14 10:28:24,952] {logging_mixin.py:104} INFO - running function for: (array([1620914304000, 1620916104000]), 2)
[2021-05-14 10:28:24,953] {logging_mixin.py:104} INFO - submitted
[2021-05-14 10:28:24,953] {logging_mixin.py:104} INFO - running function for: (array([1620914304000, 1620916104000]), 3)
[2021-05-14 10:28:24,953] {logging_mixin.py:104} INFO - submitted
[2021-05-14 10:28:24,954] {logging_mixin.py:104} INFO - running function for: (array([1620912504000, 1620914304000]), 1)
[2021-05-14 10:28:24,954] {logging_mixin.py:104} INFO - submitted
[2021-05-14 10:28:24,954] {logging_mixin.py:104} INFO - running function for: (array([1620912504000, 1620914304000]), 2)
[2021-05-14 10:28:24,954] {logging_mixin.py:104} INFO - submitted
[2021-05-14 10:28:24,955] {logging_mixin.py:104} INFO - running function for: (array([1620912504000, 1620914304000]), 3)
[2021-05-14 10:28:24,955] {logging_mixin.py:104} INFO - submitted
[2021-05-14 10:28:26,155] {logging_mixin.py:104} INFO - https://cdn.iqoption.com/api/quotes-history/quotes/3.0?to=1620993504000&from=1620991704000&active_id=3&only_round=true&_key=1614903660000
[2021-05-14 10:28:28,811] {logging_mixin.py:104} INFO - https://cdn.iqoption.com/api/quotes-history/quotes/3.0?to=1620991704000&from=1620989904000&active_id=1&only_round=true&_key=1614903660000
[2021-05-14 10:28:28,927] {logging_mixin.py:104} INFO - https://cdn.iqoption.com/api/quotes-history/quotes/3.0?to=1620991704000&from=1620989904000&active_id=2&only_round=true&_key=1614903660000
[2021-05-14 10:28:28,929] {logging_mixin.py:104} INFO - https://cdn.iqoption.com/api/quotes-history/quotes/3.0?to=1620991704000&from=1620989904000&active_id=3&only_round=true&_key=1614903660000
[2021-05-14 10:28:28,933] {logging_mixin.py:104} INFO - https://cdn.iqoption.com/api/quotes-history/quotes/3.0?to=1620989904000&from=1620988104000&active_id=1&only_round=true&_key=1614903660000
[2021-05-14 10:28:29,075] {logging_mixin.py:104} INFO - https://cdn.iqoption.com/api/quotes-history/quotes/3.0?to=1620989904000&from=1620988104000&active_id=2&only_round=true&_key=1614903660000
[2021-05-14 10:28:29,104] {logging_mixin.py:104} INFO - https://cdn.iqoption.com/api/quotes-history/quotes/3.0?to=1620989904000&from=1620988104000&active_id=3&only_round=true&_key=1614903660000
[2021-05-14 10:28:29,259] {logging_mixin.py:104} INFO - https://cdn.iqoption.com/api/quotes-history/quotes/3.0?to=1620988104000&from=1620986304000&active_id=1&only_round=true&_key=1614903660000
[2021-05-14 10:28:30,070] {logging_mixin.py:104} INFO - https://cdn.iqoption.com/api/quotes-history/quotes/3.0?to=1620988104000&from=1620986304000&active_id=2&only_round=true&_key=1614903660000
[2021-05-14 10:28:31,170] {logging_mixin.py:104} INFO - https://cdn.iqoption.com/api/quotes-history/quotes/3.0?to=1620988104000&from=1620986304000&active_id=3&only_round=true&_key=1614903660000
[2021-05-14 10:28:31,171] {logging_mixin.py:104} INFO - https://cdn.iqoption.com/api/quotes-history/quotes/3.0?to=1620986304000&from=1620984504000&active_id=1&only_round=true&_key=1614903660000
[2021-05-14 10:28:31,225] {logging_mixin.py:104} INFO - https://cdn.iqoption.com/api/quotes-history/quotes/3.0?to=1620986304000&from=1620984504000&active_id=2&only_round=true&_key=1614903660000
[2021-05-14 10:28:31,228] {logging_mixin.py:104} INFO - https://cdn.iqoption.com/api/quotes-history/quotes/3.0?to=1620986304000&from=1620984504000&active_id=3&only_round=true&_key=1614903660000
[2021-05-14 10:28:31,275] {logging_mixin.py:104} INFO - https://cdn.iqoption.com/api/quotes-history/quotes/3.0?to=1620984504000&from=1620982704000&active_id=1&only_round=true&_key=1614903660000
[2021-05-14 10:28:31,362] {logging_mixin.py:104} INFO - https://cdn.iqoption.com/api/quotes-history/quotes/3.0?to=1620984504000&from=1620982704000&active_id=2&only_round=true&_key=1614903660000
[2021-05-14 10:28:31,956] {logging_mixin.py:104} INFO - https://cdn.iqoption.com/api/quotes-history/quotes/3.0?to=1620984504000&from=1620982704000&active_id=3&only_round=true&_key=1614903660000
[2021-05-14 10:28:32,311] {logging_mixin.py:104} INFO - https://cdn.iqoption.com/api/quotes-history/quotes/3.0?to=1620982704000&from=1620980904000&active_id=1&only_round=true&_key=1614903660000
[2021-05-14 10:28:33,061] {logging_mixin.py:104} INFO - https://cdn.iqoption.com/api/quotes-history/quotes/3.0?to=1620982704000&from=1620980904000&active_id=2&only_round=true&_key=1614903660000
[2021-05-14 10:28:33,080] {logging_mixin.py:104} INFO - https://cdn.iqoption.com/api/quotes-history/quotes/3.0?to=1620982704000&from=1620980904000&active_id=3&only_round=true&_key=1614903660000
[2021-05-14 10:28:33,236] {logging_mixin.py:104} INFO - https://cdn.iqoption.com/api/quotes-history/quotes/3.0?to=1620980904000&from=1620979104000&active_id=1&only_round=true&_key=1614903660000
[2021-05-14 10:28:33,237] {logging_mixin.py:104} INFO - https://cdn.iqoption.com/api/quotes-history/quotes/3.0?to=1620980904000&from=1620979104000&active_id=1&only_round=true&_key=1614903660000
https://cdn.iqoption.com/api/quotes-history/quotes/3.0?to=1620980904000&from=1620979104000&active_id=2&only_round=true&_key=1614903660000
[2021-05-14 10:28:33,353] {logging_mixin.py:104} INFO - https://cdn.iqoption.com/api/quotes-history/quotes/3.0?to=1620980904000&from=1620979104000&active_id=3&only_round=true&_key=1614903660000
[2021-05-14 10:28:33,618] {logging_mixin.py:104} INFO - https://cdn.iqoption.com/api/quotes-history/quotes/3.0?to=1620979104000&from=1620977304000&active_id=1&only_round=true&_key=1614903660000
[2021-05-14 10:28:33,722] {logging_mixin.py:104} INFO - https://cdn.iqoption.com/api/quotes-history/quotes/3.0?to=1620979104000&from=1620977304000&active_id=2&only_round=true&_key=1614903660000
[2021-05-14 10:28:34,642] {logging_mixin.py:104} INFO - https://cdn.iqoption.com/api/quotes-history/quotes/3.0?to=1620979104000&from=1620977304000&active_id=3&only_round=true&_key=1614903660000
[2021-05-14 10:28:34,888] {logging_mixin.py:104} INFO - https://cdn.iqoption.com/api/quotes-history/quotes/3.0?to=1620977304000&from=1620975504000&active_id=1&only_round=true&_key=1614903660000
[2021-05-14 10:28:34,889] {logging_mixin.py:104} INFO - https://cdn.iqoption.com/api/quotes-history/quotes/3.0?to=1620977304000&from=1620975504000&active_id=2&only_round=true&_key=1614903660000
[2021-05-14 10:28:35,152] {logging_mixin.py:104} INFO - https://cdn.iqoption.com/api/quotes-history/quotes/3.0?to=1620977304000&from=1620975504000&active_id=3&only_round=true&_key=1614903660000
[2021-05-14 10:28:35,173] {logging_mixin.py:104} INFO - https://cdn.iqoption.com/api/quotes-history/quotes/3.0?to=1620975504000&from=1620973704000&active_id=1&only_round=true&_key=1614903660000
[2021-05-14 10:28:35,293] {logging_mixin.py:104} INFO - https://cdn.iqoption.com/api/quotes-history/quotes/3.0?to=1620975504000&from=1620973704000&active_id=2&only_round=true&_key=1614903660000
[2021-05-14 10:28:35,348] {logging_mixin.py:104} INFO - https://cdn.iqoption.com/api/quotes-history/quotes/3.0?to=1620975504000&from=1620973704000&active_id=3&only_round=true&_key=1614903660000
[2021-05-14 10:28:35,524] {logging_mixin.py:104} INFO - https://cdn.iqoption.com/api/quotes-history/quotes/3.0?to=1620973704000&from=1620971904000&active_id=1&only_round=true&_key=1614903660000
[2021-05-14 10:28:36,509] {logging_mixin.py:104} INFO - https://cdn.iqoption.com/api/quotes-history/quotes/3.0?to=1620973704000&from=1620971904000&active_id=2&only_round=true&_key=1614903660000
[2021-05-14 10:28:36,665] {logging_mixin.py:104} INFO - https://cdn.iqoption.com/api/quotes-history/quotes/3.0?to=1620973704000&from=1620971904000&active_id=3&only_round=true&_key=1614903660000
[2021-05-14 10:28:36,665] {logging_mixin.py:104} INFO - https://cdn.iqoption.com/api/quotes-history/quotes/3.0?to=1620973704000&from=1620971904000&active_id=3&only_round=true&_key=1614903660000
https://cdn.iqoption.com/api/quotes-history/quotes/3.0?to=1620971904000&from=1620970104000&active_id=1&only_round=true&_key=1614903660000
[2021-05-14 10:28:36,799] {logging_mixin.py:104} INFO - https://cdn.iqoption.com/api/quotes-history/quotes/3.0?to=1620971904000&from=1620970104000&active_id=2&only_round=true&_key=1614903660000
[2021-05-14 10:28:36,803] {logging_mixin.py:104} INFO - https://cdn.iqoption.com/api/quotes-history/quotes/3.0?to=1620971904000&from=1620970104000&active_id=3&only_round=true&_key=1614903660000
[2021-05-14 10:28:36,877] {logging_mixin.py:104} INFO - https://cdn.iqoption.com/api/quotes-history/quotes/3.0?to=1620970104000&from=1620968304000&active_id=1&only_round=true&_key=1614903660000
[2021-05-14 10:28:37,149] {logging_mixin.py:104} INFO - https://cdn.iqoption.com/api/quotes-history/quotes/3.0?to=1620970104000&from=1620968304000&active_id=2&only_round=true&_key=1614903660000
[2021-05-14 10:28:37,180] {logging_mixin.py:104} INFO - https://cdn.iqoption.com/api/quotes-history/quotes/3.0?to=1620970104000&from=1620968304000&active_id=3&only_round=true&_key=1614903660000
[2021-05-14 10:28:38,101] {logging_mixin.py:104} INFO - https://cdn.iqoption.com/api/quotes-history/quotes/3.0?to=1620968304000&from=1620966504000&active_id=1&only_round=true&_key=1614903660000
[2021-05-14 10:28:38,263] {logging_mixin.py:104} INFO - https://cdn.iqoption.com/api/quotes-history/quotes/3.0?to=1620968304000&from=1620966504000&active_id=2&only_round=true&_key=1614903660000
[2021-05-14 10:28:38,275] {logging_mixin.py:104} INFO - https://cdn.iqoption.com/api/quotes-history/quotes/3.0?to=1620968304000&from=1620966504000&active_id=3&only_round=true&_key=1614903660000
[2021-05-14 10:28:38,411] {logging_mixin.py:104} INFO - https://cdn.iqoption.com/api/quotes-history/quotes/3.0?to=1620966504000&from=1620964704000&active_id=1&only_round=true&_key=1614903660000
[2021-05-14 10:28:38,461] {logging_mixin.py:104} INFO - https://cdn.iqoption.com/api/quotes-history/quotes/3.0?to=1620966504000&from=1620964704000&active_id=2&only_round=true&_key=1614903660000
[2021-05-14 10:28:38,497] {logging_mixin.py:104} INFO - https://cdn.iqoption.com/api/quotes-history/quotes/3.0?to=1620966504000&from=1620964704000&active_id=3&only_round=true&_key=1614903660000
[2021-05-14 10:28:38,738] {logging_mixin.py:104} INFO - https://cdn.iqoption.com/api/quotes-history/quotes/3.0?to=1620964704000&from=1620962904000&active_id=1&only_round=true&_key=1614903660000
[2021-05-14 10:28:38,796] {logging_mixin.py:104} INFO - https://cdn.iqoption.com/api/quotes-history/quotes/3.0?to=1620964704000&from=1620962904000&active_id=2&only_round=true&_key=1614903660000
[2021-05-14 10:28:39,677] {logging_mixin.py:104} INFO - https://cdn.iqoption.com/api/quotes-history/quotes/3.0?to=1620964704000&from=1620962904000&active_id=3&only_round=true&_key=1614903660000
[2021-05-14 10:28:39,906] {logging_mixin.py:104} INFO - https://cdn.iqoption.com/api/quotes-history/quotes/3.0?to=1620962904000&from=1620961104000&active_id=1&only_round=true&_key=1614903660000
[2021-05-14 10:28:39,929] {logging_mixin.py:104} INFO - https://cdn.iqoption.com/api/quotes-history/quotes/3.0?to=1620962904000&from=1620961104000&active_id=2&only_round=true&_key=1614903660000
[2021-05-14 10:28:40,001] {logging_mixin.py:104} INFO - https://cdn.iqoption.com/api/quotes-history/quotes/3.0?to=1620962904000&from=1620961104000&active_id=3&only_round=true&_key=1614903660000
[2021-05-14 10:28:40,075] {logging_mixin.py:104} INFO - https://cdn.iqoption.com/api/quotes-history/quotes/3.0?to=1620961104000&from=1620959304000&active_id=1&only_round=true&_key=1614903660000
[2021-05-14 10:28:40,081] {logging_mixin.py:104} INFO - https://cdn.iqoption.com/api/quotes-history/quotes/3.0?to=1620961104000&from=1620959304000&active_id=2&only_round=true&_key=1614903660000
[2021-05-14 10:28:40,311] {logging_mixin.py:104} INFO - https://cdn.iqoption.com/api/quotes-history/quotes/3.0?to=1620961104000&from=1620959304000&active_id=3&only_round=true&_key=1614903660000
[2021-05-14 10:28:40,321] {logging_mixin.py:104} INFO - https://cdn.iqoption.com/api/quotes-history/quotes/3.0?to=1620959304000&from=1620957504000&active_id=1&only_round=true&_key=1614903660000
[2021-05-14 10:28:41,282] {logging_mixin.py:104} INFO - https://cdn.iqoption.com/api/quotes-history/quotes/3.0?to=1620959304000&from=1620957504000&active_id=2&only_round=true&_key=1614903660000
[2021-05-14 10:28:41,509] {logging_mixin.py:104} INFO - https://cdn.iqoption.com/api/quotes-history/quotes/3.0?to=1620959304000&from=1620957504000&active_id=3&only_round=true&_key=1614903660000
[2021-05-14 10:28:41,511] {logging_mixin.py:104} INFO - https://cdn.iqoption.com/api/quotes-history/quotes/3.0?to=1620957504000&from=1620955704000&active_id=1&only_round=true&_key=1614903660000
[2021-05-14 10:28:41,622] {logging_mixin.py:104} INFO - https://cdn.iqoption.com/api/quotes-history/quotes/3.0?to=1620957504000&from=1620955704000&active_id=2&only_round=true&_key=1614903660000
[2021-05-14 10:28:41,659] {logging_mixin.py:104} INFO - https://cdn.iqoption.com/api/quotes-history/quotes/3.0?to=1620957504000&from=1620955704000&active_id=3&only_round=true&_key=1614903660000
[2021-05-14 10:28:41,687] {logging_mixin.py:104} INFO - https://cdn.iqoption.com/api/quotes-history/quotes/3.0?to=1620955704000&from=1620953904000&active_id=1&only_round=true&_key=1614903660000
[2021-05-14 10:28:41,993] {logging_mixin.py:104} INFO - https://cdn.iqoption.com/api/quotes-history/quotes/3.0?to=1620955704000&from=1620953904000&active_id=2&only_round=true&_key=1614903660000
[2021-05-14 10:28:42,013] {logging_mixin.py:104} INFO - https://cdn.iqoption.com/api/quotes-history/quotes/3.0?to=1620955704000&from=1620953904000&active_id=3&only_round=true&_key=1614903660000
[2021-05-14 10:28:43,099] {logging_mixin.py:104} INFO - https://cdn.iqoption.com/api/quotes-history/quotes/3.0?to=1620953904000&from=1620952104000&active_id=1&only_round=true&_key=1614903660000
[2021-05-14 10:28:43,266] {logging_mixin.py:104} INFO - https://cdn.iqoption.com/api/quotes-history/quotes/3.0?to=1620953904000&from=1620952104000&active_id=2&only_round=true&_key=1614903660000
[2021-05-14 10:28:43,287] {logging_mixin.py:104} INFO - https://cdn.iqoption.com/api/quotes-history/quotes/3.0?to=1620953904000&from=1620952104000&active_id=3&only_round=true&_key=1614903660000
[2021-05-14 10:28:43,296] {logging_mixin.py:104} INFO - https://cdn.iqoption.com/api/quotes-history/quotes/3.0?to=1620952104000&from=1620950304000&active_id=1&only_round=true&_key=1614903660000
[2021-05-14 10:28:43,327] {logging_mixin.py:104} INFO - https://cdn.iqoption.com/api/quotes-history/quotes/3.0?to=1620952104000&from=1620950304000&active_id=2&only_round=true&_key=1614903660000
[2021-05-14 10:28:43,555] {logging_mixin.py:104} INFO - https://cdn.iqoption.com/api/quotes-history/quotes/3.0?to=1620952104000&from=1620950304000&active_id=3&only_round=true&_key=1614903660000
[2021-05-14 10:28:44,866] {logging_mixin.py:104} INFO - https://cdn.iqoption.com/api/quotes-history/quotes/3.0?to=1620950304000&from=1620948504000&active_id=1&only_round=true&_key=1614903660000
[2021-05-14 10:28:45,058] {logging_mixin.py:104} INFO - https://cdn.iqoption.com/api/quotes-history/quotes/3.0?to=1620950304000&from=1620948504000&active_id=2&only_round=true&_key=1614903660000
[2021-05-14 10:28:45,119] {logging_mixin.py:104} INFO - https://cdn.iqoption.com/api/quotes-history/quotes/3.0?to=1620950304000&from=1620948504000&active_id=3&only_round=true&_key=1614903660000
[2021-05-14 10:28:45,125] {logging_mixin.py:104} INFO - https://cdn.iqoption.com/api/quotes-history/quotes/3.0?to=1620948504000&from=1620946704000&active_id=1&only_round=true&_key=1614903660000
[2021-05-14 10:28:45,133] {logging_mixin.py:104} INFO - https://cdn.iqoption.com/api/quotes-history/quotes/3.0?to=1620948504000&from=1620946704000&active_id=2&only_round=true&_key=1614903660000
[2021-05-14 10:28:45,803] {logging_mixin.py:104} INFO - https://cdn.iqoption.com/api/quotes-history/quotes/3.0?to=1620948504000&from=1620946704000&active_id=3&only_round=true&_key=1614903660000
[2021-05-14 10:28:45,919] {logging_mixin.py:104} INFO - https://cdn.iqoption.com/api/quotes-history/quotes/3.0?to=1620946704000&from=1620944904000&active_id=1&only_round=true&_key=1614903660000
[2021-05-14 10:28:46,469] {logging_mixin.py:104} INFO - https://cdn.iqoption.com/api/quotes-history/quotes/3.0?to=1620946704000&from=1620944904000&active_id=2&only_round=true&_key=1614903660000
[2021-05-14 10:28:46,695] {logging_mixin.py:104} INFO - https://cdn.iqoption.com/api/quotes-history/quotes/3.0?to=1620946704000&from=1620944904000&active_id=3&only_round=true&_key=1614903660000
[2021-05-14 10:28:46,704] {logging_mixin.py:104} INFO - https://cdn.iqoption.com/api/quotes-history/quotes/3.0?to=1620944904000&from=1620943104000&active_id=1&only_round=true&_key=1614903660000
[2021-05-14 10:28:47,217] {logging_mixin.py:104} INFO - https://cdn.iqoption.com/api/quotes-history/quotes/3.0?to=1620944904000&from=1620943104000&active_id=2&only_round=true&_key=1614903660000
[2021-05-14 10:28:47,268] {logging_mixin.py:104} INFO - https://cdn.iqoption.com/api/quotes-history/quotes/3.0?to=1620944904000&from=1620943104000&active_id=3&only_round=true&_key=1614903660000
[2021-05-14 10:28:47,297] {logging_mixin.py:104} INFO - https://cdn.iqoption.com/api/quotes-history/quotes/3.0?to=1620943104000&from=1620941304000&active_id=1&only_round=true&_key=1614903660000
[2021-05-14 10:28:47,383] {logging_mixin.py:104} INFO - https://cdn.iqoption.com/api/quotes-history/quotes/3.0?to=1620943104000&from=1620941304000&active_id=2&only_round=true&_key=1614903660000
[2021-05-14 10:28:47,387] {logging_mixin.py:104} INFO - https://cdn.iqoption.com/api/quotes-history/quotes/3.0?to=1620943104000&from=1620941304000&active_id=3&only_round=true&_key=1614903660000
[2021-05-14 10:28:47,751] {logging_mixin.py:104} INFO - https://cdn.iqoption.com/api/quotes-history/quotes/3.0?to=1620941304000&from=1620939504000&active_id=1&only_round=true&_key=1614903660000
[2021-05-14 10:28:48,266] {logging_mixin.py:104} INFO - https://cdn.iqoption.com/api/quotes-history/quotes/3.0?to=1620941304000&from=1620939504000&active_id=2&only_round=true&_key=1614903660000
[2021-05-14 10:28:48,653] {logging_mixin.py:104} INFO - https://cdn.iqoption.com/api/quotes-history/quotes/3.0?to=1620941304000&from=1620939504000&active_id=3&only_round=true&_key=1614903660000
[2021-05-14 10:28:48,799] {logging_mixin.py:104} INFO - https://cdn.iqoption.com/api/quotes-history/quotes/3.0?to=1620939504000&from=1620937704000&active_id=1&only_round=true&_key=1614903660000
[2021-05-14 10:28:48,900] {logging_mixin.py:104} INFO - https://cdn.iqoption.com/api/quotes-history/quotes/3.0?to=1620939504000&from=1620937704000&active_id=2&only_round=true&_key=1614903660000
[2021-05-14 10:28:49,028] {logging_mixin.py:104} INFO - https://cdn.iqoption.com/api/quotes-history/quotes/3.0?to=1620939504000&from=1620937704000&active_id=3&only_round=true&_key=1614903660000
[2021-05-14 10:28:49,116] {logging_mixin.py:104} INFO - https://cdn.iqoption.com/api/quotes-history/quotes/3.0?to=1620937704000&from=1620935904000&active_id=1&only_round=true&_key=1614903660000
[2021-05-14 10:28:49,316] {logging_mixin.py:104} INFO - https://cdn.iqoption.com/api/quotes-history/quotes/3.0?to=1620937704000&from=1620935904000&active_id=2&only_round=true&_key=1614903660000
[2021-05-14 10:28:49,359] {logging_mixin.py:104} INFO - https://cdn.iqoption.com/api/quotes-history/quotes/3.0?to=1620937704000&from=1620935904000&active_id=3&only_round=true&_key=1614903660000
[2021-05-14 10:28:49,585] {logging_mixin.py:104} INFO - https://cdn.iqoption.com/api/quotes-history/quotes/3.0?to=1620935904000&from=1620934104000&active_id=1&only_round=true&_key=1614903660000
[2021-05-14 10:28:50,177] {logging_mixin.py:104} INFO - https://cdn.iqoption.com/api/quotes-history/quotes/3.0?to=1620935904000&from=1620934104000&active_id=2&only_round=true&_key=1614903660000
[2021-05-14 10:28:50,638] {logging_mixin.py:104} INFO - https://cdn.iqoption.com/api/quotes-history/quotes/3.0?to=1620935904000&from=1620934104000&active_id=3&only_round=true&_key=1614903660000
[2021-05-14 10:28:50,677] {logging_mixin.py:104} INFO - https://cdn.iqoption.com/api/quotes-history/quotes/3.0?to=1620934104000&from=1620932304000&active_id=1&only_round=true&_key=1614903660000
[2021-05-14 10:28:50,729] {logging_mixin.py:104} INFO - https://cdn.iqoption.com/api/quotes-history/quotes/3.0?to=1620934104000&from=1620932304000&active_id=2&only_round=true&_key=1614903660000
[2021-05-14 10:28:50,758] {logging_mixin.py:104} INFO - https://cdn.iqoption.com/api/quotes-history/quotes/3.0?to=1620934104000&from=1620932304000&active_id=3&only_round=true&_key=1614903660000
[2021-05-14 10:28:50,977] {logging_mixin.py:104} INFO - https://cdn.iqoption.com/api/quotes-history/quotes/3.0?to=1620932304000&from=1620930504000&active_id=1&only_round=true&_key=1614903660000
[2021-05-14 10:28:51,208] {logging_mixin.py:104} INFO - https://cdn.iqoption.com/api/quotes-history/quotes/3.0?to=1620932304000&from=1620930504000&active_id=2&only_round=true&_key=1614903660000
[2021-05-14 10:28:51,226] {logging_mixin.py:104} INFO - https://cdn.iqoption.com/api/quotes-history/quotes/3.0?to=1620932304000&from=1620930504000&active_id=3&only_round=true&_key=1614903660000
[2021-05-14 10:28:52,128] {logging_mixin.py:104} INFO - https://cdn.iqoption.com/api/quotes-history/quotes/3.0?to=1620930504000&from=1620928704000&active_id=1&only_round=true&_key=1614903660000
[2021-05-14 10:28:52,267] {logging_mixin.py:104} INFO - https://cdn.iqoption.com/api/quotes-history/quotes/3.0?to=1620930504000&from=1620928704000&active_id=2&only_round=true&_key=1614903660000
[2021-05-14 10:28:52,281] {logging_mixin.py:104} INFO - https://cdn.iqoption.com/api/quotes-history/quotes/3.0?to=1620930504000&from=1620928704000&active_id=3&only_round=true&_key=1614903660000
[2021-05-14 10:28:52,399] {logging_mixin.py:104} INFO - https://cdn.iqoption.com/api/quotes-history/quotes/3.0?to=1620928704000&from=1620926904000&active_id=1&only_round=true&_key=1614903660000
[2021-05-14 10:28:52,558] {logging_mixin.py:104} INFO - https://cdn.iqoption.com/api/quotes-history/quotes/3.0?to=1620928704000&from=1620926904000&active_id=2&only_round=true&_key=1614903660000
[2021-05-14 10:28:52,759] {logging_mixin.py:104} INFO - https://cdn.iqoption.com/api/quotes-history/quotes/3.0?to=1620928704000&from=1620926904000&active_id=3&only_round=true&_key=1614903660000
[2021-05-14 10:28:52,828] {logging_mixin.py:104} INFO - https://cdn.iqoption.com/api/quotes-history/quotes/3.0?to=1620926904000&from=1620925104000&active_id=1&only_round=true&_key=1614903660000
[2021-05-14 10:28:53,025] {logging_mixin.py:104} INFO - https://cdn.iqoption.com/api/quotes-history/quotes/3.0?to=1620926904000&from=1620925104000&active_id=2&only_round=true&_key=1614903660000
[2021-05-14 10:28:53,666] {logging_mixin.py:104} INFO - https://cdn.iqoption.com/api/quotes-history/quotes/3.0?to=1620926904000&from=1620925104000&active_id=3&only_round=true&_key=1614903660000
[2021-05-14 10:28:54,114] {logging_mixin.py:104} INFO - https://cdn.iqoption.com/api/quotes-history/quotes/3.0?to=1620925104000&from=1620923304000&active_id=1&only_round=true&_key=1614903660000
[2021-05-14 10:28:54,247] {logging_mixin.py:104} INFO - https://cdn.iqoption.com/api/quotes-history/quotes/3.0?to=1620925104000&from=1620923304000&active_id=2&only_round=true&_key=1614903660000
[2021-05-14 10:28:54,250] {logging_mixin.py:104} INFO - https://cdn.iqoption.com/api/quotes-history/quotes/3.0?to=1620925104000&from=1620923304000&active_id=3&only_round=true&_key=1614903660000
[2021-05-14 10:28:54,292] {logging_mixin.py:104} INFO - https://cdn.iqoption.com/api/quotes-history/quotes/3.0?to=1620923304000&from=1620921504000&active_id=1&only_round=true&_key=1614903660000
[2021-05-14 10:28:54,396] {logging_mixin.py:104} INFO - https://cdn.iqoption.com/api/quotes-history/quotes/3.0?to=1620923304000&from=1620921504000&active_id=2&only_round=true&_key=1614903660000
[2021-05-14 10:28:54,586] {logging_mixin.py:104} INFO - https://cdn.iqoption.com/api/quotes-history/quotes/3.0?to=1620923304000&from=1620921504000&active_id=3&only_round=true&_key=1614903660000
[2021-05-14 10:28:54,669] {logging_mixin.py:104} INFO - https://cdn.iqoption.com/api/quotes-history/quotes/3.0?to=1620921504000&from=1620919704000&active_id=1&only_round=true&_key=1614903660000
[2021-05-14 10:28:55,382] {logging_mixin.py:104} INFO - https://cdn.iqoption.com/api/quotes-history/quotes/3.0?to=1620921504000&from=1620919704000&active_id=2&only_round=true&_key=1614903660000
[2021-05-14 10:28:55,835] {logging_mixin.py:104} INFO - https://cdn.iqoption.com/api/quotes-history/quotes/3.0?to=1620921504000&from=1620919704000&active_id=3&only_round=true&_key=1614903660000
[2021-05-14 10:28:55,927] {logging_mixin.py:104} INFO - https://cdn.iqoption.com/api/quotes-history/quotes/3.0?to=1620919704000&from=1620917904000&active_id=1&only_round=true&_key=1614903660000
[2021-05-14 10:28:55,938] {logging_mixin.py:104} INFO - https://cdn.iqoption.com/api/quotes-history/quotes/3.0?to=1620919704000&from=1620917904000&active_id=2&only_round=true&_key=1614903660000
[2021-05-14 10:28:56,282] {logging_mixin.py:104} INFO - https://cdn.iqoption.com/api/quotes-history/quotes/3.0?to=1620919704000&from=1620917904000&active_id=3&only_round=true&_key=1614903660000
[2021-05-14 10:28:56,291] {logging_mixin.py:104} INFO - https://cdn.iqoption.com/api/quotes-history/quotes/3.0?to=1620917904000&from=1620916104000&active_id=1&only_round=true&_key=1614903660000
[2021-05-14 10:28:56,974] {logging_mixin.py:104} INFO - https://cdn.iqoption.com/api/quotes-history/quotes/3.0?to=1620917904000&from=1620916104000&active_id=2&only_round=true&_key=1614903660000
[2021-05-14 10:28:56,999] {logging_mixin.py:104} INFO - https://cdn.iqoption.com/api/quotes-history/quotes/3.0?to=1620917904000&from=1620916104000&active_id=3&only_round=true&_key=1614903660000
[2021-05-14 10:28:57,012] {logging_mixin.py:104} INFO - https://cdn.iqoption.com/api/quotes-history/quotes/3.0?to=1620916104000&from=1620914304000&active_id=1&only_round=true&_key=1614903660000
[2021-05-14 10:28:57,514] {logging_mixin.py:104} INFO - https://cdn.iqoption.com/api/quotes-history/quotes/3.0?to=1620916104000&from=1620914304000&active_id=2&only_round=true&_key=1614903660000
[2021-05-14 10:28:57,702] {logging_mixin.py:104} INFO - https://cdn.iqoption.com/api/quotes-history/quotes/3.0?to=1620916104000&from=1620914304000&active_id=3&only_round=true&_key=1614903660000
[2021-05-14 10:28:57,804] {logging_mixin.py:104} INFO - https://cdn.iqoption.com/api/quotes-history/quotes/3.0?to=1620914304000&from=1620912504000&active_id=1&only_round=true&_key=1614903660000
[2021-05-14 10:28:57,860] {logging_mixin.py:104} INFO - https://cdn.iqoption.com/api/quotes-history/quotes/3.0?to=1620914304000&from=1620912504000&active_id=2&only_round=true&_key=1614903660000
[2021-05-14 10:28:57,880] {logging_mixin.py:104} INFO - https://cdn.iqoption.com/api/quotes-history/quotes/3.0?to=1620914304000&from=1620912504000&active_id=3&only_round=true&_key=1614903660000
[2021-05-14 10:28:59,568] {taskinstance.py:1482} ERROR - Task failed with exception
Traceback (most recent call last):
  File "/Library/Frameworks/Python.framework/Versions/3.7/lib/python3.7/site-packages/airflow/models/taskinstance.py", line 1138, in _run_raw_task
    self._prepare_and_execute_task_with_callbacks(context, task)
  File "/Library/Frameworks/Python.framework/Versions/3.7/lib/python3.7/site-packages/airflow/models/taskinstance.py", line 1311, in _prepare_and_execute_task_with_callbacks
    result = self._execute_task(context, task_copy)
  File "/Library/Frameworks/Python.framework/Versions/3.7/lib/python3.7/site-packages/airflow/models/taskinstance.py", line 1341, in _execute_task
    result = task_copy.execute(context=context)
  File "/Library/Frameworks/Python.framework/Versions/3.7/lib/python3.7/site-packages/airflow/operators/python.py", line 117, in execute
    return_value = self.execute_callable()
  File "/Library/Frameworks/Python.framework/Versions/3.7/lib/python3.7/site-packages/airflow/operators/python.py", line 128, in execute_callable
    return self.python_callable(*self.op_args, **self.op_kwargs)
  File "/Users/raphaelcarvalho/Documents/forex/load_data_to_s3.py", line 28, in load_data_to_s3
    f.run_etl(min_ts=date_from, end_ts=date_to, step=step, active_id=active_ids, date=today)
  File "/Users/raphaelcarvalho/Documents/forex/functions.py", line 138, in run_etl
    processed_data = process_data(api_calls, date, n_threads=8)
  File "/Users/raphaelcarvalho/Documents/forex/functions.py", line 125, in process_data
    results = [f.result() for f in futures]
  File "/Users/raphaelcarvalho/Documents/forex/functions.py", line 125, in <listcomp>
    results = [f.result() for f in futures]
  File "/Library/Frameworks/Python.framework/Versions/3.7/lib/python3.7/concurrent/futures/_base.py", line 425, in result
    return self.__get_result()
  File "/Library/Frameworks/Python.framework/Versions/3.7/lib/python3.7/concurrent/futures/_base.py", line 384, in __get_result
    raise self._exception
  File "/Library/Frameworks/Python.framework/Versions/3.7/lib/python3.7/concurrent/futures/thread.py", line 57, in run
    result = self.fn(*self.args, **self.kwargs)
  File "/Users/raphaelcarvalho/Documents/forex/functions.py", line 84, in get_data
    os.makedirs(active_id_dir)
  File "/Library/Frameworks/Python.framework/Versions/3.7/lib/python3.7/os.py", line 221, in makedirs
    mkdir(name, mode)
FileExistsError: [Errno 17] File exists: '/Users/raphaelcarvalho/Documents/forex/csvs/1'
[2021-05-14 10:28:59,577] {taskinstance.py:1532} INFO - Marking task as FAILED. dag_id=etl, task_id=loading_data_to_s3, execution_date=20210514T132808, start_date=20210514T132823, end_date=20210514T132859
[2021-05-14 10:28:59,601] {local_task_job.py:146} INFO - Task exited with return code 1
