[2021-05-16 23:03:11,584] {taskinstance.py:877} INFO - Dependencies all met for <TaskInstance: etl.loading_data_to_s3 2021-05-17T02:02:59.676162+00:00 [queued]>
[2021-05-16 23:03:11,591] {taskinstance.py:877} INFO - Dependencies all met for <TaskInstance: etl.loading_data_to_s3 2021-05-17T02:02:59.676162+00:00 [queued]>
[2021-05-16 23:03:11,591] {taskinstance.py:1068} INFO - 
--------------------------------------------------------------------------------
[2021-05-16 23:03:11,591] {taskinstance.py:1069} INFO - Starting attempt 1 of 1
[2021-05-16 23:03:11,591] {taskinstance.py:1070} INFO - 
--------------------------------------------------------------------------------
[2021-05-16 23:03:11,597] {taskinstance.py:1089} INFO - Executing <Task(PythonOperator): loading_data_to_s3> on 2021-05-17T02:02:59.676162+00:00
[2021-05-16 23:03:11,607] {standard_task_runner.py:52} INFO - Started process 33116 to run task
[2021-05-16 23:03:11,614] {standard_task_runner.py:76} INFO - Running: ['airflow', 'tasks', 'run', 'etl', 'loading_data_to_s3', '2021-05-17T02:02:59.676162+00:00', '--job-id', '860', '--pool', 'default_pool', '--raw', '--subdir', 'DAGS_FOLDER/etl_dag.py', '--cfg-path', '/var/folders/_f/vg3x3jmj23bcz6s88l7v6fb40000gn/T/tmpoprrfzzh', '--error-file', '/var/folders/_f/vg3x3jmj23bcz6s88l7v6fb40000gn/T/tmp6h_uxxks']
[2021-05-16 23:03:11,616] {standard_task_runner.py:77} INFO - Job 860: Subtask loading_data_to_s3
[2021-05-16 23:03:11,644] {logging_mixin.py:104} INFO - Running <TaskInstance: etl.loading_data_to_s3 2021-05-17T02:02:59.676162+00:00 [running]> on host 27.2.168.192.in-addr.arpa
[2021-05-16 23:03:11,667] {taskinstance.py:1283} INFO - Exporting the following env vars:
AIRFLOW_CTX_DAG_OWNER=udacity
AIRFLOW_CTX_DAG_ID=etl
AIRFLOW_CTX_TASK_ID=loading_data_to_s3
AIRFLOW_CTX_EXECUTION_DATE=2021-05-17T02:02:59.676162+00:00
AIRFLOW_CTX_DAG_RUN_ID=manual__2021-05-17T02:02:59.676162+00:00
[2021-05-16 23:03:12,968] {logging_mixin.py:104} INFO - Fetching interval list
[2021-05-16 23:03:12,968] {logging_mixin.py:104} INFO - Inverval list built
[2021-05-16 23:03:12,969] {logging_mixin.py:104} INFO - Processing data
[2021-05-16 23:03:12,969] {logging_mixin.py:104} INFO - df initialized
[2021-05-16 23:03:12,970] {logging_mixin.py:104} INFO - (array([1621215016000, 1621215192000]), 1)
[2021-05-16 23:03:12,970] {logging_mixin.py:104} INFO - (array([1621215016000, 1621215192000]), 2)
[2021-05-16 23:03:12,970] {logging_mixin.py:104} INFO - (array([1621215016000, 1621215192000]), 3)
[2021-05-16 23:03:12,970] {logging_mixin.py:104} INFO - ThreadPoolExecutor initialized
[2021-05-16 23:03:12,971] {logging_mixin.py:104} INFO - running function for: (array([1621215016000, 1621215192000]), 1)
[2021-05-16 23:03:12,971] {logging_mixin.py:104} INFO - https://cdn.iqoption.com/api/quotes-history/quotes/3.0?to=1621215192000&from=1621215016000&active_id=1&only_round=true&_key=1614903660000
[2021-05-16 23:03:12,972] {logging_mixin.py:104} INFO - https://cdn.iqoption.com/api/quotes-history/quotes/3.0?to=1621215192000&from=1621215016000&active_id=1&only_round=true&_key=1614903660000
submitted
[2021-05-16 23:03:12,973] {logging_mixin.py:104} INFO - running function for: (array([1621215016000, 1621215192000]), 2)
[2021-05-16 23:03:12,973] {logging_mixin.py:104} INFO - https://cdn.iqoption.com/api/quotes-history/quotes/3.0?to=1621215192000&from=1621215016000&active_id=2&only_round=true&_key=1614903660000
[2021-05-16 23:03:12,974] {logging_mixin.py:104} INFO - https://cdn.iqoption.com/api/quotes-history/quotes/3.0?to=1621215192000&from=1621215016000&active_id=2&only_round=true&_key=1614903660000
submitted
[2021-05-16 23:03:12,974] {logging_mixin.py:104} INFO - running function for: (array([1621215016000, 1621215192000]), 3)
[2021-05-16 23:03:12,975] {logging_mixin.py:104} INFO - https://cdn.iqoption.com/api/quotes-history/quotes/3.0?to=1621215192000&from=1621215016000&active_id=3&only_round=true&_key=1614903660000
[2021-05-16 23:03:12,976] {logging_mixin.py:104} INFO - https://cdn.iqoption.com/api/quotes-history/quotes/3.0?to=1621215192000&from=1621215016000&active_id=3&only_round=true&_key=1614903660000
submitted
[2021-05-16 23:03:15,476] {python.py:118} INFO - Done. Returned value was: None
[2021-05-16 23:03:15,484] {taskinstance.py:1192} INFO - Marking task as SUCCESS. dag_id=etl, task_id=loading_data_to_s3, execution_date=20210517T020259, start_date=20210517T020311, end_date=20210517T020315
[2021-05-16 23:03:15,527] {taskinstance.py:1246} INFO - 1 downstream tasks scheduled from follow-on schedule check
[2021-05-16 23:03:15,556] {local_task_job.py:146} INFO - Task exited with return code 0
