[2021-05-17 01:06:53,759] {taskinstance.py:877} INFO - Dependencies all met for <TaskInstance: etl.loading_data_to_s3 2021-05-17T03:00:00+00:00 [queued]>
[2021-05-17 01:06:53,802] {taskinstance.py:877} INFO - Dependencies all met for <TaskInstance: etl.loading_data_to_s3 2021-05-17T03:00:00+00:00 [queued]>
[2021-05-17 01:06:53,803] {taskinstance.py:1068} INFO - 
--------------------------------------------------------------------------------
[2021-05-17 01:06:53,803] {taskinstance.py:1069} INFO - Starting attempt 1 of 1
[2021-05-17 01:06:53,804] {taskinstance.py:1070} INFO - 
--------------------------------------------------------------------------------
[2021-05-17 01:06:53,841] {taskinstance.py:1089} INFO - Executing <Task(PythonOperator): loading_data_to_s3> on 2021-05-17T03:00:00+00:00
[2021-05-17 01:06:53,862] {standard_task_runner.py:52} INFO - Started process 33530 to run task
[2021-05-17 01:06:53,906] {standard_task_runner.py:76} INFO - Running: ['airflow', 'tasks', 'run', 'etl', 'loading_data_to_s3', '2021-05-17T03:00:00+00:00', '--job-id', '874', '--pool', 'default_pool', '--raw', '--subdir', 'DAGS_FOLDER/etl_dag.py', '--cfg-path', '/var/folders/_f/vg3x3jmj23bcz6s88l7v6fb40000gn/T/tmp6u6dcr6s', '--error-file', '/var/folders/_f/vg3x3jmj23bcz6s88l7v6fb40000gn/T/tmphfewgpb4']
[2021-05-17 01:06:53,917] {standard_task_runner.py:77} INFO - Job 874: Subtask loading_data_to_s3
[2021-05-17 01:06:54,173] {logging_mixin.py:104} INFO - Running <TaskInstance: etl.loading_data_to_s3 2021-05-17T03:00:00+00:00 [running]> on host 27.2.168.192.in-addr.arpa
[2021-05-17 01:06:54,371] {taskinstance.py:1283} INFO - Exporting the following env vars:
AIRFLOW_CTX_DAG_OWNER=udacity
AIRFLOW_CTX_DAG_ID=etl
AIRFLOW_CTX_TASK_ID=loading_data_to_s3
AIRFLOW_CTX_EXECUTION_DATE=2021-05-17T03:00:00+00:00
AIRFLOW_CTX_DAG_RUN_ID=scheduled__2021-05-17T03:00:00+00:00
[2021-05-17 01:06:56,259] {logging_mixin.py:104} INFO - Fetching interval list
[2021-05-17 01:06:56,264] {logging_mixin.py:104} INFO - Inverval list built
[2021-05-17 01:06:56,266] {logging_mixin.py:104} INFO - Processing data
[2021-05-17 01:06:56,268] {logging_mixin.py:104} INFO - df initialized
[2021-05-17 01:06:56,275] {logging_mixin.py:104} INFO - (array([1621220816000, 1621222616000]), 1)
[2021-05-17 01:06:56,281] {logging_mixin.py:104} INFO - (array([1621220816000, 1621222616000]), 2)
[2021-05-17 01:06:56,285] {logging_mixin.py:104} INFO - (array([1621220816000, 1621222616000]), 3)
[2021-05-17 01:06:56,287] {logging_mixin.py:104} INFO - (array([1621219016000, 1621220816000]), 1)
[2021-05-17 01:06:56,291] {logging_mixin.py:104} INFO - (array([1621219016000, 1621220816000]), 2)
[2021-05-17 01:06:56,296] {logging_mixin.py:104} INFO - (array([1621219016000, 1621220816000]), 3)
[2021-05-17 01:06:56,300] {logging_mixin.py:104} INFO - (array([1621217216000, 1621219016000]), 1)
[2021-05-17 01:06:56,304] {logging_mixin.py:104} INFO - (array([1621217216000, 1621219016000]), 2)
[2021-05-17 01:06:56,307] {logging_mixin.py:104} INFO - (array([1621217216000, 1621219016000]), 3)
[2021-05-17 01:06:56,310] {logging_mixin.py:104} INFO - (array([1621215416000, 1621217216000]), 1)
[2021-05-17 01:06:56,312] {logging_mixin.py:104} INFO - (array([1621215416000, 1621217216000]), 2)
[2021-05-17 01:06:56,316] {logging_mixin.py:104} INFO - (array([1621215416000, 1621217216000]), 3)
[2021-05-17 01:06:56,318] {logging_mixin.py:104} INFO - (array([1621215193000, 1621215416000]), 1)
[2021-05-17 01:06:56,321] {logging_mixin.py:104} INFO - (array([1621215193000, 1621215416000]), 2)
[2021-05-17 01:06:56,323] {logging_mixin.py:104} INFO - (array([1621215193000, 1621215416000]), 3)
[2021-05-17 01:06:56,325] {logging_mixin.py:104} INFO - ThreadPoolExecutor initialized
[2021-05-17 01:06:56,328] {logging_mixin.py:104} INFO - running function for: (array([1621220816000, 1621222616000]), 1)
[2021-05-17 01:06:56,332] {logging_mixin.py:104} INFO - https://cdn.iqoption.com/api/quotes-history/quotes/3.0?to=1621222616000&from=1621220816000&active_id=1&only_round=true&_key=1614903660000
[2021-05-17 01:06:56,335] {logging_mixin.py:104} INFO - https://cdn.iqoption.com/api/quotes-history/quotes/3.0?to=1621222616000&from=1621220816000&active_id=1&only_round=true&_key=1614903660000
submitted
[2021-05-17 01:06:56,343] {logging_mixin.py:104} INFO - running function for: (array([1621220816000, 1621222616000]), 2)
[2021-05-17 01:06:56,346] {logging_mixin.py:104} INFO - https://cdn.iqoption.com/api/quotes-history/quotes/3.0?to=1621222616000&from=1621220816000&active_id=2&only_round=true&_key=1614903660000
[2021-05-17 01:06:56,349] {logging_mixin.py:104} INFO - https://cdn.iqoption.com/api/quotes-history/quotes/3.0?to=1621222616000&from=1621220816000&active_id=2&only_round=true&_key=1614903660000
submitted
[2021-05-17 01:06:56,354] {logging_mixin.py:104} INFO - running function for: (array([1621220816000, 1621222616000]), 3)
[2021-05-17 01:06:56,357] {logging_mixin.py:104} INFO - https://cdn.iqoption.com/api/quotes-history/quotes/3.0?to=1621222616000&from=1621220816000&active_id=3&only_round=true&_key=1614903660000
[2021-05-17 01:06:56,361] {logging_mixin.py:104} INFO - submitted
[2021-05-17 01:06:56,364] {logging_mixin.py:104} INFO - running function for: (array([1621219016000, 1621220816000]), 1)
[2021-05-17 01:06:56,368] {logging_mixin.py:104} INFO - https://cdn.iqoption.com/api/quotes-history/quotes/3.0?to=1621220816000&from=1621219016000&active_id=1&only_round=true&_key=1614903660000
[2021-05-17 01:06:56,378] {logging_mixin.py:104} INFO - submitted
[2021-05-17 01:06:56,381] {logging_mixin.py:104} INFO - running function for: (array([1621219016000, 1621220816000]), 2)
[2021-05-17 01:06:56,384] {logging_mixin.py:104} INFO - https://cdn.iqoption.com/api/quotes-history/quotes/3.0?to=1621220816000&from=1621219016000&active_id=2&only_round=true&_key=1614903660000
[2021-05-17 01:06:56,388] {logging_mixin.py:104} INFO - submitted
[2021-05-17 01:06:56,399] {logging_mixin.py:104} INFO - running function for: (array([1621219016000, 1621220816000]), 3)
[2021-05-17 01:06:56,410] {logging_mixin.py:104} INFO - https://cdn.iqoption.com/api/quotes-history/quotes/3.0?to=1621220816000&from=1621219016000&active_id=3&only_round=true&_key=1614903660000
[2021-05-17 01:06:56,427] {logging_mixin.py:104} INFO - submitted
[2021-05-17 01:06:56,435] {logging_mixin.py:104} INFO - running function for: (array([1621217216000, 1621219016000]), 1)
[2021-05-17 01:06:56,438] {logging_mixin.py:104} INFO - https://cdn.iqoption.com/api/quotes-history/quotes/3.0?to=1621219016000&from=1621217216000&active_id=1&only_round=true&_key=1614903660000
[2021-05-17 01:06:56,441] {logging_mixin.py:104} INFO - https://cdn.iqoption.com/api/quotes-history/quotes/3.0?to=1621219016000&from=1621217216000&active_id=1&only_round=true&_key=1614903660000
submitted
[2021-05-17 01:06:56,446] {logging_mixin.py:104} INFO - running function for: (array([1621217216000, 1621219016000]), 2)
[2021-05-17 01:06:56,471] {logging_mixin.py:104} INFO - https://cdn.iqoption.com/api/quotes-history/quotes/3.0?to=1621219016000&from=1621217216000&active_id=2&only_round=true&_key=1614903660000
[2021-05-17 01:06:56,490] {logging_mixin.py:104} INFO - submitted
[2021-05-17 01:06:56,496] {logging_mixin.py:104} INFO - running function for: (array([1621217216000, 1621219016000]), 3)
[2021-05-17 01:06:56,508] {logging_mixin.py:104} INFO - submitted
[2021-05-17 01:06:56,514] {logging_mixin.py:104} INFO - running function for: (array([1621215416000, 1621217216000]), 1)
[2021-05-17 01:06:56,525] {logging_mixin.py:104} INFO - submitted
[2021-05-17 01:06:56,532] {logging_mixin.py:104} INFO - running function for: (array([1621215416000, 1621217216000]), 2)
[2021-05-17 01:06:56,539] {logging_mixin.py:104} INFO - submitted
[2021-05-17 01:06:56,545] {logging_mixin.py:104} INFO - running function for: (array([1621215416000, 1621217216000]), 3)
[2021-05-17 01:06:56,548] {logging_mixin.py:104} INFO - submitted
[2021-05-17 01:06:56,551] {logging_mixin.py:104} INFO - running function for: (array([1621215193000, 1621215416000]), 1)
[2021-05-17 01:06:56,554] {logging_mixin.py:104} INFO - submitted
[2021-05-17 01:06:56,557] {logging_mixin.py:104} INFO - running function for: (array([1621215193000, 1621215416000]), 2)
[2021-05-17 01:06:56,559] {logging_mixin.py:104} INFO - submitted
[2021-05-17 01:06:56,561] {logging_mixin.py:104} INFO - running function for: (array([1621215193000, 1621215416000]), 3)
[2021-05-17 01:06:56,563] {logging_mixin.py:104} INFO - submitted
[2021-05-17 01:22:31,302] {logging_mixin.py:104} INFO - https://cdn.iqoption.com/api/quotes-history/quotes/3.0?to=1621219016000&from=1621217216000&active_id=3&only_round=true&_key=1614903660000
[2021-05-17 01:22:31,570] {logging_mixin.py:104} INFO - https://cdn.iqoption.com/api/quotes-history/quotes/3.0?to=1621217216000&from=1621215416000&active_id=1&only_round=true&_key=1614903660000
[2021-05-17 01:22:31,573] {logging_mixin.py:104} INFO - https://cdn.iqoption.com/api/quotes-history/quotes/3.0?to=1621217216000&from=1621215416000&active_id=2&only_round=true&_key=1614903660000
[2021-05-17 01:22:31,736] {logging_mixin.py:104} INFO - https://cdn.iqoption.com/api/quotes-history/quotes/3.0?to=1621217216000&from=1621215416000&active_id=3&only_round=true&_key=1614903660000
[2021-05-17 01:22:32,217] {logging_mixin.py:104} INFO - https://cdn.iqoption.com/api/quotes-history/quotes/3.0?to=1621215416000&from=1621215193000&active_id=1&only_round=true&_key=1614903660000
[2021-05-17 01:22:32,218] {logging_mixin.py:104} INFO - https://cdn.iqoption.com/api/quotes-history/quotes/3.0?to=1621215416000&from=1621215193000&active_id=2&only_round=true&_key=1614903660000
[2021-05-17 01:22:32,218] {logging_mixin.py:104} INFO - https://cdn.iqoption.com/api/quotes-history/quotes/3.0?to=1621215416000&from=1621215193000&active_id=2&only_round=true&_key=1614903660000
https://cdn.iqoption.com/api/quotes-history/quotes/3.0?to=1621215416000&from=1621215193000&active_id=3&only_round=true&_key=1614903660000
[2021-05-17 01:22:35,773] {python.py:118} INFO - Done. Returned value was: None
[2021-05-17 01:22:35,780] {taskinstance.py:1192} INFO - Marking task as SUCCESS. dag_id=etl, task_id=loading_data_to_s3, execution_date=20210517T030000, start_date=20210517T040653, end_date=20210517T042235
[2021-05-17 01:22:35,828] {taskinstance.py:1246} INFO - 1 downstream tasks scheduled from follow-on schedule check
[2021-05-17 01:22:35,873] {local_task_job.py:146} INFO - Task exited with return code 0
