[2021-05-15 10:01:04,046] {taskinstance.py:877} INFO - Dependencies all met for <TaskInstance: etl.loading_data_to_s3 2021-05-15T06:00:00+00:00 [queued]>
[2021-05-15 10:01:04,063] {taskinstance.py:877} INFO - Dependencies all met for <TaskInstance: etl.loading_data_to_s3 2021-05-15T06:00:00+00:00 [queued]>
[2021-05-15 10:01:04,064] {taskinstance.py:1068} INFO - 
--------------------------------------------------------------------------------
[2021-05-15 10:01:04,064] {taskinstance.py:1069} INFO - Starting attempt 1 of 1
[2021-05-15 10:01:04,064] {taskinstance.py:1070} INFO - 
--------------------------------------------------------------------------------
[2021-05-15 10:01:04,087] {taskinstance.py:1089} INFO - Executing <Task(PythonOperator): loading_data_to_s3> on 2021-05-15T06:00:00+00:00
[2021-05-15 10:01:04,096] {standard_task_runner.py:52} INFO - Started process 26971 to run task
[2021-05-15 10:01:04,121] {standard_task_runner.py:76} INFO - Running: ['airflow', 'tasks', 'run', 'etl', 'loading_data_to_s3', '2021-05-15T06:00:00+00:00', '--job-id', '641', '--pool', 'default_pool', '--raw', '--subdir', 'DAGS_FOLDER/etl_dag.py', '--cfg-path', '/var/folders/_f/vg3x3jmj23bcz6s88l7v6fb40000gn/T/tmp81iuxoym', '--error-file', '/var/folders/_f/vg3x3jmj23bcz6s88l7v6fb40000gn/T/tmptp5vqvxb']
[2021-05-15 10:01:04,126] {standard_task_runner.py:77} INFO - Job 641: Subtask loading_data_to_s3
[2021-05-15 10:01:04,242] {logging_mixin.py:104} INFO - Running <TaskInstance: etl.loading_data_to_s3 2021-05-15T06:00:00+00:00 [running]> on host 27.2.168.192.in-addr.arpa
[2021-05-15 10:01:04,337] {taskinstance.py:1283} INFO - Exporting the following env vars:
AIRFLOW_CTX_DAG_OWNER=udacity
AIRFLOW_CTX_DAG_ID=etl
AIRFLOW_CTX_TASK_ID=loading_data_to_s3
AIRFLOW_CTX_EXECUTION_DATE=2021-05-15T06:00:00+00:00
AIRFLOW_CTX_DAG_RUN_ID=scheduled__2021-05-15T06:00:00+00:00
[2021-05-15 10:01:05,929] {logging_mixin.py:104} INFO - Fetching interval list
[2021-05-15 10:01:05,932] {logging_mixin.py:104} INFO - Inverval list built
[2021-05-15 10:01:05,933] {logging_mixin.py:104} INFO - Processing data
[2021-05-15 10:01:05,934] {logging_mixin.py:104} INFO - df initialized
[2021-05-15 10:01:05,937] {logging_mixin.py:104} INFO - (array([1621080065000, 1621081865000]), 1)
[2021-05-15 10:01:05,938] {logging_mixin.py:104} INFO - (array([1621080065000, 1621081865000]), 2)
[2021-05-15 10:01:05,939] {logging_mixin.py:104} INFO - (array([1621080065000, 1621081865000]), 3)
[2021-05-15 10:01:05,940] {logging_mixin.py:104} INFO - (array([1621078265000, 1621080065000]), 1)
[2021-05-15 10:01:05,941] {logging_mixin.py:104} INFO - (array([1621078265000, 1621080065000]), 2)
[2021-05-15 10:01:05,942] {logging_mixin.py:104} INFO - (array([1621078265000, 1621080065000]), 3)
[2021-05-15 10:01:05,943] {logging_mixin.py:104} INFO - (array([1621076465000, 1621078265000]), 1)
[2021-05-15 10:01:05,944] {logging_mixin.py:104} INFO - (array([1621076465000, 1621078265000]), 2)
[2021-05-15 10:01:05,945] {logging_mixin.py:104} INFO - (array([1621076465000, 1621078265000]), 3)
[2021-05-15 10:01:05,946] {logging_mixin.py:104} INFO - (array([1621074665000, 1621076465000]), 1)
[2021-05-15 10:01:05,947] {logging_mixin.py:104} INFO - (array([1621074665000, 1621076465000]), 2)
[2021-05-15 10:01:05,949] {logging_mixin.py:104} INFO - (array([1621074665000, 1621076465000]), 3)
[2021-05-15 10:01:05,950] {logging_mixin.py:104} INFO - (array([1621072865000, 1621074665000]), 1)
[2021-05-15 10:01:05,951] {logging_mixin.py:104} INFO - (array([1621072865000, 1621074665000]), 2)
[2021-05-15 10:01:05,952] {logging_mixin.py:104} INFO - (array([1621072865000, 1621074665000]), 3)
[2021-05-15 10:01:05,953] {logging_mixin.py:104} INFO - (array([1621071065000, 1621072865000]), 1)
[2021-05-15 10:01:05,954] {logging_mixin.py:104} INFO - (array([1621071065000, 1621072865000]), 2)
[2021-05-15 10:01:05,955] {logging_mixin.py:104} INFO - (array([1621071065000, 1621072865000]), 3)
[2021-05-15 10:01:05,956] {logging_mixin.py:104} INFO - (array([1621069265000, 1621071065000]), 1)
[2021-05-15 10:01:05,957] {logging_mixin.py:104} INFO - (array([1621069265000, 1621071065000]), 2)
[2021-05-15 10:01:05,959] {logging_mixin.py:104} INFO - (array([1621069265000, 1621071065000]), 3)
[2021-05-15 10:01:05,960] {logging_mixin.py:104} INFO - (array([1621067465000, 1621069265000]), 1)
[2021-05-15 10:01:05,961] {logging_mixin.py:104} INFO - (array([1621067465000, 1621069265000]), 2)
[2021-05-15 10:01:05,962] {logging_mixin.py:104} INFO - (array([1621067465000, 1621069265000]), 3)
[2021-05-15 10:01:05,963] {logging_mixin.py:104} INFO - (array([1621065665000, 1621067465000]), 1)
[2021-05-15 10:01:05,964] {logging_mixin.py:104} INFO - (array([1621065665000, 1621067465000]), 2)
[2021-05-15 10:01:05,965] {logging_mixin.py:104} INFO - (array([1621065665000, 1621067465000]), 3)
[2021-05-15 10:01:05,966] {logging_mixin.py:104} INFO - (array([1621063865000, 1621065665000]), 1)
[2021-05-15 10:01:05,967] {logging_mixin.py:104} INFO - (array([1621063865000, 1621065665000]), 2)
[2021-05-15 10:01:05,969] {logging_mixin.py:104} INFO - (array([1621063865000, 1621065665000]), 3)
[2021-05-15 10:01:05,970] {logging_mixin.py:104} INFO - (array([1621062065000, 1621063865000]), 1)
[2021-05-15 10:01:05,971] {logging_mixin.py:104} INFO - (array([1621062065000, 1621063865000]), 2)
[2021-05-15 10:01:05,972] {logging_mixin.py:104} INFO - (array([1621062065000, 1621063865000]), 3)
[2021-05-15 10:01:05,973] {logging_mixin.py:104} INFO - (array([1621060265000, 1621062065000]), 1)
[2021-05-15 10:01:05,974] {logging_mixin.py:104} INFO - (array([1621060265000, 1621062065000]), 2)
[2021-05-15 10:01:05,975] {logging_mixin.py:104} INFO - (array([1621060265000, 1621062065000]), 3)
[2021-05-15 10:01:05,976] {logging_mixin.py:104} INFO - (array([1621058465000, 1621060265000]), 1)
[2021-05-15 10:01:05,977] {logging_mixin.py:104} INFO - (array([1621058465000, 1621060265000]), 2)
[2021-05-15 10:01:05,978] {logging_mixin.py:104} INFO - (array([1621058465000, 1621060265000]), 3)
[2021-05-15 10:01:05,979] {logging_mixin.py:104} INFO - (array([1621056665000, 1621058465000]), 1)
[2021-05-15 10:01:05,980] {logging_mixin.py:104} INFO - (array([1621056665000, 1621058465000]), 2)
[2021-05-15 10:01:05,981] {logging_mixin.py:104} INFO - (array([1621056665000, 1621058465000]), 3)
[2021-05-15 10:01:05,982] {logging_mixin.py:104} INFO - (array([1621054865000, 1621056665000]), 1)
[2021-05-15 10:01:05,983] {logging_mixin.py:104} INFO - (array([1621054865000, 1621056665000]), 2)
[2021-05-15 10:01:05,984] {logging_mixin.py:104} INFO - (array([1621054865000, 1621056665000]), 3)
[2021-05-15 10:01:05,985] {logging_mixin.py:104} INFO - (array([1621053065000, 1621054865000]), 1)
[2021-05-15 10:01:05,986] {logging_mixin.py:104} INFO - (array([1621053065000, 1621054865000]), 2)
[2021-05-15 10:01:05,987] {logging_mixin.py:104} INFO - (array([1621053065000, 1621054865000]), 3)
[2021-05-15 10:01:05,988] {logging_mixin.py:104} INFO - (array([1621051265000, 1621053065000]), 1)
[2021-05-15 10:01:05,989] {logging_mixin.py:104} INFO - (array([1621051265000, 1621053065000]), 2)
[2021-05-15 10:01:05,990] {logging_mixin.py:104} INFO - (array([1621051265000, 1621053065000]), 3)
[2021-05-15 10:01:05,991] {logging_mixin.py:104} INFO - (array([1621049465000, 1621051265000]), 1)
[2021-05-15 10:01:05,992] {logging_mixin.py:104} INFO - (array([1621049465000, 1621051265000]), 2)
[2021-05-15 10:01:05,993] {logging_mixin.py:104} INFO - (array([1621049465000, 1621051265000]), 3)
[2021-05-15 10:01:05,994] {logging_mixin.py:104} INFO - (array([1621047665000, 1621049465000]), 1)
[2021-05-15 10:01:05,995] {logging_mixin.py:104} INFO - (array([1621047665000, 1621049465000]), 2)
[2021-05-15 10:01:05,996] {logging_mixin.py:104} INFO - (array([1621047665000, 1621049465000]), 3)
[2021-05-15 10:01:05,997] {logging_mixin.py:104} INFO - (array([1621045865000, 1621047665000]), 1)
[2021-05-15 10:01:05,998] {logging_mixin.py:104} INFO - (array([1621045865000, 1621047665000]), 2)
[2021-05-15 10:01:06,000] {logging_mixin.py:104} INFO - (array([1621045865000, 1621047665000]), 3)
[2021-05-15 10:01:06,001] {logging_mixin.py:104} INFO - (array([1621044065000, 1621045865000]), 1)
[2021-05-15 10:01:06,002] {logging_mixin.py:104} INFO - (array([1621044065000, 1621045865000]), 2)
[2021-05-15 10:01:06,003] {logging_mixin.py:104} INFO - (array([1621044065000, 1621045865000]), 3)
[2021-05-15 10:01:06,004] {logging_mixin.py:104} INFO - (array([1621042265000, 1621044065000]), 1)
[2021-05-15 10:01:06,005] {logging_mixin.py:104} INFO - (array([1621042265000, 1621044065000]), 2)
[2021-05-15 10:01:06,006] {logging_mixin.py:104} INFO - (array([1621042265000, 1621044065000]), 3)
[2021-05-15 10:01:06,007] {logging_mixin.py:104} INFO - (array([1621040465000, 1621042265000]), 1)
[2021-05-15 10:01:06,008] {logging_mixin.py:104} INFO - (array([1621040465000, 1621042265000]), 2)
[2021-05-15 10:01:06,009] {logging_mixin.py:104} INFO - (array([1621040465000, 1621042265000]), 3)
[2021-05-15 10:01:06,010] {logging_mixin.py:104} INFO - (array([1621038665000, 1621040465000]), 1)
[2021-05-15 10:01:06,011] {logging_mixin.py:104} INFO - (array([1621038665000, 1621040465000]), 2)
[2021-05-15 10:01:06,012] {logging_mixin.py:104} INFO - (array([1621038665000, 1621040465000]), 3)
[2021-05-15 10:01:06,013] {logging_mixin.py:104} INFO - (array([1621036865000, 1621038665000]), 1)
[2021-05-15 10:01:06,014] {logging_mixin.py:104} INFO - (array([1621036865000, 1621038665000]), 2)
[2021-05-15 10:01:06,015] {logging_mixin.py:104} INFO - (array([1621036865000, 1621038665000]), 3)
[2021-05-15 10:01:06,016] {logging_mixin.py:104} INFO - (array([1621035065000, 1621036865000]), 1)
[2021-05-15 10:01:06,017] {logging_mixin.py:104} INFO - (array([1621035065000, 1621036865000]), 2)
[2021-05-15 10:01:06,018] {logging_mixin.py:104} INFO - (array([1621035065000, 1621036865000]), 3)
[2021-05-15 10:01:06,019] {logging_mixin.py:104} INFO - (array([1621033265000, 1621035065000]), 1)
[2021-05-15 10:01:06,020] {logging_mixin.py:104} INFO - (array([1621033265000, 1621035065000]), 2)
[2021-05-15 10:01:06,021] {logging_mixin.py:104} INFO - (array([1621033265000, 1621035065000]), 3)
[2021-05-15 10:01:06,022] {logging_mixin.py:104} INFO - (array([1621031465000, 1621033265000]), 1)
[2021-05-15 10:01:06,023] {logging_mixin.py:104} INFO - (array([1621031465000, 1621033265000]), 2)
[2021-05-15 10:01:06,024] {logging_mixin.py:104} INFO - (array([1621031465000, 1621033265000]), 3)
[2021-05-15 10:01:06,025] {logging_mixin.py:104} INFO - (array([1621029665000, 1621031465000]), 1)
[2021-05-15 10:01:06,026] {logging_mixin.py:104} INFO - (array([1621029665000, 1621031465000]), 2)
[2021-05-15 10:01:06,027] {logging_mixin.py:104} INFO - (array([1621029665000, 1621031465000]), 3)
[2021-05-15 10:01:06,028] {logging_mixin.py:104} INFO - ThreadPoolExecutor initialized
[2021-05-15 10:01:06,030] {logging_mixin.py:104} INFO - running function for: (array([1621080065000, 1621081865000]), 1)
[2021-05-15 10:01:06,031] {logging_mixin.py:104} INFO - https://cdn.iqoption.com/api/quotes-history/quotes/3.0?to=1621081865000&from=1621080065000&active_id=1&only_round=true&_key=1614903660000
[2021-05-15 10:01:06,035] {logging_mixin.py:104} INFO - submitted
[2021-05-15 10:01:06,036] {logging_mixin.py:104} INFO - running function for: (array([1621080065000, 1621081865000]), 2)
[2021-05-15 10:01:06,037] {logging_mixin.py:104} INFO - https://cdn.iqoption.com/api/quotes-history/quotes/3.0?to=1621081865000&from=1621080065000&active_id=2&only_round=true&_key=1614903660000
[2021-05-15 10:01:06,038] {logging_mixin.py:104} INFO - submitted
[2021-05-15 10:01:06,039] {logging_mixin.py:104} INFO - running function for: (array([1621080065000, 1621081865000]), 3)
[2021-05-15 10:01:06,041] {logging_mixin.py:104} INFO - https://cdn.iqoption.com/api/quotes-history/quotes/3.0?to=1621081865000&from=1621080065000&active_id=3&only_round=true&_key=1614903660000
[2021-05-15 10:01:06,042] {logging_mixin.py:104} INFO - submitted
[2021-05-15 10:01:06,043] {logging_mixin.py:104} INFO - running function for: (array([1621078265000, 1621080065000]), 1)
[2021-05-15 10:01:06,044] {logging_mixin.py:104} INFO - https://cdn.iqoption.com/api/quotes-history/quotes/3.0?to=1621080065000&from=1621078265000&active_id=1&only_round=true&_key=1614903660000
[2021-05-15 10:01:06,048] {logging_mixin.py:104} INFO - submitted
[2021-05-15 10:01:06,049] {logging_mixin.py:104} INFO - running function for: (array([1621078265000, 1621080065000]), 2)
[2021-05-15 10:01:06,051] {logging_mixin.py:104} INFO - https://cdn.iqoption.com/api/quotes-history/quotes/3.0?to=1621080065000&from=1621078265000&active_id=2&only_round=true&_key=1614903660000
[2021-05-15 10:01:06,052] {logging_mixin.py:104} INFO - submitted
[2021-05-15 10:01:06,053] {logging_mixin.py:104} INFO - running function for: (array([1621078265000, 1621080065000]), 3)
[2021-05-15 10:01:06,054] {logging_mixin.py:104} INFO - https://cdn.iqoption.com/api/quotes-history/quotes/3.0?to=1621080065000&from=1621078265000&active_id=3&only_round=true&_key=1614903660000
[2021-05-15 10:01:06,055] {logging_mixin.py:104} INFO - submitted
[2021-05-15 10:01:06,057] {logging_mixin.py:104} INFO - running function for: (array([1621076465000, 1621078265000]), 1)
[2021-05-15 10:01:06,058] {logging_mixin.py:104} INFO - https://cdn.iqoption.com/api/quotes-history/quotes/3.0?to=1621078265000&from=1621076465000&active_id=1&only_round=true&_key=1614903660000
[2021-05-15 10:01:06,060] {logging_mixin.py:104} INFO - submitted
[2021-05-15 10:01:06,061] {logging_mixin.py:104} INFO - running function for: (array([1621076465000, 1621078265000]), 2)
[2021-05-15 10:01:06,062] {logging_mixin.py:104} INFO - https://cdn.iqoption.com/api/quotes-history/quotes/3.0?to=1621078265000&from=1621076465000&active_id=2&only_round=true&_key=1614903660000
[2021-05-15 10:01:06,063] {logging_mixin.py:104} INFO - submitted
[2021-05-15 10:01:06,064] {logging_mixin.py:104} INFO - running function for: (array([1621076465000, 1621078265000]), 3)
[2021-05-15 10:01:06,065] {logging_mixin.py:104} INFO - submitted
[2021-05-15 10:01:06,066] {logging_mixin.py:104} INFO - running function for: (array([1621074665000, 1621076465000]), 1)
[2021-05-15 10:01:06,067] {logging_mixin.py:104} INFO - submitted
[2021-05-15 10:01:06,068] {logging_mixin.py:104} INFO - running function for: (array([1621074665000, 1621076465000]), 2)
[2021-05-15 10:01:06,069] {logging_mixin.py:104} INFO - submitted
[2021-05-15 10:01:06,070] {logging_mixin.py:104} INFO - running function for: (array([1621074665000, 1621076465000]), 3)
[2021-05-15 10:01:06,071] {logging_mixin.py:104} INFO - submitted
[2021-05-15 10:01:06,073] {logging_mixin.py:104} INFO - running function for: (array([1621072865000, 1621074665000]), 1)
[2021-05-15 10:01:06,074] {logging_mixin.py:104} INFO - submitted
[2021-05-15 10:01:06,076] {logging_mixin.py:104} INFO - running function for: (array([1621072865000, 1621074665000]), 2)
[2021-05-15 10:01:06,077] {logging_mixin.py:104} INFO - submitted
[2021-05-15 10:01:06,078] {logging_mixin.py:104} INFO - running function for: (array([1621072865000, 1621074665000]), 3)
[2021-05-15 10:01:06,079] {logging_mixin.py:104} INFO - submitted
[2021-05-15 10:01:06,080] {logging_mixin.py:104} INFO - running function for: (array([1621071065000, 1621072865000]), 1)
[2021-05-15 10:01:06,080] {logging_mixin.py:104} INFO - submitted
[2021-05-15 10:01:06,082] {logging_mixin.py:104} INFO - running function for: (array([1621071065000, 1621072865000]), 2)
[2021-05-15 10:01:06,083] {logging_mixin.py:104} INFO - submitted
[2021-05-15 10:01:06,084] {logging_mixin.py:104} INFO - running function for: (array([1621071065000, 1621072865000]), 3)
[2021-05-15 10:01:06,085] {logging_mixin.py:104} INFO - submitted
[2021-05-15 10:01:06,086] {logging_mixin.py:104} INFO - running function for: (array([1621069265000, 1621071065000]), 1)
[2021-05-15 10:01:06,087] {logging_mixin.py:104} INFO - submitted
[2021-05-15 10:01:06,089] {logging_mixin.py:104} INFO - running function for: (array([1621069265000, 1621071065000]), 2)
[2021-05-15 10:01:06,090] {logging_mixin.py:104} INFO - submitted
[2021-05-15 10:01:06,091] {logging_mixin.py:104} INFO - running function for: (array([1621069265000, 1621071065000]), 3)
[2021-05-15 10:01:06,092] {logging_mixin.py:104} INFO - submitted
[2021-05-15 10:01:06,098] {logging_mixin.py:104} INFO - running function for: (array([1621067465000, 1621069265000]), 1)
[2021-05-15 10:01:06,102] {logging_mixin.py:104} INFO - submitted
[2021-05-15 10:01:06,110] {logging_mixin.py:104} INFO - running function for: (array([1621067465000, 1621069265000]), 2)
[2021-05-15 10:01:06,113] {logging_mixin.py:104} INFO - submitted
[2021-05-15 10:01:06,117] {logging_mixin.py:104} INFO - running function for: (array([1621067465000, 1621069265000]), 3)
[2021-05-15 10:01:06,120] {logging_mixin.py:104} INFO - submitted
[2021-05-15 10:01:06,122] {logging_mixin.py:104} INFO - running function for: (array([1621065665000, 1621067465000]), 1)
[2021-05-15 10:01:06,123] {logging_mixin.py:104} INFO - submitted
[2021-05-15 10:01:06,124] {logging_mixin.py:104} INFO - running function for: (array([1621065665000, 1621067465000]), 2)
[2021-05-15 10:01:06,125] {logging_mixin.py:104} INFO - submitted
[2021-05-15 10:01:06,126] {logging_mixin.py:104} INFO - running function for: (array([1621065665000, 1621067465000]), 3)
[2021-05-15 10:01:06,127] {logging_mixin.py:104} INFO - submitted
[2021-05-15 10:01:06,128] {logging_mixin.py:104} INFO - running function for: (array([1621063865000, 1621065665000]), 1)
[2021-05-15 10:01:06,129] {logging_mixin.py:104} INFO - submitted
[2021-05-15 10:01:06,130] {logging_mixin.py:104} INFO - running function for: (array([1621063865000, 1621065665000]), 2)
[2021-05-15 10:01:06,131] {logging_mixin.py:104} INFO - submitted
[2021-05-15 10:01:06,133] {logging_mixin.py:104} INFO - running function for: (array([1621063865000, 1621065665000]), 3)
[2021-05-15 10:01:06,135] {logging_mixin.py:104} INFO - submitted
[2021-05-15 10:01:06,137] {logging_mixin.py:104} INFO - running function for: (array([1621062065000, 1621063865000]), 1)
[2021-05-15 10:01:06,138] {logging_mixin.py:104} INFO - submitted
[2021-05-15 10:01:06,139] {logging_mixin.py:104} INFO - running function for: (array([1621062065000, 1621063865000]), 2)
[2021-05-15 10:01:06,140] {logging_mixin.py:104} INFO - submitted
[2021-05-15 10:01:06,141] {logging_mixin.py:104} INFO - running function for: (array([1621062065000, 1621063865000]), 3)
[2021-05-15 10:01:06,142] {logging_mixin.py:104} INFO - submitted
[2021-05-15 10:01:06,143] {logging_mixin.py:104} INFO - running function for: (array([1621060265000, 1621062065000]), 1)
[2021-05-15 10:01:06,144] {logging_mixin.py:104} INFO - submitted
[2021-05-15 10:01:06,145] {logging_mixin.py:104} INFO - running function for: (array([1621060265000, 1621062065000]), 2)
[2021-05-15 10:01:06,146] {logging_mixin.py:104} INFO - submitted
[2021-05-15 10:01:06,147] {logging_mixin.py:104} INFO - running function for: (array([1621060265000, 1621062065000]), 3)
[2021-05-15 10:01:06,147] {logging_mixin.py:104} INFO - submitted
[2021-05-15 10:01:06,149] {logging_mixin.py:104} INFO - running function for: (array([1621058465000, 1621060265000]), 1)
[2021-05-15 10:01:06,150] {logging_mixin.py:104} INFO - submitted
[2021-05-15 10:01:06,152] {logging_mixin.py:104} INFO - running function for: (array([1621058465000, 1621060265000]), 2)
[2021-05-15 10:01:06,153] {logging_mixin.py:104} INFO - submitted
[2021-05-15 10:01:06,155] {logging_mixin.py:104} INFO - running function for: (array([1621058465000, 1621060265000]), 3)
[2021-05-15 10:01:06,156] {logging_mixin.py:104} INFO - submitted
[2021-05-15 10:01:06,158] {logging_mixin.py:104} INFO - running function for: (array([1621056665000, 1621058465000]), 1)
[2021-05-15 10:01:06,158] {logging_mixin.py:104} INFO - submitted
[2021-05-15 10:01:06,161] {logging_mixin.py:104} INFO - running function for: (array([1621056665000, 1621058465000]), 2)
[2021-05-15 10:01:06,161] {logging_mixin.py:104} INFO - submitted
[2021-05-15 10:01:06,163] {logging_mixin.py:104} INFO - running function for: (array([1621056665000, 1621058465000]), 3)
[2021-05-15 10:01:06,163] {logging_mixin.py:104} INFO - submitted
[2021-05-15 10:01:06,165] {logging_mixin.py:104} INFO - running function for: (array([1621054865000, 1621056665000]), 1)
[2021-05-15 10:01:06,165] {logging_mixin.py:104} INFO - submitted
[2021-05-15 10:01:06,166] {logging_mixin.py:104} INFO - running function for: (array([1621054865000, 1621056665000]), 2)
[2021-05-15 10:01:06,167] {logging_mixin.py:104} INFO - submitted
[2021-05-15 10:01:06,168] {logging_mixin.py:104} INFO - running function for: (array([1621054865000, 1621056665000]), 3)
[2021-05-15 10:01:06,169] {logging_mixin.py:104} INFO - submitted
[2021-05-15 10:01:06,170] {logging_mixin.py:104} INFO - running function for: (array([1621053065000, 1621054865000]), 1)
[2021-05-15 10:01:06,171] {logging_mixin.py:104} INFO - submitted
[2021-05-15 10:01:06,172] {logging_mixin.py:104} INFO - running function for: (array([1621053065000, 1621054865000]), 2)
[2021-05-15 10:01:06,173] {logging_mixin.py:104} INFO - submitted
[2021-05-15 10:01:06,174] {logging_mixin.py:104} INFO - running function for: (array([1621053065000, 1621054865000]), 3)
[2021-05-15 10:01:06,175] {logging_mixin.py:104} INFO - submitted
[2021-05-15 10:01:06,176] {logging_mixin.py:104} INFO - running function for: (array([1621051265000, 1621053065000]), 1)
[2021-05-15 10:01:06,177] {logging_mixin.py:104} INFO - submitted
[2021-05-15 10:01:06,178] {logging_mixin.py:104} INFO - running function for: (array([1621051265000, 1621053065000]), 2)
[2021-05-15 10:01:06,179] {logging_mixin.py:104} INFO - submitted
[2021-05-15 10:01:06,180] {logging_mixin.py:104} INFO - running function for: (array([1621051265000, 1621053065000]), 3)
[2021-05-15 10:01:06,180] {logging_mixin.py:104} INFO - submitted
[2021-05-15 10:01:06,181] {logging_mixin.py:104} INFO - running function for: (array([1621049465000, 1621051265000]), 1)
[2021-05-15 10:01:06,182] {logging_mixin.py:104} INFO - submitted
[2021-05-15 10:01:06,184] {logging_mixin.py:104} INFO - running function for: (array([1621049465000, 1621051265000]), 2)
[2021-05-15 10:01:06,185] {logging_mixin.py:104} INFO - submitted
[2021-05-15 10:01:06,187] {logging_mixin.py:104} INFO - running function for: (array([1621049465000, 1621051265000]), 3)
[2021-05-15 10:01:06,187] {logging_mixin.py:104} INFO - submitted
[2021-05-15 10:01:06,188] {logging_mixin.py:104} INFO - running function for: (array([1621047665000, 1621049465000]), 1)
[2021-05-15 10:01:06,189] {logging_mixin.py:104} INFO - submitted
[2021-05-15 10:01:06,190] {logging_mixin.py:104} INFO - running function for: (array([1621047665000, 1621049465000]), 2)
[2021-05-15 10:01:06,191] {logging_mixin.py:104} INFO - submitted
[2021-05-15 10:01:06,192] {logging_mixin.py:104} INFO - running function for: (array([1621047665000, 1621049465000]), 3)
[2021-05-15 10:01:06,193] {logging_mixin.py:104} INFO - submitted
[2021-05-15 10:01:06,194] {logging_mixin.py:104} INFO - running function for: (array([1621045865000, 1621047665000]), 1)
[2021-05-15 10:01:06,195] {logging_mixin.py:104} INFO - submitted
[2021-05-15 10:01:06,196] {logging_mixin.py:104} INFO - running function for: (array([1621045865000, 1621047665000]), 2)
[2021-05-15 10:01:06,197] {logging_mixin.py:104} INFO - submitted
[2021-05-15 10:01:06,198] {logging_mixin.py:104} INFO - running function for: (array([1621045865000, 1621047665000]), 3)
[2021-05-15 10:01:06,199] {logging_mixin.py:104} INFO - submitted
[2021-05-15 10:01:06,200] {logging_mixin.py:104} INFO - running function for: (array([1621044065000, 1621045865000]), 1)
[2021-05-15 10:01:06,200] {logging_mixin.py:104} INFO - submitted
[2021-05-15 10:01:06,201] {logging_mixin.py:104} INFO - running function for: (array([1621044065000, 1621045865000]), 2)
[2021-05-15 10:01:06,202] {logging_mixin.py:104} INFO - submitted
[2021-05-15 10:01:06,203] {logging_mixin.py:104} INFO - running function for: (array([1621044065000, 1621045865000]), 3)
[2021-05-15 10:01:06,204] {logging_mixin.py:104} INFO - submitted
[2021-05-15 10:01:06,205] {logging_mixin.py:104} INFO - running function for: (array([1621042265000, 1621044065000]), 1)
[2021-05-15 10:01:06,206] {logging_mixin.py:104} INFO - submitted
[2021-05-15 10:01:06,207] {logging_mixin.py:104} INFO - running function for: (array([1621042265000, 1621044065000]), 2)
[2021-05-15 10:01:06,209] {logging_mixin.py:104} INFO - submitted
[2021-05-15 10:01:06,210] {logging_mixin.py:104} INFO - running function for: (array([1621042265000, 1621044065000]), 3)
[2021-05-15 10:01:06,211] {logging_mixin.py:104} INFO - submitted
[2021-05-15 10:01:06,212] {logging_mixin.py:104} INFO - running function for: (array([1621040465000, 1621042265000]), 1)
[2021-05-15 10:01:06,213] {logging_mixin.py:104} INFO - submitted
[2021-05-15 10:01:06,214] {logging_mixin.py:104} INFO - running function for: (array([1621040465000, 1621042265000]), 2)
[2021-05-15 10:01:06,215] {logging_mixin.py:104} INFO - submitted
[2021-05-15 10:01:06,216] {logging_mixin.py:104} INFO - running function for: (array([1621040465000, 1621042265000]), 3)
[2021-05-15 10:01:06,217] {logging_mixin.py:104} INFO - submitted
[2021-05-15 10:01:06,218] {logging_mixin.py:104} INFO - running function for: (array([1621038665000, 1621040465000]), 1)
[2021-05-15 10:01:06,219] {logging_mixin.py:104} INFO - submitted
[2021-05-15 10:01:06,220] {logging_mixin.py:104} INFO - running function for: (array([1621038665000, 1621040465000]), 2)
[2021-05-15 10:01:06,221] {logging_mixin.py:104} INFO - submitted
[2021-05-15 10:01:06,222] {logging_mixin.py:104} INFO - running function for: (array([1621038665000, 1621040465000]), 3)
[2021-05-15 10:01:06,223] {logging_mixin.py:104} INFO - submitted
[2021-05-15 10:01:06,225] {logging_mixin.py:104} INFO - running function for: (array([1621036865000, 1621038665000]), 1)
[2021-05-15 10:01:06,226] {logging_mixin.py:104} INFO - submitted
[2021-05-15 10:01:06,228] {logging_mixin.py:104} INFO - running function for: (array([1621036865000, 1621038665000]), 2)
[2021-05-15 10:01:06,229] {logging_mixin.py:104} INFO - submitted
[2021-05-15 10:01:06,230] {logging_mixin.py:104} INFO - running function for: (array([1621036865000, 1621038665000]), 3)
[2021-05-15 10:01:06,232] {logging_mixin.py:104} INFO - submitted
[2021-05-15 10:01:06,233] {logging_mixin.py:104} INFO - running function for: (array([1621035065000, 1621036865000]), 1)
[2021-05-15 10:01:06,234] {logging_mixin.py:104} INFO - submitted
[2021-05-15 10:01:06,236] {logging_mixin.py:104} INFO - running function for: (array([1621035065000, 1621036865000]), 2)
[2021-05-15 10:01:06,236] {logging_mixin.py:104} INFO - submitted
[2021-05-15 10:01:06,238] {logging_mixin.py:104} INFO - running function for: (array([1621035065000, 1621036865000]), 3)
[2021-05-15 10:01:06,238] {logging_mixin.py:104} INFO - submitted
[2021-05-15 10:01:06,239] {logging_mixin.py:104} INFO - running function for: (array([1621033265000, 1621035065000]), 1)
[2021-05-15 10:01:06,241] {logging_mixin.py:104} INFO - submitted
[2021-05-15 10:01:06,242] {logging_mixin.py:104} INFO - running function for: (array([1621033265000, 1621035065000]), 2)
[2021-05-15 10:01:06,243] {logging_mixin.py:104} INFO - submitted
[2021-05-15 10:01:06,244] {logging_mixin.py:104} INFO - running function for: (array([1621033265000, 1621035065000]), 3)
[2021-05-15 10:01:06,245] {logging_mixin.py:104} INFO - submitted
[2021-05-15 10:01:06,246] {logging_mixin.py:104} INFO - running function for: (array([1621031465000, 1621033265000]), 1)
[2021-05-15 10:01:06,247] {logging_mixin.py:104} INFO - submitted
[2021-05-15 10:01:06,249] {logging_mixin.py:104} INFO - running function for: (array([1621031465000, 1621033265000]), 2)
[2021-05-15 10:01:06,249] {logging_mixin.py:104} INFO - submitted
[2021-05-15 10:01:06,251] {logging_mixin.py:104} INFO - running function for: (array([1621031465000, 1621033265000]), 3)
[2021-05-15 10:01:06,251] {logging_mixin.py:104} INFO - submitted
[2021-05-15 10:01:06,252] {logging_mixin.py:104} INFO - running function for: (array([1621029665000, 1621031465000]), 1)
[2021-05-15 10:01:06,253] {logging_mixin.py:104} INFO - submitted
[2021-05-15 10:01:06,254] {logging_mixin.py:104} INFO - running function for: (array([1621029665000, 1621031465000]), 2)
[2021-05-15 10:01:06,255] {logging_mixin.py:104} INFO - submitted
[2021-05-15 10:01:06,256] {logging_mixin.py:104} INFO - running function for: (array([1621029665000, 1621031465000]), 3)
[2021-05-15 10:01:06,257] {logging_mixin.py:104} INFO - submitted
[2021-05-15 10:01:10,249] {logging_mixin.py:104} INFO - https://cdn.iqoption.com/api/quotes-history/quotes/3.0?to=1621078265000&from=1621076465000&active_id=3&only_round=true&_key=1614903660000
[2021-05-15 10:01:10,312] {logging_mixin.py:104} INFO - https://cdn.iqoption.com/api/quotes-history/quotes/3.0?to=1621076465000&from=1621074665000&active_id=1&only_round=true&_key=1614903660000
[2021-05-15 10:01:10,515] {logging_mixin.py:104} INFO - https://cdn.iqoption.com/api/quotes-history/quotes/3.0?to=1621076465000&from=1621074665000&active_id=2&only_round=true&_key=1614903660000
[2021-05-15 10:01:10,543] {logging_mixin.py:104} INFO - https://cdn.iqoption.com/api/quotes-history/quotes/3.0?to=1621076465000&from=1621074665000&active_id=3&only_round=true&_key=1614903660000
[2021-05-15 10:01:10,636] {logging_mixin.py:104} INFO - https://cdn.iqoption.com/api/quotes-history/quotes/3.0?to=1621074665000&from=1621072865000&active_id=1&only_round=true&_key=1614903660000
[2021-05-15 10:01:10,638] {logging_mixin.py:104} INFO - https://cdn.iqoption.com/api/quotes-history/quotes/3.0?to=1621074665000&from=1621072865000&active_id=1&only_round=true&_key=1614903660000
https://cdn.iqoption.com/api/quotes-history/quotes/3.0?to=1621074665000&from=1621072865000&active_id=2&only_round=true&_key=1614903660000
[2021-05-15 10:01:10,640] {logging_mixin.py:104} INFO - https://cdn.iqoption.com/api/quotes-history/quotes/3.0?to=1621074665000&from=1621072865000&active_id=3&only_round=true&_key=1614903660000
[2021-05-15 10:01:10,678] {logging_mixin.py:104} INFO - https://cdn.iqoption.com/api/quotes-history/quotes/3.0?to=1621072865000&from=1621071065000&active_id=1&only_round=true&_key=1614903660000
[2021-05-15 10:01:12,305] {logging_mixin.py:104} INFO - https://cdn.iqoption.com/api/quotes-history/quotes/3.0?to=1621072865000&from=1621071065000&active_id=2&only_round=true&_key=1614903660000
[2021-05-15 10:01:12,501] {logging_mixin.py:104} INFO - https://cdn.iqoption.com/api/quotes-history/quotes/3.0?to=1621072865000&from=1621071065000&active_id=3&only_round=true&_key=1614903660000
[2021-05-15 10:01:12,678] {logging_mixin.py:104} INFO - https://cdn.iqoption.com/api/quotes-history/quotes/3.0?to=1621071065000&from=1621069265000&active_id=1&only_round=true&_key=1614903660000
[2021-05-15 10:01:12,761] {logging_mixin.py:104} INFO - https://cdn.iqoption.com/api/quotes-history/quotes/3.0?to=1621071065000&from=1621069265000&active_id=2&only_round=true&_key=1614903660000
[2021-05-15 10:01:12,793] {logging_mixin.py:104} INFO - https://cdn.iqoption.com/api/quotes-history/quotes/3.0?to=1621071065000&from=1621069265000&active_id=3&only_round=true&_key=1614903660000
[2021-05-15 10:01:12,815] {logging_mixin.py:104} INFO - https://cdn.iqoption.com/api/quotes-history/quotes/3.0?to=1621069265000&from=1621067465000&active_id=1&only_round=true&_key=1614903660000
[2021-05-15 10:01:12,838] {logging_mixin.py:104} INFO - https://cdn.iqoption.com/api/quotes-history/quotes/3.0?to=1621069265000&from=1621067465000&active_id=2&only_round=true&_key=1614903660000
[2021-05-15 10:01:12,874] {logging_mixin.py:104} INFO - https://cdn.iqoption.com/api/quotes-history/quotes/3.0?to=1621069265000&from=1621067465000&active_id=3&only_round=true&_key=1614903660000
[2021-05-15 10:01:13,996] {logging_mixin.py:104} INFO - https://cdn.iqoption.com/api/quotes-history/quotes/3.0?to=1621067465000&from=1621065665000&active_id=1&only_round=true&_key=1614903660000
[2021-05-15 10:01:14,161] {logging_mixin.py:104} INFO - https://cdn.iqoption.com/api/quotes-history/quotes/3.0?to=1621067465000&from=1621065665000&active_id=2&only_round=true&_key=1614903660000
[2021-05-15 10:01:14,495] {logging_mixin.py:104} INFO - https://cdn.iqoption.com/api/quotes-history/quotes/3.0?to=1621067465000&from=1621065665000&active_id=3&only_round=true&_key=1614903660000
[2021-05-15 10:01:14,609] {logging_mixin.py:104} INFO - https://cdn.iqoption.com/api/quotes-history/quotes/3.0?to=1621065665000&from=1621063865000&active_id=1&only_round=true&_key=1614903660000
[2021-05-15 10:01:14,634] {logging_mixin.py:104} INFO - https://cdn.iqoption.com/api/quotes-history/quotes/3.0?to=1621065665000&from=1621063865000&active_id=2&only_round=true&_key=1614903660000
[2021-05-15 10:01:14,640] {logging_mixin.py:104} INFO - https://cdn.iqoption.com/api/quotes-history/quotes/3.0?to=1621065665000&from=1621063865000&active_id=3&only_round=true&_key=1614903660000
[2021-05-15 10:01:14,658] {logging_mixin.py:104} INFO - https://cdn.iqoption.com/api/quotes-history/quotes/3.0?to=1621063865000&from=1621062065000&active_id=1&only_round=true&_key=1614903660000
[2021-05-15 10:01:14,667] {logging_mixin.py:104} INFO - https://cdn.iqoption.com/api/quotes-history/quotes/3.0?to=1621063865000&from=1621062065000&active_id=2&only_round=true&_key=1614903660000
[2021-05-15 10:01:15,503] {logging_mixin.py:104} INFO - https://cdn.iqoption.com/api/quotes-history/quotes/3.0?to=1621063865000&from=1621062065000&active_id=3&only_round=true&_key=1614903660000
[2021-05-15 10:01:15,893] {logging_mixin.py:104} INFO - https://cdn.iqoption.com/api/quotes-history/quotes/3.0?to=1621062065000&from=1621060265000&active_id=1&only_round=true&_key=1614903660000
[2021-05-15 10:01:16,155] {logging_mixin.py:104} INFO - https://cdn.iqoption.com/api/quotes-history/quotes/3.0?to=1621062065000&from=1621060265000&active_id=2&only_round=true&_key=1614903660000
[2021-05-15 10:01:16,226] {logging_mixin.py:104} INFO - https://cdn.iqoption.com/api/quotes-history/quotes/3.0?to=1621062065000&from=1621060265000&active_id=3&only_round=true&_key=1614903660000
[2021-05-15 10:01:16,233] {logging_mixin.py:104} INFO - https://cdn.iqoption.com/api/quotes-history/quotes/3.0?to=1621060265000&from=1621058465000&active_id=1&only_round=true&_key=1614903660000
[2021-05-15 10:01:16,238] {logging_mixin.py:104} INFO - https://cdn.iqoption.com/api/quotes-history/quotes/3.0?to=1621060265000&from=1621058465000&active_id=2&only_round=true&_key=1614903660000
[2021-05-15 10:01:16,263] {logging_mixin.py:104} INFO - https://cdn.iqoption.com/api/quotes-history/quotes/3.0?to=1621060265000&from=1621058465000&active_id=3&only_round=true&_key=1614903660000
[2021-05-15 10:01:16,299] {logging_mixin.py:104} INFO - https://cdn.iqoption.com/api/quotes-history/quotes/3.0?to=1621058465000&from=1621056665000&active_id=1&only_round=true&_key=1614903660000
[2021-05-15 10:01:17,070] {logging_mixin.py:104} INFO - https://cdn.iqoption.com/api/quotes-history/quotes/3.0?to=1621058465000&from=1621056665000&active_id=2&only_round=true&_key=1614903660000
[2021-05-15 10:01:17,230] {logging_mixin.py:104} INFO - https://cdn.iqoption.com/api/quotes-history/quotes/3.0?to=1621058465000&from=1621056665000&active_id=3&only_round=true&_key=1614903660000
[2021-05-15 10:01:17,560] {logging_mixin.py:104} INFO - https://cdn.iqoption.com/api/quotes-history/quotes/3.0?to=1621056665000&from=1621054865000&active_id=1&only_round=true&_key=1614903660000
[2021-05-15 10:01:17,584] {logging_mixin.py:104} INFO - https://cdn.iqoption.com/api/quotes-history/quotes/3.0?to=1621056665000&from=1621054865000&active_id=2&only_round=true&_key=1614903660000
[2021-05-15 10:01:17,660] {logging_mixin.py:104} INFO - https://cdn.iqoption.com/api/quotes-history/quotes/3.0?to=1621056665000&from=1621054865000&active_id=3&only_round=true&_key=1614903660000
[2021-05-15 10:01:17,753] {logging_mixin.py:104} INFO - https://cdn.iqoption.com/api/quotes-history/quotes/3.0?to=1621054865000&from=1621053065000&active_id=1&only_round=true&_key=1614903660000
[2021-05-15 10:01:17,768] {logging_mixin.py:104} INFO - https://cdn.iqoption.com/api/quotes-history/quotes/3.0?to=1621054865000&from=1621053065000&active_id=2&only_round=true&_key=1614903660000
[2021-05-15 10:01:17,816] {logging_mixin.py:104} INFO - https://cdn.iqoption.com/api/quotes-history/quotes/3.0?to=1621054865000&from=1621053065000&active_id=3&only_round=true&_key=1614903660000
[2021-05-15 10:01:18,557] {logging_mixin.py:104} INFO - https://cdn.iqoption.com/api/quotes-history/quotes/3.0?to=1621053065000&from=1621051265000&active_id=1&only_round=true&_key=1614903660000
[2021-05-15 10:01:18,641] {logging_mixin.py:104} INFO - https://cdn.iqoption.com/api/quotes-history/quotes/3.0?to=1621053065000&from=1621051265000&active_id=2&only_round=true&_key=1614903660000
[2021-05-15 10:01:19,120] {logging_mixin.py:104} INFO - https://cdn.iqoption.com/api/quotes-history/quotes/3.0?to=1621053065000&from=1621051265000&active_id=3&only_round=true&_key=1614903660000
[2021-05-15 10:01:19,121] {logging_mixin.py:104} INFO - https://cdn.iqoption.com/api/quotes-history/quotes/3.0?to=1621051265000&from=1621049465000&active_id=1&only_round=true&_key=1614903660000
[2021-05-15 10:01:19,138] {logging_mixin.py:104} INFO - https://cdn.iqoption.com/api/quotes-history/quotes/3.0?to=1621051265000&from=1621049465000&active_id=2&only_round=true&_key=1614903660000
[2021-05-15 10:01:19,248] {logging_mixin.py:104} INFO - https://cdn.iqoption.com/api/quotes-history/quotes/3.0?to=1621051265000&from=1621049465000&active_id=3&only_round=true&_key=1614903660000
[2021-05-15 10:01:19,266] {logging_mixin.py:104} INFO - https://cdn.iqoption.com/api/quotes-history/quotes/3.0?to=1621049465000&from=1621047665000&active_id=1&only_round=true&_key=1614903660000
[2021-05-15 10:01:19,302] {logging_mixin.py:104} INFO - https://cdn.iqoption.com/api/quotes-history/quotes/3.0?to=1621049465000&from=1621047665000&active_id=2&only_round=true&_key=1614903660000
[2021-05-15 10:01:19,920] {logging_mixin.py:104} INFO - https://cdn.iqoption.com/api/quotes-history/quotes/3.0?to=1621049465000&from=1621047665000&active_id=3&only_round=true&_key=1614903660000
[2021-05-15 10:01:20,115] {logging_mixin.py:104} INFO - https://cdn.iqoption.com/api/quotes-history/quotes/3.0?to=1621047665000&from=1621045865000&active_id=1&only_round=true&_key=1614903660000
[2021-05-15 10:01:20,477] {logging_mixin.py:104} INFO - https://cdn.iqoption.com/api/quotes-history/quotes/3.0?to=1621047665000&from=1621045865000&active_id=2&only_round=true&_key=1614903660000
[2021-05-15 10:01:20,500] {logging_mixin.py:104} INFO - https://cdn.iqoption.com/api/quotes-history/quotes/3.0?to=1621047665000&from=1621045865000&active_id=3&only_round=true&_key=1614903660000
[2021-05-15 10:01:20,507] {logging_mixin.py:104} INFO - https://cdn.iqoption.com/api/quotes-history/quotes/3.0?to=1621045865000&from=1621044065000&active_id=1&only_round=true&_key=1614903660000
[2021-05-15 10:01:20,876] {logging_mixin.py:104} INFO - https://cdn.iqoption.com/api/quotes-history/quotes/3.0?to=1621045865000&from=1621044065000&active_id=2&only_round=true&_key=1614903660000
[2021-05-15 10:01:20,948] {logging_mixin.py:104} INFO - https://cdn.iqoption.com/api/quotes-history/quotes/3.0?to=1621045865000&from=1621044065000&active_id=3&only_round=true&_key=1614903660000
[2021-05-15 10:01:20,959] {logging_mixin.py:104} INFO - https://cdn.iqoption.com/api/quotes-history/quotes/3.0?to=1621044065000&from=1621042265000&active_id=1&only_round=true&_key=1614903660000
[2021-05-15 10:01:21,501] {logging_mixin.py:104} INFO - https://cdn.iqoption.com/api/quotes-history/quotes/3.0?to=1621044065000&from=1621042265000&active_id=2&only_round=true&_key=1614903660000
[2021-05-15 10:01:21,743] {logging_mixin.py:104} INFO - https://cdn.iqoption.com/api/quotes-history/quotes/3.0?to=1621044065000&from=1621042265000&active_id=3&only_round=true&_key=1614903660000
[2021-05-15 10:01:22,152] {logging_mixin.py:104} INFO - https://cdn.iqoption.com/api/quotes-history/quotes/3.0?to=1621042265000&from=1621040465000&active_id=1&only_round=true&_key=1614903660000
[2021-05-15 10:01:22,166] {logging_mixin.py:104} INFO - https://cdn.iqoption.com/api/quotes-history/quotes/3.0?to=1621042265000&from=1621040465000&active_id=2&only_round=true&_key=1614903660000
[2021-05-15 10:01:22,186] {logging_mixin.py:104} INFO - https://cdn.iqoption.com/api/quotes-history/quotes/3.0?to=1621042265000&from=1621040465000&active_id=3&only_round=true&_key=1614903660000
[2021-05-15 10:01:22,197] {logging_mixin.py:104} INFO - https://cdn.iqoption.com/api/quotes-history/quotes/3.0?to=1621040465000&from=1621038665000&active_id=1&only_round=true&_key=1614903660000
[2021-05-15 10:01:22,331] {logging_mixin.py:104} INFO - https://cdn.iqoption.com/api/quotes-history/quotes/3.0?to=1621040465000&from=1621038665000&active_id=2&only_round=true&_key=1614903660000
[2021-05-15 10:01:22,355] {logging_mixin.py:104} INFO - https://cdn.iqoption.com/api/quotes-history/quotes/3.0?to=1621040465000&from=1621038665000&active_id=3&only_round=true&_key=1614903660000
[2021-05-15 10:01:22,911] {logging_mixin.py:104} INFO - https://cdn.iqoption.com/api/quotes-history/quotes/3.0?to=1621038665000&from=1621036865000&active_id=1&only_round=true&_key=1614903660000
[2021-05-15 10:01:23,062] {logging_mixin.py:104} INFO - https://cdn.iqoption.com/api/quotes-history/quotes/3.0?to=1621038665000&from=1621036865000&active_id=2&only_round=true&_key=1614903660000
[2021-05-15 10:01:23,594] {logging_mixin.py:104} INFO - https://cdn.iqoption.com/api/quotes-history/quotes/3.0?to=1621038665000&from=1621036865000&active_id=3&only_round=true&_key=1614903660000
[2021-05-15 10:01:23,603] {logging_mixin.py:104} INFO - https://cdn.iqoption.com/api/quotes-history/quotes/3.0?to=1621036865000&from=1621035065000&active_id=1&only_round=true&_key=1614903660000
[2021-05-15 10:01:23,608] {logging_mixin.py:104} INFO - https://cdn.iqoption.com/api/quotes-history/quotes/3.0?to=1621036865000&from=1621035065000&active_id=2&only_round=true&_key=1614903660000
[2021-05-15 10:01:23,613] {logging_mixin.py:104} INFO - https://cdn.iqoption.com/api/quotes-history/quotes/3.0?to=1621036865000&from=1621035065000&active_id=3&only_round=true&_key=1614903660000
[2021-05-15 10:01:23,711] {logging_mixin.py:104} INFO - https://cdn.iqoption.com/api/quotes-history/quotes/3.0?to=1621035065000&from=1621033265000&active_id=1&only_round=true&_key=1614903660000
[2021-05-15 10:01:23,778] {logging_mixin.py:104} INFO - https://cdn.iqoption.com/api/quotes-history/quotes/3.0?to=1621035065000&from=1621033265000&active_id=2&only_round=true&_key=1614903660000
[2021-05-15 10:01:24,312] {logging_mixin.py:104} INFO - https://cdn.iqoption.com/api/quotes-history/quotes/3.0?to=1621035065000&from=1621033265000&active_id=3&only_round=true&_key=1614903660000
[2021-05-15 10:01:24,392] {logging_mixin.py:104} INFO - https://cdn.iqoption.com/api/quotes-history/quotes/3.0?to=1621033265000&from=1621031465000&active_id=1&only_round=true&_key=1614903660000
[2021-05-15 10:01:25,027] {logging_mixin.py:104} INFO - https://cdn.iqoption.com/api/quotes-history/quotes/3.0?to=1621033265000&from=1621031465000&active_id=2&only_round=true&_key=1614903660000
[2021-05-15 10:01:25,027] {logging_mixin.py:104} INFO - https://cdn.iqoption.com/api/quotes-history/quotes/3.0?to=1621033265000&from=1621031465000&active_id=3&only_round=true&_key=1614903660000
[2021-05-15 10:01:25,033] {logging_mixin.py:104} INFO - https://cdn.iqoption.com/api/quotes-history/quotes/3.0?to=1621031465000&from=1621029665000&active_id=1&only_round=true&_key=1614903660000
[2021-05-15 10:01:25,035] {logging_mixin.py:104} INFO - https://cdn.iqoption.com/api/quotes-history/quotes/3.0?to=1621031465000&from=1621029665000&active_id=2&only_round=true&_key=1614903660000
[2021-05-15 10:01:25,050] {logging_mixin.py:104} INFO - https://cdn.iqoption.com/api/quotes-history/quotes/3.0?to=1621031465000&from=1621029665000&active_id=3&only_round=true&_key=1614903660000
[2021-05-15 10:01:26,945] {python.py:118} INFO - Done. Returned value was: None
[2021-05-15 10:01:26,948] {taskinstance.py:1192} INFO - Marking task as SUCCESS. dag_id=etl, task_id=loading_data_to_s3, execution_date=20210515T060000, start_date=20210515T130104, end_date=20210515T130126
[2021-05-15 10:01:26,987] {taskinstance.py:1246} INFO - 1 downstream tasks scheduled from follow-on schedule check
[2021-05-15 10:01:27,007] {local_task_job.py:146} INFO - Task exited with return code 0
