[2021-05-14 11:34:33,653] {taskinstance.py:877} INFO - Dependencies all met for <TaskInstance: etl.loading_data_to_s3 2021-05-14T14:34:20.383202+00:00 [queued]>
[2021-05-14 11:34:33,657] {taskinstance.py:877} INFO - Dependencies all met for <TaskInstance: etl.loading_data_to_s3 2021-05-14T14:34:20.383202+00:00 [queued]>
[2021-05-14 11:34:33,658] {taskinstance.py:1068} INFO - 
--------------------------------------------------------------------------------
[2021-05-14 11:34:33,658] {taskinstance.py:1069} INFO - Starting attempt 1 of 1
[2021-05-14 11:34:33,658] {taskinstance.py:1070} INFO - 
--------------------------------------------------------------------------------
[2021-05-14 11:34:33,663] {taskinstance.py:1089} INFO - Executing <Task(PythonOperator): loading_data_to_s3> on 2021-05-14T14:34:20.383202+00:00
[2021-05-14 11:34:33,666] {standard_task_runner.py:52} INFO - Started process 20073 to run task
[2021-05-14 11:34:33,673] {standard_task_runner.py:76} INFO - Running: ['airflow', 'tasks', 'run', 'etl', 'loading_data_to_s3', '2021-05-14T14:34:20.383202+00:00', '--job-id', '407', '--pool', 'default_pool', '--raw', '--subdir', 'DAGS_FOLDER/etl_dag.py', '--cfg-path', '/var/folders/_f/vg3x3jmj23bcz6s88l7v6fb40000gn/T/tmpdxoanbp6', '--error-file', '/var/folders/_f/vg3x3jmj23bcz6s88l7v6fb40000gn/T/tmpw7lqk1jz']
[2021-05-14 11:34:33,675] {standard_task_runner.py:77} INFO - Job 407: Subtask loading_data_to_s3
[2021-05-14 11:34:33,705] {logging_mixin.py:104} INFO - Running <TaskInstance: etl.loading_data_to_s3 2021-05-14T14:34:20.383202+00:00 [running]> on host 27.2.168.192.in-addr.arpa
[2021-05-14 11:34:33,729] {taskinstance.py:1283} INFO - Exporting the following env vars:
AIRFLOW_CTX_DAG_OWNER=udacity
AIRFLOW_CTX_DAG_ID=etl
AIRFLOW_CTX_TASK_ID=loading_data_to_s3
AIRFLOW_CTX_EXECUTION_DATE=2021-05-14T14:34:20.383202+00:00
AIRFLOW_CTX_DAG_RUN_ID=manual__2021-05-14T14:34:20.383202+00:00
[2021-05-14 11:34:35,013] {logging_mixin.py:104} INFO - Fetching interval list
[2021-05-14 11:34:35,015] {logging_mixin.py:104} INFO - Inverval list built
[2021-05-14 11:34:35,015] {logging_mixin.py:104} INFO - Processing data
[2021-05-14 11:34:35,016] {logging_mixin.py:104} INFO - df initialized
[2021-05-14 11:34:35,016] {logging_mixin.py:104} INFO - ThreadPoolExecutor initialized
[2021-05-14 11:34:35,018] {logging_mixin.py:104} INFO - running function for: (array([1620999275000, 1621001075000]), 1)
[2021-05-14 11:34:35,019] {logging_mixin.py:104} INFO - https://cdn.iqoption.com/api/quotes-history/quotes/3.0?to=1621001075000&from=1620999275000&active_id=1&only_round=true&_key=1614903660000
[2021-05-14 11:34:35,020] {logging_mixin.py:104} INFO - submitted
[2021-05-14 11:34:35,021] {logging_mixin.py:104} INFO - running function for: (array([1620999275000, 1621001075000]), 2)
[2021-05-14 11:34:35,021] {logging_mixin.py:104} INFO - https://cdn.iqoption.com/api/quotes-history/quotes/3.0?to=1621001075000&from=1620999275000&active_id=2&only_round=true&_key=1614903660000
[2021-05-14 11:34:35,022] {logging_mixin.py:104} INFO - submitted
[2021-05-14 11:34:35,022] {logging_mixin.py:104} INFO - running function for: (array([1620999275000, 1621001075000]), 3)
[2021-05-14 11:34:35,023] {logging_mixin.py:104} INFO - https://cdn.iqoption.com/api/quotes-history/quotes/3.0?to=1621001075000&from=1620999275000&active_id=3&only_round=true&_key=1614903660000
[2021-05-14 11:34:35,025] {logging_mixin.py:104} INFO - submitted
[2021-05-14 11:34:35,025] {logging_mixin.py:104} INFO - running function for: (array([1620997475000, 1620999275000]), 1)
[2021-05-14 11:34:35,025] {logging_mixin.py:104} INFO - https://cdn.iqoption.com/api/quotes-history/quotes/3.0?to=1620999275000&from=1620997475000&active_id=1&only_round=true&_key=1614903660000
[2021-05-14 11:34:35,026] {logging_mixin.py:104} INFO - submitted
[2021-05-14 11:34:35,026] {logging_mixin.py:104} INFO - running function for: (array([1620997475000, 1620999275000]), 2)
[2021-05-14 11:34:35,027] {logging_mixin.py:104} INFO - https://cdn.iqoption.com/api/quotes-history/quotes/3.0?to=1620999275000&from=1620997475000&active_id=2&only_round=true&_key=1614903660000
[2021-05-14 11:34:35,027] {logging_mixin.py:104} INFO - submitted
[2021-05-14 11:34:35,028] {logging_mixin.py:104} INFO - running function for: (array([1620997475000, 1620999275000]), 3)
[2021-05-14 11:34:35,028] {logging_mixin.py:104} INFO - https://cdn.iqoption.com/api/quotes-history/quotes/3.0?to=1620999275000&from=1620997475000&active_id=3&only_round=true&_key=1614903660000
[2021-05-14 11:34:35,028] {logging_mixin.py:104} INFO - submitted
[2021-05-14 11:34:35,029] {logging_mixin.py:104} INFO - running function for: (array([1620995675000, 1620997475000]), 1)
[2021-05-14 11:34:35,029] {logging_mixin.py:104} INFO - https://cdn.iqoption.com/api/quotes-history/quotes/3.0?to=1620997475000&from=1620995675000&active_id=1&only_round=true&_key=1614903660000
[2021-05-14 11:34:35,030] {logging_mixin.py:104} INFO - submitted
[2021-05-14 11:34:35,030] {logging_mixin.py:104} INFO - running function for: (array([1620995675000, 1620997475000]), 2)
[2021-05-14 11:34:35,031] {logging_mixin.py:104} INFO - https://cdn.iqoption.com/api/quotes-history/quotes/3.0?to=1620997475000&from=1620995675000&active_id=2&only_round=true&_key=1614903660000
[2021-05-14 11:34:35,031] {logging_mixin.py:104} INFO - submitted
[2021-05-14 11:34:35,031] {logging_mixin.py:104} INFO - running function for: (array([1620995675000, 1620997475000]), 3)
[2021-05-14 11:34:35,031] {logging_mixin.py:104} INFO - submitted
[2021-05-14 11:34:35,032] {logging_mixin.py:104} INFO - running function for: (array([1620993875000, 1620995675000]), 1)
[2021-05-14 11:34:35,032] {logging_mixin.py:104} INFO - submitted
[2021-05-14 11:34:35,032] {logging_mixin.py:104} INFO - running function for: (array([1620993875000, 1620995675000]), 2)
[2021-05-14 11:34:35,033] {logging_mixin.py:104} INFO - submitted
[2021-05-14 11:34:35,033] {logging_mixin.py:104} INFO - running function for: (array([1620993875000, 1620995675000]), 3)
[2021-05-14 11:34:35,033] {logging_mixin.py:104} INFO - submitted
[2021-05-14 11:34:35,033] {logging_mixin.py:104} INFO - running function for: (array([1620992075000, 1620993875000]), 1)
[2021-05-14 11:34:35,034] {logging_mixin.py:104} INFO - submitted
[2021-05-14 11:34:35,034] {logging_mixin.py:104} INFO - running function for: (array([1620992075000, 1620993875000]), 2)
[2021-05-14 11:34:35,034] {logging_mixin.py:104} INFO - submitted
[2021-05-14 11:34:35,035] {logging_mixin.py:104} INFO - running function for: (array([1620992075000, 1620993875000]), 3)
[2021-05-14 11:34:35,035] {logging_mixin.py:104} INFO - submitted
[2021-05-14 11:34:35,035] {logging_mixin.py:104} INFO - running function for: (array([1620990275000, 1620992075000]), 1)
[2021-05-14 11:34:35,035] {logging_mixin.py:104} INFO - submitted
[2021-05-14 11:34:35,036] {logging_mixin.py:104} INFO - running function for: (array([1620990275000, 1620992075000]), 2)
[2021-05-14 11:34:35,036] {logging_mixin.py:104} INFO - submitted
[2021-05-14 11:34:35,036] {logging_mixin.py:104} INFO - running function for: (array([1620990275000, 1620992075000]), 3)
[2021-05-14 11:34:35,037] {logging_mixin.py:104} INFO - submitted
[2021-05-14 11:34:35,037] {logging_mixin.py:104} INFO - running function for: (array([1620988475000, 1620990275000]), 1)
[2021-05-14 11:34:35,037] {logging_mixin.py:104} INFO - submitted
[2021-05-14 11:34:35,038] {logging_mixin.py:104} INFO - running function for: (array([1620988475000, 1620990275000]), 2)
[2021-05-14 11:34:35,038] {logging_mixin.py:104} INFO - submitted
[2021-05-14 11:34:35,038] {logging_mixin.py:104} INFO - running function for: (array([1620988475000, 1620990275000]), 3)
[2021-05-14 11:34:35,038] {logging_mixin.py:104} INFO - submitted
[2021-05-14 11:34:35,039] {logging_mixin.py:104} INFO - running function for: (array([1620986675000, 1620988475000]), 1)
[2021-05-14 11:34:35,039] {logging_mixin.py:104} INFO - submitted
[2021-05-14 11:34:35,039] {logging_mixin.py:104} INFO - running function for: (array([1620986675000, 1620988475000]), 2)
[2021-05-14 11:34:35,040] {logging_mixin.py:104} INFO - submitted
[2021-05-14 11:34:35,042] {logging_mixin.py:104} INFO - running function for: (array([1620986675000, 1620988475000]), 3)
[2021-05-14 11:34:35,042] {logging_mixin.py:104} INFO - submitted
[2021-05-14 11:34:35,042] {logging_mixin.py:104} INFO - running function for: (array([1620984875000, 1620986675000]), 1)
[2021-05-14 11:34:35,043] {logging_mixin.py:104} INFO - submitted
[2021-05-14 11:34:35,043] {logging_mixin.py:104} INFO - running function for: (array([1620984875000, 1620986675000]), 2)
[2021-05-14 11:34:35,043] {logging_mixin.py:104} INFO - submitted
[2021-05-14 11:34:35,044] {logging_mixin.py:104} INFO - running function for: (array([1620984875000, 1620986675000]), 3)
[2021-05-14 11:34:35,044] {logging_mixin.py:104} INFO - submitted
[2021-05-14 11:34:35,044] {logging_mixin.py:104} INFO - running function for: (array([1620983075000, 1620984875000]), 1)
[2021-05-14 11:34:35,045] {logging_mixin.py:104} INFO - submitted
[2021-05-14 11:34:35,046] {logging_mixin.py:104} INFO - running function for: (array([1620983075000, 1620984875000]), 2)
[2021-05-14 11:34:35,047] {logging_mixin.py:104} INFO - submitted
[2021-05-14 11:34:35,048] {logging_mixin.py:104} INFO - running function for: (array([1620983075000, 1620984875000]), 3)
[2021-05-14 11:34:35,049] {logging_mixin.py:104} INFO - submitted
[2021-05-14 11:34:35,049] {logging_mixin.py:104} INFO - running function for: (array([1620981275000, 1620983075000]), 1)
[2021-05-14 11:34:35,049] {logging_mixin.py:104} INFO - submitted
[2021-05-14 11:34:35,050] {logging_mixin.py:104} INFO - running function for: (array([1620981275000, 1620983075000]), 2)
[2021-05-14 11:34:35,050] {logging_mixin.py:104} INFO - submitted
[2021-05-14 11:34:35,050] {logging_mixin.py:104} INFO - running function for: (array([1620981275000, 1620983075000]), 3)
[2021-05-14 11:34:35,050] {logging_mixin.py:104} INFO - submitted
[2021-05-14 11:34:35,051] {logging_mixin.py:104} INFO - running function for: (array([1620979475000, 1620981275000]), 1)
[2021-05-14 11:34:35,051] {logging_mixin.py:104} INFO - submitted
[2021-05-14 11:34:35,051] {logging_mixin.py:104} INFO - running function for: (array([1620979475000, 1620981275000]), 2)
[2021-05-14 11:34:35,051] {logging_mixin.py:104} INFO - submitted
[2021-05-14 11:34:35,052] {logging_mixin.py:104} INFO - running function for: (array([1620979475000, 1620981275000]), 3)
[2021-05-14 11:34:35,052] {logging_mixin.py:104} INFO - submitted
[2021-05-14 11:34:35,052] {logging_mixin.py:104} INFO - running function for: (array([1620977675000, 1620979475000]), 1)
[2021-05-14 11:34:35,052] {logging_mixin.py:104} INFO - submitted
[2021-05-14 11:34:35,053] {logging_mixin.py:104} INFO - running function for: (array([1620977675000, 1620979475000]), 2)
[2021-05-14 11:34:35,053] {logging_mixin.py:104} INFO - submitted
[2021-05-14 11:34:35,053] {logging_mixin.py:104} INFO - running function for: (array([1620977675000, 1620979475000]), 3)
[2021-05-14 11:34:35,053] {logging_mixin.py:104} INFO - submitted
[2021-05-14 11:34:35,054] {logging_mixin.py:104} INFO - running function for: (array([1620975875000, 1620977675000]), 1)
[2021-05-14 11:34:35,054] {logging_mixin.py:104} INFO - submitted
[2021-05-14 11:34:35,054] {logging_mixin.py:104} INFO - running function for: (array([1620975875000, 1620977675000]), 2)
[2021-05-14 11:34:35,054] {logging_mixin.py:104} INFO - submitted
[2021-05-14 11:34:35,055] {logging_mixin.py:104} INFO - running function for: (array([1620975875000, 1620977675000]), 3)
[2021-05-14 11:34:35,055] {logging_mixin.py:104} INFO - submitted
[2021-05-14 11:34:35,055] {logging_mixin.py:104} INFO - running function for: (array([1620974075000, 1620975875000]), 1)
[2021-05-14 11:34:35,056] {logging_mixin.py:104} INFO - submitted
[2021-05-14 11:34:35,056] {logging_mixin.py:104} INFO - running function for: (array([1620974075000, 1620975875000]), 2)
[2021-05-14 11:34:35,056] {logging_mixin.py:104} INFO - submitted
[2021-05-14 11:34:35,056] {logging_mixin.py:104} INFO - running function for: (array([1620974075000, 1620975875000]), 3)
[2021-05-14 11:34:35,056] {logging_mixin.py:104} INFO - submitted
[2021-05-14 11:34:35,057] {logging_mixin.py:104} INFO - running function for: (array([1620972275000, 1620974075000]), 1)
[2021-05-14 11:34:35,057] {logging_mixin.py:104} INFO - submitted
[2021-05-14 11:34:35,057] {logging_mixin.py:104} INFO - running function for: (array([1620972275000, 1620974075000]), 2)
[2021-05-14 11:34:35,058] {logging_mixin.py:104} INFO - submitted
[2021-05-14 11:34:35,058] {logging_mixin.py:104} INFO - running function for: (array([1620972275000, 1620974075000]), 3)
[2021-05-14 11:34:35,058] {logging_mixin.py:104} INFO - submitted
[2021-05-14 11:34:35,058] {logging_mixin.py:104} INFO - running function for: (array([1620970475000, 1620972275000]), 1)
[2021-05-14 11:34:35,058] {logging_mixin.py:104} INFO - submitted
[2021-05-14 11:34:35,059] {logging_mixin.py:104} INFO - running function for: (array([1620970475000, 1620972275000]), 2)
[2021-05-14 11:34:35,059] {logging_mixin.py:104} INFO - submitted
[2021-05-14 11:34:35,059] {logging_mixin.py:104} INFO - running function for: (array([1620970475000, 1620972275000]), 3)
[2021-05-14 11:34:35,059] {logging_mixin.py:104} INFO - submitted
[2021-05-14 11:34:35,060] {logging_mixin.py:104} INFO - running function for: (array([1620968675000, 1620970475000]), 1)
[2021-05-14 11:34:35,060] {logging_mixin.py:104} INFO - submitted
[2021-05-14 11:34:35,060] {logging_mixin.py:104} INFO - running function for: (array([1620968675000, 1620970475000]), 2)
[2021-05-14 11:34:35,060] {logging_mixin.py:104} INFO - submitted
[2021-05-14 11:34:35,061] {logging_mixin.py:104} INFO - running function for: (array([1620968675000, 1620970475000]), 3)
[2021-05-14 11:34:35,061] {logging_mixin.py:104} INFO - submitted
[2021-05-14 11:34:35,061] {logging_mixin.py:104} INFO - running function for: (array([1620966875000, 1620968675000]), 1)
[2021-05-14 11:34:35,062] {logging_mixin.py:104} INFO - submitted
[2021-05-14 11:34:35,062] {logging_mixin.py:104} INFO - running function for: (array([1620966875000, 1620968675000]), 2)
[2021-05-14 11:34:35,063] {logging_mixin.py:104} INFO - submitted
[2021-05-14 11:34:35,063] {logging_mixin.py:104} INFO - running function for: (array([1620966875000, 1620968675000]), 3)
[2021-05-14 11:34:35,064] {logging_mixin.py:104} INFO - submitted
[2021-05-14 11:34:35,064] {logging_mixin.py:104} INFO - running function for: (array([1620965075000, 1620966875000]), 1)
[2021-05-14 11:34:35,065] {logging_mixin.py:104} INFO - submitted
[2021-05-14 11:34:35,065] {logging_mixin.py:104} INFO - running function for: (array([1620965075000, 1620966875000]), 2)
[2021-05-14 11:34:35,066] {logging_mixin.py:104} INFO - submitted
[2021-05-14 11:34:35,066] {logging_mixin.py:104} INFO - running function for: (array([1620965075000, 1620966875000]), 3)
[2021-05-14 11:34:35,066] {logging_mixin.py:104} INFO - submitted
[2021-05-14 11:34:35,067] {logging_mixin.py:104} INFO - running function for: (array([1620963275000, 1620965075000]), 1)
[2021-05-14 11:34:35,067] {logging_mixin.py:104} INFO - submitted
[2021-05-14 11:34:35,067] {logging_mixin.py:104} INFO - running function for: (array([1620963275000, 1620965075000]), 2)
[2021-05-14 11:34:35,068] {logging_mixin.py:104} INFO - submitted
[2021-05-14 11:34:35,068] {logging_mixin.py:104} INFO - running function for: (array([1620963275000, 1620965075000]), 3)
[2021-05-14 11:34:35,068] {logging_mixin.py:104} INFO - submitted
[2021-05-14 11:34:35,069] {logging_mixin.py:104} INFO - running function for: (array([1620961475000, 1620963275000]), 1)
[2021-05-14 11:34:35,069] {logging_mixin.py:104} INFO - submitted
[2021-05-14 11:34:35,070] {logging_mixin.py:104} INFO - running function for: (array([1620961475000, 1620963275000]), 2)
[2021-05-14 11:34:35,070] {logging_mixin.py:104} INFO - submitted
[2021-05-14 11:34:35,070] {logging_mixin.py:104} INFO - running function for: (array([1620961475000, 1620963275000]), 3)
[2021-05-14 11:34:35,071] {logging_mixin.py:104} INFO - submitted
[2021-05-14 11:34:35,071] {logging_mixin.py:104} INFO - running function for: (array([1620959675000, 1620961475000]), 1)
[2021-05-14 11:34:35,071] {logging_mixin.py:104} INFO - submitted
[2021-05-14 11:34:35,071] {logging_mixin.py:104} INFO - running function for: (array([1620959675000, 1620961475000]), 2)
[2021-05-14 11:34:35,072] {logging_mixin.py:104} INFO - submitted
[2021-05-14 11:34:35,072] {logging_mixin.py:104} INFO - running function for: (array([1620959675000, 1620961475000]), 3)
[2021-05-14 11:34:35,072] {logging_mixin.py:104} INFO - submitted
[2021-05-14 11:34:35,072] {logging_mixin.py:104} INFO - running function for: (array([1620957875000, 1620959675000]), 1)
[2021-05-14 11:34:35,073] {logging_mixin.py:104} INFO - submitted
[2021-05-14 11:34:35,073] {logging_mixin.py:104} INFO - running function for: (array([1620957875000, 1620959675000]), 2)
[2021-05-14 11:34:35,073] {logging_mixin.py:104} INFO - submitted
[2021-05-14 11:34:35,073] {logging_mixin.py:104} INFO - running function for: (array([1620957875000, 1620959675000]), 3)
[2021-05-14 11:34:35,074] {logging_mixin.py:104} INFO - submitted
[2021-05-14 11:34:35,074] {logging_mixin.py:104} INFO - running function for: (array([1620956075000, 1620957875000]), 1)
[2021-05-14 11:34:35,074] {logging_mixin.py:104} INFO - submitted
[2021-05-14 11:34:35,074] {logging_mixin.py:104} INFO - running function for: (array([1620956075000, 1620957875000]), 2)
[2021-05-14 11:34:35,075] {logging_mixin.py:104} INFO - submitted
[2021-05-14 11:34:35,075] {logging_mixin.py:104} INFO - running function for: (array([1620956075000, 1620957875000]), 3)
[2021-05-14 11:34:35,075] {logging_mixin.py:104} INFO - submitted
[2021-05-14 11:34:35,075] {logging_mixin.py:104} INFO - running function for: (array([1620954275000, 1620956075000]), 1)
[2021-05-14 11:34:35,075] {logging_mixin.py:104} INFO - submitted
[2021-05-14 11:34:35,076] {logging_mixin.py:104} INFO - running function for: (array([1620954275000, 1620956075000]), 2)
[2021-05-14 11:34:35,076] {logging_mixin.py:104} INFO - submitted
[2021-05-14 11:34:35,076] {logging_mixin.py:104} INFO - running function for: (array([1620954275000, 1620956075000]), 3)
[2021-05-14 11:34:35,077] {logging_mixin.py:104} INFO - submitted
[2021-05-14 11:34:35,077] {logging_mixin.py:104} INFO - running function for: (array([1620952475000, 1620954275000]), 1)
[2021-05-14 11:34:35,077] {logging_mixin.py:104} INFO - submitted
[2021-05-14 11:34:35,077] {logging_mixin.py:104} INFO - running function for: (array([1620952475000, 1620954275000]), 2)
[2021-05-14 11:34:35,078] {logging_mixin.py:104} INFO - submitted
[2021-05-14 11:34:35,078] {logging_mixin.py:104} INFO - running function for: (array([1620952475000, 1620954275000]), 3)
[2021-05-14 11:34:35,078] {logging_mixin.py:104} INFO - submitted
[2021-05-14 11:34:35,079] {logging_mixin.py:104} INFO - running function for: (array([1620950675000, 1620952475000]), 1)
[2021-05-14 11:34:35,079] {logging_mixin.py:104} INFO - submitted
[2021-05-14 11:34:35,079] {logging_mixin.py:104} INFO - running function for: (array([1620950675000, 1620952475000]), 2)
[2021-05-14 11:34:35,079] {logging_mixin.py:104} INFO - submitted
[2021-05-14 11:34:35,080] {logging_mixin.py:104} INFO - running function for: (array([1620950675000, 1620952475000]), 3)
[2021-05-14 11:34:35,080] {logging_mixin.py:104} INFO - submitted
[2021-05-14 11:34:35,080] {logging_mixin.py:104} INFO - running function for: (array([1620948875000, 1620950675000]), 1)
[2021-05-14 11:34:35,080] {logging_mixin.py:104} INFO - submitted
[2021-05-14 11:34:35,080] {logging_mixin.py:104} INFO - running function for: (array([1620948875000, 1620950675000]), 2)
[2021-05-14 11:34:35,081] {logging_mixin.py:104} INFO - submitted
[2021-05-14 11:34:35,081] {logging_mixin.py:104} INFO - running function for: (array([1620948875000, 1620950675000]), 3)
[2021-05-14 11:34:35,081] {logging_mixin.py:104} INFO - submitted
[2021-05-14 11:34:35,081] {logging_mixin.py:104} INFO - running function for: (array([1620947075000, 1620948875000]), 1)
[2021-05-14 11:34:35,082] {logging_mixin.py:104} INFO - submitted
[2021-05-14 11:34:35,082] {logging_mixin.py:104} INFO - running function for: (array([1620947075000, 1620948875000]), 2)
[2021-05-14 11:34:35,082] {logging_mixin.py:104} INFO - submitted
[2021-05-14 11:34:35,082] {logging_mixin.py:104} INFO - running function for: (array([1620947075000, 1620948875000]), 3)
[2021-05-14 11:34:35,083] {logging_mixin.py:104} INFO - submitted
[2021-05-14 11:34:35,083] {logging_mixin.py:104} INFO - running function for: (array([1620945275000, 1620947075000]), 1)
[2021-05-14 11:34:35,084] {logging_mixin.py:104} INFO - submitted
[2021-05-14 11:34:35,084] {logging_mixin.py:104} INFO - running function for: (array([1620945275000, 1620947075000]), 2)
[2021-05-14 11:34:35,084] {logging_mixin.py:104} INFO - submitted
[2021-05-14 11:34:35,084] {logging_mixin.py:104} INFO - running function for: (array([1620945275000, 1620947075000]), 3)
[2021-05-14 11:34:35,085] {logging_mixin.py:104} INFO - submitted
[2021-05-14 11:34:35,085] {logging_mixin.py:104} INFO - running function for: (array([1620943475000, 1620945275000]), 1)
[2021-05-14 11:34:35,085] {logging_mixin.py:104} INFO - submitted
[2021-05-14 11:34:35,085] {logging_mixin.py:104} INFO - running function for: (array([1620943475000, 1620945275000]), 2)
[2021-05-14 11:34:35,086] {logging_mixin.py:104} INFO - submitted
[2021-05-14 11:34:35,086] {logging_mixin.py:104} INFO - running function for: (array([1620943475000, 1620945275000]), 3)
[2021-05-14 11:34:35,086] {logging_mixin.py:104} INFO - submitted
[2021-05-14 11:34:35,086] {logging_mixin.py:104} INFO - running function for: (array([1620941675000, 1620943475000]), 1)
[2021-05-14 11:34:35,087] {logging_mixin.py:104} INFO - submitted
[2021-05-14 11:34:35,087] {logging_mixin.py:104} INFO - running function for: (array([1620941675000, 1620943475000]), 2)
[2021-05-14 11:34:35,087] {logging_mixin.py:104} INFO - submitted
[2021-05-14 11:34:35,087] {logging_mixin.py:104} INFO - running function for: (array([1620941675000, 1620943475000]), 3)
[2021-05-14 11:34:35,088] {logging_mixin.py:104} INFO - submitted
[2021-05-14 11:34:35,088] {logging_mixin.py:104} INFO - running function for: (array([1620939875000, 1620941675000]), 1)
[2021-05-14 11:34:35,088] {logging_mixin.py:104} INFO - submitted
[2021-05-14 11:34:35,088] {logging_mixin.py:104} INFO - running function for: (array([1620939875000, 1620941675000]), 2)
[2021-05-14 11:34:35,089] {logging_mixin.py:104} INFO - submitted
[2021-05-14 11:34:35,089] {logging_mixin.py:104} INFO - running function for: (array([1620939875000, 1620941675000]), 3)
[2021-05-14 11:34:35,089] {logging_mixin.py:104} INFO - submitted
[2021-05-14 11:34:35,089] {logging_mixin.py:104} INFO - running function for: (array([1620938075000, 1620939875000]), 1)
[2021-05-14 11:34:35,090] {logging_mixin.py:104} INFO - submitted
[2021-05-14 11:34:35,090] {logging_mixin.py:104} INFO - running function for: (array([1620938075000, 1620939875000]), 2)
[2021-05-14 11:34:35,091] {logging_mixin.py:104} INFO - submitted
[2021-05-14 11:34:35,091] {logging_mixin.py:104} INFO - running function for: (array([1620938075000, 1620939875000]), 3)
[2021-05-14 11:34:35,091] {logging_mixin.py:104} INFO - submitted
[2021-05-14 11:34:35,091] {logging_mixin.py:104} INFO - running function for: (array([1620936275000, 1620938075000]), 1)
[2021-05-14 11:34:35,092] {logging_mixin.py:104} INFO - submitted
[2021-05-14 11:34:35,092] {logging_mixin.py:104} INFO - running function for: (array([1620936275000, 1620938075000]), 2)
[2021-05-14 11:34:35,092] {logging_mixin.py:104} INFO - submitted
[2021-05-14 11:34:35,093] {logging_mixin.py:104} INFO - running function for: (array([1620936275000, 1620938075000]), 3)
[2021-05-14 11:34:35,093] {logging_mixin.py:104} INFO - submitted
[2021-05-14 11:34:35,093] {logging_mixin.py:104} INFO - running function for: (array([1620934475000, 1620936275000]), 1)
[2021-05-14 11:34:35,094] {logging_mixin.py:104} INFO - submitted
[2021-05-14 11:34:35,094] {logging_mixin.py:104} INFO - running function for: (array([1620934475000, 1620936275000]), 2)
[2021-05-14 11:34:35,094] {logging_mixin.py:104} INFO - submitted
[2021-05-14 11:34:35,094] {logging_mixin.py:104} INFO - running function for: (array([1620934475000, 1620936275000]), 3)
[2021-05-14 11:34:35,095] {logging_mixin.py:104} INFO - submitted
[2021-05-14 11:34:35,095] {logging_mixin.py:104} INFO - running function for: (array([1620932675000, 1620934475000]), 1)
[2021-05-14 11:34:35,095] {logging_mixin.py:104} INFO - submitted
[2021-05-14 11:34:35,095] {logging_mixin.py:104} INFO - running function for: (array([1620932675000, 1620934475000]), 2)
[2021-05-14 11:34:35,096] {logging_mixin.py:104} INFO - submitted
[2021-05-14 11:34:35,096] {logging_mixin.py:104} INFO - running function for: (array([1620932675000, 1620934475000]), 3)
[2021-05-14 11:34:35,096] {logging_mixin.py:104} INFO - submitted
[2021-05-14 11:34:35,097] {logging_mixin.py:104} INFO - running function for: (array([1620930875000, 1620932675000]), 1)
[2021-05-14 11:34:35,097] {logging_mixin.py:104} INFO - submitted
[2021-05-14 11:34:35,097] {logging_mixin.py:104} INFO - running function for: (array([1620930875000, 1620932675000]), 2)
[2021-05-14 11:34:35,097] {logging_mixin.py:104} INFO - submitted
[2021-05-14 11:34:35,098] {logging_mixin.py:104} INFO - running function for: (array([1620930875000, 1620932675000]), 3)
[2021-05-14 11:34:35,098] {logging_mixin.py:104} INFO - submitted
[2021-05-14 11:34:35,098] {logging_mixin.py:104} INFO - running function for: (array([1620929075000, 1620930875000]), 1)
[2021-05-14 11:34:35,098] {logging_mixin.py:104} INFO - submitted
[2021-05-14 11:34:35,099] {logging_mixin.py:104} INFO - running function for: (array([1620929075000, 1620930875000]), 2)
[2021-05-14 11:34:35,099] {logging_mixin.py:104} INFO - submitted
[2021-05-14 11:34:35,099] {logging_mixin.py:104} INFO - running function for: (array([1620929075000, 1620930875000]), 3)
[2021-05-14 11:34:35,099] {logging_mixin.py:104} INFO - submitted
[2021-05-14 11:34:35,100] {logging_mixin.py:104} INFO - running function for: (array([1620927275000, 1620929075000]), 1)
[2021-05-14 11:34:35,100] {logging_mixin.py:104} INFO - submitted
[2021-05-14 11:34:35,100] {logging_mixin.py:104} INFO - running function for: (array([1620927275000, 1620929075000]), 2)
[2021-05-14 11:34:35,100] {logging_mixin.py:104} INFO - submitted
[2021-05-14 11:34:35,101] {logging_mixin.py:104} INFO - running function for: (array([1620927275000, 1620929075000]), 3)
[2021-05-14 11:34:35,101] {logging_mixin.py:104} INFO - submitted
[2021-05-14 11:34:35,101] {logging_mixin.py:104} INFO - running function for: (array([1620925475000, 1620927275000]), 1)
[2021-05-14 11:34:35,101] {logging_mixin.py:104} INFO - submitted
[2021-05-14 11:34:35,102] {logging_mixin.py:104} INFO - running function for: (array([1620925475000, 1620927275000]), 2)
[2021-05-14 11:34:35,102] {logging_mixin.py:104} INFO - submitted
[2021-05-14 11:34:35,102] {logging_mixin.py:104} INFO - running function for: (array([1620925475000, 1620927275000]), 3)
[2021-05-14 11:34:35,102] {logging_mixin.py:104} INFO - submitted
[2021-05-14 11:34:35,103] {logging_mixin.py:104} INFO - running function for: (array([1620923675000, 1620925475000]), 1)
[2021-05-14 11:34:35,103] {logging_mixin.py:104} INFO - submitted
[2021-05-14 11:34:35,103] {logging_mixin.py:104} INFO - running function for: (array([1620923675000, 1620925475000]), 2)
[2021-05-14 11:34:35,103] {logging_mixin.py:104} INFO - submitted
[2021-05-14 11:34:35,104] {logging_mixin.py:104} INFO - running function for: (array([1620923675000, 1620925475000]), 3)
[2021-05-14 11:34:35,104] {logging_mixin.py:104} INFO - submitted
[2021-05-14 11:34:35,104] {logging_mixin.py:104} INFO - running function for: (array([1620921875000, 1620923675000]), 1)
[2021-05-14 11:34:35,104] {logging_mixin.py:104} INFO - submitted
[2021-05-14 11:34:35,105] {logging_mixin.py:104} INFO - running function for: (array([1620921875000, 1620923675000]), 2)
[2021-05-14 11:34:35,105] {logging_mixin.py:104} INFO - submitted
[2021-05-14 11:34:35,105] {logging_mixin.py:104} INFO - running function for: (array([1620921875000, 1620923675000]), 3)
[2021-05-14 11:34:35,106] {logging_mixin.py:104} INFO - submitted
[2021-05-14 11:34:35,106] {logging_mixin.py:104} INFO - running function for: (array([1620920075000, 1620921875000]), 1)
[2021-05-14 11:34:35,106] {logging_mixin.py:104} INFO - submitted
[2021-05-14 11:34:35,106] {logging_mixin.py:104} INFO - running function for: (array([1620920075000, 1620921875000]), 2)
[2021-05-14 11:34:35,107] {logging_mixin.py:104} INFO - submitted
[2021-05-14 11:34:35,107] {logging_mixin.py:104} INFO - running function for: (array([1620920075000, 1620921875000]), 3)
[2021-05-14 11:34:35,107] {logging_mixin.py:104} INFO - submitted
[2021-05-14 11:34:35,107] {logging_mixin.py:104} INFO - running function for: (array([1620918275000, 1620920075000]), 1)
[2021-05-14 11:34:35,108] {logging_mixin.py:104} INFO - submitted
[2021-05-14 11:34:35,108] {logging_mixin.py:104} INFO - running function for: (array([1620918275000, 1620920075000]), 2)
[2021-05-14 11:34:35,108] {logging_mixin.py:104} INFO - submitted
[2021-05-14 11:34:35,108] {logging_mixin.py:104} INFO - running function for: (array([1620918275000, 1620920075000]), 3)
[2021-05-14 11:34:35,109] {logging_mixin.py:104} INFO - submitted
[2021-05-14 11:34:35,109] {logging_mixin.py:104} INFO - running function for: (array([1620916475000, 1620918275000]), 1)
[2021-05-14 11:34:35,109] {logging_mixin.py:104} INFO - submitted
[2021-05-14 11:34:35,110] {logging_mixin.py:104} INFO - running function for: (array([1620916475000, 1620918275000]), 2)
[2021-05-14 11:34:35,110] {logging_mixin.py:104} INFO - submitted
[2021-05-14 11:34:35,110] {logging_mixin.py:104} INFO - running function for: (array([1620916475000, 1620918275000]), 3)
[2021-05-14 11:34:35,110] {logging_mixin.py:104} INFO - submitted
[2021-05-14 11:34:36,423] {logging_mixin.py:104} INFO - https://cdn.iqoption.com/api/quotes-history/quotes/3.0?to=1620997475000&from=1620995675000&active_id=3&only_round=true&_key=1614903660000
[2021-05-14 11:34:39,057] {logging_mixin.py:104} INFO - https://cdn.iqoption.com/api/quotes-history/quotes/3.0?to=1620995675000&from=1620993875000&active_id=1&only_round=true&_key=1614903660000
[2021-05-14 11:34:39,058] {logging_mixin.py:104} INFO - https://cdn.iqoption.com/api/quotes-history/quotes/3.0?to=1620995675000&from=1620993875000&active_id=2&only_round=true&_key=1614903660000
[2021-05-14 11:34:39,062] {logging_mixin.py:104} INFO - https://cdn.iqoption.com/api/quotes-history/quotes/3.0?to=1620995675000&from=1620993875000&active_id=3&only_round=true&_key=1614903660000
[2021-05-14 11:34:39,063] {logging_mixin.py:104} INFO - https://cdn.iqoption.com/api/quotes-history/quotes/3.0?to=1620993875000&from=1620992075000&active_id=1&only_round=true&_key=1614903660000
[2021-05-14 11:34:39,081] {logging_mixin.py:104} INFO - https://cdn.iqoption.com/api/quotes-history/quotes/3.0?to=1620993875000&from=1620992075000&active_id=2&only_round=true&_key=1614903660000
[2021-05-14 11:34:39,158] {logging_mixin.py:104} INFO - https://cdn.iqoption.com/api/quotes-history/quotes/3.0?to=1620993875000&from=1620992075000&active_id=3&only_round=true&_key=1614903660000
[2021-05-14 11:34:39,199] {logging_mixin.py:104} INFO - https://cdn.iqoption.com/api/quotes-history/quotes/3.0?to=1620992075000&from=1620990275000&active_id=1&only_round=true&_key=1614903660000
[2021-05-14 11:34:40,318] {logging_mixin.py:104} INFO - https://cdn.iqoption.com/api/quotes-history/quotes/3.0?to=1620992075000&from=1620990275000&active_id=2&only_round=true&_key=1614903660000
[2021-05-14 11:34:41,216] {logging_mixin.py:104} INFO - https://cdn.iqoption.com/api/quotes-history/quotes/3.0?to=1620992075000&from=1620990275000&active_id=3&only_round=true&_key=1614903660000
[2021-05-14 11:34:41,273] {logging_mixin.py:104} INFO - https://cdn.iqoption.com/api/quotes-history/quotes/3.0?to=1620990275000&from=1620988475000&active_id=1&only_round=true&_key=1614903660000
[2021-05-14 11:34:41,275] {logging_mixin.py:104} INFO - https://cdn.iqoption.com/api/quotes-history/quotes/3.0?to=1620990275000&from=1620988475000&active_id=2&only_round=true&_key=1614903660000
[2021-05-14 11:34:41,292] {logging_mixin.py:104} INFO - https://cdn.iqoption.com/api/quotes-history/quotes/3.0?to=1620990275000&from=1620988475000&active_id=3&only_round=true&_key=1614903660000
[2021-05-14 11:34:41,310] {logging_mixin.py:104} INFO - https://cdn.iqoption.com/api/quotes-history/quotes/3.0?to=1620988475000&from=1620986675000&active_id=1&only_round=true&_key=1614903660000
[2021-05-14 11:34:41,336] {logging_mixin.py:104} INFO - https://cdn.iqoption.com/api/quotes-history/quotes/3.0?to=1620988475000&from=1620986675000&active_id=2&only_round=true&_key=1614903660000
[2021-05-14 11:34:41,516] {logging_mixin.py:104} INFO - https://cdn.iqoption.com/api/quotes-history/quotes/3.0?to=1620988475000&from=1620986675000&active_id=3&only_round=true&_key=1614903660000
[2021-05-14 11:34:42,613] {logging_mixin.py:104} INFO - https://cdn.iqoption.com/api/quotes-history/quotes/3.0?to=1620986675000&from=1620984875000&active_id=1&only_round=true&_key=1614903660000
[2021-05-14 11:34:43,178] {logging_mixin.py:104} INFO - https://cdn.iqoption.com/api/quotes-history/quotes/3.0?to=1620986675000&from=1620984875000&active_id=2&only_round=true&_key=1614903660000
[2021-05-14 11:34:43,213] {logging_mixin.py:104} INFO - https://cdn.iqoption.com/api/quotes-history/quotes/3.0?to=1620986675000&from=1620984875000&active_id=3&only_round=true&_key=1614903660000
[2021-05-14 11:34:43,259] {logging_mixin.py:104} INFO - https://cdn.iqoption.com/api/quotes-history/quotes/3.0?to=1620984875000&from=1620983075000&active_id=1&only_round=true&_key=1614903660000
[2021-05-14 11:34:43,270] {logging_mixin.py:104} INFO - https://cdn.iqoption.com/api/quotes-history/quotes/3.0?to=1620984875000&from=1620983075000&active_id=2&only_round=true&_key=1614903660000
[2021-05-14 11:34:43,297] {logging_mixin.py:104} INFO - https://cdn.iqoption.com/api/quotes-history/quotes/3.0?to=1620984875000&from=1620983075000&active_id=3&only_round=true&_key=1614903660000
[2021-05-14 11:34:43,346] {logging_mixin.py:104} INFO - https://cdn.iqoption.com/api/quotes-history/quotes/3.0?to=1620983075000&from=1620981275000&active_id=1&only_round=true&_key=1614903660000
[2021-05-14 11:34:43,478] {logging_mixin.py:104} INFO - https://cdn.iqoption.com/api/quotes-history/quotes/3.0?to=1620983075000&from=1620981275000&active_id=2&only_round=true&_key=1614903660000
[2021-05-14 11:34:44,289] {logging_mixin.py:104} INFO - https://cdn.iqoption.com/api/quotes-history/quotes/3.0?to=1620983075000&from=1620981275000&active_id=3&only_round=true&_key=1614903660000
[2021-05-14 11:34:44,918] {logging_mixin.py:104} INFO - https://cdn.iqoption.com/api/quotes-history/quotes/3.0?to=1620981275000&from=1620979475000&active_id=1&only_round=true&_key=1614903660000
[2021-05-14 11:34:44,965] {logging_mixin.py:104} INFO - https://cdn.iqoption.com/api/quotes-history/quotes/3.0?to=1620981275000&from=1620979475000&active_id=2&only_round=true&_key=1614903660000
[2021-05-14 11:34:44,969] {logging_mixin.py:104} INFO - https://cdn.iqoption.com/api/quotes-history/quotes/3.0?to=1620981275000&from=1620979475000&active_id=3&only_round=true&_key=1614903660000
[2021-05-14 11:34:45,128] {logging_mixin.py:104} INFO - https://cdn.iqoption.com/api/quotes-history/quotes/3.0?to=1620979475000&from=1620977675000&active_id=1&only_round=true&_key=1614903660000
[2021-05-14 11:34:45,204] {logging_mixin.py:104} INFO - https://cdn.iqoption.com/api/quotes-history/quotes/3.0?to=1620979475000&from=1620977675000&active_id=2&only_round=true&_key=1614903660000
[2021-05-14 11:34:45,215] {logging_mixin.py:104} INFO - https://cdn.iqoption.com/api/quotes-history/quotes/3.0?to=1620979475000&from=1620977675000&active_id=3&only_round=true&_key=1614903660000
[2021-05-14 11:34:45,338] {logging_mixin.py:104} INFO - https://cdn.iqoption.com/api/quotes-history/quotes/3.0?to=1620977675000&from=1620975875000&active_id=1&only_round=true&_key=1614903660000
[2021-05-14 11:34:46,092] {logging_mixin.py:104} INFO - https://cdn.iqoption.com/api/quotes-history/quotes/3.0?to=1620977675000&from=1620975875000&active_id=2&only_round=true&_key=1614903660000
[2021-05-14 11:34:46,440] {logging_mixin.py:104} INFO - https://cdn.iqoption.com/api/quotes-history/quotes/3.0?to=1620977675000&from=1620975875000&active_id=3&only_round=true&_key=1614903660000
[2021-05-14 11:34:46,671] {logging_mixin.py:104} INFO - https://cdn.iqoption.com/api/quotes-history/quotes/3.0?to=1620975875000&from=1620974075000&active_id=1&only_round=true&_key=1614903660000
[2021-05-14 11:34:46,763] {logging_mixin.py:104} INFO - https://cdn.iqoption.com/api/quotes-history/quotes/3.0?to=1620975875000&from=1620974075000&active_id=2&only_round=true&_key=1614903660000
[2021-05-14 11:34:46,786] {logging_mixin.py:104} INFO - https://cdn.iqoption.com/api/quotes-history/quotes/3.0?to=1620975875000&from=1620974075000&active_id=3&only_round=true&_key=1614903660000
[2021-05-14 11:34:46,824] {logging_mixin.py:104} INFO - https://cdn.iqoption.com/api/quotes-history/quotes/3.0?to=1620974075000&from=1620972275000&active_id=1&only_round=true&_key=1614903660000
[2021-05-14 11:34:46,856] {logging_mixin.py:104} INFO - https://cdn.iqoption.com/api/quotes-history/quotes/3.0?to=1620974075000&from=1620972275000&active_id=2&only_round=true&_key=1614903660000
[2021-05-14 11:34:47,126] {logging_mixin.py:104} INFO - https://cdn.iqoption.com/api/quotes-history/quotes/3.0?to=1620974075000&from=1620972275000&active_id=3&only_round=true&_key=1614903660000
[2021-05-14 11:34:47,621] {logging_mixin.py:104} INFO - https://cdn.iqoption.com/api/quotes-history/quotes/3.0?to=1620972275000&from=1620970475000&active_id=1&only_round=true&_key=1614903660000
[2021-05-14 11:34:48,042] {logging_mixin.py:104} INFO - https://cdn.iqoption.com/api/quotes-history/quotes/3.0?to=1620972275000&from=1620970475000&active_id=2&only_round=true&_key=1614903660000
[2021-05-14 11:34:48,315] {logging_mixin.py:104} INFO - https://cdn.iqoption.com/api/quotes-history/quotes/3.0?to=1620972275000&from=1620970475000&active_id=3&only_round=true&_key=1614903660000
[2021-05-14 11:34:48,383] {logging_mixin.py:104} INFO - https://cdn.iqoption.com/api/quotes-history/quotes/3.0?to=1620970475000&from=1620968675000&active_id=1&only_round=true&_key=1614903660000
[2021-05-14 11:34:48,397] {logging_mixin.py:104} INFO - https://cdn.iqoption.com/api/quotes-history/quotes/3.0?to=1620970475000&from=1620968675000&active_id=2&only_round=true&_key=1614903660000
[2021-05-14 11:34:48,425] {logging_mixin.py:104} INFO - https://cdn.iqoption.com/api/quotes-history/quotes/3.0?to=1620970475000&from=1620968675000&active_id=3&only_round=true&_key=1614903660000
[2021-05-14 11:34:48,586] {logging_mixin.py:104} INFO - https://cdn.iqoption.com/api/quotes-history/quotes/3.0?to=1620968675000&from=1620966875000&active_id=1&only_round=true&_key=1614903660000
[2021-05-14 11:34:48,726] {logging_mixin.py:104} INFO - https://cdn.iqoption.com/api/quotes-history/quotes/3.0?to=1620968675000&from=1620966875000&active_id=2&only_round=true&_key=1614903660000
[2021-05-14 11:34:49,261] {logging_mixin.py:104} INFO - https://cdn.iqoption.com/api/quotes-history/quotes/3.0?to=1620968675000&from=1620966875000&active_id=3&only_round=true&_key=1614903660000
[2021-05-14 11:34:49,781] {logging_mixin.py:104} INFO - https://cdn.iqoption.com/api/quotes-history/quotes/3.0?to=1620966875000&from=1620965075000&active_id=1&only_round=true&_key=1614903660000
[2021-05-14 11:34:49,959] {logging_mixin.py:104} INFO - https://cdn.iqoption.com/api/quotes-history/quotes/3.0?to=1620966875000&from=1620965075000&active_id=2&only_round=true&_key=1614903660000
[2021-05-14 11:34:49,997] {logging_mixin.py:104} INFO - https://cdn.iqoption.com/api/quotes-history/quotes/3.0?to=1620966875000&from=1620965075000&active_id=3&only_round=true&_key=1614903660000
[2021-05-14 11:34:50,045] {logging_mixin.py:104} INFO - https://cdn.iqoption.com/api/quotes-history/quotes/3.0?to=1620965075000&from=1620963275000&active_id=1&only_round=true&_key=1614903660000
[2021-05-14 11:34:50,223] {logging_mixin.py:104} INFO - https://cdn.iqoption.com/api/quotes-history/quotes/3.0?to=1620965075000&from=1620963275000&active_id=2&only_round=true&_key=1614903660000
[2021-05-14 11:34:50,237] {logging_mixin.py:104} INFO - https://cdn.iqoption.com/api/quotes-history/quotes/3.0?to=1620965075000&from=1620963275000&active_id=3&only_round=true&_key=1614903660000
[2021-05-14 11:34:50,400] {logging_mixin.py:104} INFO - https://cdn.iqoption.com/api/quotes-history/quotes/3.0?to=1620963275000&from=1620961475000&active_id=1&only_round=true&_key=1614903660000
[2021-05-14 11:34:51,524] {logging_mixin.py:104} INFO - https://cdn.iqoption.com/api/quotes-history/quotes/3.0?to=1620963275000&from=1620961475000&active_id=2&only_round=true&_key=1614903660000
[2021-05-14 11:34:51,537] {logging_mixin.py:104} INFO - https://cdn.iqoption.com/api/quotes-history/quotes/3.0?to=1620963275000&from=1620961475000&active_id=3&only_round=true&_key=1614903660000
[2021-05-14 11:34:51,623] {logging_mixin.py:104} INFO - https://cdn.iqoption.com/api/quotes-history/quotes/3.0?to=1620961475000&from=1620959675000&active_id=1&only_round=true&_key=1614903660000
[2021-05-14 11:34:51,672] {logging_mixin.py:104} INFO - https://cdn.iqoption.com/api/quotes-history/quotes/3.0?to=1620961475000&from=1620959675000&active_id=2&only_round=true&_key=1614903660000
[2021-05-14 11:34:51,678] {logging_mixin.py:104} INFO - https://cdn.iqoption.com/api/quotes-history/quotes/3.0?to=1620961475000&from=1620959675000&active_id=3&only_round=true&_key=1614903660000
[2021-05-14 11:34:52,079] {logging_mixin.py:104} INFO - https://cdn.iqoption.com/api/quotes-history/quotes/3.0?to=1620959675000&from=1620957875000&active_id=1&only_round=true&_key=1614903660000
[2021-05-14 11:34:52,085] {logging_mixin.py:104} INFO - https://cdn.iqoption.com/api/quotes-history/quotes/3.0?to=1620959675000&from=1620957875000&active_id=2&only_round=true&_key=1614903660000
[2021-05-14 11:34:52,103] {logging_mixin.py:104} INFO - https://cdn.iqoption.com/api/quotes-history/quotes/3.0?to=1620959675000&from=1620957875000&active_id=3&only_round=true&_key=1614903660000
[2021-05-14 11:34:53,154] {logging_mixin.py:104} INFO - https://cdn.iqoption.com/api/quotes-history/quotes/3.0?to=1620957875000&from=1620956075000&active_id=1&only_round=true&_key=1614903660000
[2021-05-14 11:34:53,179] {logging_mixin.py:104} INFO - https://cdn.iqoption.com/api/quotes-history/quotes/3.0?to=1620957875000&from=1620956075000&active_id=2&only_round=true&_key=1614903660000
[2021-05-14 11:34:53,194] {logging_mixin.py:104} INFO - https://cdn.iqoption.com/api/quotes-history/quotes/3.0?to=1620957875000&from=1620956075000&active_id=3&only_round=true&_key=1614903660000
[2021-05-14 11:34:53,306] {logging_mixin.py:104} INFO - https://cdn.iqoption.com/api/quotes-history/quotes/3.0?to=1620956075000&from=1620954275000&active_id=1&only_round=true&_key=1614903660000
[2021-05-14 11:34:53,383] {logging_mixin.py:104} INFO - https://cdn.iqoption.com/api/quotes-history/quotes/3.0?to=1620956075000&from=1620954275000&active_id=2&only_round=true&_key=1614903660000
[2021-05-14 11:34:53,637] {logging_mixin.py:104} INFO - https://cdn.iqoption.com/api/quotes-history/quotes/3.0?to=1620956075000&from=1620954275000&active_id=3&only_round=true&_key=1614903660000
[2021-05-14 11:34:53,651] {logging_mixin.py:104} INFO - https://cdn.iqoption.com/api/quotes-history/quotes/3.0?to=1620954275000&from=1620952475000&active_id=1&only_round=true&_key=1614903660000
[2021-05-14 11:34:53,670] {logging_mixin.py:104} INFO - https://cdn.iqoption.com/api/quotes-history/quotes/3.0?to=1620954275000&from=1620952475000&active_id=2&only_round=true&_key=1614903660000
[2021-05-14 11:34:54,750] {logging_mixin.py:104} INFO - https://cdn.iqoption.com/api/quotes-history/quotes/3.0?to=1620954275000&from=1620952475000&active_id=3&only_round=true&_key=1614903660000
[2021-05-14 11:34:54,782] {logging_mixin.py:104} INFO - https://cdn.iqoption.com/api/quotes-history/quotes/3.0?to=1620952475000&from=1620950675000&active_id=1&only_round=true&_key=1614903660000
[2021-05-14 11:34:54,832] {logging_mixin.py:104} INFO - https://cdn.iqoption.com/api/quotes-history/quotes/3.0?to=1620952475000&from=1620950675000&active_id=2&only_round=true&_key=1614903660000
[2021-05-14 11:34:55,002] {logging_mixin.py:104} INFO - https://cdn.iqoption.com/api/quotes-history/quotes/3.0?to=1620952475000&from=1620950675000&active_id=3&only_round=true&_key=1614903660000
[2021-05-14 11:34:55,009] {logging_mixin.py:104} INFO - https://cdn.iqoption.com/api/quotes-history/quotes/3.0?to=1620950675000&from=1620948875000&active_id=1&only_round=true&_key=1614903660000
[2021-05-14 11:34:55,267] {logging_mixin.py:104} INFO - https://cdn.iqoption.com/api/quotes-history/quotes/3.0?to=1620950675000&from=1620948875000&active_id=2&only_round=true&_key=1614903660000
[2021-05-14 11:34:55,326] {logging_mixin.py:104} INFO - https://cdn.iqoption.com/api/quotes-history/quotes/3.0?to=1620950675000&from=1620948875000&active_id=3&only_round=true&_key=1614903660000
[2021-05-14 11:34:55,351] {logging_mixin.py:104} INFO - https://cdn.iqoption.com/api/quotes-history/quotes/3.0?to=1620948875000&from=1620947075000&active_id=1&only_round=true&_key=1614903660000
[2021-05-14 11:34:56,435] {logging_mixin.py:104} INFO - https://cdn.iqoption.com/api/quotes-history/quotes/3.0?to=1620948875000&from=1620947075000&active_id=2&only_round=true&_key=1614903660000
[2021-05-14 11:34:56,440] {logging_mixin.py:104} INFO - https://cdn.iqoption.com/api/quotes-history/quotes/3.0?to=1620948875000&from=1620947075000&active_id=3&only_round=true&_key=1614903660000
[2021-05-14 11:34:56,467] {logging_mixin.py:104} INFO - https://cdn.iqoption.com/api/quotes-history/quotes/3.0?to=1620947075000&from=1620945275000&active_id=1&only_round=true&_key=1614903660000
[2021-05-14 11:34:56,643] {logging_mixin.py:104} INFO - https://cdn.iqoption.com/api/quotes-history/quotes/3.0?to=1620947075000&from=1620945275000&active_id=2&only_round=true&_key=1614903660000
[2021-05-14 11:34:56,673] {logging_mixin.py:104} INFO - https://cdn.iqoption.com/api/quotes-history/quotes/3.0?to=1620947075000&from=1620945275000&active_id=3&only_round=true&_key=1614903660000
[2021-05-14 11:34:56,854] {logging_mixin.py:104} INFO - https://cdn.iqoption.com/api/quotes-history/quotes/3.0?to=1620945275000&from=1620943475000&active_id=1&only_round=true&_key=1614903660000
[2021-05-14 11:34:56,891] {logging_mixin.py:104} INFO - https://cdn.iqoption.com/api/quotes-history/quotes/3.0?to=1620945275000&from=1620943475000&active_id=2&only_round=true&_key=1614903660000
[2021-05-14 11:34:57,894] {logging_mixin.py:104} INFO - https://cdn.iqoption.com/api/quotes-history/quotes/3.0?to=1620945275000&from=1620943475000&active_id=3&only_round=true&_key=1614903660000
[2021-05-14 11:34:57,943] {logging_mixin.py:104} INFO - https://cdn.iqoption.com/api/quotes-history/quotes/3.0?to=1620943475000&from=1620941675000&active_id=1&only_round=true&_key=1614903660000
[2021-05-14 11:34:58,028] {logging_mixin.py:104} INFO - https://cdn.iqoption.com/api/quotes-history/quotes/3.0?to=1620943475000&from=1620941675000&active_id=2&only_round=true&_key=1614903660000
[2021-05-14 11:34:58,041] {logging_mixin.py:104} INFO - https://cdn.iqoption.com/api/quotes-history/quotes/3.0?to=1620943475000&from=1620941675000&active_id=3&only_round=true&_key=1614903660000
[2021-05-14 11:34:58,120] {logging_mixin.py:104} INFO - https://cdn.iqoption.com/api/quotes-history/quotes/3.0?to=1620941675000&from=1620939875000&active_id=1&only_round=true&_key=1614903660000
[2021-05-14 11:34:58,421] {logging_mixin.py:104} INFO - https://cdn.iqoption.com/api/quotes-history/quotes/3.0?to=1620941675000&from=1620939875000&active_id=2&only_round=true&_key=1614903660000
[2021-05-14 11:34:59,031] {logging_mixin.py:104} INFO - https://cdn.iqoption.com/api/quotes-history/quotes/3.0?to=1620941675000&from=1620939875000&active_id=3&only_round=true&_key=1614903660000
[2021-05-14 11:34:59,377] {logging_mixin.py:104} INFO - https://cdn.iqoption.com/api/quotes-history/quotes/3.0?to=1620939875000&from=1620938075000&active_id=1&only_round=true&_key=1614903660000
[2021-05-14 11:34:59,584] {logging_mixin.py:104} INFO - https://cdn.iqoption.com/api/quotes-history/quotes/3.0?to=1620939875000&from=1620938075000&active_id=2&only_round=true&_key=1614903660000
[2021-05-14 11:34:59,686] {logging_mixin.py:104} INFO - https://cdn.iqoption.com/api/quotes-history/quotes/3.0?to=1620939875000&from=1620938075000&active_id=3&only_round=true&_key=1614903660000
[2021-05-14 11:34:59,823] {logging_mixin.py:104} INFO - https://cdn.iqoption.com/api/quotes-history/quotes/3.0?to=1620938075000&from=1620936275000&active_id=1&only_round=true&_key=1614903660000
[2021-05-14 11:34:59,868] {logging_mixin.py:104} INFO - https://cdn.iqoption.com/api/quotes-history/quotes/3.0?to=1620938075000&from=1620936275000&active_id=2&only_round=true&_key=1614903660000
[2021-05-14 11:35:00,363] {logging_mixin.py:104} INFO - https://cdn.iqoption.com/api/quotes-history/quotes/3.0?to=1620938075000&from=1620936275000&active_id=3&only_round=true&_key=1614903660000
[2021-05-14 11:35:00,696] {logging_mixin.py:104} INFO - https://cdn.iqoption.com/api/quotes-history/quotes/3.0?to=1620936275000&from=1620934475000&active_id=1&only_round=true&_key=1614903660000
[2021-05-14 11:35:01,034] {logging_mixin.py:104} INFO - https://cdn.iqoption.com/api/quotes-history/quotes/3.0?to=1620936275000&from=1620934475000&active_id=2&only_round=true&_key=1614903660000
[2021-05-14 11:35:01,319] {logging_mixin.py:104} INFO - https://cdn.iqoption.com/api/quotes-history/quotes/3.0?to=1620936275000&from=1620934475000&active_id=3&only_round=true&_key=1614903660000
[2021-05-14 11:35:01,460] {logging_mixin.py:104} INFO - https://cdn.iqoption.com/api/quotes-history/quotes/3.0?to=1620934475000&from=1620932675000&active_id=1&only_round=true&_key=1614903660000
[2021-05-14 11:35:01,460] {logging_mixin.py:104} INFO - https://cdn.iqoption.com/api/quotes-history/quotes/3.0?to=1620934475000&from=1620932675000&active_id=1&only_round=true&_key=1614903660000
https://cdn.iqoption.com/api/quotes-history/quotes/3.0?to=1620934475000&from=1620932675000&active_id=2&only_round=true&_key=1614903660000
[2021-05-14 11:35:01,508] {logging_mixin.py:104} INFO - https://cdn.iqoption.com/api/quotes-history/quotes/3.0?to=1620934475000&from=1620932675000&active_id=3&only_round=true&_key=1614903660000
[2021-05-14 11:35:01,920] {logging_mixin.py:104} INFO - https://cdn.iqoption.com/api/quotes-history/quotes/3.0?to=1620932675000&from=1620930875000&active_id=1&only_round=true&_key=1614903660000
[2021-05-14 11:35:01,976] {logging_mixin.py:104} INFO - https://cdn.iqoption.com/api/quotes-history/quotes/3.0?to=1620932675000&from=1620930875000&active_id=2&only_round=true&_key=1614903660000
[2021-05-14 11:35:02,708] {logging_mixin.py:104} INFO - https://cdn.iqoption.com/api/quotes-history/quotes/3.0?to=1620932675000&from=1620930875000&active_id=3&only_round=true&_key=1614903660000
[2021-05-14 11:35:02,904] {logging_mixin.py:104} INFO - https://cdn.iqoption.com/api/quotes-history/quotes/3.0?to=1620930875000&from=1620929075000&active_id=1&only_round=true&_key=1614903660000
[2021-05-14 11:35:02,918] {logging_mixin.py:104} INFO - https://cdn.iqoption.com/api/quotes-history/quotes/3.0?to=1620930875000&from=1620929075000&active_id=2&only_round=true&_key=1614903660000
[2021-05-14 11:35:03,222] {logging_mixin.py:104} INFO - https://cdn.iqoption.com/api/quotes-history/quotes/3.0?to=1620930875000&from=1620929075000&active_id=3&only_round=true&_key=1614903660000
[2021-05-14 11:35:03,225] {logging_mixin.py:104} INFO - https://cdn.iqoption.com/api/quotes-history/quotes/3.0?to=1620929075000&from=1620927275000&active_id=1&only_round=true&_key=1614903660000
[2021-05-14 11:35:03,460] {logging_mixin.py:104} INFO - https://cdn.iqoption.com/api/quotes-history/quotes/3.0?to=1620929075000&from=1620927275000&active_id=2&only_round=true&_key=1614903660000
[2021-05-14 11:35:03,580] {logging_mixin.py:104} INFO - https://cdn.iqoption.com/api/quotes-history/quotes/3.0?to=1620929075000&from=1620927275000&active_id=3&only_round=true&_key=1614903660000
[2021-05-14 11:35:03,617] {logging_mixin.py:104} INFO - https://cdn.iqoption.com/api/quotes-history/quotes/3.0?to=1620927275000&from=1620925475000&active_id=1&only_round=true&_key=1614903660000
[2021-05-14 11:35:04,282] {logging_mixin.py:104} INFO - https://cdn.iqoption.com/api/quotes-history/quotes/3.0?to=1620927275000&from=1620925475000&active_id=2&only_round=true&_key=1614903660000
[2021-05-14 11:35:04,468] {logging_mixin.py:104} INFO - https://cdn.iqoption.com/api/quotes-history/quotes/3.0?to=1620927275000&from=1620925475000&active_id=3&only_round=true&_key=1614903660000
[2021-05-14 11:35:04,601] {logging_mixin.py:104} INFO - https://cdn.iqoption.com/api/quotes-history/quotes/3.0?to=1620925475000&from=1620923675000&active_id=1&only_round=true&_key=1614903660000
[2021-05-14 11:35:04,766] {logging_mixin.py:104} INFO - https://cdn.iqoption.com/api/quotes-history/quotes/3.0?to=1620925475000&from=1620923675000&active_id=2&only_round=true&_key=1614903660000
[2021-05-14 11:35:04,904] {logging_mixin.py:104} INFO - https://cdn.iqoption.com/api/quotes-history/quotes/3.0?to=1620925475000&from=1620923675000&active_id=3&only_round=true&_key=1614903660000
[2021-05-14 11:35:05,067] {logging_mixin.py:104} INFO - https://cdn.iqoption.com/api/quotes-history/quotes/3.0?to=1620923675000&from=1620921875000&active_id=1&only_round=true&_key=1614903660000
[2021-05-14 11:35:05,132] {logging_mixin.py:104} INFO - https://cdn.iqoption.com/api/quotes-history/quotes/3.0?to=1620923675000&from=1620921875000&active_id=2&only_round=true&_key=1614903660000
[2021-05-14 11:35:05,562] {logging_mixin.py:104} INFO - https://cdn.iqoption.com/api/quotes-history/quotes/3.0?to=1620923675000&from=1620921875000&active_id=3&only_round=true&_key=1614903660000
[2021-05-14 11:35:05,996] {logging_mixin.py:104} INFO - https://cdn.iqoption.com/api/quotes-history/quotes/3.0?to=1620921875000&from=1620920075000&active_id=1&only_round=true&_key=1614903660000
[2021-05-14 11:35:06,072] {logging_mixin.py:104} INFO - https://cdn.iqoption.com/api/quotes-history/quotes/3.0?to=1620921875000&from=1620920075000&active_id=2&only_round=true&_key=1614903660000
[2021-05-14 11:35:06,163] {logging_mixin.py:104} INFO - https://cdn.iqoption.com/api/quotes-history/quotes/3.0?to=1620921875000&from=1620920075000&active_id=3&only_round=true&_key=1614903660000
[2021-05-14 11:35:06,357] {logging_mixin.py:104} INFO - https://cdn.iqoption.com/api/quotes-history/quotes/3.0?to=1620920075000&from=1620918275000&active_id=1&only_round=true&_key=1614903660000
[2021-05-14 11:35:06,530] {logging_mixin.py:104} INFO - https://cdn.iqoption.com/api/quotes-history/quotes/3.0?to=1620920075000&from=1620918275000&active_id=2&only_round=true&_key=1614903660000
[2021-05-14 11:35:06,702] {logging_mixin.py:104} INFO - https://cdn.iqoption.com/api/quotes-history/quotes/3.0?to=1620920075000&from=1620918275000&active_id=3&only_round=true&_key=1614903660000
[2021-05-14 11:35:06,727] {logging_mixin.py:104} INFO - https://cdn.iqoption.com/api/quotes-history/quotes/3.0?to=1620918275000&from=1620916475000&active_id=1&only_round=true&_key=1614903660000
[2021-05-14 11:35:07,251] {logging_mixin.py:104} INFO - https://cdn.iqoption.com/api/quotes-history/quotes/3.0?to=1620918275000&from=1620916475000&active_id=2&only_round=true&_key=1614903660000
[2021-05-14 11:35:07,738] {logging_mixin.py:104} INFO - https://cdn.iqoption.com/api/quotes-history/quotes/3.0?to=1620918275000&from=1620916475000&active_id=3&only_round=true&_key=1614903660000
[2021-05-14 11:35:09,272] {taskinstance.py:1482} ERROR - Task failed with exception
Traceback (most recent call last):
  File "/Library/Frameworks/Python.framework/Versions/3.7/lib/python3.7/site-packages/airflow/models/taskinstance.py", line 1138, in _run_raw_task
    self._prepare_and_execute_task_with_callbacks(context, task)
  File "/Library/Frameworks/Python.framework/Versions/3.7/lib/python3.7/site-packages/airflow/models/taskinstance.py", line 1311, in _prepare_and_execute_task_with_callbacks
    result = self._execute_task(context, task_copy)
  File "/Library/Frameworks/Python.framework/Versions/3.7/lib/python3.7/site-packages/airflow/models/taskinstance.py", line 1341, in _execute_task
    result = task_copy.execute(context=context)
  File "/Library/Frameworks/Python.framework/Versions/3.7/lib/python3.7/site-packages/airflow/operators/python.py", line 117, in execute
    return_value = self.execute_callable()
  File "/Library/Frameworks/Python.framework/Versions/3.7/lib/python3.7/site-packages/airflow/operators/python.py", line 128, in execute_callable
    return self.python_callable(*self.op_args, **self.op_kwargs)
  File "/Users/raphaelcarvalho/Documents/forex/load_data_to_s3.py", line 28, in load_data_to_s3
    f.run_etl(min_ts=date_from, end_ts=date_to, step=step, active_id=active_ids, date=today)
  File "/Users/raphaelcarvalho/Documents/forex/functions.py", line 138, in run_etl
    processed_data = process_data(api_calls, date, n_threads=8)
  File "/Users/raphaelcarvalho/Documents/forex/functions.py", line 125, in process_data
    results = [f.result() for f in futures]
  File "/Users/raphaelcarvalho/Documents/forex/functions.py", line 125, in <listcomp>
    results = [f.result() for f in futures]
  File "/Library/Frameworks/Python.framework/Versions/3.7/lib/python3.7/concurrent/futures/_base.py", line 425, in result
    return self.__get_result()
  File "/Library/Frameworks/Python.framework/Versions/3.7/lib/python3.7/concurrent/futures/_base.py", line 384, in __get_result
    raise self._exception
  File "/Library/Frameworks/Python.framework/Versions/3.7/lib/python3.7/concurrent/futures/thread.py", line 57, in run
    result = self.fn(*self.args, **self.kwargs)
  File "/Users/raphaelcarvalho/Documents/forex/functions.py", line 84, in get_data
    os.makedirs(active_id_dir)
  File "/Library/Frameworks/Python.framework/Versions/3.7/lib/python3.7/os.py", line 221, in makedirs
    mkdir(name, mode)
FileExistsError: [Errno 17] File exists: '/Users/raphaelcarvalho/Documents/forex/csvs/1'
[2021-05-14 11:35:09,285] {taskinstance.py:1532} INFO - Marking task as FAILED. dag_id=etl, task_id=loading_data_to_s3, execution_date=20210514T143420, start_date=20210514T143433, end_date=20210514T143509
[2021-05-14 11:35:09,327] {local_task_job.py:146} INFO - Task exited with return code 1
