[2021-05-16 22:31:22,919] {taskinstance.py:877} INFO - Dependencies all met for <TaskInstance: etl.load_dim_table 2021-05-16T20:00:00+00:00 [queued]>
[2021-05-16 22:31:22,928] {taskinstance.py:877} INFO - Dependencies all met for <TaskInstance: etl.load_dim_table 2021-05-16T20:00:00+00:00 [queued]>
[2021-05-16 22:31:22,928] {taskinstance.py:1068} INFO - 
--------------------------------------------------------------------------------
[2021-05-16 22:31:22,928] {taskinstance.py:1069} INFO - Starting attempt 1 of 1
[2021-05-16 22:31:22,928] {taskinstance.py:1070} INFO - 
--------------------------------------------------------------------------------
[2021-05-16 22:31:22,936] {taskinstance.py:1089} INFO - Executing <Task(ExecuteQueryOperator): load_dim_table> on 2021-05-16T20:00:00+00:00
[2021-05-16 22:31:22,944] {standard_task_runner.py:52} INFO - Started process 32634 to run task
[2021-05-16 22:31:22,951] {standard_task_runner.py:76} INFO - Running: ['airflow', 'tasks', 'run', 'etl', 'load_dim_table', '2021-05-16T20:00:00+00:00', '--job-id', '821', '--pool', 'default_pool', '--raw', '--subdir', 'DAGS_FOLDER/etl_dag.py', '--cfg-path', '/var/folders/_f/vg3x3jmj23bcz6s88l7v6fb40000gn/T/tmp6uq54dnq', '--error-file', '/var/folders/_f/vg3x3jmj23bcz6s88l7v6fb40000gn/T/tmpglu0e2lx']
[2021-05-16 22:31:22,953] {standard_task_runner.py:77} INFO - Job 821: Subtask load_dim_table
[2021-05-16 22:31:23,002] {logging_mixin.py:104} INFO - Running <TaskInstance: etl.load_dim_table 2021-05-16T20:00:00+00:00 [running]> on host 27.2.168.192.in-addr.arpa
[2021-05-16 22:31:23,065] {taskinstance.py:1283} INFO - Exporting the following env vars:
AIRFLOW_CTX_DAG_OWNER=udacity
AIRFLOW_CTX_DAG_ID=etl
AIRFLOW_CTX_TASK_ID=load_dim_table
AIRFLOW_CTX_EXECUTION_DATE=2021-05-16T20:00:00+00:00
AIRFLOW_CTX_DAG_RUN_ID=scheduled__2021-05-16T20:00:00+00:00
[2021-05-16 22:31:23,066] {execute_query.py:21} INFO - Executing query
[2021-05-16 22:31:23,076] {base.py:78} INFO - Using connection to: id: redshift. Host: redshift-cluster-1.caua6g9a7jto.us-east-1.redshift.amazonaws.com, Port: 5439, Schema: dev, Login: awsuser, Password: XXXXXXXX, extra: None
[2021-05-16 22:31:24,128] {dbapi.py:180} INFO - Running statement: 
    INSERT INTO forex.dim_active_id VALUES
    (1, 'EUR/USD'),
    (2, 'EUR/GBP'),
    (3, 'GBP/JPY'),
    (4, 'EUR/JPY'),
    (5, 'GBP/USD'),
    (6, 'USD/JPY');
, parameters: None
[2021-05-16 22:31:24,482] {dbapi.py:186} INFO - Rows affected: 6
[2021-05-16 22:31:24,666] {taskinstance.py:1192} INFO - Marking task as SUCCESS. dag_id=etl, task_id=load_dim_table, execution_date=20210516T200000, start_date=20210517T013122, end_date=20210517T013124
[2021-05-16 22:31:24,729] {taskinstance.py:1246} INFO - 1 downstream tasks scheduled from follow-on schedule check
[2021-05-16 22:31:24,780] {local_task_job.py:146} INFO - Task exited with return code 0
