[2021-05-15 11:40:51,906] {taskinstance.py:877} INFO - Dependencies all met for <TaskInstance: etl.remove_s3_files 2021-05-15T14:36:30.255306+00:00 [queued]>
[2021-05-15 11:40:51,912] {taskinstance.py:877} INFO - Dependencies all met for <TaskInstance: etl.remove_s3_files 2021-05-15T14:36:30.255306+00:00 [queued]>
[2021-05-15 11:40:51,912] {taskinstance.py:1068} INFO - 
--------------------------------------------------------------------------------
[2021-05-15 11:40:51,912] {taskinstance.py:1069} INFO - Starting attempt 1 of 1
[2021-05-15 11:40:51,912] {taskinstance.py:1070} INFO - 
--------------------------------------------------------------------------------
[2021-05-15 11:40:51,917] {taskinstance.py:1089} INFO - Executing <Task(PythonOperator): remove_s3_files> on 2021-05-15T14:36:30.255306+00:00
[2021-05-15 11:40:51,921] {standard_task_runner.py:52} INFO - Started process 28345 to run task
[2021-05-15 11:40:51,927] {standard_task_runner.py:76} INFO - Running: ['airflow', 'tasks', 'run', 'etl', 'remove_s3_files', '2021-05-15T14:36:30.255306+00:00', '--job-id', '709', '--pool', 'default_pool', '--raw', '--subdir', 'DAGS_FOLDER/etl_dag.py', '--cfg-path', '/var/folders/_f/vg3x3jmj23bcz6s88l7v6fb40000gn/T/tmpodukf2ah', '--error-file', '/var/folders/_f/vg3x3jmj23bcz6s88l7v6fb40000gn/T/tmp9n_7am4x']
[2021-05-15 11:40:51,930] {standard_task_runner.py:77} INFO - Job 709: Subtask remove_s3_files
[2021-05-15 11:40:51,959] {logging_mixin.py:104} INFO - Running <TaskInstance: etl.remove_s3_files 2021-05-15T14:36:30.255306+00:00 [running]> on host 27.2.168.192.in-addr.arpa
[2021-05-15 11:40:51,982] {taskinstance.py:1283} INFO - Exporting the following env vars:
AIRFLOW_CTX_DAG_OWNER=udacity
AIRFLOW_CTX_DAG_ID=etl
AIRFLOW_CTX_TASK_ID=remove_s3_files
AIRFLOW_CTX_EXECUTION_DATE=2021-05-15T14:36:30.255306+00:00
AIRFLOW_CTX_DAG_RUN_ID=manual__2021-05-15T14:36:30.255306+00:00
[2021-05-15 11:40:54,428] {python.py:118} INFO - Done. Returned value was: None
[2021-05-15 11:40:54,433] {taskinstance.py:1192} INFO - Marking task as SUCCESS. dag_id=etl, task_id=remove_s3_files, execution_date=20210515T143630, start_date=20210515T144051, end_date=20210515T144054
[2021-05-15 11:40:54,470] {taskinstance.py:1246} INFO - 0 downstream tasks scheduled from follow-on schedule check
[2021-05-15 11:40:54,479] {local_task_job.py:146} INFO - Task exited with return code 0
