[2021-05-15 11:36:44,140] {taskinstance.py:877} INFO - Dependencies all met for <TaskInstance: etl.loading_data_to_s3 2021-05-15T14:36:30.255306+00:00 [queued]>
[2021-05-15 11:36:44,145] {taskinstance.py:877} INFO - Dependencies all met for <TaskInstance: etl.loading_data_to_s3 2021-05-15T14:36:30.255306+00:00 [queued]>
[2021-05-15 11:36:44,145] {taskinstance.py:1068} INFO - 
--------------------------------------------------------------------------------
[2021-05-15 11:36:44,145] {taskinstance.py:1069} INFO - Starting attempt 1 of 1
[2021-05-15 11:36:44,145] {taskinstance.py:1070} INFO - 
--------------------------------------------------------------------------------
[2021-05-15 11:36:44,150] {taskinstance.py:1089} INFO - Executing <Task(PythonOperator): loading_data_to_s3> on 2021-05-15T14:36:30.255306+00:00
[2021-05-15 11:36:44,153] {standard_task_runner.py:52} INFO - Started process 28264 to run task
[2021-05-15 11:36:44,161] {standard_task_runner.py:76} INFO - Running: ['airflow', 'tasks', 'run', 'etl', 'loading_data_to_s3', '2021-05-15T14:36:30.255306+00:00', '--job-id', '705', '--pool', 'default_pool', '--raw', '--subdir', 'DAGS_FOLDER/etl_dag.py', '--cfg-path', '/var/folders/_f/vg3x3jmj23bcz6s88l7v6fb40000gn/T/tmpjret12cc', '--error-file', '/var/folders/_f/vg3x3jmj23bcz6s88l7v6fb40000gn/T/tmp93fi54tw']
[2021-05-15 11:36:44,162] {standard_task_runner.py:77} INFO - Job 705: Subtask loading_data_to_s3
[2021-05-15 11:36:44,193] {logging_mixin.py:104} INFO - Running <TaskInstance: etl.loading_data_to_s3 2021-05-15T14:36:30.255306+00:00 [running]> on host 27.2.168.192.in-addr.arpa
[2021-05-15 11:36:44,216] {taskinstance.py:1283} INFO - Exporting the following env vars:
AIRFLOW_CTX_DAG_OWNER=udacity
AIRFLOW_CTX_DAG_ID=etl
AIRFLOW_CTX_TASK_ID=loading_data_to_s3
AIRFLOW_CTX_EXECUTION_DATE=2021-05-15T14:36:30.255306+00:00
AIRFLOW_CTX_DAG_RUN_ID=manual__2021-05-15T14:36:30.255306+00:00
[2021-05-15 11:36:45,530] {logging_mixin.py:104} INFO - Fetching interval list
[2021-05-15 11:36:45,533] {logging_mixin.py:104} INFO - Inverval list built
[2021-05-15 11:36:45,534] {logging_mixin.py:104} INFO - Processing data
[2021-05-15 11:36:45,534] {logging_mixin.py:104} INFO - df initialized
[2021-05-15 11:36:45,536] {logging_mixin.py:104} INFO - (array([1621085805000, 1621087605000]), 1)
[2021-05-15 11:36:45,536] {logging_mixin.py:104} INFO - (array([1621085805000, 1621087605000]), 2)
[2021-05-15 11:36:45,537] {logging_mixin.py:104} INFO - (array([1621085805000, 1621087605000]), 3)
[2021-05-15 11:36:45,538] {logging_mixin.py:104} INFO - (array([1621084005000, 1621085805000]), 1)
[2021-05-15 11:36:45,538] {logging_mixin.py:104} INFO - (array([1621084005000, 1621085805000]), 2)
[2021-05-15 11:36:45,539] {logging_mixin.py:104} INFO - (array([1621084005000, 1621085805000]), 3)
[2021-05-15 11:36:45,539] {logging_mixin.py:104} INFO - (array([1621082205000, 1621084005000]), 1)
[2021-05-15 11:36:45,540] {logging_mixin.py:104} INFO - (array([1621082205000, 1621084005000]), 2)
[2021-05-15 11:36:45,540] {logging_mixin.py:104} INFO - (array([1621082205000, 1621084005000]), 3)
[2021-05-15 11:36:45,540] {logging_mixin.py:104} INFO - (array([1621080405000, 1621082205000]), 1)
[2021-05-15 11:36:45,541] {logging_mixin.py:104} INFO - (array([1621080405000, 1621082205000]), 2)
[2021-05-15 11:36:45,542] {logging_mixin.py:104} INFO - (array([1621080405000, 1621082205000]), 3)
[2021-05-15 11:36:45,542] {logging_mixin.py:104} INFO - (array([1621078605000, 1621080405000]), 1)
[2021-05-15 11:36:45,543] {logging_mixin.py:104} INFO - (array([1621078605000, 1621080405000]), 2)
[2021-05-15 11:36:45,543] {logging_mixin.py:104} INFO - (array([1621078605000, 1621080405000]), 3)
[2021-05-15 11:36:45,543] {logging_mixin.py:104} INFO - (array([1621076805000, 1621078605000]), 1)
[2021-05-15 11:36:45,544] {logging_mixin.py:104} INFO - (array([1621076805000, 1621078605000]), 2)
[2021-05-15 11:36:45,544] {logging_mixin.py:104} INFO - (array([1621076805000, 1621078605000]), 3)
[2021-05-15 11:36:45,545] {logging_mixin.py:104} INFO - (array([1621075005000, 1621076805000]), 1)
[2021-05-15 11:36:45,545] {logging_mixin.py:104} INFO - (array([1621075005000, 1621076805000]), 2)
[2021-05-15 11:36:45,545] {logging_mixin.py:104} INFO - (array([1621075005000, 1621076805000]), 3)
[2021-05-15 11:36:45,546] {logging_mixin.py:104} INFO - (array([1621073205000, 1621075005000]), 1)
[2021-05-15 11:36:45,546] {logging_mixin.py:104} INFO - (array([1621073205000, 1621075005000]), 2)
[2021-05-15 11:36:45,546] {logging_mixin.py:104} INFO - (array([1621073205000, 1621075005000]), 3)
[2021-05-15 11:36:45,547] {logging_mixin.py:104} INFO - (array([1621071405000, 1621073205000]), 1)
[2021-05-15 11:36:45,547] {logging_mixin.py:104} INFO - (array([1621071405000, 1621073205000]), 2)
[2021-05-15 11:36:45,547] {logging_mixin.py:104} INFO - (array([1621071405000, 1621073205000]), 3)
[2021-05-15 11:36:45,548] {logging_mixin.py:104} INFO - (array([1621069605000, 1621071405000]), 1)
[2021-05-15 11:36:45,548] {logging_mixin.py:104} INFO - (array([1621069605000, 1621071405000]), 2)
[2021-05-15 11:36:45,549] {logging_mixin.py:104} INFO - (array([1621069605000, 1621071405000]), 3)
[2021-05-15 11:36:45,549] {logging_mixin.py:104} INFO - (array([1621067805000, 1621069605000]), 1)
[2021-05-15 11:36:45,549] {logging_mixin.py:104} INFO - (array([1621067805000, 1621069605000]), 2)
[2021-05-15 11:36:45,550] {logging_mixin.py:104} INFO - (array([1621067805000, 1621069605000]), 3)
[2021-05-15 11:36:45,550] {logging_mixin.py:104} INFO - (array([1621066005000, 1621067805000]), 1)
[2021-05-15 11:36:45,550] {logging_mixin.py:104} INFO - (array([1621066005000, 1621067805000]), 2)
[2021-05-15 11:36:45,550] {logging_mixin.py:104} INFO - (array([1621066005000, 1621067805000]), 3)
[2021-05-15 11:36:45,551] {logging_mixin.py:104} INFO - (array([1621064205000, 1621066005000]), 1)
[2021-05-15 11:36:45,551] {logging_mixin.py:104} INFO - (array([1621064205000, 1621066005000]), 2)
[2021-05-15 11:36:45,551] {logging_mixin.py:104} INFO - (array([1621064205000, 1621066005000]), 3)
[2021-05-15 11:36:45,552] {logging_mixin.py:104} INFO - (array([1621062405000, 1621064205000]), 1)
[2021-05-15 11:36:45,552] {logging_mixin.py:104} INFO - (array([1621062405000, 1621064205000]), 2)
[2021-05-15 11:36:45,553] {logging_mixin.py:104} INFO - (array([1621062405000, 1621064205000]), 3)
[2021-05-15 11:36:45,553] {logging_mixin.py:104} INFO - (array([1621060605000, 1621062405000]), 1)
[2021-05-15 11:36:45,553] {logging_mixin.py:104} INFO - (array([1621060605000, 1621062405000]), 2)
[2021-05-15 11:36:45,554] {logging_mixin.py:104} INFO - (array([1621060605000, 1621062405000]), 3)
[2021-05-15 11:36:45,554] {logging_mixin.py:104} INFO - (array([1621058805000, 1621060605000]), 1)
[2021-05-15 11:36:45,554] {logging_mixin.py:104} INFO - (array([1621058805000, 1621060605000]), 2)
[2021-05-15 11:36:45,555] {logging_mixin.py:104} INFO - (array([1621058805000, 1621060605000]), 3)
[2021-05-15 11:36:45,555] {logging_mixin.py:104} INFO - (array([1621057005000, 1621058805000]), 1)
[2021-05-15 11:36:45,555] {logging_mixin.py:104} INFO - (array([1621057005000, 1621058805000]), 2)
[2021-05-15 11:36:45,556] {logging_mixin.py:104} INFO - (array([1621057005000, 1621058805000]), 3)
[2021-05-15 11:36:45,556] {logging_mixin.py:104} INFO - (array([1621055205000, 1621057005000]), 1)
[2021-05-15 11:36:45,556] {logging_mixin.py:104} INFO - (array([1621055205000, 1621057005000]), 2)
[2021-05-15 11:36:45,556] {logging_mixin.py:104} INFO - (array([1621055205000, 1621057005000]), 3)
[2021-05-15 11:36:45,557] {logging_mixin.py:104} INFO - (array([1621053405000, 1621055205000]), 1)
[2021-05-15 11:36:45,557] {logging_mixin.py:104} INFO - (array([1621053405000, 1621055205000]), 2)
[2021-05-15 11:36:45,557] {logging_mixin.py:104} INFO - (array([1621053405000, 1621055205000]), 3)
[2021-05-15 11:36:45,558] {logging_mixin.py:104} INFO - (array([1621051605000, 1621053405000]), 1)
[2021-05-15 11:36:45,558] {logging_mixin.py:104} INFO - (array([1621051605000, 1621053405000]), 2)
[2021-05-15 11:36:45,558] {logging_mixin.py:104} INFO - (array([1621051605000, 1621053405000]), 3)
[2021-05-15 11:36:45,558] {logging_mixin.py:104} INFO - (array([1621049805000, 1621051605000]), 1)
[2021-05-15 11:36:45,559] {logging_mixin.py:104} INFO - (array([1621049805000, 1621051605000]), 2)
[2021-05-15 11:36:45,559] {logging_mixin.py:104} INFO - (array([1621049805000, 1621051605000]), 3)
[2021-05-15 11:36:45,559] {logging_mixin.py:104} INFO - (array([1621048005000, 1621049805000]), 1)
[2021-05-15 11:36:45,560] {logging_mixin.py:104} INFO - (array([1621048005000, 1621049805000]), 2)
[2021-05-15 11:36:45,560] {logging_mixin.py:104} INFO - (array([1621048005000, 1621049805000]), 3)
[2021-05-15 11:36:45,560] {logging_mixin.py:104} INFO - (array([1621046205000, 1621048005000]), 1)
[2021-05-15 11:36:45,560] {logging_mixin.py:104} INFO - (array([1621046205000, 1621048005000]), 2)
[2021-05-15 11:36:45,561] {logging_mixin.py:104} INFO - (array([1621046205000, 1621048005000]), 3)
[2021-05-15 11:36:45,561] {logging_mixin.py:104} INFO - (array([1621044405000, 1621046205000]), 1)
[2021-05-15 11:36:45,561] {logging_mixin.py:104} INFO - (array([1621044405000, 1621046205000]), 2)
[2021-05-15 11:36:45,561] {logging_mixin.py:104} INFO - (array([1621044405000, 1621046205000]), 3)
[2021-05-15 11:36:45,562] {logging_mixin.py:104} INFO - (array([1621042605000, 1621044405000]), 1)
[2021-05-15 11:36:45,562] {logging_mixin.py:104} INFO - (array([1621042605000, 1621044405000]), 2)
[2021-05-15 11:36:45,562] {logging_mixin.py:104} INFO - (array([1621042605000, 1621044405000]), 3)
[2021-05-15 11:36:45,563] {logging_mixin.py:104} INFO - (array([1621040805000, 1621042605000]), 1)
[2021-05-15 11:36:45,563] {logging_mixin.py:104} INFO - (array([1621040805000, 1621042605000]), 2)
[2021-05-15 11:36:45,563] {logging_mixin.py:104} INFO - (array([1621040805000, 1621042605000]), 3)
[2021-05-15 11:36:45,563] {logging_mixin.py:104} INFO - (array([1621039005000, 1621040805000]), 1)
[2021-05-15 11:36:45,564] {logging_mixin.py:104} INFO - (array([1621039005000, 1621040805000]), 2)
[2021-05-15 11:36:45,564] {logging_mixin.py:104} INFO - (array([1621039005000, 1621040805000]), 3)
[2021-05-15 11:36:45,564] {logging_mixin.py:104} INFO - (array([1621037205000, 1621039005000]), 1)
[2021-05-15 11:36:45,564] {logging_mixin.py:104} INFO - (array([1621037205000, 1621039005000]), 2)
[2021-05-15 11:36:45,565] {logging_mixin.py:104} INFO - (array([1621037205000, 1621039005000]), 3)
[2021-05-15 11:36:45,565] {logging_mixin.py:104} INFO - (array([1621035405000, 1621037205000]), 1)
[2021-05-15 11:36:45,566] {logging_mixin.py:104} INFO - (array([1621035405000, 1621037205000]), 2)
[2021-05-15 11:36:45,566] {logging_mixin.py:104} INFO - (array([1621035405000, 1621037205000]), 3)
[2021-05-15 11:36:45,566] {logging_mixin.py:104} INFO - (array([1621033605000, 1621035405000]), 1)
[2021-05-15 11:36:45,566] {logging_mixin.py:104} INFO - (array([1621033605000, 1621035405000]), 2)
[2021-05-15 11:36:45,567] {logging_mixin.py:104} INFO - (array([1621033605000, 1621035405000]), 3)
[2021-05-15 11:36:45,567] {logging_mixin.py:104} INFO - (array([1621031805000, 1621033605000]), 1)
[2021-05-15 11:36:45,567] {logging_mixin.py:104} INFO - (array([1621031805000, 1621033605000]), 2)
[2021-05-15 11:36:45,567] {logging_mixin.py:104} INFO - (array([1621031805000, 1621033605000]), 3)
[2021-05-15 11:36:45,568] {logging_mixin.py:104} INFO - (array([1621030005000, 1621031805000]), 1)
[2021-05-15 11:36:45,568] {logging_mixin.py:104} INFO - (array([1621030005000, 1621031805000]), 2)
[2021-05-15 11:36:45,568] {logging_mixin.py:104} INFO - (array([1621030005000, 1621031805000]), 3)
[2021-05-15 11:36:45,569] {logging_mixin.py:104} INFO - (array([1621028205000, 1621030005000]), 1)
[2021-05-15 11:36:45,569] {logging_mixin.py:104} INFO - (array([1621028205000, 1621030005000]), 2)
[2021-05-15 11:36:45,569] {logging_mixin.py:104} INFO - (array([1621028205000, 1621030005000]), 3)
[2021-05-15 11:36:45,569] {logging_mixin.py:104} INFO - (array([1621026405000, 1621028205000]), 1)
[2021-05-15 11:36:45,570] {logging_mixin.py:104} INFO - (array([1621026405000, 1621028205000]), 2)
[2021-05-15 11:36:45,570] {logging_mixin.py:104} INFO - (array([1621026405000, 1621028205000]), 3)
[2021-05-15 11:36:45,570] {logging_mixin.py:104} INFO - (array([1621024605000, 1621026405000]), 1)
[2021-05-15 11:36:45,570] {logging_mixin.py:104} INFO - (array([1621024605000, 1621026405000]), 2)
[2021-05-15 11:36:45,571] {logging_mixin.py:104} INFO - (array([1621024605000, 1621026405000]), 3)
[2021-05-15 11:36:45,571] {logging_mixin.py:104} INFO - (array([1621022805000, 1621024605000]), 1)
[2021-05-15 11:36:45,571] {logging_mixin.py:104} INFO - (array([1621022805000, 1621024605000]), 2)
[2021-05-15 11:36:45,572] {logging_mixin.py:104} INFO - (array([1621022805000, 1621024605000]), 3)
[2021-05-15 11:36:45,572] {logging_mixin.py:104} INFO - (array([1621021005000, 1621022805000]), 1)
[2021-05-15 11:36:45,572] {logging_mixin.py:104} INFO - (array([1621021005000, 1621022805000]), 2)
[2021-05-15 11:36:45,572] {logging_mixin.py:104} INFO - (array([1621021005000, 1621022805000]), 3)
[2021-05-15 11:36:45,573] {logging_mixin.py:104} INFO - (array([1621019205000, 1621021005000]), 1)
[2021-05-15 11:36:45,573] {logging_mixin.py:104} INFO - (array([1621019205000, 1621021005000]), 2)
[2021-05-15 11:36:45,573] {logging_mixin.py:104} INFO - (array([1621019205000, 1621021005000]), 3)
[2021-05-15 11:36:45,574] {logging_mixin.py:104} INFO - (array([1621017405000, 1621019205000]), 1)
[2021-05-15 11:36:45,574] {logging_mixin.py:104} INFO - (array([1621017405000, 1621019205000]), 2)
[2021-05-15 11:36:45,574] {logging_mixin.py:104} INFO - (array([1621017405000, 1621019205000]), 3)
[2021-05-15 11:36:45,575] {logging_mixin.py:104} INFO - (array([1621015605000, 1621017405000]), 1)
[2021-05-15 11:36:45,575] {logging_mixin.py:104} INFO - (array([1621015605000, 1621017405000]), 2)
[2021-05-15 11:36:45,575] {logging_mixin.py:104} INFO - (array([1621015605000, 1621017405000]), 3)
[2021-05-15 11:36:45,576] {logging_mixin.py:104} INFO - (array([1621013805000, 1621015605000]), 1)
[2021-05-15 11:36:45,576] {logging_mixin.py:104} INFO - (array([1621013805000, 1621015605000]), 2)
[2021-05-15 11:36:45,576] {logging_mixin.py:104} INFO - (array([1621013805000, 1621015605000]), 3)
[2021-05-15 11:36:45,576] {logging_mixin.py:104} INFO - (array([1621012005000, 1621013805000]), 1)
[2021-05-15 11:36:45,577] {logging_mixin.py:104} INFO - (array([1621012005000, 1621013805000]), 2)
[2021-05-15 11:36:45,577] {logging_mixin.py:104} INFO - (array([1621012005000, 1621013805000]), 3)
[2021-05-15 11:36:45,577] {logging_mixin.py:104} INFO - (array([1621010205000, 1621012005000]), 1)
[2021-05-15 11:36:45,578] {logging_mixin.py:104} INFO - (array([1621010205000, 1621012005000]), 2)
[2021-05-15 11:36:45,578] {logging_mixin.py:104} INFO - (array([1621010205000, 1621012005000]), 3)
[2021-05-15 11:36:45,578] {logging_mixin.py:104} INFO - (array([1621008405000, 1621010205000]), 1)
[2021-05-15 11:36:45,578] {logging_mixin.py:104} INFO - (array([1621008405000, 1621010205000]), 2)
[2021-05-15 11:36:45,579] {logging_mixin.py:104} INFO - (array([1621008405000, 1621010205000]), 3)
[2021-05-15 11:36:45,579] {logging_mixin.py:104} INFO - (array([1621006605000, 1621008405000]), 1)
[2021-05-15 11:36:45,579] {logging_mixin.py:104} INFO - (array([1621006605000, 1621008405000]), 2)
[2021-05-15 11:36:45,579] {logging_mixin.py:104} INFO - (array([1621006605000, 1621008405000]), 3)
[2021-05-15 11:36:45,580] {logging_mixin.py:104} INFO - (array([1621004805000, 1621006605000]), 1)
[2021-05-15 11:36:45,580] {logging_mixin.py:104} INFO - (array([1621004805000, 1621006605000]), 2)
[2021-05-15 11:36:45,580] {logging_mixin.py:104} INFO - (array([1621004805000, 1621006605000]), 3)
[2021-05-15 11:36:45,581] {logging_mixin.py:104} INFO - (array([1621003005000, 1621004805000]), 1)
[2021-05-15 11:36:45,581] {logging_mixin.py:104} INFO - (array([1621003005000, 1621004805000]), 2)
[2021-05-15 11:36:45,581] {logging_mixin.py:104} INFO - (array([1621003005000, 1621004805000]), 3)
[2021-05-15 11:36:45,581] {logging_mixin.py:104} INFO - ThreadPoolExecutor initialized
[2021-05-15 11:36:45,582] {logging_mixin.py:104} INFO - running function for: (array([1621085805000, 1621087605000]), 1)
[2021-05-15 11:36:45,582] {logging_mixin.py:104} INFO - https://cdn.iqoption.com/api/quotes-history/quotes/3.0?to=1621087605000&from=1621085805000&active_id=1&only_round=true&_key=1614903660000
[2021-05-15 11:36:45,583] {logging_mixin.py:104} INFO - submitted
[2021-05-15 11:36:45,584] {logging_mixin.py:104} INFO - running function for: (array([1621085805000, 1621087605000]), 2)
[2021-05-15 11:36:45,584] {logging_mixin.py:104} INFO - https://cdn.iqoption.com/api/quotes-history/quotes/3.0?to=1621087605000&from=1621085805000&active_id=2&only_round=true&_key=1614903660000
[2021-05-15 11:36:45,584] {logging_mixin.py:104} INFO - submitted
[2021-05-15 11:36:45,585] {logging_mixin.py:104} INFO - running function for: (array([1621085805000, 1621087605000]), 3)
[2021-05-15 11:36:45,585] {logging_mixin.py:104} INFO - https://cdn.iqoption.com/api/quotes-history/quotes/3.0?to=1621087605000&from=1621085805000&active_id=3&only_round=true&_key=1614903660000
[2021-05-15 11:36:45,586] {logging_mixin.py:104} INFO - submitted
[2021-05-15 11:36:45,587] {logging_mixin.py:104} INFO - running function for: (array([1621084005000, 1621085805000]), 1)
[2021-05-15 11:36:45,587] {logging_mixin.py:104} INFO - https://cdn.iqoption.com/api/quotes-history/quotes/3.0?to=1621085805000&from=1621084005000&active_id=1&only_round=true&_key=1614903660000
[2021-05-15 11:36:45,588] {logging_mixin.py:104} INFO - submitted
[2021-05-15 11:36:45,588] {logging_mixin.py:104} INFO - running function for: (array([1621084005000, 1621085805000]), 2)
[2021-05-15 11:36:45,589] {logging_mixin.py:104} INFO - https://cdn.iqoption.com/api/quotes-history/quotes/3.0?to=1621085805000&from=1621084005000&active_id=2&only_round=true&_key=1614903660000
[2021-05-15 11:36:45,589] {logging_mixin.py:104} INFO - submitted
[2021-05-15 11:36:45,590] {logging_mixin.py:104} INFO - running function for: (array([1621084005000, 1621085805000]), 3)
[2021-05-15 11:36:45,590] {logging_mixin.py:104} INFO - https://cdn.iqoption.com/api/quotes-history/quotes/3.0?to=1621085805000&from=1621084005000&active_id=3&only_round=true&_key=1614903660000
[2021-05-15 11:36:45,590] {logging_mixin.py:104} INFO - submitted
[2021-05-15 11:36:45,591] {logging_mixin.py:104} INFO - running function for: (array([1621082205000, 1621084005000]), 1)
[2021-05-15 11:36:45,591] {logging_mixin.py:104} INFO - https://cdn.iqoption.com/api/quotes-history/quotes/3.0?to=1621084005000&from=1621082205000&active_id=1&only_round=true&_key=1614903660000
[2021-05-15 11:36:45,591] {logging_mixin.py:104} INFO - https://cdn.iqoption.com/api/quotes-history/quotes/3.0?to=1621084005000&from=1621082205000&active_id=1&only_round=true&_key=1614903660000
submitted
[2021-05-15 11:36:45,594] {logging_mixin.py:104} INFO - running function for: (array([1621082205000, 1621084005000]), 2)
[2021-05-15 11:36:45,594] {logging_mixin.py:104} INFO - https://cdn.iqoption.com/api/quotes-history/quotes/3.0?to=1621084005000&from=1621082205000&active_id=2&only_round=true&_key=1614903660000
[2021-05-15 11:36:45,595] {logging_mixin.py:104} INFO - submitted
[2021-05-15 11:36:45,596] {logging_mixin.py:104} INFO - running function for: (array([1621082205000, 1621084005000]), 3)
[2021-05-15 11:36:45,596] {logging_mixin.py:104} INFO - submitted
[2021-05-15 11:36:45,597] {logging_mixin.py:104} INFO - running function for: (array([1621080405000, 1621082205000]), 1)
[2021-05-15 11:36:45,597] {logging_mixin.py:104} INFO - submitted
[2021-05-15 11:36:45,600] {logging_mixin.py:104} INFO - running function for: (array([1621080405000, 1621082205000]), 2)
[2021-05-15 11:36:45,601] {logging_mixin.py:104} INFO - submitted
[2021-05-15 11:36:45,601] {logging_mixin.py:104} INFO - running function for: (array([1621080405000, 1621082205000]), 3)
[2021-05-15 11:36:45,601] {logging_mixin.py:104} INFO - submitted
[2021-05-15 11:36:45,602] {logging_mixin.py:104} INFO - running function for: (array([1621078605000, 1621080405000]), 1)
[2021-05-15 11:36:45,602] {logging_mixin.py:104} INFO - submitted
[2021-05-15 11:36:45,602] {logging_mixin.py:104} INFO - running function for: (array([1621078605000, 1621080405000]), 2)
[2021-05-15 11:36:45,603] {logging_mixin.py:104} INFO - submitted
[2021-05-15 11:36:45,603] {logging_mixin.py:104} INFO - running function for: (array([1621078605000, 1621080405000]), 3)
[2021-05-15 11:36:45,603] {logging_mixin.py:104} INFO - submitted
[2021-05-15 11:36:45,603] {logging_mixin.py:104} INFO - running function for: (array([1621076805000, 1621078605000]), 1)
[2021-05-15 11:36:45,604] {logging_mixin.py:104} INFO - submitted
[2021-05-15 11:36:45,604] {logging_mixin.py:104} INFO - running function for: (array([1621076805000, 1621078605000]), 2)
[2021-05-15 11:36:45,604] {logging_mixin.py:104} INFO - submitted
[2021-05-15 11:36:45,604] {logging_mixin.py:104} INFO - running function for: (array([1621076805000, 1621078605000]), 3)
[2021-05-15 11:36:45,605] {logging_mixin.py:104} INFO - submitted
[2021-05-15 11:36:45,605] {logging_mixin.py:104} INFO - running function for: (array([1621075005000, 1621076805000]), 1)
[2021-05-15 11:36:45,605] {logging_mixin.py:104} INFO - submitted
[2021-05-15 11:36:45,605] {logging_mixin.py:104} INFO - running function for: (array([1621075005000, 1621076805000]), 2)
[2021-05-15 11:36:45,606] {logging_mixin.py:104} INFO - submitted
[2021-05-15 11:36:45,606] {logging_mixin.py:104} INFO - running function for: (array([1621075005000, 1621076805000]), 3)
[2021-05-15 11:36:45,606] {logging_mixin.py:104} INFO - submitted
[2021-05-15 11:36:45,606] {logging_mixin.py:104} INFO - running function for: (array([1621073205000, 1621075005000]), 1)
[2021-05-15 11:36:45,607] {logging_mixin.py:104} INFO - submitted
[2021-05-15 11:36:45,607] {logging_mixin.py:104} INFO - running function for: (array([1621073205000, 1621075005000]), 2)
[2021-05-15 11:36:45,607] {logging_mixin.py:104} INFO - submitted
[2021-05-15 11:36:45,608] {logging_mixin.py:104} INFO - running function for: (array([1621073205000, 1621075005000]), 3)
[2021-05-15 11:36:45,608] {logging_mixin.py:104} INFO - submitted
[2021-05-15 11:36:45,608] {logging_mixin.py:104} INFO - running function for: (array([1621071405000, 1621073205000]), 1)
[2021-05-15 11:36:45,609] {logging_mixin.py:104} INFO - submitted
[2021-05-15 11:36:45,609] {logging_mixin.py:104} INFO - running function for: (array([1621071405000, 1621073205000]), 2)
[2021-05-15 11:36:45,609] {logging_mixin.py:104} INFO - submitted
[2021-05-15 11:36:45,609] {logging_mixin.py:104} INFO - running function for: (array([1621071405000, 1621073205000]), 3)
[2021-05-15 11:36:45,610] {logging_mixin.py:104} INFO - submitted
[2021-05-15 11:36:45,610] {logging_mixin.py:104} INFO - running function for: (array([1621069605000, 1621071405000]), 1)
[2021-05-15 11:36:45,610] {logging_mixin.py:104} INFO - submitted
[2021-05-15 11:36:45,610] {logging_mixin.py:104} INFO - running function for: (array([1621069605000, 1621071405000]), 2)
[2021-05-15 11:36:45,611] {logging_mixin.py:104} INFO - submitted
[2021-05-15 11:36:45,611] {logging_mixin.py:104} INFO - running function for: (array([1621069605000, 1621071405000]), 3)
[2021-05-15 11:36:45,611] {logging_mixin.py:104} INFO - submitted
[2021-05-15 11:36:45,611] {logging_mixin.py:104} INFO - running function for: (array([1621067805000, 1621069605000]), 1)
[2021-05-15 11:36:45,612] {logging_mixin.py:104} INFO - submitted
[2021-05-15 11:36:45,612] {logging_mixin.py:104} INFO - running function for: (array([1621067805000, 1621069605000]), 2)
[2021-05-15 11:36:45,612] {logging_mixin.py:104} INFO - submitted
[2021-05-15 11:36:45,612] {logging_mixin.py:104} INFO - running function for: (array([1621067805000, 1621069605000]), 3)
[2021-05-15 11:36:45,613] {logging_mixin.py:104} INFO - submitted
[2021-05-15 11:36:45,613] {logging_mixin.py:104} INFO - running function for: (array([1621066005000, 1621067805000]), 1)
[2021-05-15 11:36:45,613] {logging_mixin.py:104} INFO - submitted
[2021-05-15 11:36:45,613] {logging_mixin.py:104} INFO - running function for: (array([1621066005000, 1621067805000]), 2)
[2021-05-15 11:36:45,614] {logging_mixin.py:104} INFO - submitted
[2021-05-15 11:36:45,614] {logging_mixin.py:104} INFO - running function for: (array([1621066005000, 1621067805000]), 3)
[2021-05-15 11:36:45,614] {logging_mixin.py:104} INFO - submitted
[2021-05-15 11:36:45,614] {logging_mixin.py:104} INFO - running function for: (array([1621064205000, 1621066005000]), 1)
[2021-05-15 11:36:45,615] {logging_mixin.py:104} INFO - submitted
[2021-05-15 11:36:45,615] {logging_mixin.py:104} INFO - running function for: (array([1621064205000, 1621066005000]), 2)
[2021-05-15 11:36:45,615] {logging_mixin.py:104} INFO - submitted
[2021-05-15 11:36:45,615] {logging_mixin.py:104} INFO - running function for: (array([1621064205000, 1621066005000]), 3)
[2021-05-15 11:36:45,616] {logging_mixin.py:104} INFO - submitted
[2021-05-15 11:36:45,616] {logging_mixin.py:104} INFO - running function for: (array([1621062405000, 1621064205000]), 1)
[2021-05-15 11:36:45,616] {logging_mixin.py:104} INFO - submitted
[2021-05-15 11:36:45,616] {logging_mixin.py:104} INFO - running function for: (array([1621062405000, 1621064205000]), 2)
[2021-05-15 11:36:45,617] {logging_mixin.py:104} INFO - submitted
[2021-05-15 11:36:45,617] {logging_mixin.py:104} INFO - running function for: (array([1621062405000, 1621064205000]), 3)
[2021-05-15 11:36:45,617] {logging_mixin.py:104} INFO - submitted
[2021-05-15 11:36:45,617] {logging_mixin.py:104} INFO - running function for: (array([1621060605000, 1621062405000]), 1)
[2021-05-15 11:36:45,618] {logging_mixin.py:104} INFO - submitted
[2021-05-15 11:36:45,618] {logging_mixin.py:104} INFO - running function for: (array([1621060605000, 1621062405000]), 2)
[2021-05-15 11:36:45,618] {logging_mixin.py:104} INFO - submitted
[2021-05-15 11:36:45,618] {logging_mixin.py:104} INFO - running function for: (array([1621060605000, 1621062405000]), 3)
[2021-05-15 11:36:45,619] {logging_mixin.py:104} INFO - submitted
[2021-05-15 11:36:45,619] {logging_mixin.py:104} INFO - running function for: (array([1621058805000, 1621060605000]), 1)
[2021-05-15 11:36:45,619] {logging_mixin.py:104} INFO - submitted
[2021-05-15 11:36:45,620] {logging_mixin.py:104} INFO - running function for: (array([1621058805000, 1621060605000]), 2)
[2021-05-15 11:36:45,620] {logging_mixin.py:104} INFO - submitted
[2021-05-15 11:36:45,621] {logging_mixin.py:104} INFO - running function for: (array([1621058805000, 1621060605000]), 3)
[2021-05-15 11:36:45,623] {logging_mixin.py:104} INFO - submitted
[2021-05-15 11:36:45,623] {logging_mixin.py:104} INFO - running function for: (array([1621057005000, 1621058805000]), 1)
[2021-05-15 11:36:45,626] {logging_mixin.py:104} INFO - submitted
[2021-05-15 11:36:45,626] {logging_mixin.py:104} INFO - running function for: (array([1621057005000, 1621058805000]), 2)
[2021-05-15 11:36:45,628] {logging_mixin.py:104} INFO - submitted
[2021-05-15 11:36:45,628] {logging_mixin.py:104} INFO - running function for: (array([1621057005000, 1621058805000]), 3)
[2021-05-15 11:36:45,629] {logging_mixin.py:104} INFO - submitted
[2021-05-15 11:36:45,629] {logging_mixin.py:104} INFO - running function for: (array([1621055205000, 1621057005000]), 1)
[2021-05-15 11:36:45,630] {logging_mixin.py:104} INFO - submitted
[2021-05-15 11:36:45,630] {logging_mixin.py:104} INFO - running function for: (array([1621055205000, 1621057005000]), 2)
[2021-05-15 11:36:45,631] {logging_mixin.py:104} INFO - submitted
[2021-05-15 11:36:45,631] {logging_mixin.py:104} INFO - running function for: (array([1621055205000, 1621057005000]), 3)
[2021-05-15 11:36:45,632] {logging_mixin.py:104} INFO - submitted
[2021-05-15 11:36:45,632] {logging_mixin.py:104} INFO - running function for: (array([1621053405000, 1621055205000]), 1)
[2021-05-15 11:36:45,632] {logging_mixin.py:104} INFO - submitted
[2021-05-15 11:36:45,633] {logging_mixin.py:104} INFO - running function for: (array([1621053405000, 1621055205000]), 2)
[2021-05-15 11:36:45,633] {logging_mixin.py:104} INFO - submitted
[2021-05-15 11:36:45,633] {logging_mixin.py:104} INFO - running function for: (array([1621053405000, 1621055205000]), 3)
[2021-05-15 11:36:45,633] {logging_mixin.py:104} INFO - submitted
[2021-05-15 11:36:45,634] {logging_mixin.py:104} INFO - running function for: (array([1621051605000, 1621053405000]), 1)
[2021-05-15 11:36:45,634] {logging_mixin.py:104} INFO - submitted
[2021-05-15 11:36:45,634] {logging_mixin.py:104} INFO - running function for: (array([1621051605000, 1621053405000]), 2)
[2021-05-15 11:36:45,634] {logging_mixin.py:104} INFO - submitted
[2021-05-15 11:36:45,635] {logging_mixin.py:104} INFO - running function for: (array([1621051605000, 1621053405000]), 3)
[2021-05-15 11:36:45,635] {logging_mixin.py:104} INFO - submitted
[2021-05-15 11:36:45,635] {logging_mixin.py:104} INFO - running function for: (array([1621049805000, 1621051605000]), 1)
[2021-05-15 11:36:45,635] {logging_mixin.py:104} INFO - submitted
[2021-05-15 11:36:45,636] {logging_mixin.py:104} INFO - running function for: (array([1621049805000, 1621051605000]), 2)
[2021-05-15 11:36:45,636] {logging_mixin.py:104} INFO - submitted
[2021-05-15 11:36:45,636] {logging_mixin.py:104} INFO - running function for: (array([1621049805000, 1621051605000]), 3)
[2021-05-15 11:36:45,636] {logging_mixin.py:104} INFO - submitted
[2021-05-15 11:36:45,637] {logging_mixin.py:104} INFO - running function for: (array([1621048005000, 1621049805000]), 1)
[2021-05-15 11:36:45,637] {logging_mixin.py:104} INFO - submitted
[2021-05-15 11:36:45,637] {logging_mixin.py:104} INFO - running function for: (array([1621048005000, 1621049805000]), 2)
[2021-05-15 11:36:45,637] {logging_mixin.py:104} INFO - submitted
[2021-05-15 11:36:45,638] {logging_mixin.py:104} INFO - running function for: (array([1621048005000, 1621049805000]), 3)
[2021-05-15 11:36:45,638] {logging_mixin.py:104} INFO - submitted
[2021-05-15 11:36:45,638] {logging_mixin.py:104} INFO - running function for: (array([1621046205000, 1621048005000]), 1)
[2021-05-15 11:36:45,638] {logging_mixin.py:104} INFO - submitted
[2021-05-15 11:36:45,638] {logging_mixin.py:104} INFO - running function for: (array([1621046205000, 1621048005000]), 2)
[2021-05-15 11:36:45,639] {logging_mixin.py:104} INFO - submitted
[2021-05-15 11:36:45,639] {logging_mixin.py:104} INFO - running function for: (array([1621046205000, 1621048005000]), 3)
[2021-05-15 11:36:45,639] {logging_mixin.py:104} INFO - submitted
[2021-05-15 11:36:45,639] {logging_mixin.py:104} INFO - running function for: (array([1621044405000, 1621046205000]), 1)
[2021-05-15 11:36:45,640] {logging_mixin.py:104} INFO - submitted
[2021-05-15 11:36:45,640] {logging_mixin.py:104} INFO - running function for: (array([1621044405000, 1621046205000]), 2)
[2021-05-15 11:36:45,640] {logging_mixin.py:104} INFO - submitted
[2021-05-15 11:36:45,640] {logging_mixin.py:104} INFO - running function for: (array([1621044405000, 1621046205000]), 3)
[2021-05-15 11:36:45,641] {logging_mixin.py:104} INFO - submitted
[2021-05-15 11:36:45,641] {logging_mixin.py:104} INFO - running function for: (array([1621042605000, 1621044405000]), 1)
[2021-05-15 11:36:45,641] {logging_mixin.py:104} INFO - submitted
[2021-05-15 11:36:45,641] {logging_mixin.py:104} INFO - running function for: (array([1621042605000, 1621044405000]), 2)
[2021-05-15 11:36:45,642] {logging_mixin.py:104} INFO - submitted
[2021-05-15 11:36:45,642] {logging_mixin.py:104} INFO - running function for: (array([1621042605000, 1621044405000]), 3)
[2021-05-15 11:36:45,642] {logging_mixin.py:104} INFO - submitted
[2021-05-15 11:36:45,643] {logging_mixin.py:104} INFO - running function for: (array([1621040805000, 1621042605000]), 1)
[2021-05-15 11:36:45,643] {logging_mixin.py:104} INFO - submitted
[2021-05-15 11:36:45,643] {logging_mixin.py:104} INFO - running function for: (array([1621040805000, 1621042605000]), 2)
[2021-05-15 11:36:45,643] {logging_mixin.py:104} INFO - submitted
[2021-05-15 11:36:45,643] {logging_mixin.py:104} INFO - running function for: (array([1621040805000, 1621042605000]), 3)
[2021-05-15 11:36:45,644] {logging_mixin.py:104} INFO - submitted
[2021-05-15 11:36:45,644] {logging_mixin.py:104} INFO - running function for: (array([1621039005000, 1621040805000]), 1)
[2021-05-15 11:36:45,644] {logging_mixin.py:104} INFO - submitted
[2021-05-15 11:36:45,644] {logging_mixin.py:104} INFO - running function for: (array([1621039005000, 1621040805000]), 2)
[2021-05-15 11:36:45,645] {logging_mixin.py:104} INFO - submitted
[2021-05-15 11:36:45,645] {logging_mixin.py:104} INFO - running function for: (array([1621039005000, 1621040805000]), 3)
[2021-05-15 11:36:45,645] {logging_mixin.py:104} INFO - submitted
[2021-05-15 11:36:45,645] {logging_mixin.py:104} INFO - running function for: (array([1621037205000, 1621039005000]), 1)
[2021-05-15 11:36:45,646] {logging_mixin.py:104} INFO - submitted
[2021-05-15 11:36:45,646] {logging_mixin.py:104} INFO - running function for: (array([1621037205000, 1621039005000]), 2)
[2021-05-15 11:36:45,646] {logging_mixin.py:104} INFO - submitted
[2021-05-15 11:36:45,646] {logging_mixin.py:104} INFO - running function for: (array([1621037205000, 1621039005000]), 3)
[2021-05-15 11:36:45,647] {logging_mixin.py:104} INFO - submitted
[2021-05-15 11:36:45,647] {logging_mixin.py:104} INFO - running function for: (array([1621035405000, 1621037205000]), 1)
[2021-05-15 11:36:45,647] {logging_mixin.py:104} INFO - submitted
[2021-05-15 11:36:45,647] {logging_mixin.py:104} INFO - running function for: (array([1621035405000, 1621037205000]), 2)
[2021-05-15 11:36:45,647] {logging_mixin.py:104} INFO - submitted
[2021-05-15 11:36:45,648] {logging_mixin.py:104} INFO - running function for: (array([1621035405000, 1621037205000]), 3)
[2021-05-15 11:36:45,648] {logging_mixin.py:104} INFO - submitted
[2021-05-15 11:36:45,648] {logging_mixin.py:104} INFO - running function for: (array([1621033605000, 1621035405000]), 1)
[2021-05-15 11:36:45,648] {logging_mixin.py:104} INFO - submitted
[2021-05-15 11:36:45,649] {logging_mixin.py:104} INFO - running function for: (array([1621033605000, 1621035405000]), 2)
[2021-05-15 11:36:45,649] {logging_mixin.py:104} INFO - submitted
[2021-05-15 11:36:45,649] {logging_mixin.py:104} INFO - running function for: (array([1621033605000, 1621035405000]), 3)
[2021-05-15 11:36:45,649] {logging_mixin.py:104} INFO - submitted
[2021-05-15 11:36:45,650] {logging_mixin.py:104} INFO - running function for: (array([1621031805000, 1621033605000]), 1)
[2021-05-15 11:36:45,650] {logging_mixin.py:104} INFO - submitted
[2021-05-15 11:36:45,650] {logging_mixin.py:104} INFO - running function for: (array([1621031805000, 1621033605000]), 2)
[2021-05-15 11:36:45,650] {logging_mixin.py:104} INFO - submitted
[2021-05-15 11:36:45,651] {logging_mixin.py:104} INFO - running function for: (array([1621031805000, 1621033605000]), 3)
[2021-05-15 11:36:45,651] {logging_mixin.py:104} INFO - submitted
[2021-05-15 11:36:45,651] {logging_mixin.py:104} INFO - running function for: (array([1621030005000, 1621031805000]), 1)
[2021-05-15 11:36:45,651] {logging_mixin.py:104} INFO - submitted
[2021-05-15 11:36:45,652] {logging_mixin.py:104} INFO - running function for: (array([1621030005000, 1621031805000]), 2)
[2021-05-15 11:36:45,652] {logging_mixin.py:104} INFO - submitted
[2021-05-15 11:36:45,652] {logging_mixin.py:104} INFO - running function for: (array([1621030005000, 1621031805000]), 3)
[2021-05-15 11:36:45,652] {logging_mixin.py:104} INFO - submitted
[2021-05-15 11:36:45,653] {logging_mixin.py:104} INFO - running function for: (array([1621028205000, 1621030005000]), 1)
[2021-05-15 11:36:45,653] {logging_mixin.py:104} INFO - submitted
[2021-05-15 11:36:45,653] {logging_mixin.py:104} INFO - running function for: (array([1621028205000, 1621030005000]), 2)
[2021-05-15 11:36:45,653] {logging_mixin.py:104} INFO - submitted
[2021-05-15 11:36:45,654] {logging_mixin.py:104} INFO - running function for: (array([1621028205000, 1621030005000]), 3)
[2021-05-15 11:36:45,654] {logging_mixin.py:104} INFO - submitted
[2021-05-15 11:36:45,654] {logging_mixin.py:104} INFO - running function for: (array([1621026405000, 1621028205000]), 1)
[2021-05-15 11:36:45,654] {logging_mixin.py:104} INFO - submitted
[2021-05-15 11:36:45,655] {logging_mixin.py:104} INFO - running function for: (array([1621026405000, 1621028205000]), 2)
[2021-05-15 11:36:45,655] {logging_mixin.py:104} INFO - submitted
[2021-05-15 11:36:45,655] {logging_mixin.py:104} INFO - running function for: (array([1621026405000, 1621028205000]), 3)
[2021-05-15 11:36:45,655] {logging_mixin.py:104} INFO - submitted
[2021-05-15 11:36:45,656] {logging_mixin.py:104} INFO - running function for: (array([1621024605000, 1621026405000]), 1)
[2021-05-15 11:36:45,656] {logging_mixin.py:104} INFO - submitted
[2021-05-15 11:36:45,656] {logging_mixin.py:104} INFO - running function for: (array([1621024605000, 1621026405000]), 2)
[2021-05-15 11:36:45,656] {logging_mixin.py:104} INFO - submitted
[2021-05-15 11:36:45,657] {logging_mixin.py:104} INFO - running function for: (array([1621024605000, 1621026405000]), 3)
[2021-05-15 11:36:45,657] {logging_mixin.py:104} INFO - submitted
[2021-05-15 11:36:45,657] {logging_mixin.py:104} INFO - running function for: (array([1621022805000, 1621024605000]), 1)
[2021-05-15 11:36:45,657] {logging_mixin.py:104} INFO - submitted
[2021-05-15 11:36:45,657] {logging_mixin.py:104} INFO - running function for: (array([1621022805000, 1621024605000]), 2)
[2021-05-15 11:36:45,658] {logging_mixin.py:104} INFO - submitted
[2021-05-15 11:36:45,658] {logging_mixin.py:104} INFO - running function for: (array([1621022805000, 1621024605000]), 3)
[2021-05-15 11:36:45,658] {logging_mixin.py:104} INFO - submitted
[2021-05-15 11:36:45,658] {logging_mixin.py:104} INFO - running function for: (array([1621021005000, 1621022805000]), 1)
[2021-05-15 11:36:45,659] {logging_mixin.py:104} INFO - submitted
[2021-05-15 11:36:45,659] {logging_mixin.py:104} INFO - running function for: (array([1621021005000, 1621022805000]), 2)
[2021-05-15 11:36:45,659] {logging_mixin.py:104} INFO - submitted
[2021-05-15 11:36:45,659] {logging_mixin.py:104} INFO - running function for: (array([1621021005000, 1621022805000]), 3)
[2021-05-15 11:36:45,660] {logging_mixin.py:104} INFO - submitted
[2021-05-15 11:36:45,660] {logging_mixin.py:104} INFO - running function for: (array([1621019205000, 1621021005000]), 1)
[2021-05-15 11:36:45,660] {logging_mixin.py:104} INFO - submitted
[2021-05-15 11:36:45,660] {logging_mixin.py:104} INFO - running function for: (array([1621019205000, 1621021005000]), 2)
[2021-05-15 11:36:45,660] {logging_mixin.py:104} INFO - submitted
[2021-05-15 11:36:45,661] {logging_mixin.py:104} INFO - running function for: (array([1621019205000, 1621021005000]), 3)
[2021-05-15 11:36:45,661] {logging_mixin.py:104} INFO - submitted
[2021-05-15 11:36:45,661] {logging_mixin.py:104} INFO - running function for: (array([1621017405000, 1621019205000]), 1)
[2021-05-15 11:36:45,661] {logging_mixin.py:104} INFO - submitted
[2021-05-15 11:36:45,662] {logging_mixin.py:104} INFO - running function for: (array([1621017405000, 1621019205000]), 2)
[2021-05-15 11:36:45,662] {logging_mixin.py:104} INFO - submitted
[2021-05-15 11:36:45,663] {logging_mixin.py:104} INFO - running function for: (array([1621017405000, 1621019205000]), 3)
[2021-05-15 11:36:45,663] {logging_mixin.py:104} INFO - submitted
[2021-05-15 11:36:45,663] {logging_mixin.py:104} INFO - running function for: (array([1621015605000, 1621017405000]), 1)
[2021-05-15 11:36:45,664] {logging_mixin.py:104} INFO - submitted
[2021-05-15 11:36:45,664] {logging_mixin.py:104} INFO - running function for: (array([1621015605000, 1621017405000]), 2)
[2021-05-15 11:36:45,665] {logging_mixin.py:104} INFO - submitted
[2021-05-15 11:36:45,666] {logging_mixin.py:104} INFO - running function for: (array([1621015605000, 1621017405000]), 3)
[2021-05-15 11:36:45,666] {logging_mixin.py:104} INFO - submitted
[2021-05-15 11:36:45,667] {logging_mixin.py:104} INFO - running function for: (array([1621013805000, 1621015605000]), 1)
[2021-05-15 11:36:45,667] {logging_mixin.py:104} INFO - submitted
[2021-05-15 11:36:45,668] {logging_mixin.py:104} INFO - running function for: (array([1621013805000, 1621015605000]), 2)
[2021-05-15 11:36:45,668] {logging_mixin.py:104} INFO - submitted
[2021-05-15 11:36:45,668] {logging_mixin.py:104} INFO - running function for: (array([1621013805000, 1621015605000]), 3)
[2021-05-15 11:36:45,669] {logging_mixin.py:104} INFO - submitted
[2021-05-15 11:36:45,669] {logging_mixin.py:104} INFO - running function for: (array([1621012005000, 1621013805000]), 1)
[2021-05-15 11:36:45,670] {logging_mixin.py:104} INFO - submitted
[2021-05-15 11:36:45,670] {logging_mixin.py:104} INFO - running function for: (array([1621012005000, 1621013805000]), 2)
[2021-05-15 11:36:45,670] {logging_mixin.py:104} INFO - submitted
[2021-05-15 11:36:45,671] {logging_mixin.py:104} INFO - running function for: (array([1621012005000, 1621013805000]), 3)
[2021-05-15 11:36:45,671] {logging_mixin.py:104} INFO - submitted
[2021-05-15 11:36:45,672] {logging_mixin.py:104} INFO - running function for: (array([1621010205000, 1621012005000]), 1)
[2021-05-15 11:36:45,672] {logging_mixin.py:104} INFO - submitted
[2021-05-15 11:36:45,672] {logging_mixin.py:104} INFO - running function for: (array([1621010205000, 1621012005000]), 2)
[2021-05-15 11:36:45,673] {logging_mixin.py:104} INFO - submitted
[2021-05-15 11:36:45,673] {logging_mixin.py:104} INFO - running function for: (array([1621010205000, 1621012005000]), 3)
[2021-05-15 11:36:45,673] {logging_mixin.py:104} INFO - submitted
[2021-05-15 11:36:45,673] {logging_mixin.py:104} INFO - running function for: (array([1621008405000, 1621010205000]), 1)
[2021-05-15 11:36:45,674] {logging_mixin.py:104} INFO - submitted
[2021-05-15 11:36:45,674] {logging_mixin.py:104} INFO - running function for: (array([1621008405000, 1621010205000]), 2)
[2021-05-15 11:36:45,674] {logging_mixin.py:104} INFO - submitted
[2021-05-15 11:36:45,674] {logging_mixin.py:104} INFO - running function for: (array([1621008405000, 1621010205000]), 3)
[2021-05-15 11:36:45,675] {logging_mixin.py:104} INFO - submitted
[2021-05-15 11:36:45,675] {logging_mixin.py:104} INFO - running function for: (array([1621006605000, 1621008405000]), 1)
[2021-05-15 11:36:45,675] {logging_mixin.py:104} INFO - submitted
[2021-05-15 11:36:45,675] {logging_mixin.py:104} INFO - running function for: (array([1621006605000, 1621008405000]), 2)
[2021-05-15 11:36:45,676] {logging_mixin.py:104} INFO - submitted
[2021-05-15 11:36:45,676] {logging_mixin.py:104} INFO - running function for: (array([1621006605000, 1621008405000]), 3)
[2021-05-15 11:36:45,676] {logging_mixin.py:104} INFO - submitted
[2021-05-15 11:36:45,677] {logging_mixin.py:104} INFO - running function for: (array([1621004805000, 1621006605000]), 1)
[2021-05-15 11:36:45,677] {logging_mixin.py:104} INFO - submitted
[2021-05-15 11:36:45,677] {logging_mixin.py:104} INFO - running function for: (array([1621004805000, 1621006605000]), 2)
[2021-05-15 11:36:45,677] {logging_mixin.py:104} INFO - submitted
[2021-05-15 11:36:45,678] {logging_mixin.py:104} INFO - running function for: (array([1621004805000, 1621006605000]), 3)
[2021-05-15 11:36:45,678] {logging_mixin.py:104} INFO - submitted
[2021-05-15 11:36:45,678] {logging_mixin.py:104} INFO - running function for: (array([1621003005000, 1621004805000]), 1)
[2021-05-15 11:36:45,678] {logging_mixin.py:104} INFO - submitted
[2021-05-15 11:36:45,679] {logging_mixin.py:104} INFO - running function for: (array([1621003005000, 1621004805000]), 2)
[2021-05-15 11:36:45,679] {logging_mixin.py:104} INFO - submitted
[2021-05-15 11:36:45,679] {logging_mixin.py:104} INFO - running function for: (array([1621003005000, 1621004805000]), 3)
[2021-05-15 11:36:45,679] {logging_mixin.py:104} INFO - submitted
[2021-05-15 11:36:49,235] {logging_mixin.py:104} INFO - https://cdn.iqoption.com/api/quotes-history/quotes/3.0?to=1621084005000&from=1621082205000&active_id=3&only_round=true&_key=1614903660000
[2021-05-15 11:36:49,250] {logging_mixin.py:104} INFO - https://cdn.iqoption.com/api/quotes-history/quotes/3.0?to=1621082205000&from=1621080405000&active_id=1&only_round=true&_key=1614903660000
[2021-05-15 11:36:49,261] {logging_mixin.py:104} INFO - https://cdn.iqoption.com/api/quotes-history/quotes/3.0?to=1621082205000&from=1621080405000&active_id=2&only_round=true&_key=1614903660000
[2021-05-15 11:36:49,338] {logging_mixin.py:104} INFO - https://cdn.iqoption.com/api/quotes-history/quotes/3.0?to=1621082205000&from=1621080405000&active_id=3&only_round=true&_key=1614903660000
[2021-05-15 11:36:49,384] {logging_mixin.py:104} INFO - https://cdn.iqoption.com/api/quotes-history/quotes/3.0?to=1621080405000&from=1621078605000&active_id=1&only_round=true&_key=1614903660000
[2021-05-15 11:36:49,418] {logging_mixin.py:104} INFO - https://cdn.iqoption.com/api/quotes-history/quotes/3.0?to=1621080405000&from=1621078605000&active_id=2&only_round=true&_key=1614903660000
[2021-05-15 11:36:49,437] {logging_mixin.py:104} INFO - https://cdn.iqoption.com/api/quotes-history/quotes/3.0?to=1621080405000&from=1621078605000&active_id=3&only_round=true&_key=1614903660000
[2021-05-15 11:36:49,519] {logging_mixin.py:104} INFO - https://cdn.iqoption.com/api/quotes-history/quotes/3.0?to=1621078605000&from=1621076805000&active_id=1&only_round=true&_key=1614903660000
[2021-05-15 11:36:51,208] {logging_mixin.py:104} INFO - https://cdn.iqoption.com/api/quotes-history/quotes/3.0?to=1621078605000&from=1621076805000&active_id=2&only_round=true&_key=1614903660000
[2021-05-15 11:36:51,240] {logging_mixin.py:104} INFO - https://cdn.iqoption.com/api/quotes-history/quotes/3.0?to=1621078605000&from=1621076805000&active_id=3&only_round=true&_key=1614903660000
[2021-05-15 11:36:51,449] {logging_mixin.py:104} INFO - https://cdn.iqoption.com/api/quotes-history/quotes/3.0?to=1621076805000&from=1621075005000&active_id=1&only_round=true&_key=1614903660000
[2021-05-15 11:36:51,463] {logging_mixin.py:104} INFO - https://cdn.iqoption.com/api/quotes-history/quotes/3.0?to=1621076805000&from=1621075005000&active_id=2&only_round=true&_key=1614903660000
[2021-05-15 11:36:51,466] {logging_mixin.py:104} INFO - https://cdn.iqoption.com/api/quotes-history/quotes/3.0?to=1621076805000&from=1621075005000&active_id=3&only_round=true&_key=1614903660000
[2021-05-15 11:36:51,471] {logging_mixin.py:104} INFO - https://cdn.iqoption.com/api/quotes-history/quotes/3.0?to=1621075005000&from=1621073205000&active_id=1&only_round=true&_key=1614903660000
[2021-05-15 11:36:51,480] {logging_mixin.py:104} INFO - https://cdn.iqoption.com/api/quotes-history/quotes/3.0?to=1621075005000&from=1621073205000&active_id=2&only_round=true&_key=1614903660000
[2021-05-15 11:36:51,585] {logging_mixin.py:104} INFO - https://cdn.iqoption.com/api/quotes-history/quotes/3.0?to=1621075005000&from=1621073205000&active_id=3&only_round=true&_key=1614903660000
[2021-05-15 11:36:52,834] {logging_mixin.py:104} INFO - https://cdn.iqoption.com/api/quotes-history/quotes/3.0?to=1621073205000&from=1621071405000&active_id=1&only_round=true&_key=1614903660000
[2021-05-15 11:36:52,887] {logging_mixin.py:104} INFO - https://cdn.iqoption.com/api/quotes-history/quotes/3.0?to=1621073205000&from=1621071405000&active_id=2&only_round=true&_key=1614903660000
[2021-05-15 11:36:53,193] {logging_mixin.py:104} INFO - https://cdn.iqoption.com/api/quotes-history/quotes/3.0?to=1621073205000&from=1621071405000&active_id=3&only_round=true&_key=1614903660000
[2021-05-15 11:36:53,197] {logging_mixin.py:104} INFO - https://cdn.iqoption.com/api/quotes-history/quotes/3.0?to=1621071405000&from=1621069605000&active_id=1&only_round=true&_key=1614903660000
[2021-05-15 11:36:53,201] {logging_mixin.py:104} INFO - https://cdn.iqoption.com/api/quotes-history/quotes/3.0?to=1621071405000&from=1621069605000&active_id=2&only_round=true&_key=1614903660000
[2021-05-15 11:36:53,210] {logging_mixin.py:104} INFO - https://cdn.iqoption.com/api/quotes-history/quotes/3.0?to=1621071405000&from=1621069605000&active_id=3&only_round=true&_key=1614903660000
[2021-05-15 11:36:53,286] {logging_mixin.py:104} INFO - https://cdn.iqoption.com/api/quotes-history/quotes/3.0?to=1621069605000&from=1621067805000&active_id=1&only_round=true&_key=1614903660000
[2021-05-15 11:36:53,338] {logging_mixin.py:104} INFO - https://cdn.iqoption.com/api/quotes-history/quotes/3.0?to=1621069605000&from=1621067805000&active_id=2&only_round=true&_key=1614903660000
[2021-05-15 11:36:54,269] {logging_mixin.py:104} INFO - https://cdn.iqoption.com/api/quotes-history/quotes/3.0?to=1621069605000&from=1621067805000&active_id=3&only_round=true&_key=1614903660000
[2021-05-15 11:36:54,339] {logging_mixin.py:104} INFO - https://cdn.iqoption.com/api/quotes-history/quotes/3.0?to=1621067805000&from=1621066005000&active_id=1&only_round=true&_key=1614903660000
[2021-05-15 11:36:54,682] {logging_mixin.py:104} INFO - https://cdn.iqoption.com/api/quotes-history/quotes/3.0?to=1621067805000&from=1621066005000&active_id=2&only_round=true&_key=1614903660000
[2021-05-15 11:36:54,688] {logging_mixin.py:104} INFO - https://cdn.iqoption.com/api/quotes-history/quotes/3.0?to=1621067805000&from=1621066005000&active_id=3&only_round=true&_key=1614903660000
[2021-05-15 11:36:54,694] {logging_mixin.py:104} INFO - https://cdn.iqoption.com/api/quotes-history/quotes/3.0?to=1621066005000&from=1621064205000&active_id=1&only_round=true&_key=1614903660000
[2021-05-15 11:36:54,729] {logging_mixin.py:104} INFO - https://cdn.iqoption.com/api/quotes-history/quotes/3.0?to=1621066005000&from=1621064205000&active_id=2&only_round=true&_key=1614903660000
[2021-05-15 11:36:54,802] {logging_mixin.py:104} INFO - https://cdn.iqoption.com/api/quotes-history/quotes/3.0?to=1621066005000&from=1621064205000&active_id=3&only_round=true&_key=1614903660000
[2021-05-15 11:36:54,833] {logging_mixin.py:104} INFO - https://cdn.iqoption.com/api/quotes-history/quotes/3.0?to=1621064205000&from=1621062405000&active_id=1&only_round=true&_key=1614903660000
[2021-05-15 11:36:55,703] {logging_mixin.py:104} INFO - https://cdn.iqoption.com/api/quotes-history/quotes/3.0?to=1621064205000&from=1621062405000&active_id=2&only_round=true&_key=1614903660000
[2021-05-15 11:36:55,744] {logging_mixin.py:104} INFO - https://cdn.iqoption.com/api/quotes-history/quotes/3.0?to=1621064205000&from=1621062405000&active_id=3&only_round=true&_key=1614903660000
[2021-05-15 11:36:56,169] {logging_mixin.py:104} INFO - https://cdn.iqoption.com/api/quotes-history/quotes/3.0?to=1621062405000&from=1621060605000&active_id=1&only_round=true&_key=1614903660000
[2021-05-15 11:36:56,218] {logging_mixin.py:104} INFO - https://cdn.iqoption.com/api/quotes-history/quotes/3.0?to=1621062405000&from=1621060605000&active_id=2&only_round=true&_key=1614903660000
[2021-05-15 11:36:56,285] {logging_mixin.py:104} INFO - https://cdn.iqoption.com/api/quotes-history/quotes/3.0?to=1621062405000&from=1621060605000&active_id=3&only_round=true&_key=1614903660000
[2021-05-15 11:36:56,290] {logging_mixin.py:104} INFO - https://cdn.iqoption.com/api/quotes-history/quotes/3.0?to=1621060605000&from=1621058805000&active_id=1&only_round=true&_key=1614903660000
[2021-05-15 11:36:56,365] {logging_mixin.py:104} INFO - https://cdn.iqoption.com/api/quotes-history/quotes/3.0?to=1621060605000&from=1621058805000&active_id=2&only_round=true&_key=1614903660000
[2021-05-15 11:36:56,405] {logging_mixin.py:104} INFO - https://cdn.iqoption.com/api/quotes-history/quotes/3.0?to=1621060605000&from=1621058805000&active_id=3&only_round=true&_key=1614903660000
[2021-05-15 11:36:57,149] {logging_mixin.py:104} INFO - https://cdn.iqoption.com/api/quotes-history/quotes/3.0?to=1621058805000&from=1621057005000&active_id=1&only_round=true&_key=1614903660000
[2021-05-15 11:36:57,208] {logging_mixin.py:104} INFO - https://cdn.iqoption.com/api/quotes-history/quotes/3.0?to=1621058805000&from=1621057005000&active_id=2&only_round=true&_key=1614903660000
[2021-05-15 11:36:57,604] {logging_mixin.py:104} INFO - https://cdn.iqoption.com/api/quotes-history/quotes/3.0?to=1621058805000&from=1621057005000&active_id=3&only_round=true&_key=1614903660000
[2021-05-15 11:36:57,764] {logging_mixin.py:104} INFO - https://cdn.iqoption.com/api/quotes-history/quotes/3.0?to=1621057005000&from=1621055205000&active_id=1&only_round=true&_key=1614903660000
[2021-05-15 11:36:57,768] {logging_mixin.py:104} INFO - https://cdn.iqoption.com/api/quotes-history/quotes/3.0?to=1621057005000&from=1621055205000&active_id=2&only_round=true&_key=1614903660000
[2021-05-15 11:36:57,788] {logging_mixin.py:104} INFO - https://cdn.iqoption.com/api/quotes-history/quotes/3.0?to=1621057005000&from=1621055205000&active_id=3&only_round=true&_key=1614903660000
[2021-05-15 11:36:57,800] {logging_mixin.py:104} INFO - https://cdn.iqoption.com/api/quotes-history/quotes/3.0?to=1621055205000&from=1621053405000&active_id=1&only_round=true&_key=1614903660000
[2021-05-15 11:36:57,818] {logging_mixin.py:104} INFO - https://cdn.iqoption.com/api/quotes-history/quotes/3.0?to=1621055205000&from=1621053405000&active_id=2&only_round=true&_key=1614903660000
[2021-05-15 11:36:58,516] {logging_mixin.py:104} INFO - https://cdn.iqoption.com/api/quotes-history/quotes/3.0?to=1621055205000&from=1621053405000&active_id=3&only_round=true&_key=1614903660000
[2021-05-15 11:36:58,661] {logging_mixin.py:104} INFO - https://cdn.iqoption.com/api/quotes-history/quotes/3.0?to=1621053405000&from=1621051605000&active_id=1&only_round=true&_key=1614903660000
[2021-05-15 11:36:59,008] {logging_mixin.py:104} INFO - https://cdn.iqoption.com/api/quotes-history/quotes/3.0?to=1621053405000&from=1621051605000&active_id=2&only_round=true&_key=1614903660000
[2021-05-15 11:36:59,183] {logging_mixin.py:104} INFO - https://cdn.iqoption.com/api/quotes-history/quotes/3.0?to=1621053405000&from=1621051605000&active_id=3&only_round=true&_key=1614903660000
[2021-05-15 11:36:59,186] {logging_mixin.py:104} INFO - https://cdn.iqoption.com/api/quotes-history/quotes/3.0?to=1621051605000&from=1621049805000&active_id=1&only_round=true&_key=1614903660000
[2021-05-15 11:36:59,190] {logging_mixin.py:104} INFO - https://cdn.iqoption.com/api/quotes-history/quotes/3.0?to=1621051605000&from=1621049805000&active_id=2&only_round=true&_key=1614903660000
[2021-05-15 11:36:59,212] {logging_mixin.py:104} INFO - https://cdn.iqoption.com/api/quotes-history/quotes/3.0?to=1621051605000&from=1621049805000&active_id=3&only_round=true&_key=1614903660000
[2021-05-15 11:36:59,226] {logging_mixin.py:104} INFO - https://cdn.iqoption.com/api/quotes-history/quotes/3.0?to=1621049805000&from=1621048005000&active_id=1&only_round=true&_key=1614903660000
[2021-05-15 11:36:59,854] {logging_mixin.py:104} INFO - https://cdn.iqoption.com/api/quotes-history/quotes/3.0?to=1621049805000&from=1621048005000&active_id=2&only_round=true&_key=1614903660000
[2021-05-15 11:36:59,983] {logging_mixin.py:104} INFO - https://cdn.iqoption.com/api/quotes-history/quotes/3.0?to=1621049805000&from=1621048005000&active_id=3&only_round=true&_key=1614903660000
[2021-05-15 11:37:00,462] {logging_mixin.py:104} INFO - https://cdn.iqoption.com/api/quotes-history/quotes/3.0?to=1621048005000&from=1621046205000&active_id=1&only_round=true&_key=1614903660000
[2021-05-15 11:37:00,710] {logging_mixin.py:104} INFO - https://cdn.iqoption.com/api/quotes-history/quotes/3.0?to=1621048005000&from=1621046205000&active_id=2&only_round=true&_key=1614903660000
[2021-05-15 11:37:00,724] {logging_mixin.py:104} INFO - https://cdn.iqoption.com/api/quotes-history/quotes/3.0?to=1621048005000&from=1621046205000&active_id=3&only_round=true&_key=1614903660000
[2021-05-15 11:37:00,750] {logging_mixin.py:104} INFO - https://cdn.iqoption.com/api/quotes-history/quotes/3.0?to=1621046205000&from=1621044405000&active_id=1&only_round=true&_key=1614903660000
[2021-05-15 11:37:00,762] {logging_mixin.py:104} INFO - https://cdn.iqoption.com/api/quotes-history/quotes/3.0?to=1621046205000&from=1621044405000&active_id=2&only_round=true&_key=1614903660000
[2021-05-15 11:37:01,265] {logging_mixin.py:104} INFO - https://cdn.iqoption.com/api/quotes-history/quotes/3.0?to=1621046205000&from=1621044405000&active_id=3&only_round=true&_key=1614903660000
[2021-05-15 11:37:01,379] {logging_mixin.py:104} INFO - https://cdn.iqoption.com/api/quotes-history/quotes/3.0?to=1621044405000&from=1621042605000&active_id=1&only_round=true&_key=1614903660000
[2021-05-15 11:37:01,577] {logging_mixin.py:104} INFO - https://cdn.iqoption.com/api/quotes-history/quotes/3.0?to=1621044405000&from=1621042605000&active_id=2&only_round=true&_key=1614903660000
[2021-05-15 11:37:02,160] {logging_mixin.py:104} INFO - https://cdn.iqoption.com/api/quotes-history/quotes/3.0?to=1621044405000&from=1621042605000&active_id=3&only_round=true&_key=1614903660000
[2021-05-15 11:37:02,219] {logging_mixin.py:104} INFO - https://cdn.iqoption.com/api/quotes-history/quotes/3.0?to=1621042605000&from=1621040805000&active_id=1&only_round=true&_key=1614903660000
[2021-05-15 11:37:02,240] {logging_mixin.py:104} INFO - https://cdn.iqoption.com/api/quotes-history/quotes/3.0?to=1621042605000&from=1621040805000&active_id=2&only_round=true&_key=1614903660000
[2021-05-15 11:37:02,274] {logging_mixin.py:104} INFO - https://cdn.iqoption.com/api/quotes-history/quotes/3.0?to=1621042605000&from=1621040805000&active_id=3&only_round=true&_key=1614903660000
[2021-05-15 11:37:02,681] {logging_mixin.py:104} INFO - https://cdn.iqoption.com/api/quotes-history/quotes/3.0?to=1621040805000&from=1621039005000&active_id=1&only_round=true&_key=1614903660000
[2021-05-15 11:37:02,727] {logging_mixin.py:104} INFO - https://cdn.iqoption.com/api/quotes-history/quotes/3.0?to=1621040805000&from=1621039005000&active_id=2&only_round=true&_key=1614903660000
[2021-05-15 11:37:02,897] {logging_mixin.py:104} INFO - https://cdn.iqoption.com/api/quotes-history/quotes/3.0?to=1621040805000&from=1621039005000&active_id=3&only_round=true&_key=1614903660000
[2021-05-15 11:37:03,009] {logging_mixin.py:104} INFO - https://cdn.iqoption.com/api/quotes-history/quotes/3.0?to=1621039005000&from=1621037205000&active_id=1&only_round=true&_key=1614903660000
[2021-05-15 11:37:03,544] {logging_mixin.py:104} INFO - https://cdn.iqoption.com/api/quotes-history/quotes/3.0?to=1621039005000&from=1621037205000&active_id=2&only_round=true&_key=1614903660000
[2021-05-15 11:37:03,568] {logging_mixin.py:104} INFO - https://cdn.iqoption.com/api/quotes-history/quotes/3.0?to=1621039005000&from=1621037205000&active_id=3&only_round=true&_key=1614903660000
[2021-05-15 11:37:03,630] {logging_mixin.py:104} INFO - https://cdn.iqoption.com/api/quotes-history/quotes/3.0?to=1621037205000&from=1621035405000&active_id=1&only_round=true&_key=1614903660000
[2021-05-15 11:37:03,667] {logging_mixin.py:104} INFO - https://cdn.iqoption.com/api/quotes-history/quotes/3.0?to=1621037205000&from=1621035405000&active_id=2&only_round=true&_key=1614903660000
[2021-05-15 11:37:03,986] {logging_mixin.py:104} INFO - https://cdn.iqoption.com/api/quotes-history/quotes/3.0?to=1621037205000&from=1621035405000&active_id=3&only_round=true&_key=1614903660000
[2021-05-15 11:37:04,053] {logging_mixin.py:104} INFO - https://cdn.iqoption.com/api/quotes-history/quotes/3.0?to=1621035405000&from=1621033605000&active_id=1&only_round=true&_key=1614903660000
[2021-05-15 11:37:04,197] {logging_mixin.py:104} INFO - https://cdn.iqoption.com/api/quotes-history/quotes/3.0?to=1621035405000&from=1621033605000&active_id=2&only_round=true&_key=1614903660000
[2021-05-15 11:37:04,305] {logging_mixin.py:104} INFO - https://cdn.iqoption.com/api/quotes-history/quotes/3.0?to=1621035405000&from=1621033605000&active_id=3&only_round=true&_key=1614903660000
[2021-05-15 11:37:04,838] {logging_mixin.py:104} INFO - https://cdn.iqoption.com/api/quotes-history/quotes/3.0?to=1621033605000&from=1621031805000&active_id=1&only_round=true&_key=1614903660000
[2021-05-15 11:37:04,905] {logging_mixin.py:104} INFO - https://cdn.iqoption.com/api/quotes-history/quotes/3.0?to=1621033605000&from=1621031805000&active_id=2&only_round=true&_key=1614903660000
[2021-05-15 11:37:04,973] {logging_mixin.py:104} INFO - https://cdn.iqoption.com/api/quotes-history/quotes/3.0?to=1621033605000&from=1621031805000&active_id=3&only_round=true&_key=1614903660000
[2021-05-15 11:37:05,043] {logging_mixin.py:104} INFO - https://cdn.iqoption.com/api/quotes-history/quotes/3.0?to=1621031805000&from=1621030005000&active_id=1&only_round=true&_key=1614903660000
[2021-05-15 11:37:05,351] {logging_mixin.py:104} INFO - https://cdn.iqoption.com/api/quotes-history/quotes/3.0?to=1621031805000&from=1621030005000&active_id=2&only_round=true&_key=1614903660000
[2021-05-15 11:37:05,413] {logging_mixin.py:104} INFO - https://cdn.iqoption.com/api/quotes-history/quotes/3.0?to=1621031805000&from=1621030005000&active_id=3&only_round=true&_key=1614903660000
[2021-05-15 11:37:05,877] {logging_mixin.py:104} INFO - https://cdn.iqoption.com/api/quotes-history/quotes/3.0?to=1621030005000&from=1621028205000&active_id=1&only_round=true&_key=1614903660000
[2021-05-15 11:37:05,896] {logging_mixin.py:104} INFO - https://cdn.iqoption.com/api/quotes-history/quotes/3.0?to=1621030005000&from=1621028205000&active_id=2&only_round=true&_key=1614903660000
[2021-05-15 11:37:06,428] {logging_mixin.py:104} INFO - https://cdn.iqoption.com/api/quotes-history/quotes/3.0?to=1621030005000&from=1621028205000&active_id=3&only_round=true&_key=1614903660000
[2021-05-15 11:37:06,446] {logging_mixin.py:104} INFO - https://cdn.iqoption.com/api/quotes-history/quotes/3.0?to=1621028205000&from=1621026405000&active_id=1&only_round=true&_key=1614903660000
[2021-05-15 11:37:06,466] {logging_mixin.py:104} INFO - https://cdn.iqoption.com/api/quotes-history/quotes/3.0?to=1621028205000&from=1621026405000&active_id=2&only_round=true&_key=1614903660000
[2021-05-15 11:37:06,801] {logging_mixin.py:104} INFO - https://cdn.iqoption.com/api/quotes-history/quotes/3.0?to=1621028205000&from=1621026405000&active_id=3&only_round=true&_key=1614903660000
[2021-05-15 11:37:06,924] {logging_mixin.py:104} INFO - https://cdn.iqoption.com/api/quotes-history/quotes/3.0?to=1621026405000&from=1621024605000&active_id=1&only_round=true&_key=1614903660000
[2021-05-15 11:37:06,985] {logging_mixin.py:104} INFO - https://cdn.iqoption.com/api/quotes-history/quotes/3.0?to=1621026405000&from=1621024605000&active_id=2&only_round=true&_key=1614903660000
[2021-05-15 11:37:07,197] {logging_mixin.py:104} INFO - https://cdn.iqoption.com/api/quotes-history/quotes/3.0?to=1621026405000&from=1621024605000&active_id=3&only_round=true&_key=1614903660000
[2021-05-15 11:37:07,256] {logging_mixin.py:104} INFO - https://cdn.iqoption.com/api/quotes-history/quotes/3.0?to=1621024605000&from=1621022805000&active_id=1&only_round=true&_key=1614903660000
[2021-05-15 11:37:07,779] {logging_mixin.py:104} INFO - https://cdn.iqoption.com/api/quotes-history/quotes/3.0?to=1621024605000&from=1621022805000&active_id=2&only_round=true&_key=1614903660000
[2021-05-15 11:37:07,794] {logging_mixin.py:104} INFO - https://cdn.iqoption.com/api/quotes-history/quotes/3.0?to=1621024605000&from=1621022805000&active_id=3&only_round=true&_key=1614903660000
[2021-05-15 11:37:07,835] {logging_mixin.py:104} INFO - https://cdn.iqoption.com/api/quotes-history/quotes/3.0?to=1621022805000&from=1621021005000&active_id=1&only_round=true&_key=1614903660000
[2021-05-15 11:37:08,113] {logging_mixin.py:104} INFO - https://cdn.iqoption.com/api/quotes-history/quotes/3.0?to=1621022805000&from=1621021005000&active_id=2&only_round=true&_key=1614903660000
[2021-05-15 11:37:08,492] {logging_mixin.py:104} INFO - https://cdn.iqoption.com/api/quotes-history/quotes/3.0?to=1621022805000&from=1621021005000&active_id=3&only_round=true&_key=1614903660000
[2021-05-15 11:37:08,534] {logging_mixin.py:104} INFO - https://cdn.iqoption.com/api/quotes-history/quotes/3.0?to=1621021005000&from=1621019205000&active_id=1&only_round=true&_key=1614903660000
[2021-05-15 11:37:08,883] {logging_mixin.py:104} INFO - https://cdn.iqoption.com/api/quotes-history/quotes/3.0?to=1621021005000&from=1621019205000&active_id=2&only_round=true&_key=1614903660000
[2021-05-15 11:37:08,899] {logging_mixin.py:104} INFO - https://cdn.iqoption.com/api/quotes-history/quotes/3.0?to=1621021005000&from=1621019205000&active_id=3&only_round=true&_key=1614903660000
[2021-05-15 11:37:09,365] {logging_mixin.py:104} INFO - https://cdn.iqoption.com/api/quotes-history/quotes/3.0?to=1621019205000&from=1621017405000&active_id=1&only_round=true&_key=1614903660000
[2021-05-15 11:37:09,366] {logging_mixin.py:104} INFO - https://cdn.iqoption.com/api/quotes-history/quotes/3.0?to=1621019205000&from=1621017405000&active_id=2&only_round=true&_key=1614903660000
[2021-05-15 11:37:09,375] {logging_mixin.py:104} INFO - https://cdn.iqoption.com/api/quotes-history/quotes/3.0?to=1621019205000&from=1621017405000&active_id=3&only_round=true&_key=1614903660000
[2021-05-15 11:37:09,682] {logging_mixin.py:104} INFO - https://cdn.iqoption.com/api/quotes-history/quotes/3.0?to=1621017405000&from=1621015605000&active_id=1&only_round=true&_key=1614903660000
[2021-05-15 11:37:10,128] {logging_mixin.py:104} INFO - https://cdn.iqoption.com/api/quotes-history/quotes/3.0?to=1621017405000&from=1621015605000&active_id=2&only_round=true&_key=1614903660000
[2021-05-15 11:37:10,578] {logging_mixin.py:104} INFO - https://cdn.iqoption.com/api/quotes-history/quotes/3.0?to=1621017405000&from=1621015605000&active_id=3&only_round=true&_key=1614903660000
[2021-05-15 11:37:10,705] {logging_mixin.py:104} INFO - https://cdn.iqoption.com/api/quotes-history/quotes/3.0?to=1621015605000&from=1621013805000&active_id=1&only_round=true&_key=1614903660000
[2021-05-15 11:37:10,723] {logging_mixin.py:104} INFO - https://cdn.iqoption.com/api/quotes-history/quotes/3.0?to=1621015605000&from=1621013805000&active_id=2&only_round=true&_key=1614903660000
[2021-05-15 11:37:11,243] {logging_mixin.py:104} INFO - https://cdn.iqoption.com/api/quotes-history/quotes/3.0?to=1621015605000&from=1621013805000&active_id=3&only_round=true&_key=1614903660000
[2021-05-15 11:37:11,266] {logging_mixin.py:104} INFO - https://cdn.iqoption.com/api/quotes-history/quotes/3.0?to=1621013805000&from=1621012005000&active_id=1&only_round=true&_key=1614903660000
[2021-05-15 11:37:11,484] {logging_mixin.py:104} INFO - https://cdn.iqoption.com/api/quotes-history/quotes/3.0?to=1621013805000&from=1621012005000&active_id=2&only_round=true&_key=1614903660000
[2021-05-15 11:37:11,982] {logging_mixin.py:104} INFO - https://cdn.iqoption.com/api/quotes-history/quotes/3.0?to=1621013805000&from=1621012005000&active_id=3&only_round=true&_key=1614903660000
[2021-05-15 11:37:12,061] {logging_mixin.py:104} INFO - https://cdn.iqoption.com/api/quotes-history/quotes/3.0?to=1621012005000&from=1621010205000&active_id=1&only_round=true&_key=1614903660000
[2021-05-15 11:37:12,271] {logging_mixin.py:104} INFO - https://cdn.iqoption.com/api/quotes-history/quotes/3.0?to=1621012005000&from=1621010205000&active_id=2&only_round=true&_key=1614903660000
[2021-05-15 11:37:12,287] {logging_mixin.py:104} INFO - https://cdn.iqoption.com/api/quotes-history/quotes/3.0?to=1621012005000&from=1621010205000&active_id=3&only_round=true&_key=1614903660000
[2021-05-15 11:37:12,883] {logging_mixin.py:104} INFO - https://cdn.iqoption.com/api/quotes-history/quotes/3.0?to=1621010205000&from=1621008405000&active_id=1&only_round=true&_key=1614903660000
[2021-05-15 11:37:12,901] {logging_mixin.py:104} INFO - https://cdn.iqoption.com/api/quotes-history/quotes/3.0?to=1621010205000&from=1621008405000&active_id=2&only_round=true&_key=1614903660000
[2021-05-15 11:37:13,071] {logging_mixin.py:104} INFO - https://cdn.iqoption.com/api/quotes-history/quotes/3.0?to=1621010205000&from=1621008405000&active_id=3&only_round=true&_key=1614903660000
[2021-05-15 11:37:13,531] {logging_mixin.py:104} INFO - https://cdn.iqoption.com/api/quotes-history/quotes/3.0?to=1621008405000&from=1621006605000&active_id=1&only_round=true&_key=1614903660000
[2021-05-15 11:37:13,652] {logging_mixin.py:104} INFO - https://cdn.iqoption.com/api/quotes-history/quotes/3.0?to=1621008405000&from=1621006605000&active_id=2&only_round=true&_key=1614903660000
[2021-05-15 11:37:13,810] {logging_mixin.py:104} INFO - https://cdn.iqoption.com/api/quotes-history/quotes/3.0?to=1621008405000&from=1621006605000&active_id=3&only_round=true&_key=1614903660000
[2021-05-15 11:37:13,966] {logging_mixin.py:104} INFO - https://cdn.iqoption.com/api/quotes-history/quotes/3.0?to=1621006605000&from=1621004805000&active_id=1&only_round=true&_key=1614903660000
[2021-05-15 11:37:14,444] {logging_mixin.py:104} INFO - https://cdn.iqoption.com/api/quotes-history/quotes/3.0?to=1621006605000&from=1621004805000&active_id=2&only_round=true&_key=1614903660000
[2021-05-15 11:37:14,474] {logging_mixin.py:104} INFO - https://cdn.iqoption.com/api/quotes-history/quotes/3.0?to=1621006605000&from=1621004805000&active_id=3&only_round=true&_key=1614903660000
[2021-05-15 11:37:14,483] {logging_mixin.py:104} INFO - https://cdn.iqoption.com/api/quotes-history/quotes/3.0?to=1621004805000&from=1621003005000&active_id=1&only_round=true&_key=1614903660000
[2021-05-15 11:37:14,614] {logging_mixin.py:104} INFO - https://cdn.iqoption.com/api/quotes-history/quotes/3.0?to=1621004805000&from=1621003005000&active_id=2&only_round=true&_key=1614903660000
[2021-05-15 11:37:15,163] {logging_mixin.py:104} INFO - https://cdn.iqoption.com/api/quotes-history/quotes/3.0?to=1621004805000&from=1621003005000&active_id=3&only_round=true&_key=1614903660000
[2021-05-15 11:37:16,933] {python.py:118} INFO - Done. Returned value was: None
[2021-05-15 11:37:16,937] {taskinstance.py:1192} INFO - Marking task as SUCCESS. dag_id=etl, task_id=loading_data_to_s3, execution_date=20210515T143630, start_date=20210515T143644, end_date=20210515T143716
[2021-05-15 11:37:16,978] {taskinstance.py:1246} INFO - 1 downstream tasks scheduled from follow-on schedule check
[2021-05-15 11:37:17,028] {local_task_job.py:146} INFO - Task exited with return code 0
