[2021-05-15 03:02:32,313] {taskinstance.py:877} INFO - Dependencies all met for <TaskInstance: etl.loading_data_to_s3 2021-05-15T01:00:00+00:00 [queued]>
[2021-05-15 03:02:32,321] {taskinstance.py:877} INFO - Dependencies all met for <TaskInstance: etl.loading_data_to_s3 2021-05-15T01:00:00+00:00 [queued]>
[2021-05-15 03:02:32,323] {taskinstance.py:1068} INFO - 
--------------------------------------------------------------------------------
[2021-05-15 03:02:32,323] {taskinstance.py:1069} INFO - Starting attempt 1 of 1
[2021-05-15 03:02:32,323] {taskinstance.py:1070} INFO - 
--------------------------------------------------------------------------------
[2021-05-15 03:02:32,330] {taskinstance.py:1089} INFO - Executing <Task(PythonOperator): loading_data_to_s3> on 2021-05-15T01:00:00+00:00
[2021-05-15 03:02:32,333] {standard_task_runner.py:52} INFO - Started process 26539 to run task
[2021-05-15 03:02:32,341] {standard_task_runner.py:76} INFO - Running: ['airflow', 'tasks', 'run', 'etl', 'loading_data_to_s3', '2021-05-15T01:00:00+00:00', '--job-id', '612', '--pool', 'default_pool', '--raw', '--subdir', 'DAGS_FOLDER/etl_dag.py', '--cfg-path', '/var/folders/_f/vg3x3jmj23bcz6s88l7v6fb40000gn/T/tmpw0me7it3', '--error-file', '/var/folders/_f/vg3x3jmj23bcz6s88l7v6fb40000gn/T/tmpontiwa8w']
[2021-05-15 03:02:32,342] {standard_task_runner.py:77} INFO - Job 612: Subtask loading_data_to_s3
[2021-05-15 03:02:32,377] {logging_mixin.py:104} INFO - Running <TaskInstance: etl.loading_data_to_s3 2021-05-15T01:00:00+00:00 [running]> on host 27.2.168.192.in-addr.arpa
[2021-05-15 03:02:32,401] {taskinstance.py:1283} INFO - Exporting the following env vars:
AIRFLOW_CTX_DAG_OWNER=udacity
AIRFLOW_CTX_DAG_ID=etl
AIRFLOW_CTX_TASK_ID=loading_data_to_s3
AIRFLOW_CTX_EXECUTION_DATE=2021-05-15T01:00:00+00:00
AIRFLOW_CTX_DAG_RUN_ID=scheduled__2021-05-15T01:00:00+00:00
[2021-05-15 03:02:33,692] {logging_mixin.py:104} INFO - Fetching interval list
[2021-05-15 03:02:33,694] {logging_mixin.py:104} INFO - Inverval list built
[2021-05-15 03:02:33,694] {logging_mixin.py:104} INFO - Processing data
[2021-05-15 03:02:33,695] {logging_mixin.py:104} INFO - df initialized
[2021-05-15 03:02:33,696] {logging_mixin.py:104} INFO - (array([1621054953000, 1621056753000]), 1)
[2021-05-15 03:02:33,697] {logging_mixin.py:104} INFO - (array([1621054953000, 1621056753000]), 2)
[2021-05-15 03:02:33,697] {logging_mixin.py:104} INFO - (array([1621054953000, 1621056753000]), 3)
[2021-05-15 03:02:33,698] {logging_mixin.py:104} INFO - (array([1621053153000, 1621054953000]), 1)
[2021-05-15 03:02:33,698] {logging_mixin.py:104} INFO - (array([1621053153000, 1621054953000]), 2)
[2021-05-15 03:02:33,699] {logging_mixin.py:104} INFO - (array([1621053153000, 1621054953000]), 3)
[2021-05-15 03:02:33,699] {logging_mixin.py:104} INFO - (array([1621051353000, 1621053153000]), 1)
[2021-05-15 03:02:33,700] {logging_mixin.py:104} INFO - (array([1621051353000, 1621053153000]), 2)
[2021-05-15 03:02:33,700] {logging_mixin.py:104} INFO - (array([1621051353000, 1621053153000]), 3)
[2021-05-15 03:02:33,701] {logging_mixin.py:104} INFO - (array([1621049553000, 1621051353000]), 1)
[2021-05-15 03:02:33,701] {logging_mixin.py:104} INFO - (array([1621049553000, 1621051353000]), 2)
[2021-05-15 03:02:33,701] {logging_mixin.py:104} INFO - (array([1621049553000, 1621051353000]), 3)
[2021-05-15 03:02:33,702] {logging_mixin.py:104} INFO - (array([1621047753000, 1621049553000]), 1)
[2021-05-15 03:02:33,702] {logging_mixin.py:104} INFO - (array([1621047753000, 1621049553000]), 2)
[2021-05-15 03:02:33,703] {logging_mixin.py:104} INFO - (array([1621047753000, 1621049553000]), 3)
[2021-05-15 03:02:33,703] {logging_mixin.py:104} INFO - (array([1621045953000, 1621047753000]), 1)
[2021-05-15 03:02:33,704] {logging_mixin.py:104} INFO - (array([1621045953000, 1621047753000]), 2)
[2021-05-15 03:02:33,704] {logging_mixin.py:104} INFO - (array([1621045953000, 1621047753000]), 3)
[2021-05-15 03:02:33,704] {logging_mixin.py:104} INFO - (array([1621044153000, 1621045953000]), 1)
[2021-05-15 03:02:33,705] {logging_mixin.py:104} INFO - (array([1621044153000, 1621045953000]), 2)
[2021-05-15 03:02:33,705] {logging_mixin.py:104} INFO - (array([1621044153000, 1621045953000]), 3)
[2021-05-15 03:02:33,705] {logging_mixin.py:104} INFO - (array([1621042353000, 1621044153000]), 1)
[2021-05-15 03:02:33,706] {logging_mixin.py:104} INFO - (array([1621042353000, 1621044153000]), 2)
[2021-05-15 03:02:33,706] {logging_mixin.py:104} INFO - (array([1621042353000, 1621044153000]), 3)
[2021-05-15 03:02:33,706] {logging_mixin.py:104} INFO - (array([1621040553000, 1621042353000]), 1)
[2021-05-15 03:02:33,707] {logging_mixin.py:104} INFO - (array([1621040553000, 1621042353000]), 2)
[2021-05-15 03:02:33,707] {logging_mixin.py:104} INFO - (array([1621040553000, 1621042353000]), 3)
[2021-05-15 03:02:33,707] {logging_mixin.py:104} INFO - (array([1621038753000, 1621040553000]), 1)
[2021-05-15 03:02:33,708] {logging_mixin.py:104} INFO - (array([1621038753000, 1621040553000]), 2)
[2021-05-15 03:02:33,708] {logging_mixin.py:104} INFO - (array([1621038753000, 1621040553000]), 3)
[2021-05-15 03:02:33,708] {logging_mixin.py:104} INFO - (array([1621036953000, 1621038753000]), 1)
[2021-05-15 03:02:33,709] {logging_mixin.py:104} INFO - (array([1621036953000, 1621038753000]), 2)
[2021-05-15 03:02:33,709] {logging_mixin.py:104} INFO - (array([1621036953000, 1621038753000]), 3)
[2021-05-15 03:02:33,709] {logging_mixin.py:104} INFO - (array([1621035153000, 1621036953000]), 1)
[2021-05-15 03:02:33,710] {logging_mixin.py:104} INFO - (array([1621035153000, 1621036953000]), 2)
[2021-05-15 03:02:33,710] {logging_mixin.py:104} INFO - (array([1621035153000, 1621036953000]), 3)
[2021-05-15 03:02:33,710] {logging_mixin.py:104} INFO - (array([1621033353000, 1621035153000]), 1)
[2021-05-15 03:02:33,711] {logging_mixin.py:104} INFO - (array([1621033353000, 1621035153000]), 2)
[2021-05-15 03:02:33,711] {logging_mixin.py:104} INFO - (array([1621033353000, 1621035153000]), 3)
[2021-05-15 03:02:33,711] {logging_mixin.py:104} INFO - (array([1621031553000, 1621033353000]), 1)
[2021-05-15 03:02:33,712] {logging_mixin.py:104} INFO - (array([1621031553000, 1621033353000]), 2)
[2021-05-15 03:02:33,712] {logging_mixin.py:104} INFO - (array([1621031553000, 1621033353000]), 3)
[2021-05-15 03:02:33,712] {logging_mixin.py:104} INFO - (array([1621029753000, 1621031553000]), 1)
[2021-05-15 03:02:33,712] {logging_mixin.py:104} INFO - (array([1621029753000, 1621031553000]), 2)
[2021-05-15 03:02:33,713] {logging_mixin.py:104} INFO - (array([1621029753000, 1621031553000]), 3)
[2021-05-15 03:02:33,713] {logging_mixin.py:104} INFO - ThreadPoolExecutor initialized
[2021-05-15 03:02:33,713] {logging_mixin.py:104} INFO - running function for: (array([1621054953000, 1621056753000]), 1)
[2021-05-15 03:02:33,714] {logging_mixin.py:104} INFO - https://cdn.iqoption.com/api/quotes-history/quotes/3.0?to=1621056753000&from=1621054953000&active_id=1&only_round=true&_key=1614903660000
[2021-05-15 03:02:33,715] {logging_mixin.py:104} INFO - submitted
[2021-05-15 03:02:33,716] {logging_mixin.py:104} INFO - running function for: (array([1621054953000, 1621056753000]), 2)
[2021-05-15 03:02:33,716] {logging_mixin.py:104} INFO - https://cdn.iqoption.com/api/quotes-history/quotes/3.0?to=1621056753000&from=1621054953000&active_id=2&only_round=true&_key=1614903660000
[2021-05-15 03:02:33,716] {logging_mixin.py:104} INFO - submitted
[2021-05-15 03:02:33,717] {logging_mixin.py:104} INFO - running function for: (array([1621054953000, 1621056753000]), 3)
[2021-05-15 03:02:33,717] {logging_mixin.py:104} INFO - https://cdn.iqoption.com/api/quotes-history/quotes/3.0?to=1621056753000&from=1621054953000&active_id=3&only_round=true&_key=1614903660000
[2021-05-15 03:02:33,718] {logging_mixin.py:104} INFO - submitted
[2021-05-15 03:02:33,718] {logging_mixin.py:104} INFO - running function for: (array([1621053153000, 1621054953000]), 1)
[2021-05-15 03:02:33,718] {logging_mixin.py:104} INFO - https://cdn.iqoption.com/api/quotes-history/quotes/3.0?to=1621054953000&from=1621053153000&active_id=1&only_round=true&_key=1614903660000
[2021-05-15 03:02:33,720] {logging_mixin.py:104} INFO - submitted
[2021-05-15 03:02:33,720] {logging_mixin.py:104} INFO - running function for: (array([1621053153000, 1621054953000]), 2)
[2021-05-15 03:02:33,721] {logging_mixin.py:104} INFO - https://cdn.iqoption.com/api/quotes-history/quotes/3.0?to=1621054953000&from=1621053153000&active_id=2&only_round=true&_key=1614903660000
[2021-05-15 03:02:33,721] {logging_mixin.py:104} INFO - https://cdn.iqoption.com/api/quotes-history/quotes/3.0?to=1621054953000&from=1621053153000&active_id=2&only_round=true&_key=1614903660000
submitted
[2021-05-15 03:02:33,722] {logging_mixin.py:104} INFO - running function for: (array([1621053153000, 1621054953000]), 3)
[2021-05-15 03:02:33,722] {logging_mixin.py:104} INFO - https://cdn.iqoption.com/api/quotes-history/quotes/3.0?to=1621054953000&from=1621053153000&active_id=3&only_round=true&_key=1614903660000
[2021-05-15 03:02:33,723] {logging_mixin.py:104} INFO - https://cdn.iqoption.com/api/quotes-history/quotes/3.0?to=1621054953000&from=1621053153000&active_id=3&only_round=true&_key=1614903660000
submitted
[2021-05-15 03:02:33,723] {logging_mixin.py:104} INFO - running function for: (array([1621051353000, 1621053153000]), 1)
[2021-05-15 03:02:33,723] {logging_mixin.py:104} INFO - https://cdn.iqoption.com/api/quotes-history/quotes/3.0?to=1621053153000&from=1621051353000&active_id=1&only_round=true&_key=1614903660000
[2021-05-15 03:02:33,724] {logging_mixin.py:104} INFO - https://cdn.iqoption.com/api/quotes-history/quotes/3.0?to=1621053153000&from=1621051353000&active_id=1&only_round=true&_key=1614903660000
submitted
[2021-05-15 03:02:33,724] {logging_mixin.py:104} INFO - running function for: (array([1621051353000, 1621053153000]), 2)
[2021-05-15 03:02:33,727] {logging_mixin.py:104} INFO - https://cdn.iqoption.com/api/quotes-history/quotes/3.0?to=1621053153000&from=1621051353000&active_id=2&only_round=true&_key=1614903660000
[2021-05-15 03:02:33,727] {logging_mixin.py:104} INFO - https://cdn.iqoption.com/api/quotes-history/quotes/3.0?to=1621053153000&from=1621051353000&active_id=2&only_round=true&_key=1614903660000
submitted
[2021-05-15 03:02:33,730] {logging_mixin.py:104} INFO - running function for: (array([1621051353000, 1621053153000]), 3)
[2021-05-15 03:02:33,732] {logging_mixin.py:104} INFO - submitted
[2021-05-15 03:02:33,733] {logging_mixin.py:104} INFO - running function for: (array([1621049553000, 1621051353000]), 1)
[2021-05-15 03:02:33,734] {logging_mixin.py:104} INFO - submitted
[2021-05-15 03:02:33,735] {logging_mixin.py:104} INFO - running function for: (array([1621049553000, 1621051353000]), 2)
[2021-05-15 03:02:33,736] {logging_mixin.py:104} INFO - submitted
[2021-05-15 03:02:33,737] {logging_mixin.py:104} INFO - running function for: (array([1621049553000, 1621051353000]), 3)
[2021-05-15 03:02:33,737] {logging_mixin.py:104} INFO - submitted
[2021-05-15 03:02:33,738] {logging_mixin.py:104} INFO - running function for: (array([1621047753000, 1621049553000]), 1)
[2021-05-15 03:02:33,739] {logging_mixin.py:104} INFO - submitted
[2021-05-15 03:02:33,739] {logging_mixin.py:104} INFO - running function for: (array([1621047753000, 1621049553000]), 2)
[2021-05-15 03:02:33,740] {logging_mixin.py:104} INFO - submitted
[2021-05-15 03:02:33,740] {logging_mixin.py:104} INFO - running function for: (array([1621047753000, 1621049553000]), 3)
[2021-05-15 03:02:33,740] {logging_mixin.py:104} INFO - submitted
[2021-05-15 03:02:33,740] {logging_mixin.py:104} INFO - running function for: (array([1621045953000, 1621047753000]), 1)
[2021-05-15 03:02:33,741] {logging_mixin.py:104} INFO - submitted
[2021-05-15 03:02:33,741] {logging_mixin.py:104} INFO - running function for: (array([1621045953000, 1621047753000]), 2)
[2021-05-15 03:02:33,741] {logging_mixin.py:104} INFO - submitted
[2021-05-15 03:02:33,741] {logging_mixin.py:104} INFO - running function for: (array([1621045953000, 1621047753000]), 3)
[2021-05-15 03:02:33,742] {logging_mixin.py:104} INFO - submitted
[2021-05-15 03:02:33,742] {logging_mixin.py:104} INFO - running function for: (array([1621044153000, 1621045953000]), 1)
[2021-05-15 03:02:33,742] {logging_mixin.py:104} INFO - submitted
[2021-05-15 03:02:33,742] {logging_mixin.py:104} INFO - running function for: (array([1621044153000, 1621045953000]), 2)
[2021-05-15 03:02:33,743] {logging_mixin.py:104} INFO - submitted
[2021-05-15 03:02:33,743] {logging_mixin.py:104} INFO - running function for: (array([1621044153000, 1621045953000]), 3)
[2021-05-15 03:02:33,743] {logging_mixin.py:104} INFO - submitted
[2021-05-15 03:02:33,743] {logging_mixin.py:104} INFO - running function for: (array([1621042353000, 1621044153000]), 1)
[2021-05-15 03:02:33,744] {logging_mixin.py:104} INFO - submitted
[2021-05-15 03:02:33,744] {logging_mixin.py:104} INFO - running function for: (array([1621042353000, 1621044153000]), 2)
[2021-05-15 03:02:33,744] {logging_mixin.py:104} INFO - submitted
[2021-05-15 03:02:33,744] {logging_mixin.py:104} INFO - running function for: (array([1621042353000, 1621044153000]), 3)
[2021-05-15 03:02:33,745] {logging_mixin.py:104} INFO - submitted
[2021-05-15 03:02:33,745] {logging_mixin.py:104} INFO - running function for: (array([1621040553000, 1621042353000]), 1)
[2021-05-15 03:02:33,745] {logging_mixin.py:104} INFO - submitted
[2021-05-15 03:02:33,745] {logging_mixin.py:104} INFO - running function for: (array([1621040553000, 1621042353000]), 2)
[2021-05-15 03:02:33,746] {logging_mixin.py:104} INFO - submitted
[2021-05-15 03:02:33,746] {logging_mixin.py:104} INFO - running function for: (array([1621040553000, 1621042353000]), 3)
[2021-05-15 03:02:33,746] {logging_mixin.py:104} INFO - submitted
[2021-05-15 03:02:33,746] {logging_mixin.py:104} INFO - running function for: (array([1621038753000, 1621040553000]), 1)
[2021-05-15 03:02:33,747] {logging_mixin.py:104} INFO - submitted
[2021-05-15 03:02:33,747] {logging_mixin.py:104} INFO - running function for: (array([1621038753000, 1621040553000]), 2)
[2021-05-15 03:02:33,747] {logging_mixin.py:104} INFO - submitted
[2021-05-15 03:02:33,747] {logging_mixin.py:104} INFO - running function for: (array([1621038753000, 1621040553000]), 3)
[2021-05-15 03:02:33,747] {logging_mixin.py:104} INFO - submitted
[2021-05-15 03:02:33,748] {logging_mixin.py:104} INFO - running function for: (array([1621036953000, 1621038753000]), 1)
[2021-05-15 03:02:33,748] {logging_mixin.py:104} INFO - submitted
[2021-05-15 03:02:33,748] {logging_mixin.py:104} INFO - running function for: (array([1621036953000, 1621038753000]), 2)
[2021-05-15 03:02:33,748] {logging_mixin.py:104} INFO - submitted
[2021-05-15 03:02:33,749] {logging_mixin.py:104} INFO - running function for: (array([1621036953000, 1621038753000]), 3)
[2021-05-15 03:02:33,749] {logging_mixin.py:104} INFO - submitted
[2021-05-15 03:02:33,749] {logging_mixin.py:104} INFO - running function for: (array([1621035153000, 1621036953000]), 1)
[2021-05-15 03:02:33,749] {logging_mixin.py:104} INFO - submitted
[2021-05-15 03:02:33,750] {logging_mixin.py:104} INFO - running function for: (array([1621035153000, 1621036953000]), 2)
[2021-05-15 03:02:33,750] {logging_mixin.py:104} INFO - submitted
[2021-05-15 03:02:33,750] {logging_mixin.py:104} INFO - running function for: (array([1621035153000, 1621036953000]), 3)
[2021-05-15 03:02:33,750] {logging_mixin.py:104} INFO - submitted
[2021-05-15 03:02:33,751] {logging_mixin.py:104} INFO - running function for: (array([1621033353000, 1621035153000]), 1)
[2021-05-15 03:02:33,751] {logging_mixin.py:104} INFO - submitted
[2021-05-15 03:02:33,751] {logging_mixin.py:104} INFO - running function for: (array([1621033353000, 1621035153000]), 2)
[2021-05-15 03:02:33,751] {logging_mixin.py:104} INFO - submitted
[2021-05-15 03:02:33,752] {logging_mixin.py:104} INFO - running function for: (array([1621033353000, 1621035153000]), 3)
[2021-05-15 03:02:33,752] {logging_mixin.py:104} INFO - submitted
[2021-05-15 03:02:33,752] {logging_mixin.py:104} INFO - running function for: (array([1621031553000, 1621033353000]), 1)
[2021-05-15 03:02:33,752] {logging_mixin.py:104} INFO - submitted
[2021-05-15 03:02:33,752] {logging_mixin.py:104} INFO - running function for: (array([1621031553000, 1621033353000]), 2)
[2021-05-15 03:02:33,753] {logging_mixin.py:104} INFO - submitted
[2021-05-15 03:02:33,753] {logging_mixin.py:104} INFO - running function for: (array([1621031553000, 1621033353000]), 3)
[2021-05-15 03:02:33,753] {logging_mixin.py:104} INFO - submitted
[2021-05-15 03:02:33,753] {logging_mixin.py:104} INFO - running function for: (array([1621029753000, 1621031553000]), 1)
[2021-05-15 03:02:33,754] {logging_mixin.py:104} INFO - submitted
[2021-05-15 03:02:33,754] {logging_mixin.py:104} INFO - running function for: (array([1621029753000, 1621031553000]), 2)
[2021-05-15 03:02:33,754] {logging_mixin.py:104} INFO - submitted
[2021-05-15 03:02:33,754] {logging_mixin.py:104} INFO - running function for: (array([1621029753000, 1621031553000]), 3)
[2021-05-15 03:02:33,755] {logging_mixin.py:104} INFO - submitted
[2021-05-15 03:02:37,098] {logging_mixin.py:104} INFO - https://cdn.iqoption.com/api/quotes-history/quotes/3.0?to=1621053153000&from=1621051353000&active_id=3&only_round=true&_key=1614903660000
[2021-05-15 03:02:37,358] {logging_mixin.py:104} INFO - https://cdn.iqoption.com/api/quotes-history/quotes/3.0?to=1621051353000&from=1621049553000&active_id=1&only_round=true&_key=1614903660000
[2021-05-15 03:02:37,360] {logging_mixin.py:104} INFO - https://cdn.iqoption.com/api/quotes-history/quotes/3.0?to=1621051353000&from=1621049553000&active_id=2&only_round=true&_key=1614903660000
[2021-05-15 03:02:37,370] {logging_mixin.py:104} INFO - https://cdn.iqoption.com/api/quotes-history/quotes/3.0?to=1621051353000&from=1621049553000&active_id=3&only_round=true&_key=1614903660000
[2021-05-15 03:02:37,446] {logging_mixin.py:104} INFO - https://cdn.iqoption.com/api/quotes-history/quotes/3.0?to=1621049553000&from=1621047753000&active_id=1&only_round=true&_key=1614903660000
[2021-05-15 03:02:37,488] {logging_mixin.py:104} INFO - https://cdn.iqoption.com/api/quotes-history/quotes/3.0?to=1621049553000&from=1621047753000&active_id=2&only_round=true&_key=1614903660000
[2021-05-15 03:02:37,491] {logging_mixin.py:104} INFO - https://cdn.iqoption.com/api/quotes-history/quotes/3.0?to=1621049553000&from=1621047753000&active_id=3&only_round=true&_key=1614903660000
[2021-05-15 03:02:37,595] {logging_mixin.py:104} INFO - https://cdn.iqoption.com/api/quotes-history/quotes/3.0?to=1621047753000&from=1621045953000&active_id=1&only_round=true&_key=1614903660000
[2021-05-15 03:02:39,221] {logging_mixin.py:104} INFO - https://cdn.iqoption.com/api/quotes-history/quotes/3.0?to=1621047753000&from=1621045953000&active_id=2&only_round=true&_key=1614903660000
[2021-05-15 03:02:39,366] {logging_mixin.py:104} INFO - https://cdn.iqoption.com/api/quotes-history/quotes/3.0?to=1621047753000&from=1621045953000&active_id=3&only_round=true&_key=1614903660000
[2021-05-15 03:02:39,465] {logging_mixin.py:104} INFO - https://cdn.iqoption.com/api/quotes-history/quotes/3.0?to=1621045953000&from=1621044153000&active_id=1&only_round=true&_key=1614903660000
[2021-05-15 03:02:39,499] {logging_mixin.py:104} INFO - https://cdn.iqoption.com/api/quotes-history/quotes/3.0?to=1621045953000&from=1621044153000&active_id=2&only_round=true&_key=1614903660000
[2021-05-15 03:02:39,592] {logging_mixin.py:104} INFO - https://cdn.iqoption.com/api/quotes-history/quotes/3.0?to=1621045953000&from=1621044153000&active_id=3&only_round=true&_key=1614903660000
[2021-05-15 03:02:39,593] {logging_mixin.py:104} INFO - https://cdn.iqoption.com/api/quotes-history/quotes/3.0?to=1621044153000&from=1621042353000&active_id=1&only_round=true&_key=1614903660000
[2021-05-15 03:02:39,614] {logging_mixin.py:104} INFO - https://cdn.iqoption.com/api/quotes-history/quotes/3.0?to=1621044153000&from=1621042353000&active_id=2&only_round=true&_key=1614903660000
[2021-05-15 03:02:39,664] {logging_mixin.py:104} INFO - https://cdn.iqoption.com/api/quotes-history/quotes/3.0?to=1621044153000&from=1621042353000&active_id=3&only_round=true&_key=1614903660000
[2021-05-15 03:02:40,843] {logging_mixin.py:104} INFO - https://cdn.iqoption.com/api/quotes-history/quotes/3.0?to=1621042353000&from=1621040553000&active_id=1&only_round=true&_key=1614903660000
[2021-05-15 03:02:41,149] {logging_mixin.py:104} INFO - https://cdn.iqoption.com/api/quotes-history/quotes/3.0?to=1621042353000&from=1621040553000&active_id=2&only_round=true&_key=1614903660000
[2021-05-15 03:02:41,155] {logging_mixin.py:104} INFO - https://cdn.iqoption.com/api/quotes-history/quotes/3.0?to=1621042353000&from=1621040553000&active_id=3&only_round=true&_key=1614903660000
[2021-05-15 03:02:41,220] {logging_mixin.py:104} INFO - https://cdn.iqoption.com/api/quotes-history/quotes/3.0?to=1621040553000&from=1621038753000&active_id=1&only_round=true&_key=1614903660000
[2021-05-15 03:02:41,233] {logging_mixin.py:104} INFO - https://cdn.iqoption.com/api/quotes-history/quotes/3.0?to=1621040553000&from=1621038753000&active_id=2&only_round=true&_key=1614903660000
[2021-05-15 03:02:41,237] {logging_mixin.py:104} INFO - https://cdn.iqoption.com/api/quotes-history/quotes/3.0?to=1621040553000&from=1621038753000&active_id=3&only_round=true&_key=1614903660000
[2021-05-15 03:02:41,241] {logging_mixin.py:104} INFO - https://cdn.iqoption.com/api/quotes-history/quotes/3.0?to=1621038753000&from=1621036953000&active_id=1&only_round=true&_key=1614903660000
[2021-05-15 03:02:41,302] {logging_mixin.py:104} INFO - https://cdn.iqoption.com/api/quotes-history/quotes/3.0?to=1621038753000&from=1621036953000&active_id=2&only_round=true&_key=1614903660000
[2021-05-15 03:02:42,353] {logging_mixin.py:104} INFO - https://cdn.iqoption.com/api/quotes-history/quotes/3.0?to=1621038753000&from=1621036953000&active_id=3&only_round=true&_key=1614903660000
[2021-05-15 03:02:42,681] {logging_mixin.py:104} INFO - https://cdn.iqoption.com/api/quotes-history/quotes/3.0?to=1621036953000&from=1621035153000&active_id=1&only_round=true&_key=1614903660000
[2021-05-15 03:02:42,685] {logging_mixin.py:104} INFO - https://cdn.iqoption.com/api/quotes-history/quotes/3.0?to=1621036953000&from=1621035153000&active_id=2&only_round=true&_key=1614903660000
[2021-05-15 03:02:42,715] {logging_mixin.py:104} INFO - https://cdn.iqoption.com/api/quotes-history/quotes/3.0?to=1621036953000&from=1621035153000&active_id=3&only_round=true&_key=1614903660000
[2021-05-15 03:02:42,731] {logging_mixin.py:104} INFO - https://cdn.iqoption.com/api/quotes-history/quotes/3.0?to=1621035153000&from=1621033353000&active_id=1&only_round=true&_key=1614903660000
[2021-05-15 03:02:42,872] {logging_mixin.py:104} INFO - https://cdn.iqoption.com/api/quotes-history/quotes/3.0?to=1621035153000&from=1621033353000&active_id=2&only_round=true&_key=1614903660000
[2021-05-15 03:02:42,887] {logging_mixin.py:104} INFO - https://cdn.iqoption.com/api/quotes-history/quotes/3.0?to=1621035153000&from=1621033353000&active_id=3&only_round=true&_key=1614903660000
[2021-05-15 03:02:42,889] {logging_mixin.py:104} INFO - https://cdn.iqoption.com/api/quotes-history/quotes/3.0?to=1621033353000&from=1621031553000&active_id=1&only_round=true&_key=1614903660000
[2021-05-15 03:02:44,075] {logging_mixin.py:104} INFO - https://cdn.iqoption.com/api/quotes-history/quotes/3.0?to=1621033353000&from=1621031553000&active_id=2&only_round=true&_key=1614903660000
[2021-05-15 03:02:44,187] {logging_mixin.py:104} INFO - https://cdn.iqoption.com/api/quotes-history/quotes/3.0?to=1621033353000&from=1621031553000&active_id=3&only_round=true&_key=1614903660000
[2021-05-15 03:02:44,270] {logging_mixin.py:104} INFO - https://cdn.iqoption.com/api/quotes-history/quotes/3.0?to=1621031553000&from=1621029753000&active_id=1&only_round=true&_key=1614903660000
[2021-05-15 03:02:44,286] {logging_mixin.py:104} INFO - https://cdn.iqoption.com/api/quotes-history/quotes/3.0?to=1621031553000&from=1621029753000&active_id=2&only_round=true&_key=1614903660000
[2021-05-15 03:02:44,349] {logging_mixin.py:104} INFO - https://cdn.iqoption.com/api/quotes-history/quotes/3.0?to=1621031553000&from=1621029753000&active_id=3&only_round=true&_key=1614903660000
[2021-05-15 03:02:45,789] {python.py:118} INFO - Done. Returned value was: None
[2021-05-15 03:02:45,795] {taskinstance.py:1192} INFO - Marking task as SUCCESS. dag_id=etl, task_id=loading_data_to_s3, execution_date=20210515T010000, start_date=20210515T060232, end_date=20210515T060245
[2021-05-15 03:02:45,836] {taskinstance.py:1246} INFO - 1 downstream tasks scheduled from follow-on schedule check
[2021-05-15 03:02:45,857] {local_task_job.py:146} INFO - Task exited with return code 0
