[2021-05-15 13:25:18,538] {taskinstance.py:877} INFO - Dependencies all met for <TaskInstance: etl.remove_s3_files 2021-05-15T16:20:43.082053+00:00 [queued]>
[2021-05-15 13:25:18,545] {taskinstance.py:877} INFO - Dependencies all met for <TaskInstance: etl.remove_s3_files 2021-05-15T16:20:43.082053+00:00 [queued]>
[2021-05-15 13:25:18,545] {taskinstance.py:1068} INFO - 
--------------------------------------------------------------------------------
[2021-05-15 13:25:18,545] {taskinstance.py:1069} INFO - Starting attempt 1 of 1
[2021-05-15 13:25:18,545] {taskinstance.py:1070} INFO - 
--------------------------------------------------------------------------------
[2021-05-15 13:25:18,551] {taskinstance.py:1089} INFO - Executing <Task(PythonOperator): remove_s3_files> on 2021-05-15T16:20:43.082053+00:00
[2021-05-15 13:25:18,555] {standard_task_runner.py:52} INFO - Started process 29120 to run task
[2021-05-15 13:25:18,564] {standard_task_runner.py:76} INFO - Running: ['airflow', 'tasks', 'run', 'etl', 'remove_s3_files', '2021-05-15T16:20:43.082053+00:00', '--job-id', '733', '--pool', 'default_pool', '--raw', '--subdir', 'DAGS_FOLDER/etl_dag.py', '--cfg-path', '/var/folders/_f/vg3x3jmj23bcz6s88l7v6fb40000gn/T/tmplno6dneh', '--error-file', '/var/folders/_f/vg3x3jmj23bcz6s88l7v6fb40000gn/T/tmpj03z61jf']
[2021-05-15 13:25:18,566] {standard_task_runner.py:77} INFO - Job 733: Subtask remove_s3_files
[2021-05-15 13:25:18,605] {logging_mixin.py:104} INFO - Running <TaskInstance: etl.remove_s3_files 2021-05-15T16:20:43.082053+00:00 [running]> on host 27.2.168.192.in-addr.arpa
[2021-05-15 13:25:18,633] {taskinstance.py:1283} INFO - Exporting the following env vars:
AIRFLOW_CTX_DAG_OWNER=udacity
AIRFLOW_CTX_DAG_ID=etl
AIRFLOW_CTX_TASK_ID=remove_s3_files
AIRFLOW_CTX_EXECUTION_DATE=2021-05-15T16:20:43.082053+00:00
AIRFLOW_CTX_DAG_RUN_ID=manual__2021-05-15T16:20:43.082053+00:00
[2021-05-15 13:25:21,505] {python.py:118} INFO - Done. Returned value was: None
[2021-05-15 13:25:21,513] {taskinstance.py:1192} INFO - Marking task as SUCCESS. dag_id=etl, task_id=remove_s3_files, execution_date=20210515T162043, start_date=20210515T162518, end_date=20210515T162521
[2021-05-15 13:25:21,578] {taskinstance.py:1246} INFO - 0 downstream tasks scheduled from follow-on schedule check
[2021-05-15 13:25:21,607] {local_task_job.py:146} INFO - Task exited with return code 0
