[2021-05-14 16:49:25,421] {taskinstance.py:877} INFO - Dependencies all met for <TaskInstance: etl.removing_local_files 2021-05-14T19:48:59.352757+00:00 [queued]>
[2021-05-14 16:49:25,427] {taskinstance.py:877} INFO - Dependencies all met for <TaskInstance: etl.removing_local_files 2021-05-14T19:48:59.352757+00:00 [queued]>
[2021-05-14 16:49:25,427] {taskinstance.py:1068} INFO - 
--------------------------------------------------------------------------------
[2021-05-14 16:49:25,427] {taskinstance.py:1069} INFO - Starting attempt 1 of 1
[2021-05-14 16:49:25,427] {taskinstance.py:1070} INFO - 
--------------------------------------------------------------------------------
[2021-05-14 16:49:25,432] {taskinstance.py:1089} INFO - Executing <Task(PythonOperator): removing_local_files> on 2021-05-14T19:48:59.352757+00:00
[2021-05-14 16:49:25,435] {standard_task_runner.py:52} INFO - Started process 23472 to run task
[2021-05-14 16:49:25,443] {standard_task_runner.py:76} INFO - Running: ['airflow', 'tasks', 'run', 'etl', 'removing_local_files', '2021-05-14T19:48:59.352757+00:00', '--job-id', '473', '--pool', 'default_pool', '--raw', '--subdir', 'DAGS_FOLDER/etl_dag.py', '--cfg-path', '/var/folders/_f/vg3x3jmj23bcz6s88l7v6fb40000gn/T/tmp22zbl5zw', '--error-file', '/var/folders/_f/vg3x3jmj23bcz6s88l7v6fb40000gn/T/tmp9mwc__yt']
[2021-05-14 16:49:25,445] {standard_task_runner.py:77} INFO - Job 473: Subtask removing_local_files
[2021-05-14 16:49:25,476] {logging_mixin.py:104} INFO - Running <TaskInstance: etl.removing_local_files 2021-05-14T19:48:59.352757+00:00 [running]> on host 1.0.0.0.0.0.0.0.0.0.0.0.0.0.0.0.0.0.0.0.0.0.0.0.0.0.0.0.0.0.0.0.ip6.arpa
[2021-05-14 16:49:25,503] {taskinstance.py:1283} INFO - Exporting the following env vars:
AIRFLOW_CTX_DAG_OWNER=udacity
AIRFLOW_CTX_DAG_ID=etl
AIRFLOW_CTX_TASK_ID=removing_local_files
AIRFLOW_CTX_EXECUTION_DATE=2021-05-14T19:48:59.352757+00:00
AIRFLOW_CTX_DAG_RUN_ID=manual__2021-05-14T19:48:59.352757+00:00
[2021-05-14 16:49:25,507] {python.py:118} INFO - Done. Returned value was: None
[2021-05-14 16:49:25,512] {taskinstance.py:1192} INFO - Marking task as SUCCESS. dag_id=etl, task_id=removing_local_files, execution_date=20210514T194859, start_date=20210514T194925, end_date=20210514T194925
[2021-05-14 16:49:25,564] {taskinstance.py:1246} INFO - 1 downstream tasks scheduled from follow-on schedule check
[2021-05-14 16:49:25,579] {local_task_job.py:146} INFO - Task exited with return code 0
