[2021-05-11 16:22:56,280] {taskinstance.py:877} INFO - Dependencies all met for <TaskInstance: etl.create_dim_table 2021-05-11T19:22:50.763884+00:00 [queued]>
[2021-05-11 16:22:56,285] {taskinstance.py:877} INFO - Dependencies all met for <TaskInstance: etl.create_dim_table 2021-05-11T19:22:50.763884+00:00 [queued]>
[2021-05-11 16:22:56,285] {taskinstance.py:1068} INFO - 
--------------------------------------------------------------------------------
[2021-05-11 16:22:56,285] {taskinstance.py:1069} INFO - Starting attempt 1 of 1
[2021-05-11 16:22:56,285] {taskinstance.py:1070} INFO - 
--------------------------------------------------------------------------------
[2021-05-11 16:22:56,290] {taskinstance.py:1089} INFO - Executing <Task(ExecuteQueryOperator): create_dim_table> on 2021-05-11T19:22:50.763884+00:00
[2021-05-11 16:22:56,293] {standard_task_runner.py:52} INFO - Started process 98816 to run task
[2021-05-11 16:22:56,299] {standard_task_runner.py:76} INFO - Running: ['airflow', 'tasks', 'run', 'etl', 'create_dim_table', '2021-05-11T19:22:50.763884+00:00', '--job-id', '73', '--pool', 'default_pool', '--raw', '--subdir', 'DAGS_FOLDER/etl.py', '--cfg-path', '/var/folders/_f/vg3x3jmj23bcz6s88l7v6fb40000gn/T/tmpu0h_kzy3', '--error-file', '/var/folders/_f/vg3x3jmj23bcz6s88l7v6fb40000gn/T/tmp81q5ql6v']
[2021-05-11 16:22:56,301] {standard_task_runner.py:77} INFO - Job 73: Subtask create_dim_table
[2021-05-11 16:22:56,330] {logging_mixin.py:104} INFO - Running <TaskInstance: etl.create_dim_table 2021-05-11T19:22:50.763884+00:00 [running]> on host 27.2.168.192.in-addr.arpa
[2021-05-11 16:22:56,351] {taskinstance.py:1283} INFO - Exporting the following env vars:
AIRFLOW_CTX_DAG_OWNER=udacity
AIRFLOW_CTX_DAG_ID=etl
AIRFLOW_CTX_TASK_ID=create_dim_table
AIRFLOW_CTX_EXECUTION_DATE=2021-05-11T19:22:50.763884+00:00
AIRFLOW_CTX_DAG_RUN_ID=manual__2021-05-11T19:22:50.763884+00:00
[2021-05-11 16:22:56,352] {execute_query.py:21} INFO - Executing query
[2021-05-11 16:22:56,355] {base.py:78} INFO - Using connection to: id: redshift. Host: redshift-cluster-1.caua6g9a7jto.us-east-1.redshift.amazonaws.com, Port: 5439, Schema: dev, Login: awsuser, Password: XXXXXXXX, extra: None
[2021-05-11 16:22:57,462] {dbapi.py:180} INFO - Running statement: 
    DROP TABLE IF EXISTS forex.dim_active_id; 
    CREATE TABLE IF NOT EXISTS forex.dim_active_id (
    active_id INT,
    active_name TEXT,
    PRIMARY KEY (active_id)
    );
, parameters: None
[2021-05-11 16:22:58,073] {dbapi.py:186} INFO - Rows affected: -1
[2021-05-11 16:22:58,357] {taskinstance.py:1192} INFO - Marking task as SUCCESS. dag_id=etl, task_id=create_dim_table, execution_date=20210511T192250, start_date=20210511T192256, end_date=20210511T192258
[2021-05-11 16:22:58,402] {taskinstance.py:1246} INFO - 1 downstream tasks scheduled from follow-on schedule check
[2021-05-11 16:22:58,422] {local_task_job.py:146} INFO - Task exited with return code 0
