[2021-05-14 14:00:14,676] {taskinstance.py:877} INFO - Dependencies all met for <TaskInstance: etl.loading_data_to_s3 2021-05-14T16:00:00+00:00 [queued]>
[2021-05-14 14:00:14,682] {taskinstance.py:877} INFO - Dependencies all met for <TaskInstance: etl.loading_data_to_s3 2021-05-14T16:00:00+00:00 [queued]>
[2021-05-14 14:00:14,682] {taskinstance.py:1068} INFO - 
--------------------------------------------------------------------------------
[2021-05-14 14:00:14,682] {taskinstance.py:1069} INFO - Starting attempt 1 of 1
[2021-05-14 14:00:14,682] {taskinstance.py:1070} INFO - 
--------------------------------------------------------------------------------
[2021-05-14 14:00:14,687] {taskinstance.py:1089} INFO - Executing <Task(PythonOperator): loading_data_to_s3> on 2021-05-14T16:00:00+00:00
[2021-05-14 14:00:14,691] {standard_task_runner.py:52} INFO - Started process 21061 to run task
[2021-05-14 14:00:14,697] {standard_task_runner.py:76} INFO - Running: ['airflow', 'tasks', 'run', 'etl', 'loading_data_to_s3', '2021-05-14T16:00:00+00:00', '--job-id', '428', '--pool', 'default_pool', '--raw', '--subdir', 'DAGS_FOLDER/etl_dag.py', '--cfg-path', '/var/folders/_f/vg3x3jmj23bcz6s88l7v6fb40000gn/T/tmp9hywtgme', '--error-file', '/var/folders/_f/vg3x3jmj23bcz6s88l7v6fb40000gn/T/tmpkv65eprz']
[2021-05-14 14:00:14,699] {standard_task_runner.py:77} INFO - Job 428: Subtask loading_data_to_s3
[2021-05-14 14:00:14,732] {logging_mixin.py:104} INFO - Running <TaskInstance: etl.loading_data_to_s3 2021-05-14T16:00:00+00:00 [running]> on host 27.2.168.192.in-addr.arpa
[2021-05-14 14:00:14,758] {taskinstance.py:1283} INFO - Exporting the following env vars:
AIRFLOW_CTX_DAG_OWNER=udacity
AIRFLOW_CTX_DAG_ID=etl
AIRFLOW_CTX_TASK_ID=loading_data_to_s3
AIRFLOW_CTX_EXECUTION_DATE=2021-05-14T16:00:00+00:00
AIRFLOW_CTX_DAG_RUN_ID=scheduled__2021-05-14T16:00:00+00:00
[2021-05-14 14:00:15,979] {logging_mixin.py:104} INFO - Fetching interval list
[2021-05-14 14:00:15,980] {logging_mixin.py:104} INFO - Inverval list built
[2021-05-14 14:00:15,980] {logging_mixin.py:104} INFO - Processing data
[2021-05-14 14:00:15,980] {logging_mixin.py:104} INFO - df initialized
[2021-05-14 14:00:15,981] {logging_mixin.py:104} INFO - ThreadPoolExecutor initialized
[2021-05-14 14:00:15,982] {logging_mixin.py:104} INFO - running function for: (array([1621008015000, 1621009815000]), 1)
[2021-05-14 14:00:15,982] {logging_mixin.py:104} INFO - https://cdn.iqoption.com/api/quotes-history/quotes/3.0?to=1621009815000&from=1621008015000&active_id=1&only_round=true&_key=1614903660000
[2021-05-14 14:00:15,982] {logging_mixin.py:104} INFO - https://cdn.iqoption.com/api/quotes-history/quotes/3.0?to=1621009815000&from=1621008015000&active_id=1&only_round=true&_key=1614903660000
submitted
[2021-05-14 14:00:15,984] {logging_mixin.py:104} INFO - running function for: (array([1621008015000, 1621009815000]), 2)
[2021-05-14 14:00:15,984] {logging_mixin.py:104} INFO - https://cdn.iqoption.com/api/quotes-history/quotes/3.0?to=1621009815000&from=1621008015000&active_id=2&only_round=true&_key=1614903660000
[2021-05-14 14:00:15,984] {logging_mixin.py:104} INFO - submitted
[2021-05-14 14:00:15,985] {logging_mixin.py:104} INFO - running function for: (array([1621008015000, 1621009815000]), 3)
[2021-05-14 14:00:15,985] {logging_mixin.py:104} INFO - https://cdn.iqoption.com/api/quotes-history/quotes/3.0?to=1621009815000&from=1621008015000&active_id=3&only_round=true&_key=1614903660000
[2021-05-14 14:00:15,986] {logging_mixin.py:104} INFO - https://cdn.iqoption.com/api/quotes-history/quotes/3.0?to=1621009815000&from=1621008015000&active_id=3&only_round=true&_key=1614903660000
submitted
[2021-05-14 14:00:15,987] {logging_mixin.py:104} INFO - running function for: (array([1621006215000, 1621008015000]), 1)
[2021-05-14 14:00:15,988] {logging_mixin.py:104} INFO - https://cdn.iqoption.com/api/quotes-history/quotes/3.0?to=1621008015000&from=1621006215000&active_id=1&only_round=true&_key=1614903660000
[2021-05-14 14:00:15,988] {logging_mixin.py:104} INFO - https://cdn.iqoption.com/api/quotes-history/quotes/3.0?to=1621008015000&from=1621006215000&active_id=1&only_round=true&_key=1614903660000
submitted
[2021-05-14 14:00:15,989] {logging_mixin.py:104} INFO - running function for: (array([1621006215000, 1621008015000]), 2)
[2021-05-14 14:00:15,991] {logging_mixin.py:104} INFO - https://cdn.iqoption.com/api/quotes-history/quotes/3.0?to=1621008015000&from=1621006215000&active_id=2&only_round=true&_key=1614903660000
[2021-05-14 14:00:15,992] {logging_mixin.py:104} INFO - https://cdn.iqoption.com/api/quotes-history/quotes/3.0?to=1621008015000&from=1621006215000&active_id=2&only_round=true&_key=1614903660000
submitted
[2021-05-14 14:00:15,993] {logging_mixin.py:104} INFO - running function for: (array([1621006215000, 1621008015000]), 3)
[2021-05-14 14:00:15,993] {logging_mixin.py:104} INFO - https://cdn.iqoption.com/api/quotes-history/quotes/3.0?to=1621008015000&from=1621006215000&active_id=3&only_round=true&_key=1614903660000
[2021-05-14 14:00:15,994] {logging_mixin.py:104} INFO - https://cdn.iqoption.com/api/quotes-history/quotes/3.0?to=1621008015000&from=1621006215000&active_id=3&only_round=true&_key=1614903660000
submitted
[2021-05-14 14:00:15,994] {logging_mixin.py:104} INFO - running function for: (array([1621004415000, 1621006215000]), 1)
[2021-05-14 14:00:15,995] {logging_mixin.py:104} INFO - https://cdn.iqoption.com/api/quotes-history/quotes/3.0?to=1621006215000&from=1621004415000&active_id=1&only_round=true&_key=1614903660000
[2021-05-14 14:00:15,996] {logging_mixin.py:104} INFO - https://cdn.iqoption.com/api/quotes-history/quotes/3.0?to=1621006215000&from=1621004415000&active_id=1&only_round=true&_key=1614903660000
submitted
[2021-05-14 14:00:15,996] {logging_mixin.py:104} INFO - running function for: (array([1621004415000, 1621006215000]), 2)
[2021-05-14 14:00:15,997] {logging_mixin.py:104} INFO - https://cdn.iqoption.com/api/quotes-history/quotes/3.0?to=1621006215000&from=1621004415000&active_id=2&only_round=true&_key=1614903660000
[2021-05-14 14:00:15,997] {logging_mixin.py:104} INFO - https://cdn.iqoption.com/api/quotes-history/quotes/3.0?to=1621006215000&from=1621004415000&active_id=2&only_round=true&_key=1614903660000
submitted
[2021-05-14 14:00:15,998] {logging_mixin.py:104} INFO - running function for: (array([1621004415000, 1621006215000]), 3)
[2021-05-14 14:00:15,999] {logging_mixin.py:104} INFO - submitted
[2021-05-14 14:00:15,999] {logging_mixin.py:104} INFO - running function for: (array([1621002615000, 1621004415000]), 1)
[2021-05-14 14:00:15,999] {logging_mixin.py:104} INFO - submitted
[2021-05-14 14:00:16,000] {logging_mixin.py:104} INFO - running function for: (array([1621002615000, 1621004415000]), 2)
[2021-05-14 14:00:16,000] {logging_mixin.py:104} INFO - submitted
[2021-05-14 14:00:16,000] {logging_mixin.py:104} INFO - running function for: (array([1621002615000, 1621004415000]), 3)
[2021-05-14 14:00:16,001] {logging_mixin.py:104} INFO - submitted
[2021-05-14 14:00:16,001] {logging_mixin.py:104} INFO - running function for: (array([1621000815000, 1621002615000]), 1)
[2021-05-14 14:00:16,001] {logging_mixin.py:104} INFO - submitted
[2021-05-14 14:00:16,002] {logging_mixin.py:104} INFO - running function for: (array([1621000815000, 1621002615000]), 2)
[2021-05-14 14:00:16,002] {logging_mixin.py:104} INFO - submitted
[2021-05-14 14:00:16,002] {logging_mixin.py:104} INFO - running function for: (array([1621000815000, 1621002615000]), 3)
[2021-05-14 14:00:16,002] {logging_mixin.py:104} INFO - submitted
[2021-05-14 14:00:16,003] {logging_mixin.py:104} INFO - running function for: (array([1620999015000, 1621000815000]), 1)
[2021-05-14 14:00:16,003] {logging_mixin.py:104} INFO - submitted
[2021-05-14 14:00:16,003] {logging_mixin.py:104} INFO - running function for: (array([1620999015000, 1621000815000]), 2)
[2021-05-14 14:00:16,003] {logging_mixin.py:104} INFO - submitted
[2021-05-14 14:00:16,004] {logging_mixin.py:104} INFO - running function for: (array([1620999015000, 1621000815000]), 3)
[2021-05-14 14:00:16,004] {logging_mixin.py:104} INFO - submitted
[2021-05-14 14:00:16,004] {logging_mixin.py:104} INFO - running function for: (array([1620997215000, 1620999015000]), 1)
[2021-05-14 14:00:16,004] {logging_mixin.py:104} INFO - submitted
[2021-05-14 14:00:16,005] {logging_mixin.py:104} INFO - running function for: (array([1620997215000, 1620999015000]), 2)
[2021-05-14 14:00:16,005] {logging_mixin.py:104} INFO - submitted
[2021-05-14 14:00:16,005] {logging_mixin.py:104} INFO - running function for: (array([1620997215000, 1620999015000]), 3)
[2021-05-14 14:00:16,005] {logging_mixin.py:104} INFO - submitted
[2021-05-14 14:00:16,006] {logging_mixin.py:104} INFO - running function for: (array([1620995415000, 1620997215000]), 1)
[2021-05-14 14:00:16,006] {logging_mixin.py:104} INFO - submitted
[2021-05-14 14:00:16,006] {logging_mixin.py:104} INFO - running function for: (array([1620995415000, 1620997215000]), 2)
[2021-05-14 14:00:16,006] {logging_mixin.py:104} INFO - submitted
[2021-05-14 14:00:16,007] {logging_mixin.py:104} INFO - running function for: (array([1620995415000, 1620997215000]), 3)
[2021-05-14 14:00:16,007] {logging_mixin.py:104} INFO - submitted
[2021-05-14 14:00:16,007] {logging_mixin.py:104} INFO - running function for: (array([1620993615000, 1620995415000]), 1)
[2021-05-14 14:00:16,007] {logging_mixin.py:104} INFO - submitted
[2021-05-14 14:00:16,008] {logging_mixin.py:104} INFO - running function for: (array([1620993615000, 1620995415000]), 2)
[2021-05-14 14:00:16,008] {logging_mixin.py:104} INFO - submitted
[2021-05-14 14:00:16,008] {logging_mixin.py:104} INFO - running function for: (array([1620993615000, 1620995415000]), 3)
[2021-05-14 14:00:16,008] {logging_mixin.py:104} INFO - submitted
[2021-05-14 14:00:16,009] {logging_mixin.py:104} INFO - running function for: (array([1620991815000, 1620993615000]), 1)
[2021-05-14 14:00:16,009] {logging_mixin.py:104} INFO - submitted
[2021-05-14 14:00:16,009] {logging_mixin.py:104} INFO - running function for: (array([1620991815000, 1620993615000]), 2)
[2021-05-14 14:00:16,009] {logging_mixin.py:104} INFO - submitted
[2021-05-14 14:00:16,010] {logging_mixin.py:104} INFO - running function for: (array([1620991815000, 1620993615000]), 3)
[2021-05-14 14:00:16,010] {logging_mixin.py:104} INFO - submitted
[2021-05-14 14:00:16,010] {logging_mixin.py:104} INFO - running function for: (array([1620990015000, 1620991815000]), 1)
[2021-05-14 14:00:16,010] {logging_mixin.py:104} INFO - submitted
[2021-05-14 14:00:16,011] {logging_mixin.py:104} INFO - running function for: (array([1620990015000, 1620991815000]), 2)
[2021-05-14 14:00:16,011] {logging_mixin.py:104} INFO - submitted
[2021-05-14 14:00:16,011] {logging_mixin.py:104} INFO - running function for: (array([1620990015000, 1620991815000]), 3)
[2021-05-14 14:00:16,011] {logging_mixin.py:104} INFO - submitted
[2021-05-14 14:00:16,011] {logging_mixin.py:104} INFO - running function for: (array([1620988215000, 1620990015000]), 1)
[2021-05-14 14:00:16,012] {logging_mixin.py:104} INFO - submitted
[2021-05-14 14:00:16,013] {logging_mixin.py:104} INFO - running function for: (array([1620988215000, 1620990015000]), 2)
[2021-05-14 14:00:16,013] {logging_mixin.py:104} INFO - submitted
[2021-05-14 14:00:16,013] {logging_mixin.py:104} INFO - running function for: (array([1620988215000, 1620990015000]), 3)
[2021-05-14 14:00:16,014] {logging_mixin.py:104} INFO - submitted
[2021-05-14 14:00:16,014] {logging_mixin.py:104} INFO - running function for: (array([1620986415000, 1620988215000]), 1)
[2021-05-14 14:00:16,014] {logging_mixin.py:104} INFO - submitted
[2021-05-14 14:00:16,014] {logging_mixin.py:104} INFO - running function for: (array([1620986415000, 1620988215000]), 2)
[2021-05-14 14:00:16,015] {logging_mixin.py:104} INFO - submitted
[2021-05-14 14:00:16,015] {logging_mixin.py:104} INFO - running function for: (array([1620986415000, 1620988215000]), 3)
[2021-05-14 14:00:16,015] {logging_mixin.py:104} INFO - submitted
[2021-05-14 14:00:16,015] {logging_mixin.py:104} INFO - running function for: (array([1620984615000, 1620986415000]), 1)
[2021-05-14 14:00:16,016] {logging_mixin.py:104} INFO - submitted
[2021-05-14 14:00:16,016] {logging_mixin.py:104} INFO - running function for: (array([1620984615000, 1620986415000]), 2)
[2021-05-14 14:00:16,016] {logging_mixin.py:104} INFO - submitted
[2021-05-14 14:00:16,016] {logging_mixin.py:104} INFO - running function for: (array([1620984615000, 1620986415000]), 3)
[2021-05-14 14:00:16,017] {logging_mixin.py:104} INFO - submitted
[2021-05-14 14:00:16,017] {logging_mixin.py:104} INFO - running function for: (array([1620982815000, 1620984615000]), 1)
[2021-05-14 14:00:16,017] {logging_mixin.py:104} INFO - submitted
[2021-05-14 14:00:16,017] {logging_mixin.py:104} INFO - running function for: (array([1620982815000, 1620984615000]), 2)
[2021-05-14 14:00:16,018] {logging_mixin.py:104} INFO - submitted
[2021-05-14 14:00:16,018] {logging_mixin.py:104} INFO - running function for: (array([1620982815000, 1620984615000]), 3)
[2021-05-14 14:00:16,018] {logging_mixin.py:104} INFO - submitted
[2021-05-14 14:00:16,018] {logging_mixin.py:104} INFO - running function for: (array([1620981015000, 1620982815000]), 1)
[2021-05-14 14:00:16,019] {logging_mixin.py:104} INFO - submitted
[2021-05-14 14:00:16,019] {logging_mixin.py:104} INFO - running function for: (array([1620981015000, 1620982815000]), 2)
[2021-05-14 14:00:16,019] {logging_mixin.py:104} INFO - submitted
[2021-05-14 14:00:16,019] {logging_mixin.py:104} INFO - running function for: (array([1620981015000, 1620982815000]), 3)
[2021-05-14 14:00:16,020] {logging_mixin.py:104} INFO - submitted
[2021-05-14 14:00:16,020] {logging_mixin.py:104} INFO - running function for: (array([1620979215000, 1620981015000]), 1)
[2021-05-14 14:00:16,020] {logging_mixin.py:104} INFO - submitted
[2021-05-14 14:00:16,020] {logging_mixin.py:104} INFO - running function for: (array([1620979215000, 1620981015000]), 2)
[2021-05-14 14:00:16,020] {logging_mixin.py:104} INFO - submitted
[2021-05-14 14:00:16,021] {logging_mixin.py:104} INFO - running function for: (array([1620979215000, 1620981015000]), 3)
[2021-05-14 14:00:16,021] {logging_mixin.py:104} INFO - submitted
[2021-05-14 14:00:16,021] {logging_mixin.py:104} INFO - running function for: (array([1620977415000, 1620979215000]), 1)
[2021-05-14 14:00:16,021] {logging_mixin.py:104} INFO - submitted
[2021-05-14 14:00:16,022] {logging_mixin.py:104} INFO - running function for: (array([1620977415000, 1620979215000]), 2)
[2021-05-14 14:00:16,022] {logging_mixin.py:104} INFO - submitted
[2021-05-14 14:00:16,022] {logging_mixin.py:104} INFO - running function for: (array([1620977415000, 1620979215000]), 3)
[2021-05-14 14:00:16,022] {logging_mixin.py:104} INFO - submitted
[2021-05-14 14:00:16,023] {logging_mixin.py:104} INFO - running function for: (array([1620975615000, 1620977415000]), 1)
[2021-05-14 14:00:16,023] {logging_mixin.py:104} INFO - submitted
[2021-05-14 14:00:16,023] {logging_mixin.py:104} INFO - running function for: (array([1620975615000, 1620977415000]), 2)
[2021-05-14 14:00:16,023] {logging_mixin.py:104} INFO - submitted
[2021-05-14 14:00:16,024] {logging_mixin.py:104} INFO - running function for: (array([1620975615000, 1620977415000]), 3)
[2021-05-14 14:00:16,024] {logging_mixin.py:104} INFO - submitted
[2021-05-14 14:00:16,025] {logging_mixin.py:104} INFO - running function for: (array([1620973815000, 1620975615000]), 1)
[2021-05-14 14:00:16,025] {logging_mixin.py:104} INFO - submitted
[2021-05-14 14:00:16,025] {logging_mixin.py:104} INFO - running function for: (array([1620973815000, 1620975615000]), 2)
[2021-05-14 14:00:16,025] {logging_mixin.py:104} INFO - submitted
[2021-05-14 14:00:16,026] {logging_mixin.py:104} INFO - running function for: (array([1620973815000, 1620975615000]), 3)
[2021-05-14 14:00:16,026] {logging_mixin.py:104} INFO - submitted
[2021-05-14 14:00:16,026] {logging_mixin.py:104} INFO - running function for: (array([1620972015000, 1620973815000]), 1)
[2021-05-14 14:00:16,026] {logging_mixin.py:104} INFO - submitted
[2021-05-14 14:00:16,027] {logging_mixin.py:104} INFO - running function for: (array([1620972015000, 1620973815000]), 2)
[2021-05-14 14:00:16,027] {logging_mixin.py:104} INFO - submitted
[2021-05-14 14:00:16,027] {logging_mixin.py:104} INFO - running function for: (array([1620972015000, 1620973815000]), 3)
[2021-05-14 14:00:16,028] {logging_mixin.py:104} INFO - submitted
[2021-05-14 14:00:16,028] {logging_mixin.py:104} INFO - running function for: (array([1620970215000, 1620972015000]), 1)
[2021-05-14 14:00:16,028] {logging_mixin.py:104} INFO - submitted
[2021-05-14 14:00:16,028] {logging_mixin.py:104} INFO - running function for: (array([1620970215000, 1620972015000]), 2)
[2021-05-14 14:00:16,029] {logging_mixin.py:104} INFO - submitted
[2021-05-14 14:00:16,029] {logging_mixin.py:104} INFO - running function for: (array([1620970215000, 1620972015000]), 3)
[2021-05-14 14:00:16,029] {logging_mixin.py:104} INFO - submitted
[2021-05-14 14:00:16,029] {logging_mixin.py:104} INFO - running function for: (array([1620968415000, 1620970215000]), 1)
[2021-05-14 14:00:16,030] {logging_mixin.py:104} INFO - submitted
[2021-05-14 14:00:16,030] {logging_mixin.py:104} INFO - running function for: (array([1620968415000, 1620970215000]), 2)
[2021-05-14 14:00:16,030] {logging_mixin.py:104} INFO - submitted
[2021-05-14 14:00:16,030] {logging_mixin.py:104} INFO - running function for: (array([1620968415000, 1620970215000]), 3)
[2021-05-14 14:00:16,031] {logging_mixin.py:104} INFO - submitted
[2021-05-14 14:00:16,031] {logging_mixin.py:104} INFO - running function for: (array([1620966615000, 1620968415000]), 1)
[2021-05-14 14:00:16,031] {logging_mixin.py:104} INFO - submitted
[2021-05-14 14:00:16,031] {logging_mixin.py:104} INFO - running function for: (array([1620966615000, 1620968415000]), 2)
[2021-05-14 14:00:16,031] {logging_mixin.py:104} INFO - submitted
[2021-05-14 14:00:16,032] {logging_mixin.py:104} INFO - running function for: (array([1620966615000, 1620968415000]), 3)
[2021-05-14 14:00:16,032] {logging_mixin.py:104} INFO - submitted
[2021-05-14 14:00:16,032] {logging_mixin.py:104} INFO - running function for: (array([1620964815000, 1620966615000]), 1)
[2021-05-14 14:00:16,032] {logging_mixin.py:104} INFO - submitted
[2021-05-14 14:00:16,033] {logging_mixin.py:104} INFO - running function for: (array([1620964815000, 1620966615000]), 2)
[2021-05-14 14:00:16,033] {logging_mixin.py:104} INFO - submitted
[2021-05-14 14:00:16,033] {logging_mixin.py:104} INFO - running function for: (array([1620964815000, 1620966615000]), 3)
[2021-05-14 14:00:16,033] {logging_mixin.py:104} INFO - submitted
[2021-05-14 14:00:16,034] {logging_mixin.py:104} INFO - running function for: (array([1620963015000, 1620964815000]), 1)
[2021-05-14 14:00:16,034] {logging_mixin.py:104} INFO - submitted
[2021-05-14 14:00:16,034] {logging_mixin.py:104} INFO - running function for: (array([1620963015000, 1620964815000]), 2)
[2021-05-14 14:00:16,034] {logging_mixin.py:104} INFO - submitted
[2021-05-14 14:00:16,035] {logging_mixin.py:104} INFO - running function for: (array([1620963015000, 1620964815000]), 3)
[2021-05-14 14:00:16,035] {logging_mixin.py:104} INFO - submitted
[2021-05-14 14:00:16,036] {logging_mixin.py:104} INFO - running function for: (array([1620961215000, 1620963015000]), 1)
[2021-05-14 14:00:16,036] {logging_mixin.py:104} INFO - submitted
[2021-05-14 14:00:16,036] {logging_mixin.py:104} INFO - running function for: (array([1620961215000, 1620963015000]), 2)
[2021-05-14 14:00:16,037] {logging_mixin.py:104} INFO - submitted
[2021-05-14 14:00:16,037] {logging_mixin.py:104} INFO - running function for: (array([1620961215000, 1620963015000]), 3)
[2021-05-14 14:00:16,037] {logging_mixin.py:104} INFO - submitted
[2021-05-14 14:00:16,038] {logging_mixin.py:104} INFO - running function for: (array([1620959415000, 1620961215000]), 1)
[2021-05-14 14:00:16,038] {logging_mixin.py:104} INFO - submitted
[2021-05-14 14:00:16,038] {logging_mixin.py:104} INFO - running function for: (array([1620959415000, 1620961215000]), 2)
[2021-05-14 14:00:16,038] {logging_mixin.py:104} INFO - submitted
[2021-05-14 14:00:16,039] {logging_mixin.py:104} INFO - running function for: (array([1620959415000, 1620961215000]), 3)
[2021-05-14 14:00:16,039] {logging_mixin.py:104} INFO - submitted
[2021-05-14 14:00:16,039] {logging_mixin.py:104} INFO - running function for: (array([1620957615000, 1620959415000]), 1)
[2021-05-14 14:00:16,039] {logging_mixin.py:104} INFO - submitted
[2021-05-14 14:00:16,040] {logging_mixin.py:104} INFO - running function for: (array([1620957615000, 1620959415000]), 2)
[2021-05-14 14:00:16,040] {logging_mixin.py:104} INFO - submitted
[2021-05-14 14:00:16,040] {logging_mixin.py:104} INFO - running function for: (array([1620957615000, 1620959415000]), 3)
[2021-05-14 14:00:16,040] {logging_mixin.py:104} INFO - submitted
[2021-05-14 14:00:16,041] {logging_mixin.py:104} INFO - running function for: (array([1620955815000, 1620957615000]), 1)
[2021-05-14 14:00:16,041] {logging_mixin.py:104} INFO - submitted
[2021-05-14 14:00:16,041] {logging_mixin.py:104} INFO - running function for: (array([1620955815000, 1620957615000]), 2)
[2021-05-14 14:00:16,041] {logging_mixin.py:104} INFO - submitted
[2021-05-14 14:00:16,042] {logging_mixin.py:104} INFO - running function for: (array([1620955815000, 1620957615000]), 3)
[2021-05-14 14:00:16,042] {logging_mixin.py:104} INFO - submitted
[2021-05-14 14:00:16,042] {logging_mixin.py:104} INFO - running function for: (array([1620954015000, 1620955815000]), 1)
[2021-05-14 14:00:16,042] {logging_mixin.py:104} INFO - submitted
[2021-05-14 14:00:16,043] {logging_mixin.py:104} INFO - running function for: (array([1620954015000, 1620955815000]), 2)
[2021-05-14 14:00:16,043] {logging_mixin.py:104} INFO - submitted
[2021-05-14 14:00:16,043] {logging_mixin.py:104} INFO - running function for: (array([1620954015000, 1620955815000]), 3)
[2021-05-14 14:00:16,043] {logging_mixin.py:104} INFO - submitted
[2021-05-14 14:00:16,044] {logging_mixin.py:104} INFO - running function for: (array([1620952215000, 1620954015000]), 1)
[2021-05-14 14:00:16,044] {logging_mixin.py:104} INFO - submitted
[2021-05-14 14:00:16,044] {logging_mixin.py:104} INFO - running function for: (array([1620952215000, 1620954015000]), 2)
[2021-05-14 14:00:16,044] {logging_mixin.py:104} INFO - submitted
[2021-05-14 14:00:16,045] {logging_mixin.py:104} INFO - running function for: (array([1620952215000, 1620954015000]), 3)
[2021-05-14 14:00:16,045] {logging_mixin.py:104} INFO - submitted
[2021-05-14 14:00:16,045] {logging_mixin.py:104} INFO - running function for: (array([1620950415000, 1620952215000]), 1)
[2021-05-14 14:00:16,046] {logging_mixin.py:104} INFO - submitted
[2021-05-14 14:00:16,046] {logging_mixin.py:104} INFO - running function for: (array([1620950415000, 1620952215000]), 2)
[2021-05-14 14:00:16,047] {logging_mixin.py:104} INFO - submitted
[2021-05-14 14:00:16,047] {logging_mixin.py:104} INFO - running function for: (array([1620950415000, 1620952215000]), 3)
[2021-05-14 14:00:16,047] {logging_mixin.py:104} INFO - submitted
[2021-05-14 14:00:16,047] {logging_mixin.py:104} INFO - running function for: (array([1620948615000, 1620950415000]), 1)
[2021-05-14 14:00:16,048] {logging_mixin.py:104} INFO - submitted
[2021-05-14 14:00:16,048] {logging_mixin.py:104} INFO - running function for: (array([1620948615000, 1620950415000]), 2)
[2021-05-14 14:00:16,048] {logging_mixin.py:104} INFO - submitted
[2021-05-14 14:00:16,048] {logging_mixin.py:104} INFO - running function for: (array([1620948615000, 1620950415000]), 3)
[2021-05-14 14:00:16,049] {logging_mixin.py:104} INFO - submitted
[2021-05-14 14:00:16,049] {logging_mixin.py:104} INFO - running function for: (array([1620946815000, 1620948615000]), 1)
[2021-05-14 14:00:16,049] {logging_mixin.py:104} INFO - submitted
[2021-05-14 14:00:16,049] {logging_mixin.py:104} INFO - running function for: (array([1620946815000, 1620948615000]), 2)
[2021-05-14 14:00:16,050] {logging_mixin.py:104} INFO - submitted
[2021-05-14 14:00:16,050] {logging_mixin.py:104} INFO - running function for: (array([1620946815000, 1620948615000]), 3)
[2021-05-14 14:00:16,050] {logging_mixin.py:104} INFO - submitted
[2021-05-14 14:00:16,050] {logging_mixin.py:104} INFO - running function for: (array([1620945015000, 1620946815000]), 1)
[2021-05-14 14:00:16,050] {logging_mixin.py:104} INFO - submitted
[2021-05-14 14:00:16,051] {logging_mixin.py:104} INFO - running function for: (array([1620945015000, 1620946815000]), 2)
[2021-05-14 14:00:16,051] {logging_mixin.py:104} INFO - submitted
[2021-05-14 14:00:16,053] {logging_mixin.py:104} INFO - running function for: (array([1620945015000, 1620946815000]), 3)
[2021-05-14 14:00:16,055] {logging_mixin.py:104} INFO - submitted
[2021-05-14 14:00:16,056] {logging_mixin.py:104} INFO - running function for: (array([1620943215000, 1620945015000]), 1)
[2021-05-14 14:00:16,058] {logging_mixin.py:104} INFO - submitted
[2021-05-14 14:00:16,059] {logging_mixin.py:104} INFO - running function for: (array([1620943215000, 1620945015000]), 2)
[2021-05-14 14:00:16,059] {logging_mixin.py:104} INFO - submitted
[2021-05-14 14:00:16,060] {logging_mixin.py:104} INFO - running function for: (array([1620943215000, 1620945015000]), 3)
[2021-05-14 14:00:16,060] {logging_mixin.py:104} INFO - submitted
[2021-05-14 14:00:16,061] {logging_mixin.py:104} INFO - running function for: (array([1620941415000, 1620943215000]), 1)
[2021-05-14 14:00:16,062] {logging_mixin.py:104} INFO - submitted
[2021-05-14 14:00:16,062] {logging_mixin.py:104} INFO - running function for: (array([1620941415000, 1620943215000]), 2)
[2021-05-14 14:00:16,062] {logging_mixin.py:104} INFO - submitted
[2021-05-14 14:00:16,063] {logging_mixin.py:104} INFO - running function for: (array([1620941415000, 1620943215000]), 3)
[2021-05-14 14:00:16,063] {logging_mixin.py:104} INFO - submitted
[2021-05-14 14:00:16,063] {logging_mixin.py:104} INFO - running function for: (array([1620939615000, 1620941415000]), 1)
[2021-05-14 14:00:16,063] {logging_mixin.py:104} INFO - submitted
[2021-05-14 14:00:16,064] {logging_mixin.py:104} INFO - running function for: (array([1620939615000, 1620941415000]), 2)
[2021-05-14 14:00:16,064] {logging_mixin.py:104} INFO - submitted
[2021-05-14 14:00:16,064] {logging_mixin.py:104} INFO - running function for: (array([1620939615000, 1620941415000]), 3)
[2021-05-14 14:00:16,064] {logging_mixin.py:104} INFO - submitted
[2021-05-14 14:00:16,065] {logging_mixin.py:104} INFO - running function for: (array([1620937815000, 1620939615000]), 1)
[2021-05-14 14:00:16,065] {logging_mixin.py:104} INFO - submitted
[2021-05-14 14:00:16,065] {logging_mixin.py:104} INFO - running function for: (array([1620937815000, 1620939615000]), 2)
[2021-05-14 14:00:16,065] {logging_mixin.py:104} INFO - submitted
[2021-05-14 14:00:16,066] {logging_mixin.py:104} INFO - running function for: (array([1620937815000, 1620939615000]), 3)
[2021-05-14 14:00:16,066] {logging_mixin.py:104} INFO - submitted
[2021-05-14 14:00:16,066] {logging_mixin.py:104} INFO - running function for: (array([1620936015000, 1620937815000]), 1)
[2021-05-14 14:00:16,066] {logging_mixin.py:104} INFO - submitted
[2021-05-14 14:00:16,067] {logging_mixin.py:104} INFO - running function for: (array([1620936015000, 1620937815000]), 2)
[2021-05-14 14:00:16,067] {logging_mixin.py:104} INFO - submitted
[2021-05-14 14:00:16,067] {logging_mixin.py:104} INFO - running function for: (array([1620936015000, 1620937815000]), 3)
[2021-05-14 14:00:16,067] {logging_mixin.py:104} INFO - submitted
[2021-05-14 14:00:16,068] {logging_mixin.py:104} INFO - running function for: (array([1620934215000, 1620936015000]), 1)
[2021-05-14 14:00:16,068] {logging_mixin.py:104} INFO - submitted
[2021-05-14 14:00:16,068] {logging_mixin.py:104} INFO - running function for: (array([1620934215000, 1620936015000]), 2)
[2021-05-14 14:00:16,069] {logging_mixin.py:104} INFO - submitted
[2021-05-14 14:00:16,069] {logging_mixin.py:104} INFO - running function for: (array([1620934215000, 1620936015000]), 3)
[2021-05-14 14:00:16,069] {logging_mixin.py:104} INFO - submitted
[2021-05-14 14:00:16,070] {logging_mixin.py:104} INFO - running function for: (array([1620932415000, 1620934215000]), 1)
[2021-05-14 14:00:16,070] {logging_mixin.py:104} INFO - submitted
[2021-05-14 14:00:16,070] {logging_mixin.py:104} INFO - running function for: (array([1620932415000, 1620934215000]), 2)
[2021-05-14 14:00:16,070] {logging_mixin.py:104} INFO - submitted
[2021-05-14 14:00:16,071] {logging_mixin.py:104} INFO - running function for: (array([1620932415000, 1620934215000]), 3)
[2021-05-14 14:00:16,071] {logging_mixin.py:104} INFO - submitted
[2021-05-14 14:00:16,071] {logging_mixin.py:104} INFO - running function for: (array([1620930615000, 1620932415000]), 1)
[2021-05-14 14:00:16,071] {logging_mixin.py:104} INFO - submitted
[2021-05-14 14:00:16,071] {logging_mixin.py:104} INFO - running function for: (array([1620930615000, 1620932415000]), 2)
[2021-05-14 14:00:16,072] {logging_mixin.py:104} INFO - submitted
[2021-05-14 14:00:16,072] {logging_mixin.py:104} INFO - running function for: (array([1620930615000, 1620932415000]), 3)
[2021-05-14 14:00:16,072] {logging_mixin.py:104} INFO - submitted
[2021-05-14 14:00:16,072] {logging_mixin.py:104} INFO - running function for: (array([1620928815000, 1620930615000]), 1)
[2021-05-14 14:00:16,073] {logging_mixin.py:104} INFO - submitted
[2021-05-14 14:00:16,073] {logging_mixin.py:104} INFO - running function for: (array([1620928815000, 1620930615000]), 2)
[2021-05-14 14:00:16,073] {logging_mixin.py:104} INFO - submitted
[2021-05-14 14:00:16,073] {logging_mixin.py:104} INFO - running function for: (array([1620928815000, 1620930615000]), 3)
[2021-05-14 14:00:16,074] {logging_mixin.py:104} INFO - submitted
[2021-05-14 14:00:16,074] {logging_mixin.py:104} INFO - running function for: (array([1620927015000, 1620928815000]), 1)
[2021-05-14 14:00:16,074] {logging_mixin.py:104} INFO - submitted
[2021-05-14 14:00:16,074] {logging_mixin.py:104} INFO - running function for: (array([1620927015000, 1620928815000]), 2)
[2021-05-14 14:00:16,074] {logging_mixin.py:104} INFO - submitted
[2021-05-14 14:00:16,075] {logging_mixin.py:104} INFO - running function for: (array([1620927015000, 1620928815000]), 3)
[2021-05-14 14:00:16,075] {logging_mixin.py:104} INFO - submitted
[2021-05-14 14:00:16,075] {logging_mixin.py:104} INFO - running function for: (array([1620925215000, 1620927015000]), 1)
[2021-05-14 14:00:16,075] {logging_mixin.py:104} INFO - submitted
[2021-05-14 14:00:16,076] {logging_mixin.py:104} INFO - running function for: (array([1620925215000, 1620927015000]), 2)
[2021-05-14 14:00:16,076] {logging_mixin.py:104} INFO - submitted
[2021-05-14 14:00:16,076] {logging_mixin.py:104} INFO - running function for: (array([1620925215000, 1620927015000]), 3)
[2021-05-14 14:00:16,076] {logging_mixin.py:104} INFO - submitted
[2021-05-14 14:00:19,699] {logging_mixin.py:104} INFO - https://cdn.iqoption.com/api/quotes-history/quotes/3.0?to=1621006215000&from=1621004415000&active_id=3&only_round=true&_key=1614903660000
[2021-05-14 14:00:19,745] {logging_mixin.py:104} INFO - https://cdn.iqoption.com/api/quotes-history/quotes/3.0?to=1621004415000&from=1621002615000&active_id=1&only_round=true&_key=1614903660000
[2021-05-14 14:00:19,759] {logging_mixin.py:104} INFO - https://cdn.iqoption.com/api/quotes-history/quotes/3.0?to=1621004415000&from=1621002615000&active_id=2&only_round=true&_key=1614903660000
[2021-05-14 14:00:19,764] {logging_mixin.py:104} INFO - https://cdn.iqoption.com/api/quotes-history/quotes/3.0?to=1621004415000&from=1621002615000&active_id=3&only_round=true&_key=1614903660000
[2021-05-14 14:00:19,798] {logging_mixin.py:104} INFO - https://cdn.iqoption.com/api/quotes-history/quotes/3.0?to=1621002615000&from=1621000815000&active_id=1&only_round=true&_key=1614903660000
[2021-05-14 14:00:19,807] {logging_mixin.py:104} INFO - https://cdn.iqoption.com/api/quotes-history/quotes/3.0?to=1621002615000&from=1621000815000&active_id=2&only_round=true&_key=1614903660000
[2021-05-14 14:00:19,883] {logging_mixin.py:104} INFO - https://cdn.iqoption.com/api/quotes-history/quotes/3.0?to=1621002615000&from=1621000815000&active_id=3&only_round=true&_key=1614903660000
[2021-05-14 14:00:19,970] {logging_mixin.py:104} INFO - https://cdn.iqoption.com/api/quotes-history/quotes/3.0?to=1621000815000&from=1620999015000&active_id=1&only_round=true&_key=1614903660000
[2021-05-14 14:00:21,988] {logging_mixin.py:104} INFO - https://cdn.iqoption.com/api/quotes-history/quotes/3.0?to=1621000815000&from=1620999015000&active_id=2&only_round=true&_key=1614903660000
[2021-05-14 14:00:22,059] {logging_mixin.py:104} INFO - https://cdn.iqoption.com/api/quotes-history/quotes/3.0?to=1621000815000&from=1620999015000&active_id=3&only_round=true&_key=1614903660000
[2021-05-14 14:00:22,065] {logging_mixin.py:104} INFO - https://cdn.iqoption.com/api/quotes-history/quotes/3.0?to=1620999015000&from=1620997215000&active_id=1&only_round=true&_key=1614903660000
[2021-05-14 14:00:22,068] {logging_mixin.py:104} INFO - https://cdn.iqoption.com/api/quotes-history/quotes/3.0?to=1620999015000&from=1620997215000&active_id=2&only_round=true&_key=1614903660000
[2021-05-14 14:00:22,079] {logging_mixin.py:104} INFO - https://cdn.iqoption.com/api/quotes-history/quotes/3.0?to=1620999015000&from=1620997215000&active_id=3&only_round=true&_key=1614903660000
[2021-05-14 14:00:22,081] {logging_mixin.py:104} INFO - https://cdn.iqoption.com/api/quotes-history/quotes/3.0?to=1620997215000&from=1620995415000&active_id=1&only_round=true&_key=1614903660000
[2021-05-14 14:00:22,127] {logging_mixin.py:104} INFO - https://cdn.iqoption.com/api/quotes-history/quotes/3.0?to=1620997215000&from=1620995415000&active_id=2&only_round=true&_key=1614903660000
[2021-05-14 14:00:22,170] {logging_mixin.py:104} INFO - https://cdn.iqoption.com/api/quotes-history/quotes/3.0?to=1620997215000&from=1620995415000&active_id=3&only_round=true&_key=1614903660000
[2021-05-14 14:00:23,896] {logging_mixin.py:104} INFO - https://cdn.iqoption.com/api/quotes-history/quotes/3.0?to=1620995415000&from=1620993615000&active_id=1&only_round=true&_key=1614903660000
[2021-05-14 14:00:24,053] {logging_mixin.py:104} INFO - https://cdn.iqoption.com/api/quotes-history/quotes/3.0?to=1620995415000&from=1620993615000&active_id=2&only_round=true&_key=1614903660000
[2021-05-14 14:00:24,057] {logging_mixin.py:104} INFO - https://cdn.iqoption.com/api/quotes-history/quotes/3.0?to=1620995415000&from=1620993615000&active_id=3&only_round=true&_key=1614903660000
[2021-05-14 14:00:24,059] {logging_mixin.py:104} INFO - https://cdn.iqoption.com/api/quotes-history/quotes/3.0?to=1620993615000&from=1620991815000&active_id=1&only_round=true&_key=1614903660000
[2021-05-14 14:00:24,070] {logging_mixin.py:104} INFO - https://cdn.iqoption.com/api/quotes-history/quotes/3.0?to=1620993615000&from=1620991815000&active_id=2&only_round=true&_key=1614903660000
[2021-05-14 14:00:24,073] {logging_mixin.py:104} INFO - https://cdn.iqoption.com/api/quotes-history/quotes/3.0?to=1620993615000&from=1620991815000&active_id=3&only_round=true&_key=1614903660000
[2021-05-14 14:00:24,077] {logging_mixin.py:104} INFO - https://cdn.iqoption.com/api/quotes-history/quotes/3.0?to=1620991815000&from=1620990015000&active_id=1&only_round=true&_key=1614903660000
[2021-05-14 14:00:24,191] {logging_mixin.py:104} INFO - https://cdn.iqoption.com/api/quotes-history/quotes/3.0?to=1620991815000&from=1620990015000&active_id=2&only_round=true&_key=1614903660000
[2021-05-14 14:00:25,693] {logging_mixin.py:104} INFO - https://cdn.iqoption.com/api/quotes-history/quotes/3.0?to=1620991815000&from=1620990015000&active_id=3&only_round=true&_key=1614903660000
[2021-05-14 14:00:25,925] {logging_mixin.py:104} INFO - https://cdn.iqoption.com/api/quotes-history/quotes/3.0?to=1620990015000&from=1620988215000&active_id=1&only_round=true&_key=1614903660000
[2021-05-14 14:00:25,944] {logging_mixin.py:104} INFO - https://cdn.iqoption.com/api/quotes-history/quotes/3.0?to=1620990015000&from=1620988215000&active_id=2&only_round=true&_key=1614903660000
[2021-05-14 14:00:25,963] {logging_mixin.py:104} INFO - https://cdn.iqoption.com/api/quotes-history/quotes/3.0?to=1620990015000&from=1620988215000&active_id=3&only_round=true&_key=1614903660000
[2021-05-14 14:00:25,966] {logging_mixin.py:104} INFO - https://cdn.iqoption.com/api/quotes-history/quotes/3.0?to=1620988215000&from=1620986415000&active_id=1&only_round=true&_key=1614903660000
[2021-05-14 14:00:25,977] {logging_mixin.py:104} INFO - https://cdn.iqoption.com/api/quotes-history/quotes/3.0?to=1620988215000&from=1620986415000&active_id=2&only_round=true&_key=1614903660000
[2021-05-14 14:00:25,995] {logging_mixin.py:104} INFO - https://cdn.iqoption.com/api/quotes-history/quotes/3.0?to=1620988215000&from=1620986415000&active_id=3&only_round=true&_key=1614903660000
[2021-05-14 14:00:26,011] {logging_mixin.py:104} INFO - https://cdn.iqoption.com/api/quotes-history/quotes/3.0?to=1620986415000&from=1620984615000&active_id=1&only_round=true&_key=1614903660000
[2021-05-14 14:00:27,372] {logging_mixin.py:104} INFO - https://cdn.iqoption.com/api/quotes-history/quotes/3.0?to=1620986415000&from=1620984615000&active_id=2&only_round=true&_key=1614903660000
[2021-05-14 14:00:27,678] {logging_mixin.py:104} INFO - https://cdn.iqoption.com/api/quotes-history/quotes/3.0?to=1620986415000&from=1620984615000&active_id=3&only_round=true&_key=1614903660000
[2021-05-14 14:00:27,702] {logging_mixin.py:104} INFO - https://cdn.iqoption.com/api/quotes-history/quotes/3.0?to=1620984615000&from=1620982815000&active_id=1&only_round=true&_key=1614903660000
[2021-05-14 14:00:27,780] {logging_mixin.py:104} INFO - https://cdn.iqoption.com/api/quotes-history/quotes/3.0?to=1620984615000&from=1620982815000&active_id=2&only_round=true&_key=1614903660000
[2021-05-14 14:00:27,885] {logging_mixin.py:104} INFO - https://cdn.iqoption.com/api/quotes-history/quotes/3.0?to=1620984615000&from=1620982815000&active_id=3&only_round=true&_key=1614903660000
[2021-05-14 14:00:27,904] {logging_mixin.py:104} INFO - https://cdn.iqoption.com/api/quotes-history/quotes/3.0?to=1620982815000&from=1620981015000&active_id=1&only_round=true&_key=1614903660000
[2021-05-14 14:00:27,924] {logging_mixin.py:104} INFO - https://cdn.iqoption.com/api/quotes-history/quotes/3.0?to=1620982815000&from=1620981015000&active_id=2&only_round=true&_key=1614903660000
[2021-05-14 14:00:27,938] {logging_mixin.py:104} INFO - https://cdn.iqoption.com/api/quotes-history/quotes/3.0?to=1620982815000&from=1620981015000&active_id=3&only_round=true&_key=1614903660000
[2021-05-14 14:00:29,078] {logging_mixin.py:104} INFO - https://cdn.iqoption.com/api/quotes-history/quotes/3.0?to=1620981015000&from=1620979215000&active_id=1&only_round=true&_key=1614903660000
[2021-05-14 14:00:29,249] {logging_mixin.py:104} INFO - https://cdn.iqoption.com/api/quotes-history/quotes/3.0?to=1620981015000&from=1620979215000&active_id=2&only_round=true&_key=1614903660000
[2021-05-14 14:00:29,311] {logging_mixin.py:104} INFO - https://cdn.iqoption.com/api/quotes-history/quotes/3.0?to=1620981015000&from=1620979215000&active_id=3&only_round=true&_key=1614903660000
[2021-05-14 14:00:29,351] {logging_mixin.py:104} INFO - https://cdn.iqoption.com/api/quotes-history/quotes/3.0?to=1620979215000&from=1620977415000&active_id=1&only_round=true&_key=1614903660000
[2021-05-14 14:00:29,437] {logging_mixin.py:104} INFO - https://cdn.iqoption.com/api/quotes-history/quotes/3.0?to=1620979215000&from=1620977415000&active_id=2&only_round=true&_key=1614903660000
[2021-05-14 14:00:29,489] {logging_mixin.py:104} INFO - https://cdn.iqoption.com/api/quotes-history/quotes/3.0?to=1620979215000&from=1620977415000&active_id=3&only_round=true&_key=1614903660000
[2021-05-14 14:00:29,517] {logging_mixin.py:104} INFO - https://cdn.iqoption.com/api/quotes-history/quotes/3.0?to=1620977415000&from=1620975615000&active_id=1&only_round=true&_key=1614903660000
[2021-05-14 14:00:29,579] {logging_mixin.py:104} INFO - https://cdn.iqoption.com/api/quotes-history/quotes/3.0?to=1620977415000&from=1620975615000&active_id=2&only_round=true&_key=1614903660000
[2021-05-14 14:00:30,633] {logging_mixin.py:104} INFO - https://cdn.iqoption.com/api/quotes-history/quotes/3.0?to=1620977415000&from=1620975615000&active_id=3&only_round=true&_key=1614903660000
[2021-05-14 14:00:30,917] {logging_mixin.py:104} INFO - https://cdn.iqoption.com/api/quotes-history/quotes/3.0?to=1620975615000&from=1620973815000&active_id=1&only_round=true&_key=1614903660000
[2021-05-14 14:00:30,936] {logging_mixin.py:104} INFO - https://cdn.iqoption.com/api/quotes-history/quotes/3.0?to=1620975615000&from=1620973815000&active_id=2&only_round=true&_key=1614903660000
[2021-05-14 14:00:30,938] {logging_mixin.py:104} INFO - https://cdn.iqoption.com/api/quotes-history/quotes/3.0?to=1620975615000&from=1620973815000&active_id=3&only_round=true&_key=1614903660000
[2021-05-14 14:00:30,982] {logging_mixin.py:104} INFO - https://cdn.iqoption.com/api/quotes-history/quotes/3.0?to=1620973815000&from=1620972015000&active_id=1&only_round=true&_key=1614903660000
[2021-05-14 14:00:31,078] {logging_mixin.py:104} INFO - https://cdn.iqoption.com/api/quotes-history/quotes/3.0?to=1620973815000&from=1620972015000&active_id=2&only_round=true&_key=1614903660000
[2021-05-14 14:00:31,085] {logging_mixin.py:104} INFO - https://cdn.iqoption.com/api/quotes-history/quotes/3.0?to=1620973815000&from=1620972015000&active_id=3&only_round=true&_key=1614903660000
[2021-05-14 14:00:31,176] {logging_mixin.py:104} INFO - https://cdn.iqoption.com/api/quotes-history/quotes/3.0?to=1620972015000&from=1620970215000&active_id=1&only_round=true&_key=1614903660000
[2021-05-14 14:00:32,199] {logging_mixin.py:104} INFO - https://cdn.iqoption.com/api/quotes-history/quotes/3.0?to=1620972015000&from=1620970215000&active_id=2&only_round=true&_key=1614903660000
[2021-05-14 14:00:32,503] {logging_mixin.py:104} INFO - https://cdn.iqoption.com/api/quotes-history/quotes/3.0?to=1620972015000&from=1620970215000&active_id=3&only_round=true&_key=1614903660000
[2021-05-14 14:00:32,508] {logging_mixin.py:104} INFO - https://cdn.iqoption.com/api/quotes-history/quotes/3.0?to=1620970215000&from=1620968415000&active_id=1&only_round=true&_key=1614903660000
[2021-05-14 14:00:32,554] {logging_mixin.py:104} INFO - https://cdn.iqoption.com/api/quotes-history/quotes/3.0?to=1620970215000&from=1620968415000&active_id=2&only_round=true&_key=1614903660000
[2021-05-14 14:00:32,556] {logging_mixin.py:104} INFO - https://cdn.iqoption.com/api/quotes-history/quotes/3.0?to=1620970215000&from=1620968415000&active_id=3&only_round=true&_key=1614903660000
[2021-05-14 14:00:32,624] {logging_mixin.py:104} INFO - https://cdn.iqoption.com/api/quotes-history/quotes/3.0?to=1620968415000&from=1620966615000&active_id=1&only_round=true&_key=1614903660000
[2021-05-14 14:00:32,675] {logging_mixin.py:104} INFO - https://cdn.iqoption.com/api/quotes-history/quotes/3.0?to=1620968415000&from=1620966615000&active_id=2&only_round=true&_key=1614903660000
[2021-05-14 14:00:32,785] {logging_mixin.py:104} INFO - https://cdn.iqoption.com/api/quotes-history/quotes/3.0?to=1620968415000&from=1620966615000&active_id=3&only_round=true&_key=1614903660000
[2021-05-14 14:00:33,743] {logging_mixin.py:104} INFO - https://cdn.iqoption.com/api/quotes-history/quotes/3.0?to=1620966615000&from=1620964815000&active_id=1&only_round=true&_key=1614903660000
[2021-05-14 14:00:34,025] {logging_mixin.py:104} INFO - https://cdn.iqoption.com/api/quotes-history/quotes/3.0?to=1620966615000&from=1620964815000&active_id=2&only_round=true&_key=1614903660000
[2021-05-14 14:00:34,045] {logging_mixin.py:104} INFO - https://cdn.iqoption.com/api/quotes-history/quotes/3.0?to=1620966615000&from=1620964815000&active_id=3&only_round=true&_key=1614903660000
[2021-05-14 14:00:34,127] {logging_mixin.py:104} INFO - https://cdn.iqoption.com/api/quotes-history/quotes/3.0?to=1620964815000&from=1620963015000&active_id=1&only_round=true&_key=1614903660000
[2021-05-14 14:00:34,153] {logging_mixin.py:104} INFO - https://cdn.iqoption.com/api/quotes-history/quotes/3.0?to=1620964815000&from=1620963015000&active_id=2&only_round=true&_key=1614903660000
[2021-05-14 14:00:34,192] {logging_mixin.py:104} INFO - https://cdn.iqoption.com/api/quotes-history/quotes/3.0?to=1620964815000&from=1620963015000&active_id=3&only_round=true&_key=1614903660000
[2021-05-14 14:00:34,196] {logging_mixin.py:104} INFO - https://cdn.iqoption.com/api/quotes-history/quotes/3.0?to=1620963015000&from=1620961215000&active_id=1&only_round=true&_key=1614903660000
[2021-05-14 14:00:34,391] {logging_mixin.py:104} INFO - https://cdn.iqoption.com/api/quotes-history/quotes/3.0?to=1620963015000&from=1620961215000&active_id=2&only_round=true&_key=1614903660000
[2021-05-14 14:00:35,303] {logging_mixin.py:104} INFO - https://cdn.iqoption.com/api/quotes-history/quotes/3.0?to=1620963015000&from=1620961215000&active_id=3&only_round=true&_key=1614903660000
[2021-05-14 14:00:35,565] {logging_mixin.py:104} INFO - https://cdn.iqoption.com/api/quotes-history/quotes/3.0?to=1620961215000&from=1620959415000&active_id=1&only_round=true&_key=1614903660000
[2021-05-14 14:00:35,593] {logging_mixin.py:104} INFO - https://cdn.iqoption.com/api/quotes-history/quotes/3.0?to=1620961215000&from=1620959415000&active_id=2&only_round=true&_key=1614903660000
[2021-05-14 14:00:35,680] {logging_mixin.py:104} INFO - https://cdn.iqoption.com/api/quotes-history/quotes/3.0?to=1620961215000&from=1620959415000&active_id=3&only_round=true&_key=1614903660000
[2021-05-14 14:00:35,696] {logging_mixin.py:104} INFO - https://cdn.iqoption.com/api/quotes-history/quotes/3.0?to=1620959415000&from=1620957615000&active_id=1&only_round=true&_key=1614903660000
[2021-05-14 14:00:35,753] {logging_mixin.py:104} INFO - https://cdn.iqoption.com/api/quotes-history/quotes/3.0?to=1620959415000&from=1620957615000&active_id=2&only_round=true&_key=1614903660000
[2021-05-14 14:00:35,884] {logging_mixin.py:104} INFO - https://cdn.iqoption.com/api/quotes-history/quotes/3.0?to=1620959415000&from=1620957615000&active_id=3&only_round=true&_key=1614903660000
[2021-05-14 14:00:35,937] {logging_mixin.py:104} INFO - https://cdn.iqoption.com/api/quotes-history/quotes/3.0?to=1620957615000&from=1620955815000&active_id=1&only_round=true&_key=1614903660000
[2021-05-14 14:00:36,857] {logging_mixin.py:104} INFO - https://cdn.iqoption.com/api/quotes-history/quotes/3.0?to=1620957615000&from=1620955815000&active_id=2&only_round=true&_key=1614903660000
[2021-05-14 14:00:37,122] {logging_mixin.py:104} INFO - https://cdn.iqoption.com/api/quotes-history/quotes/3.0?to=1620957615000&from=1620955815000&active_id=3&only_round=true&_key=1614903660000
[2021-05-14 14:00:37,129] {logging_mixin.py:104} INFO - https://cdn.iqoption.com/api/quotes-history/quotes/3.0?to=1620955815000&from=1620954015000&active_id=1&only_round=true&_key=1614903660000
[2021-05-14 14:00:37,217] {logging_mixin.py:104} INFO - https://cdn.iqoption.com/api/quotes-history/quotes/3.0?to=1620955815000&from=1620954015000&active_id=2&only_round=true&_key=1614903660000
[2021-05-14 14:00:37,272] {logging_mixin.py:104} INFO - https://cdn.iqoption.com/api/quotes-history/quotes/3.0?to=1620955815000&from=1620954015000&active_id=3&only_round=true&_key=1614903660000
[2021-05-14 14:00:37,286] {logging_mixin.py:104} INFO - https://cdn.iqoption.com/api/quotes-history/quotes/3.0?to=1620954015000&from=1620952215000&active_id=1&only_round=true&_key=1614903660000
[2021-05-14 14:00:37,387] {logging_mixin.py:104} INFO - https://cdn.iqoption.com/api/quotes-history/quotes/3.0?to=1620954015000&from=1620952215000&active_id=2&only_round=true&_key=1614903660000
[2021-05-14 14:00:37,467] {logging_mixin.py:104} INFO - https://cdn.iqoption.com/api/quotes-history/quotes/3.0?to=1620954015000&from=1620952215000&active_id=3&only_round=true&_key=1614903660000
[2021-05-14 14:00:38,385] {logging_mixin.py:104} INFO - https://cdn.iqoption.com/api/quotes-history/quotes/3.0?to=1620952215000&from=1620950415000&active_id=1&only_round=true&_key=1614903660000
[2021-05-14 14:00:38,643] {logging_mixin.py:104} INFO - https://cdn.iqoption.com/api/quotes-history/quotes/3.0?to=1620952215000&from=1620950415000&active_id=2&only_round=true&_key=1614903660000
[2021-05-14 14:00:38,659] {logging_mixin.py:104} INFO - https://cdn.iqoption.com/api/quotes-history/quotes/3.0?to=1620952215000&from=1620950415000&active_id=3&only_round=true&_key=1614903660000
[2021-05-14 14:00:38,823] {logging_mixin.py:104} INFO - https://cdn.iqoption.com/api/quotes-history/quotes/3.0?to=1620950415000&from=1620948615000&active_id=1&only_round=true&_key=1614903660000
[2021-05-14 14:00:38,909] {logging_mixin.py:104} INFO - https://cdn.iqoption.com/api/quotes-history/quotes/3.0?to=1620950415000&from=1620948615000&active_id=2&only_round=true&_key=1614903660000
[2021-05-14 14:00:38,933] {logging_mixin.py:104} INFO - https://cdn.iqoption.com/api/quotes-history/quotes/3.0?to=1620950415000&from=1620948615000&active_id=3&only_round=true&_key=1614903660000
[2021-05-14 14:00:39,082] {logging_mixin.py:104} INFO - https://cdn.iqoption.com/api/quotes-history/quotes/3.0?to=1620948615000&from=1620946815000&active_id=1&only_round=true&_key=1614903660000
[2021-05-14 14:00:39,089] {logging_mixin.py:104} INFO - https://cdn.iqoption.com/api/quotes-history/quotes/3.0?to=1620948615000&from=1620946815000&active_id=2&only_round=true&_key=1614903660000
[2021-05-14 14:00:39,917] {logging_mixin.py:104} INFO - https://cdn.iqoption.com/api/quotes-history/quotes/3.0?to=1620948615000&from=1620946815000&active_id=3&only_round=true&_key=1614903660000
[2021-05-14 14:00:40,150] {logging_mixin.py:104} INFO - https://cdn.iqoption.com/api/quotes-history/quotes/3.0?to=1620946815000&from=1620945015000&active_id=1&only_round=true&_key=1614903660000
[2021-05-14 14:00:40,230] {logging_mixin.py:104} INFO - https://cdn.iqoption.com/api/quotes-history/quotes/3.0?to=1620946815000&from=1620945015000&active_id=2&only_round=true&_key=1614903660000
[2021-05-14 14:00:40,355] {logging_mixin.py:104} INFO - https://cdn.iqoption.com/api/quotes-history/quotes/3.0?to=1620946815000&from=1620945015000&active_id=3&only_round=true&_key=1614903660000
[2021-05-14 14:00:40,427] {logging_mixin.py:104} INFO - https://cdn.iqoption.com/api/quotes-history/quotes/3.0?to=1620945015000&from=1620943215000&active_id=1&only_round=true&_key=1614903660000
[2021-05-14 14:00:40,494] {logging_mixin.py:104} INFO - https://cdn.iqoption.com/api/quotes-history/quotes/3.0?to=1620945015000&from=1620943215000&active_id=2&only_round=true&_key=1614903660000
[2021-05-14 14:00:40,497] {logging_mixin.py:104} INFO - https://cdn.iqoption.com/api/quotes-history/quotes/3.0?to=1620945015000&from=1620943215000&active_id=3&only_round=true&_key=1614903660000
[2021-05-14 14:00:40,603] {logging_mixin.py:104} INFO - https://cdn.iqoption.com/api/quotes-history/quotes/3.0?to=1620943215000&from=1620941415000&active_id=1&only_round=true&_key=1614903660000
[2021-05-14 14:00:41,477] {logging_mixin.py:104} INFO - https://cdn.iqoption.com/api/quotes-history/quotes/3.0?to=1620943215000&from=1620941415000&active_id=2&only_round=true&_key=1614903660000
[2021-05-14 14:00:41,497] {logging_mixin.py:104} INFO - https://cdn.iqoption.com/api/quotes-history/quotes/3.0?to=1620943215000&from=1620941415000&active_id=3&only_round=true&_key=1614903660000
[2021-05-14 14:00:41,572] {logging_mixin.py:104} INFO - https://cdn.iqoption.com/api/quotes-history/quotes/3.0?to=1620941415000&from=1620939615000&active_id=1&only_round=true&_key=1614903660000
[2021-05-14 14:00:41,677] {logging_mixin.py:104} INFO - https://cdn.iqoption.com/api/quotes-history/quotes/3.0?to=1620941415000&from=1620939615000&active_id=2&only_round=true&_key=1614903660000
[2021-05-14 14:00:41,807] {logging_mixin.py:104} INFO - https://cdn.iqoption.com/api/quotes-history/quotes/3.0?to=1620941415000&from=1620939615000&active_id=3&only_round=true&_key=1614903660000
[2021-05-14 14:00:41,958] {logging_mixin.py:104} INFO - https://cdn.iqoption.com/api/quotes-history/quotes/3.0?to=1620939615000&from=1620937815000&active_id=1&only_round=true&_key=1614903660000
[2021-05-14 14:00:41,971] {logging_mixin.py:104} INFO - https://cdn.iqoption.com/api/quotes-history/quotes/3.0?to=1620939615000&from=1620937815000&active_id=2&only_round=true&_key=1614903660000
[2021-05-14 14:00:42,021] {logging_mixin.py:104} INFO - https://cdn.iqoption.com/api/quotes-history/quotes/3.0?to=1620939615000&from=1620937815000&active_id=3&only_round=true&_key=1614903660000
[2021-05-14 14:00:42,893] {logging_mixin.py:104} INFO - https://cdn.iqoption.com/api/quotes-history/quotes/3.0?to=1620937815000&from=1620936015000&active_id=1&only_round=true&_key=1614903660000
[2021-05-14 14:00:43,011] {logging_mixin.py:104} INFO - https://cdn.iqoption.com/api/quotes-history/quotes/3.0?to=1620937815000&from=1620936015000&active_id=2&only_round=true&_key=1614903660000
[2021-05-14 14:00:43,065] {logging_mixin.py:104} INFO - https://cdn.iqoption.com/api/quotes-history/quotes/3.0?to=1620937815000&from=1620936015000&active_id=3&only_round=true&_key=1614903660000
[2021-05-14 14:00:43,084] {logging_mixin.py:104} INFO - https://cdn.iqoption.com/api/quotes-history/quotes/3.0?to=1620936015000&from=1620934215000&active_id=1&only_round=true&_key=1614903660000
[2021-05-14 14:00:43,410] {logging_mixin.py:104} INFO - https://cdn.iqoption.com/api/quotes-history/quotes/3.0?to=1620936015000&from=1620934215000&active_id=2&only_round=true&_key=1614903660000
[2021-05-14 14:00:43,564] {logging_mixin.py:104} INFO - https://cdn.iqoption.com/api/quotes-history/quotes/3.0?to=1620936015000&from=1620934215000&active_id=3&only_round=true&_key=1614903660000
[2021-05-14 14:00:43,585] {logging_mixin.py:104} INFO - https://cdn.iqoption.com/api/quotes-history/quotes/3.0?to=1620934215000&from=1620932415000&active_id=1&only_round=true&_key=1614903660000
[2021-05-14 14:00:43,604] {logging_mixin.py:104} INFO - https://cdn.iqoption.com/api/quotes-history/quotes/3.0?to=1620934215000&from=1620932415000&active_id=2&only_round=true&_key=1614903660000
[2021-05-14 14:00:44,454] {logging_mixin.py:104} INFO - https://cdn.iqoption.com/api/quotes-history/quotes/3.0?to=1620934215000&from=1620932415000&active_id=3&only_round=true&_key=1614903660000
[2021-05-14 14:00:44,541] {logging_mixin.py:104} INFO - https://cdn.iqoption.com/api/quotes-history/quotes/3.0?to=1620932415000&from=1620930615000&active_id=1&only_round=true&_key=1614903660000
[2021-05-14 14:00:44,611] {logging_mixin.py:104} INFO - https://cdn.iqoption.com/api/quotes-history/quotes/3.0?to=1620932415000&from=1620930615000&active_id=2&only_round=true&_key=1614903660000
[2021-05-14 14:00:44,622] {logging_mixin.py:104} INFO - https://cdn.iqoption.com/api/quotes-history/quotes/3.0?to=1620932415000&from=1620930615000&active_id=3&only_round=true&_key=1614903660000
[2021-05-14 14:00:44,963] {logging_mixin.py:104} INFO - https://cdn.iqoption.com/api/quotes-history/quotes/3.0?to=1620930615000&from=1620928815000&active_id=1&only_round=true&_key=1614903660000
[2021-05-14 14:00:45,149] {logging_mixin.py:104} INFO - https://cdn.iqoption.com/api/quotes-history/quotes/3.0?to=1620930615000&from=1620928815000&active_id=2&only_round=true&_key=1614903660000
[2021-05-14 14:00:45,152] {logging_mixin.py:104} INFO - https://cdn.iqoption.com/api/quotes-history/quotes/3.0?to=1620930615000&from=1620928815000&active_id=3&only_round=true&_key=1614903660000
[2021-05-14 14:00:45,187] {logging_mixin.py:104} INFO - https://cdn.iqoption.com/api/quotes-history/quotes/3.0?to=1620928815000&from=1620927015000&active_id=1&only_round=true&_key=1614903660000
[2021-05-14 14:00:46,011] {logging_mixin.py:104} INFO - https://cdn.iqoption.com/api/quotes-history/quotes/3.0?to=1620928815000&from=1620927015000&active_id=2&only_round=true&_key=1614903660000
[2021-05-14 14:00:46,079] {logging_mixin.py:104} INFO - https://cdn.iqoption.com/api/quotes-history/quotes/3.0?to=1620928815000&from=1620927015000&active_id=3&only_round=true&_key=1614903660000
[2021-05-14 14:00:46,193] {logging_mixin.py:104} INFO - https://cdn.iqoption.com/api/quotes-history/quotes/3.0?to=1620927015000&from=1620925215000&active_id=1&only_round=true&_key=1614903660000
[2021-05-14 14:00:46,204] {logging_mixin.py:104} INFO - https://cdn.iqoption.com/api/quotes-history/quotes/3.0?to=1620927015000&from=1620925215000&active_id=2&only_round=true&_key=1614903660000
[2021-05-14 14:00:46,624] {logging_mixin.py:104} INFO - https://cdn.iqoption.com/api/quotes-history/quotes/3.0?to=1620927015000&from=1620925215000&active_id=3&only_round=true&_key=1614903660000
[2021-05-14 14:00:48,143] {python.py:118} INFO - Done. Returned value was: None
[2021-05-14 14:00:48,147] {taskinstance.py:1192} INFO - Marking task as SUCCESS. dag_id=etl, task_id=loading_data_to_s3, execution_date=20210514T160000, start_date=20210514T170014, end_date=20210514T170048
[2021-05-14 14:00:48,205] {taskinstance.py:1246} INFO - 1 downstream tasks scheduled from follow-on schedule check
[2021-05-14 14:00:48,229] {local_task_job.py:146} INFO - Task exited with return code 0
