[2021-05-17 03:10:13,308] {taskinstance.py:877} INFO - Dependencies all met for <TaskInstance: etl.loading_data_to_s3 2021-05-17T05:00:00+00:00 [queued]>
[2021-05-17 03:10:13,314] {taskinstance.py:877} INFO - Dependencies all met for <TaskInstance: etl.loading_data_to_s3 2021-05-17T05:00:00+00:00 [queued]>
[2021-05-17 03:10:13,315] {taskinstance.py:1068} INFO - 
--------------------------------------------------------------------------------
[2021-05-17 03:10:13,315] {taskinstance.py:1069} INFO - Starting attempt 1 of 1
[2021-05-17 03:10:13,315] {taskinstance.py:1070} INFO - 
--------------------------------------------------------------------------------
[2021-05-17 03:10:13,322] {taskinstance.py:1089} INFO - Executing <Task(PythonOperator): loading_data_to_s3> on 2021-05-17T05:00:00+00:00
[2021-05-17 03:10:13,326] {standard_task_runner.py:52} INFO - Started process 33714 to run task
[2021-05-17 03:10:13,333] {standard_task_runner.py:76} INFO - Running: ['airflow', 'tasks', 'run', 'etl', 'loading_data_to_s3', '2021-05-17T05:00:00+00:00', '--job-id', '886', '--pool', 'default_pool', '--raw', '--subdir', 'DAGS_FOLDER/etl_dag.py', '--cfg-path', '/var/folders/_f/vg3x3jmj23bcz6s88l7v6fb40000gn/T/tmppzfzb4ql', '--error-file', '/var/folders/_f/vg3x3jmj23bcz6s88l7v6fb40000gn/T/tmppqka13an']
[2021-05-17 03:10:13,335] {standard_task_runner.py:77} INFO - Job 886: Subtask loading_data_to_s3
[2021-05-17 03:10:13,374] {logging_mixin.py:104} INFO - Running <TaskInstance: etl.loading_data_to_s3 2021-05-17T05:00:00+00:00 [running]> on host 27.2.168.192.in-addr.arpa
[2021-05-17 03:10:13,402] {taskinstance.py:1283} INFO - Exporting the following env vars:
AIRFLOW_CTX_DAG_OWNER=udacity
AIRFLOW_CTX_DAG_ID=etl
AIRFLOW_CTX_TASK_ID=loading_data_to_s3
AIRFLOW_CTX_EXECUTION_DATE=2021-05-17T05:00:00+00:00
AIRFLOW_CTX_DAG_RUN_ID=scheduled__2021-05-17T05:00:00+00:00
[2021-05-17 03:10:14,710] {logging_mixin.py:104} INFO - Fetching interval list
[2021-05-17 03:10:14,712] {logging_mixin.py:104} INFO - Inverval list built
[2021-05-17 03:10:14,712] {logging_mixin.py:104} INFO - Processing data
[2021-05-17 03:10:14,713] {logging_mixin.py:104} INFO - df initialized
[2021-05-17 03:10:14,714] {logging_mixin.py:104} INFO - (array([1621228214000, 1621230014000]), 1)
[2021-05-17 03:10:14,715] {logging_mixin.py:104} INFO - (array([1621228214000, 1621230014000]), 2)
[2021-05-17 03:10:14,716] {logging_mixin.py:104} INFO - (array([1621228214000, 1621230014000]), 3)
[2021-05-17 03:10:14,716] {logging_mixin.py:104} INFO - (array([1621226414000, 1621228214000]), 1)
[2021-05-17 03:10:14,717] {logging_mixin.py:104} INFO - (array([1621226414000, 1621228214000]), 2)
[2021-05-17 03:10:14,717] {logging_mixin.py:104} INFO - (array([1621226414000, 1621228214000]), 3)
[2021-05-17 03:10:14,718] {logging_mixin.py:104} INFO - (array([1621224614000, 1621226414000]), 1)
[2021-05-17 03:10:14,718] {logging_mixin.py:104} INFO - (array([1621224614000, 1621226414000]), 2)
[2021-05-17 03:10:14,719] {logging_mixin.py:104} INFO - (array([1621224614000, 1621226414000]), 3)
[2021-05-17 03:10:14,719] {logging_mixin.py:104} INFO - (array([1621222814000, 1621224614000]), 1)
[2021-05-17 03:10:14,720] {logging_mixin.py:104} INFO - (array([1621222814000, 1621224614000]), 2)
[2021-05-17 03:10:14,720] {logging_mixin.py:104} INFO - (array([1621222814000, 1621224614000]), 3)
[2021-05-17 03:10:14,720] {logging_mixin.py:104} INFO - (array([1621221014000, 1621222814000]), 1)
[2021-05-17 03:10:14,721] {logging_mixin.py:104} INFO - (array([1621221014000, 1621222814000]), 2)
[2021-05-17 03:10:14,721] {logging_mixin.py:104} INFO - (array([1621221014000, 1621222814000]), 3)
[2021-05-17 03:10:14,722] {logging_mixin.py:104} INFO - (array([1621219214000, 1621221014000]), 1)
[2021-05-17 03:10:14,722] {logging_mixin.py:104} INFO - (array([1621219214000, 1621221014000]), 2)
[2021-05-17 03:10:14,722] {logging_mixin.py:104} INFO - (array([1621219214000, 1621221014000]), 3)
[2021-05-17 03:10:14,723] {logging_mixin.py:104} INFO - (array([1621217414000, 1621219214000]), 1)
[2021-05-17 03:10:14,723] {logging_mixin.py:104} INFO - (array([1621217414000, 1621219214000]), 2)
[2021-05-17 03:10:14,724] {logging_mixin.py:104} INFO - (array([1621217414000, 1621219214000]), 3)
[2021-05-17 03:10:14,724] {logging_mixin.py:104} INFO - (array([1621215614000, 1621217414000]), 1)
[2021-05-17 03:10:14,724] {logging_mixin.py:104} INFO - (array([1621215614000, 1621217414000]), 2)
[2021-05-17 03:10:14,725] {logging_mixin.py:104} INFO - (array([1621215614000, 1621217414000]), 3)
[2021-05-17 03:10:14,725] {logging_mixin.py:104} INFO - (array([1621215193000, 1621215614000]), 1)
[2021-05-17 03:10:14,725] {logging_mixin.py:104} INFO - (array([1621215193000, 1621215614000]), 2)
[2021-05-17 03:10:14,726] {logging_mixin.py:104} INFO - (array([1621215193000, 1621215614000]), 3)
[2021-05-17 03:10:14,726] {logging_mixin.py:104} INFO - ThreadPoolExecutor initialized
[2021-05-17 03:10:14,726] {logging_mixin.py:104} INFO - running function for: (array([1621228214000, 1621230014000]), 1)
[2021-05-17 03:10:14,727] {logging_mixin.py:104} INFO - https://cdn.iqoption.com/api/quotes-history/quotes/3.0?to=1621230014000&from=1621228214000&active_id=1&only_round=true&_key=1614903660000
[2021-05-17 03:10:14,728] {logging_mixin.py:104} INFO - submitted
[2021-05-17 03:10:14,729] {logging_mixin.py:104} INFO - running function for: (array([1621228214000, 1621230014000]), 2)
[2021-05-17 03:10:14,729] {logging_mixin.py:104} INFO - https://cdn.iqoption.com/api/quotes-history/quotes/3.0?to=1621230014000&from=1621228214000&active_id=2&only_round=true&_key=1614903660000
[2021-05-17 03:10:14,729] {logging_mixin.py:104} INFO - submitted
[2021-05-17 03:10:14,730] {logging_mixin.py:104} INFO - running function for: (array([1621228214000, 1621230014000]), 3)
[2021-05-17 03:10:14,730] {logging_mixin.py:104} INFO - https://cdn.iqoption.com/api/quotes-history/quotes/3.0?to=1621230014000&from=1621228214000&active_id=3&only_round=true&_key=1614903660000
[2021-05-17 03:10:14,730] {logging_mixin.py:104} INFO - submitted
[2021-05-17 03:10:14,731] {logging_mixin.py:104} INFO - running function for: (array([1621226414000, 1621228214000]), 1)
[2021-05-17 03:10:14,731] {logging_mixin.py:104} INFO - https://cdn.iqoption.com/api/quotes-history/quotes/3.0?to=1621228214000&from=1621226414000&active_id=1&only_round=true&_key=1614903660000
[2021-05-17 03:10:14,732] {logging_mixin.py:104} INFO - submitted
[2021-05-17 03:10:14,733] {logging_mixin.py:104} INFO - running function for: (array([1621226414000, 1621228214000]), 2)
[2021-05-17 03:10:14,733] {logging_mixin.py:104} INFO - https://cdn.iqoption.com/api/quotes-history/quotes/3.0?to=1621228214000&from=1621226414000&active_id=2&only_round=true&_key=1614903660000
[2021-05-17 03:10:14,734] {logging_mixin.py:104} INFO - submitted
[2021-05-17 03:10:14,734] {logging_mixin.py:104} INFO - running function for: (array([1621226414000, 1621228214000]), 3)
[2021-05-17 03:10:14,734] {logging_mixin.py:104} INFO - https://cdn.iqoption.com/api/quotes-history/quotes/3.0?to=1621228214000&from=1621226414000&active_id=3&only_round=true&_key=1614903660000
[2021-05-17 03:10:14,735] {logging_mixin.py:104} INFO - https://cdn.iqoption.com/api/quotes-history/quotes/3.0?to=1621228214000&from=1621226414000&active_id=3&only_round=true&_key=1614903660000
submitted
[2021-05-17 03:10:14,736] {logging_mixin.py:104} INFO - running function for: (array([1621224614000, 1621226414000]), 1)
[2021-05-17 03:10:14,736] {logging_mixin.py:104} INFO - https://cdn.iqoption.com/api/quotes-history/quotes/3.0?to=1621226414000&from=1621224614000&active_id=1&only_round=true&_key=1614903660000
[2021-05-17 03:10:14,738] {logging_mixin.py:104} INFO - submitted
[2021-05-17 03:10:14,738] {logging_mixin.py:104} INFO - running function for: (array([1621224614000, 1621226414000]), 2)
[2021-05-17 03:10:14,738] {logging_mixin.py:104} INFO - https://cdn.iqoption.com/api/quotes-history/quotes/3.0?to=1621226414000&from=1621224614000&active_id=2&only_round=true&_key=1614903660000
[2021-05-17 03:10:14,739] {logging_mixin.py:104} INFO - https://cdn.iqoption.com/api/quotes-history/quotes/3.0?to=1621226414000&from=1621224614000&active_id=2&only_round=true&_key=1614903660000
submitted
[2021-05-17 03:10:14,741] {logging_mixin.py:104} INFO - running function for: (array([1621224614000, 1621226414000]), 3)
[2021-05-17 03:10:14,742] {logging_mixin.py:104} INFO - submitted
[2021-05-17 03:10:14,742] {logging_mixin.py:104} INFO - running function for: (array([1621222814000, 1621224614000]), 1)
[2021-05-17 03:10:14,742] {logging_mixin.py:104} INFO - submitted
[2021-05-17 03:10:14,743] {logging_mixin.py:104} INFO - running function for: (array([1621222814000, 1621224614000]), 2)
[2021-05-17 03:10:14,743] {logging_mixin.py:104} INFO - submitted
[2021-05-17 03:10:14,743] {logging_mixin.py:104} INFO - running function for: (array([1621222814000, 1621224614000]), 3)
[2021-05-17 03:10:14,744] {logging_mixin.py:104} INFO - submitted
[2021-05-17 03:10:14,744] {logging_mixin.py:104} INFO - running function for: (array([1621221014000, 1621222814000]), 1)
[2021-05-17 03:10:14,744] {logging_mixin.py:104} INFO - submitted
[2021-05-17 03:10:14,744] {logging_mixin.py:104} INFO - running function for: (array([1621221014000, 1621222814000]), 2)
[2021-05-17 03:10:14,745] {logging_mixin.py:104} INFO - submitted
[2021-05-17 03:10:14,745] {logging_mixin.py:104} INFO - running function for: (array([1621221014000, 1621222814000]), 3)
[2021-05-17 03:10:14,745] {logging_mixin.py:104} INFO - submitted
[2021-05-17 03:10:14,746] {logging_mixin.py:104} INFO - running function for: (array([1621219214000, 1621221014000]), 1)
[2021-05-17 03:10:14,746] {logging_mixin.py:104} INFO - submitted
[2021-05-17 03:10:14,746] {logging_mixin.py:104} INFO - running function for: (array([1621219214000, 1621221014000]), 2)
[2021-05-17 03:10:14,746] {logging_mixin.py:104} INFO - submitted
[2021-05-17 03:10:14,747] {logging_mixin.py:104} INFO - running function for: (array([1621219214000, 1621221014000]), 3)
[2021-05-17 03:10:14,747] {logging_mixin.py:104} INFO - submitted
[2021-05-17 03:10:14,747] {logging_mixin.py:104} INFO - running function for: (array([1621217414000, 1621219214000]), 1)
[2021-05-17 03:10:14,748] {logging_mixin.py:104} INFO - submitted
[2021-05-17 03:10:14,748] {logging_mixin.py:104} INFO - running function for: (array([1621217414000, 1621219214000]), 2)
[2021-05-17 03:10:14,749] {logging_mixin.py:104} INFO - submitted
[2021-05-17 03:10:14,750] {logging_mixin.py:104} INFO - running function for: (array([1621217414000, 1621219214000]), 3)
[2021-05-17 03:10:14,751] {logging_mixin.py:104} INFO - submitted
[2021-05-17 03:10:14,751] {logging_mixin.py:104} INFO - running function for: (array([1621215614000, 1621217414000]), 1)
[2021-05-17 03:10:14,752] {logging_mixin.py:104} INFO - submitted
[2021-05-17 03:10:14,752] {logging_mixin.py:104} INFO - running function for: (array([1621215614000, 1621217414000]), 2)
[2021-05-17 03:10:14,752] {logging_mixin.py:104} INFO - submitted
[2021-05-17 03:10:14,753] {logging_mixin.py:104} INFO - running function for: (array([1621215614000, 1621217414000]), 3)
[2021-05-17 03:10:14,753] {logging_mixin.py:104} INFO - submitted
[2021-05-17 03:10:14,753] {logging_mixin.py:104} INFO - running function for: (array([1621215193000, 1621215614000]), 1)
[2021-05-17 03:10:14,754] {logging_mixin.py:104} INFO - submitted
[2021-05-17 03:10:14,754] {logging_mixin.py:104} INFO - running function for: (array([1621215193000, 1621215614000]), 2)
[2021-05-17 03:10:14,754] {logging_mixin.py:104} INFO - submitted
[2021-05-17 03:10:14,754] {logging_mixin.py:104} INFO - running function for: (array([1621215193000, 1621215614000]), 3)
[2021-05-17 03:10:14,755] {logging_mixin.py:104} INFO - submitted
[2021-05-17 03:10:18,747] {logging_mixin.py:104} INFO - https://cdn.iqoption.com/api/quotes-history/quotes/3.0?to=1621226414000&from=1621224614000&active_id=3&only_round=true&_key=1614903660000
[2021-05-17 03:10:18,803] {logging_mixin.py:104} INFO - https://cdn.iqoption.com/api/quotes-history/quotes/3.0?to=1621224614000&from=1621222814000&active_id=1&only_round=true&_key=1614903660000
[2021-05-17 03:10:18,834] {logging_mixin.py:104} INFO - https://cdn.iqoption.com/api/quotes-history/quotes/3.0?to=1621224614000&from=1621222814000&active_id=2&only_round=true&_key=1614903660000
[2021-05-17 03:10:18,854] {logging_mixin.py:104} INFO - https://cdn.iqoption.com/api/quotes-history/quotes/3.0?to=1621224614000&from=1621222814000&active_id=3&only_round=true&_key=1614903660000
[2021-05-17 03:10:18,865] {logging_mixin.py:104} INFO - https://cdn.iqoption.com/api/quotes-history/quotes/3.0?to=1621222814000&from=1621221014000&active_id=1&only_round=true&_key=1614903660000
[2021-05-17 03:10:18,884] {logging_mixin.py:104} INFO - https://cdn.iqoption.com/api/quotes-history/quotes/3.0?to=1621222814000&from=1621221014000&active_id=2&only_round=true&_key=1614903660000
[2021-05-17 03:10:18,913] {logging_mixin.py:104} INFO - https://cdn.iqoption.com/api/quotes-history/quotes/3.0?to=1621222814000&from=1621221014000&active_id=3&only_round=true&_key=1614903660000
[2021-05-17 03:10:18,916] {logging_mixin.py:104} INFO - https://cdn.iqoption.com/api/quotes-history/quotes/3.0?to=1621221014000&from=1621219214000&active_id=1&only_round=true&_key=1614903660000
[2021-05-17 03:10:20,950] {logging_mixin.py:104} INFO - https://cdn.iqoption.com/api/quotes-history/quotes/3.0?to=1621221014000&from=1621219214000&active_id=2&only_round=true&_key=1614903660000
[2021-05-17 03:10:20,985] {logging_mixin.py:104} INFO - https://cdn.iqoption.com/api/quotes-history/quotes/3.0?to=1621221014000&from=1621219214000&active_id=3&only_round=true&_key=1614903660000
[2021-05-17 03:10:21,015] {logging_mixin.py:104} INFO - https://cdn.iqoption.com/api/quotes-history/quotes/3.0?to=1621219214000&from=1621217414000&active_id=1&only_round=true&_key=1614903660000
[2021-05-17 03:10:21,085] {logging_mixin.py:104} INFO - https://cdn.iqoption.com/api/quotes-history/quotes/3.0?to=1621219214000&from=1621217414000&active_id=2&only_round=true&_key=1614903660000
[2021-05-17 03:10:21,122] {logging_mixin.py:104} INFO - https://cdn.iqoption.com/api/quotes-history/quotes/3.0?to=1621219214000&from=1621217414000&active_id=3&only_round=true&_key=1614903660000
[2021-05-17 03:10:21,133] {logging_mixin.py:104} INFO - https://cdn.iqoption.com/api/quotes-history/quotes/3.0?to=1621217414000&from=1621215614000&active_id=1&only_round=true&_key=1614903660000
[2021-05-17 03:10:21,142] {logging_mixin.py:104} INFO - https://cdn.iqoption.com/api/quotes-history/quotes/3.0?to=1621217414000&from=1621215614000&active_id=2&only_round=true&_key=1614903660000
[2021-05-17 03:10:21,143] {logging_mixin.py:104} INFO - https://cdn.iqoption.com/api/quotes-history/quotes/3.0?to=1621217414000&from=1621215614000&active_id=3&only_round=true&_key=1614903660000
[2021-05-17 03:10:22,832] {logging_mixin.py:104} INFO - https://cdn.iqoption.com/api/quotes-history/quotes/3.0?to=1621215614000&from=1621215193000&active_id=1&only_round=true&_key=1614903660000
[2021-05-17 03:10:22,847] {logging_mixin.py:104} INFO - https://cdn.iqoption.com/api/quotes-history/quotes/3.0?to=1621215614000&from=1621215193000&active_id=2&only_round=true&_key=1614903660000
[2021-05-17 03:10:22,921] {logging_mixin.py:104} INFO - https://cdn.iqoption.com/api/quotes-history/quotes/3.0?to=1621215614000&from=1621215193000&active_id=3&only_round=true&_key=1614903660000
[2021-05-17 03:10:24,242] {python.py:118} INFO - Done. Returned value was: None
[2021-05-17 03:10:24,246] {taskinstance.py:1192} INFO - Marking task as SUCCESS. dag_id=etl, task_id=loading_data_to_s3, execution_date=20210517T050000, start_date=20210517T061013, end_date=20210517T061024
[2021-05-17 03:10:24,286] {taskinstance.py:1246} INFO - 1 downstream tasks scheduled from follow-on schedule check
[2021-05-17 03:10:24,298] {local_task_job.py:146} INFO - Task exited with return code 0
