[2021-05-14 12:00:14,109] {taskinstance.py:877} INFO - Dependencies all met for <TaskInstance: etl.loading_data_to_s3 2021-05-14T14:00:00+00:00 [queued]>
[2021-05-14 12:00:14,114] {taskinstance.py:877} INFO - Dependencies all met for <TaskInstance: etl.loading_data_to_s3 2021-05-14T14:00:00+00:00 [queued]>
[2021-05-14 12:00:14,114] {taskinstance.py:1068} INFO - 
--------------------------------------------------------------------------------
[2021-05-14 12:00:14,114] {taskinstance.py:1069} INFO - Starting attempt 1 of 1
[2021-05-14 12:00:14,115] {taskinstance.py:1070} INFO - 
--------------------------------------------------------------------------------
[2021-05-14 12:00:14,119] {taskinstance.py:1089} INFO - Executing <Task(PythonOperator): loading_data_to_s3> on 2021-05-14T14:00:00+00:00
[2021-05-14 12:00:14,122] {standard_task_runner.py:52} INFO - Started process 20413 to run task
[2021-05-14 12:00:14,128] {standard_task_runner.py:76} INFO - Running: ['airflow', 'tasks', 'run', 'etl', 'loading_data_to_s3', '2021-05-14T14:00:00+00:00', '--job-id', '418', '--pool', 'default_pool', '--raw', '--subdir', 'DAGS_FOLDER/etl_dag.py', '--cfg-path', '/var/folders/_f/vg3x3jmj23bcz6s88l7v6fb40000gn/T/tmp41qijfep', '--error-file', '/var/folders/_f/vg3x3jmj23bcz6s88l7v6fb40000gn/T/tmp7m3j81sg']
[2021-05-14 12:00:14,130] {standard_task_runner.py:77} INFO - Job 418: Subtask loading_data_to_s3
[2021-05-14 12:00:14,162] {logging_mixin.py:104} INFO - Running <TaskInstance: etl.loading_data_to_s3 2021-05-14T14:00:00+00:00 [running]> on host 27.2.168.192.in-addr.arpa
[2021-05-14 12:00:14,189] {taskinstance.py:1283} INFO - Exporting the following env vars:
AIRFLOW_CTX_DAG_OWNER=udacity
AIRFLOW_CTX_DAG_ID=etl
AIRFLOW_CTX_TASK_ID=loading_data_to_s3
AIRFLOW_CTX_EXECUTION_DATE=2021-05-14T14:00:00+00:00
AIRFLOW_CTX_DAG_RUN_ID=scheduled__2021-05-14T14:00:00+00:00
[2021-05-14 12:00:15,436] {logging_mixin.py:104} INFO - Fetching interval list
[2021-05-14 12:00:15,439] {logging_mixin.py:104} INFO - Inverval list built
[2021-05-14 12:00:15,439] {logging_mixin.py:104} INFO - Processing data
[2021-05-14 12:00:15,440] {logging_mixin.py:104} INFO - df initialized
[2021-05-14 12:00:15,440] {logging_mixin.py:104} INFO - ThreadPoolExecutor initialized
[2021-05-14 12:00:15,442] {logging_mixin.py:104} INFO - running function for: (array([1621000815000, 1621002615000]), 1)
[2021-05-14 12:00:15,443] {logging_mixin.py:104} INFO - https://cdn.iqoption.com/api/quotes-history/quotes/3.0?to=1621002615000&from=1621000815000&active_id=1&only_round=true&_key=1614903660000
[2021-05-14 12:00:15,445] {logging_mixin.py:104} INFO - submitted
[2021-05-14 12:00:15,446] {logging_mixin.py:104} INFO - running function for: (array([1621000815000, 1621002615000]), 2)
[2021-05-14 12:00:15,446] {logging_mixin.py:104} INFO - https://cdn.iqoption.com/api/quotes-history/quotes/3.0?to=1621002615000&from=1621000815000&active_id=2&only_round=true&_key=1614903660000
[2021-05-14 12:00:15,447] {logging_mixin.py:104} INFO - submitted
[2021-05-14 12:00:15,447] {logging_mixin.py:104} INFO - running function for: (array([1621000815000, 1621002615000]), 3)
[2021-05-14 12:00:15,448] {logging_mixin.py:104} INFO - https://cdn.iqoption.com/api/quotes-history/quotes/3.0?to=1621002615000&from=1621000815000&active_id=3&only_round=true&_key=1614903660000
[2021-05-14 12:00:15,450] {logging_mixin.py:104} INFO - submitted
[2021-05-14 12:00:15,450] {logging_mixin.py:104} INFO - running function for: (array([1620999015000, 1621000815000]), 1)
[2021-05-14 12:00:15,451] {logging_mixin.py:104} INFO - https://cdn.iqoption.com/api/quotes-history/quotes/3.0?to=1621000815000&from=1620999015000&active_id=1&only_round=true&_key=1614903660000
[2021-05-14 12:00:15,451] {logging_mixin.py:104} INFO - submitted
[2021-05-14 12:00:15,451] {logging_mixin.py:104} INFO - running function for: (array([1620999015000, 1621000815000]), 2)
[2021-05-14 12:00:15,452] {logging_mixin.py:104} INFO - https://cdn.iqoption.com/api/quotes-history/quotes/3.0?to=1621000815000&from=1620999015000&active_id=2&only_round=true&_key=1614903660000
[2021-05-14 12:00:15,452] {logging_mixin.py:104} INFO - submitted
[2021-05-14 12:00:15,453] {logging_mixin.py:104} INFO - running function for: (array([1620999015000, 1621000815000]), 3)
[2021-05-14 12:00:15,453] {logging_mixin.py:104} INFO - https://cdn.iqoption.com/api/quotes-history/quotes/3.0?to=1621000815000&from=1620999015000&active_id=3&only_round=true&_key=1614903660000
[2021-05-14 12:00:15,453] {logging_mixin.py:104} INFO - submitted
[2021-05-14 12:00:15,454] {logging_mixin.py:104} INFO - running function for: (array([1620997215000, 1620999015000]), 1)
[2021-05-14 12:00:15,454] {logging_mixin.py:104} INFO - https://cdn.iqoption.com/api/quotes-history/quotes/3.0?to=1620999015000&from=1620997215000&active_id=1&only_round=true&_key=1614903660000
[2021-05-14 12:00:15,455] {logging_mixin.py:104} INFO - submitted
[2021-05-14 12:00:15,455] {logging_mixin.py:104} INFO - running function for: (array([1620997215000, 1620999015000]), 2)
[2021-05-14 12:00:15,456] {logging_mixin.py:104} INFO - https://cdn.iqoption.com/api/quotes-history/quotes/3.0?to=1620999015000&from=1620997215000&active_id=2&only_round=true&_key=1614903660000
[2021-05-14 12:00:15,456] {logging_mixin.py:104} INFO - submitted
[2021-05-14 12:00:15,456] {logging_mixin.py:104} INFO - running function for: (array([1620997215000, 1620999015000]), 3)
[2021-05-14 12:00:15,457] {logging_mixin.py:104} INFO - submitted
[2021-05-14 12:00:15,458] {logging_mixin.py:104} INFO - running function for: (array([1620995415000, 1620997215000]), 1)
[2021-05-14 12:00:15,458] {logging_mixin.py:104} INFO - submitted
[2021-05-14 12:00:15,459] {logging_mixin.py:104} INFO - running function for: (array([1620995415000, 1620997215000]), 2)
[2021-05-14 12:00:15,459] {logging_mixin.py:104} INFO - submitted
[2021-05-14 12:00:15,459] {logging_mixin.py:104} INFO - running function for: (array([1620995415000, 1620997215000]), 3)
[2021-05-14 12:00:15,459] {logging_mixin.py:104} INFO - submitted
[2021-05-14 12:00:15,460] {logging_mixin.py:104} INFO - running function for: (array([1620993615000, 1620995415000]), 1)
[2021-05-14 12:00:15,460] {logging_mixin.py:104} INFO - submitted
[2021-05-14 12:00:15,461] {logging_mixin.py:104} INFO - running function for: (array([1620993615000, 1620995415000]), 2)
[2021-05-14 12:00:15,461] {logging_mixin.py:104} INFO - submitted
[2021-05-14 12:00:15,461] {logging_mixin.py:104} INFO - running function for: (array([1620993615000, 1620995415000]), 3)
[2021-05-14 12:00:15,462] {logging_mixin.py:104} INFO - submitted
[2021-05-14 12:00:15,462] {logging_mixin.py:104} INFO - running function for: (array([1620991815000, 1620993615000]), 1)
[2021-05-14 12:00:15,462] {logging_mixin.py:104} INFO - submitted
[2021-05-14 12:00:15,463] {logging_mixin.py:104} INFO - running function for: (array([1620991815000, 1620993615000]), 2)
[2021-05-14 12:00:15,463] {logging_mixin.py:104} INFO - submitted
[2021-05-14 12:00:15,463] {logging_mixin.py:104} INFO - running function for: (array([1620991815000, 1620993615000]), 3)
[2021-05-14 12:00:15,464] {logging_mixin.py:104} INFO - submitted
[2021-05-14 12:00:15,465] {logging_mixin.py:104} INFO - running function for: (array([1620990015000, 1620991815000]), 1)
[2021-05-14 12:00:15,466] {logging_mixin.py:104} INFO - submitted
[2021-05-14 12:00:15,467] {logging_mixin.py:104} INFO - running function for: (array([1620990015000, 1620991815000]), 2)
[2021-05-14 12:00:15,468] {logging_mixin.py:104} INFO - submitted
[2021-05-14 12:00:15,468] {logging_mixin.py:104} INFO - running function for: (array([1620990015000, 1620991815000]), 3)
[2021-05-14 12:00:15,469] {logging_mixin.py:104} INFO - submitted
[2021-05-14 12:00:15,470] {logging_mixin.py:104} INFO - running function for: (array([1620988215000, 1620990015000]), 1)
[2021-05-14 12:00:15,470] {logging_mixin.py:104} INFO - submitted
[2021-05-14 12:00:15,471] {logging_mixin.py:104} INFO - running function for: (array([1620988215000, 1620990015000]), 2)
[2021-05-14 12:00:15,471] {logging_mixin.py:104} INFO - submitted
[2021-05-14 12:00:15,471] {logging_mixin.py:104} INFO - running function for: (array([1620988215000, 1620990015000]), 3)
[2021-05-14 12:00:15,472] {logging_mixin.py:104} INFO - submitted
[2021-05-14 12:00:15,472] {logging_mixin.py:104} INFO - running function for: (array([1620986415000, 1620988215000]), 1)
[2021-05-14 12:00:15,472] {logging_mixin.py:104} INFO - submitted
[2021-05-14 12:00:15,473] {logging_mixin.py:104} INFO - running function for: (array([1620986415000, 1620988215000]), 2)
[2021-05-14 12:00:15,473] {logging_mixin.py:104} INFO - submitted
[2021-05-14 12:00:15,474] {logging_mixin.py:104} INFO - running function for: (array([1620986415000, 1620988215000]), 3)
[2021-05-14 12:00:15,475] {logging_mixin.py:104} INFO - submitted
[2021-05-14 12:00:15,475] {logging_mixin.py:104} INFO - running function for: (array([1620984615000, 1620986415000]), 1)
[2021-05-14 12:00:15,476] {logging_mixin.py:104} INFO - submitted
[2021-05-14 12:00:15,476] {logging_mixin.py:104} INFO - running function for: (array([1620984615000, 1620986415000]), 2)
[2021-05-14 12:00:15,477] {logging_mixin.py:104} INFO - submitted
[2021-05-14 12:00:15,478] {logging_mixin.py:104} INFO - running function for: (array([1620984615000, 1620986415000]), 3)
[2021-05-14 12:00:15,479] {logging_mixin.py:104} INFO - submitted
[2021-05-14 12:00:15,479] {logging_mixin.py:104} INFO - running function for: (array([1620982815000, 1620984615000]), 1)
[2021-05-14 12:00:15,480] {logging_mixin.py:104} INFO - submitted
[2021-05-14 12:00:15,481] {logging_mixin.py:104} INFO - running function for: (array([1620982815000, 1620984615000]), 2)
[2021-05-14 12:00:15,481] {logging_mixin.py:104} INFO - submitted
[2021-05-14 12:00:15,481] {logging_mixin.py:104} INFO - running function for: (array([1620982815000, 1620984615000]), 3)
[2021-05-14 12:00:15,482] {logging_mixin.py:104} INFO - submitted
[2021-05-14 12:00:15,482] {logging_mixin.py:104} INFO - running function for: (array([1620981015000, 1620982815000]), 1)
[2021-05-14 12:00:15,482] {logging_mixin.py:104} INFO - submitted
[2021-05-14 12:00:15,482] {logging_mixin.py:104} INFO - running function for: (array([1620981015000, 1620982815000]), 2)
[2021-05-14 12:00:15,483] {logging_mixin.py:104} INFO - submitted
[2021-05-14 12:00:15,483] {logging_mixin.py:104} INFO - running function for: (array([1620981015000, 1620982815000]), 3)
[2021-05-14 12:00:15,483] {logging_mixin.py:104} INFO - submitted
[2021-05-14 12:00:15,484] {logging_mixin.py:104} INFO - running function for: (array([1620979215000, 1620981015000]), 1)
[2021-05-14 12:00:15,484] {logging_mixin.py:104} INFO - submitted
[2021-05-14 12:00:15,484] {logging_mixin.py:104} INFO - running function for: (array([1620979215000, 1620981015000]), 2)
[2021-05-14 12:00:15,484] {logging_mixin.py:104} INFO - submitted
[2021-05-14 12:00:15,485] {logging_mixin.py:104} INFO - running function for: (array([1620979215000, 1620981015000]), 3)
[2021-05-14 12:00:15,485] {logging_mixin.py:104} INFO - submitted
[2021-05-14 12:00:15,485] {logging_mixin.py:104} INFO - running function for: (array([1620977415000, 1620979215000]), 1)
[2021-05-14 12:00:15,486] {logging_mixin.py:104} INFO - submitted
[2021-05-14 12:00:15,486] {logging_mixin.py:104} INFO - running function for: (array([1620977415000, 1620979215000]), 2)
[2021-05-14 12:00:15,486] {logging_mixin.py:104} INFO - submitted
[2021-05-14 12:00:15,487] {logging_mixin.py:104} INFO - running function for: (array([1620977415000, 1620979215000]), 3)
[2021-05-14 12:00:15,488] {logging_mixin.py:104} INFO - submitted
[2021-05-14 12:00:15,488] {logging_mixin.py:104} INFO - running function for: (array([1620975615000, 1620977415000]), 1)
[2021-05-14 12:00:15,489] {logging_mixin.py:104} INFO - submitted
[2021-05-14 12:00:15,489] {logging_mixin.py:104} INFO - running function for: (array([1620975615000, 1620977415000]), 2)
[2021-05-14 12:00:15,489] {logging_mixin.py:104} INFO - submitted
[2021-05-14 12:00:15,490] {logging_mixin.py:104} INFO - running function for: (array([1620975615000, 1620977415000]), 3)
[2021-05-14 12:00:15,490] {logging_mixin.py:104} INFO - submitted
[2021-05-14 12:00:15,490] {logging_mixin.py:104} INFO - running function for: (array([1620973815000, 1620975615000]), 1)
[2021-05-14 12:00:15,490] {logging_mixin.py:104} INFO - submitted
[2021-05-14 12:00:15,491] {logging_mixin.py:104} INFO - running function for: (array([1620973815000, 1620975615000]), 2)
[2021-05-14 12:00:15,491] {logging_mixin.py:104} INFO - submitted
[2021-05-14 12:00:15,491] {logging_mixin.py:104} INFO - running function for: (array([1620973815000, 1620975615000]), 3)
[2021-05-14 12:00:15,492] {logging_mixin.py:104} INFO - submitted
[2021-05-14 12:00:15,492] {logging_mixin.py:104} INFO - running function for: (array([1620972015000, 1620973815000]), 1)
[2021-05-14 12:00:15,492] {logging_mixin.py:104} INFO - submitted
[2021-05-14 12:00:15,492] {logging_mixin.py:104} INFO - running function for: (array([1620972015000, 1620973815000]), 2)
[2021-05-14 12:00:15,492] {logging_mixin.py:104} INFO - submitted
[2021-05-14 12:00:15,493] {logging_mixin.py:104} INFO - running function for: (array([1620972015000, 1620973815000]), 3)
[2021-05-14 12:00:15,493] {logging_mixin.py:104} INFO - submitted
[2021-05-14 12:00:15,493] {logging_mixin.py:104} INFO - running function for: (array([1620970215000, 1620972015000]), 1)
[2021-05-14 12:00:15,494] {logging_mixin.py:104} INFO - submitted
[2021-05-14 12:00:15,494] {logging_mixin.py:104} INFO - running function for: (array([1620970215000, 1620972015000]), 2)
[2021-05-14 12:00:15,494] {logging_mixin.py:104} INFO - submitted
[2021-05-14 12:00:15,494] {logging_mixin.py:104} INFO - running function for: (array([1620970215000, 1620972015000]), 3)
[2021-05-14 12:00:15,494] {logging_mixin.py:104} INFO - submitted
[2021-05-14 12:00:15,495] {logging_mixin.py:104} INFO - running function for: (array([1620968415000, 1620970215000]), 1)
[2021-05-14 12:00:15,495] {logging_mixin.py:104} INFO - submitted
[2021-05-14 12:00:15,495] {logging_mixin.py:104} INFO - running function for: (array([1620968415000, 1620970215000]), 2)
[2021-05-14 12:00:15,495] {logging_mixin.py:104} INFO - submitted
[2021-05-14 12:00:15,496] {logging_mixin.py:104} INFO - running function for: (array([1620968415000, 1620970215000]), 3)
[2021-05-14 12:00:15,496] {logging_mixin.py:104} INFO - submitted
[2021-05-14 12:00:15,496] {logging_mixin.py:104} INFO - running function for: (array([1620966615000, 1620968415000]), 1)
[2021-05-14 12:00:15,496] {logging_mixin.py:104} INFO - submitted
[2021-05-14 12:00:15,497] {logging_mixin.py:104} INFO - running function for: (array([1620966615000, 1620968415000]), 2)
[2021-05-14 12:00:15,497] {logging_mixin.py:104} INFO - submitted
[2021-05-14 12:00:15,497] {logging_mixin.py:104} INFO - running function for: (array([1620966615000, 1620968415000]), 3)
[2021-05-14 12:00:15,498] {logging_mixin.py:104} INFO - submitted
[2021-05-14 12:00:15,498] {logging_mixin.py:104} INFO - running function for: (array([1620964815000, 1620966615000]), 1)
[2021-05-14 12:00:15,498] {logging_mixin.py:104} INFO - submitted
[2021-05-14 12:00:15,499] {logging_mixin.py:104} INFO - running function for: (array([1620964815000, 1620966615000]), 2)
[2021-05-14 12:00:15,499] {logging_mixin.py:104} INFO - submitted
[2021-05-14 12:00:15,499] {logging_mixin.py:104} INFO - running function for: (array([1620964815000, 1620966615000]), 3)
[2021-05-14 12:00:15,499] {logging_mixin.py:104} INFO - submitted
[2021-05-14 12:00:15,500] {logging_mixin.py:104} INFO - running function for: (array([1620963015000, 1620964815000]), 1)
[2021-05-14 12:00:15,500] {logging_mixin.py:104} INFO - submitted
[2021-05-14 12:00:15,500] {logging_mixin.py:104} INFO - running function for: (array([1620963015000, 1620964815000]), 2)
[2021-05-14 12:00:15,500] {logging_mixin.py:104} INFO - submitted
[2021-05-14 12:00:15,501] {logging_mixin.py:104} INFO - running function for: (array([1620963015000, 1620964815000]), 3)
[2021-05-14 12:00:15,501] {logging_mixin.py:104} INFO - submitted
[2021-05-14 12:00:15,501] {logging_mixin.py:104} INFO - running function for: (array([1620961215000, 1620963015000]), 1)
[2021-05-14 12:00:15,501] {logging_mixin.py:104} INFO - submitted
[2021-05-14 12:00:15,501] {logging_mixin.py:104} INFO - running function for: (array([1620961215000, 1620963015000]), 2)
[2021-05-14 12:00:15,502] {logging_mixin.py:104} INFO - submitted
[2021-05-14 12:00:15,502] {logging_mixin.py:104} INFO - running function for: (array([1620961215000, 1620963015000]), 3)
[2021-05-14 12:00:15,502] {logging_mixin.py:104} INFO - submitted
[2021-05-14 12:00:15,502] {logging_mixin.py:104} INFO - running function for: (array([1620959415000, 1620961215000]), 1)
[2021-05-14 12:00:15,503] {logging_mixin.py:104} INFO - submitted
[2021-05-14 12:00:15,503] {logging_mixin.py:104} INFO - running function for: (array([1620959415000, 1620961215000]), 2)
[2021-05-14 12:00:15,503] {logging_mixin.py:104} INFO - submitted
[2021-05-14 12:00:15,504] {logging_mixin.py:104} INFO - running function for: (array([1620959415000, 1620961215000]), 3)
[2021-05-14 12:00:15,504] {logging_mixin.py:104} INFO - submitted
[2021-05-14 12:00:15,504] {logging_mixin.py:104} INFO - running function for: (array([1620957615000, 1620959415000]), 1)
[2021-05-14 12:00:15,504] {logging_mixin.py:104} INFO - submitted
[2021-05-14 12:00:15,504] {logging_mixin.py:104} INFO - running function for: (array([1620957615000, 1620959415000]), 2)
[2021-05-14 12:00:15,505] {logging_mixin.py:104} INFO - submitted
[2021-05-14 12:00:15,505] {logging_mixin.py:104} INFO - running function for: (array([1620957615000, 1620959415000]), 3)
[2021-05-14 12:00:15,505] {logging_mixin.py:104} INFO - submitted
[2021-05-14 12:00:15,505] {logging_mixin.py:104} INFO - running function for: (array([1620955815000, 1620957615000]), 1)
[2021-05-14 12:00:15,506] {logging_mixin.py:104} INFO - submitted
[2021-05-14 12:00:15,506] {logging_mixin.py:104} INFO - running function for: (array([1620955815000, 1620957615000]), 2)
[2021-05-14 12:00:15,506] {logging_mixin.py:104} INFO - submitted
[2021-05-14 12:00:15,506] {logging_mixin.py:104} INFO - running function for: (array([1620955815000, 1620957615000]), 3)
[2021-05-14 12:00:15,507] {logging_mixin.py:104} INFO - submitted
[2021-05-14 12:00:15,507] {logging_mixin.py:104} INFO - running function for: (array([1620954015000, 1620955815000]), 1)
[2021-05-14 12:00:15,507] {logging_mixin.py:104} INFO - submitted
[2021-05-14 12:00:15,507] {logging_mixin.py:104} INFO - running function for: (array([1620954015000, 1620955815000]), 2)
[2021-05-14 12:00:15,508] {logging_mixin.py:104} INFO - submitted
[2021-05-14 12:00:15,508] {logging_mixin.py:104} INFO - running function for: (array([1620954015000, 1620955815000]), 3)
[2021-05-14 12:00:15,508] {logging_mixin.py:104} INFO - submitted
[2021-05-14 12:00:15,508] {logging_mixin.py:104} INFO - running function for: (array([1620952215000, 1620954015000]), 1)
[2021-05-14 12:00:15,509] {logging_mixin.py:104} INFO - submitted
[2021-05-14 12:00:15,509] {logging_mixin.py:104} INFO - running function for: (array([1620952215000, 1620954015000]), 2)
[2021-05-14 12:00:15,509] {logging_mixin.py:104} INFO - submitted
[2021-05-14 12:00:15,510] {logging_mixin.py:104} INFO - running function for: (array([1620952215000, 1620954015000]), 3)
[2021-05-14 12:00:15,510] {logging_mixin.py:104} INFO - submitted
[2021-05-14 12:00:15,510] {logging_mixin.py:104} INFO - running function for: (array([1620950415000, 1620952215000]), 1)
[2021-05-14 12:00:15,511] {logging_mixin.py:104} INFO - submitted
[2021-05-14 12:00:15,511] {logging_mixin.py:104} INFO - running function for: (array([1620950415000, 1620952215000]), 2)
[2021-05-14 12:00:15,511] {logging_mixin.py:104} INFO - submitted
[2021-05-14 12:00:15,512] {logging_mixin.py:104} INFO - running function for: (array([1620950415000, 1620952215000]), 3)
[2021-05-14 12:00:15,512] {logging_mixin.py:104} INFO - submitted
[2021-05-14 12:00:15,512] {logging_mixin.py:104} INFO - running function for: (array([1620948615000, 1620950415000]), 1)
[2021-05-14 12:00:15,514] {logging_mixin.py:104} INFO - submitted
[2021-05-14 12:00:15,516] {logging_mixin.py:104} INFO - running function for: (array([1620948615000, 1620950415000]), 2)
[2021-05-14 12:00:15,517] {logging_mixin.py:104} INFO - submitted
[2021-05-14 12:00:15,517] {logging_mixin.py:104} INFO - running function for: (array([1620948615000, 1620950415000]), 3)
[2021-05-14 12:00:15,517] {logging_mixin.py:104} INFO - submitted
[2021-05-14 12:00:15,519] {logging_mixin.py:104} INFO - running function for: (array([1620946815000, 1620948615000]), 1)
[2021-05-14 12:00:15,521] {logging_mixin.py:104} INFO - submitted
[2021-05-14 12:00:15,521] {logging_mixin.py:104} INFO - running function for: (array([1620946815000, 1620948615000]), 2)
[2021-05-14 12:00:15,522] {logging_mixin.py:104} INFO - submitted
[2021-05-14 12:00:15,523] {logging_mixin.py:104} INFO - running function for: (array([1620946815000, 1620948615000]), 3)
[2021-05-14 12:00:15,524] {logging_mixin.py:104} INFO - submitted
[2021-05-14 12:00:15,524] {logging_mixin.py:104} INFO - running function for: (array([1620945015000, 1620946815000]), 1)
[2021-05-14 12:00:15,525] {logging_mixin.py:104} INFO - submitted
[2021-05-14 12:00:15,525] {logging_mixin.py:104} INFO - running function for: (array([1620945015000, 1620946815000]), 2)
[2021-05-14 12:00:15,525] {logging_mixin.py:104} INFO - submitted
[2021-05-14 12:00:15,526] {logging_mixin.py:104} INFO - running function for: (array([1620945015000, 1620946815000]), 3)
[2021-05-14 12:00:15,526] {logging_mixin.py:104} INFO - submitted
[2021-05-14 12:00:15,526] {logging_mixin.py:104} INFO - running function for: (array([1620943215000, 1620945015000]), 1)
[2021-05-14 12:00:15,526] {logging_mixin.py:104} INFO - submitted
[2021-05-14 12:00:15,527] {logging_mixin.py:104} INFO - running function for: (array([1620943215000, 1620945015000]), 2)
[2021-05-14 12:00:15,527] {logging_mixin.py:104} INFO - submitted
[2021-05-14 12:00:15,527] {logging_mixin.py:104} INFO - running function for: (array([1620943215000, 1620945015000]), 3)
[2021-05-14 12:00:15,527] {logging_mixin.py:104} INFO - submitted
[2021-05-14 12:00:15,528] {logging_mixin.py:104} INFO - running function for: (array([1620941415000, 1620943215000]), 1)
[2021-05-14 12:00:15,528] {logging_mixin.py:104} INFO - submitted
[2021-05-14 12:00:15,528] {logging_mixin.py:104} INFO - running function for: (array([1620941415000, 1620943215000]), 2)
[2021-05-14 12:00:15,529] {logging_mixin.py:104} INFO - submitted
[2021-05-14 12:00:15,529] {logging_mixin.py:104} INFO - running function for: (array([1620941415000, 1620943215000]), 3)
[2021-05-14 12:00:15,529] {logging_mixin.py:104} INFO - submitted
[2021-05-14 12:00:15,530] {logging_mixin.py:104} INFO - running function for: (array([1620939615000, 1620941415000]), 1)
[2021-05-14 12:00:15,530] {logging_mixin.py:104} INFO - submitted
[2021-05-14 12:00:15,530] {logging_mixin.py:104} INFO - running function for: (array([1620939615000, 1620941415000]), 2)
[2021-05-14 12:00:15,530] {logging_mixin.py:104} INFO - submitted
[2021-05-14 12:00:15,531] {logging_mixin.py:104} INFO - running function for: (array([1620939615000, 1620941415000]), 3)
[2021-05-14 12:00:15,531] {logging_mixin.py:104} INFO - submitted
[2021-05-14 12:00:15,531] {logging_mixin.py:104} INFO - running function for: (array([1620937815000, 1620939615000]), 1)
[2021-05-14 12:00:15,531] {logging_mixin.py:104} INFO - submitted
[2021-05-14 12:00:15,532] {logging_mixin.py:104} INFO - running function for: (array([1620937815000, 1620939615000]), 2)
[2021-05-14 12:00:15,532] {logging_mixin.py:104} INFO - submitted
[2021-05-14 12:00:15,532] {logging_mixin.py:104} INFO - running function for: (array([1620937815000, 1620939615000]), 3)
[2021-05-14 12:00:15,532] {logging_mixin.py:104} INFO - submitted
[2021-05-14 12:00:15,532] {logging_mixin.py:104} INFO - running function for: (array([1620936015000, 1620937815000]), 1)
[2021-05-14 12:00:15,533] {logging_mixin.py:104} INFO - submitted
[2021-05-14 12:00:15,533] {logging_mixin.py:104} INFO - running function for: (array([1620936015000, 1620937815000]), 2)
[2021-05-14 12:00:15,533] {logging_mixin.py:104} INFO - submitted
[2021-05-14 12:00:15,533] {logging_mixin.py:104} INFO - running function for: (array([1620936015000, 1620937815000]), 3)
[2021-05-14 12:00:15,534] {logging_mixin.py:104} INFO - submitted
[2021-05-14 12:00:15,534] {logging_mixin.py:104} INFO - running function for: (array([1620934215000, 1620936015000]), 1)
[2021-05-14 12:00:15,534] {logging_mixin.py:104} INFO - submitted
[2021-05-14 12:00:15,534] {logging_mixin.py:104} INFO - running function for: (array([1620934215000, 1620936015000]), 2)
[2021-05-14 12:00:15,535] {logging_mixin.py:104} INFO - submitted
[2021-05-14 12:00:15,535] {logging_mixin.py:104} INFO - running function for: (array([1620934215000, 1620936015000]), 3)
[2021-05-14 12:00:15,535] {logging_mixin.py:104} INFO - submitted
[2021-05-14 12:00:15,535] {logging_mixin.py:104} INFO - running function for: (array([1620932415000, 1620934215000]), 1)
[2021-05-14 12:00:15,536] {logging_mixin.py:104} INFO - submitted
[2021-05-14 12:00:15,536] {logging_mixin.py:104} INFO - running function for: (array([1620932415000, 1620934215000]), 2)
[2021-05-14 12:00:15,536] {logging_mixin.py:104} INFO - submitted
[2021-05-14 12:00:15,536] {logging_mixin.py:104} INFO - running function for: (array([1620932415000, 1620934215000]), 3)
[2021-05-14 12:00:15,537] {logging_mixin.py:104} INFO - submitted
[2021-05-14 12:00:15,537] {logging_mixin.py:104} INFO - running function for: (array([1620930615000, 1620932415000]), 1)
[2021-05-14 12:00:15,537] {logging_mixin.py:104} INFO - submitted
[2021-05-14 12:00:15,537] {logging_mixin.py:104} INFO - running function for: (array([1620930615000, 1620932415000]), 2)
[2021-05-14 12:00:15,538] {logging_mixin.py:104} INFO - submitted
[2021-05-14 12:00:15,538] {logging_mixin.py:104} INFO - running function for: (array([1620930615000, 1620932415000]), 3)
[2021-05-14 12:00:15,538] {logging_mixin.py:104} INFO - submitted
[2021-05-14 12:00:15,538] {logging_mixin.py:104} INFO - running function for: (array([1620928815000, 1620930615000]), 1)
[2021-05-14 12:00:15,539] {logging_mixin.py:104} INFO - submitted
[2021-05-14 12:00:15,539] {logging_mixin.py:104} INFO - running function for: (array([1620928815000, 1620930615000]), 2)
[2021-05-14 12:00:15,539] {logging_mixin.py:104} INFO - submitted
[2021-05-14 12:00:15,539] {logging_mixin.py:104} INFO - running function for: (array([1620928815000, 1620930615000]), 3)
[2021-05-14 12:00:15,540] {logging_mixin.py:104} INFO - submitted
[2021-05-14 12:00:15,540] {logging_mixin.py:104} INFO - running function for: (array([1620927015000, 1620928815000]), 1)
[2021-05-14 12:00:15,540] {logging_mixin.py:104} INFO - submitted
[2021-05-14 12:00:15,540] {logging_mixin.py:104} INFO - running function for: (array([1620927015000, 1620928815000]), 2)
[2021-05-14 12:00:15,541] {logging_mixin.py:104} INFO - submitted
[2021-05-14 12:00:15,541] {logging_mixin.py:104} INFO - running function for: (array([1620927015000, 1620928815000]), 3)
[2021-05-14 12:00:15,541] {logging_mixin.py:104} INFO - submitted
[2021-05-14 12:00:15,541] {logging_mixin.py:104} INFO - running function for: (array([1620925215000, 1620927015000]), 1)
[2021-05-14 12:00:15,541] {logging_mixin.py:104} INFO - submitted
[2021-05-14 12:00:15,542] {logging_mixin.py:104} INFO - running function for: (array([1620925215000, 1620927015000]), 2)
[2021-05-14 12:00:15,542] {logging_mixin.py:104} INFO - submitted
[2021-05-14 12:00:15,542] {logging_mixin.py:104} INFO - running function for: (array([1620925215000, 1620927015000]), 3)
[2021-05-14 12:00:15,543] {logging_mixin.py:104} INFO - submitted
[2021-05-14 12:00:15,543] {logging_mixin.py:104} INFO - running function for: (array([1620923415000, 1620925215000]), 1)
[2021-05-14 12:00:15,543] {logging_mixin.py:104} INFO - submitted
[2021-05-14 12:00:15,544] {logging_mixin.py:104} INFO - running function for: (array([1620923415000, 1620925215000]), 2)
[2021-05-14 12:00:15,544] {logging_mixin.py:104} INFO - submitted
[2021-05-14 12:00:15,544] {logging_mixin.py:104} INFO - running function for: (array([1620923415000, 1620925215000]), 3)
[2021-05-14 12:00:15,544] {logging_mixin.py:104} INFO - submitted
[2021-05-14 12:00:15,545] {logging_mixin.py:104} INFO - running function for: (array([1620921615000, 1620923415000]), 1)
[2021-05-14 12:00:15,545] {logging_mixin.py:104} INFO - submitted
[2021-05-14 12:00:15,545] {logging_mixin.py:104} INFO - running function for: (array([1620921615000, 1620923415000]), 2)
[2021-05-14 12:00:15,545] {logging_mixin.py:104} INFO - submitted
[2021-05-14 12:00:15,546] {logging_mixin.py:104} INFO - running function for: (array([1620921615000, 1620923415000]), 3)
[2021-05-14 12:00:15,546] {logging_mixin.py:104} INFO - submitted
[2021-05-14 12:00:15,546] {logging_mixin.py:104} INFO - running function for: (array([1620919815000, 1620921615000]), 1)
[2021-05-14 12:00:15,546] {logging_mixin.py:104} INFO - submitted
[2021-05-14 12:00:15,547] {logging_mixin.py:104} INFO - running function for: (array([1620919815000, 1620921615000]), 2)
[2021-05-14 12:00:15,547] {logging_mixin.py:104} INFO - submitted
[2021-05-14 12:00:15,547] {logging_mixin.py:104} INFO - running function for: (array([1620919815000, 1620921615000]), 3)
[2021-05-14 12:00:15,548] {logging_mixin.py:104} INFO - submitted
[2021-05-14 12:00:15,548] {logging_mixin.py:104} INFO - running function for: (array([1620918015000, 1620919815000]), 1)
[2021-05-14 12:00:15,548] {logging_mixin.py:104} INFO - submitted
[2021-05-14 12:00:15,548] {logging_mixin.py:104} INFO - running function for: (array([1620918015000, 1620919815000]), 2)
[2021-05-14 12:00:15,549] {logging_mixin.py:104} INFO - submitted
[2021-05-14 12:00:15,549] {logging_mixin.py:104} INFO - running function for: (array([1620918015000, 1620919815000]), 3)
[2021-05-14 12:00:15,549] {logging_mixin.py:104} INFO - submitted
[2021-05-14 12:00:19,372] {logging_mixin.py:104} INFO - https://cdn.iqoption.com/api/quotes-history/quotes/3.0?to=1620999015000&from=1620997215000&active_id=3&only_round=true&_key=1614903660000
[2021-05-14 12:00:19,373] {logging_mixin.py:104} INFO - https://cdn.iqoption.com/api/quotes-history/quotes/3.0?to=1620999015000&from=1620997215000&active_id=3&only_round=true&_key=1614903660000
https://cdn.iqoption.com/api/quotes-history/quotes/3.0?to=1620997215000&from=1620995415000&active_id=1&only_round=true&_key=1614903660000
[2021-05-14 12:00:19,379] {logging_mixin.py:104} INFO - https://cdn.iqoption.com/api/quotes-history/quotes/3.0?to=1620997215000&from=1620995415000&active_id=2&only_round=true&_key=1614903660000
[2021-05-14 12:00:19,396] {logging_mixin.py:104} INFO - https://cdn.iqoption.com/api/quotes-history/quotes/3.0?to=1620997215000&from=1620995415000&active_id=3&only_round=true&_key=1614903660000
[2021-05-14 12:00:19,457] {logging_mixin.py:104} INFO - https://cdn.iqoption.com/api/quotes-history/quotes/3.0?to=1620995415000&from=1620993615000&active_id=1&only_round=true&_key=1614903660000
[2021-05-14 12:00:19,464] {logging_mixin.py:104} INFO - https://cdn.iqoption.com/api/quotes-history/quotes/3.0?to=1620995415000&from=1620993615000&active_id=2&only_round=true&_key=1614903660000
[2021-05-14 12:00:19,465] {logging_mixin.py:104} INFO - https://cdn.iqoption.com/api/quotes-history/quotes/3.0?to=1620995415000&from=1620993615000&active_id=3&only_round=true&_key=1614903660000
[2021-05-14 12:00:19,466] {logging_mixin.py:104} INFO - https://cdn.iqoption.com/api/quotes-history/quotes/3.0?to=1620993615000&from=1620991815000&active_id=1&only_round=true&_key=1614903660000
[2021-05-14 12:00:21,611] {logging_mixin.py:104} INFO - https://cdn.iqoption.com/api/quotes-history/quotes/3.0?to=1620993615000&from=1620991815000&active_id=2&only_round=true&_key=1614903660000
[2021-05-14 12:00:21,671] {logging_mixin.py:104} INFO - https://cdn.iqoption.com/api/quotes-history/quotes/3.0?to=1620993615000&from=1620991815000&active_id=3&only_round=true&_key=1614903660000
[2021-05-14 12:00:21,672] {logging_mixin.py:104} INFO - https://cdn.iqoption.com/api/quotes-history/quotes/3.0?to=1620991815000&from=1620990015000&active_id=1&only_round=true&_key=1614903660000
[2021-05-14 12:00:21,701] {logging_mixin.py:104} INFO - https://cdn.iqoption.com/api/quotes-history/quotes/3.0?to=1620991815000&from=1620990015000&active_id=2&only_round=true&_key=1614903660000
[2021-05-14 12:00:21,716] {logging_mixin.py:104} INFO - https://cdn.iqoption.com/api/quotes-history/quotes/3.0?to=1620991815000&from=1620990015000&active_id=3&only_round=true&_key=1614903660000
[2021-05-14 12:00:21,721] {logging_mixin.py:104} INFO - https://cdn.iqoption.com/api/quotes-history/quotes/3.0?to=1620990015000&from=1620988215000&active_id=1&only_round=true&_key=1614903660000
[2021-05-14 12:00:21,722] {logging_mixin.py:104} INFO - https://cdn.iqoption.com/api/quotes-history/quotes/3.0?to=1620990015000&from=1620988215000&active_id=2&only_round=true&_key=1614903660000
[2021-05-14 12:00:21,731] {logging_mixin.py:104} INFO - https://cdn.iqoption.com/api/quotes-history/quotes/3.0?to=1620990015000&from=1620988215000&active_id=3&only_round=true&_key=1614903660000
[2021-05-14 12:00:23,546] {logging_mixin.py:104} INFO - https://cdn.iqoption.com/api/quotes-history/quotes/3.0?to=1620988215000&from=1620986415000&active_id=1&only_round=true&_key=1614903660000
[2021-05-14 12:00:23,640] {logging_mixin.py:104} INFO - https://cdn.iqoption.com/api/quotes-history/quotes/3.0?to=1620988215000&from=1620986415000&active_id=2&only_round=true&_key=1614903660000
[2021-05-14 12:00:23,705] {logging_mixin.py:104} INFO - https://cdn.iqoption.com/api/quotes-history/quotes/3.0?to=1620988215000&from=1620986415000&active_id=3&only_round=true&_key=1614903660000
[2021-05-14 12:00:23,707] {logging_mixin.py:104} INFO - https://cdn.iqoption.com/api/quotes-history/quotes/3.0?to=1620986415000&from=1620984615000&active_id=1&only_round=true&_key=1614903660000
[2021-05-14 12:00:23,709] {logging_mixin.py:104} INFO - https://cdn.iqoption.com/api/quotes-history/quotes/3.0?to=1620986415000&from=1620984615000&active_id=2&only_round=true&_key=1614903660000
[2021-05-14 12:00:23,720] {logging_mixin.py:104} INFO - https://cdn.iqoption.com/api/quotes-history/quotes/3.0?to=1620986415000&from=1620984615000&active_id=3&only_round=true&_key=1614903660000
[2021-05-14 12:00:23,722] {logging_mixin.py:104} INFO - https://cdn.iqoption.com/api/quotes-history/quotes/3.0?to=1620984615000&from=1620982815000&active_id=1&only_round=true&_key=1614903660000
[2021-05-14 12:00:23,828] {logging_mixin.py:104} INFO - https://cdn.iqoption.com/api/quotes-history/quotes/3.0?to=1620984615000&from=1620982815000&active_id=2&only_round=true&_key=1614903660000
[2021-05-14 12:00:25,347] {logging_mixin.py:104} INFO - https://cdn.iqoption.com/api/quotes-history/quotes/3.0?to=1620984615000&from=1620982815000&active_id=3&only_round=true&_key=1614903660000
[2021-05-14 12:00:25,437] {logging_mixin.py:104} INFO - https://cdn.iqoption.com/api/quotes-history/quotes/3.0?to=1620982815000&from=1620981015000&active_id=1&only_round=true&_key=1614903660000
[2021-05-14 12:00:25,453] {logging_mixin.py:104} INFO - https://cdn.iqoption.com/api/quotes-history/quotes/3.0?to=1620982815000&from=1620981015000&active_id=2&only_round=true&_key=1614903660000
[2021-05-14 12:00:25,478] {logging_mixin.py:104} INFO - https://cdn.iqoption.com/api/quotes-history/quotes/3.0?to=1620982815000&from=1620981015000&active_id=3&only_round=true&_key=1614903660000
[2021-05-14 12:00:25,480] {logging_mixin.py:104} INFO - https://cdn.iqoption.com/api/quotes-history/quotes/3.0?to=1620981015000&from=1620979215000&active_id=1&only_round=true&_key=1614903660000
[2021-05-14 12:00:25,482] {logging_mixin.py:104} INFO - https://cdn.iqoption.com/api/quotes-history/quotes/3.0?to=1620981015000&from=1620979215000&active_id=2&only_round=true&_key=1614903660000
[2021-05-14 12:00:25,550] {logging_mixin.py:104} INFO - https://cdn.iqoption.com/api/quotes-history/quotes/3.0?to=1620981015000&from=1620979215000&active_id=3&only_round=true&_key=1614903660000
[2021-05-14 12:00:25,582] {logging_mixin.py:104} INFO - https://cdn.iqoption.com/api/quotes-history/quotes/3.0?to=1620979215000&from=1620977415000&active_id=1&only_round=true&_key=1614903660000
[2021-05-14 12:00:26,897] {logging_mixin.py:104} INFO - https://cdn.iqoption.com/api/quotes-history/quotes/3.0?to=1620979215000&from=1620977415000&active_id=2&only_round=true&_key=1614903660000
[2021-05-14 12:00:27,071] {logging_mixin.py:104} INFO - https://cdn.iqoption.com/api/quotes-history/quotes/3.0?to=1620979215000&from=1620977415000&active_id=3&only_round=true&_key=1614903660000
[2021-05-14 12:00:27,132] {logging_mixin.py:104} INFO - https://cdn.iqoption.com/api/quotes-history/quotes/3.0?to=1620977415000&from=1620975615000&active_id=1&only_round=true&_key=1614903660000
[2021-05-14 12:00:27,136] {logging_mixin.py:104} INFO - https://cdn.iqoption.com/api/quotes-history/quotes/3.0?to=1620977415000&from=1620975615000&active_id=2&only_round=true&_key=1614903660000
[2021-05-14 12:00:27,149] {logging_mixin.py:104} INFO - https://cdn.iqoption.com/api/quotes-history/quotes/3.0?to=1620977415000&from=1620975615000&active_id=3&only_round=true&_key=1614903660000
[2021-05-14 12:00:27,251] {logging_mixin.py:104} INFO - https://cdn.iqoption.com/api/quotes-history/quotes/3.0?to=1620975615000&from=1620973815000&active_id=1&only_round=true&_key=1614903660000
[2021-05-14 12:00:27,262] {logging_mixin.py:104} INFO - https://cdn.iqoption.com/api/quotes-history/quotes/3.0?to=1620975615000&from=1620973815000&active_id=2&only_round=true&_key=1614903660000
[2021-05-14 12:00:27,350] {logging_mixin.py:104} INFO - https://cdn.iqoption.com/api/quotes-history/quotes/3.0?to=1620975615000&from=1620973815000&active_id=3&only_round=true&_key=1614903660000
[2021-05-14 12:00:28,619] {logging_mixin.py:104} INFO - https://cdn.iqoption.com/api/quotes-history/quotes/3.0?to=1620973815000&from=1620972015000&active_id=1&only_round=true&_key=1614903660000
[2021-05-14 12:00:28,745] {logging_mixin.py:104} INFO - https://cdn.iqoption.com/api/quotes-history/quotes/3.0?to=1620973815000&from=1620972015000&active_id=2&only_round=true&_key=1614903660000
[2021-05-14 12:00:28,754] {logging_mixin.py:104} INFO - https://cdn.iqoption.com/api/quotes-history/quotes/3.0?to=1620973815000&from=1620972015000&active_id=3&only_round=true&_key=1614903660000
[2021-05-14 12:00:28,770] {logging_mixin.py:104} INFO - https://cdn.iqoption.com/api/quotes-history/quotes/3.0?to=1620972015000&from=1620970215000&active_id=1&only_round=true&_key=1614903660000
[2021-05-14 12:00:28,781] {logging_mixin.py:104} INFO - https://cdn.iqoption.com/api/quotes-history/quotes/3.0?to=1620972015000&from=1620970215000&active_id=2&only_round=true&_key=1614903660000
[2021-05-14 12:00:28,860] {logging_mixin.py:104} INFO - https://cdn.iqoption.com/api/quotes-history/quotes/3.0?to=1620972015000&from=1620970215000&active_id=3&only_round=true&_key=1614903660000
[2021-05-14 12:00:28,929] {logging_mixin.py:104} INFO - https://cdn.iqoption.com/api/quotes-history/quotes/3.0?to=1620970215000&from=1620968415000&active_id=1&only_round=true&_key=1614903660000
[2021-05-14 12:00:28,945] {logging_mixin.py:104} INFO - https://cdn.iqoption.com/api/quotes-history/quotes/3.0?to=1620970215000&from=1620968415000&active_id=2&only_round=true&_key=1614903660000
[2021-05-14 12:00:30,206] {logging_mixin.py:104} INFO - https://cdn.iqoption.com/api/quotes-history/quotes/3.0?to=1620970215000&from=1620968415000&active_id=3&only_round=true&_key=1614903660000
[2021-05-14 12:00:30,369] {logging_mixin.py:104} INFO - https://cdn.iqoption.com/api/quotes-history/quotes/3.0?to=1620968415000&from=1620966615000&active_id=1&only_round=true&_key=1614903660000
[2021-05-14 12:00:30,376] {logging_mixin.py:104} INFO - https://cdn.iqoption.com/api/quotes-history/quotes/3.0?to=1620968415000&from=1620966615000&active_id=2&only_round=true&_key=1614903660000
[2021-05-14 12:00:30,450] {logging_mixin.py:104} INFO - https://cdn.iqoption.com/api/quotes-history/quotes/3.0?to=1620968415000&from=1620966615000&active_id=3&only_round=true&_key=1614903660000
[2021-05-14 12:00:30,472] {logging_mixin.py:104} INFO - https://cdn.iqoption.com/api/quotes-history/quotes/3.0?to=1620966615000&from=1620964815000&active_id=1&only_round=true&_key=1614903660000
[2021-05-14 12:00:30,476] {logging_mixin.py:104} INFO - https://cdn.iqoption.com/api/quotes-history/quotes/3.0?to=1620966615000&from=1620964815000&active_id=2&only_round=true&_key=1614903660000
[2021-05-14 12:00:30,557] {logging_mixin.py:104} INFO - https://cdn.iqoption.com/api/quotes-history/quotes/3.0?to=1620966615000&from=1620964815000&active_id=3&only_round=true&_key=1614903660000
[2021-05-14 12:00:30,589] {logging_mixin.py:104} INFO - https://cdn.iqoption.com/api/quotes-history/quotes/3.0?to=1620964815000&from=1620963015000&active_id=1&only_round=true&_key=1614903660000
[2021-05-14 12:00:31,955] {logging_mixin.py:104} INFO - https://cdn.iqoption.com/api/quotes-history/quotes/3.0?to=1620964815000&from=1620963015000&active_id=2&only_round=true&_key=1614903660000
[2021-05-14 12:00:31,959] {logging_mixin.py:104} INFO - https://cdn.iqoption.com/api/quotes-history/quotes/3.0?to=1620964815000&from=1620963015000&active_id=3&only_round=true&_key=1614903660000
[2021-05-14 12:00:32,022] {logging_mixin.py:104} INFO - https://cdn.iqoption.com/api/quotes-history/quotes/3.0?to=1620963015000&from=1620961215000&active_id=1&only_round=true&_key=1614903660000
[2021-05-14 12:00:32,101] {logging_mixin.py:104} INFO - https://cdn.iqoption.com/api/quotes-history/quotes/3.0?to=1620963015000&from=1620961215000&active_id=2&only_round=true&_key=1614903660000
[2021-05-14 12:00:32,134] {logging_mixin.py:104} INFO - https://cdn.iqoption.com/api/quotes-history/quotes/3.0?to=1620963015000&from=1620961215000&active_id=3&only_round=true&_key=1614903660000
[2021-05-14 12:00:32,151] {logging_mixin.py:104} INFO - https://cdn.iqoption.com/api/quotes-history/quotes/3.0?to=1620961215000&from=1620959415000&active_id=1&only_round=true&_key=1614903660000
[2021-05-14 12:00:32,162] {logging_mixin.py:104} INFO - https://cdn.iqoption.com/api/quotes-history/quotes/3.0?to=1620961215000&from=1620959415000&active_id=2&only_round=true&_key=1614903660000
[2021-05-14 12:00:32,268] {logging_mixin.py:104} INFO - https://cdn.iqoption.com/api/quotes-history/quotes/3.0?to=1620961215000&from=1620959415000&active_id=3&only_round=true&_key=1614903660000
[2021-05-14 12:00:33,519] {logging_mixin.py:104} INFO - https://cdn.iqoption.com/api/quotes-history/quotes/3.0?to=1620959415000&from=1620957615000&active_id=1&only_round=true&_key=1614903660000
[2021-05-14 12:00:33,555] {logging_mixin.py:104} INFO - https://cdn.iqoption.com/api/quotes-history/quotes/3.0?to=1620959415000&from=1620957615000&active_id=2&only_round=true&_key=1614903660000
[2021-05-14 12:00:33,559] {logging_mixin.py:104} INFO - https://cdn.iqoption.com/api/quotes-history/quotes/3.0?to=1620959415000&from=1620957615000&active_id=3&only_round=true&_key=1614903660000
[2021-05-14 12:00:33,650] {logging_mixin.py:104} INFO - https://cdn.iqoption.com/api/quotes-history/quotes/3.0?to=1620957615000&from=1620955815000&active_id=1&only_round=true&_key=1614903660000
[2021-05-14 12:00:33,691] {logging_mixin.py:104} INFO - https://cdn.iqoption.com/api/quotes-history/quotes/3.0?to=1620957615000&from=1620955815000&active_id=2&only_round=true&_key=1614903660000
[2021-05-14 12:00:33,752] {logging_mixin.py:104} INFO - https://cdn.iqoption.com/api/quotes-history/quotes/3.0?to=1620957615000&from=1620955815000&active_id=3&only_round=true&_key=1614903660000
[2021-05-14 12:00:33,774] {logging_mixin.py:104} INFO - https://cdn.iqoption.com/api/quotes-history/quotes/3.0?to=1620955815000&from=1620954015000&active_id=1&only_round=true&_key=1614903660000
[2021-05-14 12:00:33,797] {logging_mixin.py:104} INFO - https://cdn.iqoption.com/api/quotes-history/quotes/3.0?to=1620955815000&from=1620954015000&active_id=2&only_round=true&_key=1614903660000
[2021-05-14 12:00:35,137] {logging_mixin.py:104} INFO - https://cdn.iqoption.com/api/quotes-history/quotes/3.0?to=1620955815000&from=1620954015000&active_id=3&only_round=true&_key=1614903660000
[2021-05-14 12:00:35,157] {logging_mixin.py:104} INFO - https://cdn.iqoption.com/api/quotes-history/quotes/3.0?to=1620954015000&from=1620952215000&active_id=1&only_round=true&_key=1614903660000
[2021-05-14 12:00:35,173] {logging_mixin.py:104} INFO - https://cdn.iqoption.com/api/quotes-history/quotes/3.0?to=1620954015000&from=1620952215000&active_id=2&only_round=true&_key=1614903660000
[2021-05-14 12:00:35,182] {logging_mixin.py:104} INFO - https://cdn.iqoption.com/api/quotes-history/quotes/3.0?to=1620954015000&from=1620952215000&active_id=3&only_round=true&_key=1614903660000
[2021-05-14 12:00:35,268] {logging_mixin.py:104} INFO - https://cdn.iqoption.com/api/quotes-history/quotes/3.0?to=1620952215000&from=1620950415000&active_id=1&only_round=true&_key=1614903660000
[2021-05-14 12:00:35,305] {logging_mixin.py:104} INFO - https://cdn.iqoption.com/api/quotes-history/quotes/3.0?to=1620952215000&from=1620950415000&active_id=2&only_round=true&_key=1614903660000
[2021-05-14 12:00:35,324] {logging_mixin.py:104} INFO - https://cdn.iqoption.com/api/quotes-history/quotes/3.0?to=1620952215000&from=1620950415000&active_id=3&only_round=true&_key=1614903660000
[2021-05-14 12:00:35,350] {logging_mixin.py:104} INFO - https://cdn.iqoption.com/api/quotes-history/quotes/3.0?to=1620950415000&from=1620948615000&active_id=1&only_round=true&_key=1614903660000
[2021-05-14 12:00:36,683] {logging_mixin.py:104} INFO - https://cdn.iqoption.com/api/quotes-history/quotes/3.0?to=1620950415000&from=1620948615000&active_id=2&only_round=true&_key=1614903660000
[2021-05-14 12:00:36,796] {logging_mixin.py:104} INFO - https://cdn.iqoption.com/api/quotes-history/quotes/3.0?to=1620950415000&from=1620948615000&active_id=3&only_round=true&_key=1614903660000
[2021-05-14 12:00:36,816] {logging_mixin.py:104} INFO - https://cdn.iqoption.com/api/quotes-history/quotes/3.0?to=1620948615000&from=1620946815000&active_id=1&only_round=true&_key=1614903660000
[2021-05-14 12:00:36,826] {logging_mixin.py:104} INFO - https://cdn.iqoption.com/api/quotes-history/quotes/3.0?to=1620948615000&from=1620946815000&active_id=2&only_round=true&_key=1614903660000
[2021-05-14 12:00:36,829] {logging_mixin.py:104} INFO - https://cdn.iqoption.com/api/quotes-history/quotes/3.0?to=1620948615000&from=1620946815000&active_id=3&only_round=true&_key=1614903660000
[2021-05-14 12:00:36,891] {logging_mixin.py:104} INFO - https://cdn.iqoption.com/api/quotes-history/quotes/3.0?to=1620946815000&from=1620945015000&active_id=1&only_round=true&_key=1614903660000
[2021-05-14 12:00:36,949] {logging_mixin.py:104} INFO - https://cdn.iqoption.com/api/quotes-history/quotes/3.0?to=1620946815000&from=1620945015000&active_id=2&only_round=true&_key=1614903660000
[2021-05-14 12:00:37,061] {logging_mixin.py:104} INFO - https://cdn.iqoption.com/api/quotes-history/quotes/3.0?to=1620946815000&from=1620945015000&active_id=3&only_round=true&_key=1614903660000
[2021-05-14 12:00:38,487] {logging_mixin.py:104} INFO - https://cdn.iqoption.com/api/quotes-history/quotes/3.0?to=1620945015000&from=1620943215000&active_id=1&only_round=true&_key=1614903660000
[2021-05-14 12:00:38,505] {logging_mixin.py:104} INFO - https://cdn.iqoption.com/api/quotes-history/quotes/3.0?to=1620945015000&from=1620943215000&active_id=2&only_round=true&_key=1614903660000
[2021-05-14 12:00:38,682] {logging_mixin.py:104} INFO - https://cdn.iqoption.com/api/quotes-history/quotes/3.0?to=1620945015000&from=1620943215000&active_id=3&only_round=true&_key=1614903660000
[2021-05-14 12:00:38,785] {logging_mixin.py:104} INFO - https://cdn.iqoption.com/api/quotes-history/quotes/3.0?to=1620943215000&from=1620941415000&active_id=1&only_round=true&_key=1614903660000
[2021-05-14 12:00:38,805] {logging_mixin.py:104} INFO - https://cdn.iqoption.com/api/quotes-history/quotes/3.0?to=1620943215000&from=1620941415000&active_id=2&only_round=true&_key=1614903660000
[2021-05-14 12:00:38,822] {logging_mixin.py:104} INFO - https://cdn.iqoption.com/api/quotes-history/quotes/3.0?to=1620943215000&from=1620941415000&active_id=3&only_round=true&_key=1614903660000
[2021-05-14 12:00:38,838] {logging_mixin.py:104} INFO - https://cdn.iqoption.com/api/quotes-history/quotes/3.0?to=1620941415000&from=1620939615000&active_id=1&only_round=true&_key=1614903660000
[2021-05-14 12:00:38,865] {logging_mixin.py:104} INFO - https://cdn.iqoption.com/api/quotes-history/quotes/3.0?to=1620941415000&from=1620939615000&active_id=2&only_round=true&_key=1614903660000
[2021-05-14 12:00:39,821] {logging_mixin.py:104} INFO - https://cdn.iqoption.com/api/quotes-history/quotes/3.0?to=1620941415000&from=1620939615000&active_id=3&only_round=true&_key=1614903660000
[2021-05-14 12:00:40,055] {logging_mixin.py:104} INFO - https://cdn.iqoption.com/api/quotes-history/quotes/3.0?to=1620939615000&from=1620937815000&active_id=1&only_round=true&_key=1614903660000
[2021-05-14 12:00:40,089] {logging_mixin.py:104} INFO - https://cdn.iqoption.com/api/quotes-history/quotes/3.0?to=1620939615000&from=1620937815000&active_id=2&only_round=true&_key=1614903660000
[2021-05-14 12:00:40,144] {logging_mixin.py:104} INFO - https://cdn.iqoption.com/api/quotes-history/quotes/3.0?to=1620939615000&from=1620937815000&active_id=3&only_round=true&_key=1614903660000
[2021-05-14 12:00:40,199] {logging_mixin.py:104} INFO - https://cdn.iqoption.com/api/quotes-history/quotes/3.0?to=1620937815000&from=1620936015000&active_id=1&only_round=true&_key=1614903660000
[2021-05-14 12:00:40,233] {logging_mixin.py:104} INFO - https://cdn.iqoption.com/api/quotes-history/quotes/3.0?to=1620937815000&from=1620936015000&active_id=2&only_round=true&_key=1614903660000
[2021-05-14 12:00:40,368] {logging_mixin.py:104} INFO - https://cdn.iqoption.com/api/quotes-history/quotes/3.0?to=1620937815000&from=1620936015000&active_id=3&only_round=true&_key=1614903660000
[2021-05-14 12:00:40,380] {logging_mixin.py:104} INFO - https://cdn.iqoption.com/api/quotes-history/quotes/3.0?to=1620936015000&from=1620934215000&active_id=1&only_round=true&_key=1614903660000
[2021-05-14 12:00:41,392] {logging_mixin.py:104} INFO - https://cdn.iqoption.com/api/quotes-history/quotes/3.0?to=1620936015000&from=1620934215000&active_id=2&only_round=true&_key=1614903660000
[2021-05-14 12:00:41,596] {logging_mixin.py:104} INFO - https://cdn.iqoption.com/api/quotes-history/quotes/3.0?to=1620936015000&from=1620934215000&active_id=3&only_round=true&_key=1614903660000
[2021-05-14 12:00:41,629] {logging_mixin.py:104} INFO - https://cdn.iqoption.com/api/quotes-history/quotes/3.0?to=1620934215000&from=1620932415000&active_id=1&only_round=true&_key=1614903660000
[2021-05-14 12:00:41,654] {logging_mixin.py:104} INFO - https://cdn.iqoption.com/api/quotes-history/quotes/3.0?to=1620934215000&from=1620932415000&active_id=2&only_round=true&_key=1614903660000
[2021-05-14 12:00:41,779] {logging_mixin.py:104} INFO - https://cdn.iqoption.com/api/quotes-history/quotes/3.0?to=1620934215000&from=1620932415000&active_id=3&only_round=true&_key=1614903660000
[2021-05-14 12:00:41,800] {logging_mixin.py:104} INFO - https://cdn.iqoption.com/api/quotes-history/quotes/3.0?to=1620932415000&from=1620930615000&active_id=1&only_round=true&_key=1614903660000
[2021-05-14 12:00:41,974] {logging_mixin.py:104} INFO - https://cdn.iqoption.com/api/quotes-history/quotes/3.0?to=1620932415000&from=1620930615000&active_id=2&only_round=true&_key=1614903660000
[2021-05-14 12:00:41,982] {logging_mixin.py:104} INFO - https://cdn.iqoption.com/api/quotes-history/quotes/3.0?to=1620932415000&from=1620930615000&active_id=3&only_round=true&_key=1614903660000
[2021-05-14 12:00:43,190] {logging_mixin.py:104} INFO - https://cdn.iqoption.com/api/quotes-history/quotes/3.0?to=1620930615000&from=1620928815000&active_id=1&only_round=true&_key=1614903660000
[2021-05-14 12:00:43,339] {logging_mixin.py:104} INFO - https://cdn.iqoption.com/api/quotes-history/quotes/3.0?to=1620930615000&from=1620928815000&active_id=2&only_round=true&_key=1614903660000
[2021-05-14 12:00:43,352] {logging_mixin.py:104} INFO - https://cdn.iqoption.com/api/quotes-history/quotes/3.0?to=1620930615000&from=1620928815000&active_id=3&only_round=true&_key=1614903660000
[2021-05-14 12:00:43,408] {logging_mixin.py:104} INFO - https://cdn.iqoption.com/api/quotes-history/quotes/3.0?to=1620928815000&from=1620927015000&active_id=1&only_round=true&_key=1614903660000
[2021-05-14 12:00:43,453] {logging_mixin.py:104} INFO - https://cdn.iqoption.com/api/quotes-history/quotes/3.0?to=1620928815000&from=1620927015000&active_id=2&only_round=true&_key=1614903660000
[2021-05-14 12:00:43,671] {logging_mixin.py:104} INFO - https://cdn.iqoption.com/api/quotes-history/quotes/3.0?to=1620928815000&from=1620927015000&active_id=3&only_round=true&_key=1614903660000
[2021-05-14 12:00:43,673] {logging_mixin.py:104} INFO - https://cdn.iqoption.com/api/quotes-history/quotes/3.0?to=1620927015000&from=1620925215000&active_id=1&only_round=true&_key=1614903660000
[2021-05-14 12:00:44,088] {logging_mixin.py:104} INFO - https://cdn.iqoption.com/api/quotes-history/quotes/3.0?to=1620927015000&from=1620925215000&active_id=2&only_round=true&_key=1614903660000
[2021-05-14 12:00:44,735] {logging_mixin.py:104} INFO - https://cdn.iqoption.com/api/quotes-history/quotes/3.0?to=1620927015000&from=1620925215000&active_id=3&only_round=true&_key=1614903660000
[2021-05-14 12:00:45,010] {logging_mixin.py:104} INFO - https://cdn.iqoption.com/api/quotes-history/quotes/3.0?to=1620925215000&from=1620923415000&active_id=1&only_round=true&_key=1614903660000
[2021-05-14 12:00:45,421] {logging_mixin.py:104} INFO - https://cdn.iqoption.com/api/quotes-history/quotes/3.0?to=1620925215000&from=1620923415000&active_id=2&only_round=true&_key=1614903660000
[2021-05-14 12:00:45,454] {logging_mixin.py:104} INFO - https://cdn.iqoption.com/api/quotes-history/quotes/3.0?to=1620925215000&from=1620923415000&active_id=3&only_round=true&_key=1614903660000
[2021-05-14 12:00:45,461] {logging_mixin.py:104} INFO - https://cdn.iqoption.com/api/quotes-history/quotes/3.0?to=1620923415000&from=1620921615000&active_id=1&only_round=true&_key=1614903660000
[2021-05-14 12:00:45,467] {logging_mixin.py:104} INFO - https://cdn.iqoption.com/api/quotes-history/quotes/3.0?to=1620923415000&from=1620921615000&active_id=2&only_round=true&_key=1614903660000
[2021-05-14 12:00:45,595] {logging_mixin.py:104} INFO - https://cdn.iqoption.com/api/quotes-history/quotes/3.0?to=1620923415000&from=1620921615000&active_id=3&only_round=true&_key=1614903660000
[2021-05-14 12:00:45,816] {logging_mixin.py:104} INFO - https://cdn.iqoption.com/api/quotes-history/quotes/3.0?to=1620921615000&from=1620919815000&active_id=1&only_round=true&_key=1614903660000
[2021-05-14 12:00:46,511] {logging_mixin.py:104} INFO - https://cdn.iqoption.com/api/quotes-history/quotes/3.0?to=1620921615000&from=1620919815000&active_id=2&only_round=true&_key=1614903660000
[2021-05-14 12:00:46,911] {logging_mixin.py:104} INFO - https://cdn.iqoption.com/api/quotes-history/quotes/3.0?to=1620921615000&from=1620919815000&active_id=3&only_round=true&_key=1614903660000
[2021-05-14 12:00:47,129] {logging_mixin.py:104} INFO - https://cdn.iqoption.com/api/quotes-history/quotes/3.0?to=1620919815000&from=1620918015000&active_id=1&only_round=true&_key=1614903660000
[2021-05-14 12:00:47,168] {logging_mixin.py:104} INFO - https://cdn.iqoption.com/api/quotes-history/quotes/3.0?to=1620919815000&from=1620918015000&active_id=2&only_round=true&_key=1614903660000
[2021-05-14 12:00:47,337] {logging_mixin.py:104} INFO - https://cdn.iqoption.com/api/quotes-history/quotes/3.0?to=1620919815000&from=1620918015000&active_id=3&only_round=true&_key=1614903660000
[2021-05-14 12:00:48,923] {python.py:118} INFO - Done. Returned value was: None
[2021-05-14 12:00:48,929] {taskinstance.py:1192} INFO - Marking task as SUCCESS. dag_id=etl, task_id=loading_data_to_s3, execution_date=20210514T140000, start_date=20210514T150014, end_date=20210514T150048
[2021-05-14 12:00:48,970] {taskinstance.py:1246} INFO - 1 downstream tasks scheduled from follow-on schedule check
[2021-05-14 12:00:49,026] {local_task_job.py:146} INFO - Task exited with return code 0
