[2021-05-14 19:02:45,178] {taskinstance.py:877} INFO - Dependencies all met for <TaskInstance: etl.loading_data_to_s3 2021-05-14T22:02:04.131900+00:00 [queued]>
[2021-05-14 19:02:45,184] {taskinstance.py:877} INFO - Dependencies all met for <TaskInstance: etl.loading_data_to_s3 2021-05-14T22:02:04.131900+00:00 [queued]>
[2021-05-14 19:02:45,184] {taskinstance.py:1068} INFO - 
--------------------------------------------------------------------------------
[2021-05-14 19:02:45,184] {taskinstance.py:1069} INFO - Starting attempt 1 of 1
[2021-05-14 19:02:45,184] {taskinstance.py:1070} INFO - 
--------------------------------------------------------------------------------
[2021-05-14 19:02:45,192] {taskinstance.py:1089} INFO - Executing <Task(PythonOperator): loading_data_to_s3> on 2021-05-14T22:02:04.131900+00:00
[2021-05-14 19:02:45,199] {standard_task_runner.py:52} INFO - Started process 25345 to run task
[2021-05-14 19:02:45,207] {standard_task_runner.py:76} INFO - Running: ['airflow', 'tasks', 'run', 'etl', 'loading_data_to_s3', '2021-05-14T22:02:04.131900+00:00', '--job-id', '550', '--pool', 'default_pool', '--raw', '--subdir', 'DAGS_FOLDER/etl_dag.py', '--cfg-path', '/var/folders/_f/vg3x3jmj23bcz6s88l7v6fb40000gn/T/tmpu_eru04x', '--error-file', '/var/folders/_f/vg3x3jmj23bcz6s88l7v6fb40000gn/T/tmpohbrrowt']
[2021-05-14 19:02:45,209] {standard_task_runner.py:77} INFO - Job 550: Subtask loading_data_to_s3
[2021-05-14 19:02:45,241] {logging_mixin.py:104} INFO - Running <TaskInstance: etl.loading_data_to_s3 2021-05-14T22:02:04.131900+00:00 [running]> on host 27.2.168.192.in-addr.arpa
[2021-05-14 19:02:45,263] {taskinstance.py:1283} INFO - Exporting the following env vars:
AIRFLOW_CTX_DAG_OWNER=udacity
AIRFLOW_CTX_DAG_ID=etl
AIRFLOW_CTX_TASK_ID=loading_data_to_s3
AIRFLOW_CTX_EXECUTION_DATE=2021-05-14T22:02:04.131900+00:00
AIRFLOW_CTX_DAG_RUN_ID=manual__2021-05-14T22:02:04.131900+00:00
[2021-05-14 19:02:46,512] {logging_mixin.py:104} INFO - Fetching interval list
[2021-05-14 19:02:46,514] {logging_mixin.py:104} INFO - Inverval list built
[2021-05-14 19:02:46,515] {logging_mixin.py:104} INFO - Processing data
[2021-05-14 19:02:46,515] {logging_mixin.py:104} INFO - df initialized
[2021-05-14 19:02:46,517] {logging_mixin.py:104} INFO - (array([1621026166000, 1621027966000]), 1)
[2021-05-14 19:02:46,518] {logging_mixin.py:104} INFO - (array([1621026166000, 1621027966000]), 2)
[2021-05-14 19:02:46,518] {logging_mixin.py:104} INFO - (array([1621026166000, 1621027966000]), 3)
[2021-05-14 19:02:46,519] {logging_mixin.py:104} INFO - ThreadPoolExecutor initialized
[2021-05-14 19:02:46,519] {logging_mixin.py:104} INFO - running function for: (array([1621026166000, 1621027966000]), 1)
[2021-05-14 19:02:46,520] {logging_mixin.py:104} INFO - https://cdn.iqoption.com/api/quotes-history/quotes/3.0?to=1621027966000&from=1621026166000&active_id=1&only_round=true&_key=1614903660000
[2021-05-14 19:02:46,522] {logging_mixin.py:104} INFO - submitted
[2021-05-14 19:02:46,523] {logging_mixin.py:104} INFO - running function for: (array([1621026166000, 1621027966000]), 2)
[2021-05-14 19:02:46,523] {logging_mixin.py:104} INFO - https://cdn.iqoption.com/api/quotes-history/quotes/3.0?to=1621027966000&from=1621026166000&active_id=2&only_round=true&_key=1614903660000
[2021-05-14 19:02:46,524] {logging_mixin.py:104} INFO - submitted
[2021-05-14 19:02:46,524] {logging_mixin.py:104} INFO - running function for: (array([1621026166000, 1621027966000]), 3)
[2021-05-14 19:02:46,524] {logging_mixin.py:104} INFO - https://cdn.iqoption.com/api/quotes-history/quotes/3.0?to=1621027966000&from=1621026166000&active_id=3&only_round=true&_key=1614903660000
[2021-05-14 19:02:46,525] {logging_mixin.py:104} INFO - submitted
[2021-05-14 19:02:50,203] {python.py:118} INFO - Done. Returned value was: None
[2021-05-14 19:02:50,210] {taskinstance.py:1192} INFO - Marking task as SUCCESS. dag_id=etl, task_id=loading_data_to_s3, execution_date=20210514T220204, start_date=20210514T220245, end_date=20210514T220250
[2021-05-14 19:02:50,234] {local_task_job.py:188} WARNING - State of this instance has been externally set to success. Terminating instance.
[2021-05-14 19:02:50,244] {process_utils.py:100} INFO - Sending Signals.SIGTERM to GPID 25345
[2021-05-14 19:02:50,245] {taskinstance.py:1265} ERROR - Received SIGTERM. Terminating subprocesses.
[2021-05-14 19:02:50,253] {process_utils.py:66} INFO - Process psutil.Process(pid=25345, status='terminated', exitcode=1, started='19:02:45') (25345) terminated with exit code 1
