[2021-05-14 09:53:35,457] {taskinstance.py:877} INFO - Dependencies all met for <TaskInstance: etl.loading_data_to_s3 2021-05-14T12:53:21.103175+00:00 [queued]>
[2021-05-14 09:53:35,463] {taskinstance.py:877} INFO - Dependencies all met for <TaskInstance: etl.loading_data_to_s3 2021-05-14T12:53:21.103175+00:00 [queued]>
[2021-05-14 09:53:35,463] {taskinstance.py:1068} INFO - 
--------------------------------------------------------------------------------
[2021-05-14 09:53:35,463] {taskinstance.py:1069} INFO - Starting attempt 1 of 1
[2021-05-14 09:53:35,463] {taskinstance.py:1070} INFO - 
--------------------------------------------------------------------------------
[2021-05-14 09:53:35,468] {taskinstance.py:1089} INFO - Executing <Task(PythonOperator): loading_data_to_s3> on 2021-05-14T12:53:21.103175+00:00
[2021-05-14 09:53:35,471] {standard_task_runner.py:52} INFO - Started process 18548 to run task
[2021-05-14 09:53:35,478] {standard_task_runner.py:76} INFO - Running: ['airflow', 'tasks', 'run', 'etl', 'loading_data_to_s3', '2021-05-14T12:53:21.103175+00:00', '--job-id', '363', '--pool', 'default_pool', '--raw', '--subdir', 'DAGS_FOLDER/etl_dag.py', '--cfg-path', '/var/folders/_f/vg3x3jmj23bcz6s88l7v6fb40000gn/T/tmpd7dyr557', '--error-file', '/var/folders/_f/vg3x3jmj23bcz6s88l7v6fb40000gn/T/tmpt_q5y9so']
[2021-05-14 09:53:35,480] {standard_task_runner.py:77} INFO - Job 363: Subtask loading_data_to_s3
[2021-05-14 09:53:35,509] {logging_mixin.py:104} INFO - Running <TaskInstance: etl.loading_data_to_s3 2021-05-14T12:53:21.103175+00:00 [running]> on host 27.2.168.192.in-addr.arpa
[2021-05-14 09:53:35,531] {taskinstance.py:1283} INFO - Exporting the following env vars:
AIRFLOW_CTX_DAG_OWNER=udacity
AIRFLOW_CTX_DAG_ID=etl
AIRFLOW_CTX_TASK_ID=loading_data_to_s3
AIRFLOW_CTX_EXECUTION_DATE=2021-05-14T12:53:21.103175+00:00
AIRFLOW_CTX_DAG_RUN_ID=manual__2021-05-14T12:53:21.103175+00:00
[2021-05-14 09:53:36,821] {logging_mixin.py:104} INFO - Fetching interval list
[2021-05-14 09:53:36,823] {logging_mixin.py:104} INFO - Inverval list built
[2021-05-14 09:53:36,824] {logging_mixin.py:104} INFO - Processing data
[2021-05-14 09:53:36,824] {logging_mixin.py:104} INFO - df initialized
[2021-05-14 09:53:36,825] {logging_mixin.py:104} INFO - ThreadPoolExecutor initialized
[2021-05-14 09:53:36,827] {logging_mixin.py:104} INFO - running function for: (array([1620993216000, 1620995016000]), 1)
[2021-05-14 09:53:36,828] {logging_mixin.py:104} INFO - https://cdn.iqoption.com/api/quotes-history/quotes/3.0?to=1620995016000&from=1620993216000&active_id=1&only_round=true&_key=1614903660000
[2021-05-14 09:53:36,829] {logging_mixin.py:104} INFO - submitted
[2021-05-14 09:53:36,830] {logging_mixin.py:104} INFO - running function for: (array([1620993216000, 1620995016000]), 2)
[2021-05-14 09:53:36,830] {logging_mixin.py:104} INFO - https://cdn.iqoption.com/api/quotes-history/quotes/3.0?to=1620995016000&from=1620993216000&active_id=2&only_round=true&_key=1614903660000
[2021-05-14 09:53:36,831] {logging_mixin.py:104} INFO - submitted
[2021-05-14 09:53:36,831] {logging_mixin.py:104} INFO - running function for: (array([1620993216000, 1620995016000]), 3)
[2021-05-14 09:53:36,832] {logging_mixin.py:104} INFO - https://cdn.iqoption.com/api/quotes-history/quotes/3.0?to=1620995016000&from=1620993216000&active_id=3&only_round=true&_key=1614903660000
[2021-05-14 09:53:36,834] {logging_mixin.py:104} INFO - submitted
[2021-05-14 09:53:36,834] {logging_mixin.py:104} INFO - running function for: (array([1620991416000, 1620993216000]), 1)
[2021-05-14 09:53:36,835] {logging_mixin.py:104} INFO - https://cdn.iqoption.com/api/quotes-history/quotes/3.0?to=1620993216000&from=1620991416000&active_id=1&only_round=true&_key=1614903660000
[2021-05-14 09:53:36,835] {logging_mixin.py:104} INFO - submitted
[2021-05-14 09:53:36,836] {logging_mixin.py:104} INFO - running function for: (array([1620991416000, 1620993216000]), 2)
[2021-05-14 09:53:36,836] {logging_mixin.py:104} INFO - https://cdn.iqoption.com/api/quotes-history/quotes/3.0?to=1620993216000&from=1620991416000&active_id=2&only_round=true&_key=1614903660000
[2021-05-14 09:53:36,837] {logging_mixin.py:104} INFO - submitted
[2021-05-14 09:53:36,837] {logging_mixin.py:104} INFO - running function for: (array([1620991416000, 1620993216000]), 3)
[2021-05-14 09:53:36,838] {logging_mixin.py:104} INFO - https://cdn.iqoption.com/api/quotes-history/quotes/3.0?to=1620993216000&from=1620991416000&active_id=3&only_round=true&_key=1614903660000
[2021-05-14 09:53:36,838] {logging_mixin.py:104} INFO - submitted
[2021-05-14 09:53:36,838] {logging_mixin.py:104} INFO - running function for: (array([1620989616000, 1620991416000]), 1)
[2021-05-14 09:53:36,839] {logging_mixin.py:104} INFO - https://cdn.iqoption.com/api/quotes-history/quotes/3.0?to=1620991416000&from=1620989616000&active_id=1&only_round=true&_key=1614903660000
[2021-05-14 09:53:36,839] {logging_mixin.py:104} INFO - submitted
[2021-05-14 09:53:36,840] {logging_mixin.py:104} INFO - running function for: (array([1620989616000, 1620991416000]), 2)
[2021-05-14 09:53:36,840] {logging_mixin.py:104} INFO - https://cdn.iqoption.com/api/quotes-history/quotes/3.0?to=1620991416000&from=1620989616000&active_id=2&only_round=true&_key=1614903660000
[2021-05-14 09:53:36,840] {logging_mixin.py:104} INFO - submitted
[2021-05-14 09:53:36,841] {logging_mixin.py:104} INFO - running function for: (array([1620989616000, 1620991416000]), 3)
[2021-05-14 09:53:36,841] {logging_mixin.py:104} INFO - submitted
[2021-05-14 09:53:36,841] {logging_mixin.py:104} INFO - running function for: (array([1620987816000, 1620989616000]), 1)
[2021-05-14 09:53:36,842] {logging_mixin.py:104} INFO - submitted
[2021-05-14 09:53:36,842] {logging_mixin.py:104} INFO - running function for: (array([1620987816000, 1620989616000]), 2)
[2021-05-14 09:53:36,842] {logging_mixin.py:104} INFO - submitted
[2021-05-14 09:53:36,843] {logging_mixin.py:104} INFO - running function for: (array([1620987816000, 1620989616000]), 3)
[2021-05-14 09:53:36,843] {logging_mixin.py:104} INFO - submitted
[2021-05-14 09:53:36,843] {logging_mixin.py:104} INFO - running function for: (array([1620986016000, 1620987816000]), 1)
[2021-05-14 09:53:36,844] {logging_mixin.py:104} INFO - submitted
[2021-05-14 09:53:36,844] {logging_mixin.py:104} INFO - running function for: (array([1620986016000, 1620987816000]), 2)
[2021-05-14 09:53:36,846] {logging_mixin.py:104} INFO - submitted
[2021-05-14 09:53:36,846] {logging_mixin.py:104} INFO - running function for: (array([1620986016000, 1620987816000]), 3)
[2021-05-14 09:53:36,847] {logging_mixin.py:104} INFO - submitted
[2021-05-14 09:53:36,847] {logging_mixin.py:104} INFO - running function for: (array([1620984216000, 1620986016000]), 1)
[2021-05-14 09:53:36,848] {logging_mixin.py:104} INFO - submitted
[2021-05-14 09:53:36,849] {logging_mixin.py:104} INFO - running function for: (array([1620984216000, 1620986016000]), 2)
[2021-05-14 09:53:36,849] {logging_mixin.py:104} INFO - submitted
[2021-05-14 09:53:36,849] {logging_mixin.py:104} INFO - running function for: (array([1620984216000, 1620986016000]), 3)
[2021-05-14 09:53:36,850] {logging_mixin.py:104} INFO - submitted
[2021-05-14 09:53:36,850] {logging_mixin.py:104} INFO - running function for: (array([1620982416000, 1620984216000]), 1)
[2021-05-14 09:53:36,850] {logging_mixin.py:104} INFO - submitted
[2021-05-14 09:53:36,851] {logging_mixin.py:104} INFO - running function for: (array([1620982416000, 1620984216000]), 2)
[2021-05-14 09:53:36,851] {logging_mixin.py:104} INFO - submitted
[2021-05-14 09:53:36,852] {logging_mixin.py:104} INFO - running function for: (array([1620982416000, 1620984216000]), 3)
[2021-05-14 09:53:36,853] {logging_mixin.py:104} INFO - submitted
[2021-05-14 09:53:36,854] {logging_mixin.py:104} INFO - running function for: (array([1620980616000, 1620982416000]), 1)
[2021-05-14 09:53:36,854] {logging_mixin.py:104} INFO - submitted
[2021-05-14 09:53:36,855] {logging_mixin.py:104} INFO - running function for: (array([1620980616000, 1620982416000]), 2)
[2021-05-14 09:53:36,856] {logging_mixin.py:104} INFO - submitted
[2021-05-14 09:53:36,856] {logging_mixin.py:104} INFO - running function for: (array([1620980616000, 1620982416000]), 3)
[2021-05-14 09:53:36,857] {logging_mixin.py:104} INFO - submitted
[2021-05-14 09:53:36,858] {logging_mixin.py:104} INFO - running function for: (array([1620978816000, 1620980616000]), 1)
[2021-05-14 09:53:36,858] {logging_mixin.py:104} INFO - submitted
[2021-05-14 09:53:36,858] {logging_mixin.py:104} INFO - running function for: (array([1620978816000, 1620980616000]), 2)
[2021-05-14 09:53:36,858] {logging_mixin.py:104} INFO - submitted
[2021-05-14 09:53:36,859] {logging_mixin.py:104} INFO - running function for: (array([1620978816000, 1620980616000]), 3)
[2021-05-14 09:53:36,859] {logging_mixin.py:104} INFO - submitted
[2021-05-14 09:53:36,859] {logging_mixin.py:104} INFO - running function for: (array([1620977016000, 1620978816000]), 1)
[2021-05-14 09:53:36,859] {logging_mixin.py:104} INFO - submitted
[2021-05-14 09:53:36,860] {logging_mixin.py:104} INFO - running function for: (array([1620977016000, 1620978816000]), 2)
[2021-05-14 09:53:36,860] {logging_mixin.py:104} INFO - submitted
[2021-05-14 09:53:36,860] {logging_mixin.py:104} INFO - running function for: (array([1620977016000, 1620978816000]), 3)
[2021-05-14 09:53:36,860] {logging_mixin.py:104} INFO - submitted
[2021-05-14 09:53:36,861] {logging_mixin.py:104} INFO - running function for: (array([1620975216000, 1620977016000]), 1)
[2021-05-14 09:53:36,861] {logging_mixin.py:104} INFO - submitted
[2021-05-14 09:53:36,861] {logging_mixin.py:104} INFO - running function for: (array([1620975216000, 1620977016000]), 2)
[2021-05-14 09:53:36,862] {logging_mixin.py:104} INFO - submitted
[2021-05-14 09:53:36,862] {logging_mixin.py:104} INFO - running function for: (array([1620975216000, 1620977016000]), 3)
[2021-05-14 09:53:36,862] {logging_mixin.py:104} INFO - submitted
[2021-05-14 09:53:36,863] {logging_mixin.py:104} INFO - running function for: (array([1620973416000, 1620975216000]), 1)
[2021-05-14 09:53:36,863] {logging_mixin.py:104} INFO - submitted
[2021-05-14 09:53:36,863] {logging_mixin.py:104} INFO - running function for: (array([1620973416000, 1620975216000]), 2)
[2021-05-14 09:53:36,863] {logging_mixin.py:104} INFO - submitted
[2021-05-14 09:53:36,863] {logging_mixin.py:104} INFO - running function for: (array([1620973416000, 1620975216000]), 3)
[2021-05-14 09:53:36,864] {logging_mixin.py:104} INFO - submitted
[2021-05-14 09:53:36,864] {logging_mixin.py:104} INFO - running function for: (array([1620971616000, 1620973416000]), 1)
[2021-05-14 09:53:36,864] {logging_mixin.py:104} INFO - submitted
[2021-05-14 09:53:36,864] {logging_mixin.py:104} INFO - running function for: (array([1620971616000, 1620973416000]), 2)
[2021-05-14 09:53:36,865] {logging_mixin.py:104} INFO - submitted
[2021-05-14 09:53:36,865] {logging_mixin.py:104} INFO - running function for: (array([1620971616000, 1620973416000]), 3)
[2021-05-14 09:53:36,865] {logging_mixin.py:104} INFO - submitted
[2021-05-14 09:53:36,865] {logging_mixin.py:104} INFO - running function for: (array([1620969816000, 1620971616000]), 1)
[2021-05-14 09:53:36,866] {logging_mixin.py:104} INFO - submitted
[2021-05-14 09:53:36,866] {logging_mixin.py:104} INFO - running function for: (array([1620969816000, 1620971616000]), 2)
[2021-05-14 09:53:36,866] {logging_mixin.py:104} INFO - submitted
[2021-05-14 09:53:36,866] {logging_mixin.py:104} INFO - running function for: (array([1620969816000, 1620971616000]), 3)
[2021-05-14 09:53:36,867] {logging_mixin.py:104} INFO - submitted
[2021-05-14 09:53:36,867] {logging_mixin.py:104} INFO - running function for: (array([1620968016000, 1620969816000]), 1)
[2021-05-14 09:53:36,867] {logging_mixin.py:104} INFO - submitted
[2021-05-14 09:53:36,867] {logging_mixin.py:104} INFO - running function for: (array([1620968016000, 1620969816000]), 2)
[2021-05-14 09:53:36,868] {logging_mixin.py:104} INFO - submitted
[2021-05-14 09:53:36,868] {logging_mixin.py:104} INFO - running function for: (array([1620968016000, 1620969816000]), 3)
[2021-05-14 09:53:36,868] {logging_mixin.py:104} INFO - submitted
[2021-05-14 09:53:36,868] {logging_mixin.py:104} INFO - running function for: (array([1620966216000, 1620968016000]), 1)
[2021-05-14 09:53:36,869] {logging_mixin.py:104} INFO - submitted
[2021-05-14 09:53:36,869] {logging_mixin.py:104} INFO - running function for: (array([1620966216000, 1620968016000]), 2)
[2021-05-14 09:53:36,869] {logging_mixin.py:104} INFO - submitted
[2021-05-14 09:53:36,869] {logging_mixin.py:104} INFO - running function for: (array([1620966216000, 1620968016000]), 3)
[2021-05-14 09:53:36,870] {logging_mixin.py:104} INFO - submitted
[2021-05-14 09:53:36,870] {logging_mixin.py:104} INFO - running function for: (array([1620964416000, 1620966216000]), 1)
[2021-05-14 09:53:36,870] {logging_mixin.py:104} INFO - submitted
[2021-05-14 09:53:36,870] {logging_mixin.py:104} INFO - running function for: (array([1620964416000, 1620966216000]), 2)
[2021-05-14 09:53:36,870] {logging_mixin.py:104} INFO - submitted
[2021-05-14 09:53:36,871] {logging_mixin.py:104} INFO - running function for: (array([1620964416000, 1620966216000]), 3)
[2021-05-14 09:53:36,871] {logging_mixin.py:104} INFO - submitted
[2021-05-14 09:53:36,871] {logging_mixin.py:104} INFO - running function for: (array([1620962616000, 1620964416000]), 1)
[2021-05-14 09:53:36,871] {logging_mixin.py:104} INFO - submitted
[2021-05-14 09:53:36,872] {logging_mixin.py:104} INFO - running function for: (array([1620962616000, 1620964416000]), 2)
[2021-05-14 09:53:36,872] {logging_mixin.py:104} INFO - submitted
[2021-05-14 09:53:36,872] {logging_mixin.py:104} INFO - running function for: (array([1620962616000, 1620964416000]), 3)
[2021-05-14 09:53:36,873] {logging_mixin.py:104} INFO - submitted
[2021-05-14 09:53:36,873] {logging_mixin.py:104} INFO - running function for: (array([1620960816000, 1620962616000]), 1)
[2021-05-14 09:53:36,874] {logging_mixin.py:104} INFO - submitted
[2021-05-14 09:53:36,874] {logging_mixin.py:104} INFO - running function for: (array([1620960816000, 1620962616000]), 2)
[2021-05-14 09:53:36,875] {logging_mixin.py:104} INFO - submitted
[2021-05-14 09:53:36,878] {logging_mixin.py:104} INFO - running function for: (array([1620960816000, 1620962616000]), 3)
[2021-05-14 09:53:36,879] {logging_mixin.py:104} INFO - submitted
[2021-05-14 09:53:36,881] {logging_mixin.py:104} INFO - running function for: (array([1620959016000, 1620960816000]), 1)
[2021-05-14 09:53:36,883] {logging_mixin.py:104} INFO - submitted
[2021-05-14 09:53:36,883] {logging_mixin.py:104} INFO - running function for: (array([1620959016000, 1620960816000]), 2)
[2021-05-14 09:53:36,883] {logging_mixin.py:104} INFO - submitted
[2021-05-14 09:53:36,884] {logging_mixin.py:104} INFO - running function for: (array([1620959016000, 1620960816000]), 3)
[2021-05-14 09:53:36,884] {logging_mixin.py:104} INFO - submitted
[2021-05-14 09:53:36,884] {logging_mixin.py:104} INFO - running function for: (array([1620957216000, 1620959016000]), 1)
[2021-05-14 09:53:36,886] {logging_mixin.py:104} INFO - submitted
[2021-05-14 09:53:36,886] {logging_mixin.py:104} INFO - running function for: (array([1620957216000, 1620959016000]), 2)
[2021-05-14 09:53:36,887] {logging_mixin.py:104} INFO - submitted
[2021-05-14 09:53:36,887] {logging_mixin.py:104} INFO - running function for: (array([1620957216000, 1620959016000]), 3)
[2021-05-14 09:53:36,888] {logging_mixin.py:104} INFO - submitted
[2021-05-14 09:53:36,888] {logging_mixin.py:104} INFO - running function for: (array([1620955416000, 1620957216000]), 1)
[2021-05-14 09:53:36,888] {logging_mixin.py:104} INFO - submitted
[2021-05-14 09:53:36,888] {logging_mixin.py:104} INFO - running function for: (array([1620955416000, 1620957216000]), 2)
[2021-05-14 09:53:36,889] {logging_mixin.py:104} INFO - submitted
[2021-05-14 09:53:36,890] {logging_mixin.py:104} INFO - running function for: (array([1620955416000, 1620957216000]), 3)
[2021-05-14 09:53:36,890] {logging_mixin.py:104} INFO - submitted
[2021-05-14 09:53:36,891] {logging_mixin.py:104} INFO - running function for: (array([1620953616000, 1620955416000]), 1)
[2021-05-14 09:53:36,891] {logging_mixin.py:104} INFO - submitted
[2021-05-14 09:53:36,891] {logging_mixin.py:104} INFO - running function for: (array([1620953616000, 1620955416000]), 2)
[2021-05-14 09:53:36,892] {logging_mixin.py:104} INFO - submitted
[2021-05-14 09:53:36,892] {logging_mixin.py:104} INFO - running function for: (array([1620953616000, 1620955416000]), 3)
[2021-05-14 09:53:36,892] {logging_mixin.py:104} INFO - submitted
[2021-05-14 09:53:36,892] {logging_mixin.py:104} INFO - running function for: (array([1620951816000, 1620953616000]), 1)
[2021-05-14 09:53:36,893] {logging_mixin.py:104} INFO - submitted
[2021-05-14 09:53:36,893] {logging_mixin.py:104} INFO - running function for: (array([1620951816000, 1620953616000]), 2)
[2021-05-14 09:53:36,893] {logging_mixin.py:104} INFO - submitted
[2021-05-14 09:53:36,893] {logging_mixin.py:104} INFO - running function for: (array([1620951816000, 1620953616000]), 3)
[2021-05-14 09:53:36,893] {logging_mixin.py:104} INFO - submitted
[2021-05-14 09:53:36,894] {logging_mixin.py:104} INFO - running function for: (array([1620950016000, 1620951816000]), 1)
[2021-05-14 09:53:36,894] {logging_mixin.py:104} INFO - submitted
[2021-05-14 09:53:36,894] {logging_mixin.py:104} INFO - running function for: (array([1620950016000, 1620951816000]), 2)
[2021-05-14 09:53:36,894] {logging_mixin.py:104} INFO - submitted
[2021-05-14 09:53:36,895] {logging_mixin.py:104} INFO - running function for: (array([1620950016000, 1620951816000]), 3)
[2021-05-14 09:53:36,895] {logging_mixin.py:104} INFO - submitted
[2021-05-14 09:53:36,895] {logging_mixin.py:104} INFO - running function for: (array([1620948216000, 1620950016000]), 1)
[2021-05-14 09:53:36,895] {logging_mixin.py:104} INFO - submitted
[2021-05-14 09:53:36,896] {logging_mixin.py:104} INFO - running function for: (array([1620948216000, 1620950016000]), 2)
[2021-05-14 09:53:36,896] {logging_mixin.py:104} INFO - submitted
[2021-05-14 09:53:36,896] {logging_mixin.py:104} INFO - running function for: (array([1620948216000, 1620950016000]), 3)
[2021-05-14 09:53:36,896] {logging_mixin.py:104} INFO - submitted
[2021-05-14 09:53:36,897] {logging_mixin.py:104} INFO - running function for: (array([1620946416000, 1620948216000]), 1)
[2021-05-14 09:53:36,897] {logging_mixin.py:104} INFO - submitted
[2021-05-14 09:53:36,897] {logging_mixin.py:104} INFO - running function for: (array([1620946416000, 1620948216000]), 2)
[2021-05-14 09:53:36,898] {logging_mixin.py:104} INFO - submitted
[2021-05-14 09:53:36,898] {logging_mixin.py:104} INFO - running function for: (array([1620946416000, 1620948216000]), 3)
[2021-05-14 09:53:36,898] {logging_mixin.py:104} INFO - submitted
[2021-05-14 09:53:36,898] {logging_mixin.py:104} INFO - running function for: (array([1620944616000, 1620946416000]), 1)
[2021-05-14 09:53:36,898] {logging_mixin.py:104} INFO - submitted
[2021-05-14 09:53:36,899] {logging_mixin.py:104} INFO - running function for: (array([1620944616000, 1620946416000]), 2)
[2021-05-14 09:53:36,899] {logging_mixin.py:104} INFO - submitted
[2021-05-14 09:53:36,899] {logging_mixin.py:104} INFO - running function for: (array([1620944616000, 1620946416000]), 3)
[2021-05-14 09:53:36,899] {logging_mixin.py:104} INFO - submitted
[2021-05-14 09:53:36,900] {logging_mixin.py:104} INFO - running function for: (array([1620942816000, 1620944616000]), 1)
[2021-05-14 09:53:36,900] {logging_mixin.py:104} INFO - submitted
[2021-05-14 09:53:36,900] {logging_mixin.py:104} INFO - running function for: (array([1620942816000, 1620944616000]), 2)
[2021-05-14 09:53:36,900] {logging_mixin.py:104} INFO - submitted
[2021-05-14 09:53:36,901] {logging_mixin.py:104} INFO - running function for: (array([1620942816000, 1620944616000]), 3)
[2021-05-14 09:53:36,901] {logging_mixin.py:104} INFO - submitted
[2021-05-14 09:53:36,901] {logging_mixin.py:104} INFO - running function for: (array([1620941016000, 1620942816000]), 1)
[2021-05-14 09:53:36,901] {logging_mixin.py:104} INFO - submitted
[2021-05-14 09:53:36,902] {logging_mixin.py:104} INFO - running function for: (array([1620941016000, 1620942816000]), 2)
[2021-05-14 09:53:36,902] {logging_mixin.py:104} INFO - submitted
[2021-05-14 09:53:36,902] {logging_mixin.py:104} INFO - running function for: (array([1620941016000, 1620942816000]), 3)
[2021-05-14 09:53:36,903] {logging_mixin.py:104} INFO - submitted
[2021-05-14 09:53:36,903] {logging_mixin.py:104} INFO - running function for: (array([1620939216000, 1620941016000]), 1)
[2021-05-14 09:53:36,903] {logging_mixin.py:104} INFO - submitted
[2021-05-14 09:53:36,903] {logging_mixin.py:104} INFO - running function for: (array([1620939216000, 1620941016000]), 2)
[2021-05-14 09:53:36,904] {logging_mixin.py:104} INFO - submitted
[2021-05-14 09:53:36,904] {logging_mixin.py:104} INFO - running function for: (array([1620939216000, 1620941016000]), 3)
[2021-05-14 09:53:36,904] {logging_mixin.py:104} INFO - submitted
[2021-05-14 09:53:36,904] {logging_mixin.py:104} INFO - running function for: (array([1620937416000, 1620939216000]), 1)
[2021-05-14 09:53:36,905] {logging_mixin.py:104} INFO - submitted
[2021-05-14 09:53:36,905] {logging_mixin.py:104} INFO - running function for: (array([1620937416000, 1620939216000]), 2)
[2021-05-14 09:53:36,905] {logging_mixin.py:104} INFO - submitted
[2021-05-14 09:53:36,905] {logging_mixin.py:104} INFO - running function for: (array([1620937416000, 1620939216000]), 3)
[2021-05-14 09:53:36,905] {logging_mixin.py:104} INFO - submitted
[2021-05-14 09:53:36,906] {logging_mixin.py:104} INFO - running function for: (array([1620935616000, 1620937416000]), 1)
[2021-05-14 09:53:36,906] {logging_mixin.py:104} INFO - submitted
[2021-05-14 09:53:36,906] {logging_mixin.py:104} INFO - running function for: (array([1620935616000, 1620937416000]), 2)
[2021-05-14 09:53:36,906] {logging_mixin.py:104} INFO - submitted
[2021-05-14 09:53:36,907] {logging_mixin.py:104} INFO - running function for: (array([1620935616000, 1620937416000]), 3)
[2021-05-14 09:53:36,907] {logging_mixin.py:104} INFO - submitted
[2021-05-14 09:53:36,907] {logging_mixin.py:104} INFO - running function for: (array([1620933816000, 1620935616000]), 1)
[2021-05-14 09:53:36,907] {logging_mixin.py:104} INFO - submitted
[2021-05-14 09:53:36,908] {logging_mixin.py:104} INFO - running function for: (array([1620933816000, 1620935616000]), 2)
[2021-05-14 09:53:36,908] {logging_mixin.py:104} INFO - submitted
[2021-05-14 09:53:36,908] {logging_mixin.py:104} INFO - running function for: (array([1620933816000, 1620935616000]), 3)
[2021-05-14 09:53:36,908] {logging_mixin.py:104} INFO - submitted
[2021-05-14 09:53:36,909] {logging_mixin.py:104} INFO - running function for: (array([1620932016000, 1620933816000]), 1)
[2021-05-14 09:53:36,909] {logging_mixin.py:104} INFO - submitted
[2021-05-14 09:53:36,909] {logging_mixin.py:104} INFO - running function for: (array([1620932016000, 1620933816000]), 2)
[2021-05-14 09:53:36,909] {logging_mixin.py:104} INFO - submitted
[2021-05-14 09:53:36,910] {logging_mixin.py:104} INFO - running function for: (array([1620932016000, 1620933816000]), 3)
[2021-05-14 09:53:36,910] {logging_mixin.py:104} INFO - submitted
[2021-05-14 09:53:36,910] {logging_mixin.py:104} INFO - running function for: (array([1620930216000, 1620932016000]), 1)
[2021-05-14 09:53:36,910] {logging_mixin.py:104} INFO - submitted
[2021-05-14 09:53:36,910] {logging_mixin.py:104} INFO - running function for: (array([1620930216000, 1620932016000]), 2)
[2021-05-14 09:53:36,911] {logging_mixin.py:104} INFO - submitted
[2021-05-14 09:53:36,911] {logging_mixin.py:104} INFO - running function for: (array([1620930216000, 1620932016000]), 3)
[2021-05-14 09:53:36,911] {logging_mixin.py:104} INFO - submitted
[2021-05-14 09:53:36,911] {logging_mixin.py:104} INFO - running function for: (array([1620928416000, 1620930216000]), 1)
[2021-05-14 09:53:36,912] {logging_mixin.py:104} INFO - submitted
[2021-05-14 09:53:36,912] {logging_mixin.py:104} INFO - running function for: (array([1620928416000, 1620930216000]), 2)
[2021-05-14 09:53:36,912] {logging_mixin.py:104} INFO - submitted
[2021-05-14 09:53:36,913] {logging_mixin.py:104} INFO - running function for: (array([1620928416000, 1620930216000]), 3)
[2021-05-14 09:53:36,914] {logging_mixin.py:104} INFO - submitted
[2021-05-14 09:53:36,915] {logging_mixin.py:104} INFO - running function for: (array([1620926616000, 1620928416000]), 1)
[2021-05-14 09:53:36,916] {logging_mixin.py:104} INFO - submitted
[2021-05-14 09:53:36,917] {logging_mixin.py:104} INFO - running function for: (array([1620926616000, 1620928416000]), 2)
[2021-05-14 09:53:36,918] {logging_mixin.py:104} INFO - submitted
[2021-05-14 09:53:36,919] {logging_mixin.py:104} INFO - running function for: (array([1620926616000, 1620928416000]), 3)
[2021-05-14 09:53:36,920] {logging_mixin.py:104} INFO - submitted
[2021-05-14 09:53:36,921] {logging_mixin.py:104} INFO - running function for: (array([1620924816000, 1620926616000]), 1)
[2021-05-14 09:53:36,921] {logging_mixin.py:104} INFO - submitted
[2021-05-14 09:53:36,922] {logging_mixin.py:104} INFO - running function for: (array([1620924816000, 1620926616000]), 2)
[2021-05-14 09:53:36,922] {logging_mixin.py:104} INFO - submitted
[2021-05-14 09:53:36,922] {logging_mixin.py:104} INFO - running function for: (array([1620924816000, 1620926616000]), 3)
[2021-05-14 09:53:36,923] {logging_mixin.py:104} INFO - submitted
[2021-05-14 09:53:36,923] {logging_mixin.py:104} INFO - running function for: (array([1620923016000, 1620924816000]), 1)
[2021-05-14 09:53:36,924] {logging_mixin.py:104} INFO - submitted
[2021-05-14 09:53:36,924] {logging_mixin.py:104} INFO - running function for: (array([1620923016000, 1620924816000]), 2)
[2021-05-14 09:53:36,924] {logging_mixin.py:104} INFO - submitted
[2021-05-14 09:53:36,925] {logging_mixin.py:104} INFO - running function for: (array([1620923016000, 1620924816000]), 3)
[2021-05-14 09:53:36,925] {logging_mixin.py:104} INFO - submitted
[2021-05-14 09:53:36,925] {logging_mixin.py:104} INFO - running function for: (array([1620921216000, 1620923016000]), 1)
[2021-05-14 09:53:36,926] {logging_mixin.py:104} INFO - submitted
[2021-05-14 09:53:36,926] {logging_mixin.py:104} INFO - running function for: (array([1620921216000, 1620923016000]), 2)
[2021-05-14 09:53:36,927] {logging_mixin.py:104} INFO - submitted
[2021-05-14 09:53:36,927] {logging_mixin.py:104} INFO - running function for: (array([1620921216000, 1620923016000]), 3)
[2021-05-14 09:53:36,927] {logging_mixin.py:104} INFO - submitted
[2021-05-14 09:53:36,928] {logging_mixin.py:104} INFO - running function for: (array([1620919416000, 1620921216000]), 1)
[2021-05-14 09:53:36,928] {logging_mixin.py:104} INFO - submitted
[2021-05-14 09:53:36,929] {logging_mixin.py:104} INFO - running function for: (array([1620919416000, 1620921216000]), 2)
[2021-05-14 09:53:36,930] {logging_mixin.py:104} INFO - submitted
[2021-05-14 09:53:36,930] {logging_mixin.py:104} INFO - running function for: (array([1620919416000, 1620921216000]), 3)
[2021-05-14 09:53:36,930] {logging_mixin.py:104} INFO - submitted
[2021-05-14 09:53:36,931] {logging_mixin.py:104} INFO - running function for: (array([1620917616000, 1620919416000]), 1)
[2021-05-14 09:53:36,931] {logging_mixin.py:104} INFO - submitted
[2021-05-14 09:53:36,934] {logging_mixin.py:104} INFO - running function for: (array([1620917616000, 1620919416000]), 2)
[2021-05-14 09:53:36,934] {logging_mixin.py:104} INFO - submitted
[2021-05-14 09:53:36,935] {logging_mixin.py:104} INFO - running function for: (array([1620917616000, 1620919416000]), 3)
[2021-05-14 09:53:36,935] {logging_mixin.py:104} INFO - submitted
[2021-05-14 09:53:36,935] {logging_mixin.py:104} INFO - running function for: (array([1620915816000, 1620917616000]), 1)
[2021-05-14 09:53:36,935] {logging_mixin.py:104} INFO - submitted
[2021-05-14 09:53:36,936] {logging_mixin.py:104} INFO - running function for: (array([1620915816000, 1620917616000]), 2)
[2021-05-14 09:53:36,936] {logging_mixin.py:104} INFO - submitted
[2021-05-14 09:53:36,937] {logging_mixin.py:104} INFO - running function for: (array([1620915816000, 1620917616000]), 3)
[2021-05-14 09:53:36,937] {logging_mixin.py:104} INFO - submitted
[2021-05-14 09:53:36,937] {logging_mixin.py:104} INFO - running function for: (array([1620914016000, 1620915816000]), 1)
[2021-05-14 09:53:36,937] {logging_mixin.py:104} INFO - submitted
[2021-05-14 09:53:36,938] {logging_mixin.py:104} INFO - running function for: (array([1620914016000, 1620915816000]), 2)
[2021-05-14 09:53:36,938] {logging_mixin.py:104} INFO - submitted
[2021-05-14 09:53:36,938] {logging_mixin.py:104} INFO - running function for: (array([1620914016000, 1620915816000]), 3)
[2021-05-14 09:53:36,938] {logging_mixin.py:104} INFO - submitted
[2021-05-14 09:53:36,939] {logging_mixin.py:104} INFO - running function for: (array([1620912216000, 1620914016000]), 1)
[2021-05-14 09:53:36,939] {logging_mixin.py:104} INFO - submitted
[2021-05-14 09:53:36,939] {logging_mixin.py:104} INFO - running function for: (array([1620912216000, 1620914016000]), 2)
[2021-05-14 09:53:36,939] {logging_mixin.py:104} INFO - submitted
[2021-05-14 09:53:36,940] {logging_mixin.py:104} INFO - running function for: (array([1620912216000, 1620914016000]), 3)
[2021-05-14 09:53:36,940] {logging_mixin.py:104} INFO - submitted
[2021-05-14 09:53:36,940] {logging_mixin.py:104} INFO - running function for: (array([1620910416000, 1620912216000]), 1)
[2021-05-14 09:53:36,940] {logging_mixin.py:104} INFO - submitted
[2021-05-14 09:53:36,940] {logging_mixin.py:104} INFO - running function for: (array([1620910416000, 1620912216000]), 2)
[2021-05-14 09:53:36,941] {logging_mixin.py:104} INFO - submitted
[2021-05-14 09:53:36,941] {logging_mixin.py:104} INFO - running function for: (array([1620910416000, 1620912216000]), 3)
[2021-05-14 09:53:36,941] {logging_mixin.py:104} INFO - submitted
[2021-05-14 09:53:40,780] {logging_mixin.py:104} INFO - https://cdn.iqoption.com/api/quotes-history/quotes/3.0?to=1620991416000&from=1620989616000&active_id=3&only_round=true&_key=1614903660000
[2021-05-14 09:53:40,793] {logging_mixin.py:104} INFO - https://cdn.iqoption.com/api/quotes-history/quotes/3.0?to=1620989616000&from=1620987816000&active_id=1&only_round=true&_key=1614903660000
[2021-05-14 09:53:40,793] {logging_mixin.py:104} INFO - https://cdn.iqoption.com/api/quotes-history/quotes/3.0?to=1620989616000&from=1620987816000&active_id=1&only_round=true&_key=1614903660000
https://cdn.iqoption.com/api/quotes-history/quotes/3.0?to=1620989616000&from=1620987816000&active_id=2&only_round=true&_key=1614903660000
[2021-05-14 09:53:40,794] {logging_mixin.py:104} INFO - https://cdn.iqoption.com/api/quotes-history/quotes/3.0?to=1620989616000&from=1620987816000&active_id=1&only_round=true&_key=1614903660000
https://cdn.iqoption.com/api/quotes-history/quotes/3.0?to=1620989616000&from=1620987816000&active_id=2&only_round=true&_key=1614903660000
https://cdn.iqoption.com/api/quotes-history/quotes/3.0?to=1620989616000&from=1620987816000&active_id=3&only_round=true&_key=1614903660000
[2021-05-14 09:53:40,972] {logging_mixin.py:104} INFO - https://cdn.iqoption.com/api/quotes-history/quotes/3.0?to=1620987816000&from=1620986016000&active_id=1&only_round=true&_key=1614903660000
[2021-05-14 09:53:40,975] {logging_mixin.py:104} INFO - https://cdn.iqoption.com/api/quotes-history/quotes/3.0?to=1620987816000&from=1620986016000&active_id=2&only_round=true&_key=1614903660000
[2021-05-14 09:53:40,980] {logging_mixin.py:104} INFO - https://cdn.iqoption.com/api/quotes-history/quotes/3.0?to=1620987816000&from=1620986016000&active_id=3&only_round=true&_key=1614903660000
[2021-05-14 09:53:40,982] {logging_mixin.py:104} INFO - https://cdn.iqoption.com/api/quotes-history/quotes/3.0?to=1620986016000&from=1620984216000&active_id=1&only_round=true&_key=1614903660000
[2021-05-14 09:53:43,061] {logging_mixin.py:104} INFO - https://cdn.iqoption.com/api/quotes-history/quotes/3.0?to=1620986016000&from=1620984216000&active_id=2&only_round=true&_key=1614903660000
[2021-05-14 09:53:43,066] {logging_mixin.py:104} INFO - https://cdn.iqoption.com/api/quotes-history/quotes/3.0?to=1620986016000&from=1620984216000&active_id=3&only_round=true&_key=1614903660000
[2021-05-14 09:53:43,074] {logging_mixin.py:104} INFO - https://cdn.iqoption.com/api/quotes-history/quotes/3.0?to=1620984216000&from=1620982416000&active_id=1&only_round=true&_key=1614903660000
[2021-05-14 09:53:43,153] {logging_mixin.py:104} INFO - https://cdn.iqoption.com/api/quotes-history/quotes/3.0?to=1620984216000&from=1620982416000&active_id=2&only_round=true&_key=1614903660000
[2021-05-14 09:53:43,159] {logging_mixin.py:104} INFO - https://cdn.iqoption.com/api/quotes-history/quotes/3.0?to=1620984216000&from=1620982416000&active_id=3&only_round=true&_key=1614903660000
[2021-05-14 09:53:43,169] {logging_mixin.py:104} INFO - https://cdn.iqoption.com/api/quotes-history/quotes/3.0?to=1620982416000&from=1620980616000&active_id=1&only_round=true&_key=1614903660000
[2021-05-14 09:53:43,185] {logging_mixin.py:104} INFO - https://cdn.iqoption.com/api/quotes-history/quotes/3.0?to=1620982416000&from=1620980616000&active_id=2&only_round=true&_key=1614903660000
[2021-05-14 09:53:43,192] {logging_mixin.py:104} INFO - https://cdn.iqoption.com/api/quotes-history/quotes/3.0?to=1620982416000&from=1620980616000&active_id=3&only_round=true&_key=1614903660000
[2021-05-14 09:53:44,993] {logging_mixin.py:104} INFO - https://cdn.iqoption.com/api/quotes-history/quotes/3.0?to=1620980616000&from=1620978816000&active_id=1&only_round=true&_key=1614903660000
[2021-05-14 09:53:45,001] {logging_mixin.py:104} INFO - https://cdn.iqoption.com/api/quotes-history/quotes/3.0?to=1620980616000&from=1620978816000&active_id=2&only_round=true&_key=1614903660000
[2021-05-14 09:53:45,009] {logging_mixin.py:104} INFO - https://cdn.iqoption.com/api/quotes-history/quotes/3.0?to=1620980616000&from=1620978816000&active_id=3&only_round=true&_key=1614903660000
[2021-05-14 09:53:45,155] {logging_mixin.py:104} INFO - https://cdn.iqoption.com/api/quotes-history/quotes/3.0?to=1620978816000&from=1620977016000&active_id=1&only_round=true&_key=1614903660000
[2021-05-14 09:53:45,179] {logging_mixin.py:104} INFO - https://cdn.iqoption.com/api/quotes-history/quotes/3.0?to=1620978816000&from=1620977016000&active_id=2&only_round=true&_key=1614903660000
[2021-05-14 09:53:45,181] {logging_mixin.py:104} INFO - https://cdn.iqoption.com/api/quotes-history/quotes/3.0?to=1620978816000&from=1620977016000&active_id=3&only_round=true&_key=1614903660000
[2021-05-14 09:53:45,183] {logging_mixin.py:104} INFO - https://cdn.iqoption.com/api/quotes-history/quotes/3.0?to=1620977016000&from=1620975216000&active_id=1&only_round=true&_key=1614903660000
[2021-05-14 09:53:45,404] {logging_mixin.py:104} INFO - https://cdn.iqoption.com/api/quotes-history/quotes/3.0?to=1620977016000&from=1620975216000&active_id=2&only_round=true&_key=1614903660000
[2021-05-14 09:53:46,879] {logging_mixin.py:104} INFO - https://cdn.iqoption.com/api/quotes-history/quotes/3.0?to=1620977016000&from=1620975216000&active_id=3&only_round=true&_key=1614903660000
[2021-05-14 09:53:46,909] {logging_mixin.py:104} INFO - https://cdn.iqoption.com/api/quotes-history/quotes/3.0?to=1620975216000&from=1620973416000&active_id=1&only_round=true&_key=1614903660000
[2021-05-14 09:53:46,963] {logging_mixin.py:104} INFO - https://cdn.iqoption.com/api/quotes-history/quotes/3.0?to=1620975216000&from=1620973416000&active_id=2&only_round=true&_key=1614903660000
[2021-05-14 09:53:46,986] {logging_mixin.py:104} INFO - https://cdn.iqoption.com/api/quotes-history/quotes/3.0?to=1620975216000&from=1620973416000&active_id=3&only_round=true&_key=1614903660000
[2021-05-14 09:53:47,008] {logging_mixin.py:104} INFO - https://cdn.iqoption.com/api/quotes-history/quotes/3.0?to=1620973416000&from=1620971616000&active_id=1&only_round=true&_key=1614903660000
[2021-05-14 09:53:47,113] {logging_mixin.py:104} INFO - https://cdn.iqoption.com/api/quotes-history/quotes/3.0?to=1620973416000&from=1620971616000&active_id=2&only_round=true&_key=1614903660000
[2021-05-14 09:53:47,140] {logging_mixin.py:104} INFO - https://cdn.iqoption.com/api/quotes-history/quotes/3.0?to=1620973416000&from=1620971616000&active_id=3&only_round=true&_key=1614903660000
[2021-05-14 09:53:47,286] {logging_mixin.py:104} INFO - https://cdn.iqoption.com/api/quotes-history/quotes/3.0?to=1620971616000&from=1620969816000&active_id=1&only_round=true&_key=1614903660000
[2021-05-14 09:53:48,398] {logging_mixin.py:104} INFO - https://cdn.iqoption.com/api/quotes-history/quotes/3.0?to=1620971616000&from=1620969816000&active_id=2&only_round=true&_key=1614903660000
[2021-05-14 09:53:48,493] {logging_mixin.py:104} INFO - https://cdn.iqoption.com/api/quotes-history/quotes/3.0?to=1620971616000&from=1620969816000&active_id=3&only_round=true&_key=1614903660000
[2021-05-14 09:53:48,494] {logging_mixin.py:104} INFO - https://cdn.iqoption.com/api/quotes-history/quotes/3.0?to=1620969816000&from=1620968016000&active_id=1&only_round=true&_key=1614903660000
[2021-05-14 09:53:48,512] {logging_mixin.py:104} INFO - https://cdn.iqoption.com/api/quotes-history/quotes/3.0?to=1620969816000&from=1620968016000&active_id=2&only_round=true&_key=1614903660000
[2021-05-14 09:53:48,560] {logging_mixin.py:104} INFO - https://cdn.iqoption.com/api/quotes-history/quotes/3.0?to=1620969816000&from=1620968016000&active_id=3&only_round=true&_key=1614903660000
[2021-05-14 09:53:48,735] {logging_mixin.py:104} INFO - https://cdn.iqoption.com/api/quotes-history/quotes/3.0?to=1620968016000&from=1620966216000&active_id=1&only_round=true&_key=1614903660000
[2021-05-14 09:53:48,894] {logging_mixin.py:104} INFO - https://cdn.iqoption.com/api/quotes-history/quotes/3.0?to=1620968016000&from=1620966216000&active_id=2&only_round=true&_key=1614903660000
[2021-05-14 09:53:49,088] {logging_mixin.py:104} INFO - https://cdn.iqoption.com/api/quotes-history/quotes/3.0?to=1620968016000&from=1620966216000&active_id=3&only_round=true&_key=1614903660000
[2021-05-14 09:53:50,101] {logging_mixin.py:104} INFO - https://cdn.iqoption.com/api/quotes-history/quotes/3.0?to=1620966216000&from=1620964416000&active_id=1&only_round=true&_key=1614903660000
[2021-05-14 09:53:50,123] {logging_mixin.py:104} INFO - https://cdn.iqoption.com/api/quotes-history/quotes/3.0?to=1620966216000&from=1620964416000&active_id=2&only_round=true&_key=1614903660000
[2021-05-14 09:53:50,139] {logging_mixin.py:104} INFO - https://cdn.iqoption.com/api/quotes-history/quotes/3.0?to=1620966216000&from=1620964416000&active_id=3&only_round=true&_key=1614903660000
[2021-05-14 09:53:50,148] {logging_mixin.py:104} INFO - https://cdn.iqoption.com/api/quotes-history/quotes/3.0?to=1620964416000&from=1620962616000&active_id=1&only_round=true&_key=1614903660000
[2021-05-14 09:53:50,161] {logging_mixin.py:104} INFO - https://cdn.iqoption.com/api/quotes-history/quotes/3.0?to=1620964416000&from=1620962616000&active_id=2&only_round=true&_key=1614903660000
[2021-05-14 09:53:50,376] {logging_mixin.py:104} INFO - https://cdn.iqoption.com/api/quotes-history/quotes/3.0?to=1620964416000&from=1620962616000&active_id=3&only_round=true&_key=1614903660000
[2021-05-14 09:53:50,459] {logging_mixin.py:104} INFO - https://cdn.iqoption.com/api/quotes-history/quotes/3.0?to=1620962616000&from=1620960816000&active_id=1&only_round=true&_key=1614903660000
[2021-05-14 09:53:50,627] {logging_mixin.py:104} INFO - https://cdn.iqoption.com/api/quotes-history/quotes/3.0?to=1620962616000&from=1620960816000&active_id=2&only_round=true&_key=1614903660000
[2021-05-14 09:53:51,676] {logging_mixin.py:104} INFO - https://cdn.iqoption.com/api/quotes-history/quotes/3.0?to=1620962616000&from=1620960816000&active_id=3&only_round=true&_key=1614903660000
[2021-05-14 09:53:51,763] {logging_mixin.py:104} INFO - https://cdn.iqoption.com/api/quotes-history/quotes/3.0?to=1620960816000&from=1620959016000&active_id=1&only_round=true&_key=1614903660000
[2021-05-14 09:53:51,798] {logging_mixin.py:104} INFO - https://cdn.iqoption.com/api/quotes-history/quotes/3.0?to=1620960816000&from=1620959016000&active_id=2&only_round=true&_key=1614903660000
[2021-05-14 09:53:51,812] {logging_mixin.py:104} INFO - https://cdn.iqoption.com/api/quotes-history/quotes/3.0?to=1620960816000&from=1620959016000&active_id=3&only_round=true&_key=1614903660000
[2021-05-14 09:53:51,867] {logging_mixin.py:104} INFO - https://cdn.iqoption.com/api/quotes-history/quotes/3.0?to=1620959016000&from=1620957216000&active_id=1&only_round=true&_key=1614903660000
[2021-05-14 09:53:52,024] {logging_mixin.py:104} INFO - https://cdn.iqoption.com/api/quotes-history/quotes/3.0?to=1620959016000&from=1620957216000&active_id=2&only_round=true&_key=1614903660000
[2021-05-14 09:53:52,118] {logging_mixin.py:104} INFO - https://cdn.iqoption.com/api/quotes-history/quotes/3.0?to=1620959016000&from=1620957216000&active_id=3&only_round=true&_key=1614903660000
[2021-05-14 09:53:52,234] {logging_mixin.py:104} INFO - https://cdn.iqoption.com/api/quotes-history/quotes/3.0?to=1620957216000&from=1620955416000&active_id=1&only_round=true&_key=1614903660000
[2021-05-14 09:53:53,216] {logging_mixin.py:104} INFO - https://cdn.iqoption.com/api/quotes-history/quotes/3.0?to=1620957216000&from=1620955416000&active_id=2&only_round=true&_key=1614903660000
[2021-05-14 09:53:53,333] {logging_mixin.py:104} INFO - https://cdn.iqoption.com/api/quotes-history/quotes/3.0?to=1620957216000&from=1620955416000&active_id=3&only_round=true&_key=1614903660000
[2021-05-14 09:53:59,214] {logging_mixin.py:104} INFO - https://cdn.iqoption.com/api/quotes-history/quotes/3.0?to=1620955416000&from=1620953616000&active_id=1&only_round=true&_key=1614903660000
[2021-05-14 09:53:59,215] {logging_mixin.py:104} INFO - https://cdn.iqoption.com/api/quotes-history/quotes/3.0?to=1620955416000&from=1620953616000&active_id=1&only_round=true&_key=1614903660000
https://cdn.iqoption.com/api/quotes-history/quotes/3.0?to=1620955416000&from=1620953616000&active_id=2&only_round=true&_key=1614903660000
[2021-05-14 09:53:59,215] {logging_mixin.py:104} INFO - https://cdn.iqoption.com/api/quotes-history/quotes/3.0?to=1620955416000&from=1620953616000&active_id=1&only_round=true&_key=1614903660000
https://cdn.iqoption.com/api/quotes-history/quotes/3.0?to=1620955416000&from=1620953616000&active_id=2&only_round=true&_key=1614903660000
https://cdn.iqoption.com/api/quotes-history/quotes/3.0?to=1620955416000&from=1620953616000&active_id=3&only_round=true&_key=1614903660000
[2021-05-14 09:53:59,709] {logging_mixin.py:104} INFO - https://cdn.iqoption.com/api/quotes-history/quotes/3.0?to=1620953616000&from=1620951816000&active_id=1&only_round=true&_key=1614903660000
[2021-05-14 09:54:00,289] {logging_mixin.py:104} INFO - https://cdn.iqoption.com/api/quotes-history/quotes/3.0?to=1620953616000&from=1620951816000&active_id=2&only_round=true&_key=1614903660000
[2021-05-14 09:54:00,882] {logging_mixin.py:104} INFO - https://cdn.iqoption.com/api/quotes-history/quotes/3.0?to=1620953616000&from=1620951816000&active_id=3&only_round=true&_key=1614903660000
[2021-05-14 09:54:01,233] {logging_mixin.py:104} INFO - https://cdn.iqoption.com/api/quotes-history/quotes/3.0?to=1620951816000&from=1620950016000&active_id=1&only_round=true&_key=1614903660000
[2021-05-14 09:54:01,577] {logging_mixin.py:104} INFO - https://cdn.iqoption.com/api/quotes-history/quotes/3.0?to=1620951816000&from=1620950016000&active_id=2&only_round=true&_key=1614903660000
[2021-05-14 09:54:01,845] {logging_mixin.py:104} INFO - https://cdn.iqoption.com/api/quotes-history/quotes/3.0?to=1620951816000&from=1620950016000&active_id=3&only_round=true&_key=1614903660000
[2021-05-14 09:54:02,414] {logging_mixin.py:104} INFO - https://cdn.iqoption.com/api/quotes-history/quotes/3.0?to=1620950016000&from=1620948216000&active_id=1&only_round=true&_key=1614903660000
[2021-05-14 09:54:02,789] {logging_mixin.py:104} INFO - https://cdn.iqoption.com/api/quotes-history/quotes/3.0?to=1620950016000&from=1620948216000&active_id=2&only_round=true&_key=1614903660000
[2021-05-14 09:54:02,901] {logging_mixin.py:104} INFO - https://cdn.iqoption.com/api/quotes-history/quotes/3.0?to=1620950016000&from=1620948216000&active_id=3&only_round=true&_key=1614903660000
[2021-05-14 09:54:03,051] {logging_mixin.py:104} INFO - https://cdn.iqoption.com/api/quotes-history/quotes/3.0?to=1620948216000&from=1620946416000&active_id=1&only_round=true&_key=1614903660000
[2021-05-14 09:54:03,924] {logging_mixin.py:104} INFO - https://cdn.iqoption.com/api/quotes-history/quotes/3.0?to=1620948216000&from=1620946416000&active_id=2&only_round=true&_key=1614903660000
[2021-05-14 09:54:03,962] {logging_mixin.py:104} INFO - https://cdn.iqoption.com/api/quotes-history/quotes/3.0?to=1620948216000&from=1620946416000&active_id=3&only_round=true&_key=1614903660000
[2021-05-14 09:54:04,095] {logging_mixin.py:104} INFO - https://cdn.iqoption.com/api/quotes-history/quotes/3.0?to=1620946416000&from=1620944616000&active_id=1&only_round=true&_key=1614903660000
[2021-05-14 09:54:04,753] {logging_mixin.py:104} INFO - https://cdn.iqoption.com/api/quotes-history/quotes/3.0?to=1620946416000&from=1620944616000&active_id=2&only_round=true&_key=1614903660000
[2021-05-14 09:54:04,754] {logging_mixin.py:104} INFO - https://cdn.iqoption.com/api/quotes-history/quotes/3.0?to=1620946416000&from=1620944616000&active_id=3&only_round=true&_key=1614903660000
[2021-05-14 09:54:04,757] {logging_mixin.py:104} INFO - https://cdn.iqoption.com/api/quotes-history/quotes/3.0?to=1620944616000&from=1620942816000&active_id=1&only_round=true&_key=1614903660000
[2021-05-14 09:54:05,056] {logging_mixin.py:104} INFO - https://cdn.iqoption.com/api/quotes-history/quotes/3.0?to=1620944616000&from=1620942816000&active_id=2&only_round=true&_key=1614903660000
[2021-05-14 09:54:05,447] {logging_mixin.py:104} INFO - https://cdn.iqoption.com/api/quotes-history/quotes/3.0?to=1620944616000&from=1620942816000&active_id=3&only_round=true&_key=1614903660000
[2021-05-14 09:54:05,887] {logging_mixin.py:104} INFO - https://cdn.iqoption.com/api/quotes-history/quotes/3.0?to=1620942816000&from=1620941016000&active_id=1&only_round=true&_key=1614903660000
[2021-05-14 09:54:06,052] {logging_mixin.py:104} INFO - https://cdn.iqoption.com/api/quotes-history/quotes/3.0?to=1620942816000&from=1620941016000&active_id=2&only_round=true&_key=1614903660000
[2021-05-14 09:54:06,102] {logging_mixin.py:104} INFO - https://cdn.iqoption.com/api/quotes-history/quotes/3.0?to=1620942816000&from=1620941016000&active_id=3&only_round=true&_key=1614903660000
[2021-05-14 09:54:06,290] {logging_mixin.py:104} INFO - https://cdn.iqoption.com/api/quotes-history/quotes/3.0?to=1620941016000&from=1620939216000&active_id=1&only_round=true&_key=1614903660000
[2021-05-14 09:54:06,840] {logging_mixin.py:104} INFO - https://cdn.iqoption.com/api/quotes-history/quotes/3.0?to=1620941016000&from=1620939216000&active_id=2&only_round=true&_key=1614903660000
[2021-05-14 09:54:06,916] {logging_mixin.py:104} INFO - https://cdn.iqoption.com/api/quotes-history/quotes/3.0?to=1620941016000&from=1620939216000&active_id=3&only_round=true&_key=1614903660000
[2021-05-14 09:54:07,081] {logging_mixin.py:104} INFO - https://cdn.iqoption.com/api/quotes-history/quotes/3.0?to=1620939216000&from=1620937416000&active_id=1&only_round=true&_key=1614903660000
[2021-05-14 09:54:07,335] {logging_mixin.py:104} INFO - https://cdn.iqoption.com/api/quotes-history/quotes/3.0?to=1620939216000&from=1620937416000&active_id=2&only_round=true&_key=1614903660000
[2021-05-14 09:54:07,804] {logging_mixin.py:104} INFO - https://cdn.iqoption.com/api/quotes-history/quotes/3.0?to=1620939216000&from=1620937416000&active_id=3&only_round=true&_key=1614903660000
[2021-05-14 09:54:08,129] {logging_mixin.py:104} INFO - https://cdn.iqoption.com/api/quotes-history/quotes/3.0?to=1620937416000&from=1620935616000&active_id=1&only_round=true&_key=1614903660000
[2021-05-14 09:54:08,320] {logging_mixin.py:104} INFO - https://cdn.iqoption.com/api/quotes-history/quotes/3.0?to=1620937416000&from=1620935616000&active_id=2&only_round=true&_key=1614903660000
[2021-05-14 09:54:08,650] {logging_mixin.py:104} INFO - https://cdn.iqoption.com/api/quotes-history/quotes/3.0?to=1620937416000&from=1620935616000&active_id=3&only_round=true&_key=1614903660000
[2021-05-14 09:54:09,121] {logging_mixin.py:104} INFO - https://cdn.iqoption.com/api/quotes-history/quotes/3.0?to=1620935616000&from=1620933816000&active_id=1&only_round=true&_key=1614903660000
[2021-05-14 09:54:09,688] {logging_mixin.py:104} INFO - https://cdn.iqoption.com/api/quotes-history/quotes/3.0?to=1620935616000&from=1620933816000&active_id=2&only_round=true&_key=1614903660000
[2021-05-14 09:54:10,051] {logging_mixin.py:104} INFO - https://cdn.iqoption.com/api/quotes-history/quotes/3.0?to=1620935616000&from=1620933816000&active_id=3&only_round=true&_key=1614903660000
[2021-05-14 09:54:10,058] {logging_mixin.py:104} INFO - https://cdn.iqoption.com/api/quotes-history/quotes/3.0?to=1620933816000&from=1620932016000&active_id=1&only_round=true&_key=1614903660000
[2021-05-14 09:54:10,174] {logging_mixin.py:104} INFO - https://cdn.iqoption.com/api/quotes-history/quotes/3.0?to=1620933816000&from=1620932016000&active_id=2&only_round=true&_key=1614903660000
[2021-05-14 09:54:10,255] {logging_mixin.py:104} INFO - https://cdn.iqoption.com/api/quotes-history/quotes/3.0?to=1620933816000&from=1620932016000&active_id=3&only_round=true&_key=1614903660000
[2021-05-14 09:54:10,492] {logging_mixin.py:104} INFO - https://cdn.iqoption.com/api/quotes-history/quotes/3.0?to=1620932016000&from=1620930216000&active_id=1&only_round=true&_key=1614903660000
[2021-05-14 09:54:10,637] {logging_mixin.py:104} INFO - https://cdn.iqoption.com/api/quotes-history/quotes/3.0?to=1620932016000&from=1620930216000&active_id=2&only_round=true&_key=1614903660000
[2021-05-14 09:54:11,336] {logging_mixin.py:104} INFO - https://cdn.iqoption.com/api/quotes-history/quotes/3.0?to=1620932016000&from=1620930216000&active_id=3&only_round=true&_key=1614903660000
[2021-05-14 09:54:11,349] {logging_mixin.py:104} INFO - https://cdn.iqoption.com/api/quotes-history/quotes/3.0?to=1620930216000&from=1620928416000&active_id=1&only_round=true&_key=1614903660000
[2021-05-14 09:54:11,653] {logging_mixin.py:104} INFO - https://cdn.iqoption.com/api/quotes-history/quotes/3.0?to=1620930216000&from=1620928416000&active_id=2&only_round=true&_key=1614903660000
[2021-05-14 09:54:11,753] {logging_mixin.py:104} INFO - https://cdn.iqoption.com/api/quotes-history/quotes/3.0?to=1620930216000&from=1620928416000&active_id=3&only_round=true&_key=1614903660000
[2021-05-14 09:54:11,885] {logging_mixin.py:104} INFO - https://cdn.iqoption.com/api/quotes-history/quotes/3.0?to=1620928416000&from=1620926616000&active_id=1&only_round=true&_key=1614903660000
[2021-05-14 09:54:12,070] {logging_mixin.py:104} INFO - https://cdn.iqoption.com/api/quotes-history/quotes/3.0?to=1620928416000&from=1620926616000&active_id=2&only_round=true&_key=1614903660000
[2021-05-14 09:54:12,350] {logging_mixin.py:104} INFO - https://cdn.iqoption.com/api/quotes-history/quotes/3.0?to=1620928416000&from=1620926616000&active_id=3&only_round=true&_key=1614903660000
[2021-05-14 09:54:12,611] {logging_mixin.py:104} INFO - https://cdn.iqoption.com/api/quotes-history/quotes/3.0?to=1620926616000&from=1620924816000&active_id=1&only_round=true&_key=1614903660000
[2021-05-14 09:54:13,023] {logging_mixin.py:104} INFO - https://cdn.iqoption.com/api/quotes-history/quotes/3.0?to=1620926616000&from=1620924816000&active_id=2&only_round=true&_key=1614903660000
[2021-05-14 09:54:13,269] {logging_mixin.py:104} INFO - https://cdn.iqoption.com/api/quotes-history/quotes/3.0?to=1620926616000&from=1620924816000&active_id=3&only_round=true&_key=1614903660000
[2021-05-14 09:54:13,284] {logging_mixin.py:104} INFO - https://cdn.iqoption.com/api/quotes-history/quotes/3.0?to=1620924816000&from=1620923016000&active_id=1&only_round=true&_key=1614903660000
[2021-05-14 09:54:13,443] {logging_mixin.py:104} INFO - https://cdn.iqoption.com/api/quotes-history/quotes/3.0?to=1620924816000&from=1620923016000&active_id=2&only_round=true&_key=1614903660000
[2021-05-14 09:54:13,456] {logging_mixin.py:104} INFO - https://cdn.iqoption.com/api/quotes-history/quotes/3.0?to=1620924816000&from=1620923016000&active_id=3&only_round=true&_key=1614903660000
[2021-05-14 09:54:14,180] {logging_mixin.py:104} INFO - https://cdn.iqoption.com/api/quotes-history/quotes/3.0?to=1620923016000&from=1620921216000&active_id=1&only_round=true&_key=1614903660000
[2021-05-14 09:54:14,312] {logging_mixin.py:104} INFO - https://cdn.iqoption.com/api/quotes-history/quotes/3.0?to=1620923016000&from=1620921216000&active_id=2&only_round=true&_key=1614903660000
[2021-05-14 09:54:14,388] {logging_mixin.py:104} INFO - https://cdn.iqoption.com/api/quotes-history/quotes/3.0?to=1620923016000&from=1620921216000&active_id=3&only_round=true&_key=1614903660000
[2021-05-14 09:54:14,556] {logging_mixin.py:104} INFO - https://cdn.iqoption.com/api/quotes-history/quotes/3.0?to=1620921216000&from=1620919416000&active_id=1&only_round=true&_key=1614903660000
[2021-05-14 09:54:15,009] {logging_mixin.py:104} INFO - https://cdn.iqoption.com/api/quotes-history/quotes/3.0?to=1620921216000&from=1620919416000&active_id=2&only_round=true&_key=1614903660000
[2021-05-14 09:54:15,124] {logging_mixin.py:104} INFO - https://cdn.iqoption.com/api/quotes-history/quotes/3.0?to=1620921216000&from=1620919416000&active_id=3&only_round=true&_key=1614903660000
[2021-05-14 09:54:15,142] {logging_mixin.py:104} INFO - https://cdn.iqoption.com/api/quotes-history/quotes/3.0?to=1620919416000&from=1620917616000&active_id=1&only_round=true&_key=1614903660000
[2021-05-14 09:54:15,327] {logging_mixin.py:104} INFO - https://cdn.iqoption.com/api/quotes-history/quotes/3.0?to=1620919416000&from=1620917616000&active_id=2&only_round=true&_key=1614903660000
[2021-05-14 09:54:15,880] {logging_mixin.py:104} INFO - https://cdn.iqoption.com/api/quotes-history/quotes/3.0?to=1620919416000&from=1620917616000&active_id=3&only_round=true&_key=1614903660000
[2021-05-14 09:54:16,109] {logging_mixin.py:104} INFO - https://cdn.iqoption.com/api/quotes-history/quotes/3.0?to=1620917616000&from=1620915816000&active_id=1&only_round=true&_key=1614903660000
[2021-05-14 09:54:16,176] {logging_mixin.py:104} INFO - https://cdn.iqoption.com/api/quotes-history/quotes/3.0?to=1620917616000&from=1620915816000&active_id=2&only_round=true&_key=1614903660000
[2021-05-14 09:54:16,184] {logging_mixin.py:104} INFO - https://cdn.iqoption.com/api/quotes-history/quotes/3.0?to=1620917616000&from=1620915816000&active_id=3&only_round=true&_key=1614903660000
[2021-05-14 09:54:16,677] {logging_mixin.py:104} INFO - https://cdn.iqoption.com/api/quotes-history/quotes/3.0?to=1620915816000&from=1620914016000&active_id=1&only_round=true&_key=1614903660000
[2021-05-14 09:54:16,695] {logging_mixin.py:104} INFO - https://cdn.iqoption.com/api/quotes-history/quotes/3.0?to=1620915816000&from=1620914016000&active_id=2&only_round=true&_key=1614903660000
[2021-05-14 09:54:16,811] {logging_mixin.py:104} INFO - https://cdn.iqoption.com/api/quotes-history/quotes/3.0?to=1620915816000&from=1620914016000&active_id=3&only_round=true&_key=1614903660000
[2021-05-14 09:54:16,878] {logging_mixin.py:104} INFO - https://cdn.iqoption.com/api/quotes-history/quotes/3.0?to=1620914016000&from=1620912216000&active_id=1&only_round=true&_key=1614903660000
[2021-05-14 09:54:17,450] {logging_mixin.py:104} INFO - https://cdn.iqoption.com/api/quotes-history/quotes/3.0?to=1620914016000&from=1620912216000&active_id=2&only_round=true&_key=1614903660000
[2021-05-14 09:54:17,847] {logging_mixin.py:104} INFO - https://cdn.iqoption.com/api/quotes-history/quotes/3.0?to=1620914016000&from=1620912216000&active_id=3&only_round=true&_key=1614903660000
[2021-05-14 09:54:17,855] {logging_mixin.py:104} INFO - https://cdn.iqoption.com/api/quotes-history/quotes/3.0?to=1620912216000&from=1620910416000&active_id=1&only_round=true&_key=1614903660000
[2021-05-14 09:54:17,906] {logging_mixin.py:104} INFO - https://cdn.iqoption.com/api/quotes-history/quotes/3.0?to=1620912216000&from=1620910416000&active_id=2&only_round=true&_key=1614903660000
[2021-05-14 09:54:18,310] {logging_mixin.py:104} INFO - https://cdn.iqoption.com/api/quotes-history/quotes/3.0?to=1620912216000&from=1620910416000&active_id=3&only_round=true&_key=1614903660000
[2021-05-14 09:54:19,863] {python.py:118} INFO - Done. Returned value was: None
[2021-05-14 09:54:19,867] {taskinstance.py:1192} INFO - Marking task as SUCCESS. dag_id=etl, task_id=loading_data_to_s3, execution_date=20210514T125321, start_date=20210514T125335, end_date=20210514T125419
[2021-05-14 09:54:19,944] {taskinstance.py:1246} INFO - 1 downstream tasks scheduled from follow-on schedule check
[2021-05-14 09:54:19,984] {local_task_job.py:146} INFO - Task exited with return code 0
