[2021-05-14 18:00:14,410] {taskinstance.py:877} INFO - Dependencies all met for <TaskInstance: etl.loading_data_to_s3 2021-05-14T20:00:00+00:00 [queued]>
[2021-05-14 18:00:14,415] {taskinstance.py:877} INFO - Dependencies all met for <TaskInstance: etl.loading_data_to_s3 2021-05-14T20:00:00+00:00 [queued]>
[2021-05-14 18:00:14,415] {taskinstance.py:1068} INFO - 
--------------------------------------------------------------------------------
[2021-05-14 18:00:14,415] {taskinstance.py:1069} INFO - Starting attempt 1 of 1
[2021-05-14 18:00:14,415] {taskinstance.py:1070} INFO - 
--------------------------------------------------------------------------------
[2021-05-14 18:00:14,421] {taskinstance.py:1089} INFO - Executing <Task(PythonOperator): loading_data_to_s3> on 2021-05-14T20:00:00+00:00
[2021-05-14 18:00:14,425] {standard_task_runner.py:52} INFO - Started process 24549 to run task
[2021-05-14 18:00:14,435] {standard_task_runner.py:76} INFO - Running: ['airflow', 'tasks', 'run', 'etl', 'loading_data_to_s3', '2021-05-14T20:00:00+00:00', '--job-id', '518', '--pool', 'default_pool', '--raw', '--subdir', 'DAGS_FOLDER/etl_dag.py', '--cfg-path', '/var/folders/_f/vg3x3jmj23bcz6s88l7v6fb40000gn/T/tmppelglpbj', '--error-file', '/var/folders/_f/vg3x3jmj23bcz6s88l7v6fb40000gn/T/tmp8hjyucoi']
[2021-05-14 18:00:14,437] {standard_task_runner.py:77} INFO - Job 518: Subtask loading_data_to_s3
[2021-05-14 18:00:14,469] {logging_mixin.py:104} INFO - Running <TaskInstance: etl.loading_data_to_s3 2021-05-14T20:00:00+00:00 [running]> on host 1.0.0.0.0.0.0.0.0.0.0.0.0.0.0.0.0.0.0.0.0.0.0.0.0.0.0.0.0.0.0.0.ip6.arpa
[2021-05-14 18:00:14,494] {taskinstance.py:1283} INFO - Exporting the following env vars:
AIRFLOW_CTX_DAG_OWNER=udacity
AIRFLOW_CTX_DAG_ID=etl
AIRFLOW_CTX_TASK_ID=loading_data_to_s3
AIRFLOW_CTX_EXECUTION_DATE=2021-05-14T20:00:00+00:00
AIRFLOW_CTX_DAG_RUN_ID=scheduled__2021-05-14T20:00:00+00:00
[2021-05-14 18:00:15,627] {logging_mixin.py:104} INFO - Fetching interval list
[2021-05-14 18:00:15,628] {logging_mixin.py:104} INFO - Inverval list built
[2021-05-14 18:00:15,628] {logging_mixin.py:104} INFO - Processing data
[2021-05-14 18:00:15,629] {logging_mixin.py:104} INFO - df initialized
[2021-05-14 18:00:15,629] {logging_mixin.py:104} INFO - ThreadPoolExecutor initialized
[2021-05-14 18:00:15,630] {logging_mixin.py:104} INFO - running function for: (array([1621022415000, 1621024215000]), 1)
[2021-05-14 18:00:15,630] {logging_mixin.py:104} INFO - https://cdn.iqoption.com/api/quotes-history/quotes/3.0?to=1621024215000&from=1621022415000&active_id=1&only_round=true&_key=1614903660000
[2021-05-14 18:00:15,632] {logging_mixin.py:104} INFO - submitted
[2021-05-14 18:00:15,633] {logging_mixin.py:104} INFO - running function for: (array([1621022415000, 1621024215000]), 2)
[2021-05-14 18:00:15,633] {logging_mixin.py:104} INFO - https://cdn.iqoption.com/api/quotes-history/quotes/3.0?to=1621024215000&from=1621022415000&active_id=2&only_round=true&_key=1614903660000
[2021-05-14 18:00:15,634] {logging_mixin.py:104} INFO - https://cdn.iqoption.com/api/quotes-history/quotes/3.0?to=1621024215000&from=1621022415000&active_id=2&only_round=true&_key=1614903660000
submitted
[2021-05-14 18:00:15,635] {logging_mixin.py:104} INFO - running function for: (array([1621022415000, 1621024215000]), 3)
[2021-05-14 18:00:15,636] {logging_mixin.py:104} INFO - https://cdn.iqoption.com/api/quotes-history/quotes/3.0?to=1621024215000&from=1621022415000&active_id=3&only_round=true&_key=1614903660000
[2021-05-14 18:00:15,637] {logging_mixin.py:104} INFO - https://cdn.iqoption.com/api/quotes-history/quotes/3.0?to=1621024215000&from=1621022415000&active_id=3&only_round=true&_key=1614903660000
submitted
[2021-05-14 18:00:19,919] {python.py:118} INFO - Done. Returned value was: None
[2021-05-14 18:00:19,926] {taskinstance.py:1192} INFO - Marking task as SUCCESS. dag_id=etl, task_id=loading_data_to_s3, execution_date=20210514T200000, start_date=20210514T210014, end_date=20210514T210019
[2021-05-14 18:00:19,969] {taskinstance.py:1246} INFO - 1 downstream tasks scheduled from follow-on schedule check
[2021-05-14 18:00:20,001] {local_task_job.py:146} INFO - Task exited with return code 0
