[2021-05-12 19:08:53,915] {taskinstance.py:877} INFO - Dependencies all met for <TaskInstance: etl.create_main_table 2021-05-12T21:00:00+00:00 [queued]>
[2021-05-12 19:08:53,920] {taskinstance.py:877} INFO - Dependencies all met for <TaskInstance: etl.create_main_table 2021-05-12T21:00:00+00:00 [queued]>
[2021-05-12 19:08:53,920] {taskinstance.py:1068} INFO - 
--------------------------------------------------------------------------------
[2021-05-12 19:08:53,920] {taskinstance.py:1069} INFO - Starting attempt 1 of 1
[2021-05-12 19:08:53,920] {taskinstance.py:1070} INFO - 
--------------------------------------------------------------------------------
[2021-05-12 19:08:53,925] {taskinstance.py:1089} INFO - Executing <Task(ExecuteQueryOperator): create_main_table> on 2021-05-12T21:00:00+00:00
[2021-05-12 19:08:53,928] {standard_task_runner.py:52} INFO - Started process 5180 to run task
[2021-05-12 19:08:53,933] {standard_task_runner.py:76} INFO - Running: ['airflow', 'tasks', 'run', 'etl', 'create_main_table', '2021-05-12T21:00:00+00:00', '--job-id', '203', '--pool', 'default_pool', '--raw', '--subdir', 'DAGS_FOLDER/etl_dag.py', '--cfg-path', '/var/folders/_f/vg3x3jmj23bcz6s88l7v6fb40000gn/T/tmp4plg2hl5', '--error-file', '/var/folders/_f/vg3x3jmj23bcz6s88l7v6fb40000gn/T/tmpdh7u_h81']
[2021-05-12 19:08:53,935] {standard_task_runner.py:77} INFO - Job 203: Subtask create_main_table
[2021-05-12 19:08:53,966] {logging_mixin.py:104} INFO - Running <TaskInstance: etl.create_main_table 2021-05-12T21:00:00+00:00 [running]> on host 1.0.0.0.0.0.0.0.0.0.0.0.0.0.0.0.0.0.0.0.0.0.0.0.0.0.0.0.0.0.0.0.ip6.arpa
[2021-05-12 19:08:53,990] {taskinstance.py:1283} INFO - Exporting the following env vars:
AIRFLOW_CTX_DAG_OWNER=udacity
AIRFLOW_CTX_DAG_ID=etl
AIRFLOW_CTX_TASK_ID=create_main_table
AIRFLOW_CTX_EXECUTION_DATE=2021-05-12T21:00:00+00:00
AIRFLOW_CTX_DAG_RUN_ID=scheduled__2021-05-12T21:00:00+00:00
[2021-05-12 19:08:53,991] {execute_query.py:21} INFO - Executing query
[2021-05-12 19:08:53,994] {base.py:78} INFO - Using connection to: id: redshift. Host: redshift-cluster-1.caua6g9a7jto.us-east-1.redshift.amazonaws.com, Port: 5439, Schema: dev, Login: awsuser, Password: XXXXXXXX, extra: None
[2021-05-12 19:08:55,047] {dbapi.py:180} INFO - Running statement: 
    CREATE TABLE IF NOT EXISTS forex.binary_options_historical_quotes (
        quote_sk BIGINT IDENTITY (0, 1),
        date_seconds TIMESTAMP,
        active_id INT,
        value NUMERIC (10, 6),
        PRIMARY KEY (quote_sk)
    );
, parameters: None
[2021-05-12 19:08:55,351] {dbapi.py:186} INFO - Rows affected: -1
[2021-05-12 19:08:55,544] {taskinstance.py:1192} INFO - Marking task as SUCCESS. dag_id=etl, task_id=create_main_table, execution_date=20210512T210000, start_date=20210512T220853, end_date=20210512T220855
[2021-05-12 19:08:55,591] {taskinstance.py:1246} INFO - 1 downstream tasks scheduled from follow-on schedule check
[2021-05-12 19:08:55,635] {local_task_job.py:146} INFO - Task exited with return code 0
