[2021-05-13 14:00:14,723] {taskinstance.py:877} INFO - Dependencies all met for <TaskInstance: etl.loading_data_to_s3 2021-05-13T16:00:00+00:00 [queued]>
[2021-05-13 14:00:14,727] {taskinstance.py:877} INFO - Dependencies all met for <TaskInstance: etl.loading_data_to_s3 2021-05-13T16:00:00+00:00 [queued]>
[2021-05-13 14:00:14,728] {taskinstance.py:1068} INFO - 
--------------------------------------------------------------------------------
[2021-05-13 14:00:14,728] {taskinstance.py:1069} INFO - Starting attempt 1 of 1
[2021-05-13 14:00:14,728] {taskinstance.py:1070} INFO - 
--------------------------------------------------------------------------------
[2021-05-13 14:00:14,735] {taskinstance.py:1089} INFO - Executing <Task(PythonOperator): loading_data_to_s3> on 2021-05-13T16:00:00+00:00
[2021-05-13 14:00:14,740] {standard_task_runner.py:52} INFO - Started process 13722 to run task
[2021-05-13 14:00:14,747] {standard_task_runner.py:76} INFO - Running: ['airflow', 'tasks', 'run', 'etl', 'loading_data_to_s3', '2021-05-13T16:00:00+00:00', '--job-id', '306', '--pool', 'default_pool', '--raw', '--subdir', 'DAGS_FOLDER/etl_dag.py', '--cfg-path', '/var/folders/_f/vg3x3jmj23bcz6s88l7v6fb40000gn/T/tmp_em9y2wr', '--error-file', '/var/folders/_f/vg3x3jmj23bcz6s88l7v6fb40000gn/T/tmpbtfm8d9_']
[2021-05-13 14:00:14,749] {standard_task_runner.py:77} INFO - Job 306: Subtask loading_data_to_s3
[2021-05-13 14:00:14,788] {logging_mixin.py:104} INFO - Running <TaskInstance: etl.loading_data_to_s3 2021-05-13T16:00:00+00:00 [running]> on host 27.2.168.192.in-addr.arpa
[2021-05-13 14:00:14,814] {taskinstance.py:1283} INFO - Exporting the following env vars:
AIRFLOW_CTX_DAG_OWNER=udacity
AIRFLOW_CTX_DAG_ID=etl
AIRFLOW_CTX_TASK_ID=loading_data_to_s3
AIRFLOW_CTX_EXECUTION_DATE=2021-05-13T16:00:00+00:00
AIRFLOW_CTX_DAG_RUN_ID=scheduled__2021-05-13T16:00:00+00:00
[2021-05-13 14:00:16,108] {logging_mixin.py:104} INFO - Fetching interval list
[2021-05-13 14:00:16,109] {logging_mixin.py:104} INFO - Inverval list built
[2021-05-13 14:00:16,110] {logging_mixin.py:104} INFO - Processing data
[2021-05-13 14:00:16,110] {logging_mixin.py:104} INFO - df initialized
[2021-05-13 14:00:16,111] {logging_mixin.py:104} INFO - ThreadPoolExecutor initialized
[2021-05-13 14:00:16,113] {logging_mixin.py:104} INFO - running function for: (array([1620921616000, 1620923416000]), 1)
[2021-05-13 14:00:16,114] {logging_mixin.py:104} INFO - https://cdn.iqoption.com/api/quotes-history/quotes/3.0?to=1620923416000&from=1620921616000&active_id=1&only_round=true&_key=1614903660000
[2021-05-13 14:00:16,116] {logging_mixin.py:104} INFO - submitted
[2021-05-13 14:00:16,117] {logging_mixin.py:104} INFO - running function for: (array([1620921616000, 1620923416000]), 2)
[2021-05-13 14:00:16,117] {logging_mixin.py:104} INFO - https://cdn.iqoption.com/api/quotes-history/quotes/3.0?to=1620923416000&from=1620921616000&active_id=2&only_round=true&_key=1614903660000
[2021-05-13 14:00:16,118] {logging_mixin.py:104} INFO - submitted
[2021-05-13 14:00:16,118] {logging_mixin.py:104} INFO - running function for: (array([1620921616000, 1620923416000]), 3)
[2021-05-13 14:00:16,119] {logging_mixin.py:104} INFO - https://cdn.iqoption.com/api/quotes-history/quotes/3.0?to=1620923416000&from=1620921616000&active_id=3&only_round=true&_key=1614903660000
[2021-05-13 14:00:16,120] {logging_mixin.py:104} INFO - submitted
[2021-05-13 14:00:16,120] {logging_mixin.py:104} INFO - running function for: (array([1620919816000, 1620921616000]), 1)
[2021-05-13 14:00:16,120] {logging_mixin.py:104} INFO - https://cdn.iqoption.com/api/quotes-history/quotes/3.0?to=1620921616000&from=1620919816000&active_id=1&only_round=true&_key=1614903660000
[2021-05-13 14:00:16,121] {logging_mixin.py:104} INFO - submitted
[2021-05-13 14:00:16,122] {logging_mixin.py:104} INFO - running function for: (array([1620919816000, 1620921616000]), 2)
[2021-05-13 14:00:16,122] {logging_mixin.py:104} INFO - https://cdn.iqoption.com/api/quotes-history/quotes/3.0?to=1620921616000&from=1620919816000&active_id=2&only_round=true&_key=1614903660000
[2021-05-13 14:00:16,123] {logging_mixin.py:104} INFO - submitted
[2021-05-13 14:00:16,123] {logging_mixin.py:104} INFO - running function for: (array([1620919816000, 1620921616000]), 3)
[2021-05-13 14:00:16,124] {logging_mixin.py:104} INFO - https://cdn.iqoption.com/api/quotes-history/quotes/3.0?to=1620921616000&from=1620919816000&active_id=3&only_round=true&_key=1614903660000
[2021-05-13 14:00:16,124] {logging_mixin.py:104} INFO - submitted
[2021-05-13 14:00:20,251] {python.py:118} INFO - Done. Returned value was: None
[2021-05-13 14:00:20,257] {taskinstance.py:1192} INFO - Marking task as SUCCESS. dag_id=etl, task_id=loading_data_to_s3, execution_date=20210513T160000, start_date=20210513T170014, end_date=20210513T170020
[2021-05-13 14:00:20,299] {taskinstance.py:1246} INFO - 1 downstream tasks scheduled from follow-on schedule check
[2021-05-13 14:00:20,340] {local_task_job.py:146} INFO - Task exited with return code 0
