[2021-05-14 17:52:05,514] {taskinstance.py:877} INFO - Dependencies all met for <TaskInstance: etl.insert_data_redshift 2021-05-14T20:47:59.658773+00:00 [queued]>
[2021-05-14 17:52:05,519] {taskinstance.py:877} INFO - Dependencies all met for <TaskInstance: etl.insert_data_redshift 2021-05-14T20:47:59.658773+00:00 [queued]>
[2021-05-14 17:52:05,519] {taskinstance.py:1068} INFO - 
--------------------------------------------------------------------------------
[2021-05-14 17:52:05,519] {taskinstance.py:1069} INFO - Starting attempt 1 of 1
[2021-05-14 17:52:05,519] {taskinstance.py:1070} INFO - 
--------------------------------------------------------------------------------
[2021-05-14 17:52:05,526] {taskinstance.py:1089} INFO - Executing <Task(StageToRedshiftOperator): insert_data_redshift> on 2021-05-14T20:47:59.658773+00:00
[2021-05-14 17:52:05,529] {standard_task_runner.py:52} INFO - Started process 24436 to run task
[2021-05-14 17:52:05,537] {standard_task_runner.py:76} INFO - Running: ['airflow', 'tasks', 'run', 'etl', 'insert_data_redshift', '2021-05-14T20:47:59.658773+00:00', '--job-id', '513', '--pool', 'default_pool', '--raw', '--subdir', 'DAGS_FOLDER/etl_dag.py', '--cfg-path', '/var/folders/_f/vg3x3jmj23bcz6s88l7v6fb40000gn/T/tmp_u9xbqyw', '--error-file', '/var/folders/_f/vg3x3jmj23bcz6s88l7v6fb40000gn/T/tmp65y9pozl']
[2021-05-14 17:52:05,538] {standard_task_runner.py:77} INFO - Job 513: Subtask insert_data_redshift
[2021-05-14 17:52:05,568] {logging_mixin.py:104} INFO - Running <TaskInstance: etl.insert_data_redshift 2021-05-14T20:47:59.658773+00:00 [running]> on host 1.0.0.0.0.0.0.0.0.0.0.0.0.0.0.0.0.0.0.0.0.0.0.0.0.0.0.0.0.0.0.0.ip6.arpa
[2021-05-14 17:52:05,593] {taskinstance.py:1283} INFO - Exporting the following env vars:
AIRFLOW_CTX_DAG_OWNER=udacity
AIRFLOW_CTX_DAG_ID=etl
AIRFLOW_CTX_TASK_ID=insert_data_redshift
AIRFLOW_CTX_EXECUTION_DATE=2021-05-14T20:47:59.658773+00:00
AIRFLOW_CTX_DAG_RUN_ID=manual__2021-05-14T20:47:59.658773+00:00
[2021-05-14 17:52:05,594] {base_aws.py:368} INFO - Airflow Connection: aws_conn_id=aws_credentials
[2021-05-14 17:52:05,597] {base_aws.py:166} INFO - Credentials retrieved from login
[2021-05-14 17:52:05,598] {base_aws.py:87} INFO - Creating session with aws_access_key_id=AKIAQ74WHTWTHRQEC6BU region_name=None
[2021-05-14 17:52:05,610] {base_aws.py:157} INFO - role_arn is None
[2021-05-14 17:52:05,610] {insert_data_redshift.py:51} INFO - Copying data from S3 to Redshift
[2021-05-14 17:52:05,610] {insert_data_redshift.py:53} INFO - Rendered Key: consolidated_data
[2021-05-14 17:52:05,613] {base.py:78} INFO - Using connection to: id: redshift. Host: redshift-cluster-1.caua6g9a7jto.us-east-1.redshift.amazonaws.com, Port: 5439, Schema: dev, Login: awsuser, Password: XXXXXXXX, extra: None
[2021-05-14 17:52:06,624] {dbapi.py:180} INFO - Running statement: 
        COPY forex.binary_options_historical_quotes
        FROM 's3://udac-forex-project/consolidated_data'
        ACCESS_KEY_ID 'AKIAQ74WHTWTHRQEC6BU'
        SECRET_ACCESS_KEY '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'
        REGION AS 'us-east-1'
        FORMAT AS CSV
        DELIMITER AS ','
        TIMEFORMAT 'epochsecs'
        IGNOREHEADER 1
        NULL AS 'NULL'
        BLANKSASNULL
        ;
    , parameters: None
[2021-05-14 17:52:19,643] {dbapi.py:186} INFO - Rows affected: -1
[2021-05-14 17:52:19,839] {taskinstance.py:1192} INFO - Marking task as SUCCESS. dag_id=etl, task_id=insert_data_redshift, execution_date=20210514T204759, start_date=20210514T205205, end_date=20210514T205219
[2021-05-14 17:52:19,907] {taskinstance.py:1246} INFO - 1 downstream tasks scheduled from follow-on schedule check
[2021-05-14 17:52:19,931] {local_task_job.py:146} INFO - Task exited with return code 0
