[2021-05-14 15:43:24,840] {taskinstance.py:877} INFO - Dependencies all met for <TaskInstance: etl.loading_data_to_s3 2021-05-14T18:43:12.072373+00:00 [queued]>
[2021-05-14 15:43:24,847] {taskinstance.py:877} INFO - Dependencies all met for <TaskInstance: etl.loading_data_to_s3 2021-05-14T18:43:12.072373+00:00 [queued]>
[2021-05-14 15:43:24,847] {taskinstance.py:1068} INFO - 
--------------------------------------------------------------------------------
[2021-05-14 15:43:24,847] {taskinstance.py:1069} INFO - Starting attempt 1 of 1
[2021-05-14 15:43:24,847] {taskinstance.py:1070} INFO - 
--------------------------------------------------------------------------------
[2021-05-14 15:43:24,853] {taskinstance.py:1089} INFO - Executing <Task(PythonOperator): loading_data_to_s3> on 2021-05-14T18:43:12.072373+00:00
[2021-05-14 15:43:24,857] {standard_task_runner.py:52} INFO - Started process 22307 to run task
[2021-05-14 15:43:24,863] {standard_task_runner.py:76} INFO - Running: ['airflow', 'tasks', 'run', 'etl', 'loading_data_to_s3', '2021-05-14T18:43:12.072373+00:00', '--job-id', '447', '--pool', 'default_pool', '--raw', '--subdir', 'DAGS_FOLDER/etl_dag.py', '--cfg-path', '/var/folders/_f/vg3x3jmj23bcz6s88l7v6fb40000gn/T/tmptm61ohsy', '--error-file', '/var/folders/_f/vg3x3jmj23bcz6s88l7v6fb40000gn/T/tmp4qlm9rh0']
[2021-05-14 15:43:24,865] {standard_task_runner.py:77} INFO - Job 447: Subtask loading_data_to_s3
[2021-05-14 15:43:24,896] {logging_mixin.py:104} INFO - Running <TaskInstance: etl.loading_data_to_s3 2021-05-14T18:43:12.072373+00:00 [running]> on host 1.0.0.0.0.0.0.0.0.0.0.0.0.0.0.0.0.0.0.0.0.0.0.0.0.0.0.0.0.0.0.0.ip6.arpa
[2021-05-14 15:43:24,917] {taskinstance.py:1283} INFO - Exporting the following env vars:
AIRFLOW_CTX_DAG_OWNER=udacity
AIRFLOW_CTX_DAG_ID=etl
AIRFLOW_CTX_TASK_ID=loading_data_to_s3
AIRFLOW_CTX_EXECUTION_DATE=2021-05-14T18:43:12.072373+00:00
AIRFLOW_CTX_DAG_RUN_ID=manual__2021-05-14T18:43:12.072373+00:00
[2021-05-14 15:43:26,022] {logging_mixin.py:104} INFO - Fetching interval list
[2021-05-14 15:43:26,024] {logging_mixin.py:104} INFO - Inverval list built
[2021-05-14 15:43:26,025] {logging_mixin.py:104} INFO - Processing data
[2021-05-14 15:43:26,025] {logging_mixin.py:104} INFO - df initialized
[2021-05-14 15:43:26,026] {logging_mixin.py:104} INFO - ThreadPoolExecutor initialized
[2021-05-14 15:43:26,027] {logging_mixin.py:104} INFO - running function for: (array([1621014206000, 1621016006000]), 1)
[2021-05-14 15:43:26,028] {logging_mixin.py:104} INFO - https://cdn.iqoption.com/api/quotes-history/quotes/3.0?to=1621016006000&from=1621014206000&active_id=1&only_round=true&_key=1614903660000
[2021-05-14 15:43:26,030] {logging_mixin.py:104} INFO - submitted
[2021-05-14 15:43:26,031] {logging_mixin.py:104} INFO - running function for: (array([1621014206000, 1621016006000]), 2)
[2021-05-14 15:43:26,031] {logging_mixin.py:104} INFO - https://cdn.iqoption.com/api/quotes-history/quotes/3.0?to=1621016006000&from=1621014206000&active_id=2&only_round=true&_key=1614903660000
[2021-05-14 15:43:26,032] {logging_mixin.py:104} INFO - submitted
[2021-05-14 15:43:26,032] {logging_mixin.py:104} INFO - running function for: (array([1621014206000, 1621016006000]), 3)
[2021-05-14 15:43:26,033] {logging_mixin.py:104} INFO - https://cdn.iqoption.com/api/quotes-history/quotes/3.0?to=1621016006000&from=1621014206000&active_id=3&only_round=true&_key=1614903660000
[2021-05-14 15:43:26,033] {logging_mixin.py:104} INFO - submitted
[2021-05-14 15:43:26,034] {logging_mixin.py:104} INFO - running function for: (array([1621012406000, 1621014206000]), 1)
[2021-05-14 15:43:26,034] {logging_mixin.py:104} INFO - https://cdn.iqoption.com/api/quotes-history/quotes/3.0?to=1621014206000&from=1621012406000&active_id=1&only_round=true&_key=1614903660000
[2021-05-14 15:43:26,036] {logging_mixin.py:104} INFO - submitted
[2021-05-14 15:43:26,036] {logging_mixin.py:104} INFO - running function for: (array([1621012406000, 1621014206000]), 2)
[2021-05-14 15:43:26,037] {logging_mixin.py:104} INFO - https://cdn.iqoption.com/api/quotes-history/quotes/3.0?to=1621014206000&from=1621012406000&active_id=2&only_round=true&_key=1614903660000
[2021-05-14 15:43:26,038] {logging_mixin.py:104} INFO - submitted
[2021-05-14 15:43:26,038] {logging_mixin.py:104} INFO - running function for: (array([1621012406000, 1621014206000]), 3)
[2021-05-14 15:43:26,039] {logging_mixin.py:104} INFO - https://cdn.iqoption.com/api/quotes-history/quotes/3.0?to=1621014206000&from=1621012406000&active_id=3&only_round=true&_key=1614903660000
[2021-05-14 15:43:26,039] {logging_mixin.py:104} INFO - submitted
[2021-05-14 15:43:26,040] {logging_mixin.py:104} INFO - running function for: (array([1621010606000, 1621012406000]), 1)
[2021-05-14 15:43:26,042] {logging_mixin.py:104} INFO - https://cdn.iqoption.com/api/quotes-history/quotes/3.0?to=1621012406000&from=1621010606000&active_id=1&only_round=true&_key=1614903660000
[2021-05-14 15:43:26,044] {logging_mixin.py:104} INFO - submitted
[2021-05-14 15:43:26,044] {logging_mixin.py:104} INFO - running function for: (array([1621010606000, 1621012406000]), 2)
[2021-05-14 15:43:26,044] {logging_mixin.py:104} INFO - https://cdn.iqoption.com/api/quotes-history/quotes/3.0?to=1621012406000&from=1621010606000&active_id=2&only_round=true&_key=1614903660000
[2021-05-14 15:43:26,046] {logging_mixin.py:104} INFO - submitted
[2021-05-14 15:43:26,046] {logging_mixin.py:104} INFO - running function for: (array([1621010606000, 1621012406000]), 3)
[2021-05-14 15:43:26,046] {logging_mixin.py:104} INFO - submitted
[2021-05-14 15:43:26,047] {logging_mixin.py:104} INFO - running function for: (array([1621008806000, 1621010606000]), 1)
[2021-05-14 15:43:26,047] {logging_mixin.py:104} INFO - submitted
[2021-05-14 15:43:26,047] {logging_mixin.py:104} INFO - running function for: (array([1621008806000, 1621010606000]), 2)
[2021-05-14 15:43:26,047] {logging_mixin.py:104} INFO - submitted
[2021-05-14 15:43:26,048] {logging_mixin.py:104} INFO - running function for: (array([1621008806000, 1621010606000]), 3)
[2021-05-14 15:43:26,048] {logging_mixin.py:104} INFO - submitted
[2021-05-14 15:43:29,628] {logging_mixin.py:104} INFO - https://cdn.iqoption.com/api/quotes-history/quotes/3.0?to=1621012406000&from=1621010606000&active_id=3&only_round=true&_key=1614903660000
[2021-05-14 15:43:29,632] {logging_mixin.py:104} INFO - https://cdn.iqoption.com/api/quotes-history/quotes/3.0?to=1621010606000&from=1621008806000&active_id=1&only_round=true&_key=1614903660000
[2021-05-14 15:43:29,666] {logging_mixin.py:104} INFO - https://cdn.iqoption.com/api/quotes-history/quotes/3.0?to=1621010606000&from=1621008806000&active_id=2&only_round=true&_key=1614903660000
[2021-05-14 15:43:29,668] {logging_mixin.py:104} INFO - https://cdn.iqoption.com/api/quotes-history/quotes/3.0?to=1621010606000&from=1621008806000&active_id=3&only_round=true&_key=1614903660000
[2021-05-14 15:50:29,684] {process_utils.py:100} INFO - Sending Signals.SIGTERM to GPID 22307
[2021-05-14 15:50:29,685] {taskinstance.py:1265} ERROR - Received SIGTERM. Terminating subprocesses.
[2021-05-14 15:50:29,692] {taskinstance.py:1482} ERROR - Task failed with exception
Traceback (most recent call last):
  File "/Library/Frameworks/Python.framework/Versions/3.7/lib/python3.7/site-packages/airflow/models/taskinstance.py", line 1138, in _run_raw_task
    self._prepare_and_execute_task_with_callbacks(context, task)
  File "/Library/Frameworks/Python.framework/Versions/3.7/lib/python3.7/site-packages/airflow/models/taskinstance.py", line 1311, in _prepare_and_execute_task_with_callbacks
    result = self._execute_task(context, task_copy)
  File "/Library/Frameworks/Python.framework/Versions/3.7/lib/python3.7/site-packages/airflow/models/taskinstance.py", line 1341, in _execute_task
    result = task_copy.execute(context=context)
  File "/Library/Frameworks/Python.framework/Versions/3.7/lib/python3.7/site-packages/airflow/operators/python.py", line 117, in execute
    return_value = self.execute_callable()
  File "/Library/Frameworks/Python.framework/Versions/3.7/lib/python3.7/site-packages/airflow/operators/python.py", line 128, in execute_callable
    return self.python_callable(*self.op_args, **self.op_kwargs)
  File "/Users/raphaelcarvalho/Documents/forex/load_data_to_s3.py", line 33, in load_data_to_s3
    f.run_etl(min_ts=date_from, end_ts=date_to, step=step, active_id=active_ids, date=today)
  File "/Users/raphaelcarvalho/Documents/forex/functions.py", line 138, in run_etl
    processed_data = process_data(api_calls, date, n_threads=8)
  File "/Users/raphaelcarvalho/Documents/forex/functions.py", line 123, in process_data
    print("submitted")
  File "/Library/Frameworks/Python.framework/Versions/3.7/lib/python3.7/concurrent/futures/_base.py", line 611, in __exit__
    self.shutdown(wait=True)
  File "/Library/Frameworks/Python.framework/Versions/3.7/lib/python3.7/concurrent/futures/thread.py", line 204, in shutdown
    t.join()
  File "/Library/Frameworks/Python.framework/Versions/3.7/lib/python3.7/threading.py", line 1032, in join
    self._wait_for_tstate_lock()
  File "/Library/Frameworks/Python.framework/Versions/3.7/lib/python3.7/threading.py", line 1048, in _wait_for_tstate_lock
    elif lock.acquire(block, timeout):
  File "/Library/Frameworks/Python.framework/Versions/3.7/lib/python3.7/site-packages/airflow/models/taskinstance.py", line 1267, in signal_handler
    raise AirflowException("Task received SIGTERM signal")
airflow.exceptions.AirflowException: Task received SIGTERM signal
[2021-05-14 15:50:29,705] {taskinstance.py:1532} INFO - Marking task as FAILED. dag_id=etl, task_id=loading_data_to_s3, execution_date=20210514T184312, start_date=20210514T184324, end_date=20210514T185029
[2021-05-14 15:50:29,740] {process_utils.py:66} INFO - Process psutil.Process(pid=22307, status='terminated', exitcode=1, started='15:43:24') (22307) terminated with exit code 1
