[2021-05-14 18:00:22,398] {taskinstance.py:877} INFO - Dependencies all met for <TaskInstance: etl.removing_local_files 2021-05-14T20:00:00+00:00 [queued]>
[2021-05-14 18:00:22,404] {taskinstance.py:877} INFO - Dependencies all met for <TaskInstance: etl.removing_local_files 2021-05-14T20:00:00+00:00 [queued]>
[2021-05-14 18:00:22,404] {taskinstance.py:1068} INFO - 
--------------------------------------------------------------------------------
[2021-05-14 18:00:22,404] {taskinstance.py:1069} INFO - Starting attempt 1 of 1
[2021-05-14 18:00:22,404] {taskinstance.py:1070} INFO - 
--------------------------------------------------------------------------------
[2021-05-14 18:00:22,411] {taskinstance.py:1089} INFO - Executing <Task(PythonOperator): removing_local_files> on 2021-05-14T20:00:00+00:00
[2021-05-14 18:00:22,414] {standard_task_runner.py:52} INFO - Started process 24555 to run task
[2021-05-14 18:00:22,421] {standard_task_runner.py:76} INFO - Running: ['airflow', 'tasks', 'run', 'etl', 'removing_local_files', '2021-05-14T20:00:00+00:00', '--job-id', '519', '--pool', 'default_pool', '--raw', '--subdir', 'DAGS_FOLDER/etl_dag.py', '--cfg-path', '/var/folders/_f/vg3x3jmj23bcz6s88l7v6fb40000gn/T/tmplkoh__kv', '--error-file', '/var/folders/_f/vg3x3jmj23bcz6s88l7v6fb40000gn/T/tmpymji0aei']
[2021-05-14 18:00:22,424] {standard_task_runner.py:77} INFO - Job 519: Subtask removing_local_files
[2021-05-14 18:00:22,465] {logging_mixin.py:104} INFO - Running <TaskInstance: etl.removing_local_files 2021-05-14T20:00:00+00:00 [running]> on host 1.0.0.0.0.0.0.0.0.0.0.0.0.0.0.0.0.0.0.0.0.0.0.0.0.0.0.0.0.0.0.0.ip6.arpa
[2021-05-14 18:00:22,494] {taskinstance.py:1283} INFO - Exporting the following env vars:
AIRFLOW_CTX_DAG_OWNER=udacity
AIRFLOW_CTX_DAG_ID=etl
AIRFLOW_CTX_TASK_ID=removing_local_files
AIRFLOW_CTX_EXECUTION_DATE=2021-05-14T20:00:00+00:00
AIRFLOW_CTX_DAG_RUN_ID=scheduled__2021-05-14T20:00:00+00:00
[2021-05-14 18:00:22,496] {python.py:118} INFO - Done. Returned value was: None
[2021-05-14 18:00:22,500] {taskinstance.py:1192} INFO - Marking task as SUCCESS. dag_id=etl, task_id=removing_local_files, execution_date=20210514T200000, start_date=20210514T210022, end_date=20210514T210022
[2021-05-14 18:00:22,551] {taskinstance.py:1246} INFO - 1 downstream tasks scheduled from follow-on schedule check
[2021-05-14 18:00:22,560] {local_task_job.py:146} INFO - Task exited with return code 0
