[2021-05-14 17:48:14,227] {taskinstance.py:877} INFO - Dependencies all met for <TaskInstance: etl.loading_data_to_s3 2021-05-14T20:47:59.658773+00:00 [queued]>
[2021-05-14 17:48:14,232] {taskinstance.py:877} INFO - Dependencies all met for <TaskInstance: etl.loading_data_to_s3 2021-05-14T20:47:59.658773+00:00 [queued]>
[2021-05-14 17:48:14,232] {taskinstance.py:1068} INFO - 
--------------------------------------------------------------------------------
[2021-05-14 17:48:14,232] {taskinstance.py:1069} INFO - Starting attempt 1 of 1
[2021-05-14 17:48:14,232] {taskinstance.py:1070} INFO - 
--------------------------------------------------------------------------------
[2021-05-14 17:48:14,238] {taskinstance.py:1089} INFO - Executing <Task(PythonOperator): loading_data_to_s3> on 2021-05-14T20:47:59.658773+00:00
[2021-05-14 17:48:14,241] {standard_task_runner.py:52} INFO - Started process 24360 to run task
[2021-05-14 17:48:14,250] {standard_task_runner.py:76} INFO - Running: ['airflow', 'tasks', 'run', 'etl', 'loading_data_to_s3', '2021-05-14T20:47:59.658773+00:00', '--job-id', '510', '--pool', 'default_pool', '--raw', '--subdir', 'DAGS_FOLDER/etl_dag.py', '--cfg-path', '/var/folders/_f/vg3x3jmj23bcz6s88l7v6fb40000gn/T/tmpzvubo3gf', '--error-file', '/var/folders/_f/vg3x3jmj23bcz6s88l7v6fb40000gn/T/tmpt14iltjf']
[2021-05-14 17:48:14,253] {standard_task_runner.py:77} INFO - Job 510: Subtask loading_data_to_s3
[2021-05-14 17:48:14,290] {logging_mixin.py:104} INFO - Running <TaskInstance: etl.loading_data_to_s3 2021-05-14T20:47:59.658773+00:00 [running]> on host 1.0.0.0.0.0.0.0.0.0.0.0.0.0.0.0.0.0.0.0.0.0.0.0.0.0.0.0.0.0.0.0.ip6.arpa
[2021-05-14 17:48:14,336] {taskinstance.py:1283} INFO - Exporting the following env vars:
AIRFLOW_CTX_DAG_OWNER=udacity
AIRFLOW_CTX_DAG_ID=etl
AIRFLOW_CTX_TASK_ID=loading_data_to_s3
AIRFLOW_CTX_EXECUTION_DATE=2021-05-14T20:47:59.658773+00:00
AIRFLOW_CTX_DAG_RUN_ID=manual__2021-05-14T20:47:59.658773+00:00
[2021-05-14 17:48:15,487] {logging_mixin.py:104} INFO - Fetching interval list
[2021-05-14 17:48:15,488] {logging_mixin.py:104} INFO - Inverval list built
[2021-05-14 17:48:15,489] {logging_mixin.py:104} INFO - Processing data
[2021-05-14 17:48:15,489] {logging_mixin.py:104} INFO - df initialized
[2021-05-14 17:48:15,490] {logging_mixin.py:104} INFO - ThreadPoolExecutor initialized
[2021-05-14 17:48:15,491] {logging_mixin.py:104} INFO - running function for: (array([1621021695000, 1621023495000]), 1)
[2021-05-14 17:48:15,492] {logging_mixin.py:104} INFO - https://cdn.iqoption.com/api/quotes-history/quotes/3.0?to=1621023495000&from=1621021695000&active_id=1&only_round=true&_key=1614903660000
[2021-05-14 17:48:15,494] {logging_mixin.py:104} INFO - submitted
[2021-05-14 17:48:15,495] {logging_mixin.py:104} INFO - running function for: (array([1621021695000, 1621023495000]), 2)
[2021-05-14 17:48:15,495] {logging_mixin.py:104} INFO - https://cdn.iqoption.com/api/quotes-history/quotes/3.0?to=1621023495000&from=1621021695000&active_id=2&only_round=true&_key=1614903660000
[2021-05-14 17:48:15,497] {logging_mixin.py:104} INFO - submitted
[2021-05-14 17:48:15,498] {logging_mixin.py:104} INFO - running function for: (array([1621021695000, 1621023495000]), 3)
[2021-05-14 17:48:15,499] {logging_mixin.py:104} INFO - https://cdn.iqoption.com/api/quotes-history/quotes/3.0?to=1621023495000&from=1621021695000&active_id=3&only_round=true&_key=1614903660000
[2021-05-14 17:48:15,499] {logging_mixin.py:104} INFO - https://cdn.iqoption.com/api/quotes-history/quotes/3.0?to=1621023495000&from=1621021695000&active_id=3&only_round=true&_key=1614903660000
submitted
[2021-05-14 17:48:15,503] {logging_mixin.py:104} INFO - running function for: (array([1621019895000, 1621021695000]), 1)
[2021-05-14 17:48:15,506] {logging_mixin.py:104} INFO - https://cdn.iqoption.com/api/quotes-history/quotes/3.0?to=1621021695000&from=1621019895000&active_id=1&only_round=true&_key=1614903660000
[2021-05-14 17:48:15,508] {logging_mixin.py:104} INFO - https://cdn.iqoption.com/api/quotes-history/quotes/3.0?to=1621021695000&from=1621019895000&active_id=1&only_round=true&_key=1614903660000
submitted
[2021-05-14 17:48:15,511] {logging_mixin.py:104} INFO - running function for: (array([1621019895000, 1621021695000]), 2)
[2021-05-14 17:48:15,514] {logging_mixin.py:104} INFO - https://cdn.iqoption.com/api/quotes-history/quotes/3.0?to=1621021695000&from=1621019895000&active_id=2&only_round=true&_key=1614903660000
[2021-05-14 17:48:15,515] {logging_mixin.py:104} INFO - submitted
[2021-05-14 17:48:15,517] {logging_mixin.py:104} INFO - running function for: (array([1621019895000, 1621021695000]), 3)
[2021-05-14 17:48:15,518] {logging_mixin.py:104} INFO - https://cdn.iqoption.com/api/quotes-history/quotes/3.0?to=1621021695000&from=1621019895000&active_id=3&only_round=true&_key=1614903660000
[2021-05-14 17:48:15,519] {logging_mixin.py:104} INFO - https://cdn.iqoption.com/api/quotes-history/quotes/3.0?to=1621021695000&from=1621019895000&active_id=3&only_round=true&_key=1614903660000
submitted
[2021-05-14 17:48:15,521] {logging_mixin.py:104} INFO - running function for: (array([1621018095000, 1621019895000]), 1)
[2021-05-14 17:48:15,522] {logging_mixin.py:104} INFO - https://cdn.iqoption.com/api/quotes-history/quotes/3.0?to=1621019895000&from=1621018095000&active_id=1&only_round=true&_key=1614903660000
[2021-05-14 17:48:15,523] {logging_mixin.py:104} INFO - https://cdn.iqoption.com/api/quotes-history/quotes/3.0?to=1621019895000&from=1621018095000&active_id=1&only_round=true&_key=1614903660000
submitted
[2021-05-14 17:48:15,524] {logging_mixin.py:104} INFO - running function for: (array([1621018095000, 1621019895000]), 2)
[2021-05-14 17:48:15,526] {logging_mixin.py:104} INFO - https://cdn.iqoption.com/api/quotes-history/quotes/3.0?to=1621019895000&from=1621018095000&active_id=2&only_round=true&_key=1614903660000
[2021-05-14 17:48:15,526] {logging_mixin.py:104} INFO - https://cdn.iqoption.com/api/quotes-history/quotes/3.0?to=1621019895000&from=1621018095000&active_id=2&only_round=true&_key=1614903660000
submitted
[2021-05-14 17:48:15,527] {logging_mixin.py:104} INFO - running function for: (array([1621018095000, 1621019895000]), 3)
[2021-05-14 17:48:15,528] {logging_mixin.py:104} INFO - submitted
[2021-05-14 17:48:15,529] {logging_mixin.py:104} INFO - running function for: (array([1621016295000, 1621018095000]), 1)
[2021-05-14 17:48:15,530] {logging_mixin.py:104} INFO - submitted
[2021-05-14 17:48:15,531] {logging_mixin.py:104} INFO - running function for: (array([1621016295000, 1621018095000]), 2)
[2021-05-14 17:48:15,532] {logging_mixin.py:104} INFO - submitted
[2021-05-14 17:48:15,532] {logging_mixin.py:104} INFO - running function for: (array([1621016295000, 1621018095000]), 3)
[2021-05-14 17:48:15,533] {logging_mixin.py:104} INFO - submitted
[2021-05-14 17:48:15,534] {logging_mixin.py:104} INFO - running function for: (array([1621014495000, 1621016295000]), 1)
[2021-05-14 17:48:15,534] {logging_mixin.py:104} INFO - submitted
[2021-05-14 17:48:15,535] {logging_mixin.py:104} INFO - running function for: (array([1621014495000, 1621016295000]), 2)
[2021-05-14 17:48:15,535] {logging_mixin.py:104} INFO - submitted
[2021-05-14 17:48:15,535] {logging_mixin.py:104} INFO - running function for: (array([1621014495000, 1621016295000]), 3)
[2021-05-14 17:48:15,535] {logging_mixin.py:104} INFO - submitted
[2021-05-14 17:48:15,536] {logging_mixin.py:104} INFO - running function for: (array([1621012695000, 1621014495000]), 1)
[2021-05-14 17:48:15,536] {logging_mixin.py:104} INFO - submitted
[2021-05-14 17:48:15,536] {logging_mixin.py:104} INFO - running function for: (array([1621012695000, 1621014495000]), 2)
[2021-05-14 17:48:15,536] {logging_mixin.py:104} INFO - submitted
[2021-05-14 17:48:15,537] {logging_mixin.py:104} INFO - running function for: (array([1621012695000, 1621014495000]), 3)
[2021-05-14 17:48:15,537] {logging_mixin.py:104} INFO - submitted
[2021-05-14 17:48:15,538] {logging_mixin.py:104} INFO - running function for: (array([1621010895000, 1621012695000]), 1)
[2021-05-14 17:48:15,538] {logging_mixin.py:104} INFO - submitted
[2021-05-14 17:48:15,539] {logging_mixin.py:104} INFO - running function for: (array([1621010895000, 1621012695000]), 2)
[2021-05-14 17:48:15,539] {logging_mixin.py:104} INFO - submitted
[2021-05-14 17:48:15,540] {logging_mixin.py:104} INFO - running function for: (array([1621010895000, 1621012695000]), 3)
[2021-05-14 17:48:15,540] {logging_mixin.py:104} INFO - submitted
[2021-05-14 17:48:15,541] {logging_mixin.py:104} INFO - running function for: (array([1621009095000, 1621010895000]), 1)
[2021-05-14 17:48:15,541] {logging_mixin.py:104} INFO - submitted
[2021-05-14 17:48:15,541] {logging_mixin.py:104} INFO - running function for: (array([1621009095000, 1621010895000]), 2)
[2021-05-14 17:48:15,542] {logging_mixin.py:104} INFO - submitted
[2021-05-14 17:48:15,543] {logging_mixin.py:104} INFO - running function for: (array([1621009095000, 1621010895000]), 3)
[2021-05-14 17:48:15,543] {logging_mixin.py:104} INFO - submitted
[2021-05-14 17:48:15,544] {logging_mixin.py:104} INFO - running function for: (array([1621007295000, 1621009095000]), 1)
[2021-05-14 17:48:15,544] {logging_mixin.py:104} INFO - submitted
[2021-05-14 17:48:15,545] {logging_mixin.py:104} INFO - running function for: (array([1621007295000, 1621009095000]), 2)
[2021-05-14 17:48:15,545] {logging_mixin.py:104} INFO - submitted
[2021-05-14 17:48:15,545] {logging_mixin.py:104} INFO - running function for: (array([1621007295000, 1621009095000]), 3)
[2021-05-14 17:48:15,546] {logging_mixin.py:104} INFO - submitted
[2021-05-14 17:48:15,547] {logging_mixin.py:104} INFO - running function for: (array([1621005495000, 1621007295000]), 1)
[2021-05-14 17:48:15,547] {logging_mixin.py:104} INFO - submitted
[2021-05-14 17:48:15,548] {logging_mixin.py:104} INFO - running function for: (array([1621005495000, 1621007295000]), 2)
[2021-05-14 17:48:15,548] {logging_mixin.py:104} INFO - submitted
[2021-05-14 17:48:15,549] {logging_mixin.py:104} INFO - running function for: (array([1621005495000, 1621007295000]), 3)
[2021-05-14 17:48:15,549] {logging_mixin.py:104} INFO - submitted
[2021-05-14 17:48:15,549] {logging_mixin.py:104} INFO - running function for: (array([1621003695000, 1621005495000]), 1)
[2021-05-14 17:48:15,550] {logging_mixin.py:104} INFO - submitted
[2021-05-14 17:48:15,550] {logging_mixin.py:104} INFO - running function for: (array([1621003695000, 1621005495000]), 2)
[2021-05-14 17:48:15,551] {logging_mixin.py:104} INFO - submitted
[2021-05-14 17:48:15,551] {logging_mixin.py:104} INFO - running function for: (array([1621003695000, 1621005495000]), 3)
[2021-05-14 17:48:15,551] {logging_mixin.py:104} INFO - submitted
[2021-05-14 17:48:15,552] {logging_mixin.py:104} INFO - running function for: (array([1621001895000, 1621003695000]), 1)
[2021-05-14 17:48:15,552] {logging_mixin.py:104} INFO - submitted
[2021-05-14 17:48:15,552] {logging_mixin.py:104} INFO - running function for: (array([1621001895000, 1621003695000]), 2)
[2021-05-14 17:48:15,553] {logging_mixin.py:104} INFO - submitted
[2021-05-14 17:48:15,553] {logging_mixin.py:104} INFO - running function for: (array([1621001895000, 1621003695000]), 3)
[2021-05-14 17:48:15,553] {logging_mixin.py:104} INFO - submitted
[2021-05-14 17:48:15,553] {logging_mixin.py:104} INFO - running function for: (array([1621000095000, 1621001895000]), 1)
[2021-05-14 17:48:15,554] {logging_mixin.py:104} INFO - submitted
[2021-05-14 17:48:15,554] {logging_mixin.py:104} INFO - running function for: (array([1621000095000, 1621001895000]), 2)
[2021-05-14 17:48:15,554] {logging_mixin.py:104} INFO - submitted
[2021-05-14 17:48:15,555] {logging_mixin.py:104} INFO - running function for: (array([1621000095000, 1621001895000]), 3)
[2021-05-14 17:48:15,555] {logging_mixin.py:104} INFO - submitted
[2021-05-14 17:48:15,556] {logging_mixin.py:104} INFO - running function for: (array([1620998295000, 1621000095000]), 1)
[2021-05-14 17:48:15,556] {logging_mixin.py:104} INFO - submitted
[2021-05-14 17:48:15,557] {logging_mixin.py:104} INFO - running function for: (array([1620998295000, 1621000095000]), 2)
[2021-05-14 17:48:15,557] {logging_mixin.py:104} INFO - submitted
[2021-05-14 17:48:15,558] {logging_mixin.py:104} INFO - running function for: (array([1620998295000, 1621000095000]), 3)
[2021-05-14 17:48:15,558] {logging_mixin.py:104} INFO - submitted
[2021-05-14 17:48:15,559] {logging_mixin.py:104} INFO - running function for: (array([1620996495000, 1620998295000]), 1)
[2021-05-14 17:48:15,559] {logging_mixin.py:104} INFO - submitted
[2021-05-14 17:48:15,560] {logging_mixin.py:104} INFO - running function for: (array([1620996495000, 1620998295000]), 2)
[2021-05-14 17:48:15,560] {logging_mixin.py:104} INFO - submitted
[2021-05-14 17:48:15,561] {logging_mixin.py:104} INFO - running function for: (array([1620996495000, 1620998295000]), 3)
[2021-05-14 17:48:15,561] {logging_mixin.py:104} INFO - submitted
[2021-05-14 17:48:15,561] {logging_mixin.py:104} INFO - running function for: (array([1620994695000, 1620996495000]), 1)
[2021-05-14 17:48:15,562] {logging_mixin.py:104} INFO - submitted
[2021-05-14 17:48:15,563] {logging_mixin.py:104} INFO - running function for: (array([1620994695000, 1620996495000]), 2)
[2021-05-14 17:48:15,563] {logging_mixin.py:104} INFO - submitted
[2021-05-14 17:48:15,564] {logging_mixin.py:104} INFO - running function for: (array([1620994695000, 1620996495000]), 3)
[2021-05-14 17:48:15,565] {logging_mixin.py:104} INFO - submitted
[2021-05-14 17:48:15,565] {logging_mixin.py:104} INFO - running function for: (array([1620992895000, 1620994695000]), 1)
[2021-05-14 17:48:15,565] {logging_mixin.py:104} INFO - submitted
[2021-05-14 17:48:15,567] {logging_mixin.py:104} INFO - running function for: (array([1620992895000, 1620994695000]), 2)
[2021-05-14 17:48:15,567] {logging_mixin.py:104} INFO - submitted
[2021-05-14 17:48:15,567] {logging_mixin.py:104} INFO - running function for: (array([1620992895000, 1620994695000]), 3)
[2021-05-14 17:48:15,568] {logging_mixin.py:104} INFO - submitted
[2021-05-14 17:48:15,568] {logging_mixin.py:104} INFO - running function for: (array([1620991095000, 1620992895000]), 1)
[2021-05-14 17:48:15,569] {logging_mixin.py:104} INFO - submitted
[2021-05-14 17:48:15,569] {logging_mixin.py:104} INFO - running function for: (array([1620991095000, 1620992895000]), 2)
[2021-05-14 17:48:15,569] {logging_mixin.py:104} INFO - submitted
[2021-05-14 17:48:15,569] {logging_mixin.py:104} INFO - running function for: (array([1620991095000, 1620992895000]), 3)
[2021-05-14 17:48:15,570] {logging_mixin.py:104} INFO - submitted
[2021-05-14 17:48:15,570] {logging_mixin.py:104} INFO - running function for: (array([1620989295000, 1620991095000]), 1)
[2021-05-14 17:48:15,570] {logging_mixin.py:104} INFO - submitted
[2021-05-14 17:48:15,570] {logging_mixin.py:104} INFO - running function for: (array([1620989295000, 1620991095000]), 2)
[2021-05-14 17:48:15,571] {logging_mixin.py:104} INFO - submitted
[2021-05-14 17:48:15,571] {logging_mixin.py:104} INFO - running function for: (array([1620989295000, 1620991095000]), 3)
[2021-05-14 17:48:15,572] {logging_mixin.py:104} INFO - submitted
[2021-05-14 17:48:15,572] {logging_mixin.py:104} INFO - running function for: (array([1620987495000, 1620989295000]), 1)
[2021-05-14 17:48:15,573] {logging_mixin.py:104} INFO - submitted
[2021-05-14 17:48:15,573] {logging_mixin.py:104} INFO - running function for: (array([1620987495000, 1620989295000]), 2)
[2021-05-14 17:48:15,573] {logging_mixin.py:104} INFO - submitted
[2021-05-14 17:48:15,574] {logging_mixin.py:104} INFO - running function for: (array([1620987495000, 1620989295000]), 3)
[2021-05-14 17:48:15,575] {logging_mixin.py:104} INFO - submitted
[2021-05-14 17:48:15,575] {logging_mixin.py:104} INFO - running function for: (array([1620985695000, 1620987495000]), 1)
[2021-05-14 17:48:15,575] {logging_mixin.py:104} INFO - submitted
[2021-05-14 17:48:15,576] {logging_mixin.py:104} INFO - running function for: (array([1620985695000, 1620987495000]), 2)
[2021-05-14 17:48:15,576] {logging_mixin.py:104} INFO - submitted
[2021-05-14 17:48:15,579] {logging_mixin.py:104} INFO - running function for: (array([1620985695000, 1620987495000]), 3)
[2021-05-14 17:48:15,580] {logging_mixin.py:104} INFO - submitted
[2021-05-14 17:48:15,580] {logging_mixin.py:104} INFO - running function for: (array([1620983895000, 1620985695000]), 1)
[2021-05-14 17:48:15,581] {logging_mixin.py:104} INFO - submitted
[2021-05-14 17:48:15,581] {logging_mixin.py:104} INFO - running function for: (array([1620983895000, 1620985695000]), 2)
[2021-05-14 17:48:15,582] {logging_mixin.py:104} INFO - submitted
[2021-05-14 17:48:15,582] {logging_mixin.py:104} INFO - running function for: (array([1620983895000, 1620985695000]), 3)
[2021-05-14 17:48:15,582] {logging_mixin.py:104} INFO - submitted
[2021-05-14 17:48:15,582] {logging_mixin.py:104} INFO - running function for: (array([1620982095000, 1620983895000]), 1)
[2021-05-14 17:48:15,583] {logging_mixin.py:104} INFO - submitted
[2021-05-14 17:48:15,583] {logging_mixin.py:104} INFO - running function for: (array([1620982095000, 1620983895000]), 2)
[2021-05-14 17:48:15,584] {logging_mixin.py:104} INFO - submitted
[2021-05-14 17:48:15,585] {logging_mixin.py:104} INFO - running function for: (array([1620982095000, 1620983895000]), 3)
[2021-05-14 17:48:15,586] {logging_mixin.py:104} INFO - submitted
[2021-05-14 17:48:15,586] {logging_mixin.py:104} INFO - running function for: (array([1620980295000, 1620982095000]), 1)
[2021-05-14 17:48:15,586] {logging_mixin.py:104} INFO - submitted
[2021-05-14 17:48:15,587] {logging_mixin.py:104} INFO - running function for: (array([1620980295000, 1620982095000]), 2)
[2021-05-14 17:48:15,587] {logging_mixin.py:104} INFO - submitted
[2021-05-14 17:48:15,587] {logging_mixin.py:104} INFO - running function for: (array([1620980295000, 1620982095000]), 3)
[2021-05-14 17:48:15,588] {logging_mixin.py:104} INFO - submitted
[2021-05-14 17:48:15,588] {logging_mixin.py:104} INFO - running function for: (array([1620978495000, 1620980295000]), 1)
[2021-05-14 17:48:15,588] {logging_mixin.py:104} INFO - submitted
[2021-05-14 17:48:15,589] {logging_mixin.py:104} INFO - running function for: (array([1620978495000, 1620980295000]), 2)
[2021-05-14 17:48:15,589] {logging_mixin.py:104} INFO - submitted
[2021-05-14 17:48:15,590] {logging_mixin.py:104} INFO - running function for: (array([1620978495000, 1620980295000]), 3)
[2021-05-14 17:48:15,590] {logging_mixin.py:104} INFO - submitted
[2021-05-14 17:48:15,591] {logging_mixin.py:104} INFO - running function for: (array([1620976695000, 1620978495000]), 1)
[2021-05-14 17:48:15,591] {logging_mixin.py:104} INFO - submitted
[2021-05-14 17:48:15,592] {logging_mixin.py:104} INFO - running function for: (array([1620976695000, 1620978495000]), 2)
[2021-05-14 17:48:15,592] {logging_mixin.py:104} INFO - submitted
[2021-05-14 17:48:15,592] {logging_mixin.py:104} INFO - running function for: (array([1620976695000, 1620978495000]), 3)
[2021-05-14 17:48:15,593] {logging_mixin.py:104} INFO - submitted
[2021-05-14 17:48:15,593] {logging_mixin.py:104} INFO - running function for: (array([1620974895000, 1620976695000]), 1)
[2021-05-14 17:48:15,593] {logging_mixin.py:104} INFO - submitted
[2021-05-14 17:48:15,594] {logging_mixin.py:104} INFO - running function for: (array([1620974895000, 1620976695000]), 2)
[2021-05-14 17:48:15,594] {logging_mixin.py:104} INFO - submitted
[2021-05-14 17:48:15,594] {logging_mixin.py:104} INFO - running function for: (array([1620974895000, 1620976695000]), 3)
[2021-05-14 17:48:15,595] {logging_mixin.py:104} INFO - submitted
[2021-05-14 17:48:15,595] {logging_mixin.py:104} INFO - running function for: (array([1620973095000, 1620974895000]), 1)
[2021-05-14 17:48:15,596] {logging_mixin.py:104} INFO - submitted
[2021-05-14 17:48:15,596] {logging_mixin.py:104} INFO - running function for: (array([1620973095000, 1620974895000]), 2)
[2021-05-14 17:48:15,596] {logging_mixin.py:104} INFO - submitted
[2021-05-14 17:48:15,597] {logging_mixin.py:104} INFO - running function for: (array([1620973095000, 1620974895000]), 3)
[2021-05-14 17:48:15,597] {logging_mixin.py:104} INFO - submitted
[2021-05-14 17:48:15,598] {logging_mixin.py:104} INFO - running function for: (array([1620971295000, 1620973095000]), 1)
[2021-05-14 17:48:15,598] {logging_mixin.py:104} INFO - submitted
[2021-05-14 17:48:15,598] {logging_mixin.py:104} INFO - running function for: (array([1620971295000, 1620973095000]), 2)
[2021-05-14 17:48:15,598] {logging_mixin.py:104} INFO - submitted
[2021-05-14 17:48:15,599] {logging_mixin.py:104} INFO - running function for: (array([1620971295000, 1620973095000]), 3)
[2021-05-14 17:48:15,599] {logging_mixin.py:104} INFO - submitted
[2021-05-14 17:48:15,599] {logging_mixin.py:104} INFO - running function for: (array([1620969495000, 1620971295000]), 1)
[2021-05-14 17:48:15,600] {logging_mixin.py:104} INFO - submitted
[2021-05-14 17:48:15,600] {logging_mixin.py:104} INFO - running function for: (array([1620969495000, 1620971295000]), 2)
[2021-05-14 17:48:15,600] {logging_mixin.py:104} INFO - submitted
[2021-05-14 17:48:15,601] {logging_mixin.py:104} INFO - running function for: (array([1620969495000, 1620971295000]), 3)
[2021-05-14 17:48:15,601] {logging_mixin.py:104} INFO - submitted
[2021-05-14 17:48:15,602] {logging_mixin.py:104} INFO - running function for: (array([1620967695000, 1620969495000]), 1)
[2021-05-14 17:48:15,602] {logging_mixin.py:104} INFO - submitted
[2021-05-14 17:48:15,602] {logging_mixin.py:104} INFO - running function for: (array([1620967695000, 1620969495000]), 2)
[2021-05-14 17:48:15,602] {logging_mixin.py:104} INFO - submitted
[2021-05-14 17:48:15,603] {logging_mixin.py:104} INFO - running function for: (array([1620967695000, 1620969495000]), 3)
[2021-05-14 17:48:15,603] {logging_mixin.py:104} INFO - submitted
[2021-05-14 17:48:15,603] {logging_mixin.py:104} INFO - running function for: (array([1620965895000, 1620967695000]), 1)
[2021-05-14 17:48:15,603] {logging_mixin.py:104} INFO - submitted
[2021-05-14 17:48:15,604] {logging_mixin.py:104} INFO - running function for: (array([1620965895000, 1620967695000]), 2)
[2021-05-14 17:48:15,604] {logging_mixin.py:104} INFO - submitted
[2021-05-14 17:48:15,604] {logging_mixin.py:104} INFO - running function for: (array([1620965895000, 1620967695000]), 3)
[2021-05-14 17:48:15,604] {logging_mixin.py:104} INFO - submitted
[2021-05-14 17:48:15,605] {logging_mixin.py:104} INFO - running function for: (array([1620964095000, 1620965895000]), 1)
[2021-05-14 17:48:15,605] {logging_mixin.py:104} INFO - submitted
[2021-05-14 17:48:15,605] {logging_mixin.py:104} INFO - running function for: (array([1620964095000, 1620965895000]), 2)
[2021-05-14 17:48:15,606] {logging_mixin.py:104} INFO - submitted
[2021-05-14 17:48:15,606] {logging_mixin.py:104} INFO - running function for: (array([1620964095000, 1620965895000]), 3)
[2021-05-14 17:48:15,606] {logging_mixin.py:104} INFO - submitted
[2021-05-14 17:48:15,606] {logging_mixin.py:104} INFO - running function for: (array([1620962295000, 1620964095000]), 1)
[2021-05-14 17:48:15,607] {logging_mixin.py:104} INFO - submitted
[2021-05-14 17:48:15,607] {logging_mixin.py:104} INFO - running function for: (array([1620962295000, 1620964095000]), 2)
[2021-05-14 17:48:15,607] {logging_mixin.py:104} INFO - submitted
[2021-05-14 17:48:15,607] {logging_mixin.py:104} INFO - running function for: (array([1620962295000, 1620964095000]), 3)
[2021-05-14 17:48:15,608] {logging_mixin.py:104} INFO - submitted
[2021-05-14 17:48:15,609] {logging_mixin.py:104} INFO - running function for: (array([1620960495000, 1620962295000]), 1)
[2021-05-14 17:48:15,609] {logging_mixin.py:104} INFO - submitted
[2021-05-14 17:48:15,609] {logging_mixin.py:104} INFO - running function for: (array([1620960495000, 1620962295000]), 2)
[2021-05-14 17:48:15,610] {logging_mixin.py:104} INFO - submitted
[2021-05-14 17:48:15,611] {logging_mixin.py:104} INFO - running function for: (array([1620960495000, 1620962295000]), 3)
[2021-05-14 17:48:15,612] {logging_mixin.py:104} INFO - submitted
[2021-05-14 17:48:15,612] {logging_mixin.py:104} INFO - running function for: (array([1620958695000, 1620960495000]), 1)
[2021-05-14 17:48:15,613] {logging_mixin.py:104} INFO - submitted
[2021-05-14 17:48:15,613] {logging_mixin.py:104} INFO - running function for: (array([1620958695000, 1620960495000]), 2)
[2021-05-14 17:48:15,614] {logging_mixin.py:104} INFO - submitted
[2021-05-14 17:48:15,615] {logging_mixin.py:104} INFO - running function for: (array([1620958695000, 1620960495000]), 3)
[2021-05-14 17:48:15,615] {logging_mixin.py:104} INFO - submitted
[2021-05-14 17:48:15,616] {logging_mixin.py:104} INFO - running function for: (array([1620956895000, 1620958695000]), 1)
[2021-05-14 17:48:15,616] {logging_mixin.py:104} INFO - submitted
[2021-05-14 17:48:15,617] {logging_mixin.py:104} INFO - running function for: (array([1620956895000, 1620958695000]), 2)
[2021-05-14 17:48:15,617] {logging_mixin.py:104} INFO - submitted
[2021-05-14 17:48:15,618] {logging_mixin.py:104} INFO - running function for: (array([1620956895000, 1620958695000]), 3)
[2021-05-14 17:48:15,618] {logging_mixin.py:104} INFO - submitted
[2021-05-14 17:48:15,619] {logging_mixin.py:104} INFO - running function for: (array([1620955095000, 1620956895000]), 1)
[2021-05-14 17:48:15,620] {logging_mixin.py:104} INFO - submitted
[2021-05-14 17:48:15,620] {logging_mixin.py:104} INFO - running function for: (array([1620955095000, 1620956895000]), 2)
[2021-05-14 17:48:15,620] {logging_mixin.py:104} INFO - submitted
[2021-05-14 17:48:15,621] {logging_mixin.py:104} INFO - running function for: (array([1620955095000, 1620956895000]), 3)
[2021-05-14 17:48:15,621] {logging_mixin.py:104} INFO - submitted
[2021-05-14 17:48:15,622] {logging_mixin.py:104} INFO - running function for: (array([1620953295000, 1620955095000]), 1)
[2021-05-14 17:48:15,623] {logging_mixin.py:104} INFO - submitted
[2021-05-14 17:48:15,623] {logging_mixin.py:104} INFO - running function for: (array([1620953295000, 1620955095000]), 2)
[2021-05-14 17:48:15,624] {logging_mixin.py:104} INFO - submitted
[2021-05-14 17:48:15,625] {logging_mixin.py:104} INFO - running function for: (array([1620953295000, 1620955095000]), 3)
[2021-05-14 17:48:15,625] {logging_mixin.py:104} INFO - submitted
[2021-05-14 17:48:15,626] {logging_mixin.py:104} INFO - running function for: (array([1620951495000, 1620953295000]), 1)
[2021-05-14 17:48:15,626] {logging_mixin.py:104} INFO - submitted
[2021-05-14 17:48:15,626] {logging_mixin.py:104} INFO - running function for: (array([1620951495000, 1620953295000]), 2)
[2021-05-14 17:48:15,626] {logging_mixin.py:104} INFO - submitted
[2021-05-14 17:48:15,627] {logging_mixin.py:104} INFO - running function for: (array([1620951495000, 1620953295000]), 3)
[2021-05-14 17:48:15,627] {logging_mixin.py:104} INFO - submitted
[2021-05-14 17:48:15,628] {logging_mixin.py:104} INFO - running function for: (array([1620949695000, 1620951495000]), 1)
[2021-05-14 17:48:15,628] {logging_mixin.py:104} INFO - submitted
[2021-05-14 17:48:15,628] {logging_mixin.py:104} INFO - running function for: (array([1620949695000, 1620951495000]), 2)
[2021-05-14 17:48:15,629] {logging_mixin.py:104} INFO - submitted
[2021-05-14 17:48:15,629] {logging_mixin.py:104} INFO - running function for: (array([1620949695000, 1620951495000]), 3)
[2021-05-14 17:48:15,629] {logging_mixin.py:104} INFO - submitted
[2021-05-14 17:48:15,630] {logging_mixin.py:104} INFO - running function for: (array([1620947895000, 1620949695000]), 1)
[2021-05-14 17:48:15,630] {logging_mixin.py:104} INFO - submitted
[2021-05-14 17:48:15,630] {logging_mixin.py:104} INFO - running function for: (array([1620947895000, 1620949695000]), 2)
[2021-05-14 17:48:15,631] {logging_mixin.py:104} INFO - submitted
[2021-05-14 17:48:15,631] {logging_mixin.py:104} INFO - running function for: (array([1620947895000, 1620949695000]), 3)
[2021-05-14 17:48:15,631] {logging_mixin.py:104} INFO - submitted
[2021-05-14 17:48:15,631] {logging_mixin.py:104} INFO - running function for: (array([1620946095000, 1620947895000]), 1)
[2021-05-14 17:48:15,631] {logging_mixin.py:104} INFO - submitted
[2021-05-14 17:48:15,632] {logging_mixin.py:104} INFO - running function for: (array([1620946095000, 1620947895000]), 2)
[2021-05-14 17:48:15,632] {logging_mixin.py:104} INFO - submitted
[2021-05-14 17:48:15,632] {logging_mixin.py:104} INFO - running function for: (array([1620946095000, 1620947895000]), 3)
[2021-05-14 17:48:15,632] {logging_mixin.py:104} INFO - submitted
[2021-05-14 17:48:15,633] {logging_mixin.py:104} INFO - running function for: (array([1620944295000, 1620946095000]), 1)
[2021-05-14 17:48:15,633] {logging_mixin.py:104} INFO - submitted
[2021-05-14 17:48:15,634] {logging_mixin.py:104} INFO - running function for: (array([1620944295000, 1620946095000]), 2)
[2021-05-14 17:48:15,634] {logging_mixin.py:104} INFO - submitted
[2021-05-14 17:48:15,634] {logging_mixin.py:104} INFO - running function for: (array([1620944295000, 1620946095000]), 3)
[2021-05-14 17:48:15,634] {logging_mixin.py:104} INFO - submitted
[2021-05-14 17:48:15,635] {logging_mixin.py:104} INFO - running function for: (array([1620942495000, 1620944295000]), 1)
[2021-05-14 17:48:15,635] {logging_mixin.py:104} INFO - submitted
[2021-05-14 17:48:15,635] {logging_mixin.py:104} INFO - running function for: (array([1620942495000, 1620944295000]), 2)
[2021-05-14 17:48:15,635] {logging_mixin.py:104} INFO - submitted
[2021-05-14 17:48:15,636] {logging_mixin.py:104} INFO - running function for: (array([1620942495000, 1620944295000]), 3)
[2021-05-14 17:48:15,636] {logging_mixin.py:104} INFO - submitted
[2021-05-14 17:48:15,636] {logging_mixin.py:104} INFO - running function for: (array([1620940695000, 1620942495000]), 1)
[2021-05-14 17:48:15,636] {logging_mixin.py:104} INFO - submitted
[2021-05-14 17:48:15,637] {logging_mixin.py:104} INFO - running function for: (array([1620940695000, 1620942495000]), 2)
[2021-05-14 17:48:15,637] {logging_mixin.py:104} INFO - submitted
[2021-05-14 17:48:15,637] {logging_mixin.py:104} INFO - running function for: (array([1620940695000, 1620942495000]), 3)
[2021-05-14 17:48:15,637] {logging_mixin.py:104} INFO - submitted
[2021-05-14 17:48:15,638] {logging_mixin.py:104} INFO - running function for: (array([1620938895000, 1620940695000]), 1)
[2021-05-14 17:48:15,638] {logging_mixin.py:104} INFO - submitted
[2021-05-14 17:48:15,638] {logging_mixin.py:104} INFO - running function for: (array([1620938895000, 1620940695000]), 2)
[2021-05-14 17:48:15,639] {logging_mixin.py:104} INFO - submitted
[2021-05-14 17:48:15,639] {logging_mixin.py:104} INFO - running function for: (array([1620938895000, 1620940695000]), 3)
[2021-05-14 17:48:15,639] {logging_mixin.py:104} INFO - submitted
[2021-05-14 17:48:19,308] {logging_mixin.py:104} INFO - https://cdn.iqoption.com/api/quotes-history/quotes/3.0?to=1621019895000&from=1621018095000&active_id=3&only_round=true&_key=1614903660000
[2021-05-14 17:48:19,325] {logging_mixin.py:104} INFO - https://cdn.iqoption.com/api/quotes-history/quotes/3.0?to=1621018095000&from=1621016295000&active_id=1&only_round=true&_key=1614903660000
[2021-05-14 17:48:19,368] {logging_mixin.py:104} INFO - https://cdn.iqoption.com/api/quotes-history/quotes/3.0?to=1621018095000&from=1621016295000&active_id=2&only_round=true&_key=1614903660000
[2021-05-14 17:48:19,376] {logging_mixin.py:104} INFO - https://cdn.iqoption.com/api/quotes-history/quotes/3.0?to=1621018095000&from=1621016295000&active_id=3&only_round=true&_key=1614903660000
[2021-05-14 17:48:19,384] {logging_mixin.py:104} INFO - https://cdn.iqoption.com/api/quotes-history/quotes/3.0?to=1621016295000&from=1621014495000&active_id=1&only_round=true&_key=1614903660000
[2021-05-14 17:48:19,410] {logging_mixin.py:104} INFO - https://cdn.iqoption.com/api/quotes-history/quotes/3.0?to=1621016295000&from=1621014495000&active_id=2&only_round=true&_key=1614903660000
[2021-05-14 17:48:19,548] {logging_mixin.py:104} INFO - https://cdn.iqoption.com/api/quotes-history/quotes/3.0?to=1621016295000&from=1621014495000&active_id=3&only_round=true&_key=1614903660000
[2021-05-14 17:48:19,793] {logging_mixin.py:104} INFO - https://cdn.iqoption.com/api/quotes-history/quotes/3.0?to=1621014495000&from=1621012695000&active_id=1&only_round=true&_key=1614903660000
[2021-05-14 17:48:21,586] {logging_mixin.py:104} INFO - https://cdn.iqoption.com/api/quotes-history/quotes/3.0?to=1621014495000&from=1621012695000&active_id=2&only_round=true&_key=1614903660000
[2021-05-14 17:48:21,664] {logging_mixin.py:104} INFO - https://cdn.iqoption.com/api/quotes-history/quotes/3.0?to=1621014495000&from=1621012695000&active_id=3&only_round=true&_key=1614903660000
[2021-05-14 17:48:21,671] {logging_mixin.py:104} INFO - https://cdn.iqoption.com/api/quotes-history/quotes/3.0?to=1621012695000&from=1621010895000&active_id=1&only_round=true&_key=1614903660000
[2021-05-14 17:48:21,676] {logging_mixin.py:104} INFO - https://cdn.iqoption.com/api/quotes-history/quotes/3.0?to=1621012695000&from=1621010895000&active_id=2&only_round=true&_key=1614903660000
[2021-05-14 17:48:21,679] {logging_mixin.py:104} INFO - https://cdn.iqoption.com/api/quotes-history/quotes/3.0?to=1621012695000&from=1621010895000&active_id=3&only_round=true&_key=1614903660000
[2021-05-14 17:48:21,736] {logging_mixin.py:104} INFO - https://cdn.iqoption.com/api/quotes-history/quotes/3.0?to=1621010895000&from=1621009095000&active_id=1&only_round=true&_key=1614903660000
[2021-05-14 17:48:21,775] {logging_mixin.py:104} INFO - https://cdn.iqoption.com/api/quotes-history/quotes/3.0?to=1621010895000&from=1621009095000&active_id=2&only_round=true&_key=1614903660000
[2021-05-14 17:48:21,927] {logging_mixin.py:104} INFO - https://cdn.iqoption.com/api/quotes-history/quotes/3.0?to=1621010895000&from=1621009095000&active_id=3&only_round=true&_key=1614903660000
[2021-05-14 17:48:23,373] {logging_mixin.py:104} INFO - https://cdn.iqoption.com/api/quotes-history/quotes/3.0?to=1621009095000&from=1621007295000&active_id=1&only_round=true&_key=1614903660000
[2021-05-14 17:48:23,437] {logging_mixin.py:104} INFO - https://cdn.iqoption.com/api/quotes-history/quotes/3.0?to=1621009095000&from=1621007295000&active_id=2&only_round=true&_key=1614903660000
[2021-05-14 17:48:23,442] {logging_mixin.py:104} INFO - https://cdn.iqoption.com/api/quotes-history/quotes/3.0?to=1621009095000&from=1621007295000&active_id=3&only_round=true&_key=1614903660000
[2021-05-14 17:48:23,555] {logging_mixin.py:104} INFO - https://cdn.iqoption.com/api/quotes-history/quotes/3.0?to=1621007295000&from=1621005495000&active_id=1&only_round=true&_key=1614903660000
[2021-05-14 17:48:23,572] {logging_mixin.py:104} INFO - https://cdn.iqoption.com/api/quotes-history/quotes/3.0?to=1621007295000&from=1621005495000&active_id=2&only_round=true&_key=1614903660000
[2021-05-14 17:48:23,686] {logging_mixin.py:104} INFO - https://cdn.iqoption.com/api/quotes-history/quotes/3.0?to=1621007295000&from=1621005495000&active_id=3&only_round=true&_key=1614903660000
[2021-05-14 17:48:23,687] {logging_mixin.py:104} INFO - https://cdn.iqoption.com/api/quotes-history/quotes/3.0?to=1621005495000&from=1621003695000&active_id=1&only_round=true&_key=1614903660000
[2021-05-14 17:48:23,855] {logging_mixin.py:104} INFO - https://cdn.iqoption.com/api/quotes-history/quotes/3.0?to=1621005495000&from=1621003695000&active_id=2&only_round=true&_key=1614903660000
[2021-05-14 17:48:25,011] {logging_mixin.py:104} INFO - https://cdn.iqoption.com/api/quotes-history/quotes/3.0?to=1621005495000&from=1621003695000&active_id=3&only_round=true&_key=1614903660000
[2021-05-14 17:48:25,128] {logging_mixin.py:104} INFO - https://cdn.iqoption.com/api/quotes-history/quotes/3.0?to=1621003695000&from=1621001895000&active_id=1&only_round=true&_key=1614903660000
[2021-05-14 17:48:25,185] {logging_mixin.py:104} INFO - https://cdn.iqoption.com/api/quotes-history/quotes/3.0?to=1621003695000&from=1621001895000&active_id=2&only_round=true&_key=1614903660000
[2021-05-14 17:48:25,272] {logging_mixin.py:104} INFO - https://cdn.iqoption.com/api/quotes-history/quotes/3.0?to=1621003695000&from=1621001895000&active_id=3&only_round=true&_key=1614903660000
[2021-05-14 17:48:25,348] {logging_mixin.py:104} INFO - https://cdn.iqoption.com/api/quotes-history/quotes/3.0?to=1621001895000&from=1621000095000&active_id=1&only_round=true&_key=1614903660000
[2021-05-14 17:48:25,371] {logging_mixin.py:104} INFO - https://cdn.iqoption.com/api/quotes-history/quotes/3.0?to=1621001895000&from=1621000095000&active_id=2&only_round=true&_key=1614903660000
[2021-05-14 17:48:25,447] {logging_mixin.py:104} INFO - https://cdn.iqoption.com/api/quotes-history/quotes/3.0?to=1621001895000&from=1621000095000&active_id=3&only_round=true&_key=1614903660000
[2021-05-14 17:48:25,524] {logging_mixin.py:104} INFO - https://cdn.iqoption.com/api/quotes-history/quotes/3.0?to=1621000095000&from=1620998295000&active_id=1&only_round=true&_key=1614903660000
[2021-05-14 17:48:26,615] {logging_mixin.py:104} INFO - https://cdn.iqoption.com/api/quotes-history/quotes/3.0?to=1621000095000&from=1620998295000&active_id=2&only_round=true&_key=1614903660000
[2021-05-14 17:48:26,702] {logging_mixin.py:104} INFO - https://cdn.iqoption.com/api/quotes-history/quotes/3.0?to=1621000095000&from=1620998295000&active_id=3&only_round=true&_key=1614903660000
[2021-05-14 17:48:26,881] {logging_mixin.py:104} INFO - https://cdn.iqoption.com/api/quotes-history/quotes/3.0?to=1620998295000&from=1620996495000&active_id=1&only_round=true&_key=1614903660000
[2021-05-14 17:48:27,024] {logging_mixin.py:104} INFO - https://cdn.iqoption.com/api/quotes-history/quotes/3.0?to=1620998295000&from=1620996495000&active_id=2&only_round=true&_key=1614903660000
[2021-05-14 17:48:27,063] {logging_mixin.py:104} INFO - https://cdn.iqoption.com/api/quotes-history/quotes/3.0?to=1620998295000&from=1620996495000&active_id=3&only_round=true&_key=1614903660000
[2021-05-14 17:48:27,181] {logging_mixin.py:104} INFO - https://cdn.iqoption.com/api/quotes-history/quotes/3.0?to=1620996495000&from=1620994695000&active_id=1&only_round=true&_key=1614903660000
[2021-05-14 17:48:27,197] {logging_mixin.py:104} INFO - https://cdn.iqoption.com/api/quotes-history/quotes/3.0?to=1620996495000&from=1620994695000&active_id=2&only_round=true&_key=1614903660000
[2021-05-14 17:48:27,206] {logging_mixin.py:104} INFO - https://cdn.iqoption.com/api/quotes-history/quotes/3.0?to=1620996495000&from=1620994695000&active_id=3&only_round=true&_key=1614903660000
[2021-05-14 17:48:28,191] {logging_mixin.py:104} INFO - https://cdn.iqoption.com/api/quotes-history/quotes/3.0?to=1620994695000&from=1620992895000&active_id=1&only_round=true&_key=1614903660000
[2021-05-14 17:48:28,270] {logging_mixin.py:104} INFO - https://cdn.iqoption.com/api/quotes-history/quotes/3.0?to=1620994695000&from=1620992895000&active_id=2&only_round=true&_key=1614903660000
[2021-05-14 17:48:28,393] {logging_mixin.py:104} INFO - https://cdn.iqoption.com/api/quotes-history/quotes/3.0?to=1620994695000&from=1620992895000&active_id=3&only_round=true&_key=1614903660000
[2021-05-14 17:48:28,510] {logging_mixin.py:104} INFO - https://cdn.iqoption.com/api/quotes-history/quotes/3.0?to=1620992895000&from=1620991095000&active_id=1&only_round=true&_key=1614903660000
[2021-05-14 17:48:28,697] {logging_mixin.py:104} INFO - https://cdn.iqoption.com/api/quotes-history/quotes/3.0?to=1620992895000&from=1620991095000&active_id=2&only_round=true&_key=1614903660000
[2021-05-14 17:48:28,702] {logging_mixin.py:104} INFO - https://cdn.iqoption.com/api/quotes-history/quotes/3.0?to=1620992895000&from=1620991095000&active_id=3&only_round=true&_key=1614903660000
[2021-05-14 17:48:28,703] {logging_mixin.py:104} INFO - https://cdn.iqoption.com/api/quotes-history/quotes/3.0?to=1620991095000&from=1620989295000&active_id=1&only_round=true&_key=1614903660000
[2021-05-14 17:48:28,731] {logging_mixin.py:104} INFO - https://cdn.iqoption.com/api/quotes-history/quotes/3.0?to=1620991095000&from=1620989295000&active_id=2&only_round=true&_key=1614903660000
[2021-05-14 17:48:29,650] {logging_mixin.py:104} INFO - https://cdn.iqoption.com/api/quotes-history/quotes/3.0?to=1620991095000&from=1620989295000&active_id=3&only_round=true&_key=1614903660000
[2021-05-14 17:48:29,806] {logging_mixin.py:104} INFO - https://cdn.iqoption.com/api/quotes-history/quotes/3.0?to=1620989295000&from=1620987495000&active_id=1&only_round=true&_key=1614903660000
[2021-05-14 17:48:29,934] {logging_mixin.py:104} INFO - https://cdn.iqoption.com/api/quotes-history/quotes/3.0?to=1620989295000&from=1620987495000&active_id=2&only_round=true&_key=1614903660000
[2021-05-14 17:48:29,958] {logging_mixin.py:104} INFO - https://cdn.iqoption.com/api/quotes-history/quotes/3.0?to=1620989295000&from=1620987495000&active_id=3&only_round=true&_key=1614903660000
[2021-05-14 17:48:30,185] {logging_mixin.py:104} INFO - https://cdn.iqoption.com/api/quotes-history/quotes/3.0?to=1620987495000&from=1620985695000&active_id=1&only_round=true&_key=1614903660000
[2021-05-14 17:48:30,225] {logging_mixin.py:104} INFO - https://cdn.iqoption.com/api/quotes-history/quotes/3.0?to=1620987495000&from=1620985695000&active_id=2&only_round=true&_key=1614903660000
[2021-05-14 17:48:30,266] {logging_mixin.py:104} INFO - https://cdn.iqoption.com/api/quotes-history/quotes/3.0?to=1620987495000&from=1620985695000&active_id=3&only_round=true&_key=1614903660000
[2021-05-14 17:48:30,285] {logging_mixin.py:104} INFO - https://cdn.iqoption.com/api/quotes-history/quotes/3.0?to=1620985695000&from=1620983895000&active_id=1&only_round=true&_key=1614903660000
[2021-05-14 17:48:31,228] {logging_mixin.py:104} INFO - https://cdn.iqoption.com/api/quotes-history/quotes/3.0?to=1620985695000&from=1620983895000&active_id=2&only_round=true&_key=1614903660000
[2021-05-14 17:48:31,411] {logging_mixin.py:104} INFO - https://cdn.iqoption.com/api/quotes-history/quotes/3.0?to=1620985695000&from=1620983895000&active_id=3&only_round=true&_key=1614903660000
[2021-05-14 17:48:31,425] {logging_mixin.py:104} INFO - https://cdn.iqoption.com/api/quotes-history/quotes/3.0?to=1620983895000&from=1620982095000&active_id=1&only_round=true&_key=1614903660000
[2021-05-14 17:48:31,559] {logging_mixin.py:104} INFO - https://cdn.iqoption.com/api/quotes-history/quotes/3.0?to=1620983895000&from=1620982095000&active_id=2&only_round=true&_key=1614903660000
[2021-05-14 17:48:31,886] {logging_mixin.py:104} INFO - https://cdn.iqoption.com/api/quotes-history/quotes/3.0?to=1620983895000&from=1620982095000&active_id=3&only_round=true&_key=1614903660000
[2021-05-14 17:48:31,905] {logging_mixin.py:104} INFO - https://cdn.iqoption.com/api/quotes-history/quotes/3.0?to=1620982095000&from=1620980295000&active_id=1&only_round=true&_key=1614903660000
[2021-05-14 17:48:31,942] {logging_mixin.py:104} INFO - https://cdn.iqoption.com/api/quotes-history/quotes/3.0?to=1620982095000&from=1620980295000&active_id=2&only_round=true&_key=1614903660000
[2021-05-14 17:48:31,958] {logging_mixin.py:104} INFO - https://cdn.iqoption.com/api/quotes-history/quotes/3.0?to=1620982095000&from=1620980295000&active_id=3&only_round=true&_key=1614903660000
[2021-05-14 17:48:32,854] {logging_mixin.py:104} INFO - https://cdn.iqoption.com/api/quotes-history/quotes/3.0?to=1620980295000&from=1620978495000&active_id=1&only_round=true&_key=1614903660000
[2021-05-14 17:48:32,885] {logging_mixin.py:104} INFO - https://cdn.iqoption.com/api/quotes-history/quotes/3.0?to=1620980295000&from=1620978495000&active_id=2&only_round=true&_key=1614903660000
[2021-05-14 17:48:32,982] {logging_mixin.py:104} INFO - https://cdn.iqoption.com/api/quotes-history/quotes/3.0?to=1620980295000&from=1620978495000&active_id=3&only_round=true&_key=1614903660000
[2021-05-14 17:48:33,154] {logging_mixin.py:104} INFO - https://cdn.iqoption.com/api/quotes-history/quotes/3.0?to=1620978495000&from=1620976695000&active_id=1&only_round=true&_key=1614903660000
[2021-05-14 17:48:33,318] {logging_mixin.py:104} INFO - https://cdn.iqoption.com/api/quotes-history/quotes/3.0?to=1620978495000&from=1620976695000&active_id=2&only_round=true&_key=1614903660000
[2021-05-14 17:48:33,427] {logging_mixin.py:104} INFO - https://cdn.iqoption.com/api/quotes-history/quotes/3.0?to=1620978495000&from=1620976695000&active_id=3&only_round=true&_key=1614903660000
[2021-05-14 17:48:33,451] {logging_mixin.py:104} INFO - https://cdn.iqoption.com/api/quotes-history/quotes/3.0?to=1620976695000&from=1620974895000&active_id=1&only_round=true&_key=1614903660000
[2021-05-14 17:48:33,512] {logging_mixin.py:104} INFO - https://cdn.iqoption.com/api/quotes-history/quotes/3.0?to=1620976695000&from=1620974895000&active_id=2&only_round=true&_key=1614903660000
[2021-05-14 17:48:34,330] {logging_mixin.py:104} INFO - https://cdn.iqoption.com/api/quotes-history/quotes/3.0?to=1620976695000&from=1620974895000&active_id=3&only_round=true&_key=1614903660000
[2021-05-14 17:48:34,450] {logging_mixin.py:104} INFO - https://cdn.iqoption.com/api/quotes-history/quotes/3.0?to=1620974895000&from=1620973095000&active_id=1&only_round=true&_key=1614903660000
[2021-05-14 17:48:34,466] {logging_mixin.py:104} INFO - https://cdn.iqoption.com/api/quotes-history/quotes/3.0?to=1620974895000&from=1620973095000&active_id=2&only_round=true&_key=1614903660000
[2021-05-14 17:48:34,616] {logging_mixin.py:104} INFO - https://cdn.iqoption.com/api/quotes-history/quotes/3.0?to=1620974895000&from=1620973095000&active_id=3&only_round=true&_key=1614903660000
[2021-05-14 17:48:34,912] {logging_mixin.py:104} INFO - https://cdn.iqoption.com/api/quotes-history/quotes/3.0?to=1620973095000&from=1620971295000&active_id=1&only_round=true&_key=1614903660000
[2021-05-14 17:48:34,920] {logging_mixin.py:104} INFO - https://cdn.iqoption.com/api/quotes-history/quotes/3.0?to=1620973095000&from=1620971295000&active_id=2&only_round=true&_key=1614903660000
[2021-05-14 17:48:34,987] {logging_mixin.py:104} INFO - https://cdn.iqoption.com/api/quotes-history/quotes/3.0?to=1620973095000&from=1620971295000&active_id=3&only_round=true&_key=1614903660000
[2021-05-14 17:48:35,074] {logging_mixin.py:104} INFO - https://cdn.iqoption.com/api/quotes-history/quotes/3.0?to=1620971295000&from=1620969495000&active_id=1&only_round=true&_key=1614903660000
[2021-05-14 17:48:35,776] {logging_mixin.py:104} INFO - https://cdn.iqoption.com/api/quotes-history/quotes/3.0?to=1620971295000&from=1620969495000&active_id=2&only_round=true&_key=1614903660000
[2021-05-14 17:48:35,907] {logging_mixin.py:104} INFO - https://cdn.iqoption.com/api/quotes-history/quotes/3.0?to=1620971295000&from=1620969495000&active_id=3&only_round=true&_key=1614903660000
[2021-05-14 17:48:35,982] {logging_mixin.py:104} INFO - https://cdn.iqoption.com/api/quotes-history/quotes/3.0?to=1620969495000&from=1620967695000&active_id=1&only_round=true&_key=1614903660000
[2021-05-14 17:48:36,144] {logging_mixin.py:104} INFO - https://cdn.iqoption.com/api/quotes-history/quotes/3.0?to=1620969495000&from=1620967695000&active_id=2&only_round=true&_key=1614903660000
[2021-05-14 17:48:36,385] {logging_mixin.py:104} INFO - https://cdn.iqoption.com/api/quotes-history/quotes/3.0?to=1620969495000&from=1620967695000&active_id=3&only_round=true&_key=1614903660000
[2021-05-14 17:48:36,449] {logging_mixin.py:104} INFO - https://cdn.iqoption.com/api/quotes-history/quotes/3.0?to=1620967695000&from=1620965895000&active_id=1&only_round=true&_key=1614903660000
[2021-05-14 17:48:36,460] {logging_mixin.py:104} INFO - https://cdn.iqoption.com/api/quotes-history/quotes/3.0?to=1620967695000&from=1620965895000&active_id=2&only_round=true&_key=1614903660000
[2021-05-14 17:48:36,677] {logging_mixin.py:104} INFO - https://cdn.iqoption.com/api/quotes-history/quotes/3.0?to=1620967695000&from=1620965895000&active_id=3&only_round=true&_key=1614903660000
[2021-05-14 17:48:37,359] {logging_mixin.py:104} INFO - https://cdn.iqoption.com/api/quotes-history/quotes/3.0?to=1620965895000&from=1620964095000&active_id=1&only_round=true&_key=1614903660000
[2021-05-14 17:48:37,390] {logging_mixin.py:104} INFO - https://cdn.iqoption.com/api/quotes-history/quotes/3.0?to=1620965895000&from=1620964095000&active_id=2&only_round=true&_key=1614903660000
[2021-05-14 17:48:37,557] {logging_mixin.py:104} INFO - https://cdn.iqoption.com/api/quotes-history/quotes/3.0?to=1620965895000&from=1620964095000&active_id=3&only_round=true&_key=1614903660000
[2021-05-14 17:48:37,740] {logging_mixin.py:104} INFO - https://cdn.iqoption.com/api/quotes-history/quotes/3.0?to=1620964095000&from=1620962295000&active_id=1&only_round=true&_key=1614903660000
[2021-05-14 17:48:37,842] {logging_mixin.py:104} INFO - https://cdn.iqoption.com/api/quotes-history/quotes/3.0?to=1620964095000&from=1620962295000&active_id=2&only_round=true&_key=1614903660000
[2021-05-14 17:48:37,926] {logging_mixin.py:104} INFO - https://cdn.iqoption.com/api/quotes-history/quotes/3.0?to=1620964095000&from=1620962295000&active_id=3&only_round=true&_key=1614903660000
[2021-05-14 17:48:38,008] {logging_mixin.py:104} INFO - https://cdn.iqoption.com/api/quotes-history/quotes/3.0?to=1620962295000&from=1620960495000&active_id=1&only_round=true&_key=1614903660000
[2021-05-14 17:48:38,231] {logging_mixin.py:104} INFO - https://cdn.iqoption.com/api/quotes-history/quotes/3.0?to=1620962295000&from=1620960495000&active_id=2&only_round=true&_key=1614903660000
[2021-05-14 17:48:38,948] {logging_mixin.py:104} INFO - https://cdn.iqoption.com/api/quotes-history/quotes/3.0?to=1620962295000&from=1620960495000&active_id=3&only_round=true&_key=1614903660000
[2021-05-14 17:48:38,969] {logging_mixin.py:104} INFO - https://cdn.iqoption.com/api/quotes-history/quotes/3.0?to=1620960495000&from=1620958695000&active_id=1&only_round=true&_key=1614903660000
[2021-05-14 17:48:39,028] {logging_mixin.py:104} INFO - https://cdn.iqoption.com/api/quotes-history/quotes/3.0?to=1620960495000&from=1620958695000&active_id=2&only_round=true&_key=1614903660000
[2021-05-14 17:48:39,319] {logging_mixin.py:104} INFO - https://cdn.iqoption.com/api/quotes-history/quotes/3.0?to=1620960495000&from=1620958695000&active_id=3&only_round=true&_key=1614903660000
[2021-05-14 17:48:39,325] {logging_mixin.py:104} INFO - https://cdn.iqoption.com/api/quotes-history/quotes/3.0?to=1620958695000&from=1620956895000&active_id=1&only_round=true&_key=1614903660000
[2021-05-14 17:48:39,485] {logging_mixin.py:104} INFO - https://cdn.iqoption.com/api/quotes-history/quotes/3.0?to=1620958695000&from=1620956895000&active_id=2&only_round=true&_key=1614903660000
[2021-05-14 17:48:39,690] {logging_mixin.py:104} INFO - https://cdn.iqoption.com/api/quotes-history/quotes/3.0?to=1620958695000&from=1620956895000&active_id=3&only_round=true&_key=1614903660000
[2021-05-14 17:48:39,785] {logging_mixin.py:104} INFO - https://cdn.iqoption.com/api/quotes-history/quotes/3.0?to=1620956895000&from=1620955095000&active_id=1&only_round=true&_key=1614903660000
[2021-05-14 17:48:40,419] {logging_mixin.py:104} INFO - https://cdn.iqoption.com/api/quotes-history/quotes/3.0?to=1620956895000&from=1620955095000&active_id=2&only_round=true&_key=1614903660000
[2021-05-14 17:48:40,474] {logging_mixin.py:104} INFO - https://cdn.iqoption.com/api/quotes-history/quotes/3.0?to=1620956895000&from=1620955095000&active_id=3&only_round=true&_key=1614903660000
[2021-05-14 17:48:40,537] {logging_mixin.py:104} INFO - https://cdn.iqoption.com/api/quotes-history/quotes/3.0?to=1620955095000&from=1620953295000&active_id=1&only_round=true&_key=1614903660000
[2021-05-14 17:48:40,803] {logging_mixin.py:104} INFO - https://cdn.iqoption.com/api/quotes-history/quotes/3.0?to=1620955095000&from=1620953295000&active_id=2&only_round=true&_key=1614903660000
[2021-05-14 17:48:40,874] {logging_mixin.py:104} INFO - https://cdn.iqoption.com/api/quotes-history/quotes/3.0?to=1620955095000&from=1620953295000&active_id=3&only_round=true&_key=1614903660000
[2021-05-14 17:48:40,931] {logging_mixin.py:104} INFO - https://cdn.iqoption.com/api/quotes-history/quotes/3.0?to=1620953295000&from=1620951495000&active_id=1&only_round=true&_key=1614903660000
[2021-05-14 17:48:41,255] {logging_mixin.py:104} INFO - https://cdn.iqoption.com/api/quotes-history/quotes/3.0?to=1620953295000&from=1620951495000&active_id=2&only_round=true&_key=1614903660000
[2021-05-14 17:48:41,274] {logging_mixin.py:104} INFO - https://cdn.iqoption.com/api/quotes-history/quotes/3.0?to=1620953295000&from=1620951495000&active_id=3&only_round=true&_key=1614903660000
[2021-05-14 17:48:41,898] {logging_mixin.py:104} INFO - https://cdn.iqoption.com/api/quotes-history/quotes/3.0?to=1620951495000&from=1620949695000&active_id=1&only_round=true&_key=1614903660000
[2021-05-14 17:48:42,059] {logging_mixin.py:104} INFO - https://cdn.iqoption.com/api/quotes-history/quotes/3.0?to=1620951495000&from=1620949695000&active_id=2&only_round=true&_key=1614903660000
[2021-05-14 17:48:42,076] {logging_mixin.py:104} INFO - https://cdn.iqoption.com/api/quotes-history/quotes/3.0?to=1620951495000&from=1620949695000&active_id=3&only_round=true&_key=1614903660000
[2021-05-14 17:48:42,263] {logging_mixin.py:104} INFO - https://cdn.iqoption.com/api/quotes-history/quotes/3.0?to=1620949695000&from=1620947895000&active_id=1&only_round=true&_key=1614903660000
[2021-05-14 17:48:42,383] {logging_mixin.py:104} INFO - https://cdn.iqoption.com/api/quotes-history/quotes/3.0?to=1620949695000&from=1620947895000&active_id=2&only_round=true&_key=1614903660000
[2021-05-14 17:48:42,417] {logging_mixin.py:104} INFO - https://cdn.iqoption.com/api/quotes-history/quotes/3.0?to=1620949695000&from=1620947895000&active_id=3&only_round=true&_key=1614903660000
[2021-05-14 17:48:42,703] {logging_mixin.py:104} INFO - https://cdn.iqoption.com/api/quotes-history/quotes/3.0?to=1620947895000&from=1620946095000&active_id=1&only_round=true&_key=1614903660000
[2021-05-14 17:48:42,828] {logging_mixin.py:104} INFO - https://cdn.iqoption.com/api/quotes-history/quotes/3.0?to=1620947895000&from=1620946095000&active_id=2&only_round=true&_key=1614903660000
[2021-05-14 17:48:43,334] {logging_mixin.py:104} INFO - https://cdn.iqoption.com/api/quotes-history/quotes/3.0?to=1620947895000&from=1620946095000&active_id=3&only_round=true&_key=1614903660000
[2021-05-14 17:48:43,655] {logging_mixin.py:104} INFO - https://cdn.iqoption.com/api/quotes-history/quotes/3.0?to=1620946095000&from=1620944295000&active_id=1&only_round=true&_key=1614903660000
[2021-05-14 17:48:43,741] {logging_mixin.py:104} INFO - https://cdn.iqoption.com/api/quotes-history/quotes/3.0?to=1620946095000&from=1620944295000&active_id=2&only_round=true&_key=1614903660000
[2021-05-14 17:48:43,767] {logging_mixin.py:104} INFO - https://cdn.iqoption.com/api/quotes-history/quotes/3.0?to=1620946095000&from=1620944295000&active_id=3&only_round=true&_key=1614903660000
[2021-05-14 17:48:43,862] {logging_mixin.py:104} INFO - https://cdn.iqoption.com/api/quotes-history/quotes/3.0?to=1620944295000&from=1620942495000&active_id=1&only_round=true&_key=1614903660000
[2021-05-14 17:48:44,195] {logging_mixin.py:104} INFO - https://cdn.iqoption.com/api/quotes-history/quotes/3.0?to=1620944295000&from=1620942495000&active_id=2&only_round=true&_key=1614903660000
[2021-05-14 17:48:44,365] {logging_mixin.py:104} INFO - https://cdn.iqoption.com/api/quotes-history/quotes/3.0?to=1620944295000&from=1620942495000&active_id=3&only_round=true&_key=1614903660000
[2021-05-14 17:48:44,876] {logging_mixin.py:104} INFO - https://cdn.iqoption.com/api/quotes-history/quotes/3.0?to=1620942495000&from=1620940695000&active_id=1&only_round=true&_key=1614903660000
[2021-05-14 17:48:44,986] {logging_mixin.py:104} INFO - https://cdn.iqoption.com/api/quotes-history/quotes/3.0?to=1620942495000&from=1620940695000&active_id=2&only_round=true&_key=1614903660000
[2021-05-14 17:48:45,240] {logging_mixin.py:104} INFO - https://cdn.iqoption.com/api/quotes-history/quotes/3.0?to=1620942495000&from=1620940695000&active_id=3&only_round=true&_key=1614903660000
[2021-05-14 17:48:45,326] {logging_mixin.py:104} INFO - https://cdn.iqoption.com/api/quotes-history/quotes/3.0?to=1620940695000&from=1620938895000&active_id=1&only_round=true&_key=1614903660000
[2021-05-14 17:48:45,394] {logging_mixin.py:104} INFO - https://cdn.iqoption.com/api/quotes-history/quotes/3.0?to=1620940695000&from=1620938895000&active_id=2&only_round=true&_key=1614903660000
[2021-05-14 17:48:45,642] {logging_mixin.py:104} INFO - https://cdn.iqoption.com/api/quotes-history/quotes/3.0?to=1620940695000&from=1620938895000&active_id=3&only_round=true&_key=1614903660000
[2021-05-14 17:48:47,096] {python.py:118} INFO - Done. Returned value was: None
[2021-05-14 17:48:47,100] {taskinstance.py:1192} INFO - Marking task as SUCCESS. dag_id=etl, task_id=loading_data_to_s3, execution_date=20210514T204759, start_date=20210514T204814, end_date=20210514T204847
[2021-05-14 17:48:47,139] {taskinstance.py:1246} INFO - 1 downstream tasks scheduled from follow-on schedule check
[2021-05-14 17:48:47,171] {local_task_job.py:146} INFO - Task exited with return code 0
