[2021-05-15 11:00:13,612] {taskinstance.py:877} INFO - Dependencies all met for <TaskInstance: etl.loading_data_to_s3 2021-05-15T13:00:00+00:00 [queued]>
[2021-05-15 11:00:13,617] {taskinstance.py:877} INFO - Dependencies all met for <TaskInstance: etl.loading_data_to_s3 2021-05-15T13:00:00+00:00 [queued]>
[2021-05-15 11:00:13,617] {taskinstance.py:1068} INFO - 
--------------------------------------------------------------------------------
[2021-05-15 11:00:13,617] {taskinstance.py:1069} INFO - Starting attempt 1 of 1
[2021-05-15 11:00:13,617] {taskinstance.py:1070} INFO - 
--------------------------------------------------------------------------------
[2021-05-15 11:00:13,623] {taskinstance.py:1089} INFO - Executing <Task(PythonOperator): loading_data_to_s3> on 2021-05-15T13:00:00+00:00
[2021-05-15 11:00:13,626] {standard_task_runner.py:52} INFO - Started process 27923 to run task
[2021-05-15 11:00:13,632] {standard_task_runner.py:76} INFO - Running: ['airflow', 'tasks', 'run', 'etl', 'loading_data_to_s3', '2021-05-15T13:00:00+00:00', '--job-id', '697', '--pool', 'default_pool', '--raw', '--subdir', 'DAGS_FOLDER/etl_dag.py', '--cfg-path', '/var/folders/_f/vg3x3jmj23bcz6s88l7v6fb40000gn/T/tmp3jje4x0s', '--error-file', '/var/folders/_f/vg3x3jmj23bcz6s88l7v6fb40000gn/T/tmprjgt6fxu']
[2021-05-15 11:00:13,633] {standard_task_runner.py:77} INFO - Job 697: Subtask loading_data_to_s3
[2021-05-15 11:00:13,665] {logging_mixin.py:104} INFO - Running <TaskInstance: etl.loading_data_to_s3 2021-05-15T13:00:00+00:00 [running]> on host 27.2.168.192.in-addr.arpa
[2021-05-15 11:00:13,690] {taskinstance.py:1283} INFO - Exporting the following env vars:
AIRFLOW_CTX_DAG_OWNER=udacity
AIRFLOW_CTX_DAG_ID=etl
AIRFLOW_CTX_TASK_ID=loading_data_to_s3
AIRFLOW_CTX_EXECUTION_DATE=2021-05-15T13:00:00+00:00
AIRFLOW_CTX_DAG_RUN_ID=scheduled__2021-05-15T13:00:00+00:00
[2021-05-15 11:00:14,991] {logging_mixin.py:104} INFO - Fetching interval list
[2021-05-15 11:00:14,992] {logging_mixin.py:104} INFO - Inverval list built
[2021-05-15 11:00:14,993] {logging_mixin.py:104} INFO - Processing data
[2021-05-15 11:00:14,993] {logging_mixin.py:104} INFO - df initialized
[2021-05-15 11:00:14,995] {logging_mixin.py:104} INFO - (array([1621083614000, 1621085414000]), 1)
[2021-05-15 11:00:14,997] {logging_mixin.py:104} INFO - (array([1621083614000, 1621085414000]), 2)
[2021-05-15 11:00:14,997] {logging_mixin.py:104} INFO - (array([1621083614000, 1621085414000]), 3)
[2021-05-15 11:00:14,998] {logging_mixin.py:104} INFO - (array([1621081814000, 1621083614000]), 1)
[2021-05-15 11:00:14,999] {logging_mixin.py:104} INFO - (array([1621081814000, 1621083614000]), 2)
[2021-05-15 11:00:14,999] {logging_mixin.py:104} INFO - (array([1621081814000, 1621083614000]), 3)
[2021-05-15 11:00:15,000] {logging_mixin.py:104} INFO - ThreadPoolExecutor initialized
[2021-05-15 11:00:15,000] {logging_mixin.py:104} INFO - running function for: (array([1621083614000, 1621085414000]), 1)
[2021-05-15 11:00:15,001] {logging_mixin.py:104} INFO - https://cdn.iqoption.com/api/quotes-history/quotes/3.0?to=1621085414000&from=1621083614000&active_id=1&only_round=true&_key=1614903660000
[2021-05-15 11:00:15,003] {logging_mixin.py:104} INFO - submitted
[2021-05-15 11:00:15,003] {logging_mixin.py:104} INFO - running function for: (array([1621083614000, 1621085414000]), 2)
[2021-05-15 11:00:15,004] {logging_mixin.py:104} INFO - https://cdn.iqoption.com/api/quotes-history/quotes/3.0?to=1621085414000&from=1621083614000&active_id=2&only_round=true&_key=1614903660000
[2021-05-15 11:00:15,004] {logging_mixin.py:104} INFO - submitted
[2021-05-15 11:00:15,004] {logging_mixin.py:104} INFO - running function for: (array([1621083614000, 1621085414000]), 3)
[2021-05-15 11:00:15,005] {logging_mixin.py:104} INFO - https://cdn.iqoption.com/api/quotes-history/quotes/3.0?to=1621085414000&from=1621083614000&active_id=3&only_round=true&_key=1614903660000
[2021-05-15 11:00:15,005] {logging_mixin.py:104} INFO - submitted
[2021-05-15 11:00:15,006] {logging_mixin.py:104} INFO - running function for: (array([1621081814000, 1621083614000]), 1)
[2021-05-15 11:00:15,006] {logging_mixin.py:104} INFO - https://cdn.iqoption.com/api/quotes-history/quotes/3.0?to=1621083614000&from=1621081814000&active_id=1&only_round=true&_key=1614903660000
[2021-05-15 11:00:15,006] {logging_mixin.py:104} INFO - submitted
[2021-05-15 11:00:15,008] {logging_mixin.py:104} INFO - running function for: (array([1621081814000, 1621083614000]), 2)
[2021-05-15 11:00:15,008] {logging_mixin.py:104} INFO - https://cdn.iqoption.com/api/quotes-history/quotes/3.0?to=1621083614000&from=1621081814000&active_id=2&only_round=true&_key=1614903660000
[2021-05-15 11:00:15,009] {logging_mixin.py:104} INFO - submitted
[2021-05-15 11:00:15,009] {logging_mixin.py:104} INFO - running function for: (array([1621081814000, 1621083614000]), 3)
[2021-05-15 11:00:15,009] {logging_mixin.py:104} INFO - https://cdn.iqoption.com/api/quotes-history/quotes/3.0?to=1621083614000&from=1621081814000&active_id=3&only_round=true&_key=1614903660000
[2021-05-15 11:00:15,010] {logging_mixin.py:104} INFO - submitted
[2021-05-15 11:00:18,877] {python.py:118} INFO - Done. Returned value was: None
[2021-05-15 11:00:18,884] {taskinstance.py:1192} INFO - Marking task as SUCCESS. dag_id=etl, task_id=loading_data_to_s3, execution_date=20210515T130000, start_date=20210515T140013, end_date=20210515T140018
[2021-05-15 11:00:18,925] {taskinstance.py:1246} INFO - 1 downstream tasks scheduled from follow-on schedule check
[2021-05-15 11:00:18,945] {local_task_job.py:146} INFO - Task exited with return code 0
