[2021-05-13 13:17:55,032] {taskinstance.py:877} INFO - Dependencies all met for <TaskInstance: etl.removing_local_files 2021-05-13T15:00:00+00:00 [queued]>
[2021-05-13 13:17:55,039] {taskinstance.py:877} INFO - Dependencies all met for <TaskInstance: etl.removing_local_files 2021-05-13T15:00:00+00:00 [queued]>
[2021-05-13 13:17:55,039] {taskinstance.py:1068} INFO - 
--------------------------------------------------------------------------------
[2021-05-13 13:17:55,039] {taskinstance.py:1069} INFO - Starting attempt 1 of 1
[2021-05-13 13:17:55,039] {taskinstance.py:1070} INFO - 
--------------------------------------------------------------------------------
[2021-05-13 13:17:55,046] {taskinstance.py:1089} INFO - Executing <Task(PythonOperator): removing_local_files> on 2021-05-13T15:00:00+00:00
[2021-05-13 13:17:55,050] {standard_task_runner.py:52} INFO - Started process 13140 to run task
[2021-05-13 13:17:55,057] {standard_task_runner.py:76} INFO - Running: ['airflow', 'tasks', 'run', 'etl', 'removing_local_files', '2021-05-13T15:00:00+00:00', '--job-id', '302', '--pool', 'default_pool', '--raw', '--subdir', 'DAGS_FOLDER/etl_dag.py', '--cfg-path', '/var/folders/_f/vg3x3jmj23bcz6s88l7v6fb40000gn/T/tmpuhodc7ob', '--error-file', '/var/folders/_f/vg3x3jmj23bcz6s88l7v6fb40000gn/T/tmp9i6avy93']
[2021-05-13 13:17:55,059] {standard_task_runner.py:77} INFO - Job 302: Subtask removing_local_files
[2021-05-13 13:17:55,097] {logging_mixin.py:104} INFO - Running <TaskInstance: etl.removing_local_files 2021-05-13T15:00:00+00:00 [running]> on host 27.2.168.192.in-addr.arpa
[2021-05-13 13:17:55,123] {taskinstance.py:1283} INFO - Exporting the following env vars:
AIRFLOW_CTX_DAG_OWNER=udacity
AIRFLOW_CTX_DAG_ID=etl
AIRFLOW_CTX_TASK_ID=removing_local_files
AIRFLOW_CTX_EXECUTION_DATE=2021-05-13T15:00:00+00:00
AIRFLOW_CTX_DAG_RUN_ID=scheduled__2021-05-13T15:00:00+00:00
[2021-05-13 13:17:55,124] {python.py:118} INFO - Done. Returned value was: None
[2021-05-13 13:17:55,128] {taskinstance.py:1192} INFO - Marking task as SUCCESS. dag_id=etl, task_id=removing_local_files, execution_date=20210513T150000, start_date=20210513T161755, end_date=20210513T161755
[2021-05-13 13:17:55,174] {taskinstance.py:1246} INFO - 0 downstream tasks scheduled from follow-on schedule check
[2021-05-13 13:17:55,193] {local_task_job.py:146} INFO - Task exited with return code 0
