[2021-05-13 09:52:42,406] {taskinstance.py:877} INFO - Dependencies all met for <TaskInstance: etl.loading_data_to_s3 2021-05-13T03:00:00+00:00 [queued]>
[2021-05-13 09:52:42,418] {taskinstance.py:877} INFO - Dependencies all met for <TaskInstance: etl.loading_data_to_s3 2021-05-13T03:00:00+00:00 [queued]>
[2021-05-13 09:52:42,418] {taskinstance.py:1068} INFO - 
--------------------------------------------------------------------------------
[2021-05-13 09:52:42,419] {taskinstance.py:1069} INFO - Starting attempt 1 of 1
[2021-05-13 09:52:42,419] {taskinstance.py:1070} INFO - 
--------------------------------------------------------------------------------
[2021-05-13 09:52:42,431] {taskinstance.py:1089} INFO - Executing <Task(PythonOperator): loading_data_to_s3> on 2021-05-13T03:00:00+00:00
[2021-05-13 09:52:42,438] {standard_task_runner.py:52} INFO - Started process 10225 to run task
[2021-05-13 09:52:42,449] {standard_task_runner.py:76} INFO - Running: ['airflow', 'tasks', 'run', 'etl', 'loading_data_to_s3', '2021-05-13T03:00:00+00:00', '--job-id', '247', '--pool', 'default_pool', '--raw', '--subdir', 'DAGS_FOLDER/etl_dag.py', '--cfg-path', '/var/folders/_f/vg3x3jmj23bcz6s88l7v6fb40000gn/T/tmpxfiqkr3b', '--error-file', '/var/folders/_f/vg3x3jmj23bcz6s88l7v6fb40000gn/T/tmp6bpv0us7']
[2021-05-13 09:52:42,452] {standard_task_runner.py:77} INFO - Job 247: Subtask loading_data_to_s3
[2021-05-13 09:52:42,525] {logging_mixin.py:104} INFO - Running <TaskInstance: etl.loading_data_to_s3 2021-05-13T03:00:00+00:00 [running]> on host 27.2.168.192.in-addr.arpa
[2021-05-13 09:52:42,574] {taskinstance.py:1283} INFO - Exporting the following env vars:
AIRFLOW_CTX_DAG_OWNER=udacity
AIRFLOW_CTX_DAG_ID=etl
AIRFLOW_CTX_TASK_ID=loading_data_to_s3
AIRFLOW_CTX_EXECUTION_DATE=2021-05-13T03:00:00+00:00
AIRFLOW_CTX_DAG_RUN_ID=scheduled__2021-05-13T03:00:00+00:00
[2021-05-13 09:52:43,807] {logging_mixin.py:104} INFO - Fetching interval list
[2021-05-13 09:52:43,810] {logging_mixin.py:104} INFO - Inverval list built
[2021-05-13 09:52:43,810] {logging_mixin.py:104} INFO - Processing data
[2021-05-13 09:52:43,811] {logging_mixin.py:104} INFO - df initialized
[2021-05-13 09:52:43,811] {logging_mixin.py:104} INFO - ThreadPoolExecutor initialized
[2021-05-13 09:52:43,812] {logging_mixin.py:104} INFO - running function for: (array([1620906763000, 1620908563000]), 1)
[2021-05-13 09:52:43,812] {logging_mixin.py:104} INFO - https://cdn.iqoption.com/api/quotes-history/quotes/3.0?to=1620908563000&from=1620906763000&active_id=1&only_round=true&_key=1614903660000
[2021-05-13 09:52:43,813] {logging_mixin.py:104} INFO - https://cdn.iqoption.com/api/quotes-history/quotes/3.0?to=1620908563000&from=1620906763000&active_id=1&only_round=true&_key=1614903660000
submitted
[2021-05-13 09:52:43,814] {logging_mixin.py:104} INFO - running function for: (array([1620906763000, 1620908563000]), 2)
[2021-05-13 09:52:43,815] {logging_mixin.py:104} INFO - https://cdn.iqoption.com/api/quotes-history/quotes/3.0?to=1620908563000&from=1620906763000&active_id=2&only_round=true&_key=1614903660000
[2021-05-13 09:52:43,816] {logging_mixin.py:104} INFO - submitted
[2021-05-13 09:52:43,816] {logging_mixin.py:104} INFO - running function for: (array([1620906763000, 1620908563000]), 3)
[2021-05-13 09:52:43,817] {logging_mixin.py:104} INFO - https://cdn.iqoption.com/api/quotes-history/quotes/3.0?to=1620908563000&from=1620906763000&active_id=3&only_round=true&_key=1614903660000
[2021-05-13 09:52:43,817] {logging_mixin.py:104} INFO - https://cdn.iqoption.com/api/quotes-history/quotes/3.0?to=1620908563000&from=1620906763000&active_id=3&only_round=true&_key=1614903660000
submitted
[2021-05-13 09:52:43,818] {logging_mixin.py:104} INFO - running function for: (array([1620906763000, 1620908563000]), 4)
[2021-05-13 09:52:43,819] {logging_mixin.py:104} INFO - https://cdn.iqoption.com/api/quotes-history/quotes/3.0?to=1620908563000&from=1620906763000&active_id=4&only_round=true&_key=1614903660000
[2021-05-13 09:52:43,819] {logging_mixin.py:104} INFO - https://cdn.iqoption.com/api/quotes-history/quotes/3.0?to=1620908563000&from=1620906763000&active_id=4&only_round=true&_key=1614903660000
submitted
[2021-05-13 09:52:43,820] {logging_mixin.py:104} INFO - running function for: (array([1620906763000, 1620908563000]), 5)
[2021-05-13 09:52:43,822] {logging_mixin.py:104} INFO - https://cdn.iqoption.com/api/quotes-history/quotes/3.0?to=1620908563000&from=1620906763000&active_id=5&only_round=true&_key=1614903660000
[2021-05-13 09:52:43,822] {logging_mixin.py:104} INFO - https://cdn.iqoption.com/api/quotes-history/quotes/3.0?to=1620908563000&from=1620906763000&active_id=5&only_round=true&_key=1614903660000
submitted
[2021-05-13 09:52:43,823] {logging_mixin.py:104} INFO - running function for: (array([1620906763000, 1620908563000]), 6)
[2021-05-13 09:52:43,826] {logging_mixin.py:104} INFO - https://cdn.iqoption.com/api/quotes-history/quotes/3.0?to=1620908563000&from=1620906763000&active_id=6&only_round=true&_key=1614903660000
[2021-05-13 09:52:43,826] {logging_mixin.py:104} INFO - https://cdn.iqoption.com/api/quotes-history/quotes/3.0?to=1620908563000&from=1620906763000&active_id=6&only_round=true&_key=1614903660000
submitted
[2021-05-13 09:52:43,828] {logging_mixin.py:104} INFO - running function for: (array([1620904963000, 1620906763000]), 1)
[2021-05-13 09:52:43,828] {logging_mixin.py:104} INFO - https://cdn.iqoption.com/api/quotes-history/quotes/3.0?to=1620906763000&from=1620904963000&active_id=1&only_round=true&_key=1614903660000
[2021-05-13 09:52:43,854] {local_task_job.py:146} INFO - Task exited with return code Negsignal.SIGSEGV
