[2021-05-14 10:09:27,471] {taskinstance.py:877} INFO - Dependencies all met for <TaskInstance: etl.loading_data_to_s3 2021-05-14T12:00:00+00:00 [queued]>
[2021-05-14 10:09:27,475] {taskinstance.py:877} INFO - Dependencies all met for <TaskInstance: etl.loading_data_to_s3 2021-05-14T12:00:00+00:00 [queued]>
[2021-05-14 10:09:27,476] {taskinstance.py:1068} INFO - 
--------------------------------------------------------------------------------
[2021-05-14 10:09:27,476] {taskinstance.py:1069} INFO - Starting attempt 1 of 1
[2021-05-14 10:09:27,476] {taskinstance.py:1070} INFO - 
--------------------------------------------------------------------------------
[2021-05-14 10:09:27,485] {taskinstance.py:1089} INFO - Executing <Task(PythonOperator): loading_data_to_s3> on 2021-05-14T12:00:00+00:00
[2021-05-14 10:09:27,488] {standard_task_runner.py:52} INFO - Started process 18792 to run task
[2021-05-14 10:09:27,496] {standard_task_runner.py:76} INFO - Running: ['airflow', 'tasks', 'run', 'etl', 'loading_data_to_s3', '2021-05-14T12:00:00+00:00', '--job-id', '369', '--pool', 'default_pool', '--raw', '--subdir', 'DAGS_FOLDER/etl_dag.py', '--cfg-path', '/var/folders/_f/vg3x3jmj23bcz6s88l7v6fb40000gn/T/tmp__59pozt', '--error-file', '/var/folders/_f/vg3x3jmj23bcz6s88l7v6fb40000gn/T/tmp39boozcq']
[2021-05-14 10:09:27,497] {standard_task_runner.py:77} INFO - Job 369: Subtask loading_data_to_s3
[2021-05-14 10:09:27,536] {logging_mixin.py:104} INFO - Running <TaskInstance: etl.loading_data_to_s3 2021-05-14T12:00:00+00:00 [running]> on host 27.2.168.192.in-addr.arpa
[2021-05-14 10:09:27,562] {taskinstance.py:1283} INFO - Exporting the following env vars:
AIRFLOW_CTX_DAG_OWNER=udacity
AIRFLOW_CTX_DAG_ID=etl
AIRFLOW_CTX_TASK_ID=loading_data_to_s3
AIRFLOW_CTX_EXECUTION_DATE=2021-05-14T12:00:00+00:00
AIRFLOW_CTX_DAG_RUN_ID=scheduled__2021-05-14T12:00:00+00:00
[2021-05-14 10:09:28,842] {logging_mixin.py:104} INFO - Fetching interval list
[2021-05-14 10:09:28,844] {logging_mixin.py:104} INFO - Inverval list built
[2021-05-14 10:09:28,844] {logging_mixin.py:104} INFO - Processing data
[2021-05-14 10:09:28,845] {logging_mixin.py:104} INFO - df initialized
[2021-05-14 10:09:28,845] {logging_mixin.py:104} INFO - ThreadPoolExecutor initialized
[2021-05-14 10:09:28,847] {logging_mixin.py:104} INFO - running function for: (array([1620994168000, 1620995968000]), 1)
[2021-05-14 10:09:28,848] {logging_mixin.py:104} INFO - https://cdn.iqoption.com/api/quotes-history/quotes/3.0?to=1620995968000&from=1620994168000&active_id=1&only_round=true&_key=1614903660000
[2021-05-14 10:09:28,848] {logging_mixin.py:104} INFO - https://cdn.iqoption.com/api/quotes-history/quotes/3.0?to=1620995968000&from=1620994168000&active_id=1&only_round=true&_key=1614903660000
submitted
[2021-05-14 10:09:28,850] {logging_mixin.py:104} INFO - running function for: (array([1620994168000, 1620995968000]), 2)
[2021-05-14 10:09:28,850] {logging_mixin.py:104} INFO - https://cdn.iqoption.com/api/quotes-history/quotes/3.0?to=1620995968000&from=1620994168000&active_id=2&only_round=true&_key=1614903660000
[2021-05-14 10:09:28,851] {logging_mixin.py:104} INFO - https://cdn.iqoption.com/api/quotes-history/quotes/3.0?to=1620995968000&from=1620994168000&active_id=2&only_round=true&_key=1614903660000
submitted
[2021-05-14 10:09:28,852] {logging_mixin.py:104} INFO - running function for: (array([1620994168000, 1620995968000]), 3)
[2021-05-14 10:09:28,852] {logging_mixin.py:104} INFO - https://cdn.iqoption.com/api/quotes-history/quotes/3.0?to=1620995968000&from=1620994168000&active_id=3&only_round=true&_key=1614903660000
[2021-05-14 10:09:28,853] {logging_mixin.py:104} INFO - https://cdn.iqoption.com/api/quotes-history/quotes/3.0?to=1620995968000&from=1620994168000&active_id=3&only_round=true&_key=1614903660000
submitted
[2021-05-14 10:09:28,855] {logging_mixin.py:104} INFO - running function for: (array([1620992368000, 1620994168000]), 1)
[2021-05-14 10:09:28,855] {logging_mixin.py:104} INFO - https://cdn.iqoption.com/api/quotes-history/quotes/3.0?to=1620994168000&from=1620992368000&active_id=1&only_round=true&_key=1614903660000
[2021-05-14 10:09:28,856] {logging_mixin.py:104} INFO - https://cdn.iqoption.com/api/quotes-history/quotes/3.0?to=1620994168000&from=1620992368000&active_id=1&only_round=true&_key=1614903660000
submitted
[2021-05-14 10:09:28,857] {logging_mixin.py:104} INFO - running function for: (array([1620992368000, 1620994168000]), 2)
[2021-05-14 10:09:28,858] {logging_mixin.py:104} INFO - https://cdn.iqoption.com/api/quotes-history/quotes/3.0?to=1620994168000&from=1620992368000&active_id=2&only_round=true&_key=1614903660000
[2021-05-14 10:09:28,860] {logging_mixin.py:104} INFO - https://cdn.iqoption.com/api/quotes-history/quotes/3.0?to=1620994168000&from=1620992368000&active_id=2&only_round=true&_key=1614903660000
submitted
[2021-05-14 10:09:28,862] {logging_mixin.py:104} INFO - running function for: (array([1620992368000, 1620994168000]), 3)
[2021-05-14 10:09:28,863] {logging_mixin.py:104} INFO - https://cdn.iqoption.com/api/quotes-history/quotes/3.0?to=1620994168000&from=1620992368000&active_id=3&only_round=true&_key=1614903660000
[2021-05-14 10:09:28,863] {logging_mixin.py:104} INFO - https://cdn.iqoption.com/api/quotes-history/quotes/3.0?to=1620994168000&from=1620992368000&active_id=3&only_round=true&_key=1614903660000
submitted
[2021-05-14 10:09:28,863] {logging_mixin.py:104} INFO - running function for: (array([1620990568000, 1620992368000]), 1)
[2021-05-14 10:09:28,864] {logging_mixin.py:104} INFO - https://cdn.iqoption.com/api/quotes-history/quotes/3.0?to=1620992368000&from=1620990568000&active_id=1&only_round=true&_key=1614903660000
[2021-05-14 10:09:28,865] {logging_mixin.py:104} INFO - https://cdn.iqoption.com/api/quotes-history/quotes/3.0?to=1620992368000&from=1620990568000&active_id=1&only_round=true&_key=1614903660000
submitted
[2021-05-14 10:09:28,865] {logging_mixin.py:104} INFO - running function for: (array([1620990568000, 1620992368000]), 2)
[2021-05-14 10:09:28,866] {logging_mixin.py:104} INFO - https://cdn.iqoption.com/api/quotes-history/quotes/3.0?to=1620992368000&from=1620990568000&active_id=2&only_round=true&_key=1614903660000
[2021-05-14 10:09:28,866] {logging_mixin.py:104} INFO - https://cdn.iqoption.com/api/quotes-history/quotes/3.0?to=1620992368000&from=1620990568000&active_id=2&only_round=true&_key=1614903660000
submitted
[2021-05-14 10:09:28,867] {logging_mixin.py:104} INFO - running function for: (array([1620990568000, 1620992368000]), 3)
[2021-05-14 10:09:28,868] {logging_mixin.py:104} INFO - submitted
[2021-05-14 10:09:28,868] {logging_mixin.py:104} INFO - running function for: (array([1620988768000, 1620990568000]), 1)
[2021-05-14 10:09:28,869] {logging_mixin.py:104} INFO - submitted
[2021-05-14 10:09:28,870] {logging_mixin.py:104} INFO - running function for: (array([1620988768000, 1620990568000]), 2)
[2021-05-14 10:09:28,870] {logging_mixin.py:104} INFO - submitted
[2021-05-14 10:09:28,870] {logging_mixin.py:104} INFO - running function for: (array([1620988768000, 1620990568000]), 3)
[2021-05-14 10:09:28,871] {logging_mixin.py:104} INFO - submitted
[2021-05-14 10:09:28,871] {logging_mixin.py:104} INFO - running function for: (array([1620986968000, 1620988768000]), 1)
[2021-05-14 10:09:28,871] {logging_mixin.py:104} INFO - submitted
[2021-05-14 10:09:28,871] {logging_mixin.py:104} INFO - running function for: (array([1620986968000, 1620988768000]), 2)
[2021-05-14 10:09:28,872] {logging_mixin.py:104} INFO - submitted
[2021-05-14 10:09:28,872] {logging_mixin.py:104} INFO - running function for: (array([1620986968000, 1620988768000]), 3)
[2021-05-14 10:09:28,872] {logging_mixin.py:104} INFO - submitted
[2021-05-14 10:09:28,872] {logging_mixin.py:104} INFO - running function for: (array([1620985168000, 1620986968000]), 1)
[2021-05-14 10:09:28,873] {logging_mixin.py:104} INFO - submitted
[2021-05-14 10:09:28,873] {logging_mixin.py:104} INFO - running function for: (array([1620985168000, 1620986968000]), 2)
[2021-05-14 10:09:28,873] {logging_mixin.py:104} INFO - submitted
[2021-05-14 10:09:28,873] {logging_mixin.py:104} INFO - running function for: (array([1620985168000, 1620986968000]), 3)
[2021-05-14 10:09:28,874] {logging_mixin.py:104} INFO - submitted
[2021-05-14 10:09:28,874] {logging_mixin.py:104} INFO - running function for: (array([1620983368000, 1620985168000]), 1)
[2021-05-14 10:09:28,874] {logging_mixin.py:104} INFO - submitted
[2021-05-14 10:09:28,874] {logging_mixin.py:104} INFO - running function for: (array([1620983368000, 1620985168000]), 2)
[2021-05-14 10:09:28,875] {logging_mixin.py:104} INFO - submitted
[2021-05-14 10:09:28,875] {logging_mixin.py:104} INFO - running function for: (array([1620983368000, 1620985168000]), 3)
[2021-05-14 10:09:28,875] {logging_mixin.py:104} INFO - submitted
[2021-05-14 10:09:28,875] {logging_mixin.py:104} INFO - running function for: (array([1620981568000, 1620983368000]), 1)
[2021-05-14 10:09:28,876] {logging_mixin.py:104} INFO - submitted
[2021-05-14 10:09:28,876] {logging_mixin.py:104} INFO - running function for: (array([1620981568000, 1620983368000]), 2)
[2021-05-14 10:09:28,877] {logging_mixin.py:104} INFO - submitted
[2021-05-14 10:09:28,877] {logging_mixin.py:104} INFO - running function for: (array([1620981568000, 1620983368000]), 3)
[2021-05-14 10:09:28,878] {logging_mixin.py:104} INFO - submitted
[2021-05-14 10:09:28,878] {logging_mixin.py:104} INFO - running function for: (array([1620979768000, 1620981568000]), 1)
[2021-05-14 10:09:28,879] {logging_mixin.py:104} INFO - submitted
[2021-05-14 10:09:28,879] {logging_mixin.py:104} INFO - running function for: (array([1620979768000, 1620981568000]), 2)
[2021-05-14 10:09:28,879] {logging_mixin.py:104} INFO - submitted
[2021-05-14 10:09:28,879] {logging_mixin.py:104} INFO - running function for: (array([1620979768000, 1620981568000]), 3)
[2021-05-14 10:09:28,880] {logging_mixin.py:104} INFO - submitted
[2021-05-14 10:09:28,880] {logging_mixin.py:104} INFO - running function for: (array([1620977968000, 1620979768000]), 1)
[2021-05-14 10:09:28,880] {logging_mixin.py:104} INFO - submitted
[2021-05-14 10:09:28,880] {logging_mixin.py:104} INFO - running function for: (array([1620977968000, 1620979768000]), 2)
[2021-05-14 10:09:28,881] {logging_mixin.py:104} INFO - submitted
[2021-05-14 10:09:28,881] {logging_mixin.py:104} INFO - running function for: (array([1620977968000, 1620979768000]), 3)
[2021-05-14 10:09:28,881] {logging_mixin.py:104} INFO - submitted
[2021-05-14 10:09:28,881] {logging_mixin.py:104} INFO - running function for: (array([1620976168000, 1620977968000]), 1)
[2021-05-14 10:09:28,881] {logging_mixin.py:104} INFO - submitted
[2021-05-14 10:09:28,882] {logging_mixin.py:104} INFO - running function for: (array([1620976168000, 1620977968000]), 2)
[2021-05-14 10:09:28,882] {logging_mixin.py:104} INFO - submitted
[2021-05-14 10:09:28,882] {logging_mixin.py:104} INFO - running function for: (array([1620976168000, 1620977968000]), 3)
[2021-05-14 10:09:28,882] {logging_mixin.py:104} INFO - submitted
[2021-05-14 10:09:28,883] {logging_mixin.py:104} INFO - running function for: (array([1620974368000, 1620976168000]), 1)
[2021-05-14 10:09:28,883] {logging_mixin.py:104} INFO - submitted
[2021-05-14 10:09:28,883] {logging_mixin.py:104} INFO - running function for: (array([1620974368000, 1620976168000]), 2)
[2021-05-14 10:09:28,883] {logging_mixin.py:104} INFO - submitted
[2021-05-14 10:09:28,884] {logging_mixin.py:104} INFO - running function for: (array([1620974368000, 1620976168000]), 3)
[2021-05-14 10:09:28,884] {logging_mixin.py:104} INFO - submitted
[2021-05-14 10:09:28,884] {logging_mixin.py:104} INFO - running function for: (array([1620972568000, 1620974368000]), 1)
[2021-05-14 10:09:28,885] {logging_mixin.py:104} INFO - submitted
[2021-05-14 10:09:28,885] {logging_mixin.py:104} INFO - running function for: (array([1620972568000, 1620974368000]), 2)
[2021-05-14 10:09:28,886] {logging_mixin.py:104} INFO - submitted
[2021-05-14 10:09:28,886] {logging_mixin.py:104} INFO - running function for: (array([1620972568000, 1620974368000]), 3)
[2021-05-14 10:09:28,886] {logging_mixin.py:104} INFO - submitted
[2021-05-14 10:09:28,887] {logging_mixin.py:104} INFO - running function for: (array([1620970768000, 1620972568000]), 1)
[2021-05-14 10:09:28,887] {logging_mixin.py:104} INFO - submitted
[2021-05-14 10:09:28,888] {logging_mixin.py:104} INFO - running function for: (array([1620970768000, 1620972568000]), 2)
[2021-05-14 10:09:28,888] {logging_mixin.py:104} INFO - submitted
[2021-05-14 10:09:28,889] {logging_mixin.py:104} INFO - running function for: (array([1620970768000, 1620972568000]), 3)
[2021-05-14 10:09:28,889] {logging_mixin.py:104} INFO - submitted
[2021-05-14 10:09:28,889] {logging_mixin.py:104} INFO - running function for: (array([1620968968000, 1620970768000]), 1)
[2021-05-14 10:09:28,890] {logging_mixin.py:104} INFO - submitted
[2021-05-14 10:09:28,890] {logging_mixin.py:104} INFO - running function for: (array([1620968968000, 1620970768000]), 2)
[2021-05-14 10:09:28,890] {logging_mixin.py:104} INFO - submitted
[2021-05-14 10:09:28,890] {logging_mixin.py:104} INFO - running function for: (array([1620968968000, 1620970768000]), 3)
[2021-05-14 10:09:28,891] {logging_mixin.py:104} INFO - submitted
[2021-05-14 10:09:28,891] {logging_mixin.py:104} INFO - running function for: (array([1620967168000, 1620968968000]), 1)
[2021-05-14 10:09:28,891] {logging_mixin.py:104} INFO - submitted
[2021-05-14 10:09:28,892] {logging_mixin.py:104} INFO - running function for: (array([1620967168000, 1620968968000]), 2)
[2021-05-14 10:09:28,892] {logging_mixin.py:104} INFO - submitted
[2021-05-14 10:09:28,892] {logging_mixin.py:104} INFO - running function for: (array([1620967168000, 1620968968000]), 3)
[2021-05-14 10:09:28,895] {logging_mixin.py:104} INFO - submitted
[2021-05-14 10:09:28,898] {logging_mixin.py:104} INFO - running function for: (array([1620965368000, 1620967168000]), 1)
[2021-05-14 10:09:28,899] {logging_mixin.py:104} INFO - submitted
[2021-05-14 10:09:28,900] {logging_mixin.py:104} INFO - running function for: (array([1620965368000, 1620967168000]), 2)
[2021-05-14 10:09:28,900] {logging_mixin.py:104} INFO - submitted
[2021-05-14 10:09:28,901] {logging_mixin.py:104} INFO - running function for: (array([1620965368000, 1620967168000]), 3)
[2021-05-14 10:09:28,901] {logging_mixin.py:104} INFO - submitted
[2021-05-14 10:09:28,902] {logging_mixin.py:104} INFO - running function for: (array([1620963568000, 1620965368000]), 1)
[2021-05-14 10:09:28,903] {logging_mixin.py:104} INFO - submitted
[2021-05-14 10:09:28,904] {logging_mixin.py:104} INFO - running function for: (array([1620963568000, 1620965368000]), 2)
[2021-05-14 10:09:28,904] {logging_mixin.py:104} INFO - submitted
[2021-05-14 10:09:28,904] {logging_mixin.py:104} INFO - running function for: (array([1620963568000, 1620965368000]), 3)
[2021-05-14 10:09:28,905] {logging_mixin.py:104} INFO - submitted
[2021-05-14 10:09:28,905] {logging_mixin.py:104} INFO - running function for: (array([1620961768000, 1620963568000]), 1)
[2021-05-14 10:09:28,905] {logging_mixin.py:104} INFO - submitted
[2021-05-14 10:09:28,905] {logging_mixin.py:104} INFO - running function for: (array([1620961768000, 1620963568000]), 2)
[2021-05-14 10:09:28,906] {logging_mixin.py:104} INFO - submitted
[2021-05-14 10:09:28,906] {logging_mixin.py:104} INFO - running function for: (array([1620961768000, 1620963568000]), 3)
[2021-05-14 10:09:28,906] {logging_mixin.py:104} INFO - submitted
[2021-05-14 10:09:28,906] {logging_mixin.py:104} INFO - running function for: (array([1620959968000, 1620961768000]), 1)
[2021-05-14 10:09:28,907] {logging_mixin.py:104} INFO - submitted
[2021-05-14 10:09:28,907] {logging_mixin.py:104} INFO - running function for: (array([1620959968000, 1620961768000]), 2)
[2021-05-14 10:09:28,907] {logging_mixin.py:104} INFO - submitted
[2021-05-14 10:09:28,907] {logging_mixin.py:104} INFO - running function for: (array([1620959968000, 1620961768000]), 3)
[2021-05-14 10:09:28,908] {logging_mixin.py:104} INFO - submitted
[2021-05-14 10:09:28,908] {logging_mixin.py:104} INFO - running function for: (array([1620958168000, 1620959968000]), 1)
[2021-05-14 10:09:28,908] {logging_mixin.py:104} INFO - submitted
[2021-05-14 10:09:28,908] {logging_mixin.py:104} INFO - running function for: (array([1620958168000, 1620959968000]), 2)
[2021-05-14 10:09:28,909] {logging_mixin.py:104} INFO - submitted
[2021-05-14 10:09:28,909] {logging_mixin.py:104} INFO - running function for: (array([1620958168000, 1620959968000]), 3)
[2021-05-14 10:09:28,909] {logging_mixin.py:104} INFO - submitted
[2021-05-14 10:09:28,910] {logging_mixin.py:104} INFO - running function for: (array([1620956368000, 1620958168000]), 1)
[2021-05-14 10:09:28,910] {logging_mixin.py:104} INFO - submitted
[2021-05-14 10:09:28,910] {logging_mixin.py:104} INFO - running function for: (array([1620956368000, 1620958168000]), 2)
[2021-05-14 10:09:28,911] {logging_mixin.py:104} INFO - submitted
[2021-05-14 10:09:28,911] {logging_mixin.py:104} INFO - running function for: (array([1620956368000, 1620958168000]), 3)
[2021-05-14 10:09:28,911] {logging_mixin.py:104} INFO - submitted
[2021-05-14 10:09:28,911] {logging_mixin.py:104} INFO - running function for: (array([1620954568000, 1620956368000]), 1)
[2021-05-14 10:09:28,912] {logging_mixin.py:104} INFO - submitted
[2021-05-14 10:09:28,912] {logging_mixin.py:104} INFO - running function for: (array([1620954568000, 1620956368000]), 2)
[2021-05-14 10:09:28,912] {logging_mixin.py:104} INFO - submitted
[2021-05-14 10:09:28,912] {logging_mixin.py:104} INFO - running function for: (array([1620954568000, 1620956368000]), 3)
[2021-05-14 10:09:28,913] {logging_mixin.py:104} INFO - submitted
[2021-05-14 10:09:28,913] {logging_mixin.py:104} INFO - running function for: (array([1620952768000, 1620954568000]), 1)
[2021-05-14 10:09:28,913] {logging_mixin.py:104} INFO - submitted
[2021-05-14 10:09:28,913] {logging_mixin.py:104} INFO - running function for: (array([1620952768000, 1620954568000]), 2)
[2021-05-14 10:09:28,914] {logging_mixin.py:104} INFO - submitted
[2021-05-14 10:09:28,914] {logging_mixin.py:104} INFO - running function for: (array([1620952768000, 1620954568000]), 3)
[2021-05-14 10:09:28,914] {logging_mixin.py:104} INFO - submitted
[2021-05-14 10:09:28,914] {logging_mixin.py:104} INFO - running function for: (array([1620950968000, 1620952768000]), 1)
[2021-05-14 10:09:28,915] {logging_mixin.py:104} INFO - submitted
[2021-05-14 10:09:28,915] {logging_mixin.py:104} INFO - running function for: (array([1620950968000, 1620952768000]), 2)
[2021-05-14 10:09:28,915] {logging_mixin.py:104} INFO - submitted
[2021-05-14 10:09:28,915] {logging_mixin.py:104} INFO - running function for: (array([1620950968000, 1620952768000]), 3)
[2021-05-14 10:09:28,916] {logging_mixin.py:104} INFO - submitted
[2021-05-14 10:09:28,916] {logging_mixin.py:104} INFO - running function for: (array([1620949168000, 1620950968000]), 1)
[2021-05-14 10:09:28,916] {logging_mixin.py:104} INFO - submitted
[2021-05-14 10:09:28,917] {logging_mixin.py:104} INFO - running function for: (array([1620949168000, 1620950968000]), 2)
[2021-05-14 10:09:28,917] {logging_mixin.py:104} INFO - submitted
[2021-05-14 10:09:28,918] {logging_mixin.py:104} INFO - running function for: (array([1620949168000, 1620950968000]), 3)
[2021-05-14 10:09:28,918] {logging_mixin.py:104} INFO - submitted
[2021-05-14 10:09:28,919] {logging_mixin.py:104} INFO - running function for: (array([1620947368000, 1620949168000]), 1)
[2021-05-14 10:09:28,919] {logging_mixin.py:104} INFO - submitted
[2021-05-14 10:09:28,919] {logging_mixin.py:104} INFO - running function for: (array([1620947368000, 1620949168000]), 2)
[2021-05-14 10:09:28,920] {logging_mixin.py:104} INFO - submitted
[2021-05-14 10:09:28,920] {logging_mixin.py:104} INFO - running function for: (array([1620947368000, 1620949168000]), 3)
[2021-05-14 10:09:28,920] {logging_mixin.py:104} INFO - submitted
[2021-05-14 10:09:28,920] {logging_mixin.py:104} INFO - running function for: (array([1620945568000, 1620947368000]), 1)
[2021-05-14 10:09:28,921] {logging_mixin.py:104} INFO - submitted
[2021-05-14 10:09:28,921] {logging_mixin.py:104} INFO - running function for: (array([1620945568000, 1620947368000]), 2)
[2021-05-14 10:09:28,921] {logging_mixin.py:104} INFO - submitted
[2021-05-14 10:09:28,921] {logging_mixin.py:104} INFO - running function for: (array([1620945568000, 1620947368000]), 3)
[2021-05-14 10:09:28,922] {logging_mixin.py:104} INFO - submitted
[2021-05-14 10:09:28,922] {logging_mixin.py:104} INFO - running function for: (array([1620943768000, 1620945568000]), 1)
[2021-05-14 10:09:28,922] {logging_mixin.py:104} INFO - submitted
[2021-05-14 10:09:28,922] {logging_mixin.py:104} INFO - running function for: (array([1620943768000, 1620945568000]), 2)
[2021-05-14 10:09:28,923] {logging_mixin.py:104} INFO - submitted
[2021-05-14 10:09:28,923] {logging_mixin.py:104} INFO - running function for: (array([1620943768000, 1620945568000]), 3)
[2021-05-14 10:09:28,923] {logging_mixin.py:104} INFO - submitted
[2021-05-14 10:09:28,923] {logging_mixin.py:104} INFO - running function for: (array([1620941968000, 1620943768000]), 1)
[2021-05-14 10:09:28,924] {logging_mixin.py:104} INFO - submitted
[2021-05-14 10:09:28,924] {logging_mixin.py:104} INFO - running function for: (array([1620941968000, 1620943768000]), 2)
[2021-05-14 10:09:28,924] {logging_mixin.py:104} INFO - submitted
[2021-05-14 10:09:28,924] {logging_mixin.py:104} INFO - running function for: (array([1620941968000, 1620943768000]), 3)
[2021-05-14 10:09:28,925] {logging_mixin.py:104} INFO - submitted
[2021-05-14 10:09:28,925] {logging_mixin.py:104} INFO - running function for: (array([1620940168000, 1620941968000]), 1)
[2021-05-14 10:09:28,926] {logging_mixin.py:104} INFO - submitted
[2021-05-14 10:09:28,926] {logging_mixin.py:104} INFO - running function for: (array([1620940168000, 1620941968000]), 2)
[2021-05-14 10:09:28,927] {logging_mixin.py:104} INFO - submitted
[2021-05-14 10:09:28,927] {logging_mixin.py:104} INFO - running function for: (array([1620940168000, 1620941968000]), 3)
[2021-05-14 10:09:28,927] {logging_mixin.py:104} INFO - submitted
[2021-05-14 10:09:28,928] {logging_mixin.py:104} INFO - running function for: (array([1620938368000, 1620940168000]), 1)
[2021-05-14 10:09:28,928] {logging_mixin.py:104} INFO - submitted
[2021-05-14 10:09:28,928] {logging_mixin.py:104} INFO - running function for: (array([1620938368000, 1620940168000]), 2)
[2021-05-14 10:09:28,928] {logging_mixin.py:104} INFO - submitted
[2021-05-14 10:09:28,929] {logging_mixin.py:104} INFO - running function for: (array([1620938368000, 1620940168000]), 3)
[2021-05-14 10:09:28,929] {logging_mixin.py:104} INFO - submitted
[2021-05-14 10:09:28,929] {logging_mixin.py:104} INFO - running function for: (array([1620936568000, 1620938368000]), 1)
[2021-05-14 10:09:28,929] {logging_mixin.py:104} INFO - submitted
[2021-05-14 10:09:28,930] {logging_mixin.py:104} INFO - running function for: (array([1620936568000, 1620938368000]), 2)
[2021-05-14 10:09:28,930] {logging_mixin.py:104} INFO - submitted
[2021-05-14 10:09:28,930] {logging_mixin.py:104} INFO - running function for: (array([1620936568000, 1620938368000]), 3)
[2021-05-14 10:09:28,930] {logging_mixin.py:104} INFO - submitted
[2021-05-14 10:09:28,931] {logging_mixin.py:104} INFO - running function for: (array([1620934768000, 1620936568000]), 1)
[2021-05-14 10:09:28,931] {logging_mixin.py:104} INFO - submitted
[2021-05-14 10:09:28,931] {logging_mixin.py:104} INFO - running function for: (array([1620934768000, 1620936568000]), 2)
[2021-05-14 10:09:28,931] {logging_mixin.py:104} INFO - submitted
[2021-05-14 10:09:28,932] {logging_mixin.py:104} INFO - running function for: (array([1620934768000, 1620936568000]), 3)
[2021-05-14 10:09:28,932] {logging_mixin.py:104} INFO - submitted
[2021-05-14 10:09:28,932] {logging_mixin.py:104} INFO - running function for: (array([1620932968000, 1620934768000]), 1)
[2021-05-14 10:09:28,932] {logging_mixin.py:104} INFO - submitted
[2021-05-14 10:09:28,933] {logging_mixin.py:104} INFO - running function for: (array([1620932968000, 1620934768000]), 2)
[2021-05-14 10:09:28,933] {logging_mixin.py:104} INFO - submitted
[2021-05-14 10:09:28,933] {logging_mixin.py:104} INFO - running function for: (array([1620932968000, 1620934768000]), 3)
[2021-05-14 10:09:28,933] {logging_mixin.py:104} INFO - submitted
[2021-05-14 10:09:28,934] {logging_mixin.py:104} INFO - running function for: (array([1620931168000, 1620932968000]), 1)
[2021-05-14 10:09:28,934] {logging_mixin.py:104} INFO - submitted
[2021-05-14 10:09:28,934] {logging_mixin.py:104} INFO - running function for: (array([1620931168000, 1620932968000]), 2)
[2021-05-14 10:09:28,934] {logging_mixin.py:104} INFO - submitted
[2021-05-14 10:09:28,935] {logging_mixin.py:104} INFO - running function for: (array([1620931168000, 1620932968000]), 3)
[2021-05-14 10:09:28,935] {logging_mixin.py:104} INFO - submitted
[2021-05-14 10:09:28,935] {logging_mixin.py:104} INFO - running function for: (array([1620929368000, 1620931168000]), 1)
[2021-05-14 10:09:28,935] {logging_mixin.py:104} INFO - submitted
[2021-05-14 10:09:28,936] {logging_mixin.py:104} INFO - running function for: (array([1620929368000, 1620931168000]), 2)
[2021-05-14 10:09:28,936] {logging_mixin.py:104} INFO - submitted
[2021-05-14 10:09:28,936] {logging_mixin.py:104} INFO - running function for: (array([1620929368000, 1620931168000]), 3)
[2021-05-14 10:09:28,936] {logging_mixin.py:104} INFO - submitted
[2021-05-14 10:09:28,937] {logging_mixin.py:104} INFO - running function for: (array([1620927568000, 1620929368000]), 1)
[2021-05-14 10:09:28,937] {logging_mixin.py:104} INFO - submitted
[2021-05-14 10:09:28,937] {logging_mixin.py:104} INFO - running function for: (array([1620927568000, 1620929368000]), 2)
[2021-05-14 10:09:28,937] {logging_mixin.py:104} INFO - submitted
[2021-05-14 10:09:28,938] {logging_mixin.py:104} INFO - running function for: (array([1620927568000, 1620929368000]), 3)
[2021-05-14 10:09:28,938] {logging_mixin.py:104} INFO - submitted
[2021-05-14 10:09:28,938] {logging_mixin.py:104} INFO - running function for: (array([1620925768000, 1620927568000]), 1)
[2021-05-14 10:09:28,938] {logging_mixin.py:104} INFO - submitted
[2021-05-14 10:09:28,939] {logging_mixin.py:104} INFO - running function for: (array([1620925768000, 1620927568000]), 2)
[2021-05-14 10:09:28,939] {logging_mixin.py:104} INFO - submitted
[2021-05-14 10:09:28,939] {logging_mixin.py:104} INFO - running function for: (array([1620925768000, 1620927568000]), 3)
[2021-05-14 10:09:28,939] {logging_mixin.py:104} INFO - submitted
[2021-05-14 10:09:28,939] {logging_mixin.py:104} INFO - running function for: (array([1620923968000, 1620925768000]), 1)
[2021-05-14 10:09:28,940] {logging_mixin.py:104} INFO - submitted
[2021-05-14 10:09:28,940] {logging_mixin.py:104} INFO - running function for: (array([1620923968000, 1620925768000]), 2)
[2021-05-14 10:09:28,940] {logging_mixin.py:104} INFO - submitted
[2021-05-14 10:09:28,940] {logging_mixin.py:104} INFO - running function for: (array([1620923968000, 1620925768000]), 3)
[2021-05-14 10:09:28,941] {logging_mixin.py:104} INFO - submitted
[2021-05-14 10:09:28,941] {logging_mixin.py:104} INFO - running function for: (array([1620922168000, 1620923968000]), 1)
[2021-05-14 10:09:28,942] {logging_mixin.py:104} INFO - submitted
[2021-05-14 10:09:28,942] {logging_mixin.py:104} INFO - running function for: (array([1620922168000, 1620923968000]), 2)
[2021-05-14 10:09:28,943] {logging_mixin.py:104} INFO - submitted
[2021-05-14 10:09:28,943] {logging_mixin.py:104} INFO - running function for: (array([1620922168000, 1620923968000]), 3)
[2021-05-14 10:09:28,944] {logging_mixin.py:104} INFO - submitted
[2021-05-14 10:09:28,944] {logging_mixin.py:104} INFO - running function for: (array([1620920368000, 1620922168000]), 1)
[2021-05-14 10:09:28,944] {logging_mixin.py:104} INFO - submitted
[2021-05-14 10:09:28,945] {logging_mixin.py:104} INFO - running function for: (array([1620920368000, 1620922168000]), 2)
[2021-05-14 10:09:28,945] {logging_mixin.py:104} INFO - submitted
[2021-05-14 10:09:28,945] {logging_mixin.py:104} INFO - running function for: (array([1620920368000, 1620922168000]), 3)
[2021-05-14 10:09:28,945] {logging_mixin.py:104} INFO - submitted
[2021-05-14 10:09:28,946] {logging_mixin.py:104} INFO - running function for: (array([1620918568000, 1620920368000]), 1)
[2021-05-14 10:09:28,946] {logging_mixin.py:104} INFO - submitted
[2021-05-14 10:09:28,946] {logging_mixin.py:104} INFO - running function for: (array([1620918568000, 1620920368000]), 2)
[2021-05-14 10:09:28,947] {logging_mixin.py:104} INFO - submitted
[2021-05-14 10:09:28,947] {logging_mixin.py:104} INFO - running function for: (array([1620918568000, 1620920368000]), 3)
[2021-05-14 10:09:28,947] {logging_mixin.py:104} INFO - submitted
[2021-05-14 10:09:28,947] {logging_mixin.py:104} INFO - running function for: (array([1620916768000, 1620918568000]), 1)
[2021-05-14 10:09:28,948] {logging_mixin.py:104} INFO - submitted
[2021-05-14 10:09:28,948] {logging_mixin.py:104} INFO - running function for: (array([1620916768000, 1620918568000]), 2)
[2021-05-14 10:09:28,948] {logging_mixin.py:104} INFO - submitted
[2021-05-14 10:09:28,948] {logging_mixin.py:104} INFO - running function for: (array([1620916768000, 1620918568000]), 3)
[2021-05-14 10:09:28,948] {logging_mixin.py:104} INFO - submitted
[2021-05-14 10:09:28,949] {logging_mixin.py:104} INFO - running function for: (array([1620914968000, 1620916768000]), 1)
[2021-05-14 10:09:28,949] {logging_mixin.py:104} INFO - submitted
[2021-05-14 10:09:28,949] {logging_mixin.py:104} INFO - running function for: (array([1620914968000, 1620916768000]), 2)
[2021-05-14 10:09:28,950] {logging_mixin.py:104} INFO - submitted
[2021-05-14 10:09:28,950] {logging_mixin.py:104} INFO - running function for: (array([1620914968000, 1620916768000]), 3)
[2021-05-14 10:09:28,950] {logging_mixin.py:104} INFO - submitted
[2021-05-14 10:09:28,951] {logging_mixin.py:104} INFO - running function for: (array([1620913168000, 1620914968000]), 1)
[2021-05-14 10:09:28,951] {logging_mixin.py:104} INFO - submitted
[2021-05-14 10:09:28,951] {logging_mixin.py:104} INFO - running function for: (array([1620913168000, 1620914968000]), 2)
[2021-05-14 10:09:28,952] {logging_mixin.py:104} INFO - submitted
[2021-05-14 10:09:28,952] {logging_mixin.py:104} INFO - running function for: (array([1620913168000, 1620914968000]), 3)
[2021-05-14 10:09:28,952] {logging_mixin.py:104} INFO - submitted
[2021-05-14 10:09:28,953] {logging_mixin.py:104} INFO - running function for: (array([1620911368000, 1620913168000]), 1)
[2021-05-14 10:09:28,953] {logging_mixin.py:104} INFO - submitted
[2021-05-14 10:09:28,953] {logging_mixin.py:104} INFO - running function for: (array([1620911368000, 1620913168000]), 2)
[2021-05-14 10:09:28,953] {logging_mixin.py:104} INFO - submitted
[2021-05-14 10:09:28,954] {logging_mixin.py:104} INFO - running function for: (array([1620911368000, 1620913168000]), 3)
[2021-05-14 10:09:28,954] {logging_mixin.py:104} INFO - submitted
[2021-05-14 10:09:32,750] {logging_mixin.py:104} INFO - https://cdn.iqoption.com/api/quotes-history/quotes/3.0?to=1620992368000&from=1620990568000&active_id=3&only_round=true&_key=1614903660000
[2021-05-14 10:09:32,758] {logging_mixin.py:104} INFO - https://cdn.iqoption.com/api/quotes-history/quotes/3.0?to=1620990568000&from=1620988768000&active_id=1&only_round=true&_key=1614903660000
[2021-05-14 10:09:32,781] {logging_mixin.py:104} INFO - https://cdn.iqoption.com/api/quotes-history/quotes/3.0?to=1620990568000&from=1620988768000&active_id=2&only_round=true&_key=1614903660000
[2021-05-14 10:09:32,784] {logging_mixin.py:104} INFO - https://cdn.iqoption.com/api/quotes-history/quotes/3.0?to=1620990568000&from=1620988768000&active_id=3&only_round=true&_key=1614903660000
[2021-05-14 10:09:32,853] {logging_mixin.py:104} INFO - https://cdn.iqoption.com/api/quotes-history/quotes/3.0?to=1620988768000&from=1620986968000&active_id=1&only_round=true&_key=1614903660000
[2021-05-14 10:09:32,854] {logging_mixin.py:104} INFO - https://cdn.iqoption.com/api/quotes-history/quotes/3.0?to=1620988768000&from=1620986968000&active_id=2&only_round=true&_key=1614903660000
[2021-05-14 10:09:32,857] {logging_mixin.py:104} INFO - https://cdn.iqoption.com/api/quotes-history/quotes/3.0?to=1620988768000&from=1620986968000&active_id=3&only_round=true&_key=1614903660000
[2021-05-14 10:09:32,882] {logging_mixin.py:104} INFO - https://cdn.iqoption.com/api/quotes-history/quotes/3.0?to=1620986968000&from=1620985168000&active_id=1&only_round=true&_key=1614903660000
[2021-05-14 10:09:35,031] {logging_mixin.py:104} INFO - https://cdn.iqoption.com/api/quotes-history/quotes/3.0?to=1620986968000&from=1620985168000&active_id=2&only_round=true&_key=1614903660000
[2021-05-14 10:09:35,057] {logging_mixin.py:104} INFO - https://cdn.iqoption.com/api/quotes-history/quotes/3.0?to=1620986968000&from=1620985168000&active_id=3&only_round=true&_key=1614903660000
[2021-05-14 10:09:35,057] {logging_mixin.py:104} INFO - https://cdn.iqoption.com/api/quotes-history/quotes/3.0?to=1620986968000&from=1620985168000&active_id=3&only_round=true&_key=1614903660000
https://cdn.iqoption.com/api/quotes-history/quotes/3.0?to=1620985168000&from=1620983368000&active_id=1&only_round=true&_key=1614903660000
[2021-05-14 10:09:35,115] {logging_mixin.py:104} INFO - https://cdn.iqoption.com/api/quotes-history/quotes/3.0?to=1620985168000&from=1620983368000&active_id=2&only_round=true&_key=1614903660000
[2021-05-14 10:09:35,118] {logging_mixin.py:104} INFO - https://cdn.iqoption.com/api/quotes-history/quotes/3.0?to=1620985168000&from=1620983368000&active_id=3&only_round=true&_key=1614903660000
[2021-05-14 10:09:35,124] {logging_mixin.py:104} INFO - https://cdn.iqoption.com/api/quotes-history/quotes/3.0?to=1620983368000&from=1620981568000&active_id=1&only_round=true&_key=1614903660000
[2021-05-14 10:09:35,138] {logging_mixin.py:104} INFO - https://cdn.iqoption.com/api/quotes-history/quotes/3.0?to=1620983368000&from=1620981568000&active_id=2&only_round=true&_key=1614903660000
[2021-05-14 10:09:35,173] {logging_mixin.py:104} INFO - https://cdn.iqoption.com/api/quotes-history/quotes/3.0?to=1620983368000&from=1620981568000&active_id=3&only_round=true&_key=1614903660000
[2021-05-14 10:09:36,917] {logging_mixin.py:104} INFO - https://cdn.iqoption.com/api/quotes-history/quotes/3.0?to=1620981568000&from=1620979768000&active_id=1&only_round=true&_key=1614903660000
[2021-05-14 10:09:36,930] {logging_mixin.py:104} INFO - https://cdn.iqoption.com/api/quotes-history/quotes/3.0?to=1620981568000&from=1620979768000&active_id=2&only_round=true&_key=1614903660000
[2021-05-14 10:09:36,946] {logging_mixin.py:104} INFO - https://cdn.iqoption.com/api/quotes-history/quotes/3.0?to=1620981568000&from=1620979768000&active_id=3&only_round=true&_key=1614903660000
[2021-05-14 10:09:37,172] {logging_mixin.py:104} INFO - https://cdn.iqoption.com/api/quotes-history/quotes/3.0?to=1620979768000&from=1620977968000&active_id=1&only_round=true&_key=1614903660000
[2021-05-14 10:09:37,179] {logging_mixin.py:104} INFO - https://cdn.iqoption.com/api/quotes-history/quotes/3.0?to=1620979768000&from=1620977968000&active_id=2&only_round=true&_key=1614903660000
[2021-05-14 10:09:37,191] {logging_mixin.py:104} INFO - https://cdn.iqoption.com/api/quotes-history/quotes/3.0?to=1620979768000&from=1620977968000&active_id=3&only_round=true&_key=1614903660000
[2021-05-14 10:09:37,210] {logging_mixin.py:104} INFO - https://cdn.iqoption.com/api/quotes-history/quotes/3.0?to=1620977968000&from=1620976168000&active_id=1&only_round=true&_key=1614903660000
[2021-05-14 10:09:37,784] {logging_mixin.py:104} INFO - https://cdn.iqoption.com/api/quotes-history/quotes/3.0?to=1620977968000&from=1620976168000&active_id=2&only_round=true&_key=1614903660000
[2021-05-14 10:09:38,792] {logging_mixin.py:104} INFO - https://cdn.iqoption.com/api/quotes-history/quotes/3.0?to=1620977968000&from=1620976168000&active_id=3&only_round=true&_key=1614903660000
[2021-05-14 10:09:38,797] {logging_mixin.py:104} INFO - https://cdn.iqoption.com/api/quotes-history/quotes/3.0?to=1620976168000&from=1620974368000&active_id=1&only_round=true&_key=1614903660000
[2021-05-14 10:09:38,958] {logging_mixin.py:104} INFO - https://cdn.iqoption.com/api/quotes-history/quotes/3.0?to=1620976168000&from=1620974368000&active_id=2&only_round=true&_key=1614903660000
[2021-05-14 10:09:38,983] {logging_mixin.py:104} INFO - https://cdn.iqoption.com/api/quotes-history/quotes/3.0?to=1620976168000&from=1620974368000&active_id=3&only_round=true&_key=1614903660000
[2021-05-14 10:09:38,986] {logging_mixin.py:104} INFO - https://cdn.iqoption.com/api/quotes-history/quotes/3.0?to=1620974368000&from=1620972568000&active_id=1&only_round=true&_key=1614903660000
[2021-05-14 10:09:39,004] {logging_mixin.py:104} INFO - https://cdn.iqoption.com/api/quotes-history/quotes/3.0?to=1620974368000&from=1620972568000&active_id=2&only_round=true&_key=1614903660000
[2021-05-14 10:09:39,092] {logging_mixin.py:104} INFO - https://cdn.iqoption.com/api/quotes-history/quotes/3.0?to=1620974368000&from=1620972568000&active_id=3&only_round=true&_key=1614903660000
[2021-05-14 10:09:39,363] {logging_mixin.py:104} INFO - https://cdn.iqoption.com/api/quotes-history/quotes/3.0?to=1620972568000&from=1620970768000&active_id=1&only_round=true&_key=1614903660000
[2021-05-14 10:09:40,460] {logging_mixin.py:104} INFO - https://cdn.iqoption.com/api/quotes-history/quotes/3.0?to=1620972568000&from=1620970768000&active_id=2&only_round=true&_key=1614903660000
[2021-05-14 10:09:40,643] {logging_mixin.py:104} INFO - https://cdn.iqoption.com/api/quotes-history/quotes/3.0?to=1620972568000&from=1620970768000&active_id=3&only_round=true&_key=1614903660000
[2021-05-14 10:09:40,689] {logging_mixin.py:104} INFO - https://cdn.iqoption.com/api/quotes-history/quotes/3.0?to=1620970768000&from=1620968968000&active_id=1&only_round=true&_key=1614903660000
[2021-05-14 10:09:40,738] {logging_mixin.py:104} INFO - https://cdn.iqoption.com/api/quotes-history/quotes/3.0?to=1620970768000&from=1620968968000&active_id=2&only_round=true&_key=1614903660000
[2021-05-14 10:09:40,741] {logging_mixin.py:104} INFO - https://cdn.iqoption.com/api/quotes-history/quotes/3.0?to=1620970768000&from=1620968968000&active_id=3&only_round=true&_key=1614903660000
[2021-05-14 10:09:40,789] {logging_mixin.py:104} INFO - https://cdn.iqoption.com/api/quotes-history/quotes/3.0?to=1620968968000&from=1620967168000&active_id=1&only_round=true&_key=1614903660000
[2021-05-14 10:09:40,822] {logging_mixin.py:104} INFO - https://cdn.iqoption.com/api/quotes-history/quotes/3.0?to=1620968968000&from=1620967168000&active_id=2&only_round=true&_key=1614903660000
[2021-05-14 10:09:40,942] {logging_mixin.py:104} INFO - https://cdn.iqoption.com/api/quotes-history/quotes/3.0?to=1620968968000&from=1620967168000&active_id=3&only_round=true&_key=1614903660000
[2021-05-14 10:09:42,102] {logging_mixin.py:104} INFO - https://cdn.iqoption.com/api/quotes-history/quotes/3.0?to=1620967168000&from=1620965368000&active_id=1&only_round=true&_key=1614903660000
[2021-05-14 10:09:42,260] {logging_mixin.py:104} INFO - https://cdn.iqoption.com/api/quotes-history/quotes/3.0?to=1620967168000&from=1620965368000&active_id=2&only_round=true&_key=1614903660000
[2021-05-14 10:09:42,273] {logging_mixin.py:104} INFO - https://cdn.iqoption.com/api/quotes-history/quotes/3.0?to=1620967168000&from=1620965368000&active_id=3&only_round=true&_key=1614903660000
[2021-05-14 10:09:42,435] {logging_mixin.py:104} INFO - https://cdn.iqoption.com/api/quotes-history/quotes/3.0?to=1620965368000&from=1620963568000&active_id=1&only_round=true&_key=1614903660000
[2021-05-14 10:09:42,448] {logging_mixin.py:104} INFO - https://cdn.iqoption.com/api/quotes-history/quotes/3.0?to=1620965368000&from=1620963568000&active_id=2&only_round=true&_key=1614903660000
[2021-05-14 10:09:42,471] {logging_mixin.py:104} INFO - https://cdn.iqoption.com/api/quotes-history/quotes/3.0?to=1620965368000&from=1620963568000&active_id=3&only_round=true&_key=1614903660000
[2021-05-14 10:09:42,499] {logging_mixin.py:104} INFO - https://cdn.iqoption.com/api/quotes-history/quotes/3.0?to=1620963568000&from=1620961768000&active_id=1&only_round=true&_key=1614903660000
[2021-05-14 10:09:42,768] {logging_mixin.py:104} INFO - https://cdn.iqoption.com/api/quotes-history/quotes/3.0?to=1620963568000&from=1620961768000&active_id=2&only_round=true&_key=1614903660000
[2021-05-14 10:09:43,820] {logging_mixin.py:104} INFO - https://cdn.iqoption.com/api/quotes-history/quotes/3.0?to=1620963568000&from=1620961768000&active_id=3&only_round=true&_key=1614903660000
[2021-05-14 10:09:43,847] {logging_mixin.py:104} INFO - https://cdn.iqoption.com/api/quotes-history/quotes/3.0?to=1620961768000&from=1620959968000&active_id=1&only_round=true&_key=1614903660000
[2021-05-14 10:09:43,998] {logging_mixin.py:104} INFO - https://cdn.iqoption.com/api/quotes-history/quotes/3.0?to=1620961768000&from=1620959968000&active_id=2&only_round=true&_key=1614903660000
[2021-05-14 10:09:44,007] {logging_mixin.py:104} INFO - https://cdn.iqoption.com/api/quotes-history/quotes/3.0?to=1620961768000&from=1620959968000&active_id=3&only_round=true&_key=1614903660000
[2021-05-14 10:09:44,083] {logging_mixin.py:104} INFO - https://cdn.iqoption.com/api/quotes-history/quotes/3.0?to=1620959968000&from=1620958168000&active_id=1&only_round=true&_key=1614903660000
[2021-05-14 10:09:44,100] {logging_mixin.py:104} INFO - https://cdn.iqoption.com/api/quotes-history/quotes/3.0?to=1620959968000&from=1620958168000&active_id=2&only_round=true&_key=1614903660000
[2021-05-14 10:09:44,116] {logging_mixin.py:104} INFO - https://cdn.iqoption.com/api/quotes-history/quotes/3.0?to=1620959968000&from=1620958168000&active_id=3&only_round=true&_key=1614903660000
[2021-05-14 10:09:44,344] {logging_mixin.py:104} INFO - https://cdn.iqoption.com/api/quotes-history/quotes/3.0?to=1620958168000&from=1620956368000&active_id=1&only_round=true&_key=1614903660000
[2021-05-14 10:09:45,616] {logging_mixin.py:104} INFO - https://cdn.iqoption.com/api/quotes-history/quotes/3.0?to=1620958168000&from=1620956368000&active_id=2&only_round=true&_key=1614903660000
[2021-05-14 10:09:45,617] {logging_mixin.py:104} INFO - https://cdn.iqoption.com/api/quotes-history/quotes/3.0?to=1620958168000&from=1620956368000&active_id=2&only_round=true&_key=1614903660000
https://cdn.iqoption.com/api/quotes-history/quotes/3.0?to=1620958168000&from=1620956368000&active_id=3&only_round=true&_key=1614903660000
[2021-05-14 10:09:45,809] {logging_mixin.py:104} INFO - https://cdn.iqoption.com/api/quotes-history/quotes/3.0?to=1620956368000&from=1620954568000&active_id=1&only_round=true&_key=1614903660000
[2021-05-14 10:09:45,811] {logging_mixin.py:104} INFO - https://cdn.iqoption.com/api/quotes-history/quotes/3.0?to=1620956368000&from=1620954568000&active_id=2&only_round=true&_key=1614903660000
[2021-05-14 10:09:45,849] {logging_mixin.py:104} INFO - https://cdn.iqoption.com/api/quotes-history/quotes/3.0?to=1620956368000&from=1620954568000&active_id=3&only_round=true&_key=1614903660000
[2021-05-14 10:09:45,981] {logging_mixin.py:104} INFO - https://cdn.iqoption.com/api/quotes-history/quotes/3.0?to=1620954568000&from=1620952768000&active_id=1&only_round=true&_key=1614903660000
[2021-05-14 10:09:46,051] {logging_mixin.py:104} INFO - https://cdn.iqoption.com/api/quotes-history/quotes/3.0?to=1620954568000&from=1620952768000&active_id=2&only_round=true&_key=1614903660000
[2021-05-14 10:09:46,074] {logging_mixin.py:104} INFO - https://cdn.iqoption.com/api/quotes-history/quotes/3.0?to=1620954568000&from=1620952768000&active_id=3&only_round=true&_key=1614903660000
[2021-05-14 10:09:47,251] {logging_mixin.py:104} INFO - https://cdn.iqoption.com/api/quotes-history/quotes/3.0?to=1620952768000&from=1620950968000&active_id=1&only_round=true&_key=1614903660000
[2021-05-14 10:09:47,252] {logging_mixin.py:104} INFO - https://cdn.iqoption.com/api/quotes-history/quotes/3.0?to=1620952768000&from=1620950968000&active_id=2&only_round=true&_key=1614903660000
[2021-05-14 10:09:47,387] {logging_mixin.py:104} INFO - https://cdn.iqoption.com/api/quotes-history/quotes/3.0?to=1620952768000&from=1620950968000&active_id=3&only_round=true&_key=1614903660000
[2021-05-14 10:09:47,406] {logging_mixin.py:104} INFO - https://cdn.iqoption.com/api/quotes-history/quotes/3.0?to=1620950968000&from=1620949168000&active_id=1&only_round=true&_key=1614903660000
[2021-05-14 10:09:47,478] {logging_mixin.py:104} INFO - https://cdn.iqoption.com/api/quotes-history/quotes/3.0?to=1620950968000&from=1620949168000&active_id=2&only_round=true&_key=1614903660000
[2021-05-14 10:09:47,578] {logging_mixin.py:104} INFO - https://cdn.iqoption.com/api/quotes-history/quotes/3.0?to=1620950968000&from=1620949168000&active_id=3&only_round=true&_key=1614903660000
[2021-05-14 10:09:47,756] {logging_mixin.py:104} INFO - https://cdn.iqoption.com/api/quotes-history/quotes/3.0?to=1620949168000&from=1620947368000&active_id=1&only_round=true&_key=1614903660000
[2021-05-14 10:09:47,828] {logging_mixin.py:104} INFO - https://cdn.iqoption.com/api/quotes-history/quotes/3.0?to=1620949168000&from=1620947368000&active_id=2&only_round=true&_key=1614903660000
[2021-05-14 10:09:49,250] {logging_mixin.py:104} INFO - https://cdn.iqoption.com/api/quotes-history/quotes/3.0?to=1620949168000&from=1620947368000&active_id=3&only_round=true&_key=1614903660000
[2021-05-14 10:09:49,252] {logging_mixin.py:104} INFO - https://cdn.iqoption.com/api/quotes-history/quotes/3.0?to=1620947368000&from=1620945568000&active_id=1&only_round=true&_key=1614903660000
[2021-05-14 10:09:49,397] {logging_mixin.py:104} INFO - https://cdn.iqoption.com/api/quotes-history/quotes/3.0?to=1620947368000&from=1620945568000&active_id=2&only_round=true&_key=1614903660000
[2021-05-14 10:09:49,449] {logging_mixin.py:104} INFO - https://cdn.iqoption.com/api/quotes-history/quotes/3.0?to=1620947368000&from=1620945568000&active_id=3&only_round=true&_key=1614903660000
[2021-05-14 10:09:49,450] {logging_mixin.py:104} INFO - https://cdn.iqoption.com/api/quotes-history/quotes/3.0?to=1620947368000&from=1620945568000&active_id=3&only_round=true&_key=1614903660000
https://cdn.iqoption.com/api/quotes-history/quotes/3.0?to=1620945568000&from=1620943768000&active_id=1&only_round=true&_key=1614903660000
[2021-05-14 10:09:49,461] {logging_mixin.py:104} INFO - https://cdn.iqoption.com/api/quotes-history/quotes/3.0?to=1620945568000&from=1620943768000&active_id=2&only_round=true&_key=1614903660000
[2021-05-14 10:09:49,736] {logging_mixin.py:104} INFO - https://cdn.iqoption.com/api/quotes-history/quotes/3.0?to=1620945568000&from=1620943768000&active_id=3&only_round=true&_key=1614903660000
[2021-05-14 10:09:50,298] {logging_mixin.py:104} INFO - https://cdn.iqoption.com/api/quotes-history/quotes/3.0?to=1620943768000&from=1620941968000&active_id=1&only_round=true&_key=1614903660000
[2021-05-14 10:09:50,725] {logging_mixin.py:104} INFO - https://cdn.iqoption.com/api/quotes-history/quotes/3.0?to=1620943768000&from=1620941968000&active_id=2&only_round=true&_key=1614903660000
[2021-05-14 10:09:50,941] {logging_mixin.py:104} INFO - https://cdn.iqoption.com/api/quotes-history/quotes/3.0?to=1620943768000&from=1620941968000&active_id=3&only_round=true&_key=1614903660000
[2021-05-14 10:09:50,963] {logging_mixin.py:104} INFO - https://cdn.iqoption.com/api/quotes-history/quotes/3.0?to=1620941968000&from=1620940168000&active_id=1&only_round=true&_key=1614903660000
[2021-05-14 10:09:51,009] {logging_mixin.py:104} INFO - https://cdn.iqoption.com/api/quotes-history/quotes/3.0?to=1620941968000&from=1620940168000&active_id=2&only_round=true&_key=1614903660000
[2021-05-14 10:09:51,016] {logging_mixin.py:104} INFO - https://cdn.iqoption.com/api/quotes-history/quotes/3.0?to=1620941968000&from=1620940168000&active_id=3&only_round=true&_key=1614903660000
[2021-05-14 10:09:51,174] {logging_mixin.py:104} INFO - https://cdn.iqoption.com/api/quotes-history/quotes/3.0?to=1620940168000&from=1620938368000&active_id=1&only_round=true&_key=1614903660000
[2021-05-14 10:09:51,441] {logging_mixin.py:104} INFO - https://cdn.iqoption.com/api/quotes-history/quotes/3.0?to=1620940168000&from=1620938368000&active_id=2&only_round=true&_key=1614903660000
[2021-05-14 10:09:51,842] {logging_mixin.py:104} INFO - https://cdn.iqoption.com/api/quotes-history/quotes/3.0?to=1620940168000&from=1620938368000&active_id=3&only_round=true&_key=1614903660000
[2021-05-14 10:09:52,491] {logging_mixin.py:104} INFO - https://cdn.iqoption.com/api/quotes-history/quotes/3.0?to=1620938368000&from=1620936568000&active_id=1&only_round=true&_key=1614903660000
[2021-05-14 10:09:52,494] {logging_mixin.py:104} INFO - https://cdn.iqoption.com/api/quotes-history/quotes/3.0?to=1620938368000&from=1620936568000&active_id=2&only_round=true&_key=1614903660000
[2021-05-14 10:09:52,497] {logging_mixin.py:104} INFO - https://cdn.iqoption.com/api/quotes-history/quotes/3.0?to=1620938368000&from=1620936568000&active_id=3&only_round=true&_key=1614903660000
[2021-05-14 10:09:52,654] {logging_mixin.py:104} INFO - https://cdn.iqoption.com/api/quotes-history/quotes/3.0?to=1620936568000&from=1620934768000&active_id=1&only_round=true&_key=1614903660000
[2021-05-14 10:09:52,675] {logging_mixin.py:104} INFO - https://cdn.iqoption.com/api/quotes-history/quotes/3.0?to=1620936568000&from=1620934768000&active_id=2&only_round=true&_key=1614903660000
[2021-05-14 10:09:52,736] {logging_mixin.py:104} INFO - https://cdn.iqoption.com/api/quotes-history/quotes/3.0?to=1620936568000&from=1620934768000&active_id=3&only_round=true&_key=1614903660000
[2021-05-14 10:09:52,987] {logging_mixin.py:104} INFO - https://cdn.iqoption.com/api/quotes-history/quotes/3.0?to=1620934768000&from=1620932968000&active_id=1&only_round=true&_key=1614903660000
[2021-05-14 10:09:53,434] {logging_mixin.py:104} INFO - https://cdn.iqoption.com/api/quotes-history/quotes/3.0?to=1620934768000&from=1620932968000&active_id=2&only_round=true&_key=1614903660000
[2021-05-14 10:09:54,124] {logging_mixin.py:104} INFO - https://cdn.iqoption.com/api/quotes-history/quotes/3.0?to=1620934768000&from=1620932968000&active_id=3&only_round=true&_key=1614903660000
[2021-05-14 10:09:54,162] {logging_mixin.py:104} INFO - https://cdn.iqoption.com/api/quotes-history/quotes/3.0?to=1620932968000&from=1620931168000&active_id=1&only_round=true&_key=1614903660000
[2021-05-14 10:09:54,251] {logging_mixin.py:104} INFO - https://cdn.iqoption.com/api/quotes-history/quotes/3.0?to=1620932968000&from=1620931168000&active_id=2&only_round=true&_key=1614903660000
[2021-05-14 10:09:54,421] {logging_mixin.py:104} INFO - https://cdn.iqoption.com/api/quotes-history/quotes/3.0?to=1620932968000&from=1620931168000&active_id=3&only_round=true&_key=1614903660000
[2021-05-14 10:09:54,436] {logging_mixin.py:104} INFO - https://cdn.iqoption.com/api/quotes-history/quotes/3.0?to=1620931168000&from=1620929368000&active_id=1&only_round=true&_key=1614903660000
[2021-05-14 10:09:54,508] {logging_mixin.py:104} INFO - https://cdn.iqoption.com/api/quotes-history/quotes/3.0?to=1620931168000&from=1620929368000&active_id=2&only_round=true&_key=1614903660000
[2021-05-14 10:09:54,644] {logging_mixin.py:104} INFO - https://cdn.iqoption.com/api/quotes-history/quotes/3.0?to=1620931168000&from=1620929368000&active_id=3&only_round=true&_key=1614903660000
[2021-05-14 10:09:55,074] {logging_mixin.py:104} INFO - https://cdn.iqoption.com/api/quotes-history/quotes/3.0?to=1620929368000&from=1620927568000&active_id=1&only_round=true&_key=1614903660000
[2021-05-14 10:09:55,703] {logging_mixin.py:104} INFO - https://cdn.iqoption.com/api/quotes-history/quotes/3.0?to=1620929368000&from=1620927568000&active_id=2&only_round=true&_key=1614903660000
[2021-05-14 10:09:55,733] {logging_mixin.py:104} INFO - https://cdn.iqoption.com/api/quotes-history/quotes/3.0?to=1620929368000&from=1620927568000&active_id=3&only_round=true&_key=1614903660000
[2021-05-14 10:09:55,917] {logging_mixin.py:104} INFO - https://cdn.iqoption.com/api/quotes-history/quotes/3.0?to=1620927568000&from=1620925768000&active_id=1&only_round=true&_key=1614903660000
[2021-05-14 10:09:56,119] {logging_mixin.py:104} INFO - https://cdn.iqoption.com/api/quotes-history/quotes/3.0?to=1620927568000&from=1620925768000&active_id=2&only_round=true&_key=1614903660000
[2021-05-14 10:09:56,142] {logging_mixin.py:104} INFO - https://cdn.iqoption.com/api/quotes-history/quotes/3.0?to=1620927568000&from=1620925768000&active_id=3&only_round=true&_key=1614903660000
[2021-05-14 10:09:56,143] {logging_mixin.py:104} INFO - https://cdn.iqoption.com/api/quotes-history/quotes/3.0?to=1620927568000&from=1620925768000&active_id=3&only_round=true&_key=1614903660000
https://cdn.iqoption.com/api/quotes-history/quotes/3.0?to=1620925768000&from=1620923968000&active_id=1&only_round=true&_key=1614903660000
[2021-05-14 10:09:56,203] {logging_mixin.py:104} INFO - https://cdn.iqoption.com/api/quotes-history/quotes/3.0?to=1620925768000&from=1620923968000&active_id=2&only_round=true&_key=1614903660000
[2021-05-14 10:09:56,987] {logging_mixin.py:104} INFO - https://cdn.iqoption.com/api/quotes-history/quotes/3.0?to=1620925768000&from=1620923968000&active_id=3&only_round=true&_key=1614903660000
[2021-05-14 10:09:57,448] {logging_mixin.py:104} INFO - https://cdn.iqoption.com/api/quotes-history/quotes/3.0?to=1620923968000&from=1620922168000&active_id=1&only_round=true&_key=1614903660000
[2021-05-14 10:09:57,636] {logging_mixin.py:104} INFO - https://cdn.iqoption.com/api/quotes-history/quotes/3.0?to=1620923968000&from=1620922168000&active_id=2&only_round=true&_key=1614903660000
[2021-05-14 10:09:57,885] {logging_mixin.py:104} INFO - https://cdn.iqoption.com/api/quotes-history/quotes/3.0?to=1620923968000&from=1620922168000&active_id=3&only_round=true&_key=1614903660000
[2021-05-14 10:09:57,892] {logging_mixin.py:104} INFO - https://cdn.iqoption.com/api/quotes-history/quotes/3.0?to=1620922168000&from=1620920368000&active_id=1&only_round=true&_key=1614903660000
[2021-05-14 10:09:57,937] {logging_mixin.py:104} INFO - https://cdn.iqoption.com/api/quotes-history/quotes/3.0?to=1620922168000&from=1620920368000&active_id=2&only_round=true&_key=1614903660000
[2021-05-14 10:09:58,160] {logging_mixin.py:104} INFO - https://cdn.iqoption.com/api/quotes-history/quotes/3.0?to=1620922168000&from=1620920368000&active_id=3&only_round=true&_key=1614903660000
[2021-05-14 10:09:58,222] {logging_mixin.py:104} INFO - https://cdn.iqoption.com/api/quotes-history/quotes/3.0?to=1620920368000&from=1620918568000&active_id=1&only_round=true&_key=1614903660000
[2021-05-14 10:09:58,541] {logging_mixin.py:104} INFO - https://cdn.iqoption.com/api/quotes-history/quotes/3.0?to=1620920368000&from=1620918568000&active_id=2&only_round=true&_key=1614903660000
[2021-05-14 10:09:59,021] {logging_mixin.py:104} INFO - https://cdn.iqoption.com/api/quotes-history/quotes/3.0?to=1620920368000&from=1620918568000&active_id=3&only_round=true&_key=1614903660000
[2021-05-14 10:09:59,345] {logging_mixin.py:104} INFO - https://cdn.iqoption.com/api/quotes-history/quotes/3.0?to=1620918568000&from=1620916768000&active_id=1&only_round=true&_key=1614903660000
[2021-05-14 10:09:59,470] {logging_mixin.py:104} INFO - https://cdn.iqoption.com/api/quotes-history/quotes/3.0?to=1620918568000&from=1620916768000&active_id=2&only_round=true&_key=1614903660000
[2021-05-14 10:09:59,516] {logging_mixin.py:104} INFO - https://cdn.iqoption.com/api/quotes-history/quotes/3.0?to=1620918568000&from=1620916768000&active_id=3&only_round=true&_key=1614903660000
[2021-05-14 10:09:59,564] {logging_mixin.py:104} INFO - https://cdn.iqoption.com/api/quotes-history/quotes/3.0?to=1620916768000&from=1620914968000&active_id=1&only_round=true&_key=1614903660000
[2021-05-14 10:09:59,849] {logging_mixin.py:104} INFO - https://cdn.iqoption.com/api/quotes-history/quotes/3.0?to=1620916768000&from=1620914968000&active_id=2&only_round=true&_key=1614903660000
[2021-05-14 10:09:59,954] {logging_mixin.py:104} INFO - https://cdn.iqoption.com/api/quotes-history/quotes/3.0?to=1620916768000&from=1620914968000&active_id=3&only_round=true&_key=1614903660000
[2021-05-14 10:10:00,354] {logging_mixin.py:104} INFO - https://cdn.iqoption.com/api/quotes-history/quotes/3.0?to=1620914968000&from=1620913168000&active_id=1&only_round=true&_key=1614903660000
[2021-05-14 10:10:00,773] {logging_mixin.py:104} INFO - https://cdn.iqoption.com/api/quotes-history/quotes/3.0?to=1620914968000&from=1620913168000&active_id=2&only_round=true&_key=1614903660000
[2021-05-14 10:10:01,148] {logging_mixin.py:104} INFO - https://cdn.iqoption.com/api/quotes-history/quotes/3.0?to=1620914968000&from=1620913168000&active_id=3&only_round=true&_key=1614903660000
[2021-05-14 10:10:01,177] {logging_mixin.py:104} INFO - https://cdn.iqoption.com/api/quotes-history/quotes/3.0?to=1620913168000&from=1620911368000&active_id=1&only_round=true&_key=1614903660000
[2021-05-14 10:10:01,238] {logging_mixin.py:104} INFO - https://cdn.iqoption.com/api/quotes-history/quotes/3.0?to=1620913168000&from=1620911368000&active_id=2&only_round=true&_key=1614903660000
[2021-05-14 10:10:01,300] {logging_mixin.py:104} INFO - https://cdn.iqoption.com/api/quotes-history/quotes/3.0?to=1620913168000&from=1620911368000&active_id=3&only_round=true&_key=1614903660000
[2021-05-14 10:10:03,028] {python.py:118} INFO - Done. Returned value was: None
[2021-05-14 10:10:03,033] {taskinstance.py:1192} INFO - Marking task as SUCCESS. dag_id=etl, task_id=loading_data_to_s3, execution_date=20210514T120000, start_date=20210514T130927, end_date=20210514T131003
[2021-05-14 10:10:03,115] {taskinstance.py:1246} INFO - 1 downstream tasks scheduled from follow-on schedule check
[2021-05-14 10:10:03,134] {local_task_job.py:146} INFO - Task exited with return code 0
