[2021-05-14 20:00:10,009] {taskinstance.py:877} INFO - Dependencies all met for <TaskInstance: etl.load_dim_table 2021-05-14T22:00:00+00:00 [queued]>
[2021-05-14 20:00:10,017] {taskinstance.py:877} INFO - Dependencies all met for <TaskInstance: etl.load_dim_table 2021-05-14T22:00:00+00:00 [queued]>
[2021-05-14 20:00:10,017] {taskinstance.py:1068} INFO - 
--------------------------------------------------------------------------------
[2021-05-14 20:00:10,017] {taskinstance.py:1069} INFO - Starting attempt 1 of 1
[2021-05-14 20:00:10,017] {taskinstance.py:1070} INFO - 
--------------------------------------------------------------------------------
[2021-05-14 20:00:10,024] {taskinstance.py:1089} INFO - Executing <Task(ExecuteQueryOperator): load_dim_table> on 2021-05-14T22:00:00+00:00
[2021-05-14 20:00:10,027] {standard_task_runner.py:52} INFO - Started process 26086 to run task
[2021-05-14 20:00:10,033] {standard_task_runner.py:76} INFO - Running: ['airflow', 'tasks', 'run', 'etl', 'load_dim_table', '2021-05-14T22:00:00+00:00', '--job-id', '587', '--pool', 'default_pool', '--raw', '--subdir', 'DAGS_FOLDER/etl_dag.py', '--cfg-path', '/var/folders/_f/vg3x3jmj23bcz6s88l7v6fb40000gn/T/tmp1bb8qb33', '--error-file', '/var/folders/_f/vg3x3jmj23bcz6s88l7v6fb40000gn/T/tmp26uho1ld']
[2021-05-14 20:00:10,035] {standard_task_runner.py:77} INFO - Job 587: Subtask load_dim_table
[2021-05-14 20:00:10,065] {logging_mixin.py:104} INFO - Running <TaskInstance: etl.load_dim_table 2021-05-14T22:00:00+00:00 [running]> on host 27.2.168.192.in-addr.arpa
[2021-05-14 20:00:10,091] {taskinstance.py:1283} INFO - Exporting the following env vars:
AIRFLOW_CTX_DAG_OWNER=udacity
AIRFLOW_CTX_DAG_ID=etl
AIRFLOW_CTX_TASK_ID=load_dim_table
AIRFLOW_CTX_EXECUTION_DATE=2021-05-14T22:00:00+00:00
AIRFLOW_CTX_DAG_RUN_ID=scheduled__2021-05-14T22:00:00+00:00
[2021-05-14 20:00:10,092] {execute_query.py:21} INFO - Executing query
[2021-05-14 20:00:10,096] {base.py:78} INFO - Using connection to: id: redshift. Host: redshift-cluster-1.caua6g9a7jto.us-east-1.redshift.amazonaws.com, Port: 5439, Schema: dev, Login: awsuser, Password: XXXXXXXX, extra: None
[2021-05-14 20:00:11,214] {dbapi.py:180} INFO - Running statement: 
    INSERT INTO forex.dim_active_id VALUES
    (1, 'EUR/USD'),
    (2, 'EUR/GBP'),
    (3, 'GBP/JPY'),
    (4, 'EUR/JPY'),
    (5, 'GBP/USD'),
    (6, 'USD/JPY');
, parameters: None
[2021-05-14 20:00:11,558] {dbapi.py:186} INFO - Rows affected: 6
[2021-05-14 20:00:11,761] {taskinstance.py:1192} INFO - Marking task as SUCCESS. dag_id=etl, task_id=load_dim_table, execution_date=20210514T220000, start_date=20210514T230010, end_date=20210514T230011
[2021-05-14 20:00:11,803] {taskinstance.py:1246} INFO - 1 downstream tasks scheduled from follow-on schedule check
[2021-05-14 20:00:11,850] {local_task_job.py:146} INFO - Task exited with return code 0
