[2021-05-14 16:43:28,785] {taskinstance.py:877} INFO - Dependencies all met for <TaskInstance: etl.run_spark_job 2021-05-14T19:43:00.843664+00:00 [queued]>
[2021-05-14 16:43:28,790] {taskinstance.py:877} INFO - Dependencies all met for <TaskInstance: etl.run_spark_job 2021-05-14T19:43:00.843664+00:00 [queued]>
[2021-05-14 16:43:28,790] {taskinstance.py:1068} INFO - 
--------------------------------------------------------------------------------
[2021-05-14 16:43:28,790] {taskinstance.py:1069} INFO - Starting attempt 1 of 1
[2021-05-14 16:43:28,790] {taskinstance.py:1070} INFO - 
--------------------------------------------------------------------------------
[2021-05-14 16:43:28,796] {taskinstance.py:1089} INFO - Executing <Task(DockerOperator): run_spark_job> on 2021-05-14T19:43:00.843664+00:00
[2021-05-14 16:43:28,799] {standard_task_runner.py:52} INFO - Started process 23353 to run task
[2021-05-14 16:43:28,805] {standard_task_runner.py:76} INFO - Running: ['airflow', 'tasks', 'run', 'etl', 'run_spark_job', '2021-05-14T19:43:00.843664+00:00', '--job-id', '468', '--pool', 'default_pool', '--raw', '--subdir', 'DAGS_FOLDER/etl_dag.py', '--cfg-path', '/var/folders/_f/vg3x3jmj23bcz6s88l7v6fb40000gn/T/tmp3ce4sxbf', '--error-file', '/var/folders/_f/vg3x3jmj23bcz6s88l7v6fb40000gn/T/tmp5kzlt053']
[2021-05-14 16:43:28,807] {standard_task_runner.py:77} INFO - Job 468: Subtask run_spark_job
[2021-05-14 16:43:28,841] {logging_mixin.py:104} INFO - Running <TaskInstance: etl.run_spark_job 2021-05-14T19:43:00.843664+00:00 [running]> on host 1.0.0.0.0.0.0.0.0.0.0.0.0.0.0.0.0.0.0.0.0.0.0.0.0.0.0.0.0.0.0.0.ip6.arpa
[2021-05-14 16:43:28,869] {taskinstance.py:1283} INFO - Exporting the following env vars:
AIRFLOW_CTX_DAG_OWNER=udacity
AIRFLOW_CTX_DAG_ID=etl
AIRFLOW_CTX_TASK_ID=run_spark_job
AIRFLOW_CTX_EXECUTION_DATE=2021-05-14T19:43:00.843664+00:00
AIRFLOW_CTX_DAG_RUN_ID=manual__2021-05-14T19:43:00.843664+00:00
[2021-05-14 16:43:28,873] {docker.py:303} INFO - Pulling docker image raphacarvalho/udac_spark
[2021-05-14 16:43:32,171] {docker.py:317} INFO - latest: Pulling from raphacarvalho/udac_spark
[2021-05-14 16:43:32,174] {docker.py:312} INFO - Digest: sha256:7d062312730a22543faf11b0dc14f81adfde47191a7baf8e9ca942359cb16317
[2021-05-14 16:43:32,175] {docker.py:312} INFO - Status: Image is up to date for raphacarvalho/udac_spark
[2021-05-14 16:43:32,178] {docker.py:232} INFO - Starting docker container from image raphacarvalho/udac_spark
[2021-05-14 16:43:34,338] {docker.py:276} INFO - WARNING: An illegal reflective access operation has occurred
WARNING: Illegal reflective access by org.apache.spark.unsafe.Platform (file:/usr/local/spark-3.1.1-bin-hadoop3.2/jars/spark-unsafe_2.12-3.1.1.jar) to constructor java.nio.DirectByteBuffer(long,int)
WARNING: Please consider reporting this to the maintainers of org.apache.spark.unsafe.Platform
WARNING: Use --illegal-access=warn to enable warnings of further illegal reflective access operations
WARNING: All illegal access operations will be denied in a future release
[2021-05-14 16:43:34,996] {docker.py:276} INFO - 21/05/14 19:43:35 WARN NativeCodeLoader: Unable to load native-hadoop library for your platform... using builtin-java classes where applicable
[2021-05-14 16:43:35,742] {docker.py:276} INFO - Traceback (most recent call last):
  File "/home/jovyan/spark.py", line 11, in <module>
    import boto3
ModuleNotFoundError: No module named 'boto3'
[2021-05-14 16:43:35,782] {docker.py:276} INFO - log4j:WARN No appenders could be found for logger (org.apache.spark.util.ShutdownHookManager).
log4j:WARN Please initialize the log4j system properly.
log4j:WARN See http://logging.apache.org/log4j/1.2/faq.html#noconfig for more info.
[2021-05-14 16:43:35,955] {taskinstance.py:1482} ERROR - Task failed with exception
Traceback (most recent call last):
  File "/Library/Frameworks/Python.framework/Versions/3.7/lib/python3.7/site-packages/airflow/models/taskinstance.py", line 1138, in _run_raw_task
    self._prepare_and_execute_task_with_callbacks(context, task)
  File "/Library/Frameworks/Python.framework/Versions/3.7/lib/python3.7/site-packages/airflow/models/taskinstance.py", line 1311, in _prepare_and_execute_task_with_callbacks
    result = self._execute_task(context, task_copy)
  File "/Library/Frameworks/Python.framework/Versions/3.7/lib/python3.7/site-packages/airflow/models/taskinstance.py", line 1341, in _execute_task
    result = task_copy.execute(context=context)
  File "/Library/Frameworks/Python.framework/Versions/3.7/lib/python3.7/site-packages/airflow/providers/docker/operators/docker.py", line 321, in execute
    return self._run_image()
  File "/Library/Frameworks/Python.framework/Versions/3.7/lib/python3.7/site-packages/airflow/providers/docker/operators/docker.py", line 281, in _run_image
    raise AirflowException('docker container failed: ' + repr(result) + f"lines {res_lines}")
airflow.exceptions.AirflowException: docker container failed: {'Error': None, 'StatusCode': 1}lines WARNING: An illegal reflective access operation has occurred
WARNING: Illegal reflective access by org.apache.spark.unsafe.Platform (file:/usr/local/spark-3.1.1-bin-hadoop3.2/jars/spark-unsafe_2.12-3.1.1.jar) to constructor java.nio.DirectByteBuffer(long,int)
WARNING: Please consider reporting this to the maintainers of org.apache.spark.unsafe.Platform
WARNING: Use --illegal-access=warn to enable warnings of further illegal reflective access operations
WARNING: All illegal access operations will be denied in a future release
21/05/14 19:43:35 WARN NativeCodeLoader: Unable to load native-hadoop library for your platform... using builtin-java classes where applicable
Traceback (most recent call last):
  File "/home/jovyan/spark.py", line 11, in <module>
    import boto3
ModuleNotFoundError: No module named 'boto3'
log4j:WARN No appenders could be found for logger (org.apache.spark.util.ShutdownHookManager).
log4j:WARN Please initialize the log4j system properly.
log4j:WARN See http://logging.apache.org/log4j/1.2/faq.html#noconfig for more info.
[2021-05-14 16:43:35,961] {taskinstance.py:1532} INFO - Marking task as FAILED. dag_id=etl, task_id=run_spark_job, execution_date=20210514T194300, start_date=20210514T194328, end_date=20210514T194335
[2021-05-14 16:43:36,007] {local_task_job.py:146} INFO - Task exited with return code 1
