[2021-05-14 19:38:29,537] {taskinstance.py:877} INFO - Dependencies all met for <TaskInstance: etl.loading_data_to_s3 2021-05-14T22:38:16.731427+00:00 [queued]>
[2021-05-14 19:38:29,544] {taskinstance.py:877} INFO - Dependencies all met for <TaskInstance: etl.loading_data_to_s3 2021-05-14T22:38:16.731427+00:00 [queued]>
[2021-05-14 19:38:29,544] {taskinstance.py:1068} INFO - 
--------------------------------------------------------------------------------
[2021-05-14 19:38:29,544] {taskinstance.py:1069} INFO - Starting attempt 1 of 1
[2021-05-14 19:38:29,544] {taskinstance.py:1070} INFO - 
--------------------------------------------------------------------------------
[2021-05-14 19:38:29,550] {taskinstance.py:1089} INFO - Executing <Task(PythonOperator): loading_data_to_s3> on 2021-05-14T22:38:16.731427+00:00
[2021-05-14 19:38:29,553] {standard_task_runner.py:52} INFO - Started process 25825 to run task
[2021-05-14 19:38:29,561] {standard_task_runner.py:76} INFO - Running: ['airflow', 'tasks', 'run', 'etl', 'loading_data_to_s3', '2021-05-14T22:38:16.731427+00:00', '--job-id', '572', '--pool', 'default_pool', '--raw', '--subdir', 'DAGS_FOLDER/etl_dag.py', '--cfg-path', '/var/folders/_f/vg3x3jmj23bcz6s88l7v6fb40000gn/T/tmp61pblgch', '--error-file', '/var/folders/_f/vg3x3jmj23bcz6s88l7v6fb40000gn/T/tmp_obt1ta8']
[2021-05-14 19:38:29,562] {standard_task_runner.py:77} INFO - Job 572: Subtask loading_data_to_s3
[2021-05-14 19:38:29,592] {logging_mixin.py:104} INFO - Running <TaskInstance: etl.loading_data_to_s3 2021-05-14T22:38:16.731427+00:00 [running]> on host 27.2.168.192.in-addr.arpa
[2021-05-14 19:38:29,615] {taskinstance.py:1283} INFO - Exporting the following env vars:
AIRFLOW_CTX_DAG_OWNER=udacity
AIRFLOW_CTX_DAG_ID=etl
AIRFLOW_CTX_TASK_ID=loading_data_to_s3
AIRFLOW_CTX_EXECUTION_DATE=2021-05-14T22:38:16.731427+00:00
AIRFLOW_CTX_DAG_RUN_ID=manual__2021-05-14T22:38:16.731427+00:00
[2021-05-14 19:38:30,886] {logging_mixin.py:104} INFO - Fetching interval list
[2021-05-14 19:38:30,887] {logging_mixin.py:104} INFO - Inverval list built
[2021-05-14 19:38:30,888] {logging_mixin.py:104} INFO - Processing data
[2021-05-14 19:38:30,889] {logging_mixin.py:104} INFO - df initialized
[2021-05-14 19:38:30,890] {logging_mixin.py:104} INFO - (array([1621028310000, 1621030110000]), 1)
[2021-05-14 19:38:30,891] {logging_mixin.py:104} INFO - (array([1621028310000, 1621030110000]), 2)
[2021-05-14 19:38:30,891] {logging_mixin.py:104} INFO - (array([1621028310000, 1621030110000]), 3)
[2021-05-14 19:38:30,892] {logging_mixin.py:104} INFO - ThreadPoolExecutor initialized
[2021-05-14 19:38:30,892] {logging_mixin.py:104} INFO - running function for: (array([1621028310000, 1621030110000]), 1)
[2021-05-14 19:38:30,893] {logging_mixin.py:104} INFO - https://cdn.iqoption.com/api/quotes-history/quotes/3.0?to=1621030110000&from=1621028310000&active_id=1&only_round=true&_key=1614903660000
[2021-05-14 19:38:30,895] {logging_mixin.py:104} INFO - submitted
[2021-05-14 19:38:30,895] {logging_mixin.py:104} INFO - running function for: (array([1621028310000, 1621030110000]), 2)
[2021-05-14 19:38:30,896] {logging_mixin.py:104} INFO - https://cdn.iqoption.com/api/quotes-history/quotes/3.0?to=1621030110000&from=1621028310000&active_id=2&only_round=true&_key=1614903660000
[2021-05-14 19:38:30,896] {logging_mixin.py:104} INFO - submitted
[2021-05-14 19:38:30,897] {logging_mixin.py:104} INFO - running function for: (array([1621028310000, 1621030110000]), 3)
[2021-05-14 19:38:30,897] {logging_mixin.py:104} INFO - https://cdn.iqoption.com/api/quotes-history/quotes/3.0?to=1621030110000&from=1621028310000&active_id=3&only_round=true&_key=1614903660000
[2021-05-14 19:38:30,898] {logging_mixin.py:104} INFO - submitted
[2021-05-14 19:38:34,692] {python.py:118} INFO - Done. Returned value was: None
[2021-05-14 19:38:34,699] {taskinstance.py:1192} INFO - Marking task as SUCCESS. dag_id=etl, task_id=loading_data_to_s3, execution_date=20210514T223816, start_date=20210514T223829, end_date=20210514T223834
[2021-05-14 19:38:34,741] {taskinstance.py:1246} INFO - 1 downstream tasks scheduled from follow-on schedule check
[2021-05-14 19:38:34,760] {local_task_job.py:146} INFO - Task exited with return code 0
