[2021-05-17 14:40:21,594] {taskinstance.py:877} INFO - Dependencies all met for <TaskInstance: etl.loading_data_to_s3 2021-05-17T17:40:07.213011+00:00 [queued]>
[2021-05-17 14:40:21,599] {taskinstance.py:877} INFO - Dependencies all met for <TaskInstance: etl.loading_data_to_s3 2021-05-17T17:40:07.213011+00:00 [queued]>
[2021-05-17 14:40:21,599] {taskinstance.py:1068} INFO - 
--------------------------------------------------------------------------------
[2021-05-17 14:40:21,599] {taskinstance.py:1069} INFO - Starting attempt 1 of 1
[2021-05-17 14:40:21,599] {taskinstance.py:1070} INFO - 
--------------------------------------------------------------------------------
[2021-05-17 14:40:21,604] {taskinstance.py:1089} INFO - Executing <Task(PythonOperator): loading_data_to_s3> on 2021-05-17T17:40:07.213011+00:00
[2021-05-17 14:40:21,608] {standard_task_runner.py:52} INFO - Started process 36824 to run task
[2021-05-17 14:40:21,616] {standard_task_runner.py:76} INFO - Running: ['airflow', 'tasks', 'run', 'etl', 'loading_data_to_s3', '2021-05-17T17:40:07.213011+00:00', '--job-id', '940', '--pool', 'default_pool', '--raw', '--subdir', 'DAGS_FOLDER/etl_dag.py', '--cfg-path', '/var/folders/_f/vg3x3jmj23bcz6s88l7v6fb40000gn/T/tmpzq5wg7rs', '--error-file', '/var/folders/_f/vg3x3jmj23bcz6s88l7v6fb40000gn/T/tmp7cptwez9']
[2021-05-17 14:40:21,617] {standard_task_runner.py:77} INFO - Job 940: Subtask loading_data_to_s3
[2021-05-17 14:40:21,646] {logging_mixin.py:104} INFO - Running <TaskInstance: etl.loading_data_to_s3 2021-05-17T17:40:07.213011+00:00 [running]> on host 27.2.168.192.in-addr.arpa
[2021-05-17 14:40:21,671] {taskinstance.py:1283} INFO - Exporting the following env vars:
AIRFLOW_CTX_DAG_OWNER=udacity
AIRFLOW_CTX_DAG_ID=etl
AIRFLOW_CTX_TASK_ID=loading_data_to_s3
AIRFLOW_CTX_EXECUTION_DATE=2021-05-17T17:40:07.213011+00:00
AIRFLOW_CTX_DAG_RUN_ID=manual__2021-05-17T17:40:07.213011+00:00
[2021-05-17 14:40:22,972] {logging_mixin.py:104} INFO - Fetching interval list
[2021-05-17 14:40:22,973] {logging_mixin.py:104} INFO - Inverval list built
[2021-05-17 14:40:22,973] {logging_mixin.py:104} INFO - Processing data
[2021-05-17 14:40:22,974] {logging_mixin.py:104} INFO - df initialized
[2021-05-17 14:40:22,975] {logging_mixin.py:104} INFO - (array([1621269622000, 1621271422000]), 1)
[2021-05-17 14:40:22,976] {logging_mixin.py:104} INFO - (array([1621269622000, 1621271422000]), 2)
[2021-05-17 14:40:22,976] {logging_mixin.py:104} INFO - (array([1621269622000, 1621271422000]), 3)
[2021-05-17 14:40:22,976] {logging_mixin.py:104} INFO - (array([1621268863000, 1621269622000]), 1)
[2021-05-17 14:40:22,977] {logging_mixin.py:104} INFO - (array([1621268863000, 1621269622000]), 2)
[2021-05-17 14:40:22,977] {logging_mixin.py:104} INFO - (array([1621268863000, 1621269622000]), 3)
[2021-05-17 14:40:22,978] {logging_mixin.py:104} INFO - ThreadPoolExecutor initialized
[2021-05-17 14:40:22,978] {logging_mixin.py:104} INFO - running function for: (array([1621269622000, 1621271422000]), 1)
[2021-05-17 14:40:22,979] {logging_mixin.py:104} INFO - https://cdn.iqoption.com/api/quotes-history/quotes/3.0?to=1621271422000&from=1621269622000&active_id=1&only_round=true&_key=1614903660000
[2021-05-17 14:40:22,979] {logging_mixin.py:104} INFO - https://cdn.iqoption.com/api/quotes-history/quotes/3.0?to=1621271422000&from=1621269622000&active_id=1&only_round=true&_key=1614903660000
submitted
[2021-05-17 14:40:22,981] {logging_mixin.py:104} INFO - running function for: (array([1621269622000, 1621271422000]), 2)
[2021-05-17 14:40:22,981] {logging_mixin.py:104} INFO - https://cdn.iqoption.com/api/quotes-history/quotes/3.0?to=1621271422000&from=1621269622000&active_id=2&only_round=true&_key=1614903660000
[2021-05-17 14:40:22,982] {logging_mixin.py:104} INFO - submitted
[2021-05-17 14:40:22,982] {logging_mixin.py:104} INFO - running function for: (array([1621269622000, 1621271422000]), 3)
[2021-05-17 14:40:22,983] {logging_mixin.py:104} INFO - https://cdn.iqoption.com/api/quotes-history/quotes/3.0?to=1621271422000&from=1621269622000&active_id=3&only_round=true&_key=1614903660000
[2021-05-17 14:40:22,984] {logging_mixin.py:104} INFO - https://cdn.iqoption.com/api/quotes-history/quotes/3.0?to=1621271422000&from=1621269622000&active_id=3&only_round=true&_key=1614903660000
submitted
[2021-05-17 14:40:22,987] {logging_mixin.py:104} INFO - running function for: (array([1621268863000, 1621269622000]), 1)
[2021-05-17 14:40:22,989] {logging_mixin.py:104} INFO - https://cdn.iqoption.com/api/quotes-history/quotes/3.0?to=1621269622000&from=1621268863000&active_id=1&only_round=true&_key=1614903660000
[2021-05-17 14:40:22,989] {logging_mixin.py:104} INFO - https://cdn.iqoption.com/api/quotes-history/quotes/3.0?to=1621269622000&from=1621268863000&active_id=1&only_round=true&_key=1614903660000
submitted
[2021-05-17 14:40:22,989] {logging_mixin.py:104} INFO - running function for: (array([1621268863000, 1621269622000]), 2)
[2021-05-17 14:40:22,990] {logging_mixin.py:104} INFO - https://cdn.iqoption.com/api/quotes-history/quotes/3.0?to=1621269622000&from=1621268863000&active_id=2&only_round=true&_key=1614903660000
[2021-05-17 14:40:22,990] {logging_mixin.py:104} INFO - https://cdn.iqoption.com/api/quotes-history/quotes/3.0?to=1621269622000&from=1621268863000&active_id=2&only_round=true&_key=1614903660000
submitted
[2021-05-17 14:40:22,991] {logging_mixin.py:104} INFO - running function for: (array([1621268863000, 1621269622000]), 3)
[2021-05-17 14:40:22,992] {logging_mixin.py:104} INFO - https://cdn.iqoption.com/api/quotes-history/quotes/3.0?to=1621269622000&from=1621268863000&active_id=3&only_round=true&_key=1614903660000
[2021-05-17 14:40:22,992] {logging_mixin.py:104} INFO - https://cdn.iqoption.com/api/quotes-history/quotes/3.0?to=1621269622000&from=1621268863000&active_id=3&only_round=true&_key=1614903660000
submitted
[2021-05-17 14:40:27,875] {python.py:118} INFO - Done. Returned value was: None
[2021-05-17 14:40:27,881] {taskinstance.py:1192} INFO - Marking task as SUCCESS. dag_id=etl, task_id=loading_data_to_s3, execution_date=20210517T174007, start_date=20210517T174021, end_date=20210517T174027
[2021-05-17 14:40:27,924] {taskinstance.py:1246} INFO - 1 downstream tasks scheduled from follow-on schedule check
[2021-05-17 14:40:27,952] {local_task_job.py:146} INFO - Task exited with return code 0
