[2021-05-17 11:07:20,007] {taskinstance.py:877} INFO - Dependencies all met for <TaskInstance: etl.loading_data_to_s3 2021-05-17T09:00:00+00:00 [queued]>
[2021-05-17 11:07:20,012] {taskinstance.py:877} INFO - Dependencies all met for <TaskInstance: etl.loading_data_to_s3 2021-05-17T09:00:00+00:00 [queued]>
[2021-05-17 11:07:20,013] {taskinstance.py:1068} INFO - 
--------------------------------------------------------------------------------
[2021-05-17 11:07:20,013] {taskinstance.py:1069} INFO - Starting attempt 1 of 1
[2021-05-17 11:07:20,013] {taskinstance.py:1070} INFO - 
--------------------------------------------------------------------------------
[2021-05-17 11:07:20,019] {taskinstance.py:1089} INFO - Executing <Task(PythonOperator): loading_data_to_s3> on 2021-05-17T09:00:00+00:00
[2021-05-17 11:07:20,027] {standard_task_runner.py:52} INFO - Started process 35377 to run task
[2021-05-17 11:07:20,033] {standard_task_runner.py:76} INFO - Running: ['airflow', 'tasks', 'run', 'etl', 'loading_data_to_s3', '2021-05-17T09:00:00+00:00', '--job-id', '915', '--pool', 'default_pool', '--raw', '--subdir', 'DAGS_FOLDER/etl_dag.py', '--cfg-path', '/var/folders/_f/vg3x3jmj23bcz6s88l7v6fb40000gn/T/tmpgt93wqrz', '--error-file', '/var/folders/_f/vg3x3jmj23bcz6s88l7v6fb40000gn/T/tmpsi9r4bzt']
[2021-05-17 11:07:20,035] {standard_task_runner.py:77} INFO - Job 915: Subtask loading_data_to_s3
[2021-05-17 11:07:20,068] {logging_mixin.py:104} INFO - Running <TaskInstance: etl.loading_data_to_s3 2021-05-17T09:00:00+00:00 [running]> on host 27.2.168.192.in-addr.arpa
[2021-05-17 11:07:20,094] {taskinstance.py:1283} INFO - Exporting the following env vars:
AIRFLOW_CTX_DAG_OWNER=udacity
AIRFLOW_CTX_DAG_ID=etl
AIRFLOW_CTX_TASK_ID=loading_data_to_s3
AIRFLOW_CTX_EXECUTION_DATE=2021-05-17T09:00:00+00:00
AIRFLOW_CTX_DAG_RUN_ID=scheduled__2021-05-17T09:00:00+00:00
[2021-05-17 11:07:21,322] {logging_mixin.py:104} INFO - Fetching interval list
[2021-05-17 11:07:21,324] {logging_mixin.py:104} INFO - Inverval list built
[2021-05-17 11:07:21,324] {logging_mixin.py:104} INFO - Processing data
[2021-05-17 11:07:21,325] {logging_mixin.py:104} INFO - df initialized
[2021-05-17 11:07:21,326] {logging_mixin.py:104} INFO - (array([1621256841000, 1621258641000]), 1)
[2021-05-17 11:07:21,327] {logging_mixin.py:104} INFO - (array([1621256841000, 1621258641000]), 2)
[2021-05-17 11:07:21,327] {logging_mixin.py:104} INFO - (array([1621256841000, 1621258641000]), 3)
[2021-05-17 11:07:21,327] {logging_mixin.py:104} INFO - (array([1621255041000, 1621256841000]), 1)
[2021-05-17 11:07:21,328] {logging_mixin.py:104} INFO - (array([1621255041000, 1621256841000]), 2)
[2021-05-17 11:07:21,328] {logging_mixin.py:104} INFO - (array([1621255041000, 1621256841000]), 3)
[2021-05-17 11:07:21,329] {logging_mixin.py:104} INFO - (array([1621253241000, 1621255041000]), 1)
[2021-05-17 11:07:21,329] {logging_mixin.py:104} INFO - (array([1621253241000, 1621255041000]), 2)
[2021-05-17 11:07:21,329] {logging_mixin.py:104} INFO - (array([1621253241000, 1621255041000]), 3)
[2021-05-17 11:07:21,330] {logging_mixin.py:104} INFO - (array([1621251441000, 1621253241000]), 1)
[2021-05-17 11:07:21,330] {logging_mixin.py:104} INFO - (array([1621251441000, 1621253241000]), 2)
[2021-05-17 11:07:21,331] {logging_mixin.py:104} INFO - (array([1621251441000, 1621253241000]), 3)
[2021-05-17 11:07:21,331] {logging_mixin.py:104} INFO - (array([1621249641000, 1621251441000]), 1)
[2021-05-17 11:07:21,331] {logging_mixin.py:104} INFO - (array([1621249641000, 1621251441000]), 2)
[2021-05-17 11:07:21,332] {logging_mixin.py:104} INFO - (array([1621249641000, 1621251441000]), 3)
[2021-05-17 11:07:21,332] {logging_mixin.py:104} INFO - (array([1621247841000, 1621249641000]), 1)
[2021-05-17 11:07:21,333] {logging_mixin.py:104} INFO - (array([1621247841000, 1621249641000]), 2)
[2021-05-17 11:07:21,333] {logging_mixin.py:104} INFO - (array([1621247841000, 1621249641000]), 3)
[2021-05-17 11:07:21,333] {logging_mixin.py:104} INFO - (array([1621246041000, 1621247841000]), 1)
[2021-05-17 11:07:21,334] {logging_mixin.py:104} INFO - (array([1621246041000, 1621247841000]), 2)
[2021-05-17 11:07:21,334] {logging_mixin.py:104} INFO - (array([1621246041000, 1621247841000]), 3)
[2021-05-17 11:07:21,335] {logging_mixin.py:104} INFO - (array([1621244241000, 1621246041000]), 1)
[2021-05-17 11:07:21,335] {logging_mixin.py:104} INFO - (array([1621244241000, 1621246041000]), 2)
[2021-05-17 11:07:21,336] {logging_mixin.py:104} INFO - (array([1621244241000, 1621246041000]), 3)
[2021-05-17 11:07:21,336] {logging_mixin.py:104} INFO - (array([1621242441000, 1621244241000]), 1)
[2021-05-17 11:07:21,337] {logging_mixin.py:104} INFO - (array([1621242441000, 1621244241000]), 2)
[2021-05-17 11:07:21,337] {logging_mixin.py:104} INFO - (array([1621242441000, 1621244241000]), 3)
[2021-05-17 11:07:21,338] {logging_mixin.py:104} INFO - (array([1621240641000, 1621242441000]), 1)
[2021-05-17 11:07:21,338] {logging_mixin.py:104} INFO - (array([1621240641000, 1621242441000]), 2)
[2021-05-17 11:07:21,338] {logging_mixin.py:104} INFO - (array([1621240641000, 1621242441000]), 3)
[2021-05-17 11:07:21,338] {logging_mixin.py:104} INFO - (array([1621238841000, 1621240641000]), 1)
[2021-05-17 11:07:21,339] {logging_mixin.py:104} INFO - (array([1621238841000, 1621240641000]), 2)
[2021-05-17 11:07:21,339] {logging_mixin.py:104} INFO - (array([1621238841000, 1621240641000]), 3)
[2021-05-17 11:07:21,339] {logging_mixin.py:104} INFO - (array([1621237041000, 1621238841000]), 1)
[2021-05-17 11:07:21,340] {logging_mixin.py:104} INFO - (array([1621237041000, 1621238841000]), 2)
[2021-05-17 11:07:21,340] {logging_mixin.py:104} INFO - (array([1621237041000, 1621238841000]), 3)
[2021-05-17 11:07:21,340] {logging_mixin.py:104} INFO - (array([1621235241000, 1621237041000]), 1)
[2021-05-17 11:07:21,341] {logging_mixin.py:104} INFO - (array([1621235241000, 1621237041000]), 2)
[2021-05-17 11:07:21,341] {logging_mixin.py:104} INFO - (array([1621235241000, 1621237041000]), 3)
[2021-05-17 11:07:21,341] {logging_mixin.py:104} INFO - (array([1621233441000, 1621235241000]), 1)
[2021-05-17 11:07:21,341] {logging_mixin.py:104} INFO - (array([1621233441000, 1621235241000]), 2)
[2021-05-17 11:07:21,342] {logging_mixin.py:104} INFO - (array([1621233441000, 1621235241000]), 3)
[2021-05-17 11:07:21,342] {logging_mixin.py:104} INFO - (array([1621231641000, 1621233441000]), 1)
[2021-05-17 11:07:21,342] {logging_mixin.py:104} INFO - (array([1621231641000, 1621233441000]), 2)
[2021-05-17 11:07:21,343] {logging_mixin.py:104} INFO - (array([1621231641000, 1621233441000]), 3)
[2021-05-17 11:07:21,343] {logging_mixin.py:104} INFO - (array([1621229841000, 1621231641000]), 1)
[2021-05-17 11:07:21,344] {logging_mixin.py:104} INFO - (array([1621229841000, 1621231641000]), 2)
[2021-05-17 11:07:21,344] {logging_mixin.py:104} INFO - (array([1621229841000, 1621231641000]), 3)
[2021-05-17 11:07:21,345] {logging_mixin.py:104} INFO - (array([1621228041000, 1621229841000]), 1)
[2021-05-17 11:07:21,345] {logging_mixin.py:104} INFO - (array([1621228041000, 1621229841000]), 2)
[2021-05-17 11:07:21,345] {logging_mixin.py:104} INFO - (array([1621228041000, 1621229841000]), 3)
[2021-05-17 11:07:21,346] {logging_mixin.py:104} INFO - (array([1621226241000, 1621228041000]), 1)
[2021-05-17 11:07:21,346] {logging_mixin.py:104} INFO - (array([1621226241000, 1621228041000]), 2)
[2021-05-17 11:07:21,346] {logging_mixin.py:104} INFO - (array([1621226241000, 1621228041000]), 3)
[2021-05-17 11:07:21,347] {logging_mixin.py:104} INFO - (array([1621224441000, 1621226241000]), 1)
[2021-05-17 11:07:21,347] {logging_mixin.py:104} INFO - (array([1621224441000, 1621226241000]), 2)
[2021-05-17 11:07:21,347] {logging_mixin.py:104} INFO - (array([1621224441000, 1621226241000]), 3)
[2021-05-17 11:07:21,347] {logging_mixin.py:104} INFO - (array([1621222641000, 1621224441000]), 1)
[2021-05-17 11:07:21,348] {logging_mixin.py:104} INFO - (array([1621222641000, 1621224441000]), 2)
[2021-05-17 11:07:21,348] {logging_mixin.py:104} INFO - (array([1621222641000, 1621224441000]), 3)
[2021-05-17 11:07:21,348] {logging_mixin.py:104} INFO - (array([1621220841000, 1621222641000]), 1)
[2021-05-17 11:07:21,349] {logging_mixin.py:104} INFO - (array([1621220841000, 1621222641000]), 2)
[2021-05-17 11:07:21,349] {logging_mixin.py:104} INFO - (array([1621220841000, 1621222641000]), 3)
[2021-05-17 11:07:21,349] {logging_mixin.py:104} INFO - (array([1621219041000, 1621220841000]), 1)
[2021-05-17 11:07:21,350] {logging_mixin.py:104} INFO - (array([1621219041000, 1621220841000]), 2)
[2021-05-17 11:07:21,350] {logging_mixin.py:104} INFO - (array([1621219041000, 1621220841000]), 3)
[2021-05-17 11:07:21,350] {logging_mixin.py:104} INFO - (array([1621217241000, 1621219041000]), 1)
[2021-05-17 11:07:21,350] {logging_mixin.py:104} INFO - (array([1621217241000, 1621219041000]), 2)
[2021-05-17 11:07:21,351] {logging_mixin.py:104} INFO - (array([1621217241000, 1621219041000]), 3)
[2021-05-17 11:07:21,351] {logging_mixin.py:104} INFO - (array([1621215441000, 1621217241000]), 1)
[2021-05-17 11:07:21,351] {logging_mixin.py:104} INFO - (array([1621215441000, 1621217241000]), 2)
[2021-05-17 11:07:21,352] {logging_mixin.py:104} INFO - (array([1621215441000, 1621217241000]), 3)
[2021-05-17 11:07:21,352] {logging_mixin.py:104} INFO - (array([1621215193000, 1621215441000]), 1)
[2021-05-17 11:07:21,352] {logging_mixin.py:104} INFO - (array([1621215193000, 1621215441000]), 2)
[2021-05-17 11:07:21,352] {logging_mixin.py:104} INFO - (array([1621215193000, 1621215441000]), 3)
[2021-05-17 11:07:21,353] {logging_mixin.py:104} INFO - ThreadPoolExecutor initialized
[2021-05-17 11:07:21,353] {logging_mixin.py:104} INFO - running function for: (array([1621256841000, 1621258641000]), 1)
[2021-05-17 11:07:21,354] {logging_mixin.py:104} INFO - https://cdn.iqoption.com/api/quotes-history/quotes/3.0?to=1621258641000&from=1621256841000&active_id=1&only_round=true&_key=1614903660000
[2021-05-17 11:07:21,354] {logging_mixin.py:104} INFO - https://cdn.iqoption.com/api/quotes-history/quotes/3.0?to=1621258641000&from=1621256841000&active_id=1&only_round=true&_key=1614903660000
submitted
[2021-05-17 11:07:21,355] {logging_mixin.py:104} INFO - running function for: (array([1621256841000, 1621258641000]), 2)
[2021-05-17 11:07:21,355] {logging_mixin.py:104} INFO - https://cdn.iqoption.com/api/quotes-history/quotes/3.0?to=1621258641000&from=1621256841000&active_id=2&only_round=true&_key=1614903660000
[2021-05-17 11:07:21,356] {logging_mixin.py:104} INFO - https://cdn.iqoption.com/api/quotes-history/quotes/3.0?to=1621258641000&from=1621256841000&active_id=2&only_round=true&_key=1614903660000
submitted
[2021-05-17 11:07:21,357] {logging_mixin.py:104} INFO - running function for: (array([1621256841000, 1621258641000]), 3)
[2021-05-17 11:07:21,357] {logging_mixin.py:104} INFO - https://cdn.iqoption.com/api/quotes-history/quotes/3.0?to=1621258641000&from=1621256841000&active_id=3&only_round=true&_key=1614903660000
[2021-05-17 11:07:21,357] {logging_mixin.py:104} INFO - https://cdn.iqoption.com/api/quotes-history/quotes/3.0?to=1621258641000&from=1621256841000&active_id=3&only_round=true&_key=1614903660000
submitted
[2021-05-17 11:07:21,358] {logging_mixin.py:104} INFO - running function for: (array([1621255041000, 1621256841000]), 1)
[2021-05-17 11:07:21,358] {logging_mixin.py:104} INFO - https://cdn.iqoption.com/api/quotes-history/quotes/3.0?to=1621256841000&from=1621255041000&active_id=1&only_round=true&_key=1614903660000
[2021-05-17 11:07:21,360] {logging_mixin.py:104} INFO - https://cdn.iqoption.com/api/quotes-history/quotes/3.0?to=1621256841000&from=1621255041000&active_id=1&only_round=true&_key=1614903660000
submitted
[2021-05-17 11:07:21,362] {logging_mixin.py:104} INFO - running function for: (array([1621255041000, 1621256841000]), 2)
[2021-05-17 11:07:21,362] {logging_mixin.py:104} INFO - https://cdn.iqoption.com/api/quotes-history/quotes/3.0?to=1621256841000&from=1621255041000&active_id=2&only_round=true&_key=1614903660000
[2021-05-17 11:07:21,363] {logging_mixin.py:104} INFO - https://cdn.iqoption.com/api/quotes-history/quotes/3.0?to=1621256841000&from=1621255041000&active_id=2&only_round=true&_key=1614903660000
submitted
[2021-05-17 11:07:21,365] {logging_mixin.py:104} INFO - running function for: (array([1621255041000, 1621256841000]), 3)
[2021-05-17 11:07:21,367] {logging_mixin.py:104} INFO - https://cdn.iqoption.com/api/quotes-history/quotes/3.0?to=1621256841000&from=1621255041000&active_id=3&only_round=true&_key=1614903660000
[2021-05-17 11:07:21,369] {logging_mixin.py:104} INFO - https://cdn.iqoption.com/api/quotes-history/quotes/3.0?to=1621256841000&from=1621255041000&active_id=3&only_round=true&_key=1614903660000
submitted
[2021-05-17 11:07:21,370] {logging_mixin.py:104} INFO - running function for: (array([1621253241000, 1621255041000]), 1)
[2021-05-17 11:07:21,373] {logging_mixin.py:104} INFO - https://cdn.iqoption.com/api/quotes-history/quotes/3.0?to=1621255041000&from=1621253241000&active_id=1&only_round=true&_key=1614903660000
[2021-05-17 11:07:21,373] {logging_mixin.py:104} INFO - https://cdn.iqoption.com/api/quotes-history/quotes/3.0?to=1621255041000&from=1621253241000&active_id=1&only_round=true&_key=1614903660000
submitted
[2021-05-17 11:07:21,374] {logging_mixin.py:104} INFO - running function for: (array([1621253241000, 1621255041000]), 2)
[2021-05-17 11:07:21,376] {logging_mixin.py:104} INFO - https://cdn.iqoption.com/api/quotes-history/quotes/3.0?to=1621255041000&from=1621253241000&active_id=2&only_round=true&_key=1614903660000
[2021-05-17 11:07:21,377] {logging_mixin.py:104} INFO - https://cdn.iqoption.com/api/quotes-history/quotes/3.0?to=1621255041000&from=1621253241000&active_id=2&only_round=true&_key=1614903660000
submitted
[2021-05-17 11:07:21,379] {logging_mixin.py:104} INFO - running function for: (array([1621253241000, 1621255041000]), 3)
[2021-05-17 11:07:21,380] {logging_mixin.py:104} INFO - submitted
[2021-05-17 11:07:21,380] {logging_mixin.py:104} INFO - running function for: (array([1621251441000, 1621253241000]), 1)
[2021-05-17 11:07:21,381] {logging_mixin.py:104} INFO - submitted
[2021-05-17 11:07:21,381] {logging_mixin.py:104} INFO - running function for: (array([1621251441000, 1621253241000]), 2)
[2021-05-17 11:07:21,382] {logging_mixin.py:104} INFO - submitted
[2021-05-17 11:07:21,382] {logging_mixin.py:104} INFO - running function for: (array([1621251441000, 1621253241000]), 3)
[2021-05-17 11:07:21,383] {logging_mixin.py:104} INFO - submitted
[2021-05-17 11:07:21,383] {logging_mixin.py:104} INFO - running function for: (array([1621249641000, 1621251441000]), 1)
[2021-05-17 11:07:21,383] {logging_mixin.py:104} INFO - submitted
[2021-05-17 11:07:21,384] {logging_mixin.py:104} INFO - running function for: (array([1621249641000, 1621251441000]), 2)
[2021-05-17 11:07:21,384] {logging_mixin.py:104} INFO - submitted
[2021-05-17 11:07:21,385] {logging_mixin.py:104} INFO - running function for: (array([1621249641000, 1621251441000]), 3)
[2021-05-17 11:07:21,385] {logging_mixin.py:104} INFO - submitted
[2021-05-17 11:07:21,385] {logging_mixin.py:104} INFO - running function for: (array([1621247841000, 1621249641000]), 1)
[2021-05-17 11:07:21,385] {logging_mixin.py:104} INFO - submitted
[2021-05-17 11:07:21,386] {logging_mixin.py:104} INFO - running function for: (array([1621247841000, 1621249641000]), 2)
[2021-05-17 11:07:21,386] {logging_mixin.py:104} INFO - submitted
[2021-05-17 11:07:21,386] {logging_mixin.py:104} INFO - running function for: (array([1621247841000, 1621249641000]), 3)
[2021-05-17 11:07:21,387] {logging_mixin.py:104} INFO - submitted
[2021-05-17 11:07:21,387] {logging_mixin.py:104} INFO - running function for: (array([1621246041000, 1621247841000]), 1)
[2021-05-17 11:07:21,387] {logging_mixin.py:104} INFO - submitted
[2021-05-17 11:07:21,387] {logging_mixin.py:104} INFO - running function for: (array([1621246041000, 1621247841000]), 2)
[2021-05-17 11:07:21,387] {logging_mixin.py:104} INFO - submitted
[2021-05-17 11:07:21,388] {logging_mixin.py:104} INFO - running function for: (array([1621246041000, 1621247841000]), 3)
[2021-05-17 11:07:21,388] {logging_mixin.py:104} INFO - submitted
[2021-05-17 11:07:21,388] {logging_mixin.py:104} INFO - running function for: (array([1621244241000, 1621246041000]), 1)
[2021-05-17 11:07:21,388] {logging_mixin.py:104} INFO - submitted
[2021-05-17 11:07:21,389] {logging_mixin.py:104} INFO - running function for: (array([1621244241000, 1621246041000]), 2)
[2021-05-17 11:07:21,389] {logging_mixin.py:104} INFO - submitted
[2021-05-17 11:07:21,389] {logging_mixin.py:104} INFO - running function for: (array([1621244241000, 1621246041000]), 3)
[2021-05-17 11:07:21,389] {logging_mixin.py:104} INFO - submitted
[2021-05-17 11:07:21,390] {logging_mixin.py:104} INFO - running function for: (array([1621242441000, 1621244241000]), 1)
[2021-05-17 11:07:21,390] {logging_mixin.py:104} INFO - submitted
[2021-05-17 11:07:21,390] {logging_mixin.py:104} INFO - running function for: (array([1621242441000, 1621244241000]), 2)
[2021-05-17 11:07:21,390] {logging_mixin.py:104} INFO - submitted
[2021-05-17 11:07:21,391] {logging_mixin.py:104} INFO - running function for: (array([1621242441000, 1621244241000]), 3)
[2021-05-17 11:07:21,391] {logging_mixin.py:104} INFO - submitted
[2021-05-17 11:07:21,391] {logging_mixin.py:104} INFO - running function for: (array([1621240641000, 1621242441000]), 1)
[2021-05-17 11:07:21,392] {logging_mixin.py:104} INFO - submitted
[2021-05-17 11:07:21,392] {logging_mixin.py:104} INFO - running function for: (array([1621240641000, 1621242441000]), 2)
[2021-05-17 11:07:21,392] {logging_mixin.py:104} INFO - submitted
[2021-05-17 11:07:21,392] {logging_mixin.py:104} INFO - running function for: (array([1621240641000, 1621242441000]), 3)
[2021-05-17 11:07:21,392] {logging_mixin.py:104} INFO - submitted
[2021-05-17 11:07:21,393] {logging_mixin.py:104} INFO - running function for: (array([1621238841000, 1621240641000]), 1)
[2021-05-17 11:07:21,393] {logging_mixin.py:104} INFO - submitted
[2021-05-17 11:07:21,393] {logging_mixin.py:104} INFO - running function for: (array([1621238841000, 1621240641000]), 2)
[2021-05-17 11:07:21,393] {logging_mixin.py:104} INFO - submitted
[2021-05-17 11:07:21,394] {logging_mixin.py:104} INFO - running function for: (array([1621238841000, 1621240641000]), 3)
[2021-05-17 11:07:21,394] {logging_mixin.py:104} INFO - submitted
[2021-05-17 11:07:21,394] {logging_mixin.py:104} INFO - running function for: (array([1621237041000, 1621238841000]), 1)
[2021-05-17 11:07:21,394] {logging_mixin.py:104} INFO - submitted
[2021-05-17 11:07:21,395] {logging_mixin.py:104} INFO - running function for: (array([1621237041000, 1621238841000]), 2)
[2021-05-17 11:07:21,395] {logging_mixin.py:104} INFO - submitted
[2021-05-17 11:07:21,395] {logging_mixin.py:104} INFO - running function for: (array([1621237041000, 1621238841000]), 3)
[2021-05-17 11:07:21,395] {logging_mixin.py:104} INFO - submitted
[2021-05-17 11:07:21,396] {logging_mixin.py:104} INFO - running function for: (array([1621235241000, 1621237041000]), 1)
[2021-05-17 11:07:21,396] {logging_mixin.py:104} INFO - submitted
[2021-05-17 11:07:21,396] {logging_mixin.py:104} INFO - running function for: (array([1621235241000, 1621237041000]), 2)
[2021-05-17 11:07:21,396] {logging_mixin.py:104} INFO - submitted
[2021-05-17 11:07:21,397] {logging_mixin.py:104} INFO - running function for: (array([1621235241000, 1621237041000]), 3)
[2021-05-17 11:07:21,397] {logging_mixin.py:104} INFO - submitted
[2021-05-17 11:07:21,397] {logging_mixin.py:104} INFO - running function for: (array([1621233441000, 1621235241000]), 1)
[2021-05-17 11:07:21,397] {logging_mixin.py:104} INFO - submitted
[2021-05-17 11:07:21,398] {logging_mixin.py:104} INFO - running function for: (array([1621233441000, 1621235241000]), 2)
[2021-05-17 11:07:21,398] {logging_mixin.py:104} INFO - submitted
[2021-05-17 11:07:21,398] {logging_mixin.py:104} INFO - running function for: (array([1621233441000, 1621235241000]), 3)
[2021-05-17 11:07:21,398] {logging_mixin.py:104} INFO - submitted
[2021-05-17 11:07:21,398] {logging_mixin.py:104} INFO - running function for: (array([1621231641000, 1621233441000]), 1)
[2021-05-17 11:07:21,399] {logging_mixin.py:104} INFO - submitted
[2021-05-17 11:07:21,399] {logging_mixin.py:104} INFO - running function for: (array([1621231641000, 1621233441000]), 2)
[2021-05-17 11:07:21,399] {logging_mixin.py:104} INFO - submitted
[2021-05-17 11:07:21,399] {logging_mixin.py:104} INFO - running function for: (array([1621231641000, 1621233441000]), 3)
[2021-05-17 11:07:21,400] {logging_mixin.py:104} INFO - submitted
[2021-05-17 11:07:21,400] {logging_mixin.py:104} INFO - running function for: (array([1621229841000, 1621231641000]), 1)
[2021-05-17 11:07:21,400] {logging_mixin.py:104} INFO - submitted
[2021-05-17 11:07:21,400] {logging_mixin.py:104} INFO - running function for: (array([1621229841000, 1621231641000]), 2)
[2021-05-17 11:07:21,401] {logging_mixin.py:104} INFO - submitted
[2021-05-17 11:07:21,401] {logging_mixin.py:104} INFO - running function for: (array([1621229841000, 1621231641000]), 3)
[2021-05-17 11:07:21,401] {logging_mixin.py:104} INFO - submitted
[2021-05-17 11:07:21,401] {logging_mixin.py:104} INFO - running function for: (array([1621228041000, 1621229841000]), 1)
[2021-05-17 11:07:21,402] {logging_mixin.py:104} INFO - submitted
[2021-05-17 11:07:21,402] {logging_mixin.py:104} INFO - running function for: (array([1621228041000, 1621229841000]), 2)
[2021-05-17 11:07:21,402] {logging_mixin.py:104} INFO - submitted
[2021-05-17 11:07:21,403] {logging_mixin.py:104} INFO - running function for: (array([1621228041000, 1621229841000]), 3)
[2021-05-17 11:07:21,403] {logging_mixin.py:104} INFO - submitted
[2021-05-17 11:07:21,403] {logging_mixin.py:104} INFO - running function for: (array([1621226241000, 1621228041000]), 1)
[2021-05-17 11:07:21,403] {logging_mixin.py:104} INFO - submitted
[2021-05-17 11:07:21,404] {logging_mixin.py:104} INFO - running function for: (array([1621226241000, 1621228041000]), 2)
[2021-05-17 11:07:21,404] {logging_mixin.py:104} INFO - submitted
[2021-05-17 11:07:21,404] {logging_mixin.py:104} INFO - running function for: (array([1621226241000, 1621228041000]), 3)
[2021-05-17 11:07:21,404] {logging_mixin.py:104} INFO - submitted
[2021-05-17 11:07:21,405] {logging_mixin.py:104} INFO - running function for: (array([1621224441000, 1621226241000]), 1)
[2021-05-17 11:07:21,405] {logging_mixin.py:104} INFO - submitted
[2021-05-17 11:07:21,405] {logging_mixin.py:104} INFO - running function for: (array([1621224441000, 1621226241000]), 2)
[2021-05-17 11:07:21,405] {logging_mixin.py:104} INFO - submitted
[2021-05-17 11:07:21,406] {logging_mixin.py:104} INFO - running function for: (array([1621224441000, 1621226241000]), 3)
[2021-05-17 11:07:21,407] {logging_mixin.py:104} INFO - submitted
[2021-05-17 11:07:21,408] {logging_mixin.py:104} INFO - running function for: (array([1621222641000, 1621224441000]), 1)
[2021-05-17 11:07:21,409] {logging_mixin.py:104} INFO - submitted
[2021-05-17 11:07:21,409] {logging_mixin.py:104} INFO - running function for: (array([1621222641000, 1621224441000]), 2)
[2021-05-17 11:07:21,410] {logging_mixin.py:104} INFO - submitted
[2021-05-17 11:07:21,410] {logging_mixin.py:104} INFO - running function for: (array([1621222641000, 1621224441000]), 3)
[2021-05-17 11:07:21,411] {logging_mixin.py:104} INFO - submitted
[2021-05-17 11:07:21,411] {logging_mixin.py:104} INFO - running function for: (array([1621220841000, 1621222641000]), 1)
[2021-05-17 11:07:21,412] {logging_mixin.py:104} INFO - submitted
[2021-05-17 11:07:21,412] {logging_mixin.py:104} INFO - running function for: (array([1621220841000, 1621222641000]), 2)
[2021-05-17 11:07:21,413] {logging_mixin.py:104} INFO - submitted
[2021-05-17 11:07:21,413] {logging_mixin.py:104} INFO - running function for: (array([1621220841000, 1621222641000]), 3)
[2021-05-17 11:07:21,414] {logging_mixin.py:104} INFO - submitted
[2021-05-17 11:07:21,414] {logging_mixin.py:104} INFO - running function for: (array([1621219041000, 1621220841000]), 1)
[2021-05-17 11:07:21,415] {logging_mixin.py:104} INFO - submitted
[2021-05-17 11:07:21,415] {logging_mixin.py:104} INFO - running function for: (array([1621219041000, 1621220841000]), 2)
[2021-05-17 11:07:21,416] {logging_mixin.py:104} INFO - submitted
[2021-05-17 11:07:21,417] {logging_mixin.py:104} INFO - running function for: (array([1621219041000, 1621220841000]), 3)
[2021-05-17 11:07:21,417] {logging_mixin.py:104} INFO - submitted
[2021-05-17 11:07:21,418] {logging_mixin.py:104} INFO - running function for: (array([1621217241000, 1621219041000]), 1)
[2021-05-17 11:07:21,418] {logging_mixin.py:104} INFO - submitted
[2021-05-17 11:07:21,418] {logging_mixin.py:104} INFO - running function for: (array([1621217241000, 1621219041000]), 2)
[2021-05-17 11:07:21,419] {logging_mixin.py:104} INFO - submitted
[2021-05-17 11:07:21,419] {logging_mixin.py:104} INFO - running function for: (array([1621217241000, 1621219041000]), 3)
[2021-05-17 11:07:21,420] {logging_mixin.py:104} INFO - submitted
[2021-05-17 11:07:21,420] {logging_mixin.py:104} INFO - running function for: (array([1621215441000, 1621217241000]), 1)
[2021-05-17 11:07:21,420] {logging_mixin.py:104} INFO - submitted
[2021-05-17 11:07:21,421] {logging_mixin.py:104} INFO - running function for: (array([1621215441000, 1621217241000]), 2)
[2021-05-17 11:07:21,421] {logging_mixin.py:104} INFO - submitted
[2021-05-17 11:07:21,422] {logging_mixin.py:104} INFO - running function for: (array([1621215441000, 1621217241000]), 3)
[2021-05-17 11:07:21,422] {logging_mixin.py:104} INFO - submitted
[2021-05-17 11:07:21,423] {logging_mixin.py:104} INFO - running function for: (array([1621215193000, 1621215441000]), 1)
[2021-05-17 11:07:21,423] {logging_mixin.py:104} INFO - submitted
[2021-05-17 11:07:21,424] {logging_mixin.py:104} INFO - running function for: (array([1621215193000, 1621215441000]), 2)
[2021-05-17 11:07:21,424] {logging_mixin.py:104} INFO - submitted
[2021-05-17 11:07:21,424] {logging_mixin.py:104} INFO - running function for: (array([1621215193000, 1621215441000]), 3)
[2021-05-17 11:07:21,424] {logging_mixin.py:104} INFO - submitted
[2021-05-17 11:07:25,273] {logging_mixin.py:104} INFO - https://cdn.iqoption.com/api/quotes-history/quotes/3.0?to=1621255041000&from=1621253241000&active_id=3&only_round=true&_key=1614903660000
[2021-05-17 11:07:25,277] {logging_mixin.py:104} INFO - https://cdn.iqoption.com/api/quotes-history/quotes/3.0?to=1621253241000&from=1621251441000&active_id=1&only_round=true&_key=1614903660000
[2021-05-17 11:07:25,305] {logging_mixin.py:104} INFO - https://cdn.iqoption.com/api/quotes-history/quotes/3.0?to=1621253241000&from=1621251441000&active_id=2&only_round=true&_key=1614903660000
[2021-05-17 11:07:25,352] {logging_mixin.py:104} INFO - https://cdn.iqoption.com/api/quotes-history/quotes/3.0?to=1621253241000&from=1621251441000&active_id=3&only_round=true&_key=1614903660000
[2021-05-17 11:07:25,354] {logging_mixin.py:104} INFO - https://cdn.iqoption.com/api/quotes-history/quotes/3.0?to=1621251441000&from=1621249641000&active_id=1&only_round=true&_key=1614903660000
[2021-05-17 11:07:25,367] {logging_mixin.py:104} INFO - https://cdn.iqoption.com/api/quotes-history/quotes/3.0?to=1621251441000&from=1621249641000&active_id=2&only_round=true&_key=1614903660000
[2021-05-17 11:07:25,370] {logging_mixin.py:104} INFO - https://cdn.iqoption.com/api/quotes-history/quotes/3.0?to=1621251441000&from=1621249641000&active_id=3&only_round=true&_key=1614903660000
[2021-05-17 11:07:25,409] {logging_mixin.py:104} INFO - https://cdn.iqoption.com/api/quotes-history/quotes/3.0?to=1621249641000&from=1621247841000&active_id=1&only_round=true&_key=1614903660000
[2021-05-17 11:07:27,482] {logging_mixin.py:104} INFO - https://cdn.iqoption.com/api/quotes-history/quotes/3.0?to=1621249641000&from=1621247841000&active_id=2&only_round=true&_key=1614903660000
[2021-05-17 11:07:27,511] {logging_mixin.py:104} INFO - https://cdn.iqoption.com/api/quotes-history/quotes/3.0?to=1621249641000&from=1621247841000&active_id=3&only_round=true&_key=1614903660000
[2021-05-17 11:07:27,530] {logging_mixin.py:104} INFO - https://cdn.iqoption.com/api/quotes-history/quotes/3.0?to=1621247841000&from=1621246041000&active_id=1&only_round=true&_key=1614903660000
[2021-05-17 11:07:27,531] {logging_mixin.py:104} INFO - https://cdn.iqoption.com/api/quotes-history/quotes/3.0?to=1621247841000&from=1621246041000&active_id=2&only_round=true&_key=1614903660000
[2021-05-17 11:07:27,535] {logging_mixin.py:104} INFO - https://cdn.iqoption.com/api/quotes-history/quotes/3.0?to=1621247841000&from=1621246041000&active_id=3&only_round=true&_key=1614903660000
[2021-05-17 11:07:27,539] {logging_mixin.py:104} INFO - https://cdn.iqoption.com/api/quotes-history/quotes/3.0?to=1621246041000&from=1621244241000&active_id=1&only_round=true&_key=1614903660000
[2021-05-17 11:07:27,659] {logging_mixin.py:104} INFO - https://cdn.iqoption.com/api/quotes-history/quotes/3.0?to=1621246041000&from=1621244241000&active_id=2&only_round=true&_key=1614903660000
[2021-05-17 11:07:27,674] {logging_mixin.py:104} INFO - https://cdn.iqoption.com/api/quotes-history/quotes/3.0?to=1621246041000&from=1621244241000&active_id=3&only_round=true&_key=1614903660000
[2021-05-17 11:07:29,332] {logging_mixin.py:104} INFO - https://cdn.iqoption.com/api/quotes-history/quotes/3.0?to=1621244241000&from=1621242441000&active_id=1&only_round=true&_key=1614903660000
[2021-05-17 11:07:29,439] {logging_mixin.py:104} INFO - https://cdn.iqoption.com/api/quotes-history/quotes/3.0?to=1621244241000&from=1621242441000&active_id=2&only_round=true&_key=1614903660000
[2021-05-17 11:07:29,445] {logging_mixin.py:104} INFO - https://cdn.iqoption.com/api/quotes-history/quotes/3.0?to=1621244241000&from=1621242441000&active_id=3&only_round=true&_key=1614903660000
[2021-05-17 11:07:29,450] {logging_mixin.py:104} INFO - https://cdn.iqoption.com/api/quotes-history/quotes/3.0?to=1621242441000&from=1621240641000&active_id=1&only_round=true&_key=1614903660000
[2021-05-17 11:07:29,474] {logging_mixin.py:104} INFO - https://cdn.iqoption.com/api/quotes-history/quotes/3.0?to=1621242441000&from=1621240641000&active_id=2&only_round=true&_key=1614903660000
[2021-05-17 11:07:29,492] {logging_mixin.py:104} INFO - https://cdn.iqoption.com/api/quotes-history/quotes/3.0?to=1621242441000&from=1621240641000&active_id=3&only_round=true&_key=1614903660000
[2021-05-17 11:07:29,574] {logging_mixin.py:104} INFO - https://cdn.iqoption.com/api/quotes-history/quotes/3.0?to=1621240641000&from=1621238841000&active_id=1&only_round=true&_key=1614903660000
[2021-05-17 11:07:29,610] {logging_mixin.py:104} INFO - https://cdn.iqoption.com/api/quotes-history/quotes/3.0?to=1621240641000&from=1621238841000&active_id=2&only_round=true&_key=1614903660000
[2021-05-17 11:07:31,023] {logging_mixin.py:104} INFO - https://cdn.iqoption.com/api/quotes-history/quotes/3.0?to=1621240641000&from=1621238841000&active_id=3&only_round=true&_key=1614903660000
[2021-05-17 11:07:31,165] {logging_mixin.py:104} INFO - https://cdn.iqoption.com/api/quotes-history/quotes/3.0?to=1621238841000&from=1621237041000&active_id=1&only_round=true&_key=1614903660000
[2021-05-17 11:07:31,288] {logging_mixin.py:104} INFO - https://cdn.iqoption.com/api/quotes-history/quotes/3.0?to=1621238841000&from=1621237041000&active_id=2&only_round=true&_key=1614903660000
[2021-05-17 11:07:31,301] {logging_mixin.py:104} INFO - https://cdn.iqoption.com/api/quotes-history/quotes/3.0?to=1621238841000&from=1621237041000&active_id=3&only_round=true&_key=1614903660000
[2021-05-17 11:07:31,349] {logging_mixin.py:104} INFO - https://cdn.iqoption.com/api/quotes-history/quotes/3.0?to=1621237041000&from=1621235241000&active_id=1&only_round=true&_key=1614903660000
[2021-05-17 11:07:31,354] {logging_mixin.py:104} INFO - https://cdn.iqoption.com/api/quotes-history/quotes/3.0?to=1621237041000&from=1621235241000&active_id=2&only_round=true&_key=1614903660000
[2021-05-17 11:07:31,409] {logging_mixin.py:104} INFO - https://cdn.iqoption.com/api/quotes-history/quotes/3.0?to=1621237041000&from=1621235241000&active_id=3&only_round=true&_key=1614903660000
[2021-05-17 11:07:31,430] {logging_mixin.py:104} INFO - https://cdn.iqoption.com/api/quotes-history/quotes/3.0?to=1621235241000&from=1621233441000&active_id=1&only_round=true&_key=1614903660000
[2021-05-17 11:07:32,696] {logging_mixin.py:104} INFO - https://cdn.iqoption.com/api/quotes-history/quotes/3.0?to=1621235241000&from=1621233441000&active_id=2&only_round=true&_key=1614903660000
[2021-05-17 11:07:33,095] {logging_mixin.py:104} INFO - https://cdn.iqoption.com/api/quotes-history/quotes/3.0?to=1621235241000&from=1621233441000&active_id=3&only_round=true&_key=1614903660000
[2021-05-17 11:07:33,131] {logging_mixin.py:104} INFO - https://cdn.iqoption.com/api/quotes-history/quotes/3.0?to=1621233441000&from=1621231641000&active_id=1&only_round=true&_key=1614903660000
[2021-05-17 11:07:33,156] {logging_mixin.py:104} INFO - https://cdn.iqoption.com/api/quotes-history/quotes/3.0?to=1621233441000&from=1621231641000&active_id=2&only_round=true&_key=1614903660000
[2021-05-17 11:07:33,185] {logging_mixin.py:104} INFO - https://cdn.iqoption.com/api/quotes-history/quotes/3.0?to=1621233441000&from=1621231641000&active_id=3&only_round=true&_key=1614903660000
[2021-05-17 11:07:33,192] {logging_mixin.py:104} INFO - https://cdn.iqoption.com/api/quotes-history/quotes/3.0?to=1621231641000&from=1621229841000&active_id=1&only_round=true&_key=1614903660000
[2021-05-17 11:07:33,251] {logging_mixin.py:104} INFO - https://cdn.iqoption.com/api/quotes-history/quotes/3.0?to=1621231641000&from=1621229841000&active_id=2&only_round=true&_key=1614903660000
[2021-05-17 11:07:33,355] {logging_mixin.py:104} INFO - https://cdn.iqoption.com/api/quotes-history/quotes/3.0?to=1621231641000&from=1621229841000&active_id=3&only_round=true&_key=1614903660000
[2021-05-17 11:07:34,354] {logging_mixin.py:104} INFO - https://cdn.iqoption.com/api/quotes-history/quotes/3.0?to=1621229841000&from=1621228041000&active_id=1&only_round=true&_key=1614903660000
[2021-05-17 11:07:34,650] {logging_mixin.py:104} INFO - https://cdn.iqoption.com/api/quotes-history/quotes/3.0?to=1621229841000&from=1621228041000&active_id=2&only_round=true&_key=1614903660000
[2021-05-17 11:07:34,673] {logging_mixin.py:104} INFO - https://cdn.iqoption.com/api/quotes-history/quotes/3.0?to=1621229841000&from=1621228041000&active_id=3&only_round=true&_key=1614903660000
[2021-05-17 11:07:34,757] {logging_mixin.py:104} INFO - https://cdn.iqoption.com/api/quotes-history/quotes/3.0?to=1621228041000&from=1621226241000&active_id=1&only_round=true&_key=1614903660000
[2021-05-17 11:07:34,787] {logging_mixin.py:104} INFO - https://cdn.iqoption.com/api/quotes-history/quotes/3.0?to=1621228041000&from=1621226241000&active_id=2&only_round=true&_key=1614903660000
[2021-05-17 11:07:34,806] {logging_mixin.py:104} INFO - https://cdn.iqoption.com/api/quotes-history/quotes/3.0?to=1621228041000&from=1621226241000&active_id=3&only_round=true&_key=1614903660000
[2021-05-17 11:07:34,840] {logging_mixin.py:104} INFO - https://cdn.iqoption.com/api/quotes-history/quotes/3.0?to=1621226241000&from=1621224441000&active_id=1&only_round=true&_key=1614903660000
[2021-05-17 11:07:34,911] {logging_mixin.py:104} INFO - https://cdn.iqoption.com/api/quotes-history/quotes/3.0?to=1621226241000&from=1621224441000&active_id=2&only_round=true&_key=1614903660000
[2021-05-17 11:07:35,912] {logging_mixin.py:104} INFO - https://cdn.iqoption.com/api/quotes-history/quotes/3.0?to=1621226241000&from=1621224441000&active_id=3&only_round=true&_key=1614903660000
[2021-05-17 11:07:36,246] {logging_mixin.py:104} INFO - https://cdn.iqoption.com/api/quotes-history/quotes/3.0?to=1621224441000&from=1621222641000&active_id=1&only_round=true&_key=1614903660000
[2021-05-17 11:07:36,265] {logging_mixin.py:104} INFO - https://cdn.iqoption.com/api/quotes-history/quotes/3.0?to=1621224441000&from=1621222641000&active_id=2&only_round=true&_key=1614903660000
[2021-05-17 11:07:36,320] {logging_mixin.py:104} INFO - https://cdn.iqoption.com/api/quotes-history/quotes/3.0?to=1621224441000&from=1621222641000&active_id=3&only_round=true&_key=1614903660000
[2021-05-17 11:07:36,342] {logging_mixin.py:104} INFO - https://cdn.iqoption.com/api/quotes-history/quotes/3.0?to=1621222641000&from=1621220841000&active_id=1&only_round=true&_key=1614903660000
[2021-05-17 11:07:36,379] {logging_mixin.py:104} INFO - https://cdn.iqoption.com/api/quotes-history/quotes/3.0?to=1621222641000&from=1621220841000&active_id=2&only_round=true&_key=1614903660000
[2021-05-17 11:07:36,407] {logging_mixin.py:104} INFO - https://cdn.iqoption.com/api/quotes-history/quotes/3.0?to=1621222641000&from=1621220841000&active_id=3&only_round=true&_key=1614903660000
[2021-05-17 11:07:36,469] {logging_mixin.py:104} INFO - https://cdn.iqoption.com/api/quotes-history/quotes/3.0?to=1621220841000&from=1621219041000&active_id=1&only_round=true&_key=1614903660000
[2021-05-17 11:07:37,480] {logging_mixin.py:104} INFO - https://cdn.iqoption.com/api/quotes-history/quotes/3.0?to=1621220841000&from=1621219041000&active_id=2&only_round=true&_key=1614903660000
[2021-05-17 11:07:37,810] {logging_mixin.py:104} INFO - https://cdn.iqoption.com/api/quotes-history/quotes/3.0?to=1621220841000&from=1621219041000&active_id=3&only_round=true&_key=1614903660000
[2021-05-17 11:07:37,834] {logging_mixin.py:104} INFO - https://cdn.iqoption.com/api/quotes-history/quotes/3.0?to=1621219041000&from=1621217241000&active_id=1&only_round=true&_key=1614903660000
[2021-05-17 11:07:37,862] {logging_mixin.py:104} INFO - https://cdn.iqoption.com/api/quotes-history/quotes/3.0?to=1621219041000&from=1621217241000&active_id=2&only_round=true&_key=1614903660000
[2021-05-17 11:07:37,890] {logging_mixin.py:104} INFO - https://cdn.iqoption.com/api/quotes-history/quotes/3.0?to=1621219041000&from=1621217241000&active_id=3&only_round=true&_key=1614903660000
[2021-05-17 11:07:37,975] {logging_mixin.py:104} INFO - https://cdn.iqoption.com/api/quotes-history/quotes/3.0?to=1621217241000&from=1621215441000&active_id=1&only_round=true&_key=1614903660000
[2021-05-17 11:07:37,980] {logging_mixin.py:104} INFO - https://cdn.iqoption.com/api/quotes-history/quotes/3.0?to=1621217241000&from=1621215441000&active_id=2&only_round=true&_key=1614903660000
[2021-05-17 11:07:38,032] {logging_mixin.py:104} INFO - https://cdn.iqoption.com/api/quotes-history/quotes/3.0?to=1621217241000&from=1621215441000&active_id=3&only_round=true&_key=1614903660000
[2021-05-17 11:07:39,080] {logging_mixin.py:104} INFO - https://cdn.iqoption.com/api/quotes-history/quotes/3.0?to=1621215441000&from=1621215193000&active_id=1&only_round=true&_key=1614903660000
[2021-05-17 11:07:39,412] {logging_mixin.py:104} INFO - https://cdn.iqoption.com/api/quotes-history/quotes/3.0?to=1621215441000&from=1621215193000&active_id=2&only_round=true&_key=1614903660000
[2021-05-17 11:07:39,427] {logging_mixin.py:104} INFO - https://cdn.iqoption.com/api/quotes-history/quotes/3.0?to=1621215441000&from=1621215193000&active_id=3&only_round=true&_key=1614903660000
[2021-05-17 11:07:40,811] {python.py:118} INFO - Done. Returned value was: None
[2021-05-17 11:07:40,816] {taskinstance.py:1192} INFO - Marking task as SUCCESS. dag_id=etl, task_id=loading_data_to_s3, execution_date=20210517T090000, start_date=20210517T140720, end_date=20210517T140740
[2021-05-17 11:07:40,858] {taskinstance.py:1246} INFO - 1 downstream tasks scheduled from follow-on schedule check
[2021-05-17 11:07:40,885] {local_task_job.py:146} INFO - Task exited with return code 0
