[2021-05-14 15:36:00,276] {taskinstance.py:877} INFO - Dependencies all met for <TaskInstance: etl.loading_data_to_s3 2021-05-14T18:35:48.113192+00:00 [queued]>
[2021-05-14 15:36:00,281] {taskinstance.py:877} INFO - Dependencies all met for <TaskInstance: etl.loading_data_to_s3 2021-05-14T18:35:48.113192+00:00 [queued]>
[2021-05-14 15:36:00,281] {taskinstance.py:1068} INFO - 
--------------------------------------------------------------------------------
[2021-05-14 15:36:00,281] {taskinstance.py:1069} INFO - Starting attempt 1 of 1
[2021-05-14 15:36:00,281] {taskinstance.py:1070} INFO - 
--------------------------------------------------------------------------------
[2021-05-14 15:36:00,287] {taskinstance.py:1089} INFO - Executing <Task(PythonOperator): loading_data_to_s3> on 2021-05-14T18:35:48.113192+00:00
[2021-05-14 15:36:00,290] {standard_task_runner.py:52} INFO - Started process 22131 to run task
[2021-05-14 15:36:00,297] {standard_task_runner.py:76} INFO - Running: ['airflow', 'tasks', 'run', 'etl', 'loading_data_to_s3', '2021-05-14T18:35:48.113192+00:00', '--job-id', '441', '--pool', 'default_pool', '--raw', '--subdir', 'DAGS_FOLDER/etl_dag.py', '--cfg-path', '/var/folders/_f/vg3x3jmj23bcz6s88l7v6fb40000gn/T/tmpv5cthkqt', '--error-file', '/var/folders/_f/vg3x3jmj23bcz6s88l7v6fb40000gn/T/tmpq2cfroyz']
[2021-05-14 15:36:00,299] {standard_task_runner.py:77} INFO - Job 441: Subtask loading_data_to_s3
[2021-05-14 15:36:00,326] {logging_mixin.py:104} INFO - Running <TaskInstance: etl.loading_data_to_s3 2021-05-14T18:35:48.113192+00:00 [running]> on host 1.0.0.0.0.0.0.0.0.0.0.0.0.0.0.0.0.0.0.0.0.0.0.0.0.0.0.0.0.0.0.0.ip6.arpa
[2021-05-14 15:36:00,345] {taskinstance.py:1283} INFO - Exporting the following env vars:
AIRFLOW_CTX_DAG_OWNER=udacity
AIRFLOW_CTX_DAG_ID=etl
AIRFLOW_CTX_TASK_ID=loading_data_to_s3
AIRFLOW_CTX_EXECUTION_DATE=2021-05-14T18:35:48.113192+00:00
AIRFLOW_CTX_DAG_RUN_ID=manual__2021-05-14T18:35:48.113192+00:00
[2021-05-14 15:36:01,457] {logging_mixin.py:104} INFO - Fetching interval list
[2021-05-14 15:36:01,459] {logging_mixin.py:104} INFO - Inverval list built
[2021-05-14 15:36:01,459] {logging_mixin.py:104} INFO - Processing data
[2021-05-14 15:36:01,460] {logging_mixin.py:104} INFO - df initialized
[2021-05-14 15:36:01,461] {logging_mixin.py:104} INFO - ThreadPoolExecutor initialized
[2021-05-14 15:36:01,462] {logging_mixin.py:104} INFO - running function for: (array([1621013761000, 1621015561000]), 1)
[2021-05-14 15:36:01,463] {logging_mixin.py:104} INFO - https://cdn.iqoption.com/api/quotes-history/quotes/3.0?to=1621015561000&from=1621013761000&active_id=1&only_round=true&_key=1614903660000
[2021-05-14 15:36:01,465] {logging_mixin.py:104} INFO - submitted
[2021-05-14 15:36:01,466] {logging_mixin.py:104} INFO - running function for: (array([1621013761000, 1621015561000]), 2)
[2021-05-14 15:36:01,467] {logging_mixin.py:104} INFO - https://cdn.iqoption.com/api/quotes-history/quotes/3.0?to=1621015561000&from=1621013761000&active_id=2&only_round=true&_key=1614903660000
[2021-05-14 15:36:01,467] {logging_mixin.py:104} INFO - submitted
[2021-05-14 15:36:01,468] {logging_mixin.py:104} INFO - running function for: (array([1621013761000, 1621015561000]), 3)
[2021-05-14 15:36:01,468] {logging_mixin.py:104} INFO - https://cdn.iqoption.com/api/quotes-history/quotes/3.0?to=1621015561000&from=1621013761000&active_id=3&only_round=true&_key=1614903660000
[2021-05-14 15:36:01,469] {logging_mixin.py:104} INFO - submitted
[2021-05-14 15:36:01,469] {logging_mixin.py:104} INFO - running function for: (array([1621011961000, 1621013761000]), 1)
[2021-05-14 15:36:01,470] {logging_mixin.py:104} INFO - https://cdn.iqoption.com/api/quotes-history/quotes/3.0?to=1621013761000&from=1621011961000&active_id=1&only_round=true&_key=1614903660000
[2021-05-14 15:36:01,472] {logging_mixin.py:104} INFO - submitted
[2021-05-14 15:36:01,472] {logging_mixin.py:104} INFO - running function for: (array([1621011961000, 1621013761000]), 2)
[2021-05-14 15:36:01,473] {logging_mixin.py:104} INFO - https://cdn.iqoption.com/api/quotes-history/quotes/3.0?to=1621013761000&from=1621011961000&active_id=2&only_round=true&_key=1614903660000
[2021-05-14 15:36:01,473] {logging_mixin.py:104} INFO - submitted
[2021-05-14 15:36:01,474] {logging_mixin.py:104} INFO - running function for: (array([1621011961000, 1621013761000]), 3)
[2021-05-14 15:36:01,474] {logging_mixin.py:104} INFO - https://cdn.iqoption.com/api/quotes-history/quotes/3.0?to=1621013761000&from=1621011961000&active_id=3&only_round=true&_key=1614903660000
[2021-05-14 15:36:01,474] {logging_mixin.py:104} INFO - submitted
[2021-05-14 15:36:01,475] {logging_mixin.py:104} INFO - running function for: (array([1621010161000, 1621011961000]), 1)
[2021-05-14 15:36:01,475] {logging_mixin.py:104} INFO - https://cdn.iqoption.com/api/quotes-history/quotes/3.0?to=1621011961000&from=1621010161000&active_id=1&only_round=true&_key=1614903660000
[2021-05-14 15:36:01,476] {logging_mixin.py:104} INFO - https://cdn.iqoption.com/api/quotes-history/quotes/3.0?to=1621011961000&from=1621010161000&active_id=1&only_round=true&_key=1614903660000
submitted
[2021-05-14 15:36:01,477] {logging_mixin.py:104} INFO - running function for: (array([1621010161000, 1621011961000]), 2)
[2021-05-14 15:36:01,477] {logging_mixin.py:104} INFO - https://cdn.iqoption.com/api/quotes-history/quotes/3.0?to=1621011961000&from=1621010161000&active_id=2&only_round=true&_key=1614903660000
[2021-05-14 15:36:01,478] {logging_mixin.py:104} INFO - submitted
[2021-05-14 15:36:01,478] {logging_mixin.py:104} INFO - running function for: (array([1621010161000, 1621011961000]), 3)
[2021-05-14 15:36:01,478] {logging_mixin.py:104} INFO - submitted
[2021-05-14 15:36:01,484] {logging_mixin.py:104} INFO - running function for: (array([1621008361000, 1621010161000]), 1)
[2021-05-14 15:36:01,486] {logging_mixin.py:104} INFO - submitted
[2021-05-14 15:36:01,486] {logging_mixin.py:104} INFO - running function for: (array([1621008361000, 1621010161000]), 2)
[2021-05-14 15:36:01,487] {logging_mixin.py:104} INFO - submitted
[2021-05-14 15:36:01,489] {logging_mixin.py:104} INFO - running function for: (array([1621008361000, 1621010161000]), 3)
[2021-05-14 15:36:01,490] {logging_mixin.py:104} INFO - submitted
[2021-05-14 15:36:03,004] {logging_mixin.py:104} INFO - https://cdn.iqoption.com/api/quotes-history/quotes/3.0?to=1621011961000&from=1621010161000&active_id=3&only_round=true&_key=1614903660000
[2021-05-14 15:36:05,299] {logging_mixin.py:104} INFO - https://cdn.iqoption.com/api/quotes-history/quotes/3.0?to=1621010161000&from=1621008361000&active_id=1&only_round=true&_key=1614903660000
[2021-05-14 15:36:05,315] {logging_mixin.py:104} INFO - https://cdn.iqoption.com/api/quotes-history/quotes/3.0?to=1621010161000&from=1621008361000&active_id=2&only_round=true&_key=1614903660000
[2021-05-14 15:36:05,347] {logging_mixin.py:104} INFO - https://cdn.iqoption.com/api/quotes-history/quotes/3.0?to=1621010161000&from=1621008361000&active_id=3&only_round=true&_key=1614903660000
[2021-05-14 15:36:07,709] {taskinstance.py:1482} ERROR - Task failed with exception
Traceback (most recent call last):
  File "/Library/Frameworks/Python.framework/Versions/3.7/lib/python3.7/site-packages/airflow/models/taskinstance.py", line 1138, in _run_raw_task
    self._prepare_and_execute_task_with_callbacks(context, task)
  File "/Library/Frameworks/Python.framework/Versions/3.7/lib/python3.7/site-packages/airflow/models/taskinstance.py", line 1311, in _prepare_and_execute_task_with_callbacks
    result = self._execute_task(context, task_copy)
  File "/Library/Frameworks/Python.framework/Versions/3.7/lib/python3.7/site-packages/airflow/models/taskinstance.py", line 1341, in _execute_task
    result = task_copy.execute(context=context)
  File "/Library/Frameworks/Python.framework/Versions/3.7/lib/python3.7/site-packages/airflow/operators/python.py", line 117, in execute
    return_value = self.execute_callable()
  File "/Library/Frameworks/Python.framework/Versions/3.7/lib/python3.7/site-packages/airflow/operators/python.py", line 128, in execute_callable
    return self.python_callable(*self.op_args, **self.op_kwargs)
  File "/Users/raphaelcarvalho/Documents/forex/load_data_to_s3.py", line 32, in load_data_to_s3
    f.run_etl(min_ts=date_from, end_ts=date_to, step=step, active_id=active_ids, date=today)
  File "/Users/raphaelcarvalho/Documents/forex/functions.py", line 138, in run_etl
    processed_data = process_data(api_calls, date, n_threads=8)
  File "/Users/raphaelcarvalho/Documents/forex/functions.py", line 125, in process_data
    results = [f.result() for f in futures]
  File "/Users/raphaelcarvalho/Documents/forex/functions.py", line 125, in <listcomp>
    results = [f.result() for f in futures]
  File "/Library/Frameworks/Python.framework/Versions/3.7/lib/python3.7/concurrent/futures/_base.py", line 425, in result
    return self.__get_result()
  File "/Library/Frameworks/Python.framework/Versions/3.7/lib/python3.7/concurrent/futures/_base.py", line 384, in __get_result
    raise self._exception
  File "/Library/Frameworks/Python.framework/Versions/3.7/lib/python3.7/concurrent/futures/thread.py", line 57, in run
    result = self.fn(*self.args, **self.kwargs)
  File "/Users/raphaelcarvalho/Documents/forex/functions.py", line 90, in get_data
    os.makedirs(date_dir)
  File "/Library/Frameworks/Python.framework/Versions/3.7/lib/python3.7/os.py", line 221, in makedirs
    mkdir(name, mode)
FileExistsError: [Errno 17] File exists: '/Users/raphaelcarvalho/Documents/forex/csvs/3/2021-05-14'
[2021-05-14 15:36:07,728] {taskinstance.py:1532} INFO - Marking task as FAILED. dag_id=etl, task_id=loading_data_to_s3, execution_date=20210514T183548, start_date=20210514T183600, end_date=20210514T183607
[2021-05-14 15:36:07,749] {local_task_job.py:146} INFO - Task exited with return code 1
