[2021-05-14 18:16:13,494] {taskinstance.py:877} INFO - Dependencies all met for <TaskInstance: etl.remove_s3_files 2021-05-14T21:13:35.371564+00:00 [queued]>
[2021-05-14 18:16:13,499] {taskinstance.py:877} INFO - Dependencies all met for <TaskInstance: etl.remove_s3_files 2021-05-14T21:13:35.371564+00:00 [queued]>
[2021-05-14 18:16:13,499] {taskinstance.py:1068} INFO - 
--------------------------------------------------------------------------------
[2021-05-14 18:16:13,499] {taskinstance.py:1069} INFO - Starting attempt 1 of 1
[2021-05-14 18:16:13,499] {taskinstance.py:1070} INFO - 
--------------------------------------------------------------------------------
[2021-05-14 18:16:13,505] {taskinstance.py:1089} INFO - Executing <Task(PythonOperator): remove_s3_files> on 2021-05-14T21:13:35.371564+00:00
[2021-05-14 18:16:13,508] {standard_task_runner.py:52} INFO - Started process 24809 to run task
[2021-05-14 18:16:13,514] {standard_task_runner.py:76} INFO - Running: ['airflow', 'tasks', 'run', 'etl', 'remove_s3_files', '2021-05-14T21:13:35.371564+00:00', '--job-id', '530', '--pool', 'default_pool', '--raw', '--subdir', 'DAGS_FOLDER/etl_dag.py', '--cfg-path', '/var/folders/_f/vg3x3jmj23bcz6s88l7v6fb40000gn/T/tmpqwesq_xm', '--error-file', '/var/folders/_f/vg3x3jmj23bcz6s88l7v6fb40000gn/T/tmpah53j9wa']
[2021-05-14 18:16:13,515] {standard_task_runner.py:77} INFO - Job 530: Subtask remove_s3_files
[2021-05-14 18:16:13,546] {logging_mixin.py:104} INFO - Running <TaskInstance: etl.remove_s3_files 2021-05-14T21:13:35.371564+00:00 [running]> on host 27.2.168.192.in-addr.arpa
[2021-05-14 18:16:13,571] {taskinstance.py:1283} INFO - Exporting the following env vars:
AIRFLOW_CTX_DAG_OWNER=udacity
AIRFLOW_CTX_DAG_ID=etl
AIRFLOW_CTX_TASK_ID=remove_s3_files
AIRFLOW_CTX_EXECUTION_DATE=2021-05-14T21:13:35.371564+00:00
AIRFLOW_CTX_DAG_RUN_ID=manual__2021-05-14T21:13:35.371564+00:00
[2021-05-14 18:16:16,982] {python.py:118} INFO - Done. Returned value was: None
[2021-05-14 18:16:16,987] {taskinstance.py:1192} INFO - Marking task as SUCCESS. dag_id=etl, task_id=remove_s3_files, execution_date=20210514T211335, start_date=20210514T211613, end_date=20210514T211616
[2021-05-14 18:16:17,027] {taskinstance.py:1246} INFO - 0 downstream tasks scheduled from follow-on schedule check
[2021-05-14 18:16:17,064] {local_task_job.py:146} INFO - Task exited with return code 0
