[2021-05-14 10:36:44,070] {taskinstance.py:877} INFO - Dependencies all met for <TaskInstance: etl.run_spark_job 2021-05-14T13:35:48.068959+00:00 [queued]>
[2021-05-14 10:36:44,075] {taskinstance.py:877} INFO - Dependencies all met for <TaskInstance: etl.run_spark_job 2021-05-14T13:35:48.068959+00:00 [queued]>
[2021-05-14 10:36:44,075] {taskinstance.py:1068} INFO - 
--------------------------------------------------------------------------------
[2021-05-14 10:36:44,075] {taskinstance.py:1069} INFO - Starting attempt 1 of 1
[2021-05-14 10:36:44,075] {taskinstance.py:1070} INFO - 
--------------------------------------------------------------------------------
[2021-05-14 10:36:44,081] {taskinstance.py:1089} INFO - Executing <Task(DockerOperator): run_spark_job> on 2021-05-14T13:35:48.068959+00:00
[2021-05-14 10:36:44,084] {standard_task_runner.py:52} INFO - Started process 19249 to run task
[2021-05-14 10:36:44,092] {standard_task_runner.py:76} INFO - Running: ['airflow', 'tasks', 'run', 'etl', 'run_spark_job', '2021-05-14T13:35:48.068959+00:00', '--job-id', '382', '--pool', 'default_pool', '--raw', '--subdir', 'DAGS_FOLDER/etl_dag.py', '--cfg-path', '/var/folders/_f/vg3x3jmj23bcz6s88l7v6fb40000gn/T/tmpk4lc1r5y', '--error-file', '/var/folders/_f/vg3x3jmj23bcz6s88l7v6fb40000gn/T/tmp1erznlo8']
[2021-05-14 10:36:44,094] {standard_task_runner.py:77} INFO - Job 382: Subtask run_spark_job
[2021-05-14 10:36:44,124] {logging_mixin.py:104} INFO - Running <TaskInstance: etl.run_spark_job 2021-05-14T13:35:48.068959+00:00 [running]> on host 27.2.168.192.in-addr.arpa
[2021-05-14 10:36:44,147] {taskinstance.py:1283} INFO - Exporting the following env vars:
AIRFLOW_CTX_DAG_OWNER=udacity
AIRFLOW_CTX_DAG_ID=etl
AIRFLOW_CTX_TASK_ID=run_spark_job
AIRFLOW_CTX_EXECUTION_DATE=2021-05-14T13:35:48.068959+00:00
AIRFLOW_CTX_DAG_RUN_ID=manual__2021-05-14T13:35:48.068959+00:00
[2021-05-14 10:36:44,150] {docker.py:303} INFO - Pulling docker image raphacarvalho/udac_spark
[2021-05-14 10:36:47,706] {docker.py:317} INFO - latest: Pulling from raphacarvalho/udac_spark
[2021-05-14 10:36:47,708] {docker.py:312} INFO - Digest: sha256:4c29e14f759a21c3d7e4a0d4a5c666956d230db10b25caedc934867aa05f1b08
[2021-05-14 10:36:47,709] {docker.py:312} INFO - Status: Image is up to date for raphacarvalho/udac_spark
[2021-05-14 10:36:47,714] {docker.py:232} INFO - Starting docker container from image raphacarvalho/udac_spark
[2021-05-14 10:36:50,189] {docker.py:276} INFO - WARNING: An illegal reflective access operation has occurred
WARNING: Illegal reflective access by org.apache.spark.unsafe.Platform (file:/usr/local/spark-3.1.1-bin-hadoop3.2/jars/spark-unsafe_2.12-3.1.1.jar) to constructor java.nio.DirectByteBuffer(long,int)
WARNING: Please consider reporting this to the maintainers of org.apache.spark.unsafe.Platform
WARNING: Use --illegal-access=warn to enable warnings of further illegal reflective access operations
WARNING: All illegal access operations will be denied in a future release
[2021-05-14 10:36:50,999] {docker.py:276} INFO - 21/05/14 13:36:51 WARN NativeCodeLoader: Unable to load native-hadoop library for your platform... using builtin-java classes where applicable
[2021-05-14 10:36:51,596] {docker.py:276} INFO - File "/home/jovyan/spark.py", line 63
    .option("fs.s3a.fast.upload.buffer", "bytebuffer") \ # Buffer in memory instead of disk, potentially faster but more memory intensive
SyntaxError: unexpected character after line continuation character
[2021-05-14 10:36:51,614] {docker.py:276} INFO - log4j:WARN No appenders could be found for logger (org.apache.spark.util.ShutdownHookManager).
log4j:WARN Please initialize the log4j system properly.
log4j:WARN See http://logging.apache.org/log4j/1.2/faq.html#noconfig for more info.
[2021-05-14 10:36:51,803] {taskinstance.py:1482} ERROR - Task failed with exception
Traceback (most recent call last):
  File "/Library/Frameworks/Python.framework/Versions/3.7/lib/python3.7/site-packages/airflow/models/taskinstance.py", line 1138, in _run_raw_task
    self._prepare_and_execute_task_with_callbacks(context, task)
  File "/Library/Frameworks/Python.framework/Versions/3.7/lib/python3.7/site-packages/airflow/models/taskinstance.py", line 1311, in _prepare_and_execute_task_with_callbacks
    result = self._execute_task(context, task_copy)
  File "/Library/Frameworks/Python.framework/Versions/3.7/lib/python3.7/site-packages/airflow/models/taskinstance.py", line 1341, in _execute_task
    result = task_copy.execute(context=context)
  File "/Library/Frameworks/Python.framework/Versions/3.7/lib/python3.7/site-packages/airflow/providers/docker/operators/docker.py", line 321, in execute
    return self._run_image()
  File "/Library/Frameworks/Python.framework/Versions/3.7/lib/python3.7/site-packages/airflow/providers/docker/operators/docker.py", line 281, in _run_image
    raise AirflowException('docker container failed: ' + repr(result) + f"lines {res_lines}")
airflow.exceptions.AirflowException: docker container failed: {'Error': None, 'StatusCode': 1}lines WARNING: An illegal reflective access operation has occurred
WARNING: Illegal reflective access by org.apache.spark.unsafe.Platform (file:/usr/local/spark-3.1.1-bin-hadoop3.2/jars/spark-unsafe_2.12-3.1.1.jar) to constructor java.nio.DirectByteBuffer(long,int)
WARNING: Please consider reporting this to the maintainers of org.apache.spark.unsafe.Platform
WARNING: Use --illegal-access=warn to enable warnings of further illegal reflective access operations
WARNING: All illegal access operations will be denied in a future release
21/05/14 13:36:51 WARN NativeCodeLoader: Unable to load native-hadoop library for your platform... using builtin-java classes where applicable
File "/home/jovyan/spark.py", line 63
    .option("fs.s3a.fast.upload.buffer", "bytebuffer") \ # Buffer in memory instead of disk, potentially faster but more memory intensive
SyntaxError: unexpected character after line continuation character
log4j:WARN No appenders could be found for logger (org.apache.spark.util.ShutdownHookManager).
log4j:WARN Please initialize the log4j system properly.
log4j:WARN See http://logging.apache.org/log4j/1.2/faq.html#noconfig for more info.
[2021-05-14 10:36:51,807] {taskinstance.py:1532} INFO - Marking task as FAILED. dag_id=etl, task_id=run_spark_job, execution_date=20210514T133548, start_date=20210514T133644, end_date=20210514T133651
[2021-05-14 10:36:51,855] {local_task_job.py:146} INFO - Task exited with return code 1
