[2021-05-17 14:01:14,501] {taskinstance.py:877} INFO - Dependencies all met for <TaskInstance: etl.remove_s3_files 2021-05-17T16:57:26.606970+00:00 [queued]>
[2021-05-17 14:01:14,506] {taskinstance.py:877} INFO - Dependencies all met for <TaskInstance: etl.remove_s3_files 2021-05-17T16:57:26.606970+00:00 [queued]>
[2021-05-17 14:01:14,506] {taskinstance.py:1068} INFO - 
--------------------------------------------------------------------------------
[2021-05-17 14:01:14,506] {taskinstance.py:1069} INFO - Starting attempt 1 of 1
[2021-05-17 14:01:14,506] {taskinstance.py:1070} INFO - 
--------------------------------------------------------------------------------
[2021-05-17 14:01:14,512] {taskinstance.py:1089} INFO - Executing <Task(PythonOperator): remove_s3_files> on 2021-05-17T16:57:26.606970+00:00
[2021-05-17 14:01:14,515] {standard_task_runner.py:52} INFO - Started process 36485 to run task
[2021-05-17 14:01:14,521] {standard_task_runner.py:76} INFO - Running: ['airflow', 'tasks', 'run', 'etl', 'remove_s3_files', '2021-05-17T16:57:26.606970+00:00', '--job-id', '936', '--pool', 'default_pool', '--raw', '--subdir', 'DAGS_FOLDER/etl_dag.py', '--cfg-path', '/var/folders/_f/vg3x3jmj23bcz6s88l7v6fb40000gn/T/tmp3zpkgikl', '--error-file', '/var/folders/_f/vg3x3jmj23bcz6s88l7v6fb40000gn/T/tmpxv6gwrn_']
[2021-05-17 14:01:14,523] {standard_task_runner.py:77} INFO - Job 936: Subtask remove_s3_files
[2021-05-17 14:01:14,558] {logging_mixin.py:104} INFO - Running <TaskInstance: etl.remove_s3_files 2021-05-17T16:57:26.606970+00:00 [running]> on host 27.2.168.192.in-addr.arpa
[2021-05-17 14:01:14,581] {taskinstance.py:1283} INFO - Exporting the following env vars:
AIRFLOW_CTX_DAG_OWNER=udacity
AIRFLOW_CTX_DAG_ID=etl
AIRFLOW_CTX_TASK_ID=remove_s3_files
AIRFLOW_CTX_EXECUTION_DATE=2021-05-17T16:57:26.606970+00:00
AIRFLOW_CTX_DAG_RUN_ID=manual__2021-05-17T16:57:26.606970+00:00
[2021-05-17 14:01:17,547] {python.py:118} INFO - Done. Returned value was: None
[2021-05-17 14:01:17,552] {taskinstance.py:1192} INFO - Marking task as SUCCESS. dag_id=etl, task_id=remove_s3_files, execution_date=20210517T165726, start_date=20210517T170114, end_date=20210517T170117
[2021-05-17 14:01:17,593] {taskinstance.py:1246} INFO - 0 downstream tasks scheduled from follow-on schedule check
[2021-05-17 14:01:17,639] {local_task_job.py:146} INFO - Task exited with return code 0
