[2021-05-17 11:08:25,192] {taskinstance.py:877} INFO - Dependencies all met for <TaskInstance: etl.loading_data_to_s3 2021-05-17T11:00:00+00:00 [queued]>
[2021-05-17 11:08:25,197] {taskinstance.py:877} INFO - Dependencies all met for <TaskInstance: etl.loading_data_to_s3 2021-05-17T11:00:00+00:00 [queued]>
[2021-05-17 11:08:25,197] {taskinstance.py:1068} INFO - 
--------------------------------------------------------------------------------
[2021-05-17 11:08:25,197] {taskinstance.py:1069} INFO - Starting attempt 1 of 1
[2021-05-17 11:08:25,197] {taskinstance.py:1070} INFO - 
--------------------------------------------------------------------------------
[2021-05-17 11:08:25,204] {taskinstance.py:1089} INFO - Executing <Task(PythonOperator): loading_data_to_s3> on 2021-05-17T11:00:00+00:00
[2021-05-17 11:08:25,207] {standard_task_runner.py:52} INFO - Started process 35437 to run task
[2021-05-17 11:08:25,214] {standard_task_runner.py:76} INFO - Running: ['airflow', 'tasks', 'run', 'etl', 'loading_data_to_s3', '2021-05-17T11:00:00+00:00', '--job-id', '923', '--pool', 'default_pool', '--raw', '--subdir', 'DAGS_FOLDER/etl_dag.py', '--cfg-path', '/var/folders/_f/vg3x3jmj23bcz6s88l7v6fb40000gn/T/tmp22w_zk84', '--error-file', '/var/folders/_f/vg3x3jmj23bcz6s88l7v6fb40000gn/T/tmp4pe1b4zc']
[2021-05-17 11:08:25,216] {standard_task_runner.py:77} INFO - Job 923: Subtask loading_data_to_s3
[2021-05-17 11:08:25,253] {logging_mixin.py:104} INFO - Running <TaskInstance: etl.loading_data_to_s3 2021-05-17T11:00:00+00:00 [running]> on host 27.2.168.192.in-addr.arpa
[2021-05-17 11:08:25,279] {taskinstance.py:1283} INFO - Exporting the following env vars:
AIRFLOW_CTX_DAG_OWNER=udacity
AIRFLOW_CTX_DAG_ID=etl
AIRFLOW_CTX_TASK_ID=loading_data_to_s3
AIRFLOW_CTX_EXECUTION_DATE=2021-05-17T11:00:00+00:00
AIRFLOW_CTX_DAG_RUN_ID=scheduled__2021-05-17T11:00:00+00:00
[2021-05-17 11:08:26,499] {logging_mixin.py:104} INFO - Fetching interval list
[2021-05-17 11:08:26,500] {logging_mixin.py:104} INFO - Inverval list built
[2021-05-17 11:08:26,501] {logging_mixin.py:104} INFO - Processing data
[2021-05-17 11:08:26,502] {logging_mixin.py:104} INFO - df initialized
[2021-05-17 11:08:26,503] {logging_mixin.py:104} INFO - (array([1621256906000, 1621258706000]), 1)
[2021-05-17 11:08:26,504] {logging_mixin.py:104} INFO - (array([1621256906000, 1621258706000]), 2)
[2021-05-17 11:08:26,504] {logging_mixin.py:104} INFO - (array([1621256906000, 1621258706000]), 3)
[2021-05-17 11:08:26,505] {logging_mixin.py:104} INFO - (array([1621255106000, 1621256906000]), 1)
[2021-05-17 11:08:26,505] {logging_mixin.py:104} INFO - (array([1621255106000, 1621256906000]), 2)
[2021-05-17 11:08:26,506] {logging_mixin.py:104} INFO - (array([1621255106000, 1621256906000]), 3)
[2021-05-17 11:08:26,506] {logging_mixin.py:104} INFO - (array([1621253306000, 1621255106000]), 1)
[2021-05-17 11:08:26,506] {logging_mixin.py:104} INFO - (array([1621253306000, 1621255106000]), 2)
[2021-05-17 11:08:26,507] {logging_mixin.py:104} INFO - (array([1621253306000, 1621255106000]), 3)
[2021-05-17 11:08:26,507] {logging_mixin.py:104} INFO - (array([1621251506000, 1621253306000]), 1)
[2021-05-17 11:08:26,507] {logging_mixin.py:104} INFO - (array([1621251506000, 1621253306000]), 2)
[2021-05-17 11:08:26,508] {logging_mixin.py:104} INFO - (array([1621251506000, 1621253306000]), 3)
[2021-05-17 11:08:26,508] {logging_mixin.py:104} INFO - (array([1621249706000, 1621251506000]), 1)
[2021-05-17 11:08:26,509] {logging_mixin.py:104} INFO - (array([1621249706000, 1621251506000]), 2)
[2021-05-17 11:08:26,509] {logging_mixin.py:104} INFO - (array([1621249706000, 1621251506000]), 3)
[2021-05-17 11:08:26,509] {logging_mixin.py:104} INFO - (array([1621247906000, 1621249706000]), 1)
[2021-05-17 11:08:26,510] {logging_mixin.py:104} INFO - (array([1621247906000, 1621249706000]), 2)
[2021-05-17 11:08:26,510] {logging_mixin.py:104} INFO - (array([1621247906000, 1621249706000]), 3)
[2021-05-17 11:08:26,510] {logging_mixin.py:104} INFO - (array([1621246106000, 1621247906000]), 1)
[2021-05-17 11:08:26,511] {logging_mixin.py:104} INFO - (array([1621246106000, 1621247906000]), 2)
[2021-05-17 11:08:26,511] {logging_mixin.py:104} INFO - (array([1621246106000, 1621247906000]), 3)
[2021-05-17 11:08:26,511] {logging_mixin.py:104} INFO - (array([1621244306000, 1621246106000]), 1)
[2021-05-17 11:08:26,512] {logging_mixin.py:104} INFO - (array([1621244306000, 1621246106000]), 2)
[2021-05-17 11:08:26,512] {logging_mixin.py:104} INFO - (array([1621244306000, 1621246106000]), 3)
[2021-05-17 11:08:26,512] {logging_mixin.py:104} INFO - (array([1621242506000, 1621244306000]), 1)
[2021-05-17 11:08:26,513] {logging_mixin.py:104} INFO - (array([1621242506000, 1621244306000]), 2)
[2021-05-17 11:08:26,513] {logging_mixin.py:104} INFO - (array([1621242506000, 1621244306000]), 3)
[2021-05-17 11:08:26,513] {logging_mixin.py:104} INFO - (array([1621240706000, 1621242506000]), 1)
[2021-05-17 11:08:26,513] {logging_mixin.py:104} INFO - (array([1621240706000, 1621242506000]), 2)
[2021-05-17 11:08:26,514] {logging_mixin.py:104} INFO - (array([1621240706000, 1621242506000]), 3)
[2021-05-17 11:08:26,514] {logging_mixin.py:104} INFO - (array([1621238906000, 1621240706000]), 1)
[2021-05-17 11:08:26,515] {logging_mixin.py:104} INFO - (array([1621238906000, 1621240706000]), 2)
[2021-05-17 11:08:26,515] {logging_mixin.py:104} INFO - (array([1621238906000, 1621240706000]), 3)
[2021-05-17 11:08:26,515] {logging_mixin.py:104} INFO - (array([1621237106000, 1621238906000]), 1)
[2021-05-17 11:08:26,516] {logging_mixin.py:104} INFO - (array([1621237106000, 1621238906000]), 2)
[2021-05-17 11:08:26,516] {logging_mixin.py:104} INFO - (array([1621237106000, 1621238906000]), 3)
[2021-05-17 11:08:26,516] {logging_mixin.py:104} INFO - (array([1621235306000, 1621237106000]), 1)
[2021-05-17 11:08:26,516] {logging_mixin.py:104} INFO - (array([1621235306000, 1621237106000]), 2)
[2021-05-17 11:08:26,517] {logging_mixin.py:104} INFO - (array([1621235306000, 1621237106000]), 3)
[2021-05-17 11:08:26,517] {logging_mixin.py:104} INFO - (array([1621233506000, 1621235306000]), 1)
[2021-05-17 11:08:26,517] {logging_mixin.py:104} INFO - (array([1621233506000, 1621235306000]), 2)
[2021-05-17 11:08:26,518] {logging_mixin.py:104} INFO - (array([1621233506000, 1621235306000]), 3)
[2021-05-17 11:08:26,518] {logging_mixin.py:104} INFO - (array([1621231706000, 1621233506000]), 1)
[2021-05-17 11:08:26,518] {logging_mixin.py:104} INFO - (array([1621231706000, 1621233506000]), 2)
[2021-05-17 11:08:26,519] {logging_mixin.py:104} INFO - (array([1621231706000, 1621233506000]), 3)
[2021-05-17 11:08:26,519] {logging_mixin.py:104} INFO - (array([1621229906000, 1621231706000]), 1)
[2021-05-17 11:08:26,519] {logging_mixin.py:104} INFO - (array([1621229906000, 1621231706000]), 2)
[2021-05-17 11:08:26,519] {logging_mixin.py:104} INFO - (array([1621229906000, 1621231706000]), 3)
[2021-05-17 11:08:26,520] {logging_mixin.py:104} INFO - (array([1621228106000, 1621229906000]), 1)
[2021-05-17 11:08:26,520] {logging_mixin.py:104} INFO - (array([1621228106000, 1621229906000]), 2)
[2021-05-17 11:08:26,520] {logging_mixin.py:104} INFO - (array([1621228106000, 1621229906000]), 3)
[2021-05-17 11:08:26,521] {logging_mixin.py:104} INFO - (array([1621226306000, 1621228106000]), 1)
[2021-05-17 11:08:26,521] {logging_mixin.py:104} INFO - (array([1621226306000, 1621228106000]), 2)
[2021-05-17 11:08:26,521] {logging_mixin.py:104} INFO - (array([1621226306000, 1621228106000]), 3)
[2021-05-17 11:08:26,521] {logging_mixin.py:104} INFO - (array([1621224506000, 1621226306000]), 1)
[2021-05-17 11:08:26,522] {logging_mixin.py:104} INFO - (array([1621224506000, 1621226306000]), 2)
[2021-05-17 11:08:26,522] {logging_mixin.py:104} INFO - (array([1621224506000, 1621226306000]), 3)
[2021-05-17 11:08:26,522] {logging_mixin.py:104} INFO - (array([1621222706000, 1621224506000]), 1)
[2021-05-17 11:08:26,523] {logging_mixin.py:104} INFO - (array([1621222706000, 1621224506000]), 2)
[2021-05-17 11:08:26,523] {logging_mixin.py:104} INFO - (array([1621222706000, 1621224506000]), 3)
[2021-05-17 11:08:26,523] {logging_mixin.py:104} INFO - (array([1621220906000, 1621222706000]), 1)
[2021-05-17 11:08:26,524] {logging_mixin.py:104} INFO - (array([1621220906000, 1621222706000]), 2)
[2021-05-17 11:08:26,524] {logging_mixin.py:104} INFO - (array([1621220906000, 1621222706000]), 3)
[2021-05-17 11:08:26,524] {logging_mixin.py:104} INFO - (array([1621219106000, 1621220906000]), 1)
[2021-05-17 11:08:26,525] {logging_mixin.py:104} INFO - (array([1621219106000, 1621220906000]), 2)
[2021-05-17 11:08:26,525] {logging_mixin.py:104} INFO - (array([1621219106000, 1621220906000]), 3)
[2021-05-17 11:08:26,525] {logging_mixin.py:104} INFO - (array([1621217306000, 1621219106000]), 1)
[2021-05-17 11:08:26,526] {logging_mixin.py:104} INFO - (array([1621217306000, 1621219106000]), 2)
[2021-05-17 11:08:26,526] {logging_mixin.py:104} INFO - (array([1621217306000, 1621219106000]), 3)
[2021-05-17 11:08:26,526] {logging_mixin.py:104} INFO - (array([1621215506000, 1621217306000]), 1)
[2021-05-17 11:08:26,527] {logging_mixin.py:104} INFO - (array([1621215506000, 1621217306000]), 2)
[2021-05-17 11:08:26,527] {logging_mixin.py:104} INFO - (array([1621215506000, 1621217306000]), 3)
[2021-05-17 11:08:26,527] {logging_mixin.py:104} INFO - (array([1621215193000, 1621215506000]), 1)
[2021-05-17 11:08:26,527] {logging_mixin.py:104} INFO - (array([1621215193000, 1621215506000]), 2)
[2021-05-17 11:08:26,528] {logging_mixin.py:104} INFO - (array([1621215193000, 1621215506000]), 3)
[2021-05-17 11:08:26,528] {logging_mixin.py:104} INFO - ThreadPoolExecutor initialized
[2021-05-17 11:08:26,528] {logging_mixin.py:104} INFO - running function for: (array([1621256906000, 1621258706000]), 1)
[2021-05-17 11:08:26,529] {logging_mixin.py:104} INFO - https://cdn.iqoption.com/api/quotes-history/quotes/3.0?to=1621258706000&from=1621256906000&active_id=1&only_round=true&_key=1614903660000
[2021-05-17 11:08:26,529] {logging_mixin.py:104} INFO - https://cdn.iqoption.com/api/quotes-history/quotes/3.0?to=1621258706000&from=1621256906000&active_id=1&only_round=true&_key=1614903660000
submitted
[2021-05-17 11:08:26,539] {logging_mixin.py:104} INFO - running function for: (array([1621256906000, 1621258706000]), 2)
[2021-05-17 11:08:26,540] {logging_mixin.py:104} INFO - https://cdn.iqoption.com/api/quotes-history/quotes/3.0?to=1621258706000&from=1621256906000&active_id=2&only_round=true&_key=1614903660000
[2021-05-17 11:08:26,540] {logging_mixin.py:104} INFO - https://cdn.iqoption.com/api/quotes-history/quotes/3.0?to=1621258706000&from=1621256906000&active_id=2&only_round=true&_key=1614903660000
submitted
[2021-05-17 11:08:26,542] {logging_mixin.py:104} INFO - running function for: (array([1621256906000, 1621258706000]), 3)
[2021-05-17 11:08:26,542] {logging_mixin.py:104} INFO - https://cdn.iqoption.com/api/quotes-history/quotes/3.0?to=1621258706000&from=1621256906000&active_id=3&only_round=true&_key=1614903660000
[2021-05-17 11:08:26,543] {logging_mixin.py:104} INFO - https://cdn.iqoption.com/api/quotes-history/quotes/3.0?to=1621258706000&from=1621256906000&active_id=3&only_round=true&_key=1614903660000
submitted
[2021-05-17 11:08:26,543] {logging_mixin.py:104} INFO - running function for: (array([1621255106000, 1621256906000]), 1)
[2021-05-17 11:08:26,545] {logging_mixin.py:104} INFO - https://cdn.iqoption.com/api/quotes-history/quotes/3.0?to=1621256906000&from=1621255106000&active_id=1&only_round=true&_key=1614903660000
[2021-05-17 11:08:26,545] {logging_mixin.py:104} INFO - submitted
[2021-05-17 11:08:26,546] {logging_mixin.py:104} INFO - running function for: (array([1621255106000, 1621256906000]), 2)
[2021-05-17 11:08:26,547] {logging_mixin.py:104} INFO - https://cdn.iqoption.com/api/quotes-history/quotes/3.0?to=1621256906000&from=1621255106000&active_id=2&only_round=true&_key=1614903660000
[2021-05-17 11:08:26,547] {logging_mixin.py:104} INFO - submitted
[2021-05-17 11:08:26,548] {logging_mixin.py:104} INFO - running function for: (array([1621255106000, 1621256906000]), 3)
[2021-05-17 11:08:26,549] {logging_mixin.py:104} INFO - https://cdn.iqoption.com/api/quotes-history/quotes/3.0?to=1621256906000&from=1621255106000&active_id=3&only_round=true&_key=1614903660000
[2021-05-17 11:08:26,550] {logging_mixin.py:104} INFO - https://cdn.iqoption.com/api/quotes-history/quotes/3.0?to=1621256906000&from=1621255106000&active_id=3&only_round=true&_key=1614903660000
submitted
[2021-05-17 11:08:26,551] {logging_mixin.py:104} INFO - running function for: (array([1621253306000, 1621255106000]), 1)
[2021-05-17 11:08:26,552] {logging_mixin.py:104} INFO - https://cdn.iqoption.com/api/quotes-history/quotes/3.0?to=1621255106000&from=1621253306000&active_id=1&only_round=true&_key=1614903660000
[2021-05-17 11:08:26,552] {logging_mixin.py:104} INFO - https://cdn.iqoption.com/api/quotes-history/quotes/3.0?to=1621255106000&from=1621253306000&active_id=1&only_round=true&_key=1614903660000
submitted
[2021-05-17 11:08:26,553] {logging_mixin.py:104} INFO - running function for: (array([1621253306000, 1621255106000]), 2)
[2021-05-17 11:08:26,554] {logging_mixin.py:104} INFO - https://cdn.iqoption.com/api/quotes-history/quotes/3.0?to=1621255106000&from=1621253306000&active_id=2&only_round=true&_key=1614903660000
[2021-05-17 11:08:26,554] {logging_mixin.py:104} INFO - https://cdn.iqoption.com/api/quotes-history/quotes/3.0?to=1621255106000&from=1621253306000&active_id=2&only_round=true&_key=1614903660000
submitted
[2021-05-17 11:08:26,555] {logging_mixin.py:104} INFO - running function for: (array([1621253306000, 1621255106000]), 3)
[2021-05-17 11:08:26,556] {logging_mixin.py:104} INFO - submitted
[2021-05-17 11:08:26,557] {logging_mixin.py:104} INFO - running function for: (array([1621251506000, 1621253306000]), 1)
[2021-05-17 11:08:26,557] {logging_mixin.py:104} INFO - submitted
[2021-05-17 11:08:26,558] {logging_mixin.py:104} INFO - running function for: (array([1621251506000, 1621253306000]), 2)
[2021-05-17 11:08:26,558] {logging_mixin.py:104} INFO - submitted
[2021-05-17 11:08:26,559] {logging_mixin.py:104} INFO - running function for: (array([1621251506000, 1621253306000]), 3)
[2021-05-17 11:08:26,559] {logging_mixin.py:104} INFO - submitted
[2021-05-17 11:08:26,559] {logging_mixin.py:104} INFO - running function for: (array([1621249706000, 1621251506000]), 1)
[2021-05-17 11:08:26,560] {logging_mixin.py:104} INFO - submitted
[2021-05-17 11:08:26,560] {logging_mixin.py:104} INFO - running function for: (array([1621249706000, 1621251506000]), 2)
[2021-05-17 11:08:26,560] {logging_mixin.py:104} INFO - submitted
[2021-05-17 11:08:26,561] {logging_mixin.py:104} INFO - running function for: (array([1621249706000, 1621251506000]), 3)
[2021-05-17 11:08:26,561] {logging_mixin.py:104} INFO - submitted
[2021-05-17 11:08:26,561] {logging_mixin.py:104} INFO - running function for: (array([1621247906000, 1621249706000]), 1)
[2021-05-17 11:08:26,561] {logging_mixin.py:104} INFO - submitted
[2021-05-17 11:08:26,562] {logging_mixin.py:104} INFO - running function for: (array([1621247906000, 1621249706000]), 2)
[2021-05-17 11:08:26,562] {logging_mixin.py:104} INFO - submitted
[2021-05-17 11:08:26,562] {logging_mixin.py:104} INFO - running function for: (array([1621247906000, 1621249706000]), 3)
[2021-05-17 11:08:26,562] {logging_mixin.py:104} INFO - submitted
[2021-05-17 11:08:26,563] {logging_mixin.py:104} INFO - running function for: (array([1621246106000, 1621247906000]), 1)
[2021-05-17 11:08:26,563] {logging_mixin.py:104} INFO - submitted
[2021-05-17 11:08:26,563] {logging_mixin.py:104} INFO - running function for: (array([1621246106000, 1621247906000]), 2)
[2021-05-17 11:08:26,563] {logging_mixin.py:104} INFO - submitted
[2021-05-17 11:08:26,564] {logging_mixin.py:104} INFO - running function for: (array([1621246106000, 1621247906000]), 3)
[2021-05-17 11:08:26,564] {logging_mixin.py:104} INFO - submitted
[2021-05-17 11:08:26,565] {logging_mixin.py:104} INFO - running function for: (array([1621244306000, 1621246106000]), 1)
[2021-05-17 11:08:26,565] {logging_mixin.py:104} INFO - submitted
[2021-05-17 11:08:26,565] {logging_mixin.py:104} INFO - running function for: (array([1621244306000, 1621246106000]), 2)
[2021-05-17 11:08:26,566] {logging_mixin.py:104} INFO - submitted
[2021-05-17 11:08:26,566] {logging_mixin.py:104} INFO - running function for: (array([1621244306000, 1621246106000]), 3)
[2021-05-17 11:08:26,566] {logging_mixin.py:104} INFO - submitted
[2021-05-17 11:08:26,567] {logging_mixin.py:104} INFO - running function for: (array([1621242506000, 1621244306000]), 1)
[2021-05-17 11:08:26,567] {logging_mixin.py:104} INFO - submitted
[2021-05-17 11:08:26,567] {logging_mixin.py:104} INFO - running function for: (array([1621242506000, 1621244306000]), 2)
[2021-05-17 11:08:26,567] {logging_mixin.py:104} INFO - submitted
[2021-05-17 11:08:26,568] {logging_mixin.py:104} INFO - running function for: (array([1621242506000, 1621244306000]), 3)
[2021-05-17 11:08:26,568] {logging_mixin.py:104} INFO - submitted
[2021-05-17 11:08:26,568] {logging_mixin.py:104} INFO - running function for: (array([1621240706000, 1621242506000]), 1)
[2021-05-17 11:08:26,568] {logging_mixin.py:104} INFO - submitted
[2021-05-17 11:08:26,568] {logging_mixin.py:104} INFO - running function for: (array([1621240706000, 1621242506000]), 2)
[2021-05-17 11:08:26,569] {logging_mixin.py:104} INFO - submitted
[2021-05-17 11:08:26,569] {logging_mixin.py:104} INFO - running function for: (array([1621240706000, 1621242506000]), 3)
[2021-05-17 11:08:26,569] {logging_mixin.py:104} INFO - submitted
[2021-05-17 11:08:26,569] {logging_mixin.py:104} INFO - running function for: (array([1621238906000, 1621240706000]), 1)
[2021-05-17 11:08:26,570] {logging_mixin.py:104} INFO - submitted
[2021-05-17 11:08:26,570] {logging_mixin.py:104} INFO - running function for: (array([1621238906000, 1621240706000]), 2)
[2021-05-17 11:08:26,570] {logging_mixin.py:104} INFO - submitted
[2021-05-17 11:08:26,570] {logging_mixin.py:104} INFO - running function for: (array([1621238906000, 1621240706000]), 3)
[2021-05-17 11:08:26,571] {logging_mixin.py:104} INFO - submitted
[2021-05-17 11:08:26,571] {logging_mixin.py:104} INFO - running function for: (array([1621237106000, 1621238906000]), 1)
[2021-05-17 11:08:26,571] {logging_mixin.py:104} INFO - submitted
[2021-05-17 11:08:26,571] {logging_mixin.py:104} INFO - running function for: (array([1621237106000, 1621238906000]), 2)
[2021-05-17 11:08:26,572] {logging_mixin.py:104} INFO - submitted
[2021-05-17 11:08:26,572] {logging_mixin.py:104} INFO - running function for: (array([1621237106000, 1621238906000]), 3)
[2021-05-17 11:08:26,572] {logging_mixin.py:104} INFO - submitted
[2021-05-17 11:08:26,573] {logging_mixin.py:104} INFO - running function for: (array([1621235306000, 1621237106000]), 1)
[2021-05-17 11:08:26,573] {logging_mixin.py:104} INFO - submitted
[2021-05-17 11:08:26,573] {logging_mixin.py:104} INFO - running function for: (array([1621235306000, 1621237106000]), 2)
[2021-05-17 11:08:26,573] {logging_mixin.py:104} INFO - submitted
[2021-05-17 11:08:26,574] {logging_mixin.py:104} INFO - running function for: (array([1621235306000, 1621237106000]), 3)
[2021-05-17 11:08:26,574] {logging_mixin.py:104} INFO - submitted
[2021-05-17 11:08:26,575] {logging_mixin.py:104} INFO - running function for: (array([1621233506000, 1621235306000]), 1)
[2021-05-17 11:08:26,575] {logging_mixin.py:104} INFO - submitted
[2021-05-17 11:08:26,575] {logging_mixin.py:104} INFO - running function for: (array([1621233506000, 1621235306000]), 2)
[2021-05-17 11:08:26,575] {logging_mixin.py:104} INFO - submitted
[2021-05-17 11:08:26,576] {logging_mixin.py:104} INFO - running function for: (array([1621233506000, 1621235306000]), 3)
[2021-05-17 11:08:26,576] {logging_mixin.py:104} INFO - submitted
[2021-05-17 11:08:26,576] {logging_mixin.py:104} INFO - running function for: (array([1621231706000, 1621233506000]), 1)
[2021-05-17 11:08:26,577] {logging_mixin.py:104} INFO - submitted
[2021-05-17 11:08:26,577] {logging_mixin.py:104} INFO - running function for: (array([1621231706000, 1621233506000]), 2)
[2021-05-17 11:08:26,577] {logging_mixin.py:104} INFO - submitted
[2021-05-17 11:08:26,579] {logging_mixin.py:104} INFO - running function for: (array([1621231706000, 1621233506000]), 3)
[2021-05-17 11:08:26,580] {logging_mixin.py:104} INFO - submitted
[2021-05-17 11:08:26,580] {logging_mixin.py:104} INFO - running function for: (array([1621229906000, 1621231706000]), 1)
[2021-05-17 11:08:26,581] {logging_mixin.py:104} INFO - submitted
[2021-05-17 11:08:26,581] {logging_mixin.py:104} INFO - running function for: (array([1621229906000, 1621231706000]), 2)
[2021-05-17 11:08:26,582] {logging_mixin.py:104} INFO - submitted
[2021-05-17 11:08:26,582] {logging_mixin.py:104} INFO - running function for: (array([1621229906000, 1621231706000]), 3)
[2021-05-17 11:08:26,582] {logging_mixin.py:104} INFO - submitted
[2021-05-17 11:08:26,583] {logging_mixin.py:104} INFO - running function for: (array([1621228106000, 1621229906000]), 1)
[2021-05-17 11:08:26,583] {logging_mixin.py:104} INFO - submitted
[2021-05-17 11:08:26,584] {logging_mixin.py:104} INFO - running function for: (array([1621228106000, 1621229906000]), 2)
[2021-05-17 11:08:26,584] {logging_mixin.py:104} INFO - submitted
[2021-05-17 11:08:26,584] {logging_mixin.py:104} INFO - running function for: (array([1621228106000, 1621229906000]), 3)
[2021-05-17 11:08:26,584] {logging_mixin.py:104} INFO - submitted
[2021-05-17 11:08:26,585] {logging_mixin.py:104} INFO - running function for: (array([1621226306000, 1621228106000]), 1)
[2021-05-17 11:08:26,585] {logging_mixin.py:104} INFO - submitted
[2021-05-17 11:08:26,585] {logging_mixin.py:104} INFO - running function for: (array([1621226306000, 1621228106000]), 2)
[2021-05-17 11:08:26,585] {logging_mixin.py:104} INFO - submitted
[2021-05-17 11:08:26,586] {logging_mixin.py:104} INFO - running function for: (array([1621226306000, 1621228106000]), 3)
[2021-05-17 11:08:26,587] {logging_mixin.py:104} INFO - submitted
[2021-05-17 11:08:26,587] {logging_mixin.py:104} INFO - running function for: (array([1621224506000, 1621226306000]), 1)
[2021-05-17 11:08:26,588] {logging_mixin.py:104} INFO - submitted
[2021-05-17 11:08:26,589] {logging_mixin.py:104} INFO - running function for: (array([1621224506000, 1621226306000]), 2)
[2021-05-17 11:08:26,589] {logging_mixin.py:104} INFO - submitted
[2021-05-17 11:08:26,589] {logging_mixin.py:104} INFO - running function for: (array([1621224506000, 1621226306000]), 3)
[2021-05-17 11:08:26,590] {logging_mixin.py:104} INFO - submitted
[2021-05-17 11:08:26,590] {logging_mixin.py:104} INFO - running function for: (array([1621222706000, 1621224506000]), 1)
[2021-05-17 11:08:26,591] {logging_mixin.py:104} INFO - submitted
[2021-05-17 11:08:26,591] {logging_mixin.py:104} INFO - running function for: (array([1621222706000, 1621224506000]), 2)
[2021-05-17 11:08:26,592] {logging_mixin.py:104} INFO - submitted
[2021-05-17 11:08:26,592] {logging_mixin.py:104} INFO - running function for: (array([1621222706000, 1621224506000]), 3)
[2021-05-17 11:08:26,592] {logging_mixin.py:104} INFO - submitted
[2021-05-17 11:08:26,593] {logging_mixin.py:104} INFO - running function for: (array([1621220906000, 1621222706000]), 1)
[2021-05-17 11:08:26,593] {logging_mixin.py:104} INFO - submitted
[2021-05-17 11:08:26,593] {logging_mixin.py:104} INFO - running function for: (array([1621220906000, 1621222706000]), 2)
[2021-05-17 11:08:26,594] {logging_mixin.py:104} INFO - submitted
[2021-05-17 11:08:26,594] {logging_mixin.py:104} INFO - running function for: (array([1621220906000, 1621222706000]), 3)
[2021-05-17 11:08:26,594] {logging_mixin.py:104} INFO - submitted
[2021-05-17 11:08:26,595] {logging_mixin.py:104} INFO - running function for: (array([1621219106000, 1621220906000]), 1)
[2021-05-17 11:08:26,595] {logging_mixin.py:104} INFO - submitted
[2021-05-17 11:08:26,595] {logging_mixin.py:104} INFO - running function for: (array([1621219106000, 1621220906000]), 2)
[2021-05-17 11:08:26,595] {logging_mixin.py:104} INFO - submitted
[2021-05-17 11:08:26,596] {logging_mixin.py:104} INFO - running function for: (array([1621219106000, 1621220906000]), 3)
[2021-05-17 11:08:26,596] {logging_mixin.py:104} INFO - submitted
[2021-05-17 11:08:26,596] {logging_mixin.py:104} INFO - running function for: (array([1621217306000, 1621219106000]), 1)
[2021-05-17 11:08:26,596] {logging_mixin.py:104} INFO - submitted
[2021-05-17 11:08:26,597] {logging_mixin.py:104} INFO - running function for: (array([1621217306000, 1621219106000]), 2)
[2021-05-17 11:08:26,597] {logging_mixin.py:104} INFO - submitted
[2021-05-17 11:08:26,597] {logging_mixin.py:104} INFO - running function for: (array([1621217306000, 1621219106000]), 3)
[2021-05-17 11:08:26,598] {logging_mixin.py:104} INFO - submitted
[2021-05-17 11:08:26,598] {logging_mixin.py:104} INFO - running function for: (array([1621215506000, 1621217306000]), 1)
[2021-05-17 11:08:26,598] {logging_mixin.py:104} INFO - submitted
[2021-05-17 11:08:26,599] {logging_mixin.py:104} INFO - running function for: (array([1621215506000, 1621217306000]), 2)
[2021-05-17 11:08:26,599] {logging_mixin.py:104} INFO - submitted
[2021-05-17 11:08:26,599] {logging_mixin.py:104} INFO - running function for: (array([1621215506000, 1621217306000]), 3)
[2021-05-17 11:08:26,599] {logging_mixin.py:104} INFO - submitted
[2021-05-17 11:08:26,600] {logging_mixin.py:104} INFO - running function for: (array([1621215193000, 1621215506000]), 1)
[2021-05-17 11:08:26,600] {logging_mixin.py:104} INFO - submitted
[2021-05-17 11:08:26,600] {logging_mixin.py:104} INFO - running function for: (array([1621215193000, 1621215506000]), 2)
[2021-05-17 11:08:26,601] {logging_mixin.py:104} INFO - submitted
[2021-05-17 11:08:26,601] {logging_mixin.py:104} INFO - running function for: (array([1621215193000, 1621215506000]), 3)
[2021-05-17 11:08:26,601] {logging_mixin.py:104} INFO - submitted
[2021-05-17 11:08:30,384] {logging_mixin.py:104} INFO - https://cdn.iqoption.com/api/quotes-history/quotes/3.0?to=1621255106000&from=1621253306000&active_id=3&only_round=true&_key=1614903660000
[2021-05-17 11:08:30,409] {logging_mixin.py:104} INFO - https://cdn.iqoption.com/api/quotes-history/quotes/3.0?to=1621253306000&from=1621251506000&active_id=1&only_round=true&_key=1614903660000
[2021-05-17 11:08:30,411] {logging_mixin.py:104} INFO - https://cdn.iqoption.com/api/quotes-history/quotes/3.0?to=1621253306000&from=1621251506000&active_id=2&only_round=true&_key=1614903660000
[2021-05-17 11:08:30,485] {logging_mixin.py:104} INFO - https://cdn.iqoption.com/api/quotes-history/quotes/3.0?to=1621253306000&from=1621251506000&active_id=3&only_round=true&_key=1614903660000
[2021-05-17 11:08:30,503] {logging_mixin.py:104} INFO - https://cdn.iqoption.com/api/quotes-history/quotes/3.0?to=1621251506000&from=1621249706000&active_id=1&only_round=true&_key=1614903660000
[2021-05-17 11:08:30,505] {logging_mixin.py:104} INFO - https://cdn.iqoption.com/api/quotes-history/quotes/3.0?to=1621251506000&from=1621249706000&active_id=2&only_round=true&_key=1614903660000
[2021-05-17 11:08:30,512] {logging_mixin.py:104} INFO - https://cdn.iqoption.com/api/quotes-history/quotes/3.0?to=1621251506000&from=1621249706000&active_id=3&only_round=true&_key=1614903660000
[2021-05-17 11:08:30,520] {logging_mixin.py:104} INFO - https://cdn.iqoption.com/api/quotes-history/quotes/3.0?to=1621249706000&from=1621247906000&active_id=1&only_round=true&_key=1614903660000
[2021-05-17 11:08:32,590] {logging_mixin.py:104} INFO - https://cdn.iqoption.com/api/quotes-history/quotes/3.0?to=1621249706000&from=1621247906000&active_id=2&only_round=true&_key=1614903660000
[2021-05-17 11:08:32,615] {logging_mixin.py:104} INFO - https://cdn.iqoption.com/api/quotes-history/quotes/3.0?to=1621249706000&from=1621247906000&active_id=3&only_round=true&_key=1614903660000
[2021-05-17 11:08:32,736] {logging_mixin.py:104} INFO - https://cdn.iqoption.com/api/quotes-history/quotes/3.0?to=1621247906000&from=1621246106000&active_id=1&only_round=true&_key=1614903660000
[2021-05-17 11:08:32,744] {logging_mixin.py:104} INFO - https://cdn.iqoption.com/api/quotes-history/quotes/3.0?to=1621247906000&from=1621246106000&active_id=2&only_round=true&_key=1614903660000
[2021-05-17 11:08:32,754] {logging_mixin.py:104} INFO - https://cdn.iqoption.com/api/quotes-history/quotes/3.0?to=1621247906000&from=1621246106000&active_id=3&only_round=true&_key=1614903660000
[2021-05-17 11:08:32,790] {logging_mixin.py:104} INFO - https://cdn.iqoption.com/api/quotes-history/quotes/3.0?to=1621246106000&from=1621244306000&active_id=1&only_round=true&_key=1614903660000
[2021-05-17 11:08:32,812] {logging_mixin.py:104} INFO - https://cdn.iqoption.com/api/quotes-history/quotes/3.0?to=1621246106000&from=1621244306000&active_id=2&only_round=true&_key=1614903660000
[2021-05-17 11:08:32,819] {logging_mixin.py:104} INFO - https://cdn.iqoption.com/api/quotes-history/quotes/3.0?to=1621246106000&from=1621244306000&active_id=3&only_round=true&_key=1614903660000
[2021-05-17 11:08:34,431] {logging_mixin.py:104} INFO - https://cdn.iqoption.com/api/quotes-history/quotes/3.0?to=1621244306000&from=1621242506000&active_id=1&only_round=true&_key=1614903660000
[2021-05-17 11:08:34,471] {logging_mixin.py:104} INFO - https://cdn.iqoption.com/api/quotes-history/quotes/3.0?to=1621244306000&from=1621242506000&active_id=2&only_round=true&_key=1614903660000
[2021-05-17 11:08:34,604] {logging_mixin.py:104} INFO - https://cdn.iqoption.com/api/quotes-history/quotes/3.0?to=1621244306000&from=1621242506000&active_id=3&only_round=true&_key=1614903660000
[2021-05-17 11:08:34,630] {logging_mixin.py:104} INFO - https://cdn.iqoption.com/api/quotes-history/quotes/3.0?to=1621242506000&from=1621240706000&active_id=1&only_round=true&_key=1614903660000
[2021-05-17 11:08:34,646] {logging_mixin.py:104} INFO - https://cdn.iqoption.com/api/quotes-history/quotes/3.0?to=1621242506000&from=1621240706000&active_id=2&only_round=true&_key=1614903660000
[2021-05-17 11:08:34,648] {logging_mixin.py:104} INFO - https://cdn.iqoption.com/api/quotes-history/quotes/3.0?to=1621242506000&from=1621240706000&active_id=3&only_round=true&_key=1614903660000
[2021-05-17 11:08:34,689] {logging_mixin.py:104} INFO - https://cdn.iqoption.com/api/quotes-history/quotes/3.0?to=1621240706000&from=1621238906000&active_id=1&only_round=true&_key=1614903660000
[2021-05-17 11:08:34,739] {logging_mixin.py:104} INFO - https://cdn.iqoption.com/api/quotes-history/quotes/3.0?to=1621240706000&from=1621238906000&active_id=2&only_round=true&_key=1614903660000
[2021-05-17 11:08:36,176] {logging_mixin.py:104} INFO - https://cdn.iqoption.com/api/quotes-history/quotes/3.0?to=1621240706000&from=1621238906000&active_id=3&only_round=true&_key=1614903660000
[2021-05-17 11:08:36,222] {logging_mixin.py:104} INFO - https://cdn.iqoption.com/api/quotes-history/quotes/3.0?to=1621238906000&from=1621237106000&active_id=1&only_round=true&_key=1614903660000
[2021-05-17 11:08:36,260] {logging_mixin.py:104} INFO - https://cdn.iqoption.com/api/quotes-history/quotes/3.0?to=1621238906000&from=1621237106000&active_id=2&only_round=true&_key=1614903660000
[2021-05-17 11:08:36,313] {logging_mixin.py:104} INFO - https://cdn.iqoption.com/api/quotes-history/quotes/3.0?to=1621238906000&from=1621237106000&active_id=3&only_round=true&_key=1614903660000
[2021-05-17 11:08:36,378] {logging_mixin.py:104} INFO - https://cdn.iqoption.com/api/quotes-history/quotes/3.0?to=1621237106000&from=1621235306000&active_id=1&only_round=true&_key=1614903660000
[2021-05-17 11:08:36,389] {logging_mixin.py:104} INFO - https://cdn.iqoption.com/api/quotes-history/quotes/3.0?to=1621237106000&from=1621235306000&active_id=2&only_round=true&_key=1614903660000
[2021-05-17 11:08:36,408] {logging_mixin.py:104} INFO - https://cdn.iqoption.com/api/quotes-history/quotes/3.0?to=1621237106000&from=1621235306000&active_id=3&only_round=true&_key=1614903660000
[2021-05-17 11:08:36,428] {logging_mixin.py:104} INFO - https://cdn.iqoption.com/api/quotes-history/quotes/3.0?to=1621235306000&from=1621233506000&active_id=1&only_round=true&_key=1614903660000
[2021-05-17 11:08:37,808] {logging_mixin.py:104} INFO - https://cdn.iqoption.com/api/quotes-history/quotes/3.0?to=1621235306000&from=1621233506000&active_id=2&only_round=true&_key=1614903660000
[2021-05-17 11:08:37,818] {logging_mixin.py:104} INFO - https://cdn.iqoption.com/api/quotes-history/quotes/3.0?to=1621235306000&from=1621233506000&active_id=3&only_round=true&_key=1614903660000
[2021-05-17 11:08:37,867] {logging_mixin.py:104} INFO - https://cdn.iqoption.com/api/quotes-history/quotes/3.0?to=1621233506000&from=1621231706000&active_id=1&only_round=true&_key=1614903660000
[2021-05-17 11:08:38,041] {logging_mixin.py:104} INFO - https://cdn.iqoption.com/api/quotes-history/quotes/3.0?to=1621233506000&from=1621231706000&active_id=2&only_round=true&_key=1614903660000
[2021-05-17 11:08:38,065] {logging_mixin.py:104} INFO - https://cdn.iqoption.com/api/quotes-history/quotes/3.0?to=1621233506000&from=1621231706000&active_id=3&only_round=true&_key=1614903660000
[2021-05-17 11:08:38,131] {logging_mixin.py:104} INFO - https://cdn.iqoption.com/api/quotes-history/quotes/3.0?to=1621231706000&from=1621229906000&active_id=1&only_round=true&_key=1614903660000
[2021-05-17 11:08:38,192] {logging_mixin.py:104} INFO - https://cdn.iqoption.com/api/quotes-history/quotes/3.0?to=1621231706000&from=1621229906000&active_id=2&only_round=true&_key=1614903660000
[2021-05-17 11:08:38,216] {logging_mixin.py:104} INFO - https://cdn.iqoption.com/api/quotes-history/quotes/3.0?to=1621231706000&from=1621229906000&active_id=3&only_round=true&_key=1614903660000
[2021-05-17 11:08:39,410] {logging_mixin.py:104} INFO - https://cdn.iqoption.com/api/quotes-history/quotes/3.0?to=1621229906000&from=1621228106000&active_id=1&only_round=true&_key=1614903660000
[2021-05-17 11:08:39,430] {logging_mixin.py:104} INFO - https://cdn.iqoption.com/api/quotes-history/quotes/3.0?to=1621229906000&from=1621228106000&active_id=2&only_round=true&_key=1614903660000
[2021-05-17 11:08:39,503] {logging_mixin.py:104} INFO - https://cdn.iqoption.com/api/quotes-history/quotes/3.0?to=1621229906000&from=1621228106000&active_id=3&only_round=true&_key=1614903660000
[2021-05-17 11:08:39,577] {logging_mixin.py:104} INFO - https://cdn.iqoption.com/api/quotes-history/quotes/3.0?to=1621228106000&from=1621226306000&active_id=1&only_round=true&_key=1614903660000
[2021-05-17 11:08:39,593] {logging_mixin.py:104} INFO - https://cdn.iqoption.com/api/quotes-history/quotes/3.0?to=1621228106000&from=1621226306000&active_id=2&only_round=true&_key=1614903660000
[2021-05-17 11:08:39,660] {logging_mixin.py:104} INFO - https://cdn.iqoption.com/api/quotes-history/quotes/3.0?to=1621228106000&from=1621226306000&active_id=3&only_round=true&_key=1614903660000
[2021-05-17 11:08:39,746] {logging_mixin.py:104} INFO - https://cdn.iqoption.com/api/quotes-history/quotes/3.0?to=1621226306000&from=1621224506000&active_id=1&only_round=true&_key=1614903660000
[2021-05-17 11:08:39,869] {logging_mixin.py:104} INFO - https://cdn.iqoption.com/api/quotes-history/quotes/3.0?to=1621226306000&from=1621224506000&active_id=2&only_round=true&_key=1614903660000
[2021-05-17 11:08:40,955] {logging_mixin.py:104} INFO - https://cdn.iqoption.com/api/quotes-history/quotes/3.0?to=1621226306000&from=1621224506000&active_id=3&only_round=true&_key=1614903660000
[2021-05-17 11:08:41,072] {logging_mixin.py:104} INFO - https://cdn.iqoption.com/api/quotes-history/quotes/3.0?to=1621224506000&from=1621222706000&active_id=1&only_round=true&_key=1614903660000
[2021-05-17 11:08:41,075] {logging_mixin.py:104} INFO - https://cdn.iqoption.com/api/quotes-history/quotes/3.0?to=1621224506000&from=1621222706000&active_id=2&only_round=true&_key=1614903660000
[2021-05-17 11:08:41,118] {logging_mixin.py:104} INFO - https://cdn.iqoption.com/api/quotes-history/quotes/3.0?to=1621224506000&from=1621222706000&active_id=3&only_round=true&_key=1614903660000
[2021-05-17 11:08:41,221] {logging_mixin.py:104} INFO - https://cdn.iqoption.com/api/quotes-history/quotes/3.0?to=1621222706000&from=1621220906000&active_id=1&only_round=true&_key=1614903660000
[2021-05-17 11:08:41,266] {logging_mixin.py:104} INFO - https://cdn.iqoption.com/api/quotes-history/quotes/3.0?to=1621222706000&from=1621220906000&active_id=2&only_round=true&_key=1614903660000
[2021-05-17 11:08:41,452] {logging_mixin.py:104} INFO - https://cdn.iqoption.com/api/quotes-history/quotes/3.0?to=1621222706000&from=1621220906000&active_id=3&only_round=true&_key=1614903660000
[2021-05-17 11:08:41,679] {logging_mixin.py:104} INFO - https://cdn.iqoption.com/api/quotes-history/quotes/3.0?to=1621220906000&from=1621219106000&active_id=1&only_round=true&_key=1614903660000
[2021-05-17 11:08:42,465] {logging_mixin.py:104} INFO - https://cdn.iqoption.com/api/quotes-history/quotes/3.0?to=1621220906000&from=1621219106000&active_id=2&only_round=true&_key=1614903660000
[2021-05-17 11:08:42,647] {logging_mixin.py:104} INFO - https://cdn.iqoption.com/api/quotes-history/quotes/3.0?to=1621220906000&from=1621219106000&active_id=3&only_round=true&_key=1614903660000
[2021-05-17 11:08:42,698] {logging_mixin.py:104} INFO - https://cdn.iqoption.com/api/quotes-history/quotes/3.0?to=1621219106000&from=1621217306000&active_id=1&only_round=true&_key=1614903660000
[2021-05-17 11:08:42,711] {logging_mixin.py:104} INFO - https://cdn.iqoption.com/api/quotes-history/quotes/3.0?to=1621219106000&from=1621217306000&active_id=2&only_round=true&_key=1614903660000
[2021-05-17 11:08:42,843] {logging_mixin.py:104} INFO - https://cdn.iqoption.com/api/quotes-history/quotes/3.0?to=1621219106000&from=1621217306000&active_id=3&only_round=true&_key=1614903660000
[2021-05-17 11:08:42,885] {logging_mixin.py:104} INFO - https://cdn.iqoption.com/api/quotes-history/quotes/3.0?to=1621217306000&from=1621215506000&active_id=1&only_round=true&_key=1614903660000
[2021-05-17 11:08:43,007] {logging_mixin.py:104} INFO - https://cdn.iqoption.com/api/quotes-history/quotes/3.0?to=1621217306000&from=1621215506000&active_id=2&only_round=true&_key=1614903660000
[2021-05-17 11:08:43,222] {logging_mixin.py:104} INFO - https://cdn.iqoption.com/api/quotes-history/quotes/3.0?to=1621217306000&from=1621215506000&active_id=3&only_round=true&_key=1614903660000
[2021-05-17 11:08:44,043] {logging_mixin.py:104} INFO - https://cdn.iqoption.com/api/quotes-history/quotes/3.0?to=1621215506000&from=1621215193000&active_id=1&only_round=true&_key=1614903660000
[2021-05-17 11:08:44,236] {logging_mixin.py:104} INFO - https://cdn.iqoption.com/api/quotes-history/quotes/3.0?to=1621215506000&from=1621215193000&active_id=2&only_round=true&_key=1614903660000
[2021-05-17 11:08:44,257] {logging_mixin.py:104} INFO - https://cdn.iqoption.com/api/quotes-history/quotes/3.0?to=1621215506000&from=1621215193000&active_id=3&only_round=true&_key=1614903660000
[2021-05-17 11:08:45,632] {python.py:118} INFO - Done. Returned value was: None
[2021-05-17 11:08:45,635] {taskinstance.py:1192} INFO - Marking task as SUCCESS. dag_id=etl, task_id=loading_data_to_s3, execution_date=20210517T110000, start_date=20210517T140825, end_date=20210517T140845
[2021-05-17 11:08:45,675] {taskinstance.py:1246} INFO - 1 downstream tasks scheduled from follow-on schedule check
[2021-05-17 11:08:45,715] {local_task_job.py:146} INFO - Task exited with return code 0
