[2021-05-17 11:07:53,494] {taskinstance.py:877} INFO - Dependencies all met for <TaskInstance: etl.loading_data_to_s3 2021-05-17T10:00:00+00:00 [queued]>
[2021-05-17 11:07:53,500] {taskinstance.py:877} INFO - Dependencies all met for <TaskInstance: etl.loading_data_to_s3 2021-05-17T10:00:00+00:00 [queued]>
[2021-05-17 11:07:53,500] {taskinstance.py:1068} INFO - 
--------------------------------------------------------------------------------
[2021-05-17 11:07:53,500] {taskinstance.py:1069} INFO - Starting attempt 1 of 1
[2021-05-17 11:07:53,501] {taskinstance.py:1070} INFO - 
--------------------------------------------------------------------------------
[2021-05-17 11:07:53,507] {taskinstance.py:1089} INFO - Executing <Task(PythonOperator): loading_data_to_s3> on 2021-05-17T10:00:00+00:00
[2021-05-17 11:07:53,515] {standard_task_runner.py:52} INFO - Started process 35412 to run task
[2021-05-17 11:07:53,522] {standard_task_runner.py:76} INFO - Running: ['airflow', 'tasks', 'run', 'etl', 'loading_data_to_s3', '2021-05-17T10:00:00+00:00', '--job-id', '919', '--pool', 'default_pool', '--raw', '--subdir', 'DAGS_FOLDER/etl_dag.py', '--cfg-path', '/var/folders/_f/vg3x3jmj23bcz6s88l7v6fb40000gn/T/tmpya44kvab', '--error-file', '/var/folders/_f/vg3x3jmj23bcz6s88l7v6fb40000gn/T/tmpuswnko6c']
[2021-05-17 11:07:53,528] {standard_task_runner.py:77} INFO - Job 919: Subtask loading_data_to_s3
[2021-05-17 11:07:53,630] {logging_mixin.py:104} INFO - Running <TaskInstance: etl.loading_data_to_s3 2021-05-17T10:00:00+00:00 [running]> on host 27.2.168.192.in-addr.arpa
[2021-05-17 11:07:53,656] {taskinstance.py:1283} INFO - Exporting the following env vars:
AIRFLOW_CTX_DAG_OWNER=udacity
AIRFLOW_CTX_DAG_ID=etl
AIRFLOW_CTX_TASK_ID=loading_data_to_s3
AIRFLOW_CTX_EXECUTION_DATE=2021-05-17T10:00:00+00:00
AIRFLOW_CTX_DAG_RUN_ID=scheduled__2021-05-17T10:00:00+00:00
[2021-05-17 11:07:54,942] {logging_mixin.py:104} INFO - Fetching interval list
[2021-05-17 11:07:54,944] {logging_mixin.py:104} INFO - Inverval list built
[2021-05-17 11:07:54,945] {logging_mixin.py:104} INFO - Processing data
[2021-05-17 11:07:54,946] {logging_mixin.py:104} INFO - df initialized
[2021-05-17 11:07:54,947] {logging_mixin.py:104} INFO - (array([1621256874000, 1621258674000]), 1)
[2021-05-17 11:07:54,948] {logging_mixin.py:104} INFO - (array([1621256874000, 1621258674000]), 2)
[2021-05-17 11:07:54,948] {logging_mixin.py:104} INFO - (array([1621256874000, 1621258674000]), 3)
[2021-05-17 11:07:54,949] {logging_mixin.py:104} INFO - (array([1621255074000, 1621256874000]), 1)
[2021-05-17 11:07:54,950] {logging_mixin.py:104} INFO - (array([1621255074000, 1621256874000]), 2)
[2021-05-17 11:07:54,950] {logging_mixin.py:104} INFO - (array([1621255074000, 1621256874000]), 3)
[2021-05-17 11:07:54,951] {logging_mixin.py:104} INFO - (array([1621253274000, 1621255074000]), 1)
[2021-05-17 11:07:54,951] {logging_mixin.py:104} INFO - (array([1621253274000, 1621255074000]), 2)
[2021-05-17 11:07:54,951] {logging_mixin.py:104} INFO - (array([1621253274000, 1621255074000]), 3)
[2021-05-17 11:07:54,952] {logging_mixin.py:104} INFO - (array([1621251474000, 1621253274000]), 1)
[2021-05-17 11:07:54,952] {logging_mixin.py:104} INFO - (array([1621251474000, 1621253274000]), 2)
[2021-05-17 11:07:54,953] {logging_mixin.py:104} INFO - (array([1621251474000, 1621253274000]), 3)
[2021-05-17 11:07:54,953] {logging_mixin.py:104} INFO - (array([1621249674000, 1621251474000]), 1)
[2021-05-17 11:07:54,954] {logging_mixin.py:104} INFO - (array([1621249674000, 1621251474000]), 2)
[2021-05-17 11:07:54,954] {logging_mixin.py:104} INFO - (array([1621249674000, 1621251474000]), 3)
[2021-05-17 11:07:54,955] {logging_mixin.py:104} INFO - (array([1621247874000, 1621249674000]), 1)
[2021-05-17 11:07:54,955] {logging_mixin.py:104} INFO - (array([1621247874000, 1621249674000]), 2)
[2021-05-17 11:07:54,955] {logging_mixin.py:104} INFO - (array([1621247874000, 1621249674000]), 3)
[2021-05-17 11:07:54,956] {logging_mixin.py:104} INFO - (array([1621246074000, 1621247874000]), 1)
[2021-05-17 11:07:54,956] {logging_mixin.py:104} INFO - (array([1621246074000, 1621247874000]), 2)
[2021-05-17 11:07:54,957] {logging_mixin.py:104} INFO - (array([1621246074000, 1621247874000]), 3)
[2021-05-17 11:07:54,957] {logging_mixin.py:104} INFO - (array([1621244274000, 1621246074000]), 1)
[2021-05-17 11:07:54,957] {logging_mixin.py:104} INFO - (array([1621244274000, 1621246074000]), 2)
[2021-05-17 11:07:54,958] {logging_mixin.py:104} INFO - (array([1621244274000, 1621246074000]), 3)
[2021-05-17 11:07:54,958] {logging_mixin.py:104} INFO - (array([1621242474000, 1621244274000]), 1)
[2021-05-17 11:07:54,958] {logging_mixin.py:104} INFO - (array([1621242474000, 1621244274000]), 2)
[2021-05-17 11:07:54,959] {logging_mixin.py:104} INFO - (array([1621242474000, 1621244274000]), 3)
[2021-05-17 11:07:54,959] {logging_mixin.py:104} INFO - (array([1621240674000, 1621242474000]), 1)
[2021-05-17 11:07:54,959] {logging_mixin.py:104} INFO - (array([1621240674000, 1621242474000]), 2)
[2021-05-17 11:07:54,960] {logging_mixin.py:104} INFO - (array([1621240674000, 1621242474000]), 3)
[2021-05-17 11:07:54,960] {logging_mixin.py:104} INFO - (array([1621238874000, 1621240674000]), 1)
[2021-05-17 11:07:54,960] {logging_mixin.py:104} INFO - (array([1621238874000, 1621240674000]), 2)
[2021-05-17 11:07:54,961] {logging_mixin.py:104} INFO - (array([1621238874000, 1621240674000]), 3)
[2021-05-17 11:07:54,961] {logging_mixin.py:104} INFO - (array([1621237074000, 1621238874000]), 1)
[2021-05-17 11:07:54,961] {logging_mixin.py:104} INFO - (array([1621237074000, 1621238874000]), 2)
[2021-05-17 11:07:54,962] {logging_mixin.py:104} INFO - (array([1621237074000, 1621238874000]), 3)
[2021-05-17 11:07:54,962] {logging_mixin.py:104} INFO - (array([1621235274000, 1621237074000]), 1)
[2021-05-17 11:07:54,962] {logging_mixin.py:104} INFO - (array([1621235274000, 1621237074000]), 2)
[2021-05-17 11:07:54,962] {logging_mixin.py:104} INFO - (array([1621235274000, 1621237074000]), 3)
[2021-05-17 11:07:54,963] {logging_mixin.py:104} INFO - (array([1621233474000, 1621235274000]), 1)
[2021-05-17 11:07:54,963] {logging_mixin.py:104} INFO - (array([1621233474000, 1621235274000]), 2)
[2021-05-17 11:07:54,963] {logging_mixin.py:104} INFO - (array([1621233474000, 1621235274000]), 3)
[2021-05-17 11:07:54,964] {logging_mixin.py:104} INFO - (array([1621231674000, 1621233474000]), 1)
[2021-05-17 11:07:54,964] {logging_mixin.py:104} INFO - (array([1621231674000, 1621233474000]), 2)
[2021-05-17 11:07:54,964] {logging_mixin.py:104} INFO - (array([1621231674000, 1621233474000]), 3)
[2021-05-17 11:07:54,965] {logging_mixin.py:104} INFO - (array([1621229874000, 1621231674000]), 1)
[2021-05-17 11:07:54,965] {logging_mixin.py:104} INFO - (array([1621229874000, 1621231674000]), 2)
[2021-05-17 11:07:54,965] {logging_mixin.py:104} INFO - (array([1621229874000, 1621231674000]), 3)
[2021-05-17 11:07:54,966] {logging_mixin.py:104} INFO - (array([1621228074000, 1621229874000]), 1)
[2021-05-17 11:07:54,966] {logging_mixin.py:104} INFO - (array([1621228074000, 1621229874000]), 2)
[2021-05-17 11:07:54,966] {logging_mixin.py:104} INFO - (array([1621228074000, 1621229874000]), 3)
[2021-05-17 11:07:54,966] {logging_mixin.py:104} INFO - (array([1621226274000, 1621228074000]), 1)
[2021-05-17 11:07:54,967] {logging_mixin.py:104} INFO - (array([1621226274000, 1621228074000]), 2)
[2021-05-17 11:07:54,967] {logging_mixin.py:104} INFO - (array([1621226274000, 1621228074000]), 3)
[2021-05-17 11:07:54,967] {logging_mixin.py:104} INFO - (array([1621224474000, 1621226274000]), 1)
[2021-05-17 11:07:54,967] {logging_mixin.py:104} INFO - (array([1621224474000, 1621226274000]), 2)
[2021-05-17 11:07:54,968] {logging_mixin.py:104} INFO - (array([1621224474000, 1621226274000]), 3)
[2021-05-17 11:07:54,968] {logging_mixin.py:104} INFO - (array([1621222674000, 1621224474000]), 1)
[2021-05-17 11:07:54,968] {logging_mixin.py:104} INFO - (array([1621222674000, 1621224474000]), 2)
[2021-05-17 11:07:54,969] {logging_mixin.py:104} INFO - (array([1621222674000, 1621224474000]), 3)
[2021-05-17 11:07:54,969] {logging_mixin.py:104} INFO - (array([1621220874000, 1621222674000]), 1)
[2021-05-17 11:07:54,969] {logging_mixin.py:104} INFO - (array([1621220874000, 1621222674000]), 2)
[2021-05-17 11:07:54,969] {logging_mixin.py:104} INFO - (array([1621220874000, 1621222674000]), 3)
[2021-05-17 11:07:54,970] {logging_mixin.py:104} INFO - (array([1621219074000, 1621220874000]), 1)
[2021-05-17 11:07:54,970] {logging_mixin.py:104} INFO - (array([1621219074000, 1621220874000]), 2)
[2021-05-17 11:07:54,970] {logging_mixin.py:104} INFO - (array([1621219074000, 1621220874000]), 3)
[2021-05-17 11:07:54,970] {logging_mixin.py:104} INFO - (array([1621217274000, 1621219074000]), 1)
[2021-05-17 11:07:54,971] {logging_mixin.py:104} INFO - (array([1621217274000, 1621219074000]), 2)
[2021-05-17 11:07:54,971] {logging_mixin.py:104} INFO - (array([1621217274000, 1621219074000]), 3)
[2021-05-17 11:07:54,971] {logging_mixin.py:104} INFO - (array([1621215474000, 1621217274000]), 1)
[2021-05-17 11:07:54,972] {logging_mixin.py:104} INFO - (array([1621215474000, 1621217274000]), 2)
[2021-05-17 11:07:54,972] {logging_mixin.py:104} INFO - (array([1621215474000, 1621217274000]), 3)
[2021-05-17 11:07:54,972] {logging_mixin.py:104} INFO - (array([1621215193000, 1621215474000]), 1)
[2021-05-17 11:07:54,972] {logging_mixin.py:104} INFO - (array([1621215193000, 1621215474000]), 2)
[2021-05-17 11:07:54,973] {logging_mixin.py:104} INFO - (array([1621215193000, 1621215474000]), 3)
[2021-05-17 11:07:54,973] {logging_mixin.py:104} INFO - ThreadPoolExecutor initialized
[2021-05-17 11:07:54,973] {logging_mixin.py:104} INFO - running function for: (array([1621256874000, 1621258674000]), 1)
[2021-05-17 11:07:54,974] {logging_mixin.py:104} INFO - https://cdn.iqoption.com/api/quotes-history/quotes/3.0?to=1621258674000&from=1621256874000&active_id=1&only_round=true&_key=1614903660000
[2021-05-17 11:07:54,975] {logging_mixin.py:104} INFO - submitted
[2021-05-17 11:07:54,975] {logging_mixin.py:104} INFO - running function for: (array([1621256874000, 1621258674000]), 2)
[2021-05-17 11:07:54,975] {logging_mixin.py:104} INFO - https://cdn.iqoption.com/api/quotes-history/quotes/3.0?to=1621258674000&from=1621256874000&active_id=2&only_round=true&_key=1614903660000
[2021-05-17 11:07:54,976] {logging_mixin.py:104} INFO - submitted
[2021-05-17 11:07:54,976] {logging_mixin.py:104} INFO - running function for: (array([1621256874000, 1621258674000]), 3)
[2021-05-17 11:07:54,977] {logging_mixin.py:104} INFO - https://cdn.iqoption.com/api/quotes-history/quotes/3.0?to=1621258674000&from=1621256874000&active_id=3&only_round=true&_key=1614903660000
[2021-05-17 11:07:54,977] {logging_mixin.py:104} INFO - submitted
[2021-05-17 11:07:54,978] {logging_mixin.py:104} INFO - running function for: (array([1621255074000, 1621256874000]), 1)
[2021-05-17 11:07:54,978] {logging_mixin.py:104} INFO - https://cdn.iqoption.com/api/quotes-history/quotes/3.0?to=1621256874000&from=1621255074000&active_id=1&only_round=true&_key=1614903660000
[2021-05-17 11:07:54,980] {logging_mixin.py:104} INFO - https://cdn.iqoption.com/api/quotes-history/quotes/3.0?to=1621256874000&from=1621255074000&active_id=1&only_round=true&_key=1614903660000
submitted
[2021-05-17 11:07:54,981] {logging_mixin.py:104} INFO - running function for: (array([1621255074000, 1621256874000]), 2)
[2021-05-17 11:07:54,981] {logging_mixin.py:104} INFO - https://cdn.iqoption.com/api/quotes-history/quotes/3.0?to=1621256874000&from=1621255074000&active_id=2&only_round=true&_key=1614903660000
[2021-05-17 11:07:54,983] {logging_mixin.py:104} INFO - https://cdn.iqoption.com/api/quotes-history/quotes/3.0?to=1621256874000&from=1621255074000&active_id=2&only_round=true&_key=1614903660000
submitted
[2021-05-17 11:07:54,985] {logging_mixin.py:104} INFO - running function for: (array([1621255074000, 1621256874000]), 3)
[2021-05-17 11:07:54,987] {logging_mixin.py:104} INFO - https://cdn.iqoption.com/api/quotes-history/quotes/3.0?to=1621256874000&from=1621255074000&active_id=3&only_round=true&_key=1614903660000
[2021-05-17 11:07:54,988] {logging_mixin.py:104} INFO - https://cdn.iqoption.com/api/quotes-history/quotes/3.0?to=1621256874000&from=1621255074000&active_id=3&only_round=true&_key=1614903660000
submitted
[2021-05-17 11:07:54,990] {logging_mixin.py:104} INFO - running function for: (array([1621253274000, 1621255074000]), 1)
[2021-05-17 11:07:54,991] {logging_mixin.py:104} INFO - https://cdn.iqoption.com/api/quotes-history/quotes/3.0?to=1621255074000&from=1621253274000&active_id=1&only_round=true&_key=1614903660000
[2021-05-17 11:07:54,992] {logging_mixin.py:104} INFO - https://cdn.iqoption.com/api/quotes-history/quotes/3.0?to=1621255074000&from=1621253274000&active_id=1&only_round=true&_key=1614903660000
submitted
[2021-05-17 11:07:54,993] {logging_mixin.py:104} INFO - running function for: (array([1621253274000, 1621255074000]), 2)
[2021-05-17 11:07:54,994] {logging_mixin.py:104} INFO - https://cdn.iqoption.com/api/quotes-history/quotes/3.0?to=1621255074000&from=1621253274000&active_id=2&only_round=true&_key=1614903660000
[2021-05-17 11:07:54,994] {logging_mixin.py:104} INFO - https://cdn.iqoption.com/api/quotes-history/quotes/3.0?to=1621255074000&from=1621253274000&active_id=2&only_round=true&_key=1614903660000
submitted
[2021-05-17 11:07:54,995] {logging_mixin.py:104} INFO - running function for: (array([1621253274000, 1621255074000]), 3)
[2021-05-17 11:07:54,996] {logging_mixin.py:104} INFO - submitted
[2021-05-17 11:07:54,997] {logging_mixin.py:104} INFO - running function for: (array([1621251474000, 1621253274000]), 1)
[2021-05-17 11:07:54,997] {logging_mixin.py:104} INFO - submitted
[2021-05-17 11:07:54,997] {logging_mixin.py:104} INFO - running function for: (array([1621251474000, 1621253274000]), 2)
[2021-05-17 11:07:54,998] {logging_mixin.py:104} INFO - submitted
[2021-05-17 11:07:54,999] {logging_mixin.py:104} INFO - running function for: (array([1621251474000, 1621253274000]), 3)
[2021-05-17 11:07:54,999] {logging_mixin.py:104} INFO - submitted
[2021-05-17 11:07:54,999] {logging_mixin.py:104} INFO - running function for: (array([1621249674000, 1621251474000]), 1)
[2021-05-17 11:07:55,000] {logging_mixin.py:104} INFO - submitted
[2021-05-17 11:07:55,000] {logging_mixin.py:104} INFO - running function for: (array([1621249674000, 1621251474000]), 2)
[2021-05-17 11:07:55,000] {logging_mixin.py:104} INFO - submitted
[2021-05-17 11:07:55,001] {logging_mixin.py:104} INFO - running function for: (array([1621249674000, 1621251474000]), 3)
[2021-05-17 11:07:55,001] {logging_mixin.py:104} INFO - submitted
[2021-05-17 11:07:55,001] {logging_mixin.py:104} INFO - running function for: (array([1621247874000, 1621249674000]), 1)
[2021-05-17 11:07:55,001] {logging_mixin.py:104} INFO - submitted
[2021-05-17 11:07:55,002] {logging_mixin.py:104} INFO - running function for: (array([1621247874000, 1621249674000]), 2)
[2021-05-17 11:07:55,002] {logging_mixin.py:104} INFO - submitted
[2021-05-17 11:07:55,002] {logging_mixin.py:104} INFO - running function for: (array([1621247874000, 1621249674000]), 3)
[2021-05-17 11:07:55,002] {logging_mixin.py:104} INFO - submitted
[2021-05-17 11:07:55,003] {logging_mixin.py:104} INFO - running function for: (array([1621246074000, 1621247874000]), 1)
[2021-05-17 11:07:55,003] {logging_mixin.py:104} INFO - submitted
[2021-05-17 11:07:55,003] {logging_mixin.py:104} INFO - running function for: (array([1621246074000, 1621247874000]), 2)
[2021-05-17 11:07:55,003] {logging_mixin.py:104} INFO - submitted
[2021-05-17 11:07:55,004] {logging_mixin.py:104} INFO - running function for: (array([1621246074000, 1621247874000]), 3)
[2021-05-17 11:07:55,004] {logging_mixin.py:104} INFO - submitted
[2021-05-17 11:07:55,004] {logging_mixin.py:104} INFO - running function for: (array([1621244274000, 1621246074000]), 1)
[2021-05-17 11:07:55,004] {logging_mixin.py:104} INFO - submitted
[2021-05-17 11:07:55,005] {logging_mixin.py:104} INFO - running function for: (array([1621244274000, 1621246074000]), 2)
[2021-05-17 11:07:55,005] {logging_mixin.py:104} INFO - submitted
[2021-05-17 11:07:55,005] {logging_mixin.py:104} INFO - running function for: (array([1621244274000, 1621246074000]), 3)
[2021-05-17 11:07:55,005] {logging_mixin.py:104} INFO - submitted
[2021-05-17 11:07:55,006] {logging_mixin.py:104} INFO - running function for: (array([1621242474000, 1621244274000]), 1)
[2021-05-17 11:07:55,006] {logging_mixin.py:104} INFO - submitted
[2021-05-17 11:07:55,006] {logging_mixin.py:104} INFO - running function for: (array([1621242474000, 1621244274000]), 2)
[2021-05-17 11:07:55,006] {logging_mixin.py:104} INFO - submitted
[2021-05-17 11:07:55,006] {logging_mixin.py:104} INFO - running function for: (array([1621242474000, 1621244274000]), 3)
[2021-05-17 11:07:55,007] {logging_mixin.py:104} INFO - submitted
[2021-05-17 11:07:55,007] {logging_mixin.py:104} INFO - running function for: (array([1621240674000, 1621242474000]), 1)
[2021-05-17 11:07:55,007] {logging_mixin.py:104} INFO - submitted
[2021-05-17 11:07:55,007] {logging_mixin.py:104} INFO - running function for: (array([1621240674000, 1621242474000]), 2)
[2021-05-17 11:07:55,008] {logging_mixin.py:104} INFO - submitted
[2021-05-17 11:07:55,008] {logging_mixin.py:104} INFO - running function for: (array([1621240674000, 1621242474000]), 3)
[2021-05-17 11:07:55,008] {logging_mixin.py:104} INFO - submitted
[2021-05-17 11:07:55,008] {logging_mixin.py:104} INFO - running function for: (array([1621238874000, 1621240674000]), 1)
[2021-05-17 11:07:55,009] {logging_mixin.py:104} INFO - submitted
[2021-05-17 11:07:55,009] {logging_mixin.py:104} INFO - running function for: (array([1621238874000, 1621240674000]), 2)
[2021-05-17 11:07:55,009] {logging_mixin.py:104} INFO - submitted
[2021-05-17 11:07:55,009] {logging_mixin.py:104} INFO - running function for: (array([1621238874000, 1621240674000]), 3)
[2021-05-17 11:07:55,010] {logging_mixin.py:104} INFO - submitted
[2021-05-17 11:07:55,010] {logging_mixin.py:104} INFO - running function for: (array([1621237074000, 1621238874000]), 1)
[2021-05-17 11:07:55,010] {logging_mixin.py:104} INFO - submitted
[2021-05-17 11:07:55,011] {logging_mixin.py:104} INFO - running function for: (array([1621237074000, 1621238874000]), 2)
[2021-05-17 11:07:55,011] {logging_mixin.py:104} INFO - submitted
[2021-05-17 11:07:55,011] {logging_mixin.py:104} INFO - running function for: (array([1621237074000, 1621238874000]), 3)
[2021-05-17 11:07:55,011] {logging_mixin.py:104} INFO - submitted
[2021-05-17 11:07:55,012] {logging_mixin.py:104} INFO - running function for: (array([1621235274000, 1621237074000]), 1)
[2021-05-17 11:07:55,012] {logging_mixin.py:104} INFO - submitted
[2021-05-17 11:07:55,012] {logging_mixin.py:104} INFO - running function for: (array([1621235274000, 1621237074000]), 2)
[2021-05-17 11:07:55,012] {logging_mixin.py:104} INFO - submitted
[2021-05-17 11:07:55,012] {logging_mixin.py:104} INFO - running function for: (array([1621235274000, 1621237074000]), 3)
[2021-05-17 11:07:55,013] {logging_mixin.py:104} INFO - submitted
[2021-05-17 11:07:55,013] {logging_mixin.py:104} INFO - running function for: (array([1621233474000, 1621235274000]), 1)
[2021-05-17 11:07:55,013] {logging_mixin.py:104} INFO - submitted
[2021-05-17 11:07:55,014] {logging_mixin.py:104} INFO - running function for: (array([1621233474000, 1621235274000]), 2)
[2021-05-17 11:07:55,014] {logging_mixin.py:104} INFO - submitted
[2021-05-17 11:07:55,014] {logging_mixin.py:104} INFO - running function for: (array([1621233474000, 1621235274000]), 3)
[2021-05-17 11:07:55,015] {logging_mixin.py:104} INFO - submitted
[2021-05-17 11:07:55,015] {logging_mixin.py:104} INFO - running function for: (array([1621231674000, 1621233474000]), 1)
[2021-05-17 11:07:55,015] {logging_mixin.py:104} INFO - submitted
[2021-05-17 11:07:55,016] {logging_mixin.py:104} INFO - running function for: (array([1621231674000, 1621233474000]), 2)
[2021-05-17 11:07:55,016] {logging_mixin.py:104} INFO - submitted
[2021-05-17 11:07:55,017] {logging_mixin.py:104} INFO - running function for: (array([1621231674000, 1621233474000]), 3)
[2021-05-17 11:07:55,018] {logging_mixin.py:104} INFO - submitted
[2021-05-17 11:07:55,019] {logging_mixin.py:104} INFO - running function for: (array([1621229874000, 1621231674000]), 1)
[2021-05-17 11:07:55,019] {logging_mixin.py:104} INFO - submitted
[2021-05-17 11:07:55,020] {logging_mixin.py:104} INFO - running function for: (array([1621229874000, 1621231674000]), 2)
[2021-05-17 11:07:55,020] {logging_mixin.py:104} INFO - submitted
[2021-05-17 11:07:55,020] {logging_mixin.py:104} INFO - running function for: (array([1621229874000, 1621231674000]), 3)
[2021-05-17 11:07:55,021] {logging_mixin.py:104} INFO - submitted
[2021-05-17 11:07:55,021] {logging_mixin.py:104} INFO - running function for: (array([1621228074000, 1621229874000]), 1)
[2021-05-17 11:07:55,021] {logging_mixin.py:104} INFO - submitted
[2021-05-17 11:07:55,021] {logging_mixin.py:104} INFO - running function for: (array([1621228074000, 1621229874000]), 2)
[2021-05-17 11:07:55,022] {logging_mixin.py:104} INFO - submitted
[2021-05-17 11:07:55,029] {logging_mixin.py:104} INFO - running function for: (array([1621228074000, 1621229874000]), 3)
[2021-05-17 11:07:55,029] {logging_mixin.py:104} INFO - submitted
[2021-05-17 11:07:55,030] {logging_mixin.py:104} INFO - running function for: (array([1621226274000, 1621228074000]), 1)
[2021-05-17 11:07:55,030] {logging_mixin.py:104} INFO - submitted
[2021-05-17 11:07:55,031] {logging_mixin.py:104} INFO - running function for: (array([1621226274000, 1621228074000]), 2)
[2021-05-17 11:07:55,032] {logging_mixin.py:104} INFO - submitted
[2021-05-17 11:07:55,032] {logging_mixin.py:104} INFO - running function for: (array([1621226274000, 1621228074000]), 3)
[2021-05-17 11:07:55,033] {logging_mixin.py:104} INFO - submitted
[2021-05-17 11:07:55,033] {logging_mixin.py:104} INFO - running function for: (array([1621224474000, 1621226274000]), 1)
[2021-05-17 11:07:55,034] {logging_mixin.py:104} INFO - submitted
[2021-05-17 11:07:55,034] {logging_mixin.py:104} INFO - running function for: (array([1621224474000, 1621226274000]), 2)
[2021-05-17 11:07:55,034] {logging_mixin.py:104} INFO - submitted
[2021-05-17 11:07:55,035] {logging_mixin.py:104} INFO - running function for: (array([1621224474000, 1621226274000]), 3)
[2021-05-17 11:07:55,035] {logging_mixin.py:104} INFO - submitted
[2021-05-17 11:07:55,035] {logging_mixin.py:104} INFO - running function for: (array([1621222674000, 1621224474000]), 1)
[2021-05-17 11:07:55,036] {logging_mixin.py:104} INFO - submitted
[2021-05-17 11:07:55,036] {logging_mixin.py:104} INFO - running function for: (array([1621222674000, 1621224474000]), 2)
[2021-05-17 11:07:55,037] {logging_mixin.py:104} INFO - submitted
[2021-05-17 11:07:55,037] {logging_mixin.py:104} INFO - running function for: (array([1621222674000, 1621224474000]), 3)
[2021-05-17 11:07:55,038] {logging_mixin.py:104} INFO - submitted
[2021-05-17 11:07:55,039] {logging_mixin.py:104} INFO - running function for: (array([1621220874000, 1621222674000]), 1)
[2021-05-17 11:07:55,039] {logging_mixin.py:104} INFO - submitted
[2021-05-17 11:07:55,039] {logging_mixin.py:104} INFO - running function for: (array([1621220874000, 1621222674000]), 2)
[2021-05-17 11:07:55,039] {logging_mixin.py:104} INFO - submitted
[2021-05-17 11:07:55,040] {logging_mixin.py:104} INFO - running function for: (array([1621220874000, 1621222674000]), 3)
[2021-05-17 11:07:55,040] {logging_mixin.py:104} INFO - submitted
[2021-05-17 11:07:55,041] {logging_mixin.py:104} INFO - running function for: (array([1621219074000, 1621220874000]), 1)
[2021-05-17 11:07:55,041] {logging_mixin.py:104} INFO - submitted
[2021-05-17 11:07:55,042] {logging_mixin.py:104} INFO - running function for: (array([1621219074000, 1621220874000]), 2)
[2021-05-17 11:07:55,042] {logging_mixin.py:104} INFO - submitted
[2021-05-17 11:07:55,042] {logging_mixin.py:104} INFO - running function for: (array([1621219074000, 1621220874000]), 3)
[2021-05-17 11:07:55,042] {logging_mixin.py:104} INFO - submitted
[2021-05-17 11:07:55,042] {logging_mixin.py:104} INFO - running function for: (array([1621217274000, 1621219074000]), 1)
[2021-05-17 11:07:55,043] {logging_mixin.py:104} INFO - submitted
[2021-05-17 11:07:55,043] {logging_mixin.py:104} INFO - running function for: (array([1621217274000, 1621219074000]), 2)
[2021-05-17 11:07:55,043] {logging_mixin.py:104} INFO - submitted
[2021-05-17 11:07:55,043] {logging_mixin.py:104} INFO - running function for: (array([1621217274000, 1621219074000]), 3)
[2021-05-17 11:07:55,044] {logging_mixin.py:104} INFO - submitted
[2021-05-17 11:07:55,045] {logging_mixin.py:104} INFO - running function for: (array([1621215474000, 1621217274000]), 1)
[2021-05-17 11:07:55,045] {logging_mixin.py:104} INFO - submitted
[2021-05-17 11:07:55,046] {logging_mixin.py:104} INFO - running function for: (array([1621215474000, 1621217274000]), 2)
[2021-05-17 11:07:55,046] {logging_mixin.py:104} INFO - submitted
[2021-05-17 11:07:55,047] {logging_mixin.py:104} INFO - running function for: (array([1621215474000, 1621217274000]), 3)
[2021-05-17 11:07:55,047] {logging_mixin.py:104} INFO - submitted
[2021-05-17 11:07:55,047] {logging_mixin.py:104} INFO - running function for: (array([1621215193000, 1621215474000]), 1)
[2021-05-17 11:07:55,047] {logging_mixin.py:104} INFO - submitted
[2021-05-17 11:07:55,048] {logging_mixin.py:104} INFO - running function for: (array([1621215193000, 1621215474000]), 2)
[2021-05-17 11:07:55,048] {logging_mixin.py:104} INFO - submitted
[2021-05-17 11:07:55,048] {logging_mixin.py:104} INFO - running function for: (array([1621215193000, 1621215474000]), 3)
[2021-05-17 11:07:55,049] {logging_mixin.py:104} INFO - submitted
[2021-05-17 11:07:58,621] {logging_mixin.py:104} INFO - https://cdn.iqoption.com/api/quotes-history/quotes/3.0?to=1621255074000&from=1621253274000&active_id=3&only_round=true&_key=1614903660000
[2021-05-17 11:07:58,718] {logging_mixin.py:104} INFO - https://cdn.iqoption.com/api/quotes-history/quotes/3.0?to=1621253274000&from=1621251474000&active_id=1&only_round=true&_key=1614903660000
[2021-05-17 11:07:58,862] {logging_mixin.py:104} INFO - https://cdn.iqoption.com/api/quotes-history/quotes/3.0?to=1621253274000&from=1621251474000&active_id=2&only_round=true&_key=1614903660000
[2021-05-17 11:07:58,883] {logging_mixin.py:104} INFO - https://cdn.iqoption.com/api/quotes-history/quotes/3.0?to=1621253274000&from=1621251474000&active_id=3&only_round=true&_key=1614903660000
[2021-05-17 11:07:58,894] {logging_mixin.py:104} INFO - https://cdn.iqoption.com/api/quotes-history/quotes/3.0?to=1621251474000&from=1621249674000&active_id=1&only_round=true&_key=1614903660000
[2021-05-17 11:07:58,947] {logging_mixin.py:104} INFO - https://cdn.iqoption.com/api/quotes-history/quotes/3.0?to=1621251474000&from=1621249674000&active_id=2&only_round=true&_key=1614903660000
[2021-05-17 11:07:58,964] {logging_mixin.py:104} INFO - https://cdn.iqoption.com/api/quotes-history/quotes/3.0?to=1621251474000&from=1621249674000&active_id=3&only_round=true&_key=1614903660000
[2021-05-17 11:07:58,965] {logging_mixin.py:104} INFO - https://cdn.iqoption.com/api/quotes-history/quotes/3.0?to=1621249674000&from=1621247874000&active_id=1&only_round=true&_key=1614903660000
[2021-05-17 11:08:00,983] {logging_mixin.py:104} INFO - https://cdn.iqoption.com/api/quotes-history/quotes/3.0?to=1621249674000&from=1621247874000&active_id=2&only_round=true&_key=1614903660000
[2021-05-17 11:08:01,045] {logging_mixin.py:104} INFO - https://cdn.iqoption.com/api/quotes-history/quotes/3.0?to=1621249674000&from=1621247874000&active_id=3&only_round=true&_key=1614903660000
[2021-05-17 11:08:01,072] {logging_mixin.py:104} INFO - https://cdn.iqoption.com/api/quotes-history/quotes/3.0?to=1621247874000&from=1621246074000&active_id=1&only_round=true&_key=1614903660000
[2021-05-17 11:08:01,130] {logging_mixin.py:104} INFO - https://cdn.iqoption.com/api/quotes-history/quotes/3.0?to=1621247874000&from=1621246074000&active_id=2&only_round=true&_key=1614903660000
[2021-05-17 11:08:01,136] {logging_mixin.py:104} INFO - https://cdn.iqoption.com/api/quotes-history/quotes/3.0?to=1621247874000&from=1621246074000&active_id=3&only_round=true&_key=1614903660000
[2021-05-17 11:08:01,147] {logging_mixin.py:104} INFO - https://cdn.iqoption.com/api/quotes-history/quotes/3.0?to=1621246074000&from=1621244274000&active_id=1&only_round=true&_key=1614903660000
[2021-05-17 11:08:01,172] {logging_mixin.py:104} INFO - https://cdn.iqoption.com/api/quotes-history/quotes/3.0?to=1621246074000&from=1621244274000&active_id=2&only_round=true&_key=1614903660000
[2021-05-17 11:08:01,215] {logging_mixin.py:104} INFO - https://cdn.iqoption.com/api/quotes-history/quotes/3.0?to=1621246074000&from=1621244274000&active_id=3&only_round=true&_key=1614903660000
[2021-05-17 11:08:02,935] {logging_mixin.py:104} INFO - https://cdn.iqoption.com/api/quotes-history/quotes/3.0?to=1621244274000&from=1621242474000&active_id=1&only_round=true&_key=1614903660000
[2021-05-17 11:08:02,936] {logging_mixin.py:104} INFO - https://cdn.iqoption.com/api/quotes-history/quotes/3.0?to=1621244274000&from=1621242474000&active_id=2&only_round=true&_key=1614903660000
[2021-05-17 11:08:02,939] {logging_mixin.py:104} INFO - https://cdn.iqoption.com/api/quotes-history/quotes/3.0?to=1621244274000&from=1621242474000&active_id=3&only_round=true&_key=1614903660000
[2021-05-17 11:08:03,011] {logging_mixin.py:104} INFO - https://cdn.iqoption.com/api/quotes-history/quotes/3.0?to=1621242474000&from=1621240674000&active_id=1&only_round=true&_key=1614903660000
[2021-05-17 11:08:03,012] {logging_mixin.py:104} INFO - https://cdn.iqoption.com/api/quotes-history/quotes/3.0?to=1621242474000&from=1621240674000&active_id=2&only_round=true&_key=1614903660000
[2021-05-17 11:08:03,055] {logging_mixin.py:104} INFO - https://cdn.iqoption.com/api/quotes-history/quotes/3.0?to=1621242474000&from=1621240674000&active_id=3&only_round=true&_key=1614903660000
[2021-05-17 11:08:03,192] {logging_mixin.py:104} INFO - https://cdn.iqoption.com/api/quotes-history/quotes/3.0?to=1621240674000&from=1621238874000&active_id=1&only_round=true&_key=1614903660000
[2021-05-17 11:08:03,233] {logging_mixin.py:104} INFO - https://cdn.iqoption.com/api/quotes-history/quotes/3.0?to=1621240674000&from=1621238874000&active_id=2&only_round=true&_key=1614903660000
[2021-05-17 11:08:04,656] {logging_mixin.py:104} INFO - https://cdn.iqoption.com/api/quotes-history/quotes/3.0?to=1621240674000&from=1621238874000&active_id=3&only_round=true&_key=1614903660000
[2021-05-17 11:08:04,754] {logging_mixin.py:104} INFO - https://cdn.iqoption.com/api/quotes-history/quotes/3.0?to=1621238874000&from=1621237074000&active_id=1&only_round=true&_key=1614903660000
[2021-05-17 11:08:04,782] {logging_mixin.py:104} INFO - https://cdn.iqoption.com/api/quotes-history/quotes/3.0?to=1621238874000&from=1621237074000&active_id=2&only_round=true&_key=1614903660000
[2021-05-17 11:08:04,794] {logging_mixin.py:104} INFO - https://cdn.iqoption.com/api/quotes-history/quotes/3.0?to=1621238874000&from=1621237074000&active_id=3&only_round=true&_key=1614903660000
[2021-05-17 11:08:04,820] {logging_mixin.py:104} INFO - https://cdn.iqoption.com/api/quotes-history/quotes/3.0?to=1621237074000&from=1621235274000&active_id=1&only_round=true&_key=1614903660000
[2021-05-17 11:08:04,845] {logging_mixin.py:104} INFO - https://cdn.iqoption.com/api/quotes-history/quotes/3.0?to=1621237074000&from=1621235274000&active_id=2&only_round=true&_key=1614903660000
[2021-05-17 11:08:05,071] {logging_mixin.py:104} INFO - https://cdn.iqoption.com/api/quotes-history/quotes/3.0?to=1621237074000&from=1621235274000&active_id=3&only_round=true&_key=1614903660000
[2021-05-17 11:08:05,093] {logging_mixin.py:104} INFO - https://cdn.iqoption.com/api/quotes-history/quotes/3.0?to=1621235274000&from=1621233474000&active_id=1&only_round=true&_key=1614903660000
[2021-05-17 11:08:06,366] {logging_mixin.py:104} INFO - https://cdn.iqoption.com/api/quotes-history/quotes/3.0?to=1621235274000&from=1621233474000&active_id=2&only_round=true&_key=1614903660000
[2021-05-17 11:08:06,459] {logging_mixin.py:104} INFO - https://cdn.iqoption.com/api/quotes-history/quotes/3.0?to=1621235274000&from=1621233474000&active_id=3&only_round=true&_key=1614903660000
[2021-05-17 11:08:06,491] {logging_mixin.py:104} INFO - https://cdn.iqoption.com/api/quotes-history/quotes/3.0?to=1621233474000&from=1621231674000&active_id=1&only_round=true&_key=1614903660000
[2021-05-17 11:08:06,526] {logging_mixin.py:104} INFO - https://cdn.iqoption.com/api/quotes-history/quotes/3.0?to=1621233474000&from=1621231674000&active_id=2&only_round=true&_key=1614903660000
[2021-05-17 11:08:06,662] {logging_mixin.py:104} INFO - https://cdn.iqoption.com/api/quotes-history/quotes/3.0?to=1621233474000&from=1621231674000&active_id=3&only_round=true&_key=1614903660000
[2021-05-17 11:08:06,664] {logging_mixin.py:104} INFO - https://cdn.iqoption.com/api/quotes-history/quotes/3.0?to=1621231674000&from=1621229874000&active_id=1&only_round=true&_key=1614903660000
[2021-05-17 11:08:06,776] {logging_mixin.py:104} INFO - https://cdn.iqoption.com/api/quotes-history/quotes/3.0?to=1621231674000&from=1621229874000&active_id=2&only_round=true&_key=1614903660000
[2021-05-17 11:08:06,843] {logging_mixin.py:104} INFO - https://cdn.iqoption.com/api/quotes-history/quotes/3.0?to=1621231674000&from=1621229874000&active_id=3&only_round=true&_key=1614903660000
[2021-05-17 11:08:08,032] {logging_mixin.py:104} INFO - https://cdn.iqoption.com/api/quotes-history/quotes/3.0?to=1621229874000&from=1621228074000&active_id=1&only_round=true&_key=1614903660000
[2021-05-17 11:08:08,076] {logging_mixin.py:104} INFO - https://cdn.iqoption.com/api/quotes-history/quotes/3.0?to=1621229874000&from=1621228074000&active_id=2&only_round=true&_key=1614903660000
[2021-05-17 11:08:08,101] {logging_mixin.py:104} INFO - https://cdn.iqoption.com/api/quotes-history/quotes/3.0?to=1621229874000&from=1621228074000&active_id=3&only_round=true&_key=1614903660000
[2021-05-17 11:08:08,127] {logging_mixin.py:104} INFO - https://cdn.iqoption.com/api/quotes-history/quotes/3.0?to=1621228074000&from=1621226274000&active_id=1&only_round=true&_key=1614903660000
[2021-05-17 11:08:08,195] {logging_mixin.py:104} INFO - https://cdn.iqoption.com/api/quotes-history/quotes/3.0?to=1621228074000&from=1621226274000&active_id=2&only_round=true&_key=1614903660000
[2021-05-17 11:08:08,303] {logging_mixin.py:104} INFO - https://cdn.iqoption.com/api/quotes-history/quotes/3.0?to=1621228074000&from=1621226274000&active_id=3&only_round=true&_key=1614903660000
[2021-05-17 11:08:08,423] {logging_mixin.py:104} INFO - https://cdn.iqoption.com/api/quotes-history/quotes/3.0?to=1621226274000&from=1621224474000&active_id=1&only_round=true&_key=1614903660000
[2021-05-17 11:08:08,486] {logging_mixin.py:104} INFO - https://cdn.iqoption.com/api/quotes-history/quotes/3.0?to=1621226274000&from=1621224474000&active_id=2&only_round=true&_key=1614903660000
[2021-05-17 11:08:09,572] {logging_mixin.py:104} INFO - https://cdn.iqoption.com/api/quotes-history/quotes/3.0?to=1621226274000&from=1621224474000&active_id=3&only_round=true&_key=1614903660000
[2021-05-17 11:08:09,607] {logging_mixin.py:104} INFO - https://cdn.iqoption.com/api/quotes-history/quotes/3.0?to=1621224474000&from=1621222674000&active_id=1&only_round=true&_key=1614903660000
[2021-05-17 11:08:09,652] {logging_mixin.py:104} INFO - https://cdn.iqoption.com/api/quotes-history/quotes/3.0?to=1621224474000&from=1621222674000&active_id=2&only_round=true&_key=1614903660000
[2021-05-17 11:08:09,671] {logging_mixin.py:104} INFO - https://cdn.iqoption.com/api/quotes-history/quotes/3.0?to=1621224474000&from=1621222674000&active_id=3&only_round=true&_key=1614903660000
[2021-05-17 11:08:09,727] {logging_mixin.py:104} INFO - https://cdn.iqoption.com/api/quotes-history/quotes/3.0?to=1621222674000&from=1621220874000&active_id=1&only_round=true&_key=1614903660000
[2021-05-17 11:08:09,956] {logging_mixin.py:104} INFO - https://cdn.iqoption.com/api/quotes-history/quotes/3.0?to=1621222674000&from=1621220874000&active_id=2&only_round=true&_key=1614903660000
[2021-05-17 11:08:10,067] {logging_mixin.py:104} INFO - https://cdn.iqoption.com/api/quotes-history/quotes/3.0?to=1621222674000&from=1621220874000&active_id=3&only_round=true&_key=1614903660000
[2021-05-17 11:08:10,085] {logging_mixin.py:104} INFO - https://cdn.iqoption.com/api/quotes-history/quotes/3.0?to=1621220874000&from=1621219074000&active_id=1&only_round=true&_key=1614903660000
[2021-05-17 11:08:11,155] {logging_mixin.py:104} INFO - https://cdn.iqoption.com/api/quotes-history/quotes/3.0?to=1621220874000&from=1621219074000&active_id=2&only_round=true&_key=1614903660000
[2021-05-17 11:08:11,177] {logging_mixin.py:104} INFO - https://cdn.iqoption.com/api/quotes-history/quotes/3.0?to=1621220874000&from=1621219074000&active_id=3&only_round=true&_key=1614903660000
[2021-05-17 11:08:11,250] {logging_mixin.py:104} INFO - https://cdn.iqoption.com/api/quotes-history/quotes/3.0?to=1621219074000&from=1621217274000&active_id=1&only_round=true&_key=1614903660000
[2021-05-17 11:08:11,255] {logging_mixin.py:104} INFO - https://cdn.iqoption.com/api/quotes-history/quotes/3.0?to=1621219074000&from=1621217274000&active_id=2&only_round=true&_key=1614903660000
[2021-05-17 11:08:11,300] {logging_mixin.py:104} INFO - https://cdn.iqoption.com/api/quotes-history/quotes/3.0?to=1621219074000&from=1621217274000&active_id=3&only_round=true&_key=1614903660000
[2021-05-17 11:08:11,516] {logging_mixin.py:104} INFO - https://cdn.iqoption.com/api/quotes-history/quotes/3.0?to=1621217274000&from=1621215474000&active_id=1&only_round=true&_key=1614903660000
[2021-05-17 11:08:11,620] {logging_mixin.py:104} INFO - https://cdn.iqoption.com/api/quotes-history/quotes/3.0?to=1621217274000&from=1621215474000&active_id=2&only_round=true&_key=1614903660000
[2021-05-17 11:08:11,813] {logging_mixin.py:104} INFO - https://cdn.iqoption.com/api/quotes-history/quotes/3.0?to=1621217274000&from=1621215474000&active_id=3&only_round=true&_key=1614903660000
[2021-05-17 11:08:12,736] {logging_mixin.py:104} INFO - https://cdn.iqoption.com/api/quotes-history/quotes/3.0?to=1621215474000&from=1621215193000&active_id=1&only_round=true&_key=1614903660000
[2021-05-17 11:08:12,772] {logging_mixin.py:104} INFO - https://cdn.iqoption.com/api/quotes-history/quotes/3.0?to=1621215474000&from=1621215193000&active_id=2&only_round=true&_key=1614903660000
[2021-05-17 11:08:12,776] {logging_mixin.py:104} INFO - https://cdn.iqoption.com/api/quotes-history/quotes/3.0?to=1621215474000&from=1621215193000&active_id=3&only_round=true&_key=1614903660000
[2021-05-17 11:08:14,107] {python.py:118} INFO - Done. Returned value was: None
[2021-05-17 11:08:14,111] {taskinstance.py:1192} INFO - Marking task as SUCCESS. dag_id=etl, task_id=loading_data_to_s3, execution_date=20210517T100000, start_date=20210517T140753, end_date=20210517T140814
[2021-05-17 11:08:14,156] {taskinstance.py:1246} INFO - 1 downstream tasks scheduled from follow-on schedule check
[2021-05-17 11:08:14,176] {local_task_job.py:146} INFO - Task exited with return code 0
