[2021-05-14 20:00:13,377] {taskinstance.py:877} INFO - Dependencies all met for <TaskInstance: etl.loading_data_to_s3 2021-05-14T22:00:00+00:00 [queued]>
[2021-05-14 20:00:13,383] {taskinstance.py:877} INFO - Dependencies all met for <TaskInstance: etl.loading_data_to_s3 2021-05-14T22:00:00+00:00 [queued]>
[2021-05-14 20:00:13,383] {taskinstance.py:1068} INFO - 
--------------------------------------------------------------------------------
[2021-05-14 20:00:13,384] {taskinstance.py:1069} INFO - Starting attempt 1 of 1
[2021-05-14 20:00:13,384] {taskinstance.py:1070} INFO - 
--------------------------------------------------------------------------------
[2021-05-14 20:00:13,389] {taskinstance.py:1089} INFO - Executing <Task(PythonOperator): loading_data_to_s3> on 2021-05-14T22:00:00+00:00
[2021-05-14 20:00:13,393] {standard_task_runner.py:52} INFO - Started process 26090 to run task
[2021-05-14 20:00:13,401] {standard_task_runner.py:76} INFO - Running: ['airflow', 'tasks', 'run', 'etl', 'loading_data_to_s3', '2021-05-14T22:00:00+00:00', '--job-id', '588', '--pool', 'default_pool', '--raw', '--subdir', 'DAGS_FOLDER/etl_dag.py', '--cfg-path', '/var/folders/_f/vg3x3jmj23bcz6s88l7v6fb40000gn/T/tmp9rcrzvpw', '--error-file', '/var/folders/_f/vg3x3jmj23bcz6s88l7v6fb40000gn/T/tmprh3x39df']
[2021-05-14 20:00:13,402] {standard_task_runner.py:77} INFO - Job 588: Subtask loading_data_to_s3
[2021-05-14 20:00:13,435] {logging_mixin.py:104} INFO - Running <TaskInstance: etl.loading_data_to_s3 2021-05-14T22:00:00+00:00 [running]> on host 27.2.168.192.in-addr.arpa
[2021-05-14 20:00:13,460] {taskinstance.py:1283} INFO - Exporting the following env vars:
AIRFLOW_CTX_DAG_OWNER=udacity
AIRFLOW_CTX_DAG_ID=etl
AIRFLOW_CTX_TASK_ID=loading_data_to_s3
AIRFLOW_CTX_EXECUTION_DATE=2021-05-14T22:00:00+00:00
AIRFLOW_CTX_DAG_RUN_ID=scheduled__2021-05-14T22:00:00+00:00
[2021-05-14 20:00:14,793] {logging_mixin.py:104} INFO - Fetching interval list
[2021-05-14 20:00:14,795] {logging_mixin.py:104} INFO - Inverval list built
[2021-05-14 20:00:14,795] {logging_mixin.py:104} INFO - Processing data
[2021-05-14 20:00:14,796] {logging_mixin.py:104} INFO - df initialized
[2021-05-14 20:00:14,797] {logging_mixin.py:104} INFO - (array([1621029614000, 1621031414000]), 1)
[2021-05-14 20:00:14,798] {logging_mixin.py:104} INFO - (array([1621029614000, 1621031414000]), 2)
[2021-05-14 20:00:14,799] {logging_mixin.py:104} INFO - (array([1621029614000, 1621031414000]), 3)
[2021-05-14 20:00:14,799] {logging_mixin.py:104} INFO - ThreadPoolExecutor initialized
[2021-05-14 20:00:14,800] {logging_mixin.py:104} INFO - running function for: (array([1621029614000, 1621031414000]), 1)
[2021-05-14 20:00:14,801] {logging_mixin.py:104} INFO - https://cdn.iqoption.com/api/quotes-history/quotes/3.0?to=1621031414000&from=1621029614000&active_id=1&only_round=true&_key=1614903660000
[2021-05-14 20:00:14,802] {logging_mixin.py:104} INFO - submitted
[2021-05-14 20:00:14,803] {logging_mixin.py:104} INFO - running function for: (array([1621029614000, 1621031414000]), 2)
[2021-05-14 20:00:14,803] {logging_mixin.py:104} INFO - https://cdn.iqoption.com/api/quotes-history/quotes/3.0?to=1621031414000&from=1621029614000&active_id=2&only_round=true&_key=1614903660000
[2021-05-14 20:00:14,804] {logging_mixin.py:104} INFO - submitted
[2021-05-14 20:00:14,804] {logging_mixin.py:104} INFO - running function for: (array([1621029614000, 1621031414000]), 3)
[2021-05-14 20:00:14,805] {logging_mixin.py:104} INFO - https://cdn.iqoption.com/api/quotes-history/quotes/3.0?to=1621031414000&from=1621029614000&active_id=3&only_round=true&_key=1614903660000
[2021-05-14 20:00:14,805] {logging_mixin.py:104} INFO - submitted
[2021-05-14 20:00:18,568] {python.py:118} INFO - Done. Returned value was: None
[2021-05-14 20:00:18,575] {taskinstance.py:1192} INFO - Marking task as SUCCESS. dag_id=etl, task_id=loading_data_to_s3, execution_date=20210514T220000, start_date=20210514T230013, end_date=20210514T230018
[2021-05-14 20:00:18,617] {taskinstance.py:1246} INFO - 1 downstream tasks scheduled from follow-on schedule check
[2021-05-14 20:00:18,649] {local_task_job.py:146} INFO - Task exited with return code 0
