[2021-05-13 16:53:30,490] {taskinstance.py:877} INFO - Dependencies all met for <TaskInstance: etl.loading_data_to_s3 2021-05-13T19:53:16.607449+00:00 [queued]>
[2021-05-13 16:53:30,496] {taskinstance.py:877} INFO - Dependencies all met for <TaskInstance: etl.loading_data_to_s3 2021-05-13T19:53:16.607449+00:00 [queued]>
[2021-05-13 16:53:30,496] {taskinstance.py:1068} INFO - 
--------------------------------------------------------------------------------
[2021-05-13 16:53:30,496] {taskinstance.py:1069} INFO - Starting attempt 1 of 1
[2021-05-13 16:53:30,496] {taskinstance.py:1070} INFO - 
--------------------------------------------------------------------------------
[2021-05-13 16:53:30,501] {taskinstance.py:1089} INFO - Executing <Task(PythonOperator): loading_data_to_s3> on 2021-05-13T19:53:16.607449+00:00
[2021-05-13 16:53:30,504] {standard_task_runner.py:52} INFO - Started process 15394 to run task
[2021-05-13 16:53:30,509] {standard_task_runner.py:76} INFO - Running: ['airflow', 'tasks', 'run', 'etl', 'loading_data_to_s3', '2021-05-13T19:53:16.607449+00:00', '--job-id', '320', '--pool', 'default_pool', '--raw', '--subdir', 'DAGS_FOLDER/etl_dag.py', '--cfg-path', '/var/folders/_f/vg3x3jmj23bcz6s88l7v6fb40000gn/T/tmp6r9xiad1', '--error-file', '/var/folders/_f/vg3x3jmj23bcz6s88l7v6fb40000gn/T/tmplyrm0sd1']
[2021-05-13 16:53:30,511] {standard_task_runner.py:77} INFO - Job 320: Subtask loading_data_to_s3
[2021-05-13 16:53:30,540] {logging_mixin.py:104} INFO - Running <TaskInstance: etl.loading_data_to_s3 2021-05-13T19:53:16.607449+00:00 [running]> on host 27.2.168.192.in-addr.arpa
[2021-05-13 16:53:30,564] {taskinstance.py:1283} INFO - Exporting the following env vars:
AIRFLOW_CTX_DAG_OWNER=udacity
AIRFLOW_CTX_DAG_ID=etl
AIRFLOW_CTX_TASK_ID=loading_data_to_s3
AIRFLOW_CTX_EXECUTION_DATE=2021-05-13T19:53:16.607449+00:00
AIRFLOW_CTX_DAG_RUN_ID=manual__2021-05-13T19:53:16.607449+00:00
[2021-05-13 16:53:31,847] {logging_mixin.py:104} INFO - Fetching interval list
[2021-05-13 16:53:31,848] {logging_mixin.py:104} INFO - Inverval list built
[2021-05-13 16:53:31,849] {logging_mixin.py:104} INFO - Processing data
[2021-05-13 16:53:31,849] {logging_mixin.py:104} INFO - df initialized
[2021-05-13 16:53:31,850] {logging_mixin.py:104} INFO - ThreadPoolExecutor initialized
[2021-05-13 16:53:31,851] {logging_mixin.py:104} INFO - running function for: (array([1620932011000, 1620933811000]), 1)
[2021-05-13 16:53:31,851] {logging_mixin.py:104} INFO - https://cdn.iqoption.com/api/quotes-history/quotes/3.0?to=1620933811000&from=1620932011000&active_id=1&only_round=true&_key=1614903660000
[2021-05-13 16:53:31,852] {logging_mixin.py:104} INFO - https://cdn.iqoption.com/api/quotes-history/quotes/3.0?to=1620933811000&from=1620932011000&active_id=1&only_round=true&_key=1614903660000
submitted
[2021-05-13 16:53:31,853] {logging_mixin.py:104} INFO - running function for: (array([1620932011000, 1620933811000]), 2)
[2021-05-13 16:53:31,854] {logging_mixin.py:104} INFO - https://cdn.iqoption.com/api/quotes-history/quotes/3.0?to=1620933811000&from=1620932011000&active_id=2&only_round=true&_key=1614903660000
[2021-05-13 16:53:31,854] {logging_mixin.py:104} INFO - https://cdn.iqoption.com/api/quotes-history/quotes/3.0?to=1620933811000&from=1620932011000&active_id=2&only_round=true&_key=1614903660000
submitted
[2021-05-13 16:53:31,855] {logging_mixin.py:104} INFO - running function for: (array([1620932011000, 1620933811000]), 3)
[2021-05-13 16:53:31,856] {logging_mixin.py:104} INFO - https://cdn.iqoption.com/api/quotes-history/quotes/3.0?to=1620933811000&from=1620932011000&active_id=3&only_round=true&_key=1614903660000
[2021-05-13 16:53:31,857] {logging_mixin.py:104} INFO - submitted
[2021-05-13 16:53:31,858] {logging_mixin.py:104} INFO - running function for: (array([1620930211000, 1620932011000]), 1)
[2021-05-13 16:53:31,858] {logging_mixin.py:104} INFO - https://cdn.iqoption.com/api/quotes-history/quotes/3.0?to=1620932011000&from=1620930211000&active_id=1&only_round=true&_key=1614903660000
[2021-05-13 16:53:31,858] {logging_mixin.py:104} INFO - submitted
[2021-05-13 16:53:31,859] {logging_mixin.py:104} INFO - running function for: (array([1620930211000, 1620932011000]), 2)
[2021-05-13 16:53:31,859] {logging_mixin.py:104} INFO - https://cdn.iqoption.com/api/quotes-history/quotes/3.0?to=1620932011000&from=1620930211000&active_id=2&only_round=true&_key=1614903660000
[2021-05-13 16:53:31,860] {logging_mixin.py:104} INFO - submitted
[2021-05-13 16:53:31,860] {logging_mixin.py:104} INFO - running function for: (array([1620930211000, 1620932011000]), 3)
[2021-05-13 16:53:31,861] {logging_mixin.py:104} INFO - https://cdn.iqoption.com/api/quotes-history/quotes/3.0?to=1620932011000&from=1620930211000&active_id=3&only_round=true&_key=1614903660000
[2021-05-13 16:53:31,862] {logging_mixin.py:104} INFO - https://cdn.iqoption.com/api/quotes-history/quotes/3.0?to=1620932011000&from=1620930211000&active_id=3&only_round=true&_key=1614903660000
submitted
[2021-05-13 16:53:31,865] {logging_mixin.py:104} INFO - running function for: (array([1620928411000, 1620930211000]), 1)
[2021-05-13 16:53:31,867] {logging_mixin.py:104} INFO - https://cdn.iqoption.com/api/quotes-history/quotes/3.0?to=1620930211000&from=1620928411000&active_id=1&only_round=true&_key=1614903660000
[2021-05-13 16:53:31,868] {logging_mixin.py:104} INFO - submitted
[2021-05-13 16:53:31,869] {logging_mixin.py:104} INFO - running function for: (array([1620928411000, 1620930211000]), 2)
[2021-05-13 16:53:31,869] {logging_mixin.py:104} INFO - https://cdn.iqoption.com/api/quotes-history/quotes/3.0?to=1620930211000&from=1620928411000&active_id=2&only_round=true&_key=1614903660000
[2021-05-13 16:53:31,870] {logging_mixin.py:104} INFO - https://cdn.iqoption.com/api/quotes-history/quotes/3.0?to=1620930211000&from=1620928411000&active_id=2&only_round=true&_key=1614903660000
submitted
[2021-05-13 16:53:31,871] {logging_mixin.py:104} INFO - running function for: (array([1620928411000, 1620930211000]), 3)
[2021-05-13 16:53:31,871] {logging_mixin.py:104} INFO - submitted
[2021-05-13 16:53:31,871] {logging_mixin.py:104} INFO - running function for: (array([1620926611000, 1620928411000]), 1)
[2021-05-13 16:53:31,872] {logging_mixin.py:104} INFO - submitted
[2021-05-13 16:53:31,872] {logging_mixin.py:104} INFO - running function for: (array([1620926611000, 1620928411000]), 2)
[2021-05-13 16:53:31,873] {logging_mixin.py:104} INFO - submitted
[2021-05-13 16:53:31,873] {logging_mixin.py:104} INFO - running function for: (array([1620926611000, 1620928411000]), 3)
[2021-05-13 16:53:31,873] {logging_mixin.py:104} INFO - submitted
[2021-05-13 16:53:31,873] {logging_mixin.py:104} INFO - running function for: (array([1620924811000, 1620926611000]), 1)
[2021-05-13 16:53:31,874] {logging_mixin.py:104} INFO - submitted
[2021-05-13 16:53:31,874] {logging_mixin.py:104} INFO - running function for: (array([1620924811000, 1620926611000]), 2)
[2021-05-13 16:53:31,874] {logging_mixin.py:104} INFO - submitted
[2021-05-13 16:53:31,875] {logging_mixin.py:104} INFO - running function for: (array([1620924811000, 1620926611000]), 3)
[2021-05-13 16:53:31,875] {logging_mixin.py:104} INFO - submitted
[2021-05-13 16:53:31,875] {logging_mixin.py:104} INFO - running function for: (array([1620923011000, 1620924811000]), 1)
[2021-05-13 16:53:31,875] {logging_mixin.py:104} INFO - submitted
[2021-05-13 16:53:31,876] {logging_mixin.py:104} INFO - running function for: (array([1620923011000, 1620924811000]), 2)
[2021-05-13 16:53:31,877] {logging_mixin.py:104} INFO - submitted
[2021-05-13 16:53:31,877] {logging_mixin.py:104} INFO - running function for: (array([1620923011000, 1620924811000]), 3)
[2021-05-13 16:53:31,877] {logging_mixin.py:104} INFO - submitted
[2021-05-13 16:53:31,878] {logging_mixin.py:104} INFO - running function for: (array([1620921211000, 1620923011000]), 1)
[2021-05-13 16:53:31,878] {logging_mixin.py:104} INFO - submitted
[2021-05-13 16:53:31,878] {logging_mixin.py:104} INFO - running function for: (array([1620921211000, 1620923011000]), 2)
[2021-05-13 16:53:31,878] {logging_mixin.py:104} INFO - submitted
[2021-05-13 16:53:31,879] {logging_mixin.py:104} INFO - running function for: (array([1620921211000, 1620923011000]), 3)
[2021-05-13 16:53:31,879] {logging_mixin.py:104} INFO - submitted
[2021-05-13 16:53:31,880] {logging_mixin.py:104} INFO - running function for: (array([1620919411000, 1620921211000]), 1)
[2021-05-13 16:53:31,880] {logging_mixin.py:104} INFO - submitted
[2021-05-13 16:53:31,880] {logging_mixin.py:104} INFO - running function for: (array([1620919411000, 1620921211000]), 2)
[2021-05-13 16:53:31,881] {logging_mixin.py:104} INFO - submitted
[2021-05-13 16:53:31,881] {logging_mixin.py:104} INFO - running function for: (array([1620919411000, 1620921211000]), 3)
[2021-05-13 16:53:31,881] {logging_mixin.py:104} INFO - submitted
[2021-05-13 16:53:31,882] {logging_mixin.py:104} INFO - running function for: (array([1620917611000, 1620919411000]), 1)
[2021-05-13 16:53:31,882] {logging_mixin.py:104} INFO - submitted
[2021-05-13 16:53:31,882] {logging_mixin.py:104} INFO - running function for: (array([1620917611000, 1620919411000]), 2)
[2021-05-13 16:53:31,882] {logging_mixin.py:104} INFO - submitted
[2021-05-13 16:53:31,883] {logging_mixin.py:104} INFO - running function for: (array([1620917611000, 1620919411000]), 3)
[2021-05-13 16:53:31,883] {logging_mixin.py:104} INFO - submitted
[2021-05-13 16:53:31,883] {logging_mixin.py:104} INFO - running function for: (array([1620915811000, 1620917611000]), 1)
[2021-05-13 16:53:31,884] {logging_mixin.py:104} INFO - submitted
[2021-05-13 16:53:31,884] {logging_mixin.py:104} INFO - running function for: (array([1620915811000, 1620917611000]), 2)
[2021-05-13 16:53:31,884] {logging_mixin.py:104} INFO - submitted
[2021-05-13 16:53:31,885] {logging_mixin.py:104} INFO - running function for: (array([1620915811000, 1620917611000]), 3)
[2021-05-13 16:53:31,885] {logging_mixin.py:104} INFO - submitted
[2021-05-13 16:53:31,885] {logging_mixin.py:104} INFO - running function for: (array([1620914011000, 1620915811000]), 1)
[2021-05-13 16:53:31,886] {logging_mixin.py:104} INFO - submitted
[2021-05-13 16:53:31,886] {logging_mixin.py:104} INFO - running function for: (array([1620914011000, 1620915811000]), 2)
[2021-05-13 16:53:31,886] {logging_mixin.py:104} INFO - submitted
[2021-05-13 16:53:31,887] {logging_mixin.py:104} INFO - running function for: (array([1620914011000, 1620915811000]), 3)
[2021-05-13 16:53:31,887] {logging_mixin.py:104} INFO - submitted
[2021-05-13 16:53:31,887] {logging_mixin.py:104} INFO - running function for: (array([1620912211000, 1620914011000]), 1)
[2021-05-13 16:53:31,887] {logging_mixin.py:104} INFO - submitted
[2021-05-13 16:53:31,888] {logging_mixin.py:104} INFO - running function for: (array([1620912211000, 1620914011000]), 2)
[2021-05-13 16:53:31,888] {logging_mixin.py:104} INFO - submitted
[2021-05-13 16:53:31,888] {logging_mixin.py:104} INFO - running function for: (array([1620912211000, 1620914011000]), 3)
[2021-05-13 16:53:31,889] {logging_mixin.py:104} INFO - submitted
[2021-05-13 16:53:31,889] {logging_mixin.py:104} INFO - running function for: (array([1620910411000, 1620912211000]), 1)
[2021-05-13 16:53:31,889] {logging_mixin.py:104} INFO - submitted
[2021-05-13 16:53:31,890] {logging_mixin.py:104} INFO - running function for: (array([1620910411000, 1620912211000]), 2)
[2021-05-13 16:53:31,890] {logging_mixin.py:104} INFO - submitted
[2021-05-13 16:53:31,890] {logging_mixin.py:104} INFO - running function for: (array([1620910411000, 1620912211000]), 3)
[2021-05-13 16:53:31,890] {logging_mixin.py:104} INFO - submitted
[2021-05-13 16:53:31,891] {logging_mixin.py:104} INFO - running function for: (array([1620908611000, 1620910411000]), 1)
[2021-05-13 16:53:31,891] {logging_mixin.py:104} INFO - submitted
[2021-05-13 16:53:31,891] {logging_mixin.py:104} INFO - running function for: (array([1620908611000, 1620910411000]), 2)
[2021-05-13 16:53:31,892] {logging_mixin.py:104} INFO - submitted
[2021-05-13 16:53:31,892] {logging_mixin.py:104} INFO - running function for: (array([1620908611000, 1620910411000]), 3)
[2021-05-13 16:53:31,892] {logging_mixin.py:104} INFO - submitted
[2021-05-13 16:53:31,892] {logging_mixin.py:104} INFO - running function for: (array([1620906811000, 1620908611000]), 1)
[2021-05-13 16:53:31,893] {logging_mixin.py:104} INFO - submitted
[2021-05-13 16:53:31,893] {logging_mixin.py:104} INFO - running function for: (array([1620906811000, 1620908611000]), 2)
[2021-05-13 16:53:31,893] {logging_mixin.py:104} INFO - submitted
[2021-05-13 16:53:31,894] {logging_mixin.py:104} INFO - running function for: (array([1620906811000, 1620908611000]), 3)
[2021-05-13 16:53:31,894] {logging_mixin.py:104} INFO - submitted
[2021-05-13 16:53:31,894] {logging_mixin.py:104} INFO - running function for: (array([1620905011000, 1620906811000]), 1)
[2021-05-13 16:53:31,895] {logging_mixin.py:104} INFO - submitted
[2021-05-13 16:53:31,895] {logging_mixin.py:104} INFO - running function for: (array([1620905011000, 1620906811000]), 2)
[2021-05-13 16:53:31,896] {logging_mixin.py:104} INFO - submitted
[2021-05-13 16:53:31,896] {logging_mixin.py:104} INFO - running function for: (array([1620905011000, 1620906811000]), 3)
[2021-05-13 16:53:31,897] {logging_mixin.py:104} INFO - submitted
[2021-05-13 16:53:31,897] {logging_mixin.py:104} INFO - running function for: (array([1620903211000, 1620905011000]), 1)
[2021-05-13 16:53:31,897] {logging_mixin.py:104} INFO - submitted
[2021-05-13 16:53:31,897] {logging_mixin.py:104} INFO - running function for: (array([1620903211000, 1620905011000]), 2)
[2021-05-13 16:53:31,898] {logging_mixin.py:104} INFO - submitted
[2021-05-13 16:53:31,898] {logging_mixin.py:104} INFO - running function for: (array([1620903211000, 1620905011000]), 3)
[2021-05-13 16:53:31,898] {logging_mixin.py:104} INFO - submitted
[2021-05-13 16:53:31,898] {logging_mixin.py:104} INFO - running function for: (array([1620901411000, 1620903211000]), 1)
[2021-05-13 16:53:31,899] {logging_mixin.py:104} INFO - submitted
[2021-05-13 16:53:31,899] {logging_mixin.py:104} INFO - running function for: (array([1620901411000, 1620903211000]), 2)
[2021-05-13 16:53:31,899] {logging_mixin.py:104} INFO - submitted
[2021-05-13 16:53:31,899] {logging_mixin.py:104} INFO - running function for: (array([1620901411000, 1620903211000]), 3)
[2021-05-13 16:53:31,900] {logging_mixin.py:104} INFO - submitted
[2021-05-13 16:53:31,900] {logging_mixin.py:104} INFO - running function for: (array([1620899611000, 1620901411000]), 1)
[2021-05-13 16:53:31,900] {logging_mixin.py:104} INFO - submitted
[2021-05-13 16:53:31,900] {logging_mixin.py:104} INFO - running function for: (array([1620899611000, 1620901411000]), 2)
[2021-05-13 16:53:31,901] {logging_mixin.py:104} INFO - submitted
[2021-05-13 16:53:31,901] {logging_mixin.py:104} INFO - running function for: (array([1620899611000, 1620901411000]), 3)
[2021-05-13 16:53:31,901] {logging_mixin.py:104} INFO - submitted
[2021-05-13 16:53:31,902] {logging_mixin.py:104} INFO - running function for: (array([1620897811000, 1620899611000]), 1)
[2021-05-13 16:53:31,902] {logging_mixin.py:104} INFO - submitted
[2021-05-13 16:53:31,902] {logging_mixin.py:104} INFO - running function for: (array([1620897811000, 1620899611000]), 2)
[2021-05-13 16:53:31,902] {logging_mixin.py:104} INFO - submitted
[2021-05-13 16:53:31,903] {logging_mixin.py:104} INFO - running function for: (array([1620897811000, 1620899611000]), 3)
[2021-05-13 16:53:31,903] {logging_mixin.py:104} INFO - submitted
[2021-05-13 16:53:31,905] {logging_mixin.py:104} INFO - running function for: (array([1620896011000, 1620897811000]), 1)
[2021-05-13 16:53:31,905] {logging_mixin.py:104} INFO - submitted
[2021-05-13 16:53:31,905] {logging_mixin.py:104} INFO - running function for: (array([1620896011000, 1620897811000]), 2)
[2021-05-13 16:53:31,908] {logging_mixin.py:104} INFO - submitted
[2021-05-13 16:53:31,908] {logging_mixin.py:104} INFO - running function for: (array([1620896011000, 1620897811000]), 3)
[2021-05-13 16:53:31,909] {logging_mixin.py:104} INFO - submitted
[2021-05-13 16:53:31,909] {logging_mixin.py:104} INFO - running function for: (array([1620894211000, 1620896011000]), 1)
[2021-05-13 16:53:31,910] {logging_mixin.py:104} INFO - submitted
[2021-05-13 16:53:31,910] {logging_mixin.py:104} INFO - running function for: (array([1620894211000, 1620896011000]), 2)
[2021-05-13 16:53:31,911] {logging_mixin.py:104} INFO - submitted
[2021-05-13 16:53:31,912] {logging_mixin.py:104} INFO - running function for: (array([1620894211000, 1620896011000]), 3)
[2021-05-13 16:53:31,912] {logging_mixin.py:104} INFO - submitted
[2021-05-13 16:53:31,913] {logging_mixin.py:104} INFO - running function for: (array([1620892411000, 1620894211000]), 1)
[2021-05-13 16:53:31,913] {logging_mixin.py:104} INFO - submitted
[2021-05-13 16:53:31,914] {logging_mixin.py:104} INFO - running function for: (array([1620892411000, 1620894211000]), 2)
[2021-05-13 16:53:31,914] {logging_mixin.py:104} INFO - submitted
[2021-05-13 16:53:31,914] {logging_mixin.py:104} INFO - running function for: (array([1620892411000, 1620894211000]), 3)
[2021-05-13 16:53:31,914] {logging_mixin.py:104} INFO - submitted
[2021-05-13 16:53:31,915] {logging_mixin.py:104} INFO - running function for: (array([1620890611000, 1620892411000]), 1)
[2021-05-13 16:53:31,915] {logging_mixin.py:104} INFO - submitted
[2021-05-13 16:53:31,915] {logging_mixin.py:104} INFO - running function for: (array([1620890611000, 1620892411000]), 2)
[2021-05-13 16:53:31,915] {logging_mixin.py:104} INFO - submitted
[2021-05-13 16:53:31,916] {logging_mixin.py:104} INFO - running function for: (array([1620890611000, 1620892411000]), 3)
[2021-05-13 16:53:31,916] {logging_mixin.py:104} INFO - submitted
[2021-05-13 16:53:31,916] {logging_mixin.py:104} INFO - running function for: (array([1620888811000, 1620890611000]), 1)
[2021-05-13 16:53:31,916] {logging_mixin.py:104} INFO - submitted
[2021-05-13 16:53:31,917] {logging_mixin.py:104} INFO - running function for: (array([1620888811000, 1620890611000]), 2)
[2021-05-13 16:53:31,917] {logging_mixin.py:104} INFO - submitted
[2021-05-13 16:53:31,917] {logging_mixin.py:104} INFO - running function for: (array([1620888811000, 1620890611000]), 3)
[2021-05-13 16:53:31,918] {logging_mixin.py:104} INFO - submitted
[2021-05-13 16:53:31,918] {logging_mixin.py:104} INFO - running function for: (array([1620887011000, 1620888811000]), 1)
[2021-05-13 16:53:31,918] {logging_mixin.py:104} INFO - submitted
[2021-05-13 16:53:31,918] {logging_mixin.py:104} INFO - running function for: (array([1620887011000, 1620888811000]), 2)
[2021-05-13 16:53:31,919] {logging_mixin.py:104} INFO - submitted
[2021-05-13 16:53:31,919] {logging_mixin.py:104} INFO - running function for: (array([1620887011000, 1620888811000]), 3)
[2021-05-13 16:53:31,919] {logging_mixin.py:104} INFO - submitted
[2021-05-13 16:53:31,919] {logging_mixin.py:104} INFO - running function for: (array([1620885211000, 1620887011000]), 1)
[2021-05-13 16:53:31,920] {logging_mixin.py:104} INFO - submitted
[2021-05-13 16:53:31,920] {logging_mixin.py:104} INFO - running function for: (array([1620885211000, 1620887011000]), 2)
[2021-05-13 16:53:31,920] {logging_mixin.py:104} INFO - submitted
[2021-05-13 16:53:31,920] {logging_mixin.py:104} INFO - running function for: (array([1620885211000, 1620887011000]), 3)
[2021-05-13 16:53:31,921] {logging_mixin.py:104} INFO - submitted
[2021-05-13 16:53:31,921] {logging_mixin.py:104} INFO - running function for: (array([1620883411000, 1620885211000]), 1)
[2021-05-13 16:53:31,921] {logging_mixin.py:104} INFO - submitted
[2021-05-13 16:53:31,922] {logging_mixin.py:104} INFO - running function for: (array([1620883411000, 1620885211000]), 2)
[2021-05-13 16:53:31,922] {logging_mixin.py:104} INFO - submitted
[2021-05-13 16:53:31,922] {logging_mixin.py:104} INFO - running function for: (array([1620883411000, 1620885211000]), 3)
[2021-05-13 16:53:31,923] {logging_mixin.py:104} INFO - submitted
[2021-05-13 16:53:31,923] {logging_mixin.py:104} INFO - running function for: (array([1620881611000, 1620883411000]), 1)
[2021-05-13 16:53:31,923] {logging_mixin.py:104} INFO - submitted
[2021-05-13 16:53:31,924] {logging_mixin.py:104} INFO - running function for: (array([1620881611000, 1620883411000]), 2)
[2021-05-13 16:53:31,924] {logging_mixin.py:104} INFO - submitted
[2021-05-13 16:53:31,924] {logging_mixin.py:104} INFO - running function for: (array([1620881611000, 1620883411000]), 3)
[2021-05-13 16:53:31,925] {logging_mixin.py:104} INFO - submitted
[2021-05-13 16:53:31,925] {logging_mixin.py:104} INFO - running function for: (array([1620879811000, 1620881611000]), 1)
[2021-05-13 16:53:31,925] {logging_mixin.py:104} INFO - submitted
[2021-05-13 16:53:31,926] {logging_mixin.py:104} INFO - running function for: (array([1620879811000, 1620881611000]), 2)
[2021-05-13 16:53:31,926] {logging_mixin.py:104} INFO - submitted
[2021-05-13 16:53:31,926] {logging_mixin.py:104} INFO - running function for: (array([1620879811000, 1620881611000]), 3)
[2021-05-13 16:53:31,926] {logging_mixin.py:104} INFO - submitted
[2021-05-13 16:53:31,927] {logging_mixin.py:104} INFO - running function for: (array([1620878011000, 1620879811000]), 1)
[2021-05-13 16:53:31,927] {logging_mixin.py:104} INFO - submitted
[2021-05-13 16:53:31,927] {logging_mixin.py:104} INFO - running function for: (array([1620878011000, 1620879811000]), 2)
[2021-05-13 16:53:31,928] {logging_mixin.py:104} INFO - submitted
[2021-05-13 16:53:31,928] {logging_mixin.py:104} INFO - running function for: (array([1620878011000, 1620879811000]), 3)
[2021-05-13 16:53:31,928] {logging_mixin.py:104} INFO - submitted
[2021-05-13 16:53:31,929] {logging_mixin.py:104} INFO - running function for: (array([1620876211000, 1620878011000]), 1)
[2021-05-13 16:53:31,929] {logging_mixin.py:104} INFO - submitted
[2021-05-13 16:53:31,930] {logging_mixin.py:104} INFO - running function for: (array([1620876211000, 1620878011000]), 2)
[2021-05-13 16:53:31,930] {logging_mixin.py:104} INFO - submitted
[2021-05-13 16:53:31,930] {logging_mixin.py:104} INFO - running function for: (array([1620876211000, 1620878011000]), 3)
[2021-05-13 16:53:31,930] {logging_mixin.py:104} INFO - submitted
[2021-05-13 16:53:31,931] {logging_mixin.py:104} INFO - running function for: (array([1620874411000, 1620876211000]), 1)
[2021-05-13 16:53:31,931] {logging_mixin.py:104} INFO - submitted
[2021-05-13 16:53:31,931] {logging_mixin.py:104} INFO - running function for: (array([1620874411000, 1620876211000]), 2)
[2021-05-13 16:53:31,932] {logging_mixin.py:104} INFO - submitted
[2021-05-13 16:53:31,932] {logging_mixin.py:104} INFO - running function for: (array([1620874411000, 1620876211000]), 3)
[2021-05-13 16:53:31,932] {logging_mixin.py:104} INFO - submitted
[2021-05-13 16:53:31,933] {logging_mixin.py:104} INFO - running function for: (array([1620872611000, 1620874411000]), 1)
[2021-05-13 16:53:31,933] {logging_mixin.py:104} INFO - submitted
[2021-05-13 16:53:31,933] {logging_mixin.py:104} INFO - running function for: (array([1620872611000, 1620874411000]), 2)
[2021-05-13 16:53:31,933] {logging_mixin.py:104} INFO - submitted
[2021-05-13 16:53:31,934] {logging_mixin.py:104} INFO - running function for: (array([1620872611000, 1620874411000]), 3)
[2021-05-13 16:53:31,935] {logging_mixin.py:104} INFO - submitted
[2021-05-13 16:53:31,935] {logging_mixin.py:104} INFO - running function for: (array([1620870811000, 1620872611000]), 1)
[2021-05-13 16:53:31,936] {logging_mixin.py:104} INFO - submitted
[2021-05-13 16:53:31,937] {logging_mixin.py:104} INFO - running function for: (array([1620870811000, 1620872611000]), 2)
[2021-05-13 16:53:31,939] {logging_mixin.py:104} INFO - submitted
[2021-05-13 16:53:31,939] {logging_mixin.py:104} INFO - running function for: (array([1620870811000, 1620872611000]), 3)
[2021-05-13 16:53:31,940] {logging_mixin.py:104} INFO - submitted
[2021-05-13 16:53:31,941] {logging_mixin.py:104} INFO - running function for: (array([1620869011000, 1620870811000]), 1)
[2021-05-13 16:53:31,942] {logging_mixin.py:104} INFO - submitted
[2021-05-13 16:53:31,942] {logging_mixin.py:104} INFO - running function for: (array([1620869011000, 1620870811000]), 2)
[2021-05-13 16:53:31,944] {logging_mixin.py:104} INFO - submitted
[2021-05-13 16:53:31,944] {logging_mixin.py:104} INFO - running function for: (array([1620869011000, 1620870811000]), 3)
[2021-05-13 16:53:31,945] {logging_mixin.py:104} INFO - submitted
[2021-05-13 16:53:31,946] {logging_mixin.py:104} INFO - running function for: (array([1620867211000, 1620869011000]), 1)
[2021-05-13 16:53:31,947] {logging_mixin.py:104} INFO - submitted
[2021-05-13 16:53:31,948] {logging_mixin.py:104} INFO - running function for: (array([1620867211000, 1620869011000]), 2)
[2021-05-13 16:53:31,948] {logging_mixin.py:104} INFO - submitted
[2021-05-13 16:53:31,949] {logging_mixin.py:104} INFO - running function for: (array([1620867211000, 1620869011000]), 3)
[2021-05-13 16:53:31,949] {logging_mixin.py:104} INFO - submitted
[2021-05-13 16:53:31,950] {logging_mixin.py:104} INFO - running function for: (array([1620865411000, 1620867211000]), 1)
[2021-05-13 16:53:31,950] {logging_mixin.py:104} INFO - submitted
[2021-05-13 16:53:31,952] {logging_mixin.py:104} INFO - running function for: (array([1620865411000, 1620867211000]), 2)
[2021-05-13 16:53:31,952] {logging_mixin.py:104} INFO - submitted
[2021-05-13 16:53:31,953] {logging_mixin.py:104} INFO - running function for: (array([1620865411000, 1620867211000]), 3)
[2021-05-13 16:53:31,953] {logging_mixin.py:104} INFO - submitted
[2021-05-13 16:53:31,954] {logging_mixin.py:104} INFO - running function for: (array([1620863611000, 1620865411000]), 1)
[2021-05-13 16:53:31,954] {logging_mixin.py:104} INFO - submitted
[2021-05-13 16:53:31,954] {logging_mixin.py:104} INFO - running function for: (array([1620863611000, 1620865411000]), 2)
[2021-05-13 16:53:31,955] {logging_mixin.py:104} INFO - submitted
[2021-05-13 16:53:31,955] {logging_mixin.py:104} INFO - running function for: (array([1620863611000, 1620865411000]), 3)
[2021-05-13 16:53:31,957] {logging_mixin.py:104} INFO - submitted
[2021-05-13 16:53:31,957] {logging_mixin.py:104} INFO - running function for: (array([1620861811000, 1620863611000]), 1)
[2021-05-13 16:53:31,957] {logging_mixin.py:104} INFO - submitted
[2021-05-13 16:53:31,958] {logging_mixin.py:104} INFO - running function for: (array([1620861811000, 1620863611000]), 2)
[2021-05-13 16:53:31,958] {logging_mixin.py:104} INFO - submitted
[2021-05-13 16:53:31,958] {logging_mixin.py:104} INFO - running function for: (array([1620861811000, 1620863611000]), 3)
[2021-05-13 16:53:31,959] {logging_mixin.py:104} INFO - submitted
[2021-05-13 16:53:31,959] {logging_mixin.py:104} INFO - running function for: (array([1620860011000, 1620861811000]), 1)
[2021-05-13 16:53:31,959] {logging_mixin.py:104} INFO - submitted
[2021-05-13 16:53:31,960] {logging_mixin.py:104} INFO - running function for: (array([1620860011000, 1620861811000]), 2)
[2021-05-13 16:53:31,960] {logging_mixin.py:104} INFO - submitted
[2021-05-13 16:53:31,961] {logging_mixin.py:104} INFO - running function for: (array([1620860011000, 1620861811000]), 3)
[2021-05-13 16:53:31,961] {logging_mixin.py:104} INFO - submitted
[2021-05-13 16:53:31,961] {logging_mixin.py:104} INFO - running function for: (array([1620858211000, 1620860011000]), 1)
[2021-05-13 16:53:31,961] {logging_mixin.py:104} INFO - submitted
[2021-05-13 16:53:31,962] {logging_mixin.py:104} INFO - running function for: (array([1620858211000, 1620860011000]), 2)
[2021-05-13 16:53:31,962] {logging_mixin.py:104} INFO - submitted
[2021-05-13 16:53:31,963] {logging_mixin.py:104} INFO - running function for: (array([1620858211000, 1620860011000]), 3)
[2021-05-13 16:53:31,963] {logging_mixin.py:104} INFO - submitted
[2021-05-13 16:53:31,963] {logging_mixin.py:104} INFO - running function for: (array([1620856411000, 1620858211000]), 1)
[2021-05-13 16:53:31,964] {logging_mixin.py:104} INFO - submitted
[2021-05-13 16:53:31,964] {logging_mixin.py:104} INFO - running function for: (array([1620856411000, 1620858211000]), 2)
[2021-05-13 16:53:31,964] {logging_mixin.py:104} INFO - submitted
[2021-05-13 16:53:31,964] {logging_mixin.py:104} INFO - running function for: (array([1620856411000, 1620858211000]), 3)
[2021-05-13 16:53:31,965] {logging_mixin.py:104} INFO - submitted
[2021-05-13 16:53:31,965] {logging_mixin.py:104} INFO - running function for: (array([1620854611000, 1620856411000]), 1)
[2021-05-13 16:53:31,965] {logging_mixin.py:104} INFO - submitted
[2021-05-13 16:53:31,965] {logging_mixin.py:104} INFO - running function for: (array([1620854611000, 1620856411000]), 2)
[2021-05-13 16:53:31,966] {logging_mixin.py:104} INFO - submitted
[2021-05-13 16:53:31,966] {logging_mixin.py:104} INFO - running function for: (array([1620854611000, 1620856411000]), 3)
[2021-05-13 16:53:31,966] {logging_mixin.py:104} INFO - submitted
[2021-05-13 16:53:31,966] {logging_mixin.py:104} INFO - running function for: (array([1620852811000, 1620854611000]), 1)
[2021-05-13 16:53:31,966] {logging_mixin.py:104} INFO - submitted
[2021-05-13 16:53:31,967] {logging_mixin.py:104} INFO - running function for: (array([1620852811000, 1620854611000]), 2)
[2021-05-13 16:53:31,967] {logging_mixin.py:104} INFO - submitted
[2021-05-13 16:53:31,967] {logging_mixin.py:104} INFO - running function for: (array([1620852811000, 1620854611000]), 3)
[2021-05-13 16:53:31,968] {logging_mixin.py:104} INFO - submitted
[2021-05-13 16:53:31,968] {logging_mixin.py:104} INFO - running function for: (array([1620851011000, 1620852811000]), 1)
[2021-05-13 16:53:31,968] {logging_mixin.py:104} INFO - submitted
[2021-05-13 16:53:31,968] {logging_mixin.py:104} INFO - running function for: (array([1620851011000, 1620852811000]), 2)
[2021-05-13 16:53:31,969] {logging_mixin.py:104} INFO - submitted
[2021-05-13 16:53:31,969] {logging_mixin.py:104} INFO - running function for: (array([1620851011000, 1620852811000]), 3)
[2021-05-13 16:53:31,969] {logging_mixin.py:104} INFO - submitted
[2021-05-13 16:53:31,970] {logging_mixin.py:104} INFO - running function for: (array([1620849211000, 1620851011000]), 1)
[2021-05-13 16:53:31,970] {logging_mixin.py:104} INFO - submitted
[2021-05-13 16:53:31,970] {logging_mixin.py:104} INFO - running function for: (array([1620849211000, 1620851011000]), 2)
[2021-05-13 16:53:31,970] {logging_mixin.py:104} INFO - submitted
[2021-05-13 16:53:31,971] {logging_mixin.py:104} INFO - running function for: (array([1620849211000, 1620851011000]), 3)
[2021-05-13 16:53:31,971] {logging_mixin.py:104} INFO - submitted
[2021-05-13 16:53:33,242] {logging_mixin.py:104} INFO - https://cdn.iqoption.com/api/quotes-history/quotes/3.0?to=1620930211000&from=1620928411000&active_id=3&only_round=true&_key=1614903660000
[2021-05-13 16:53:35,805] {logging_mixin.py:104} INFO - https://cdn.iqoption.com/api/quotes-history/quotes/3.0?to=1620928411000&from=1620926611000&active_id=1&only_round=true&_key=1614903660000
[2021-05-13 16:53:35,849] {logging_mixin.py:104} INFO - https://cdn.iqoption.com/api/quotes-history/quotes/3.0?to=1620928411000&from=1620926611000&active_id=2&only_round=true&_key=1614903660000
[2021-05-13 16:53:35,855] {logging_mixin.py:104} INFO - https://cdn.iqoption.com/api/quotes-history/quotes/3.0?to=1620928411000&from=1620926611000&active_id=3&only_round=true&_key=1614903660000
[2021-05-13 16:53:35,857] {logging_mixin.py:104} INFO - https://cdn.iqoption.com/api/quotes-history/quotes/3.0?to=1620926611000&from=1620924811000&active_id=1&only_round=true&_key=1614903660000
[2021-05-13 16:53:35,921] {logging_mixin.py:104} INFO - https://cdn.iqoption.com/api/quotes-history/quotes/3.0?to=1620926611000&from=1620924811000&active_id=2&only_round=true&_key=1614903660000
[2021-05-13 16:53:35,925] {logging_mixin.py:104} INFO - https://cdn.iqoption.com/api/quotes-history/quotes/3.0?to=1620926611000&from=1620924811000&active_id=3&only_round=true&_key=1614903660000
[2021-05-13 16:53:36,013] {logging_mixin.py:104} INFO - https://cdn.iqoption.com/api/quotes-history/quotes/3.0?to=1620924811000&from=1620923011000&active_id=1&only_round=true&_key=1614903660000
[2021-05-13 16:53:37,162] {logging_mixin.py:104} INFO - https://cdn.iqoption.com/api/quotes-history/quotes/3.0?to=1620924811000&from=1620923011000&active_id=2&only_round=true&_key=1614903660000
[2021-05-13 16:53:38,054] {logging_mixin.py:104} INFO - https://cdn.iqoption.com/api/quotes-history/quotes/3.0?to=1620924811000&from=1620923011000&active_id=3&only_round=true&_key=1614903660000
[2021-05-13 16:53:38,126] {logging_mixin.py:104} INFO - https://cdn.iqoption.com/api/quotes-history/quotes/3.0?to=1620923011000&from=1620921211000&active_id=1&only_round=true&_key=1614903660000
[2021-05-13 16:53:38,132] {logging_mixin.py:104} INFO - https://cdn.iqoption.com/api/quotes-history/quotes/3.0?to=1620923011000&from=1620921211000&active_id=2&only_round=true&_key=1614903660000
[2021-05-13 16:53:38,142] {logging_mixin.py:104} INFO - https://cdn.iqoption.com/api/quotes-history/quotes/3.0?to=1620923011000&from=1620921211000&active_id=3&only_round=true&_key=1614903660000
[2021-05-13 16:53:38,171] {logging_mixin.py:104} INFO - https://cdn.iqoption.com/api/quotes-history/quotes/3.0?to=1620921211000&from=1620919411000&active_id=1&only_round=true&_key=1614903660000
[2021-05-13 16:53:38,191] {logging_mixin.py:104} INFO - https://cdn.iqoption.com/api/quotes-history/quotes/3.0?to=1620921211000&from=1620919411000&active_id=2&only_round=true&_key=1614903660000
[2021-05-13 16:53:38,331] {logging_mixin.py:104} INFO - https://cdn.iqoption.com/api/quotes-history/quotes/3.0?to=1620921211000&from=1620919411000&active_id=3&only_round=true&_key=1614903660000
[2021-05-13 16:53:39,319] {logging_mixin.py:104} INFO - https://cdn.iqoption.com/api/quotes-history/quotes/3.0?to=1620919411000&from=1620917611000&active_id=1&only_round=true&_key=1614903660000
[2021-05-13 16:53:39,982] {logging_mixin.py:104} INFO - https://cdn.iqoption.com/api/quotes-history/quotes/3.0?to=1620919411000&from=1620917611000&active_id=2&only_round=true&_key=1614903660000
[2021-05-13 16:53:40,097] {logging_mixin.py:104} INFO - https://cdn.iqoption.com/api/quotes-history/quotes/3.0?to=1620919411000&from=1620917611000&active_id=3&only_round=true&_key=1614903660000
[2021-05-13 16:53:40,157] {logging_mixin.py:104} INFO - https://cdn.iqoption.com/api/quotes-history/quotes/3.0?to=1620917611000&from=1620915811000&active_id=1&only_round=true&_key=1614903660000
[2021-05-13 16:53:40,222] {logging_mixin.py:104} INFO - https://cdn.iqoption.com/api/quotes-history/quotes/3.0?to=1620917611000&from=1620915811000&active_id=2&only_round=true&_key=1614903660000
[2021-05-13 16:53:40,227] {logging_mixin.py:104} INFO - https://cdn.iqoption.com/api/quotes-history/quotes/3.0?to=1620917611000&from=1620915811000&active_id=3&only_round=true&_key=1614903660000
[2021-05-13 16:53:40,244] {logging_mixin.py:104} INFO - https://cdn.iqoption.com/api/quotes-history/quotes/3.0?to=1620915811000&from=1620914011000&active_id=1&only_round=true&_key=1614903660000
[2021-05-13 16:53:40,653] {logging_mixin.py:104} INFO - https://cdn.iqoption.com/api/quotes-history/quotes/3.0?to=1620915811000&from=1620914011000&active_id=2&only_round=true&_key=1614903660000
[2021-05-13 16:53:41,031] {logging_mixin.py:104} INFO - https://cdn.iqoption.com/api/quotes-history/quotes/3.0?to=1620915811000&from=1620914011000&active_id=3&only_round=true&_key=1614903660000
[2021-05-13 16:53:41,630] {logging_mixin.py:104} INFO - https://cdn.iqoption.com/api/quotes-history/quotes/3.0?to=1620914011000&from=1620912211000&active_id=1&only_round=true&_key=1614903660000
[2021-05-13 16:53:41,634] {logging_mixin.py:104} INFO - https://cdn.iqoption.com/api/quotes-history/quotes/3.0?to=1620914011000&from=1620912211000&active_id=2&only_round=true&_key=1614903660000
[2021-05-13 16:53:41,886] {logging_mixin.py:104} INFO - https://cdn.iqoption.com/api/quotes-history/quotes/3.0?to=1620914011000&from=1620912211000&active_id=3&only_round=true&_key=1614903660000
[2021-05-13 16:53:41,947] {logging_mixin.py:104} INFO - https://cdn.iqoption.com/api/quotes-history/quotes/3.0?to=1620912211000&from=1620910411000&active_id=1&only_round=true&_key=1614903660000
[2021-05-13 16:53:41,954] {logging_mixin.py:104} INFO - https://cdn.iqoption.com/api/quotes-history/quotes/3.0?to=1620912211000&from=1620910411000&active_id=2&only_round=true&_key=1614903660000
[2021-05-13 16:53:42,108] {logging_mixin.py:104} INFO - https://cdn.iqoption.com/api/quotes-history/quotes/3.0?to=1620912211000&from=1620910411000&active_id=3&only_round=true&_key=1614903660000
[2021-05-13 16:53:42,267] {logging_mixin.py:104} INFO - https://cdn.iqoption.com/api/quotes-history/quotes/3.0?to=1620910411000&from=1620908611000&active_id=1&only_round=true&_key=1614903660000
[2021-05-13 16:53:42,747] {logging_mixin.py:104} INFO - https://cdn.iqoption.com/api/quotes-history/quotes/3.0?to=1620910411000&from=1620908611000&active_id=2&only_round=true&_key=1614903660000
[2021-05-13 16:53:43,350] {logging_mixin.py:104} INFO - https://cdn.iqoption.com/api/quotes-history/quotes/3.0?to=1620910411000&from=1620908611000&active_id=3&only_round=true&_key=1614903660000
[2021-05-13 16:53:43,352] {logging_mixin.py:104} INFO - https://cdn.iqoption.com/api/quotes-history/quotes/3.0?to=1620908611000&from=1620906811000&active_id=1&only_round=true&_key=1614903660000
[2021-05-13 16:53:43,598] {logging_mixin.py:104} INFO - https://cdn.iqoption.com/api/quotes-history/quotes/3.0?to=1620908611000&from=1620906811000&active_id=2&only_round=true&_key=1614903660000
[2021-05-13 16:53:43,599] {logging_mixin.py:104} INFO - https://cdn.iqoption.com/api/quotes-history/quotes/3.0?to=1620908611000&from=1620906811000&active_id=2&only_round=true&_key=1614903660000
https://cdn.iqoption.com/api/quotes-history/quotes/3.0?to=1620908611000&from=1620906811000&active_id=3&only_round=true&_key=1614903660000
[2021-05-13 16:53:43,700] {logging_mixin.py:104} INFO - https://cdn.iqoption.com/api/quotes-history/quotes/3.0?to=1620906811000&from=1620905011000&active_id=1&only_round=true&_key=1614903660000
[2021-05-13 16:53:43,746] {logging_mixin.py:104} INFO - https://cdn.iqoption.com/api/quotes-history/quotes/3.0?to=1620906811000&from=1620905011000&active_id=2&only_round=true&_key=1614903660000
[2021-05-13 16:53:43,835] {logging_mixin.py:104} INFO - https://cdn.iqoption.com/api/quotes-history/quotes/3.0?to=1620906811000&from=1620905011000&active_id=3&only_round=true&_key=1614903660000
[2021-05-13 16:53:44,471] {logging_mixin.py:104} INFO - https://cdn.iqoption.com/api/quotes-history/quotes/3.0?to=1620905011000&from=1620903211000&active_id=1&only_round=true&_key=1614903660000
[2021-05-13 16:53:45,032] {logging_mixin.py:104} INFO - https://cdn.iqoption.com/api/quotes-history/quotes/3.0?to=1620905011000&from=1620903211000&active_id=2&only_round=true&_key=1614903660000
[2021-05-13 16:53:45,057] {logging_mixin.py:104} INFO - https://cdn.iqoption.com/api/quotes-history/quotes/3.0?to=1620905011000&from=1620903211000&active_id=3&only_round=true&_key=1614903660000
[2021-05-13 16:53:45,252] {logging_mixin.py:104} INFO - https://cdn.iqoption.com/api/quotes-history/quotes/3.0?to=1620903211000&from=1620901411000&active_id=1&only_round=true&_key=1614903660000
[2021-05-13 16:53:45,264] {logging_mixin.py:104} INFO - https://cdn.iqoption.com/api/quotes-history/quotes/3.0?to=1620903211000&from=1620901411000&active_id=2&only_round=true&_key=1614903660000
[2021-05-13 16:53:45,364] {logging_mixin.py:104} INFO - https://cdn.iqoption.com/api/quotes-history/quotes/3.0?to=1620903211000&from=1620901411000&active_id=3&only_round=true&_key=1614903660000
[2021-05-13 16:53:45,418] {logging_mixin.py:104} INFO - https://cdn.iqoption.com/api/quotes-history/quotes/3.0?to=1620901411000&from=1620899611000&active_id=1&only_round=true&_key=1614903660000
[2021-05-13 16:53:45,472] {logging_mixin.py:104} INFO - https://cdn.iqoption.com/api/quotes-history/quotes/3.0?to=1620901411000&from=1620899611000&active_id=2&only_round=true&_key=1614903660000
[2021-05-13 16:53:46,045] {logging_mixin.py:104} INFO - https://cdn.iqoption.com/api/quotes-history/quotes/3.0?to=1620901411000&from=1620899611000&active_id=3&only_round=true&_key=1614903660000
[2021-05-13 16:53:46,646] {logging_mixin.py:104} INFO - https://cdn.iqoption.com/api/quotes-history/quotes/3.0?to=1620899611000&from=1620897811000&active_id=1&only_round=true&_key=1614903660000
[2021-05-13 16:53:46,664] {logging_mixin.py:104} INFO - https://cdn.iqoption.com/api/quotes-history/quotes/3.0?to=1620899611000&from=1620897811000&active_id=2&only_round=true&_key=1614903660000
[2021-05-13 16:53:46,838] {logging_mixin.py:104} INFO - https://cdn.iqoption.com/api/quotes-history/quotes/3.0?to=1620899611000&from=1620897811000&active_id=3&only_round=true&_key=1614903660000
[2021-05-13 16:53:46,914] {logging_mixin.py:104} INFO - https://cdn.iqoption.com/api/quotes-history/quotes/3.0?to=1620897811000&from=1620896011000&active_id=1&only_round=true&_key=1614903660000
[2021-05-13 16:53:46,922] {logging_mixin.py:104} INFO - https://cdn.iqoption.com/api/quotes-history/quotes/3.0?to=1620897811000&from=1620896011000&active_id=2&only_round=true&_key=1614903660000
[2021-05-13 16:53:47,064] {logging_mixin.py:104} INFO - https://cdn.iqoption.com/api/quotes-history/quotes/3.0?to=1620897811000&from=1620896011000&active_id=3&only_round=true&_key=1614903660000
[2021-05-13 16:53:47,089] {logging_mixin.py:104} INFO - https://cdn.iqoption.com/api/quotes-history/quotes/3.0?to=1620896011000&from=1620894211000&active_id=1&only_round=true&_key=1614903660000
[2021-05-13 16:53:47,602] {logging_mixin.py:104} INFO - https://cdn.iqoption.com/api/quotes-history/quotes/3.0?to=1620896011000&from=1620894211000&active_id=2&only_round=true&_key=1614903660000
[2021-05-13 16:53:48,226] {logging_mixin.py:104} INFO - https://cdn.iqoption.com/api/quotes-history/quotes/3.0?to=1620896011000&from=1620894211000&active_id=3&only_round=true&_key=1614903660000
[2021-05-13 16:53:48,258] {logging_mixin.py:104} INFO - https://cdn.iqoption.com/api/quotes-history/quotes/3.0?to=1620894211000&from=1620892411000&active_id=1&only_round=true&_key=1614903660000
[2021-05-13 16:53:48,392] {logging_mixin.py:104} INFO - https://cdn.iqoption.com/api/quotes-history/quotes/3.0?to=1620894211000&from=1620892411000&active_id=2&only_round=true&_key=1614903660000
[2021-05-13 16:53:48,478] {logging_mixin.py:104} INFO - https://cdn.iqoption.com/api/quotes-history/quotes/3.0?to=1620894211000&from=1620892411000&active_id=3&only_round=true&_key=1614903660000
[2021-05-13 16:53:48,495] {logging_mixin.py:104} INFO - https://cdn.iqoption.com/api/quotes-history/quotes/3.0?to=1620892411000&from=1620890611000&active_id=1&only_round=true&_key=1614903660000
[2021-05-13 16:53:48,619] {logging_mixin.py:104} INFO - https://cdn.iqoption.com/api/quotes-history/quotes/3.0?to=1620892411000&from=1620890611000&active_id=2&only_round=true&_key=1614903660000
[2021-05-13 16:53:48,635] {logging_mixin.py:104} INFO - https://cdn.iqoption.com/api/quotes-history/quotes/3.0?to=1620892411000&from=1620890611000&active_id=3&only_round=true&_key=1614903660000
[2021-05-13 16:53:49,125] {logging_mixin.py:104} INFO - https://cdn.iqoption.com/api/quotes-history/quotes/3.0?to=1620890611000&from=1620888811000&active_id=1&only_round=true&_key=1614903660000
[2021-05-13 16:53:49,822] {logging_mixin.py:104} INFO - https://cdn.iqoption.com/api/quotes-history/quotes/3.0?to=1620890611000&from=1620888811000&active_id=2&only_round=true&_key=1614903660000
[2021-05-13 16:53:49,833] {logging_mixin.py:104} INFO - https://cdn.iqoption.com/api/quotes-history/quotes/3.0?to=1620890611000&from=1620888811000&active_id=3&only_round=true&_key=1614903660000
[2021-05-13 16:53:49,933] {logging_mixin.py:104} INFO - https://cdn.iqoption.com/api/quotes-history/quotes/3.0?to=1620888811000&from=1620887011000&active_id=1&only_round=true&_key=1614903660000
[2021-05-13 16:53:50,093] {logging_mixin.py:104} INFO - https://cdn.iqoption.com/api/quotes-history/quotes/3.0?to=1620888811000&from=1620887011000&active_id=2&only_round=true&_key=1614903660000
[2021-05-13 16:53:50,104] {logging_mixin.py:104} INFO - https://cdn.iqoption.com/api/quotes-history/quotes/3.0?to=1620888811000&from=1620887011000&active_id=3&only_round=true&_key=1614903660000
[2021-05-13 16:53:50,182] {logging_mixin.py:104} INFO - https://cdn.iqoption.com/api/quotes-history/quotes/3.0?to=1620887011000&from=1620885211000&active_id=1&only_round=true&_key=1614903660000
[2021-05-13 16:53:50,667] {logging_mixin.py:104} INFO - https://cdn.iqoption.com/api/quotes-history/quotes/3.0?to=1620887011000&from=1620885211000&active_id=2&only_round=true&_key=1614903660000
[2021-05-13 16:53:51,433] {logging_mixin.py:104} INFO - https://cdn.iqoption.com/api/quotes-history/quotes/3.0?to=1620887011000&from=1620885211000&active_id=3&only_round=true&_key=1614903660000
[2021-05-13 16:53:51,434] {logging_mixin.py:104} INFO - https://cdn.iqoption.com/api/quotes-history/quotes/3.0?to=1620885211000&from=1620883411000&active_id=1&only_round=true&_key=1614903660000
[2021-05-13 16:53:51,493] {logging_mixin.py:104} INFO - https://cdn.iqoption.com/api/quotes-history/quotes/3.0?to=1620885211000&from=1620883411000&active_id=2&only_round=true&_key=1614903660000
[2021-05-13 16:53:51,611] {logging_mixin.py:104} INFO - https://cdn.iqoption.com/api/quotes-history/quotes/3.0?to=1620885211000&from=1620883411000&active_id=3&only_round=true&_key=1614903660000
[2021-05-13 16:53:51,714] {logging_mixin.py:104} INFO - https://cdn.iqoption.com/api/quotes-history/quotes/3.0?to=1620883411000&from=1620881611000&active_id=1&only_round=true&_key=1614903660000
[2021-05-13 16:53:52,231] {logging_mixin.py:104} INFO - https://cdn.iqoption.com/api/quotes-history/quotes/3.0?to=1620883411000&from=1620881611000&active_id=2&only_round=true&_key=1614903660000
[2021-05-13 16:53:52,293] {logging_mixin.py:104} INFO - https://cdn.iqoption.com/api/quotes-history/quotes/3.0?to=1620883411000&from=1620881611000&active_id=3&only_round=true&_key=1614903660000
[2021-05-13 16:53:53,061] {logging_mixin.py:104} INFO - https://cdn.iqoption.com/api/quotes-history/quotes/3.0?to=1620881611000&from=1620879811000&active_id=1&only_round=true&_key=1614903660000
[2021-05-13 16:53:53,076] {logging_mixin.py:104} INFO - https://cdn.iqoption.com/api/quotes-history/quotes/3.0?to=1620881611000&from=1620879811000&active_id=2&only_round=true&_key=1614903660000
[2021-05-13 16:53:53,300] {logging_mixin.py:104} INFO - https://cdn.iqoption.com/api/quotes-history/quotes/3.0?to=1620881611000&from=1620879811000&active_id=3&only_round=true&_key=1614903660000
[2021-05-13 16:53:53,725] {logging_mixin.py:104} INFO - https://cdn.iqoption.com/api/quotes-history/quotes/3.0?to=1620879811000&from=1620878011000&active_id=1&only_round=true&_key=1614903660000
[2021-05-13 16:53:53,872] {logging_mixin.py:104} INFO - https://cdn.iqoption.com/api/quotes-history/quotes/3.0?to=1620879811000&from=1620878011000&active_id=2&only_round=true&_key=1614903660000
[2021-05-13 17:10:57,407] {process_utils.py:100} INFO - Sending Signals.SIGTERM to GPID 15394
[2021-05-13 17:10:57,409] {taskinstance.py:1265} ERROR - Received SIGTERM. Terminating subprocesses.
[2021-05-13 17:10:57,438] {taskinstance.py:1482} ERROR - Task failed with exception
Traceback (most recent call last):
  File "/Library/Frameworks/Python.framework/Versions/3.7/lib/python3.7/site-packages/airflow/models/taskinstance.py", line 1138, in _run_raw_task
    self._prepare_and_execute_task_with_callbacks(context, task)
  File "/Library/Frameworks/Python.framework/Versions/3.7/lib/python3.7/site-packages/airflow/models/taskinstance.py", line 1311, in _prepare_and_execute_task_with_callbacks
    result = self._execute_task(context, task_copy)
  File "/Library/Frameworks/Python.framework/Versions/3.7/lib/python3.7/site-packages/airflow/models/taskinstance.py", line 1341, in _execute_task
    result = task_copy.execute(context=context)
  File "/Library/Frameworks/Python.framework/Versions/3.7/lib/python3.7/site-packages/airflow/operators/python.py", line 117, in execute
    return_value = self.execute_callable()
  File "/Library/Frameworks/Python.framework/Versions/3.7/lib/python3.7/site-packages/airflow/operators/python.py", line 128, in execute_callable
    return self.python_callable(*self.op_args, **self.op_kwargs)
  File "/Users/raphaelcarvalho/Documents/forex/load_data_to_s3.py", line 28, in load_data_to_s3
    f.run_etl(min_ts=date_from, end_ts=date_to, step=step, active_id=active_ids, date=today)
  File "/Users/raphaelcarvalho/Documents/forex/functions.py", line 138, in run_etl
    processed_data = process_data(api_calls, date, n_threads=8)
  File "/Users/raphaelcarvalho/Documents/forex/functions.py", line 123, in process_data
    print("submitted")
  File "/Library/Frameworks/Python.framework/Versions/3.7/lib/python3.7/concurrent/futures/_base.py", line 611, in __exit__
    self.shutdown(wait=True)
  File "/Library/Frameworks/Python.framework/Versions/3.7/lib/python3.7/concurrent/futures/thread.py", line 204, in shutdown
    t.join()
  File "/Library/Frameworks/Python.framework/Versions/3.7/lib/python3.7/threading.py", line 1032, in join
    self._wait_for_tstate_lock()
  File "/Library/Frameworks/Python.framework/Versions/3.7/lib/python3.7/threading.py", line 1048, in _wait_for_tstate_lock
    elif lock.acquire(block, timeout):
  File "/Library/Frameworks/Python.framework/Versions/3.7/lib/python3.7/site-packages/airflow/models/taskinstance.py", line 1267, in signal_handler
    raise AirflowException("Task received SIGTERM signal")
airflow.exceptions.AirflowException: Task received SIGTERM signal
[2021-05-13 17:10:57,454] {taskinstance.py:1532} INFO - Marking task as FAILED. dag_id=etl, task_id=loading_data_to_s3, execution_date=20210513T195316, start_date=20210513T195330, end_date=20210513T201057
[2021-05-13 17:10:57,510] {process_utils.py:66} INFO - Process psutil.Process(pid=15394, status='terminated', exitcode=1, started='16:53:30') (15394) terminated with exit code 1
