[2021-05-14 19:40:38,861] {taskinstance.py:877} INFO - Dependencies all met for <TaskInstance: etl.insert_data_redshift 2021-05-14T22:38:16.731427+00:00 [queued]>
[2021-05-14 19:40:38,868] {taskinstance.py:877} INFO - Dependencies all met for <TaskInstance: etl.insert_data_redshift 2021-05-14T22:38:16.731427+00:00 [queued]>
[2021-05-14 19:40:38,868] {taskinstance.py:1068} INFO - 
--------------------------------------------------------------------------------
[2021-05-14 19:40:38,868] {taskinstance.py:1069} INFO - Starting attempt 1 of 1
[2021-05-14 19:40:38,868] {taskinstance.py:1070} INFO - 
--------------------------------------------------------------------------------
[2021-05-14 19:40:38,874] {taskinstance.py:1089} INFO - Executing <Task(StageToRedshiftOperator): insert_data_redshift> on 2021-05-14T22:38:16.731427+00:00
[2021-05-14 19:40:38,878] {standard_task_runner.py:52} INFO - Started process 25860 to run task
[2021-05-14 19:40:38,886] {standard_task_runner.py:76} INFO - Running: ['airflow', 'tasks', 'run', 'etl', 'insert_data_redshift', '2021-05-14T22:38:16.731427+00:00', '--job-id', '575', '--pool', 'default_pool', '--raw', '--subdir', 'DAGS_FOLDER/etl_dag.py', '--cfg-path', '/var/folders/_f/vg3x3jmj23bcz6s88l7v6fb40000gn/T/tmpl0qfsgit', '--error-file', '/var/folders/_f/vg3x3jmj23bcz6s88l7v6fb40000gn/T/tmp45ixh65a']
[2021-05-14 19:40:38,887] {standard_task_runner.py:77} INFO - Job 575: Subtask insert_data_redshift
[2021-05-14 19:40:38,920] {logging_mixin.py:104} INFO - Running <TaskInstance: etl.insert_data_redshift 2021-05-14T22:38:16.731427+00:00 [running]> on host 27.2.168.192.in-addr.arpa
[2021-05-14 19:40:38,944] {taskinstance.py:1283} INFO - Exporting the following env vars:
AIRFLOW_CTX_DAG_OWNER=udacity
AIRFLOW_CTX_DAG_ID=etl
AIRFLOW_CTX_TASK_ID=insert_data_redshift
AIRFLOW_CTX_EXECUTION_DATE=2021-05-14T22:38:16.731427+00:00
AIRFLOW_CTX_DAG_RUN_ID=manual__2021-05-14T22:38:16.731427+00:00
[2021-05-14 19:40:38,945] {base_aws.py:368} INFO - Airflow Connection: aws_conn_id=aws_credentials
[2021-05-14 19:40:38,948] {base_aws.py:166} INFO - Credentials retrieved from login
[2021-05-14 19:40:38,948] {base_aws.py:87} INFO - Creating session with aws_access_key_id=AKIAQ74WHTWTHRQEC6BU region_name=None
[2021-05-14 19:40:38,959] {base_aws.py:157} INFO - role_arn is None
[2021-05-14 19:40:38,960] {insert_data_redshift.py:51} INFO - Copying data from S3 to Redshift
[2021-05-14 19:40:38,960] {insert_data_redshift.py:53} INFO - Rendered Key: consolidated_data
[2021-05-14 19:40:38,962] {base.py:78} INFO - Using connection to: id: redshift. Host: redshift-cluster-1.caua6g9a7jto.us-east-1.redshift.amazonaws.com, Port: 5439, Schema: dev, Login: awsuser, Password: XXXXXXXX, extra: None
[2021-05-14 19:40:40,050] {dbapi.py:180} INFO - Running statement: 
        COPY forex.binary_options_historical_quotes
        FROM 's3://udac-forex-project/consolidated_data'
        ACCESS_KEY_ID 'AKIAQ74WHTWTHRQEC6BU'
        SECRET_ACCESS_KEY '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'
        REGION AS 'us-east-1'
        FORMAT AS CSV
        DELIMITER AS ','
        TIMEFORMAT 'epochsecs'
        IGNOREHEADER 1
        NULL AS 'NULL'
        BLANKSASNULL
        ;
    , parameters: None
[2021-05-14 19:40:46,169] {dbapi.py:186} INFO - Rows affected: -1
[2021-05-14 19:40:46,388] {taskinstance.py:1192} INFO - Marking task as SUCCESS. dag_id=etl, task_id=insert_data_redshift, execution_date=20210514T223816, start_date=20210514T224038, end_date=20210514T224046
[2021-05-14 19:40:46,433] {taskinstance.py:1246} INFO - 1 downstream tasks scheduled from follow-on schedule check
[2021-05-14 19:40:46,449] {local_task_job.py:146} INFO - Task exited with return code 0
