[2021-05-15 08:24:50,380] {taskinstance.py:877} INFO - Dependencies all met for <TaskInstance: etl.create_dim_table 2021-05-15T07:00:00+00:00 [queued]>
[2021-05-15 08:24:50,461] {taskinstance.py:877} INFO - Dependencies all met for <TaskInstance: etl.create_dim_table 2021-05-15T07:00:00+00:00 [queued]>
[2021-05-15 08:24:50,462] {taskinstance.py:1068} INFO - 
--------------------------------------------------------------------------------
[2021-05-15 08:24:50,463] {taskinstance.py:1069} INFO - Starting attempt 1 of 1
[2021-05-15 08:24:50,464] {taskinstance.py:1070} INFO - 
--------------------------------------------------------------------------------
[2021-05-15 08:24:50,528] {taskinstance.py:1089} INFO - Executing <Task(ExecuteQueryOperator): create_dim_table> on 2021-05-15T07:00:00+00:00
[2021-05-15 08:24:50,560] {standard_task_runner.py:52} INFO - Started process 26874 to run task
[2021-05-15 08:24:50,642] {standard_task_runner.py:76} INFO - Running: ['airflow', 'tasks', 'run', 'etl', 'create_dim_table', '2021-05-15T07:00:00+00:00', '--job-id', '633', '--pool', 'default_pool', '--raw', '--subdir', 'DAGS_FOLDER/etl_dag.py', '--cfg-path', '/var/folders/_f/vg3x3jmj23bcz6s88l7v6fb40000gn/T/tmp130i4gvy', '--error-file', '/var/folders/_f/vg3x3jmj23bcz6s88l7v6fb40000gn/T/tmpkcqwf4uc']
[2021-05-15 08:24:50,660] {standard_task_runner.py:77} INFO - Job 633: Subtask create_dim_table
[2021-05-15 08:24:51,071] {logging_mixin.py:104} INFO - Running <TaskInstance: etl.create_dim_table 2021-05-15T07:00:00+00:00 [running]> on host 27.2.168.192.in-addr.arpa
[2021-05-15 08:24:51,437] {taskinstance.py:1283} INFO - Exporting the following env vars:
AIRFLOW_CTX_DAG_OWNER=udacity
AIRFLOW_CTX_DAG_ID=etl
AIRFLOW_CTX_TASK_ID=create_dim_table
AIRFLOW_CTX_EXECUTION_DATE=2021-05-15T07:00:00+00:00
AIRFLOW_CTX_DAG_RUN_ID=scheduled__2021-05-15T07:00:00+00:00
[2021-05-15 08:24:51,450] {execute_query.py:21} INFO - Executing query
[2021-05-15 08:24:51,530] {base.py:78} INFO - Using connection to: id: redshift. Host: redshift-cluster-1.caua6g9a7jto.us-east-1.redshift.amazonaws.com, Port: 5439, Schema: dev, Login: awsuser, Password: XXXXXXXX, extra: None
[2021-05-15 08:24:52,760] {dbapi.py:180} INFO - Running statement: 
    DROP TABLE IF EXISTS forex.dim_active_id; 
    CREATE TABLE IF NOT EXISTS forex.dim_active_id (
    active_id INT,
    active_name TEXT,
    PRIMARY KEY (active_id)
    );
, parameters: None
[2021-05-15 08:24:53,107] {dbapi.py:186} INFO - Rows affected: -1
[2021-05-15 08:24:53,354] {taskinstance.py:1192} INFO - Marking task as SUCCESS. dag_id=etl, task_id=create_dim_table, execution_date=20210515T070000, start_date=20210515T112450, end_date=20210515T112453
[2021-05-15 08:24:54,208] {taskinstance.py:1246} INFO - 1 downstream tasks scheduled from follow-on schedule check
[2021-05-15 08:24:54,305] {local_task_job.py:146} INFO - Task exited with return code 0
