[2021-05-11 16:30:47,612] {taskinstance.py:877} INFO - Dependencies all met for <TaskInstance: etl.load_dim_table 2021-05-11T19:30:38.316512+00:00 [queued]>
[2021-05-11 16:30:47,617] {taskinstance.py:877} INFO - Dependencies all met for <TaskInstance: etl.load_dim_table 2021-05-11T19:30:38.316512+00:00 [queued]>
[2021-05-11 16:30:47,617] {taskinstance.py:1068} INFO - 
--------------------------------------------------------------------------------
[2021-05-11 16:30:47,617] {taskinstance.py:1069} INFO - Starting attempt 1 of 1
[2021-05-11 16:30:47,617] {taskinstance.py:1070} INFO - 
--------------------------------------------------------------------------------
[2021-05-11 16:30:47,622] {taskinstance.py:1089} INFO - Executing <Task(ExecuteQueryOperator): load_dim_table> on 2021-05-11T19:30:38.316512+00:00
[2021-05-11 16:30:47,625] {standard_task_runner.py:52} INFO - Started process 98992 to run task
[2021-05-11 16:30:47,631] {standard_task_runner.py:76} INFO - Running: ['airflow', 'tasks', 'run', 'etl', 'load_dim_table', '2021-05-11T19:30:38.316512+00:00', '--job-id', '86', '--pool', 'default_pool', '--raw', '--subdir', 'DAGS_FOLDER/etl.py', '--cfg-path', '/var/folders/_f/vg3x3jmj23bcz6s88l7v6fb40000gn/T/tmpe30woc_v', '--error-file', '/var/folders/_f/vg3x3jmj23bcz6s88l7v6fb40000gn/T/tmpzc6nsr6o']
[2021-05-11 16:30:47,633] {standard_task_runner.py:77} INFO - Job 86: Subtask load_dim_table
[2021-05-11 16:30:47,663] {logging_mixin.py:104} INFO - Running <TaskInstance: etl.load_dim_table 2021-05-11T19:30:38.316512+00:00 [running]> on host 27.2.168.192.in-addr.arpa
[2021-05-11 16:30:47,684] {taskinstance.py:1283} INFO - Exporting the following env vars:
AIRFLOW_CTX_DAG_OWNER=udacity
AIRFLOW_CTX_DAG_ID=etl
AIRFLOW_CTX_TASK_ID=load_dim_table
AIRFLOW_CTX_EXECUTION_DATE=2021-05-11T19:30:38.316512+00:00
AIRFLOW_CTX_DAG_RUN_ID=manual__2021-05-11T19:30:38.316512+00:00
[2021-05-11 16:30:47,685] {execute_query.py:21} INFO - Executing query
[2021-05-11 16:30:47,689] {base.py:78} INFO - Using connection to: id: redshift. Host: redshift-cluster-1.caua6g9a7jto.us-east-1.redshift.amazonaws.com, Port: 5439, Schema: dev, Login: awsuser, Password: XXXXXXXX, extra: None
[2021-05-11 16:30:48,790] {dbapi.py:180} INFO - Running statement: 
    INSERT INTO forex.dim_active_id VALUES
    (1, 'EUR/USD'),
    (2, 'EUR/GBP'),
    (3, 'GBP/JPY'),
    (4, 'EUR/JPY'),
    (5, 'GBP/USD'),
    (6, 'USD/JPY');
, parameters: None
[2021-05-11 16:30:49,135] {dbapi.py:186} INFO - Rows affected: 6
[2021-05-11 16:30:49,328] {taskinstance.py:1192} INFO - Marking task as SUCCESS. dag_id=etl, task_id=load_dim_table, execution_date=20210511T193038, start_date=20210511T193047, end_date=20210511T193049
[2021-05-11 16:30:49,373] {taskinstance.py:1246} INFO - 1 downstream tasks scheduled from follow-on schedule check
[2021-05-11 16:30:49,391] {local_task_job.py:146} INFO - Task exited with return code 0
