[2021-05-14 17:52:22,096] {taskinstance.py:877} INFO - Dependencies all met for <TaskInstance: etl.remove_s3_files 2021-05-14T20:47:59.658773+00:00 [queued]>
[2021-05-14 17:52:22,101] {taskinstance.py:877} INFO - Dependencies all met for <TaskInstance: etl.remove_s3_files 2021-05-14T20:47:59.658773+00:00 [queued]>
[2021-05-14 17:52:22,101] {taskinstance.py:1068} INFO - 
--------------------------------------------------------------------------------
[2021-05-14 17:52:22,101] {taskinstance.py:1069} INFO - Starting attempt 1 of 1
[2021-05-14 17:52:22,101] {taskinstance.py:1070} INFO - 
--------------------------------------------------------------------------------
[2021-05-14 17:52:22,108] {taskinstance.py:1089} INFO - Executing <Task(PythonOperator): remove_s3_files> on 2021-05-14T20:47:59.658773+00:00
[2021-05-14 17:52:22,111] {standard_task_runner.py:52} INFO - Started process 24447 to run task
[2021-05-14 17:52:22,117] {standard_task_runner.py:76} INFO - Running: ['airflow', 'tasks', 'run', 'etl', 'remove_s3_files', '2021-05-14T20:47:59.658773+00:00', '--job-id', '514', '--pool', 'default_pool', '--raw', '--subdir', 'DAGS_FOLDER/etl_dag.py', '--cfg-path', '/var/folders/_f/vg3x3jmj23bcz6s88l7v6fb40000gn/T/tmpxrqbtupl', '--error-file', '/var/folders/_f/vg3x3jmj23bcz6s88l7v6fb40000gn/T/tmplbs41t1v']
[2021-05-14 17:52:22,118] {standard_task_runner.py:77} INFO - Job 514: Subtask remove_s3_files
[2021-05-14 17:52:22,170] {logging_mixin.py:104} INFO - Running <TaskInstance: etl.remove_s3_files 2021-05-14T20:47:59.658773+00:00 [running]> on host 1.0.0.0.0.0.0.0.0.0.0.0.0.0.0.0.0.0.0.0.0.0.0.0.0.0.0.0.0.0.0.0.ip6.arpa
[2021-05-14 17:52:22,197] {taskinstance.py:1283} INFO - Exporting the following env vars:
AIRFLOW_CTX_DAG_OWNER=udacity
AIRFLOW_CTX_DAG_ID=etl
AIRFLOW_CTX_TASK_ID=remove_s3_files
AIRFLOW_CTX_EXECUTION_DATE=2021-05-14T20:47:59.658773+00:00
AIRFLOW_CTX_DAG_RUN_ID=manual__2021-05-14T20:47:59.658773+00:00
[2021-05-14 17:52:24,949] {python.py:118} INFO - Done. Returned value was: None
[2021-05-14 17:52:24,953] {taskinstance.py:1192} INFO - Marking task as SUCCESS. dag_id=etl, task_id=remove_s3_files, execution_date=20210514T204759, start_date=20210514T205222, end_date=20210514T205224
[2021-05-14 17:52:24,993] {taskinstance.py:1246} INFO - 0 downstream tasks scheduled from follow-on schedule check
[2021-05-14 17:52:25,025] {local_task_job.py:146} INFO - Task exited with return code 0
