[2021-05-14 09:52:13,763] {taskinstance.py:877} INFO - Dependencies all met for <TaskInstance: etl.loading_data_to_s3 2021-05-13T23:00:00+00:00 [queued]>
[2021-05-14 09:52:13,768] {taskinstance.py:877} INFO - Dependencies all met for <TaskInstance: etl.loading_data_to_s3 2021-05-13T23:00:00+00:00 [queued]>
[2021-05-14 09:52:13,769] {taskinstance.py:1068} INFO - 
--------------------------------------------------------------------------------
[2021-05-14 09:52:13,769] {taskinstance.py:1069} INFO - Starting attempt 1 of 1
[2021-05-14 09:52:13,769] {taskinstance.py:1070} INFO - 
--------------------------------------------------------------------------------
[2021-05-14 09:52:13,775] {taskinstance.py:1089} INFO - Executing <Task(PythonOperator): loading_data_to_s3> on 2021-05-13T23:00:00+00:00
[2021-05-14 09:52:13,778] {standard_task_runner.py:52} INFO - Started process 18496 to run task
[2021-05-14 09:52:13,786] {standard_task_runner.py:76} INFO - Running: ['airflow', 'tasks', 'run', 'etl', 'loading_data_to_s3', '2021-05-13T23:00:00+00:00', '--job-id', '358', '--pool', 'default_pool', '--raw', '--subdir', 'DAGS_FOLDER/etl_dag.py', '--cfg-path', '/var/folders/_f/vg3x3jmj23bcz6s88l7v6fb40000gn/T/tmp2svjustv', '--error-file', '/var/folders/_f/vg3x3jmj23bcz6s88l7v6fb40000gn/T/tmp7lqv_6vc']
[2021-05-14 09:52:13,788] {standard_task_runner.py:77} INFO - Job 358: Subtask loading_data_to_s3
[2021-05-14 09:52:13,825] {logging_mixin.py:104} INFO - Running <TaskInstance: etl.loading_data_to_s3 2021-05-13T23:00:00+00:00 [running]> on host 27.2.168.192.in-addr.arpa
[2021-05-14 09:52:13,851] {taskinstance.py:1283} INFO - Exporting the following env vars:
AIRFLOW_CTX_DAG_OWNER=udacity
AIRFLOW_CTX_DAG_ID=etl
AIRFLOW_CTX_TASK_ID=loading_data_to_s3
AIRFLOW_CTX_EXECUTION_DATE=2021-05-13T23:00:00+00:00
AIRFLOW_CTX_DAG_RUN_ID=scheduled__2021-05-13T23:00:00+00:00
[2021-05-14 09:52:15,169] {logging_mixin.py:104} INFO - Fetching interval list
[2021-05-14 09:52:15,171] {logging_mixin.py:104} INFO - Inverval list built
[2021-05-14 09:52:15,171] {logging_mixin.py:104} INFO - Processing data
[2021-05-14 09:52:15,172] {logging_mixin.py:104} INFO - df initialized
[2021-05-14 09:52:15,172] {logging_mixin.py:104} INFO - ThreadPoolExecutor initialized
[2021-05-14 09:52:15,173] {logging_mixin.py:104} INFO - running function for: (array([1620993135000, 1620994935000]), 1)
[2021-05-14 09:52:15,175] {logging_mixin.py:104} INFO - https://cdn.iqoption.com/api/quotes-history/quotes/3.0?to=1620994935000&from=1620993135000&active_id=1&only_round=true&_key=1614903660000
[2021-05-14 09:52:15,176] {logging_mixin.py:104} INFO - submitted
[2021-05-14 09:52:15,177] {logging_mixin.py:104} INFO - running function for: (array([1620993135000, 1620994935000]), 2)
[2021-05-14 09:52:15,177] {logging_mixin.py:104} INFO - https://cdn.iqoption.com/api/quotes-history/quotes/3.0?to=1620994935000&from=1620993135000&active_id=2&only_round=true&_key=1614903660000
[2021-05-14 09:52:15,178] {logging_mixin.py:104} INFO - submitted
[2021-05-14 09:52:15,178] {logging_mixin.py:104} INFO - running function for: (array([1620993135000, 1620994935000]), 3)
[2021-05-14 09:52:15,179] {logging_mixin.py:104} INFO - https://cdn.iqoption.com/api/quotes-history/quotes/3.0?to=1620994935000&from=1620993135000&active_id=3&only_round=true&_key=1614903660000
[2021-05-14 09:52:15,181] {logging_mixin.py:104} INFO - submitted
[2021-05-14 09:52:15,182] {logging_mixin.py:104} INFO - running function for: (array([1620991335000, 1620993135000]), 1)
[2021-05-14 09:52:15,183] {logging_mixin.py:104} INFO - https://cdn.iqoption.com/api/quotes-history/quotes/3.0?to=1620993135000&from=1620991335000&active_id=1&only_round=true&_key=1614903660000
[2021-05-14 09:52:15,184] {logging_mixin.py:104} INFO - https://cdn.iqoption.com/api/quotes-history/quotes/3.0?to=1620993135000&from=1620991335000&active_id=1&only_round=true&_key=1614903660000
submitted
[2021-05-14 09:52:15,185] {logging_mixin.py:104} INFO - running function for: (array([1620991335000, 1620993135000]), 2)
[2021-05-14 09:52:15,186] {logging_mixin.py:104} INFO - https://cdn.iqoption.com/api/quotes-history/quotes/3.0?to=1620993135000&from=1620991335000&active_id=2&only_round=true&_key=1614903660000
[2021-05-14 09:52:15,186] {logging_mixin.py:104} INFO - https://cdn.iqoption.com/api/quotes-history/quotes/3.0?to=1620993135000&from=1620991335000&active_id=2&only_round=true&_key=1614903660000
submitted
[2021-05-14 09:52:15,187] {logging_mixin.py:104} INFO - running function for: (array([1620991335000, 1620993135000]), 3)
[2021-05-14 09:52:15,190] {logging_mixin.py:104} INFO - https://cdn.iqoption.com/api/quotes-history/quotes/3.0?to=1620993135000&from=1620991335000&active_id=3&only_round=true&_key=1614903660000
[2021-05-14 09:52:15,192] {logging_mixin.py:104} INFO - https://cdn.iqoption.com/api/quotes-history/quotes/3.0?to=1620993135000&from=1620991335000&active_id=3&only_round=true&_key=1614903660000
submitted
[2021-05-14 09:52:15,194] {logging_mixin.py:104} INFO - running function for: (array([1620989535000, 1620991335000]), 1)
[2021-05-14 09:52:15,195] {logging_mixin.py:104} INFO - https://cdn.iqoption.com/api/quotes-history/quotes/3.0?to=1620991335000&from=1620989535000&active_id=1&only_round=true&_key=1614903660000
[2021-05-14 09:52:15,197] {logging_mixin.py:104} INFO - submitted
[2021-05-14 09:52:15,198] {logging_mixin.py:104} INFO - running function for: (array([1620989535000, 1620991335000]), 2)
[2021-05-14 09:52:15,198] {logging_mixin.py:104} INFO - https://cdn.iqoption.com/api/quotes-history/quotes/3.0?to=1620991335000&from=1620989535000&active_id=2&only_round=true&_key=1614903660000
[2021-05-14 09:52:15,199] {logging_mixin.py:104} INFO - https://cdn.iqoption.com/api/quotes-history/quotes/3.0?to=1620991335000&from=1620989535000&active_id=2&only_round=true&_key=1614903660000
submitted
[2021-05-14 09:52:15,200] {logging_mixin.py:104} INFO - running function for: (array([1620989535000, 1620991335000]), 3)
[2021-05-14 09:52:15,201] {logging_mixin.py:104} INFO - submitted
[2021-05-14 09:52:15,201] {logging_mixin.py:104} INFO - running function for: (array([1620987735000, 1620989535000]), 1)
[2021-05-14 09:52:15,202] {logging_mixin.py:104} INFO - submitted
[2021-05-14 09:52:15,202] {logging_mixin.py:104} INFO - running function for: (array([1620987735000, 1620989535000]), 2)
[2021-05-14 09:52:15,202] {logging_mixin.py:104} INFO - submitted
[2021-05-14 09:52:15,203] {logging_mixin.py:104} INFO - running function for: (array([1620987735000, 1620989535000]), 3)
[2021-05-14 09:52:15,203] {logging_mixin.py:104} INFO - submitted
[2021-05-14 09:52:15,203] {logging_mixin.py:104} INFO - running function for: (array([1620985935000, 1620987735000]), 1)
[2021-05-14 09:52:15,203] {logging_mixin.py:104} INFO - submitted
[2021-05-14 09:52:15,204] {logging_mixin.py:104} INFO - running function for: (array([1620985935000, 1620987735000]), 2)
[2021-05-14 09:52:15,204] {logging_mixin.py:104} INFO - submitted
[2021-05-14 09:52:15,204] {logging_mixin.py:104} INFO - running function for: (array([1620985935000, 1620987735000]), 3)
[2021-05-14 09:52:15,205] {logging_mixin.py:104} INFO - submitted
[2021-05-14 09:52:15,206] {logging_mixin.py:104} INFO - running function for: (array([1620984135000, 1620985935000]), 1)
[2021-05-14 09:52:15,206] {logging_mixin.py:104} INFO - submitted
[2021-05-14 09:52:15,207] {logging_mixin.py:104} INFO - running function for: (array([1620984135000, 1620985935000]), 2)
[2021-05-14 09:52:15,207] {logging_mixin.py:104} INFO - submitted
[2021-05-14 09:52:15,207] {logging_mixin.py:104} INFO - running function for: (array([1620984135000, 1620985935000]), 3)
[2021-05-14 09:52:15,208] {logging_mixin.py:104} INFO - submitted
[2021-05-14 09:52:15,208] {logging_mixin.py:104} INFO - running function for: (array([1620982335000, 1620984135000]), 1)
[2021-05-14 09:52:15,208] {logging_mixin.py:104} INFO - submitted
[2021-05-14 09:52:15,209] {logging_mixin.py:104} INFO - running function for: (array([1620982335000, 1620984135000]), 2)
[2021-05-14 09:52:15,209] {logging_mixin.py:104} INFO - submitted
[2021-05-14 09:52:15,209] {logging_mixin.py:104} INFO - running function for: (array([1620982335000, 1620984135000]), 3)
[2021-05-14 09:52:15,209] {logging_mixin.py:104} INFO - submitted
[2021-05-14 09:52:15,210] {logging_mixin.py:104} INFO - running function for: (array([1620980535000, 1620982335000]), 1)
[2021-05-14 09:52:15,210] {logging_mixin.py:104} INFO - submitted
[2021-05-14 09:52:15,210] {logging_mixin.py:104} INFO - running function for: (array([1620980535000, 1620982335000]), 2)
[2021-05-14 09:52:15,211] {logging_mixin.py:104} INFO - submitted
[2021-05-14 09:52:15,211] {logging_mixin.py:104} INFO - running function for: (array([1620980535000, 1620982335000]), 3)
[2021-05-14 09:52:15,211] {logging_mixin.py:104} INFO - submitted
[2021-05-14 09:52:15,211] {logging_mixin.py:104} INFO - running function for: (array([1620978735000, 1620980535000]), 1)
[2021-05-14 09:52:15,212] {logging_mixin.py:104} INFO - submitted
[2021-05-14 09:52:15,212] {logging_mixin.py:104} INFO - running function for: (array([1620978735000, 1620980535000]), 2)
[2021-05-14 09:52:15,212] {logging_mixin.py:104} INFO - submitted
[2021-05-14 09:52:15,212] {logging_mixin.py:104} INFO - running function for: (array([1620978735000, 1620980535000]), 3)
[2021-05-14 09:52:15,213] {logging_mixin.py:104} INFO - submitted
[2021-05-14 09:52:15,213] {logging_mixin.py:104} INFO - running function for: (array([1620976935000, 1620978735000]), 1)
[2021-05-14 09:52:15,213] {logging_mixin.py:104} INFO - submitted
[2021-05-14 09:52:15,214] {logging_mixin.py:104} INFO - running function for: (array([1620976935000, 1620978735000]), 2)
[2021-05-14 09:52:15,214] {logging_mixin.py:104} INFO - submitted
[2021-05-14 09:52:15,214] {logging_mixin.py:104} INFO - running function for: (array([1620976935000, 1620978735000]), 3)
[2021-05-14 09:52:15,214] {logging_mixin.py:104} INFO - submitted
[2021-05-14 09:52:15,215] {logging_mixin.py:104} INFO - running function for: (array([1620975135000, 1620976935000]), 1)
[2021-05-14 09:52:15,216] {logging_mixin.py:104} INFO - submitted
[2021-05-14 09:52:15,217] {logging_mixin.py:104} INFO - running function for: (array([1620975135000, 1620976935000]), 2)
[2021-05-14 09:52:15,217] {logging_mixin.py:104} INFO - submitted
[2021-05-14 09:52:15,218] {logging_mixin.py:104} INFO - running function for: (array([1620975135000, 1620976935000]), 3)
[2021-05-14 09:52:15,218] {logging_mixin.py:104} INFO - submitted
[2021-05-14 09:52:15,220] {logging_mixin.py:104} INFO - running function for: (array([1620973335000, 1620975135000]), 1)
[2021-05-14 09:52:15,224] {logging_mixin.py:104} INFO - submitted
[2021-05-14 09:52:15,224] {logging_mixin.py:104} INFO - running function for: (array([1620973335000, 1620975135000]), 2)
[2021-05-14 09:52:15,226] {logging_mixin.py:104} INFO - submitted
[2021-05-14 09:52:15,227] {logging_mixin.py:104} INFO - running function for: (array([1620973335000, 1620975135000]), 3)
[2021-05-14 09:52:15,228] {logging_mixin.py:104} INFO - submitted
[2021-05-14 09:52:15,229] {logging_mixin.py:104} INFO - running function for: (array([1620971535000, 1620973335000]), 1)
[2021-05-14 09:52:15,230] {logging_mixin.py:104} INFO - submitted
[2021-05-14 09:52:15,230] {logging_mixin.py:104} INFO - running function for: (array([1620971535000, 1620973335000]), 2)
[2021-05-14 09:52:15,231] {logging_mixin.py:104} INFO - submitted
[2021-05-14 09:52:15,232] {logging_mixin.py:104} INFO - running function for: (array([1620971535000, 1620973335000]), 3)
[2021-05-14 09:52:15,232] {logging_mixin.py:104} INFO - submitted
[2021-05-14 09:52:15,233] {logging_mixin.py:104} INFO - running function for: (array([1620969735000, 1620971535000]), 1)
[2021-05-14 09:52:15,234] {logging_mixin.py:104} INFO - submitted
[2021-05-14 09:52:15,234] {logging_mixin.py:104} INFO - running function for: (array([1620969735000, 1620971535000]), 2)
[2021-05-14 09:52:15,234] {logging_mixin.py:104} INFO - submitted
[2021-05-14 09:52:15,234] {logging_mixin.py:104} INFO - running function for: (array([1620969735000, 1620971535000]), 3)
[2021-05-14 09:52:15,235] {logging_mixin.py:104} INFO - submitted
[2021-05-14 09:52:15,235] {logging_mixin.py:104} INFO - running function for: (array([1620967935000, 1620969735000]), 1)
[2021-05-14 09:52:15,235] {logging_mixin.py:104} INFO - submitted
[2021-05-14 09:52:15,235] {logging_mixin.py:104} INFO - running function for: (array([1620967935000, 1620969735000]), 2)
[2021-05-14 09:52:15,236] {logging_mixin.py:104} INFO - submitted
[2021-05-14 09:52:15,236] {logging_mixin.py:104} INFO - running function for: (array([1620967935000, 1620969735000]), 3)
[2021-05-14 09:52:15,236] {logging_mixin.py:104} INFO - submitted
[2021-05-14 09:52:15,236] {logging_mixin.py:104} INFO - running function for: (array([1620966135000, 1620967935000]), 1)
[2021-05-14 09:52:15,237] {logging_mixin.py:104} INFO - submitted
[2021-05-14 09:52:15,237] {logging_mixin.py:104} INFO - running function for: (array([1620966135000, 1620967935000]), 2)
[2021-05-14 09:52:15,238] {logging_mixin.py:104} INFO - submitted
[2021-05-14 09:52:15,238] {logging_mixin.py:104} INFO - running function for: (array([1620966135000, 1620967935000]), 3)
[2021-05-14 09:52:15,238] {logging_mixin.py:104} INFO - submitted
[2021-05-14 09:52:15,239] {logging_mixin.py:104} INFO - running function for: (array([1620964335000, 1620966135000]), 1)
[2021-05-14 09:52:15,239] {logging_mixin.py:104} INFO - submitted
[2021-05-14 09:52:15,239] {logging_mixin.py:104} INFO - running function for: (array([1620964335000, 1620966135000]), 2)
[2021-05-14 09:52:15,240] {logging_mixin.py:104} INFO - submitted
[2021-05-14 09:52:15,241] {logging_mixin.py:104} INFO - running function for: (array([1620964335000, 1620966135000]), 3)
[2021-05-14 09:52:15,242] {logging_mixin.py:104} INFO - submitted
[2021-05-14 09:52:15,242] {logging_mixin.py:104} INFO - running function for: (array([1620962535000, 1620964335000]), 1)
[2021-05-14 09:52:15,242] {logging_mixin.py:104} INFO - submitted
[2021-05-14 09:52:15,243] {logging_mixin.py:104} INFO - running function for: (array([1620962535000, 1620964335000]), 2)
[2021-05-14 09:52:15,243] {logging_mixin.py:104} INFO - submitted
[2021-05-14 09:52:15,243] {logging_mixin.py:104} INFO - running function for: (array([1620962535000, 1620964335000]), 3)
[2021-05-14 09:52:15,243] {logging_mixin.py:104} INFO - submitted
[2021-05-14 09:52:15,244] {logging_mixin.py:104} INFO - running function for: (array([1620960735000, 1620962535000]), 1)
[2021-05-14 09:52:15,244] {logging_mixin.py:104} INFO - submitted
[2021-05-14 09:52:15,244] {logging_mixin.py:104} INFO - running function for: (array([1620960735000, 1620962535000]), 2)
[2021-05-14 09:52:15,244] {logging_mixin.py:104} INFO - submitted
[2021-05-14 09:52:15,245] {logging_mixin.py:104} INFO - running function for: (array([1620960735000, 1620962535000]), 3)
[2021-05-14 09:52:15,245] {logging_mixin.py:104} INFO - submitted
[2021-05-14 09:52:15,245] {logging_mixin.py:104} INFO - running function for: (array([1620958935000, 1620960735000]), 1)
[2021-05-14 09:52:15,245] {logging_mixin.py:104} INFO - submitted
[2021-05-14 09:52:15,246] {logging_mixin.py:104} INFO - running function for: (array([1620958935000, 1620960735000]), 2)
[2021-05-14 09:52:15,246] {logging_mixin.py:104} INFO - submitted
[2021-05-14 09:52:15,246] {logging_mixin.py:104} INFO - running function for: (array([1620958935000, 1620960735000]), 3)
[2021-05-14 09:52:15,247] {logging_mixin.py:104} INFO - submitted
[2021-05-14 09:52:15,247] {logging_mixin.py:104} INFO - running function for: (array([1620957135000, 1620958935000]), 1)
[2021-05-14 09:52:15,247] {logging_mixin.py:104} INFO - submitted
[2021-05-14 09:52:15,248] {logging_mixin.py:104} INFO - running function for: (array([1620957135000, 1620958935000]), 2)
[2021-05-14 09:52:15,248] {logging_mixin.py:104} INFO - submitted
[2021-05-14 09:52:15,249] {logging_mixin.py:104} INFO - running function for: (array([1620957135000, 1620958935000]), 3)
[2021-05-14 09:52:15,249] {logging_mixin.py:104} INFO - submitted
[2021-05-14 09:52:15,250] {logging_mixin.py:104} INFO - running function for: (array([1620955335000, 1620957135000]), 1)
[2021-05-14 09:52:15,250] {logging_mixin.py:104} INFO - submitted
[2021-05-14 09:52:15,251] {logging_mixin.py:104} INFO - running function for: (array([1620955335000, 1620957135000]), 2)
[2021-05-14 09:52:15,251] {logging_mixin.py:104} INFO - submitted
[2021-05-14 09:52:15,251] {logging_mixin.py:104} INFO - running function for: (array([1620955335000, 1620957135000]), 3)
[2021-05-14 09:52:15,251] {logging_mixin.py:104} INFO - submitted
[2021-05-14 09:52:15,252] {logging_mixin.py:104} INFO - running function for: (array([1620953535000, 1620955335000]), 1)
[2021-05-14 09:52:15,252] {logging_mixin.py:104} INFO - submitted
[2021-05-14 09:52:15,252] {logging_mixin.py:104} INFO - running function for: (array([1620953535000, 1620955335000]), 2)
[2021-05-14 09:52:15,252] {logging_mixin.py:104} INFO - submitted
[2021-05-14 09:52:15,253] {logging_mixin.py:104} INFO - running function for: (array([1620953535000, 1620955335000]), 3)
[2021-05-14 09:52:15,253] {logging_mixin.py:104} INFO - submitted
[2021-05-14 09:52:15,253] {logging_mixin.py:104} INFO - running function for: (array([1620951735000, 1620953535000]), 1)
[2021-05-14 09:52:15,253] {logging_mixin.py:104} INFO - submitted
[2021-05-14 09:52:15,254] {logging_mixin.py:104} INFO - running function for: (array([1620951735000, 1620953535000]), 2)
[2021-05-14 09:52:15,254] {logging_mixin.py:104} INFO - submitted
[2021-05-14 09:52:15,254] {logging_mixin.py:104} INFO - running function for: (array([1620951735000, 1620953535000]), 3)
[2021-05-14 09:52:15,254] {logging_mixin.py:104} INFO - submitted
[2021-05-14 09:52:15,255] {logging_mixin.py:104} INFO - running function for: (array([1620949935000, 1620951735000]), 1)
[2021-05-14 09:52:15,255] {logging_mixin.py:104} INFO - submitted
[2021-05-14 09:52:15,255] {logging_mixin.py:104} INFO - running function for: (array([1620949935000, 1620951735000]), 2)
[2021-05-14 09:52:15,255] {logging_mixin.py:104} INFO - submitted
[2021-05-14 09:52:15,256] {logging_mixin.py:104} INFO - running function for: (array([1620949935000, 1620951735000]), 3)
[2021-05-14 09:52:15,256] {logging_mixin.py:104} INFO - submitted
[2021-05-14 09:52:15,257] {logging_mixin.py:104} INFO - running function for: (array([1620948135000, 1620949935000]), 1)
[2021-05-14 09:52:15,257] {logging_mixin.py:104} INFO - submitted
[2021-05-14 09:52:15,258] {logging_mixin.py:104} INFO - running function for: (array([1620948135000, 1620949935000]), 2)
[2021-05-14 09:52:15,258] {logging_mixin.py:104} INFO - submitted
[2021-05-14 09:52:15,258] {logging_mixin.py:104} INFO - running function for: (array([1620948135000, 1620949935000]), 3)
[2021-05-14 09:52:15,258] {logging_mixin.py:104} INFO - submitted
[2021-05-14 09:52:15,259] {logging_mixin.py:104} INFO - running function for: (array([1620946335000, 1620948135000]), 1)
[2021-05-14 09:52:15,259] {logging_mixin.py:104} INFO - submitted
[2021-05-14 09:52:15,259] {logging_mixin.py:104} INFO - running function for: (array([1620946335000, 1620948135000]), 2)
[2021-05-14 09:52:15,259] {logging_mixin.py:104} INFO - submitted
[2021-05-14 09:52:15,260] {logging_mixin.py:104} INFO - running function for: (array([1620946335000, 1620948135000]), 3)
[2021-05-14 09:52:15,260] {logging_mixin.py:104} INFO - submitted
[2021-05-14 09:52:15,260] {logging_mixin.py:104} INFO - running function for: (array([1620944535000, 1620946335000]), 1)
[2021-05-14 09:52:15,260] {logging_mixin.py:104} INFO - submitted
[2021-05-14 09:52:15,261] {logging_mixin.py:104} INFO - running function for: (array([1620944535000, 1620946335000]), 2)
[2021-05-14 09:52:15,261] {logging_mixin.py:104} INFO - submitted
[2021-05-14 09:52:15,261] {logging_mixin.py:104} INFO - running function for: (array([1620944535000, 1620946335000]), 3)
[2021-05-14 09:52:15,261] {logging_mixin.py:104} INFO - submitted
[2021-05-14 09:52:15,262] {logging_mixin.py:104} INFO - running function for: (array([1620942735000, 1620944535000]), 1)
[2021-05-14 09:52:15,262] {logging_mixin.py:104} INFO - submitted
[2021-05-14 09:52:15,262] {logging_mixin.py:104} INFO - running function for: (array([1620942735000, 1620944535000]), 2)
[2021-05-14 09:52:15,262] {logging_mixin.py:104} INFO - submitted
[2021-05-14 09:52:15,263] {logging_mixin.py:104} INFO - running function for: (array([1620942735000, 1620944535000]), 3)
[2021-05-14 09:52:15,263] {logging_mixin.py:104} INFO - submitted
[2021-05-14 09:52:15,264] {logging_mixin.py:104} INFO - running function for: (array([1620940935000, 1620942735000]), 1)
[2021-05-14 09:52:15,264] {logging_mixin.py:104} INFO - submitted
[2021-05-14 09:52:15,265] {logging_mixin.py:104} INFO - running function for: (array([1620940935000, 1620942735000]), 2)
[2021-05-14 09:52:15,265] {logging_mixin.py:104} INFO - submitted
[2021-05-14 09:52:15,266] {logging_mixin.py:104} INFO - running function for: (array([1620940935000, 1620942735000]), 3)
[2021-05-14 09:52:15,266] {logging_mixin.py:104} INFO - submitted
[2021-05-14 09:52:15,267] {logging_mixin.py:104} INFO - running function for: (array([1620939135000, 1620940935000]), 1)
[2021-05-14 09:52:15,267] {logging_mixin.py:104} INFO - submitted
[2021-05-14 09:52:15,268] {logging_mixin.py:104} INFO - running function for: (array([1620939135000, 1620940935000]), 2)
[2021-05-14 09:52:15,268] {logging_mixin.py:104} INFO - submitted
[2021-05-14 09:52:15,268] {logging_mixin.py:104} INFO - running function for: (array([1620939135000, 1620940935000]), 3)
[2021-05-14 09:52:15,269] {logging_mixin.py:104} INFO - submitted
[2021-05-14 09:52:15,269] {logging_mixin.py:104} INFO - running function for: (array([1620937335000, 1620939135000]), 1)
[2021-05-14 09:52:15,269] {logging_mixin.py:104} INFO - submitted
[2021-05-14 09:52:15,269] {logging_mixin.py:104} INFO - running function for: (array([1620937335000, 1620939135000]), 2)
[2021-05-14 09:52:15,270] {logging_mixin.py:104} INFO - submitted
[2021-05-14 09:52:15,270] {logging_mixin.py:104} INFO - running function for: (array([1620937335000, 1620939135000]), 3)
[2021-05-14 09:52:15,270] {logging_mixin.py:104} INFO - submitted
[2021-05-14 09:52:15,270] {logging_mixin.py:104} INFO - running function for: (array([1620935535000, 1620937335000]), 1)
[2021-05-14 09:52:15,271] {logging_mixin.py:104} INFO - submitted
[2021-05-14 09:52:15,271] {logging_mixin.py:104} INFO - running function for: (array([1620935535000, 1620937335000]), 2)
[2021-05-14 09:52:15,271] {logging_mixin.py:104} INFO - submitted
[2021-05-14 09:52:15,271] {logging_mixin.py:104} INFO - running function for: (array([1620935535000, 1620937335000]), 3)
[2021-05-14 09:52:15,271] {logging_mixin.py:104} INFO - submitted
[2021-05-14 09:52:15,272] {logging_mixin.py:104} INFO - running function for: (array([1620933735000, 1620935535000]), 1)
[2021-05-14 09:52:15,272] {logging_mixin.py:104} INFO - submitted
[2021-05-14 09:52:15,272] {logging_mixin.py:104} INFO - running function for: (array([1620933735000, 1620935535000]), 2)
[2021-05-14 09:52:15,273] {logging_mixin.py:104} INFO - submitted
[2021-05-14 09:52:15,273] {logging_mixin.py:104} INFO - running function for: (array([1620933735000, 1620935535000]), 3)
[2021-05-14 09:52:15,273] {logging_mixin.py:104} INFO - submitted
[2021-05-14 09:52:15,274] {logging_mixin.py:104} INFO - running function for: (array([1620931935000, 1620933735000]), 1)
[2021-05-14 09:52:15,274] {logging_mixin.py:104} INFO - submitted
[2021-05-14 09:52:15,274] {logging_mixin.py:104} INFO - running function for: (array([1620931935000, 1620933735000]), 2)
[2021-05-14 09:52:15,274] {logging_mixin.py:104} INFO - submitted
[2021-05-14 09:52:15,275] {logging_mixin.py:104} INFO - running function for: (array([1620931935000, 1620933735000]), 3)
[2021-05-14 09:52:15,275] {logging_mixin.py:104} INFO - submitted
[2021-05-14 09:52:15,275] {logging_mixin.py:104} INFO - running function for: (array([1620930135000, 1620931935000]), 1)
[2021-05-14 09:52:15,275] {logging_mixin.py:104} INFO - submitted
[2021-05-14 09:52:15,276] {logging_mixin.py:104} INFO - running function for: (array([1620930135000, 1620931935000]), 2)
[2021-05-14 09:52:15,276] {logging_mixin.py:104} INFO - submitted
[2021-05-14 09:52:15,276] {logging_mixin.py:104} INFO - running function for: (array([1620930135000, 1620931935000]), 3)
[2021-05-14 09:52:15,276] {logging_mixin.py:104} INFO - submitted
[2021-05-14 09:52:15,277] {logging_mixin.py:104} INFO - running function for: (array([1620928335000, 1620930135000]), 1)
[2021-05-14 09:52:15,277] {logging_mixin.py:104} INFO - submitted
[2021-05-14 09:52:15,277] {logging_mixin.py:104} INFO - running function for: (array([1620928335000, 1620930135000]), 2)
[2021-05-14 09:52:15,277] {logging_mixin.py:104} INFO - submitted
[2021-05-14 09:52:15,278] {logging_mixin.py:104} INFO - running function for: (array([1620928335000, 1620930135000]), 3)
[2021-05-14 09:52:15,278] {logging_mixin.py:104} INFO - submitted
[2021-05-14 09:52:15,278] {logging_mixin.py:104} INFO - running function for: (array([1620926535000, 1620928335000]), 1)
[2021-05-14 09:52:15,278] {logging_mixin.py:104} INFO - submitted
[2021-05-14 09:52:15,279] {logging_mixin.py:104} INFO - running function for: (array([1620926535000, 1620928335000]), 2)
[2021-05-14 09:52:15,279] {logging_mixin.py:104} INFO - submitted
[2021-05-14 09:52:15,279] {logging_mixin.py:104} INFO - running function for: (array([1620926535000, 1620928335000]), 3)
[2021-05-14 09:52:15,279] {logging_mixin.py:104} INFO - submitted
[2021-05-14 09:52:15,280] {logging_mixin.py:104} INFO - running function for: (array([1620924735000, 1620926535000]), 1)
[2021-05-14 09:52:15,280] {logging_mixin.py:104} INFO - submitted
[2021-05-14 09:52:15,281] {logging_mixin.py:104} INFO - running function for: (array([1620924735000, 1620926535000]), 2)
[2021-05-14 09:52:15,281] {logging_mixin.py:104} INFO - submitted
[2021-05-14 09:52:15,281] {logging_mixin.py:104} INFO - running function for: (array([1620924735000, 1620926535000]), 3)
[2021-05-14 09:52:15,281] {logging_mixin.py:104} INFO - submitted
[2021-05-14 09:52:15,282] {logging_mixin.py:104} INFO - running function for: (array([1620922935000, 1620924735000]), 1)
[2021-05-14 09:52:15,282] {logging_mixin.py:104} INFO - submitted
[2021-05-14 09:52:15,283] {logging_mixin.py:104} INFO - running function for: (array([1620922935000, 1620924735000]), 2)
[2021-05-14 09:52:15,283] {logging_mixin.py:104} INFO - submitted
[2021-05-14 09:52:15,284] {logging_mixin.py:104} INFO - running function for: (array([1620922935000, 1620924735000]), 3)
[2021-05-14 09:52:15,284] {logging_mixin.py:104} INFO - submitted
[2021-05-14 09:52:15,284] {logging_mixin.py:104} INFO - running function for: (array([1620921135000, 1620922935000]), 1)
[2021-05-14 09:52:15,284] {logging_mixin.py:104} INFO - submitted
[2021-05-14 09:52:15,285] {logging_mixin.py:104} INFO - running function for: (array([1620921135000, 1620922935000]), 2)
[2021-05-14 09:52:15,285] {logging_mixin.py:104} INFO - submitted
[2021-05-14 09:52:15,285] {logging_mixin.py:104} INFO - running function for: (array([1620921135000, 1620922935000]), 3)
[2021-05-14 09:52:15,285] {logging_mixin.py:104} INFO - submitted
[2021-05-14 09:52:15,286] {logging_mixin.py:104} INFO - running function for: (array([1620919335000, 1620921135000]), 1)
[2021-05-14 09:52:15,286] {logging_mixin.py:104} INFO - submitted
[2021-05-14 09:52:15,286] {logging_mixin.py:104} INFO - running function for: (array([1620919335000, 1620921135000]), 2)
[2021-05-14 09:52:15,286] {logging_mixin.py:104} INFO - submitted
[2021-05-14 09:52:15,286] {logging_mixin.py:104} INFO - running function for: (array([1620919335000, 1620921135000]), 3)
[2021-05-14 09:52:15,287] {logging_mixin.py:104} INFO - submitted
[2021-05-14 09:52:15,287] {logging_mixin.py:104} INFO - running function for: (array([1620917535000, 1620919335000]), 1)
[2021-05-14 09:52:15,287] {logging_mixin.py:104} INFO - submitted
[2021-05-14 09:52:15,288] {logging_mixin.py:104} INFO - running function for: (array([1620917535000, 1620919335000]), 2)
[2021-05-14 09:52:15,288] {logging_mixin.py:104} INFO - submitted
[2021-05-14 09:52:15,288] {logging_mixin.py:104} INFO - running function for: (array([1620917535000, 1620919335000]), 3)
[2021-05-14 09:52:15,288] {logging_mixin.py:104} INFO - submitted
[2021-05-14 09:52:15,289] {logging_mixin.py:104} INFO - running function for: (array([1620915735000, 1620917535000]), 1)
[2021-05-14 09:52:15,290] {logging_mixin.py:104} INFO - submitted
[2021-05-14 09:52:15,290] {logging_mixin.py:104} INFO - running function for: (array([1620915735000, 1620917535000]), 2)
[2021-05-14 09:52:15,290] {logging_mixin.py:104} INFO - submitted
[2021-05-14 09:52:15,291] {logging_mixin.py:104} INFO - running function for: (array([1620915735000, 1620917535000]), 3)
[2021-05-14 09:52:15,291] {logging_mixin.py:104} INFO - submitted
[2021-05-14 09:52:15,291] {logging_mixin.py:104} INFO - running function for: (array([1620913935000, 1620915735000]), 1)
[2021-05-14 09:52:15,291] {logging_mixin.py:104} INFO - submitted
[2021-05-14 09:52:15,292] {logging_mixin.py:104} INFO - running function for: (array([1620913935000, 1620915735000]), 2)
[2021-05-14 09:52:15,292] {logging_mixin.py:104} INFO - submitted
[2021-05-14 09:52:15,292] {logging_mixin.py:104} INFO - running function for: (array([1620913935000, 1620915735000]), 3)
[2021-05-14 09:52:15,293] {logging_mixin.py:104} INFO - submitted
[2021-05-14 09:52:15,293] {logging_mixin.py:104} INFO - running function for: (array([1620912135000, 1620913935000]), 1)
[2021-05-14 09:52:15,293] {logging_mixin.py:104} INFO - submitted
[2021-05-14 09:52:15,293] {logging_mixin.py:104} INFO - running function for: (array([1620912135000, 1620913935000]), 2)
[2021-05-14 09:52:15,294] {logging_mixin.py:104} INFO - submitted
[2021-05-14 09:52:15,294] {logging_mixin.py:104} INFO - running function for: (array([1620912135000, 1620913935000]), 3)
[2021-05-14 09:52:15,294] {logging_mixin.py:104} INFO - submitted
[2021-05-14 09:52:15,294] {logging_mixin.py:104} INFO - running function for: (array([1620910335000, 1620912135000]), 1)
[2021-05-14 09:52:15,295] {logging_mixin.py:104} INFO - submitted
[2021-05-14 09:52:15,295] {logging_mixin.py:104} INFO - running function for: (array([1620910335000, 1620912135000]), 2)
[2021-05-14 09:52:15,295] {logging_mixin.py:104} INFO - submitted
[2021-05-14 09:52:15,295] {logging_mixin.py:104} INFO - running function for: (array([1620910335000, 1620912135000]), 3)
[2021-05-14 09:52:15,295] {logging_mixin.py:104} INFO - submitted
[2021-05-14 09:52:18,902] {logging_mixin.py:104} INFO - https://cdn.iqoption.com/api/quotes-history/quotes/3.0?to=1620991335000&from=1620989535000&active_id=3&only_round=true&_key=1614903660000
[2021-05-14 09:52:18,971] {logging_mixin.py:104} INFO - https://cdn.iqoption.com/api/quotes-history/quotes/3.0?to=1620989535000&from=1620987735000&active_id=1&only_round=true&_key=1614903660000
[2021-05-14 09:52:19,027] {logging_mixin.py:104} INFO - https://cdn.iqoption.com/api/quotes-history/quotes/3.0?to=1620989535000&from=1620987735000&active_id=2&only_round=true&_key=1614903660000
[2021-05-14 09:52:19,039] {logging_mixin.py:104} INFO - https://cdn.iqoption.com/api/quotes-history/quotes/3.0?to=1620989535000&from=1620987735000&active_id=3&only_round=true&_key=1614903660000
[2021-05-14 09:52:19,048] {logging_mixin.py:104} INFO - https://cdn.iqoption.com/api/quotes-history/quotes/3.0?to=1620987735000&from=1620985935000&active_id=1&only_round=true&_key=1614903660000
[2021-05-14 09:52:19,050] {logging_mixin.py:104} INFO - https://cdn.iqoption.com/api/quotes-history/quotes/3.0?to=1620987735000&from=1620985935000&active_id=2&only_round=true&_key=1614903660000
[2021-05-14 09:52:19,144] {logging_mixin.py:104} INFO - https://cdn.iqoption.com/api/quotes-history/quotes/3.0?to=1620987735000&from=1620985935000&active_id=3&only_round=true&_key=1614903660000
[2021-05-14 09:52:19,196] {logging_mixin.py:104} INFO - https://cdn.iqoption.com/api/quotes-history/quotes/3.0?to=1620985935000&from=1620984135000&active_id=1&only_round=true&_key=1614903660000
[2021-05-14 09:52:21,248] {logging_mixin.py:104} INFO - https://cdn.iqoption.com/api/quotes-history/quotes/3.0?to=1620985935000&from=1620984135000&active_id=2&only_round=true&_key=1614903660000
[2021-05-14 09:52:21,331] {logging_mixin.py:104} INFO - https://cdn.iqoption.com/api/quotes-history/quotes/3.0?to=1620985935000&from=1620984135000&active_id=3&only_round=true&_key=1614903660000
[2021-05-14 09:52:21,339] {logging_mixin.py:104} INFO - https://cdn.iqoption.com/api/quotes-history/quotes/3.0?to=1620984135000&from=1620982335000&active_id=1&only_round=true&_key=1614903660000
[2021-05-14 09:52:21,354] {logging_mixin.py:104} INFO - https://cdn.iqoption.com/api/quotes-history/quotes/3.0?to=1620984135000&from=1620982335000&active_id=2&only_round=true&_key=1614903660000
[2021-05-14 09:52:21,367] {logging_mixin.py:104} INFO - https://cdn.iqoption.com/api/quotes-history/quotes/3.0?to=1620984135000&from=1620982335000&active_id=3&only_round=true&_key=1614903660000
[2021-05-14 09:52:21,379] {logging_mixin.py:104} INFO - https://cdn.iqoption.com/api/quotes-history/quotes/3.0?to=1620982335000&from=1620980535000&active_id=1&only_round=true&_key=1614903660000
[2021-05-14 09:52:21,395] {logging_mixin.py:104} INFO - https://cdn.iqoption.com/api/quotes-history/quotes/3.0?to=1620982335000&from=1620980535000&active_id=2&only_round=true&_key=1614903660000
[2021-05-14 09:52:21,408] {logging_mixin.py:104} INFO - https://cdn.iqoption.com/api/quotes-history/quotes/3.0?to=1620982335000&from=1620980535000&active_id=3&only_round=true&_key=1614903660000
[2021-05-14 09:52:23,098] {logging_mixin.py:104} INFO - https://cdn.iqoption.com/api/quotes-history/quotes/3.0?to=1620980535000&from=1620978735000&active_id=1&only_round=true&_key=1614903660000
[2021-05-14 09:52:23,336] {logging_mixin.py:104} INFO - https://cdn.iqoption.com/api/quotes-history/quotes/3.0?to=1620980535000&from=1620978735000&active_id=2&only_round=true&_key=1614903660000
[2021-05-14 09:52:23,346] {logging_mixin.py:104} INFO - https://cdn.iqoption.com/api/quotes-history/quotes/3.0?to=1620980535000&from=1620978735000&active_id=3&only_round=true&_key=1614903660000
[2021-05-14 09:52:23,356] {logging_mixin.py:104} INFO - https://cdn.iqoption.com/api/quotes-history/quotes/3.0?to=1620978735000&from=1620976935000&active_id=1&only_round=true&_key=1614903660000
[2021-05-14 09:52:23,359] {logging_mixin.py:104} INFO - https://cdn.iqoption.com/api/quotes-history/quotes/3.0?to=1620978735000&from=1620976935000&active_id=2&only_round=true&_key=1614903660000
[2021-05-14 09:52:23,386] {logging_mixin.py:104} INFO - https://cdn.iqoption.com/api/quotes-history/quotes/3.0?to=1620978735000&from=1620976935000&active_id=3&only_round=true&_key=1614903660000
[2021-05-14 09:52:23,514] {logging_mixin.py:104} INFO - https://cdn.iqoption.com/api/quotes-history/quotes/3.0?to=1620976935000&from=1620975135000&active_id=1&only_round=true&_key=1614903660000
[2021-05-14 09:52:23,522] {logging_mixin.py:104} INFO - https://cdn.iqoption.com/api/quotes-history/quotes/3.0?to=1620976935000&from=1620975135000&active_id=2&only_round=true&_key=1614903660000
[2021-05-14 09:52:24,983] {logging_mixin.py:104} INFO - https://cdn.iqoption.com/api/quotes-history/quotes/3.0?to=1620976935000&from=1620975135000&active_id=3&only_round=true&_key=1614903660000
[2021-05-14 09:52:25,258] {logging_mixin.py:104} INFO - https://cdn.iqoption.com/api/quotes-history/quotes/3.0?to=1620975135000&from=1620973335000&active_id=1&only_round=true&_key=1614903660000
[2021-05-14 09:52:25,259] {logging_mixin.py:104} INFO - https://cdn.iqoption.com/api/quotes-history/quotes/3.0?to=1620975135000&from=1620973335000&active_id=1&only_round=true&_key=1614903660000
https://cdn.iqoption.com/api/quotes-history/quotes/3.0?to=1620975135000&from=1620973335000&active_id=2&only_round=true&_key=1614903660000
[2021-05-14 09:52:25,400] {logging_mixin.py:104} INFO - https://cdn.iqoption.com/api/quotes-history/quotes/3.0?to=1620975135000&from=1620973335000&active_id=3&only_round=true&_key=1614903660000
[2021-05-14 09:52:25,429] {logging_mixin.py:104} INFO - https://cdn.iqoption.com/api/quotes-history/quotes/3.0?to=1620973335000&from=1620971535000&active_id=1&only_round=true&_key=1614903660000
[2021-05-14 09:52:25,541] {logging_mixin.py:104} INFO - https://cdn.iqoption.com/api/quotes-history/quotes/3.0?to=1620973335000&from=1620971535000&active_id=2&only_round=true&_key=1614903660000
[2021-05-14 09:52:25,581] {logging_mixin.py:104} INFO - https://cdn.iqoption.com/api/quotes-history/quotes/3.0?to=1620973335000&from=1620971535000&active_id=3&only_round=true&_key=1614903660000
[2021-05-14 09:52:25,914] {logging_mixin.py:104} INFO - https://cdn.iqoption.com/api/quotes-history/quotes/3.0?to=1620971535000&from=1620969735000&active_id=1&only_round=true&_key=1614903660000
[2021-05-14 09:52:27,107] {logging_mixin.py:104} INFO - https://cdn.iqoption.com/api/quotes-history/quotes/3.0?to=1620971535000&from=1620969735000&active_id=2&only_round=true&_key=1614903660000
[2021-05-14 09:52:27,194] {logging_mixin.py:104} INFO - https://cdn.iqoption.com/api/quotes-history/quotes/3.0?to=1620971535000&from=1620969735000&active_id=3&only_round=true&_key=1614903660000
[2021-05-14 09:52:27,232] {logging_mixin.py:104} INFO - https://cdn.iqoption.com/api/quotes-history/quotes/3.0?to=1620969735000&from=1620967935000&active_id=1&only_round=true&_key=1614903660000
[2021-05-14 09:52:27,289] {logging_mixin.py:104} INFO - https://cdn.iqoption.com/api/quotes-history/quotes/3.0?to=1620969735000&from=1620967935000&active_id=2&only_round=true&_key=1614903660000
[2021-05-14 09:52:27,491] {logging_mixin.py:104} INFO - https://cdn.iqoption.com/api/quotes-history/quotes/3.0?to=1620969735000&from=1620967935000&active_id=3&only_round=true&_key=1614903660000
[2021-05-14 09:52:27,817] {logging_mixin.py:104} INFO - https://cdn.iqoption.com/api/quotes-history/quotes/3.0?to=1620967935000&from=1620966135000&active_id=1&only_round=true&_key=1614903660000
[2021-05-14 09:52:27,868] {logging_mixin.py:104} INFO - https://cdn.iqoption.com/api/quotes-history/quotes/3.0?to=1620967935000&from=1620966135000&active_id=2&only_round=true&_key=1614903660000
[2021-05-14 09:52:27,981] {logging_mixin.py:104} INFO - https://cdn.iqoption.com/api/quotes-history/quotes/3.0?to=1620967935000&from=1620966135000&active_id=3&only_round=true&_key=1614903660000
[2021-05-14 09:52:29,118] {logging_mixin.py:104} INFO - https://cdn.iqoption.com/api/quotes-history/quotes/3.0?to=1620966135000&from=1620964335000&active_id=1&only_round=true&_key=1614903660000
[2021-05-14 09:52:29,161] {logging_mixin.py:104} INFO - https://cdn.iqoption.com/api/quotes-history/quotes/3.0?to=1620966135000&from=1620964335000&active_id=2&only_round=true&_key=1614903660000
[2021-05-14 09:52:29,226] {logging_mixin.py:104} INFO - https://cdn.iqoption.com/api/quotes-history/quotes/3.0?to=1620966135000&from=1620964335000&active_id=3&only_round=true&_key=1614903660000
[2021-05-14 09:52:29,569] {logging_mixin.py:104} INFO - https://cdn.iqoption.com/api/quotes-history/quotes/3.0?to=1620964335000&from=1620962535000&active_id=1&only_round=true&_key=1614903660000
[2021-05-14 09:52:29,589] {logging_mixin.py:104} INFO - https://cdn.iqoption.com/api/quotes-history/quotes/3.0?to=1620964335000&from=1620962535000&active_id=2&only_round=true&_key=1614903660000
[2021-05-14 09:52:29,597] {logging_mixin.py:104} INFO - https://cdn.iqoption.com/api/quotes-history/quotes/3.0?to=1620964335000&from=1620962535000&active_id=3&only_round=true&_key=1614903660000
[2021-05-14 09:52:29,628] {logging_mixin.py:104} INFO - https://cdn.iqoption.com/api/quotes-history/quotes/3.0?to=1620962535000&from=1620960735000&active_id=1&only_round=true&_key=1614903660000
[2021-05-14 09:52:29,929] {logging_mixin.py:104} INFO - https://cdn.iqoption.com/api/quotes-history/quotes/3.0?to=1620962535000&from=1620960735000&active_id=2&only_round=true&_key=1614903660000
[2021-05-14 09:52:30,704] {logging_mixin.py:104} INFO - https://cdn.iqoption.com/api/quotes-history/quotes/3.0?to=1620962535000&from=1620960735000&active_id=3&only_round=true&_key=1614903660000
[2021-05-14 09:52:30,971] {logging_mixin.py:104} INFO - https://cdn.iqoption.com/api/quotes-history/quotes/3.0?to=1620960735000&from=1620958935000&active_id=1&only_round=true&_key=1614903660000
[2021-05-14 09:52:31,204] {logging_mixin.py:104} INFO - https://cdn.iqoption.com/api/quotes-history/quotes/3.0?to=1620960735000&from=1620958935000&active_id=2&only_round=true&_key=1614903660000
[2021-05-14 09:52:31,248] {logging_mixin.py:104} INFO - https://cdn.iqoption.com/api/quotes-history/quotes/3.0?to=1620960735000&from=1620958935000&active_id=3&only_round=true&_key=1614903660000
[2021-05-14 09:52:31,286] {logging_mixin.py:104} INFO - https://cdn.iqoption.com/api/quotes-history/quotes/3.0?to=1620958935000&from=1620957135000&active_id=1&only_round=true&_key=1614903660000
[2021-05-14 09:52:31,432] {logging_mixin.py:104} INFO - https://cdn.iqoption.com/api/quotes-history/quotes/3.0?to=1620958935000&from=1620957135000&active_id=2&only_round=true&_key=1614903660000
[2021-05-14 09:52:31,765] {logging_mixin.py:104} INFO - https://cdn.iqoption.com/api/quotes-history/quotes/3.0?to=1620958935000&from=1620957135000&active_id=3&only_round=true&_key=1614903660000
[2021-05-14 09:52:31,912] {logging_mixin.py:104} INFO - https://cdn.iqoption.com/api/quotes-history/quotes/3.0?to=1620957135000&from=1620955335000&active_id=1&only_round=true&_key=1614903660000
[2021-05-14 09:52:32,628] {logging_mixin.py:104} INFO - https://cdn.iqoption.com/api/quotes-history/quotes/3.0?to=1620957135000&from=1620955335000&active_id=2&only_round=true&_key=1614903660000
[2021-05-14 09:52:32,937] {logging_mixin.py:104} INFO - https://cdn.iqoption.com/api/quotes-history/quotes/3.0?to=1620957135000&from=1620955335000&active_id=3&only_round=true&_key=1614903660000
[2021-05-14 09:52:33,096] {logging_mixin.py:104} INFO - https://cdn.iqoption.com/api/quotes-history/quotes/3.0?to=1620955335000&from=1620953535000&active_id=1&only_round=true&_key=1614903660000
[2021-05-14 09:52:33,102] {logging_mixin.py:104} INFO - https://cdn.iqoption.com/api/quotes-history/quotes/3.0?to=1620955335000&from=1620953535000&active_id=2&only_round=true&_key=1614903660000
[2021-05-14 09:52:33,226] {logging_mixin.py:104} INFO - https://cdn.iqoption.com/api/quotes-history/quotes/3.0?to=1620955335000&from=1620953535000&active_id=3&only_round=true&_key=1614903660000
[2021-05-14 09:52:33,255] {logging_mixin.py:104} INFO - https://cdn.iqoption.com/api/quotes-history/quotes/3.0?to=1620953535000&from=1620951735000&active_id=1&only_round=true&_key=1614903660000
[2021-05-14 09:52:33,533] {logging_mixin.py:104} INFO - https://cdn.iqoption.com/api/quotes-history/quotes/3.0?to=1620953535000&from=1620951735000&active_id=2&only_round=true&_key=1614903660000
[2021-05-14 09:52:33,667] {logging_mixin.py:104} INFO - https://cdn.iqoption.com/api/quotes-history/quotes/3.0?to=1620953535000&from=1620951735000&active_id=3&only_round=true&_key=1614903660000
[2021-05-14 09:52:34,516] {logging_mixin.py:104} INFO - https://cdn.iqoption.com/api/quotes-history/quotes/3.0?to=1620951735000&from=1620949935000&active_id=1&only_round=true&_key=1614903660000
[2021-05-14 09:52:34,562] {logging_mixin.py:104} INFO - https://cdn.iqoption.com/api/quotes-history/quotes/3.0?to=1620951735000&from=1620949935000&active_id=2&only_round=true&_key=1614903660000
[2021-05-14 09:52:34,940] {logging_mixin.py:104} INFO - https://cdn.iqoption.com/api/quotes-history/quotes/3.0?to=1620951735000&from=1620949935000&active_id=3&only_round=true&_key=1614903660000
[2021-05-14 09:52:35,072] {logging_mixin.py:104} INFO - https://cdn.iqoption.com/api/quotes-history/quotes/3.0?to=1620949935000&from=1620948135000&active_id=1&only_round=true&_key=1614903660000
[2021-05-14 09:52:35,083] {logging_mixin.py:104} INFO - https://cdn.iqoption.com/api/quotes-history/quotes/3.0?to=1620949935000&from=1620948135000&active_id=2&only_round=true&_key=1614903660000
[2021-05-14 09:52:35,168] {logging_mixin.py:104} INFO - https://cdn.iqoption.com/api/quotes-history/quotes/3.0?to=1620949935000&from=1620948135000&active_id=3&only_round=true&_key=1614903660000
[2021-05-14 09:52:35,399] {logging_mixin.py:104} INFO - https://cdn.iqoption.com/api/quotes-history/quotes/3.0?to=1620948135000&from=1620946335000&active_id=1&only_round=true&_key=1614903660000
[2021-05-14 09:52:35,505] {logging_mixin.py:104} INFO - https://cdn.iqoption.com/api/quotes-history/quotes/3.0?to=1620948135000&from=1620946335000&active_id=2&only_round=true&_key=1614903660000
[2021-05-14 09:52:36,391] {logging_mixin.py:104} INFO - https://cdn.iqoption.com/api/quotes-history/quotes/3.0?to=1620948135000&from=1620946335000&active_id=3&only_round=true&_key=1614903660000
[2021-05-14 09:52:36,418] {logging_mixin.py:104} INFO - https://cdn.iqoption.com/api/quotes-history/quotes/3.0?to=1620946335000&from=1620944535000&active_id=1&only_round=true&_key=1614903660000
[2021-05-14 09:52:36,551] {logging_mixin.py:104} INFO - https://cdn.iqoption.com/api/quotes-history/quotes/3.0?to=1620946335000&from=1620944535000&active_id=2&only_round=true&_key=1614903660000
[2021-05-14 09:52:36,839] {logging_mixin.py:104} INFO - https://cdn.iqoption.com/api/quotes-history/quotes/3.0?to=1620946335000&from=1620944535000&active_id=3&only_round=true&_key=1614903660000
[2021-05-14 09:52:36,894] {logging_mixin.py:104} INFO - https://cdn.iqoption.com/api/quotes-history/quotes/3.0?to=1620944535000&from=1620942735000&active_id=1&only_round=true&_key=1614903660000
[2021-05-14 09:52:36,905] {logging_mixin.py:104} INFO - https://cdn.iqoption.com/api/quotes-history/quotes/3.0?to=1620944535000&from=1620942735000&active_id=2&only_round=true&_key=1614903660000
[2021-05-14 09:52:37,016] {logging_mixin.py:104} INFO - https://cdn.iqoption.com/api/quotes-history/quotes/3.0?to=1620944535000&from=1620942735000&active_id=3&only_round=true&_key=1614903660000
[2021-05-14 09:52:37,464] {logging_mixin.py:104} INFO - https://cdn.iqoption.com/api/quotes-history/quotes/3.0?to=1620942735000&from=1620940935000&active_id=1&only_round=true&_key=1614903660000
[2021-05-14 09:52:38,012] {logging_mixin.py:104} INFO - https://cdn.iqoption.com/api/quotes-history/quotes/3.0?to=1620942735000&from=1620940935000&active_id=2&only_round=true&_key=1614903660000
[2021-05-14 09:52:38,087] {logging_mixin.py:104} INFO - https://cdn.iqoption.com/api/quotes-history/quotes/3.0?to=1620942735000&from=1620940935000&active_id=3&only_round=true&_key=1614903660000
[2021-05-14 09:52:38,155] {logging_mixin.py:104} INFO - https://cdn.iqoption.com/api/quotes-history/quotes/3.0?to=1620940935000&from=1620939135000&active_id=1&only_round=true&_key=1614903660000
[2021-05-14 09:52:38,261] {logging_mixin.py:104} INFO - https://cdn.iqoption.com/api/quotes-history/quotes/3.0?to=1620940935000&from=1620939135000&active_id=2&only_round=true&_key=1614903660000
[2021-05-14 09:52:38,526] {logging_mixin.py:104} INFO - https://cdn.iqoption.com/api/quotes-history/quotes/3.0?to=1620940935000&from=1620939135000&active_id=3&only_round=true&_key=1614903660000
[2021-05-14 09:52:38,591] {logging_mixin.py:104} INFO - https://cdn.iqoption.com/api/quotes-history/quotes/3.0?to=1620939135000&from=1620937335000&active_id=1&only_round=true&_key=1614903660000
[2021-05-14 09:52:38,689] {logging_mixin.py:104} INFO - https://cdn.iqoption.com/api/quotes-history/quotes/3.0?to=1620939135000&from=1620937335000&active_id=2&only_round=true&_key=1614903660000
[2021-05-14 09:52:38,993] {logging_mixin.py:104} INFO - https://cdn.iqoption.com/api/quotes-history/quotes/3.0?to=1620939135000&from=1620937335000&active_id=3&only_round=true&_key=1614903660000
[2021-05-14 09:52:39,541] {logging_mixin.py:104} INFO - https://cdn.iqoption.com/api/quotes-history/quotes/3.0?to=1620937335000&from=1620935535000&active_id=1&only_round=true&_key=1614903660000
[2021-05-14 09:52:39,671] {logging_mixin.py:104} INFO - https://cdn.iqoption.com/api/quotes-history/quotes/3.0?to=1620937335000&from=1620935535000&active_id=2&only_round=true&_key=1614903660000
[2021-05-14 09:52:39,735] {logging_mixin.py:104} INFO - https://cdn.iqoption.com/api/quotes-history/quotes/3.0?to=1620937335000&from=1620935535000&active_id=3&only_round=true&_key=1614903660000
[2021-05-14 09:52:40,126] {logging_mixin.py:104} INFO - https://cdn.iqoption.com/api/quotes-history/quotes/3.0?to=1620935535000&from=1620933735000&active_id=1&only_round=true&_key=1614903660000
[2021-05-14 09:52:40,182] {logging_mixin.py:104} INFO - https://cdn.iqoption.com/api/quotes-history/quotes/3.0?to=1620935535000&from=1620933735000&active_id=2&only_round=true&_key=1614903660000
[2021-05-14 09:52:40,228] {logging_mixin.py:104} INFO - https://cdn.iqoption.com/api/quotes-history/quotes/3.0?to=1620935535000&from=1620933735000&active_id=3&only_round=true&_key=1614903660000
[2021-05-14 09:52:40,387] {logging_mixin.py:104} INFO - https://cdn.iqoption.com/api/quotes-history/quotes/3.0?to=1620933735000&from=1620931935000&active_id=1&only_round=true&_key=1614903660000
[2021-05-14 09:52:40,694] {logging_mixin.py:104} INFO - https://cdn.iqoption.com/api/quotes-history/quotes/3.0?to=1620933735000&from=1620931935000&active_id=2&only_round=true&_key=1614903660000
[2021-05-14 09:52:41,158] {logging_mixin.py:104} INFO - https://cdn.iqoption.com/api/quotes-history/quotes/3.0?to=1620933735000&from=1620931935000&active_id=3&only_round=true&_key=1614903660000
[2021-05-14 09:52:41,411] {logging_mixin.py:104} INFO - https://cdn.iqoption.com/api/quotes-history/quotes/3.0?to=1620931935000&from=1620930135000&active_id=1&only_round=true&_key=1614903660000
[2021-05-14 09:52:41,707] {logging_mixin.py:104} INFO - https://cdn.iqoption.com/api/quotes-history/quotes/3.0?to=1620931935000&from=1620930135000&active_id=2&only_round=true&_key=1614903660000
[2021-05-14 09:52:41,849] {logging_mixin.py:104} INFO - https://cdn.iqoption.com/api/quotes-history/quotes/3.0?to=1620931935000&from=1620930135000&active_id=3&only_round=true&_key=1614903660000
[2021-05-14 09:52:41,870] {logging_mixin.py:104} INFO - https://cdn.iqoption.com/api/quotes-history/quotes/3.0?to=1620930135000&from=1620928335000&active_id=1&only_round=true&_key=1614903660000
[2021-05-14 09:52:42,060] {logging_mixin.py:104} INFO - https://cdn.iqoption.com/api/quotes-history/quotes/3.0?to=1620930135000&from=1620928335000&active_id=2&only_round=true&_key=1614903660000
[2021-05-14 09:52:42,142] {logging_mixin.py:104} INFO - https://cdn.iqoption.com/api/quotes-history/quotes/3.0?to=1620930135000&from=1620928335000&active_id=3&only_round=true&_key=1614903660000
[2021-05-14 09:52:42,296] {logging_mixin.py:104} INFO - https://cdn.iqoption.com/api/quotes-history/quotes/3.0?to=1620928335000&from=1620926535000&active_id=1&only_round=true&_key=1614903660000
[2021-05-14 09:52:42,908] {logging_mixin.py:104} INFO - https://cdn.iqoption.com/api/quotes-history/quotes/3.0?to=1620928335000&from=1620926535000&active_id=2&only_round=true&_key=1614903660000
[2021-05-14 09:52:43,133] {logging_mixin.py:104} INFO - https://cdn.iqoption.com/api/quotes-history/quotes/3.0?to=1620928335000&from=1620926535000&active_id=3&only_round=true&_key=1614903660000
[2021-05-14 09:52:43,506] {logging_mixin.py:104} INFO - https://cdn.iqoption.com/api/quotes-history/quotes/3.0?to=1620926535000&from=1620924735000&active_id=1&only_round=true&_key=1614903660000
[2021-05-14 09:52:43,507] {logging_mixin.py:104} INFO - https://cdn.iqoption.com/api/quotes-history/quotes/3.0?to=1620926535000&from=1620924735000&active_id=1&only_round=true&_key=1614903660000
https://cdn.iqoption.com/api/quotes-history/quotes/3.0?to=1620926535000&from=1620924735000&active_id=2&only_round=true&_key=1614903660000
[2021-05-14 09:52:43,514] {logging_mixin.py:104} INFO - https://cdn.iqoption.com/api/quotes-history/quotes/3.0?to=1620926535000&from=1620924735000&active_id=3&only_round=true&_key=1614903660000
[2021-05-14 09:52:43,708] {logging_mixin.py:104} INFO - https://cdn.iqoption.com/api/quotes-history/quotes/3.0?to=1620924735000&from=1620922935000&active_id=1&only_round=true&_key=1614903660000
[2021-05-14 09:52:43,868] {logging_mixin.py:104} INFO - https://cdn.iqoption.com/api/quotes-history/quotes/3.0?to=1620924735000&from=1620922935000&active_id=2&only_round=true&_key=1614903660000
[2021-05-14 09:52:44,449] {logging_mixin.py:104} INFO - https://cdn.iqoption.com/api/quotes-history/quotes/3.0?to=1620924735000&from=1620922935000&active_id=3&only_round=true&_key=1614903660000
[2021-05-14 09:52:44,686] {logging_mixin.py:104} INFO - https://cdn.iqoption.com/api/quotes-history/quotes/3.0?to=1620922935000&from=1620921135000&active_id=1&only_round=true&_key=1614903660000
[2021-05-14 09:52:45,144] {logging_mixin.py:104} INFO - https://cdn.iqoption.com/api/quotes-history/quotes/3.0?to=1620922935000&from=1620921135000&active_id=2&only_round=true&_key=1614903660000
[2021-05-14 09:52:45,149] {logging_mixin.py:104} INFO - https://cdn.iqoption.com/api/quotes-history/quotes/3.0?to=1620922935000&from=1620921135000&active_id=3&only_round=true&_key=1614903660000
[2021-05-14 09:52:45,152] {logging_mixin.py:104} INFO - https://cdn.iqoption.com/api/quotes-history/quotes/3.0?to=1620921135000&from=1620919335000&active_id=1&only_round=true&_key=1614903660000
[2021-05-14 09:52:45,262] {logging_mixin.py:104} INFO - https://cdn.iqoption.com/api/quotes-history/quotes/3.0?to=1620921135000&from=1620919335000&active_id=2&only_round=true&_key=1614903660000
[2021-05-14 09:52:45,322] {process_utils.py:100} INFO - Sending Signals.SIGTERM to GPID 18496
[2021-05-14 09:52:45,323] {taskinstance.py:1265} ERROR - Received SIGTERM. Terminating subprocesses.
[2021-05-14 09:52:45,326] {taskinstance.py:1482} ERROR - Task failed with exception
Traceback (most recent call last):
  File "/Library/Frameworks/Python.framework/Versions/3.7/lib/python3.7/site-packages/airflow/models/taskinstance.py", line 1138, in _run_raw_task
    self._prepare_and_execute_task_with_callbacks(context, task)
  File "/Library/Frameworks/Python.framework/Versions/3.7/lib/python3.7/site-packages/airflow/models/taskinstance.py", line 1311, in _prepare_and_execute_task_with_callbacks
    result = self._execute_task(context, task_copy)
  File "/Library/Frameworks/Python.framework/Versions/3.7/lib/python3.7/site-packages/airflow/models/taskinstance.py", line 1341, in _execute_task
    result = task_copy.execute(context=context)
  File "/Library/Frameworks/Python.framework/Versions/3.7/lib/python3.7/site-packages/airflow/operators/python.py", line 117, in execute
    return_value = self.execute_callable()
  File "/Library/Frameworks/Python.framework/Versions/3.7/lib/python3.7/site-packages/airflow/operators/python.py", line 128, in execute_callable
    return self.python_callable(*self.op_args, **self.op_kwargs)
  File "/Users/raphaelcarvalho/Documents/forex/load_data_to_s3.py", line 28, in load_data_to_s3
    f.run_etl(min_ts=date_from, end_ts=date_to, step=step, active_id=active_ids, date=today)
  File "/Users/raphaelcarvalho/Documents/forex/functions.py", line 138, in run_etl
    processed_data = process_data(api_calls, date, n_threads=8)
  File "/Users/raphaelcarvalho/Documents/forex/functions.py", line 123, in process_data
    print("submitted")
  File "/Library/Frameworks/Python.framework/Versions/3.7/lib/python3.7/concurrent/futures/_base.py", line 611, in __exit__
    self.shutdown(wait=True)
  File "/Library/Frameworks/Python.framework/Versions/3.7/lib/python3.7/concurrent/futures/thread.py", line 204, in shutdown
    t.join()
  File "/Library/Frameworks/Python.framework/Versions/3.7/lib/python3.7/threading.py", line 1032, in join
    self._wait_for_tstate_lock()
  File "/Library/Frameworks/Python.framework/Versions/3.7/lib/python3.7/threading.py", line 1048, in _wait_for_tstate_lock
    elif lock.acquire(block, timeout):
  File "/Library/Frameworks/Python.framework/Versions/3.7/lib/python3.7/site-packages/airflow/models/taskinstance.py", line 1267, in signal_handler
    raise AirflowException("Task received SIGTERM signal")
airflow.exceptions.AirflowException: Task received SIGTERM signal
[2021-05-14 09:52:45,335] {taskinstance.py:1532} INFO - Marking task as FAILED. dag_id=etl, task_id=loading_data_to_s3, execution_date=20210513T230000, start_date=20210514T125213, end_date=20210514T125245
[2021-05-14 09:52:45,377] {process_utils.py:66} INFO - Process psutil.Process(pid=18496, status='terminated', exitcode=1, started='09:52:13') (18496) terminated with exit code 1
