[2021-05-14 16:54:44,937] {taskinstance.py:877} INFO - Dependencies all met for <TaskInstance: etl.loading_data_to_s3 2021-05-14T19:54:30.205459+00:00 [queued]>
[2021-05-14 16:54:44,942] {taskinstance.py:877} INFO - Dependencies all met for <TaskInstance: etl.loading_data_to_s3 2021-05-14T19:54:30.205459+00:00 [queued]>
[2021-05-14 16:54:44,942] {taskinstance.py:1068} INFO - 
--------------------------------------------------------------------------------
[2021-05-14 16:54:44,942] {taskinstance.py:1069} INFO - Starting attempt 1 of 1
[2021-05-14 16:54:44,942] {taskinstance.py:1070} INFO - 
--------------------------------------------------------------------------------
[2021-05-14 16:54:44,949] {taskinstance.py:1089} INFO - Executing <Task(PythonOperator): loading_data_to_s3> on 2021-05-14T19:54:30.205459+00:00
[2021-05-14 16:54:44,959] {standard_task_runner.py:52} INFO - Started process 23570 to run task
[2021-05-14 16:54:44,967] {standard_task_runner.py:76} INFO - Running: ['airflow', 'tasks', 'run', 'etl', 'loading_data_to_s3', '2021-05-14T19:54:30.205459+00:00', '--job-id', '480', '--pool', 'default_pool', '--raw', '--subdir', 'DAGS_FOLDER/etl_dag.py', '--cfg-path', '/var/folders/_f/vg3x3jmj23bcz6s88l7v6fb40000gn/T/tmppvy3prgr', '--error-file', '/var/folders/_f/vg3x3jmj23bcz6s88l7v6fb40000gn/T/tmpoxenx1az']
[2021-05-14 16:54:44,969] {standard_task_runner.py:77} INFO - Job 480: Subtask loading_data_to_s3
[2021-05-14 16:54:45,002] {logging_mixin.py:104} INFO - Running <TaskInstance: etl.loading_data_to_s3 2021-05-14T19:54:30.205459+00:00 [running]> on host 1.0.0.0.0.0.0.0.0.0.0.0.0.0.0.0.0.0.0.0.0.0.0.0.0.0.0.0.0.0.0.0.ip6.arpa
[2021-05-14 16:54:45,023] {taskinstance.py:1283} INFO - Exporting the following env vars:
AIRFLOW_CTX_DAG_OWNER=udacity
AIRFLOW_CTX_DAG_ID=etl
AIRFLOW_CTX_TASK_ID=loading_data_to_s3
AIRFLOW_CTX_EXECUTION_DATE=2021-05-14T19:54:30.205459+00:00
AIRFLOW_CTX_DAG_RUN_ID=manual__2021-05-14T19:54:30.205459+00:00
[2021-05-14 16:54:46,581] {logging_mixin.py:104} INFO - Fetching interval list
[2021-05-14 16:54:46,582] {logging_mixin.py:104} INFO - Inverval list built
[2021-05-14 16:54:46,583] {logging_mixin.py:104} INFO - Processing data
[2021-05-14 16:54:46,583] {logging_mixin.py:104} INFO - df initialized
[2021-05-14 16:54:46,583] {logging_mixin.py:104} INFO - ThreadPoolExecutor initialized
[2021-05-14 16:54:46,585] {logging_mixin.py:104} INFO - running function for: (array([1621018486000, 1621020286000]), 1)
[2021-05-14 16:54:46,586] {logging_mixin.py:104} INFO - https://cdn.iqoption.com/api/quotes-history/quotes/3.0?to=1621020286000&from=1621018486000&active_id=1&only_round=true&_key=1614903660000
[2021-05-14 16:54:46,587] {logging_mixin.py:104} INFO - submitted
[2021-05-14 16:54:46,587] {logging_mixin.py:104} INFO - running function for: (array([1621018486000, 1621020286000]), 2)
[2021-05-14 16:54:46,588] {logging_mixin.py:104} INFO - https://cdn.iqoption.com/api/quotes-history/quotes/3.0?to=1621020286000&from=1621018486000&active_id=2&only_round=true&_key=1614903660000
[2021-05-14 16:54:46,588] {logging_mixin.py:104} INFO - submitted
[2021-05-14 16:54:46,589] {logging_mixin.py:104} INFO - running function for: (array([1621018486000, 1621020286000]), 3)
[2021-05-14 16:54:46,589] {logging_mixin.py:104} INFO - https://cdn.iqoption.com/api/quotes-history/quotes/3.0?to=1621020286000&from=1621018486000&active_id=3&only_round=true&_key=1614903660000
[2021-05-14 16:54:46,590] {logging_mixin.py:104} INFO - https://cdn.iqoption.com/api/quotes-history/quotes/3.0?to=1621020286000&from=1621018486000&active_id=3&only_round=true&_key=1614903660000
submitted
[2021-05-14 16:54:46,590] {logging_mixin.py:104} INFO - running function for: (array([1621016686000, 1621018486000]), 1)
[2021-05-14 16:54:46,591] {logging_mixin.py:104} INFO - https://cdn.iqoption.com/api/quotes-history/quotes/3.0?to=1621018486000&from=1621016686000&active_id=1&only_round=true&_key=1614903660000
[2021-05-14 16:54:46,591] {logging_mixin.py:104} INFO - https://cdn.iqoption.com/api/quotes-history/quotes/3.0?to=1621018486000&from=1621016686000&active_id=1&only_round=true&_key=1614903660000
submitted
[2021-05-14 16:54:46,593] {logging_mixin.py:104} INFO - running function for: (array([1621016686000, 1621018486000]), 2)
[2021-05-14 16:54:46,595] {logging_mixin.py:104} INFO - https://cdn.iqoption.com/api/quotes-history/quotes/3.0?to=1621018486000&from=1621016686000&active_id=2&only_round=true&_key=1614903660000
[2021-05-14 16:54:46,596] {logging_mixin.py:104} INFO - https://cdn.iqoption.com/api/quotes-history/quotes/3.0?to=1621018486000&from=1621016686000&active_id=2&only_round=true&_key=1614903660000
submitted
[2021-05-14 16:54:46,599] {logging_mixin.py:104} INFO - running function for: (array([1621016686000, 1621018486000]), 3)
[2021-05-14 16:54:46,600] {logging_mixin.py:104} INFO - https://cdn.iqoption.com/api/quotes-history/quotes/3.0?to=1621018486000&from=1621016686000&active_id=3&only_round=true&_key=1614903660000
[2021-05-14 16:54:46,601] {logging_mixin.py:104} INFO - https://cdn.iqoption.com/api/quotes-history/quotes/3.0?to=1621018486000&from=1621016686000&active_id=3&only_round=true&_key=1614903660000
submitted
[2021-05-14 16:54:46,602] {logging_mixin.py:104} INFO - running function for: (array([1621014886000, 1621016686000]), 1)
[2021-05-14 16:54:46,603] {logging_mixin.py:104} INFO - https://cdn.iqoption.com/api/quotes-history/quotes/3.0?to=1621016686000&from=1621014886000&active_id=1&only_round=true&_key=1614903660000
[2021-05-14 16:54:46,603] {logging_mixin.py:104} INFO - https://cdn.iqoption.com/api/quotes-history/quotes/3.0?to=1621016686000&from=1621014886000&active_id=1&only_round=true&_key=1614903660000
submitted
[2021-05-14 16:54:46,604] {logging_mixin.py:104} INFO - running function for: (array([1621014886000, 1621016686000]), 2)
[2021-05-14 16:54:46,605] {logging_mixin.py:104} INFO - https://cdn.iqoption.com/api/quotes-history/quotes/3.0?to=1621016686000&from=1621014886000&active_id=2&only_round=true&_key=1614903660000
[2021-05-14 16:54:46,605] {logging_mixin.py:104} INFO - https://cdn.iqoption.com/api/quotes-history/quotes/3.0?to=1621016686000&from=1621014886000&active_id=2&only_round=true&_key=1614903660000
submitted
[2021-05-14 16:54:46,606] {logging_mixin.py:104} INFO - running function for: (array([1621014886000, 1621016686000]), 3)
[2021-05-14 16:54:46,607] {logging_mixin.py:104} INFO - submitted
[2021-05-14 16:54:46,607] {logging_mixin.py:104} INFO - running function for: (array([1621013086000, 1621014886000]), 1)
[2021-05-14 16:54:46,608] {logging_mixin.py:104} INFO - submitted
[2021-05-14 16:54:46,608] {logging_mixin.py:104} INFO - running function for: (array([1621013086000, 1621014886000]), 2)
[2021-05-14 16:54:46,609] {logging_mixin.py:104} INFO - submitted
[2021-05-14 16:54:46,609] {logging_mixin.py:104} INFO - running function for: (array([1621013086000, 1621014886000]), 3)
[2021-05-14 16:54:46,609] {logging_mixin.py:104} INFO - submitted
[2021-05-14 16:54:46,610] {logging_mixin.py:104} INFO - running function for: (array([1621011286000, 1621013086000]), 1)
[2021-05-14 16:54:46,610] {logging_mixin.py:104} INFO - submitted
[2021-05-14 16:54:46,610] {logging_mixin.py:104} INFO - running function for: (array([1621011286000, 1621013086000]), 2)
[2021-05-14 16:54:46,610] {logging_mixin.py:104} INFO - submitted
[2021-05-14 16:54:46,611] {logging_mixin.py:104} INFO - running function for: (array([1621011286000, 1621013086000]), 3)
[2021-05-14 16:54:46,611] {logging_mixin.py:104} INFO - submitted
[2021-05-14 16:54:46,611] {logging_mixin.py:104} INFO - running function for: (array([1621009486000, 1621011286000]), 1)
[2021-05-14 16:54:46,611] {logging_mixin.py:104} INFO - submitted
[2021-05-14 16:54:46,612] {logging_mixin.py:104} INFO - running function for: (array([1621009486000, 1621011286000]), 2)
[2021-05-14 16:54:46,612] {logging_mixin.py:104} INFO - submitted
[2021-05-14 16:54:46,612] {logging_mixin.py:104} INFO - running function for: (array([1621009486000, 1621011286000]), 3)
[2021-05-14 16:54:46,612] {logging_mixin.py:104} INFO - submitted
[2021-05-14 16:54:51,100] {logging_mixin.py:104} INFO - https://cdn.iqoption.com/api/quotes-history/quotes/3.0?to=1621016686000&from=1621014886000&active_id=3&only_round=true&_key=1614903660000
[2021-05-14 16:54:51,100] {logging_mixin.py:104} INFO - https://cdn.iqoption.com/api/quotes-history/quotes/3.0?to=1621016686000&from=1621014886000&active_id=3&only_round=true&_key=1614903660000
https://cdn.iqoption.com/api/quotes-history/quotes/3.0?to=1621014886000&from=1621013086000&active_id=1&only_round=true&_key=1614903660000
[2021-05-14 16:54:51,103] {logging_mixin.py:104} INFO - https://cdn.iqoption.com/api/quotes-history/quotes/3.0?to=1621014886000&from=1621013086000&active_id=2&only_round=true&_key=1614903660000
[2021-05-14 16:54:51,105] {logging_mixin.py:104} INFO - https://cdn.iqoption.com/api/quotes-history/quotes/3.0?to=1621014886000&from=1621013086000&active_id=3&only_round=true&_key=1614903660000
[2021-05-14 16:54:51,108] {logging_mixin.py:104} INFO - https://cdn.iqoption.com/api/quotes-history/quotes/3.0?to=1621013086000&from=1621011286000&active_id=1&only_round=true&_key=1614903660000
[2021-05-14 16:54:51,111] {logging_mixin.py:104} INFO - https://cdn.iqoption.com/api/quotes-history/quotes/3.0?to=1621013086000&from=1621011286000&active_id=2&only_round=true&_key=1614903660000
[2021-05-14 16:54:51,121] {logging_mixin.py:104} INFO - https://cdn.iqoption.com/api/quotes-history/quotes/3.0?to=1621013086000&from=1621011286000&active_id=3&only_round=true&_key=1614903660000
[2021-05-14 16:54:51,131] {logging_mixin.py:104} INFO - https://cdn.iqoption.com/api/quotes-history/quotes/3.0?to=1621011286000&from=1621009486000&active_id=1&only_round=true&_key=1614903660000
[2021-05-14 16:54:53,294] {logging_mixin.py:104} INFO - https://cdn.iqoption.com/api/quotes-history/quotes/3.0?to=1621011286000&from=1621009486000&active_id=2&only_round=true&_key=1614903660000
[2021-05-14 16:54:53,319] {logging_mixin.py:104} INFO - https://cdn.iqoption.com/api/quotes-history/quotes/3.0?to=1621011286000&from=1621009486000&active_id=3&only_round=true&_key=1614903660000
[2021-05-14 16:54:55,159] {python.py:118} INFO - Done. Returned value was: None
[2021-05-14 16:54:55,166] {taskinstance.py:1192} INFO - Marking task as SUCCESS. dag_id=etl, task_id=loading_data_to_s3, execution_date=20210514T195430, start_date=20210514T195444, end_date=20210514T195455
[2021-05-14 16:54:55,226] {taskinstance.py:1246} INFO - 1 downstream tasks scheduled from follow-on schedule check
[2021-05-14 16:54:55,258] {local_task_job.py:146} INFO - Task exited with return code 0
