[2021-05-12 11:28:48,776] {taskinstance.py:877} INFO - Dependencies all met for <TaskInstance: etl.create_main_table 2021-05-12T14:28:46.432866+00:00 [queued]>
[2021-05-12 11:28:48,781] {taskinstance.py:877} INFO - Dependencies all met for <TaskInstance: etl.create_main_table 2021-05-12T14:28:46.432866+00:00 [queued]>
[2021-05-12 11:28:48,781] {taskinstance.py:1068} INFO - 
--------------------------------------------------------------------------------
[2021-05-12 11:28:48,781] {taskinstance.py:1069} INFO - Starting attempt 1 of 1
[2021-05-12 11:28:48,781] {taskinstance.py:1070} INFO - 
--------------------------------------------------------------------------------
[2021-05-12 11:28:48,786] {taskinstance.py:1089} INFO - Executing <Task(ExecuteQueryOperator): create_main_table> on 2021-05-12T14:28:46.432866+00:00
[2021-05-12 11:28:48,789] {standard_task_runner.py:52} INFO - Started process 1447 to run task
[2021-05-12 11:28:48,796] {standard_task_runner.py:76} INFO - Running: ['airflow', 'tasks', 'run', 'etl', 'create_main_table', '2021-05-12T14:28:46.432866+00:00', '--job-id', '160', '--pool', 'default_pool', '--raw', '--subdir', 'DAGS_FOLDER/etl_dag.py', '--cfg-path', '/var/folders/_f/vg3x3jmj23bcz6s88l7v6fb40000gn/T/tmpuc1guyfv', '--error-file', '/var/folders/_f/vg3x3jmj23bcz6s88l7v6fb40000gn/T/tmpt6nw2yu_']
[2021-05-12 11:28:48,797] {standard_task_runner.py:77} INFO - Job 160: Subtask create_main_table
[2021-05-12 11:28:48,827] {logging_mixin.py:104} INFO - Running <TaskInstance: etl.create_main_table 2021-05-12T14:28:46.432866+00:00 [running]> on host 27.2.168.192.in-addr.arpa
[2021-05-12 11:28:48,850] {taskinstance.py:1283} INFO - Exporting the following env vars:
AIRFLOW_CTX_DAG_OWNER=udacity
AIRFLOW_CTX_DAG_ID=etl
AIRFLOW_CTX_TASK_ID=create_main_table
AIRFLOW_CTX_EXECUTION_DATE=2021-05-12T14:28:46.432866+00:00
AIRFLOW_CTX_DAG_RUN_ID=manual__2021-05-12T14:28:46.432866+00:00
[2021-05-12 11:28:48,851] {execute_query.py:21} INFO - Executing query
[2021-05-12 11:28:48,854] {base.py:78} INFO - Using connection to: id: redshift. Host: redshift-cluster-1.caua6g9a7jto.us-east-1.redshift.amazonaws.com, Port: 5439, Schema: dev, Login: awsuser, Password: XXXXXXXX, extra: None
[2021-05-12 11:28:50,010] {dbapi.py:180} INFO - Running statement: 
    CREATE TABLE IF NOT EXISTS forex.binary_options_historical_quotes (
        quote_sk BIGINT IDENTITY (0, 1),
        date_seconds TIMESTAMP,
        active_id INT,
        value NUMERIC (10, 6),
        PRIMARY KEY (quote_sk)
    );
, parameters: None
[2021-05-12 11:28:50,334] {dbapi.py:186} INFO - Rows affected: -1
[2021-05-12 11:28:50,532] {taskinstance.py:1192} INFO - Marking task as SUCCESS. dag_id=etl, task_id=create_main_table, execution_date=20210512T142846, start_date=20210512T142848, end_date=20210512T142850
[2021-05-12 11:28:50,575] {taskinstance.py:1246} INFO - 1 downstream tasks scheduled from follow-on schedule check
[2021-05-12 11:28:50,617] {local_task_job.py:146} INFO - Task exited with return code 0
