[2021-05-13 09:54:58,210] {taskinstance.py:877} INFO - Dependencies all met for <TaskInstance: etl.loading_data_to_s3 2021-05-13T05:00:00+00:00 [queued]>
[2021-05-13 09:54:58,218] {taskinstance.py:877} INFO - Dependencies all met for <TaskInstance: etl.loading_data_to_s3 2021-05-13T05:00:00+00:00 [queued]>
[2021-05-13 09:54:58,218] {taskinstance.py:1068} INFO - 
--------------------------------------------------------------------------------
[2021-05-13 09:54:58,218] {taskinstance.py:1069} INFO - Starting attempt 1 of 1
[2021-05-13 09:54:58,218] {taskinstance.py:1070} INFO - 
--------------------------------------------------------------------------------
[2021-05-13 09:54:58,226] {taskinstance.py:1089} INFO - Executing <Task(PythonOperator): loading_data_to_s3> on 2021-05-13T05:00:00+00:00
[2021-05-13 09:54:58,253] {standard_task_runner.py:52} INFO - Started process 10439 to run task
[2021-05-13 09:54:58,262] {standard_task_runner.py:76} INFO - Running: ['airflow', 'tasks', 'run', 'etl', 'loading_data_to_s3', '2021-05-13T05:00:00+00:00', '--job-id', '256', '--pool', 'default_pool', '--raw', '--subdir', 'DAGS_FOLDER/etl_dag.py', '--cfg-path', '/var/folders/_f/vg3x3jmj23bcz6s88l7v6fb40000gn/T/tmpub91echb', '--error-file', '/var/folders/_f/vg3x3jmj23bcz6s88l7v6fb40000gn/T/tmpyrc7i9g6']
[2021-05-13 09:54:58,264] {standard_task_runner.py:77} INFO - Job 256: Subtask loading_data_to_s3
[2021-05-13 09:54:58,308] {logging_mixin.py:104} INFO - Running <TaskInstance: etl.loading_data_to_s3 2021-05-13T05:00:00+00:00 [running]> on host 1.0.0.0.0.0.0.0.0.0.0.0.0.0.0.0.0.0.0.0.0.0.0.0.0.0.0.0.0.0.0.0.ip6.arpa
[2021-05-13 09:54:58,339] {taskinstance.py:1283} INFO - Exporting the following env vars:
AIRFLOW_CTX_DAG_OWNER=udacity
AIRFLOW_CTX_DAG_ID=etl
AIRFLOW_CTX_TASK_ID=loading_data_to_s3
AIRFLOW_CTX_EXECUTION_DATE=2021-05-13T05:00:00+00:00
AIRFLOW_CTX_DAG_RUN_ID=scheduled__2021-05-13T05:00:00+00:00
[2021-05-13 09:54:59,710] {logging_mixin.py:104} INFO - Fetching interval list
[2021-05-13 09:54:59,715] {logging_mixin.py:104} INFO - Inverval list built
[2021-05-13 09:54:59,715] {logging_mixin.py:104} INFO - Processing data
[2021-05-13 09:54:59,716] {logging_mixin.py:104} INFO - df initialized
[2021-05-13 09:54:59,716] {logging_mixin.py:104} INFO - ThreadPoolExecutor initialized
[2021-05-13 09:54:59,718] {logging_mixin.py:104} INFO - running function for: (array([1620906899000, 1620908699000]), 1)
[2021-05-13 09:54:59,719] {logging_mixin.py:104} INFO - https://cdn.iqoption.com/api/quotes-history/quotes/3.0?to=1620908699000&from=1620906899000&active_id=1&only_round=true&_key=1614903660000
[2021-05-13 09:54:59,719] {logging_mixin.py:104} INFO - https://cdn.iqoption.com/api/quotes-history/quotes/3.0?to=1620908699000&from=1620906899000&active_id=1&only_round=true&_key=1614903660000
submitted
[2021-05-13 09:54:59,721] {logging_mixin.py:104} INFO - running function for: (array([1620906899000, 1620908699000]), 2)
[2021-05-13 09:54:59,722] {logging_mixin.py:104} INFO - https://cdn.iqoption.com/api/quotes-history/quotes/3.0?to=1620908699000&from=1620906899000&active_id=2&only_round=true&_key=1614903660000
[2021-05-13 09:54:59,723] {logging_mixin.py:104} INFO - submitted
[2021-05-13 09:54:59,723] {logging_mixin.py:104} INFO - running function for: (array([1620906899000, 1620908699000]), 3)
[2021-05-13 09:54:59,725] {logging_mixin.py:104} INFO - https://cdn.iqoption.com/api/quotes-history/quotes/3.0?to=1620908699000&from=1620906899000&active_id=3&only_round=true&_key=1614903660000
[2021-05-13 09:54:59,725] {logging_mixin.py:104} INFO - https://cdn.iqoption.com/api/quotes-history/quotes/3.0?to=1620908699000&from=1620906899000&active_id=3&only_round=true&_key=1614903660000
submitted
[2021-05-13 09:54:59,727] {logging_mixin.py:104} INFO - running function for: (array([1620906899000, 1620908699000]), 4)
[2021-05-13 09:54:59,730] {logging_mixin.py:104} INFO - https://cdn.iqoption.com/api/quotes-history/quotes/3.0?to=1620908699000&from=1620906899000&active_id=4&only_round=true&_key=1614903660000
[2021-05-13 09:54:59,751] {local_task_job.py:146} INFO - Task exited with return code Negsignal.SIGSEGV
