[2021-05-16 23:00:13,830] {taskinstance.py:877} INFO - Dependencies all met for <TaskInstance: etl.loading_data_to_s3 2021-05-17T01:00:00+00:00 [queued]>
[2021-05-16 23:00:13,835] {taskinstance.py:877} INFO - Dependencies all met for <TaskInstance: etl.loading_data_to_s3 2021-05-17T01:00:00+00:00 [queued]>
[2021-05-16 23:00:13,835] {taskinstance.py:1068} INFO - 
--------------------------------------------------------------------------------
[2021-05-16 23:00:13,835] {taskinstance.py:1069} INFO - Starting attempt 1 of 1
[2021-05-16 23:00:13,835] {taskinstance.py:1070} INFO - 
--------------------------------------------------------------------------------
[2021-05-16 23:00:13,842] {taskinstance.py:1089} INFO - Executing <Task(PythonOperator): loading_data_to_s3> on 2021-05-17T01:00:00+00:00
[2021-05-16 23:00:13,848] {standard_task_runner.py:52} INFO - Started process 33056 to run task
[2021-05-16 23:00:13,854] {standard_task_runner.py:76} INFO - Running: ['airflow', 'tasks', 'run', 'etl', 'loading_data_to_s3', '2021-05-17T01:00:00+00:00', '--job-id', '852', '--pool', 'default_pool', '--raw', '--subdir', 'DAGS_FOLDER/etl_dag.py', '--cfg-path', '/var/folders/_f/vg3x3jmj23bcz6s88l7v6fb40000gn/T/tmp_0zltwyp', '--error-file', '/var/folders/_f/vg3x3jmj23bcz6s88l7v6fb40000gn/T/tmpz0jtm6tg']
[2021-05-16 23:00:13,855] {standard_task_runner.py:77} INFO - Job 852: Subtask loading_data_to_s3
[2021-05-16 23:00:13,888] {logging_mixin.py:104} INFO - Running <TaskInstance: etl.loading_data_to_s3 2021-05-17T01:00:00+00:00 [running]> on host 27.2.168.192.in-addr.arpa
[2021-05-16 23:00:13,913] {taskinstance.py:1283} INFO - Exporting the following env vars:
AIRFLOW_CTX_DAG_OWNER=udacity
AIRFLOW_CTX_DAG_ID=etl
AIRFLOW_CTX_TASK_ID=loading_data_to_s3
AIRFLOW_CTX_EXECUTION_DATE=2021-05-17T01:00:00+00:00
AIRFLOW_CTX_DAG_RUN_ID=scheduled__2021-05-17T01:00:00+00:00
[2021-05-16 23:00:15,231] {logging_mixin.py:104} INFO - Fetching interval list
[2021-05-16 23:00:15,231] {logging_mixin.py:104} INFO - Inverval list built
[2021-05-16 23:00:15,232] {logging_mixin.py:104} INFO - Processing data
[2021-05-16 23:00:15,232] {logging_mixin.py:104} INFO - df initialized
[2021-05-16 23:00:15,233] {logging_mixin.py:104} INFO - (array([1621213917001, 1621215015000]), 1)
[2021-05-16 23:00:15,233] {logging_mixin.py:104} INFO - (array([1621213917001, 1621215015000]), 2)
[2021-05-16 23:00:15,233] {logging_mixin.py:104} INFO - (array([1621213917001, 1621215015000]), 3)
[2021-05-16 23:00:15,233] {logging_mixin.py:104} INFO - ThreadPoolExecutor initialized
[2021-05-16 23:00:15,234] {logging_mixin.py:104} INFO - running function for: (array([1621213917001, 1621215015000]), 1)
[2021-05-16 23:00:15,234] {logging_mixin.py:104} INFO - https://cdn.iqoption.com/api/quotes-history/quotes/3.0?to=1621215015000&from=1621213917001&active_id=1&only_round=true&_key=1614903660000
[2021-05-16 23:00:15,235] {logging_mixin.py:104} INFO - https://cdn.iqoption.com/api/quotes-history/quotes/3.0?to=1621215015000&from=1621213917001&active_id=1&only_round=true&_key=1614903660000
submitted
[2021-05-16 23:00:15,236] {logging_mixin.py:104} INFO - running function for: (array([1621213917001, 1621215015000]), 2)
[2021-05-16 23:00:15,236] {logging_mixin.py:104} INFO - https://cdn.iqoption.com/api/quotes-history/quotes/3.0?to=1621215015000&from=1621213917001&active_id=2&only_round=true&_key=1614903660000
[2021-05-16 23:00:15,237] {logging_mixin.py:104} INFO - submitted
[2021-05-16 23:00:15,237] {logging_mixin.py:104} INFO - running function for: (array([1621213917001, 1621215015000]), 3)
[2021-05-16 23:00:15,238] {logging_mixin.py:104} INFO - https://cdn.iqoption.com/api/quotes-history/quotes/3.0?to=1621215015000&from=1621213917001&active_id=3&only_round=true&_key=1614903660000
[2021-05-16 23:00:15,238] {logging_mixin.py:104} INFO - https://cdn.iqoption.com/api/quotes-history/quotes/3.0?to=1621215015000&from=1621213917001&active_id=3&only_round=true&_key=1614903660000
submitted
[2021-05-16 23:00:18,511] {python.py:118} INFO - Done. Returned value was: None
[2021-05-16 23:00:18,517] {taskinstance.py:1192} INFO - Marking task as SUCCESS. dag_id=etl, task_id=loading_data_to_s3, execution_date=20210517T010000, start_date=20210517T020013, end_date=20210517T020018
[2021-05-16 23:00:18,558] {taskinstance.py:1246} INFO - 1 downstream tasks scheduled from follow-on schedule check
[2021-05-16 23:00:18,584] {local_task_job.py:146} INFO - Task exited with return code 0
