[2021-05-14 18:49:01,402] {taskinstance.py:877} INFO - Dependencies all met for <TaskInstance: etl.loading_data_to_s3 2021-05-14T21:48:47.641685+00:00 [queued]>
[2021-05-14 18:49:01,407] {taskinstance.py:877} INFO - Dependencies all met for <TaskInstance: etl.loading_data_to_s3 2021-05-14T21:48:47.641685+00:00 [queued]>
[2021-05-14 18:49:01,407] {taskinstance.py:1068} INFO - 
--------------------------------------------------------------------------------
[2021-05-14 18:49:01,407] {taskinstance.py:1069} INFO - Starting attempt 1 of 1
[2021-05-14 18:49:01,408] {taskinstance.py:1070} INFO - 
--------------------------------------------------------------------------------
[2021-05-14 18:49:01,413] {taskinstance.py:1089} INFO - Executing <Task(PythonOperator): loading_data_to_s3> on 2021-05-14T21:48:47.641685+00:00
[2021-05-14 18:49:01,416] {standard_task_runner.py:52} INFO - Started process 25110 to run task
[2021-05-14 18:49:01,424] {standard_task_runner.py:76} INFO - Running: ['airflow', 'tasks', 'run', 'etl', 'loading_data_to_s3', '2021-05-14T21:48:47.641685+00:00', '--job-id', '534', '--pool', 'default_pool', '--raw', '--subdir', 'DAGS_FOLDER/etl_dag.py', '--cfg-path', '/var/folders/_f/vg3x3jmj23bcz6s88l7v6fb40000gn/T/tmp65h3_wdo', '--error-file', '/var/folders/_f/vg3x3jmj23bcz6s88l7v6fb40000gn/T/tmpdex7jpdi']
[2021-05-14 18:49:01,425] {standard_task_runner.py:77} INFO - Job 534: Subtask loading_data_to_s3
[2021-05-14 18:49:01,456] {logging_mixin.py:104} INFO - Running <TaskInstance: etl.loading_data_to_s3 2021-05-14T21:48:47.641685+00:00 [running]> on host 27.2.168.192.in-addr.arpa
[2021-05-14 18:49:01,478] {taskinstance.py:1283} INFO - Exporting the following env vars:
AIRFLOW_CTX_DAG_OWNER=udacity
AIRFLOW_CTX_DAG_ID=etl
AIRFLOW_CTX_TASK_ID=loading_data_to_s3
AIRFLOW_CTX_EXECUTION_DATE=2021-05-14T21:48:47.641685+00:00
AIRFLOW_CTX_DAG_RUN_ID=manual__2021-05-14T21:48:47.641685+00:00
[2021-05-14 18:49:02,758] {logging_mixin.py:104} INFO - Fetching interval list
[2021-05-14 18:49:02,760] {logging_mixin.py:104} INFO - Inverval list built
[2021-05-14 18:49:02,760] {logging_mixin.py:104} INFO - Processing data
[2021-05-14 18:49:02,761] {logging_mixin.py:104} INFO - df initialized
[2021-05-14 18:49:02,761] {logging_mixin.py:104} INFO - ThreadPoolExecutor initialized
[2021-05-14 18:49:02,763] {logging_mixin.py:104} INFO - running function for: (array([1621025342000, 1621027142000]), 1)
[2021-05-14 18:49:02,764] {logging_mixin.py:104} INFO - https://cdn.iqoption.com/api/quotes-history/quotes/3.0?to=1621027142000&from=1621025342000&active_id=1&only_round=true&_key=1614903660000
[2021-05-14 18:49:02,766] {logging_mixin.py:104} INFO - submitted
[2021-05-14 18:49:02,766] {logging_mixin.py:104} INFO - running function for: (array([1621025342000, 1621027142000]), 2)
[2021-05-14 18:49:02,767] {logging_mixin.py:104} INFO - https://cdn.iqoption.com/api/quotes-history/quotes/3.0?to=1621027142000&from=1621025342000&active_id=2&only_round=true&_key=1614903660000
[2021-05-14 18:49:02,768] {logging_mixin.py:104} INFO - submitted
[2021-05-14 18:49:02,768] {logging_mixin.py:104} INFO - running function for: (array([1621025342000, 1621027142000]), 3)
[2021-05-14 18:49:02,769] {logging_mixin.py:104} INFO - https://cdn.iqoption.com/api/quotes-history/quotes/3.0?to=1621027142000&from=1621025342000&active_id=3&only_round=true&_key=1614903660000
[2021-05-14 18:49:02,769] {logging_mixin.py:104} INFO - submitted
[2021-05-14 18:49:02,769] {logging_mixin.py:104} INFO - running function for: (array([1621023542000, 1621025342000]), 1)
[2021-05-14 18:49:02,770] {logging_mixin.py:104} INFO - https://cdn.iqoption.com/api/quotes-history/quotes/3.0?to=1621025342000&from=1621023542000&active_id=1&only_round=true&_key=1614903660000
[2021-05-14 18:49:02,770] {logging_mixin.py:104} INFO - submitted
[2021-05-14 18:49:02,772] {logging_mixin.py:104} INFO - running function for: (array([1621023542000, 1621025342000]), 2)
[2021-05-14 18:49:02,773] {logging_mixin.py:104} INFO - https://cdn.iqoption.com/api/quotes-history/quotes/3.0?to=1621025342000&from=1621023542000&active_id=2&only_round=true&_key=1614903660000
[2021-05-14 18:49:02,773] {logging_mixin.py:104} INFO - submitted
[2021-05-14 18:49:02,774] {logging_mixin.py:104} INFO - running function for: (array([1621023542000, 1621025342000]), 3)
[2021-05-14 18:49:02,774] {logging_mixin.py:104} INFO - https://cdn.iqoption.com/api/quotes-history/quotes/3.0?to=1621025342000&from=1621023542000&active_id=3&only_round=true&_key=1614903660000
[2021-05-14 18:49:02,774] {logging_mixin.py:104} INFO - submitted
[2021-05-14 18:49:06,808] {python.py:118} INFO - Done. Returned value was: None
[2021-05-14 18:49:06,815] {taskinstance.py:1192} INFO - Marking task as SUCCESS. dag_id=etl, task_id=loading_data_to_s3, execution_date=20210514T214847, start_date=20210514T214901, end_date=20210514T214906
[2021-05-14 18:49:06,862] {taskinstance.py:1246} INFO - 1 downstream tasks scheduled from follow-on schedule check
[2021-05-14 18:49:06,881] {local_task_job.py:146} INFO - Task exited with return code 0
