[2021-05-15 13:20:57,273] {taskinstance.py:877} INFO - Dependencies all met for <TaskInstance: etl.loading_data_to_s3 2021-05-15T16:20:43.082053+00:00 [queued]>
[2021-05-15 13:20:57,279] {taskinstance.py:877} INFO - Dependencies all met for <TaskInstance: etl.loading_data_to_s3 2021-05-15T16:20:43.082053+00:00 [queued]>
[2021-05-15 13:20:57,279] {taskinstance.py:1068} INFO - 
--------------------------------------------------------------------------------
[2021-05-15 13:20:57,279] {taskinstance.py:1069} INFO - Starting attempt 1 of 1
[2021-05-15 13:20:57,279] {taskinstance.py:1070} INFO - 
--------------------------------------------------------------------------------
[2021-05-15 13:20:57,286] {taskinstance.py:1089} INFO - Executing <Task(PythonOperator): loading_data_to_s3> on 2021-05-15T16:20:43.082053+00:00
[2021-05-15 13:20:57,289] {standard_task_runner.py:52} INFO - Started process 29053 to run task
[2021-05-15 13:20:57,296] {standard_task_runner.py:76} INFO - Running: ['airflow', 'tasks', 'run', 'etl', 'loading_data_to_s3', '2021-05-15T16:20:43.082053+00:00', '--job-id', '729', '--pool', 'default_pool', '--raw', '--subdir', 'DAGS_FOLDER/etl_dag.py', '--cfg-path', '/var/folders/_f/vg3x3jmj23bcz6s88l7v6fb40000gn/T/tmp4ii6hsp5', '--error-file', '/var/folders/_f/vg3x3jmj23bcz6s88l7v6fb40000gn/T/tmp06c5z858']
[2021-05-15 13:20:57,299] {standard_task_runner.py:77} INFO - Job 729: Subtask loading_data_to_s3
[2021-05-15 13:20:57,333] {logging_mixin.py:104} INFO - Running <TaskInstance: etl.loading_data_to_s3 2021-05-15T16:20:43.082053+00:00 [running]> on host 27.2.168.192.in-addr.arpa
[2021-05-15 13:20:57,358] {taskinstance.py:1283} INFO - Exporting the following env vars:
AIRFLOW_CTX_DAG_OWNER=udacity
AIRFLOW_CTX_DAG_ID=etl
AIRFLOW_CTX_TASK_ID=loading_data_to_s3
AIRFLOW_CTX_EXECUTION_DATE=2021-05-15T16:20:43.082053+00:00
AIRFLOW_CTX_DAG_RUN_ID=manual__2021-05-15T16:20:43.082053+00:00
[2021-05-15 13:20:58,608] {logging_mixin.py:104} INFO - Fetching interval list
[2021-05-15 13:20:58,609] {logging_mixin.py:104} INFO - Inverval list built
[2021-05-15 13:20:58,610] {logging_mixin.py:104} INFO - Processing data
[2021-05-15 13:20:58,610] {logging_mixin.py:104} INFO - df initialized
[2021-05-15 13:20:58,611] {logging_mixin.py:104} INFO - (array([1621092058000, 1621093858000]), 1)
[2021-05-15 13:20:58,611] {logging_mixin.py:104} INFO - (array([1621092058000, 1621093858000]), 2)
[2021-05-15 13:20:58,611] {logging_mixin.py:104} INFO - (array([1621092058000, 1621093858000]), 3)
[2021-05-15 13:20:58,612] {logging_mixin.py:104} INFO - (array([1621090258000, 1621092058000]), 1)
[2021-05-15 13:20:58,612] {logging_mixin.py:104} INFO - (array([1621090258000, 1621092058000]), 2)
[2021-05-15 13:20:58,613] {logging_mixin.py:104} INFO - (array([1621090258000, 1621092058000]), 3)
[2021-05-15 13:20:58,613] {logging_mixin.py:104} INFO - (array([1621088458000, 1621090258000]), 1)
[2021-05-15 13:20:58,613] {logging_mixin.py:104} INFO - (array([1621088458000, 1621090258000]), 2)
[2021-05-15 13:20:58,614] {logging_mixin.py:104} INFO - (array([1621088458000, 1621090258000]), 3)
[2021-05-15 13:20:58,614] {logging_mixin.py:104} INFO - (array([1621086658000, 1621088458000]), 1)
[2021-05-15 13:20:58,614] {logging_mixin.py:104} INFO - (array([1621086658000, 1621088458000]), 2)
[2021-05-15 13:20:58,614] {logging_mixin.py:104} INFO - (array([1621086658000, 1621088458000]), 3)
[2021-05-15 13:20:58,615] {logging_mixin.py:104} INFO - (array([1621084858000, 1621086658000]), 1)
[2021-05-15 13:20:58,615] {logging_mixin.py:104} INFO - (array([1621084858000, 1621086658000]), 2)
[2021-05-15 13:20:58,615] {logging_mixin.py:104} INFO - (array([1621084858000, 1621086658000]), 3)
[2021-05-15 13:20:58,615] {logging_mixin.py:104} INFO - (array([1621083058000, 1621084858000]), 1)
[2021-05-15 13:20:58,616] {logging_mixin.py:104} INFO - (array([1621083058000, 1621084858000]), 2)
[2021-05-15 13:20:58,616] {logging_mixin.py:104} INFO - (array([1621083058000, 1621084858000]), 3)
[2021-05-15 13:20:58,616] {logging_mixin.py:104} INFO - (array([1621081258000, 1621083058000]), 1)
[2021-05-15 13:20:58,616] {logging_mixin.py:104} INFO - (array([1621081258000, 1621083058000]), 2)
[2021-05-15 13:20:58,617] {logging_mixin.py:104} INFO - (array([1621081258000, 1621083058000]), 3)
[2021-05-15 13:20:58,617] {logging_mixin.py:104} INFO - (array([1621079458000, 1621081258000]), 1)
[2021-05-15 13:20:58,617] {logging_mixin.py:104} INFO - (array([1621079458000, 1621081258000]), 2)
[2021-05-15 13:20:58,617] {logging_mixin.py:104} INFO - (array([1621079458000, 1621081258000]), 3)
[2021-05-15 13:20:58,618] {logging_mixin.py:104} INFO - (array([1621077658000, 1621079458000]), 1)
[2021-05-15 13:20:58,618] {logging_mixin.py:104} INFO - (array([1621077658000, 1621079458000]), 2)
[2021-05-15 13:20:58,618] {logging_mixin.py:104} INFO - (array([1621077658000, 1621079458000]), 3)
[2021-05-15 13:20:58,618] {logging_mixin.py:104} INFO - (array([1621075858000, 1621077658000]), 1)
[2021-05-15 13:20:58,619] {logging_mixin.py:104} INFO - (array([1621075858000, 1621077658000]), 2)
[2021-05-15 13:20:58,619] {logging_mixin.py:104} INFO - (array([1621075858000, 1621077658000]), 3)
[2021-05-15 13:20:58,619] {logging_mixin.py:104} INFO - (array([1621074058000, 1621075858000]), 1)
[2021-05-15 13:20:58,620] {logging_mixin.py:104} INFO - (array([1621074058000, 1621075858000]), 2)
[2021-05-15 13:20:58,620] {logging_mixin.py:104} INFO - (array([1621074058000, 1621075858000]), 3)
[2021-05-15 13:20:58,620] {logging_mixin.py:104} INFO - (array([1621072258000, 1621074058000]), 1)
[2021-05-15 13:20:58,620] {logging_mixin.py:104} INFO - (array([1621072258000, 1621074058000]), 2)
[2021-05-15 13:20:58,621] {logging_mixin.py:104} INFO - (array([1621072258000, 1621074058000]), 3)
[2021-05-15 13:20:58,621] {logging_mixin.py:104} INFO - (array([1621070458000, 1621072258000]), 1)
[2021-05-15 13:20:58,621] {logging_mixin.py:104} INFO - (array([1621070458000, 1621072258000]), 2)
[2021-05-15 13:20:58,621] {logging_mixin.py:104} INFO - (array([1621070458000, 1621072258000]), 3)
[2021-05-15 13:20:58,622] {logging_mixin.py:104} INFO - (array([1621068658000, 1621070458000]), 1)
[2021-05-15 13:20:58,622] {logging_mixin.py:104} INFO - (array([1621068658000, 1621070458000]), 2)
[2021-05-15 13:20:58,622] {logging_mixin.py:104} INFO - (array([1621068658000, 1621070458000]), 3)
[2021-05-15 13:20:58,623] {logging_mixin.py:104} INFO - (array([1621066858000, 1621068658000]), 1)
[2021-05-15 13:20:58,623] {logging_mixin.py:104} INFO - (array([1621066858000, 1621068658000]), 2)
[2021-05-15 13:20:58,623] {logging_mixin.py:104} INFO - (array([1621066858000, 1621068658000]), 3)
[2021-05-15 13:20:58,623] {logging_mixin.py:104} INFO - (array([1621065058000, 1621066858000]), 1)
[2021-05-15 13:20:58,624] {logging_mixin.py:104} INFO - (array([1621065058000, 1621066858000]), 2)
[2021-05-15 13:20:58,624] {logging_mixin.py:104} INFO - (array([1621065058000, 1621066858000]), 3)
[2021-05-15 13:20:58,624] {logging_mixin.py:104} INFO - (array([1621063258000, 1621065058000]), 1)
[2021-05-15 13:20:58,624] {logging_mixin.py:104} INFO - (array([1621063258000, 1621065058000]), 2)
[2021-05-15 13:20:58,625] {logging_mixin.py:104} INFO - (array([1621063258000, 1621065058000]), 3)
[2021-05-15 13:20:58,625] {logging_mixin.py:104} INFO - (array([1621061458000, 1621063258000]), 1)
[2021-05-15 13:20:58,625] {logging_mixin.py:104} INFO - (array([1621061458000, 1621063258000]), 2)
[2021-05-15 13:20:58,625] {logging_mixin.py:104} INFO - (array([1621061458000, 1621063258000]), 3)
[2021-05-15 13:20:58,626] {logging_mixin.py:104} INFO - (array([1621059658000, 1621061458000]), 1)
[2021-05-15 13:20:58,626] {logging_mixin.py:104} INFO - (array([1621059658000, 1621061458000]), 2)
[2021-05-15 13:20:58,626] {logging_mixin.py:104} INFO - (array([1621059658000, 1621061458000]), 3)
[2021-05-15 13:20:58,626] {logging_mixin.py:104} INFO - (array([1621057858000, 1621059658000]), 1)
[2021-05-15 13:20:58,627] {logging_mixin.py:104} INFO - (array([1621057858000, 1621059658000]), 2)
[2021-05-15 13:20:58,627] {logging_mixin.py:104} INFO - (array([1621057858000, 1621059658000]), 3)
[2021-05-15 13:20:58,627] {logging_mixin.py:104} INFO - (array([1621056058000, 1621057858000]), 1)
[2021-05-15 13:20:58,627] {logging_mixin.py:104} INFO - (array([1621056058000, 1621057858000]), 2)
[2021-05-15 13:20:58,628] {logging_mixin.py:104} INFO - (array([1621056058000, 1621057858000]), 3)
[2021-05-15 13:20:58,628] {logging_mixin.py:104} INFO - (array([1621054258000, 1621056058000]), 1)
[2021-05-15 13:20:58,628] {logging_mixin.py:104} INFO - (array([1621054258000, 1621056058000]), 2)
[2021-05-15 13:20:58,629] {logging_mixin.py:104} INFO - (array([1621054258000, 1621056058000]), 3)
[2021-05-15 13:20:58,629] {logging_mixin.py:104} INFO - (array([1621052458000, 1621054258000]), 1)
[2021-05-15 13:20:58,629] {logging_mixin.py:104} INFO - (array([1621052458000, 1621054258000]), 2)
[2021-05-15 13:20:58,629] {logging_mixin.py:104} INFO - (array([1621052458000, 1621054258000]), 3)
[2021-05-15 13:20:58,630] {logging_mixin.py:104} INFO - (array([1621050658000, 1621052458000]), 1)
[2021-05-15 13:20:58,630] {logging_mixin.py:104} INFO - (array([1621050658000, 1621052458000]), 2)
[2021-05-15 13:20:58,630] {logging_mixin.py:104} INFO - (array([1621050658000, 1621052458000]), 3)
[2021-05-15 13:20:58,630] {logging_mixin.py:104} INFO - (array([1621048858000, 1621050658000]), 1)
[2021-05-15 13:20:58,631] {logging_mixin.py:104} INFO - (array([1621048858000, 1621050658000]), 2)
[2021-05-15 13:20:58,631] {logging_mixin.py:104} INFO - (array([1621048858000, 1621050658000]), 3)
[2021-05-15 13:20:58,631] {logging_mixin.py:104} INFO - (array([1621047058000, 1621048858000]), 1)
[2021-05-15 13:20:58,631] {logging_mixin.py:104} INFO - (array([1621047058000, 1621048858000]), 2)
[2021-05-15 13:20:58,632] {logging_mixin.py:104} INFO - (array([1621047058000, 1621048858000]), 3)
[2021-05-15 13:20:58,632] {logging_mixin.py:104} INFO - (array([1621045258000, 1621047058000]), 1)
[2021-05-15 13:20:58,632] {logging_mixin.py:104} INFO - (array([1621045258000, 1621047058000]), 2)
[2021-05-15 13:20:58,633] {logging_mixin.py:104} INFO - (array([1621045258000, 1621047058000]), 3)
[2021-05-15 13:20:58,633] {logging_mixin.py:104} INFO - (array([1621043458000, 1621045258000]), 1)
[2021-05-15 13:20:58,633] {logging_mixin.py:104} INFO - (array([1621043458000, 1621045258000]), 2)
[2021-05-15 13:20:58,633] {logging_mixin.py:104} INFO - (array([1621043458000, 1621045258000]), 3)
[2021-05-15 13:20:58,634] {logging_mixin.py:104} INFO - (array([1621041658000, 1621043458000]), 1)
[2021-05-15 13:20:58,634] {logging_mixin.py:104} INFO - (array([1621041658000, 1621043458000]), 2)
[2021-05-15 13:20:58,634] {logging_mixin.py:104} INFO - (array([1621041658000, 1621043458000]), 3)
[2021-05-15 13:20:58,634] {logging_mixin.py:104} INFO - (array([1621039858000, 1621041658000]), 1)
[2021-05-15 13:20:58,635] {logging_mixin.py:104} INFO - (array([1621039858000, 1621041658000]), 2)
[2021-05-15 13:20:58,635] {logging_mixin.py:104} INFO - (array([1621039858000, 1621041658000]), 3)
[2021-05-15 13:20:58,635] {logging_mixin.py:104} INFO - (array([1621038058000, 1621039858000]), 1)
[2021-05-15 13:20:58,635] {logging_mixin.py:104} INFO - (array([1621038058000, 1621039858000]), 2)
[2021-05-15 13:20:58,636] {logging_mixin.py:104} INFO - (array([1621038058000, 1621039858000]), 3)
[2021-05-15 13:20:58,636] {logging_mixin.py:104} INFO - (array([1621036258000, 1621038058000]), 1)
[2021-05-15 13:20:58,636] {logging_mixin.py:104} INFO - (array([1621036258000, 1621038058000]), 2)
[2021-05-15 13:20:58,636] {logging_mixin.py:104} INFO - (array([1621036258000, 1621038058000]), 3)
[2021-05-15 13:20:58,637] {logging_mixin.py:104} INFO - (array([1621034458000, 1621036258000]), 1)
[2021-05-15 13:20:58,637] {logging_mixin.py:104} INFO - (array([1621034458000, 1621036258000]), 2)
[2021-05-15 13:20:58,637] {logging_mixin.py:104} INFO - (array([1621034458000, 1621036258000]), 3)
[2021-05-15 13:20:58,638] {logging_mixin.py:104} INFO - (array([1621032658000, 1621034458000]), 1)
[2021-05-15 13:20:58,638] {logging_mixin.py:104} INFO - (array([1621032658000, 1621034458000]), 2)
[2021-05-15 13:20:58,638] {logging_mixin.py:104} INFO - (array([1621032658000, 1621034458000]), 3)
[2021-05-15 13:20:58,638] {logging_mixin.py:104} INFO - (array([1621030858000, 1621032658000]), 1)
[2021-05-15 13:20:58,639] {logging_mixin.py:104} INFO - (array([1621030858000, 1621032658000]), 2)
[2021-05-15 13:20:58,639] {logging_mixin.py:104} INFO - (array([1621030858000, 1621032658000]), 3)
[2021-05-15 13:20:58,639] {logging_mixin.py:104} INFO - (array([1621029058000, 1621030858000]), 1)
[2021-05-15 13:20:58,639] {logging_mixin.py:104} INFO - (array([1621029058000, 1621030858000]), 2)
[2021-05-15 13:20:58,640] {logging_mixin.py:104} INFO - (array([1621029058000, 1621030858000]), 3)
[2021-05-15 13:20:58,640] {logging_mixin.py:104} INFO - (array([1621027258000, 1621029058000]), 1)
[2021-05-15 13:20:58,640] {logging_mixin.py:104} INFO - (array([1621027258000, 1621029058000]), 2)
[2021-05-15 13:20:58,640] {logging_mixin.py:104} INFO - (array([1621027258000, 1621029058000]), 3)
[2021-05-15 13:20:58,641] {logging_mixin.py:104} INFO - (array([1621025458000, 1621027258000]), 1)
[2021-05-15 13:20:58,641] {logging_mixin.py:104} INFO - (array([1621025458000, 1621027258000]), 2)
[2021-05-15 13:20:58,641] {logging_mixin.py:104} INFO - (array([1621025458000, 1621027258000]), 3)
[2021-05-15 13:20:58,641] {logging_mixin.py:104} INFO - (array([1621023658000, 1621025458000]), 1)
[2021-05-15 13:20:58,642] {logging_mixin.py:104} INFO - (array([1621023658000, 1621025458000]), 2)
[2021-05-15 13:20:58,642] {logging_mixin.py:104} INFO - (array([1621023658000, 1621025458000]), 3)
[2021-05-15 13:20:58,642] {logging_mixin.py:104} INFO - (array([1621021858000, 1621023658000]), 1)
[2021-05-15 13:20:58,643] {logging_mixin.py:104} INFO - (array([1621021858000, 1621023658000]), 2)
[2021-05-15 13:20:58,643] {logging_mixin.py:104} INFO - (array([1621021858000, 1621023658000]), 3)
[2021-05-15 13:20:58,643] {logging_mixin.py:104} INFO - (array([1621020058000, 1621021858000]), 1)
[2021-05-15 13:20:58,643] {logging_mixin.py:104} INFO - (array([1621020058000, 1621021858000]), 2)
[2021-05-15 13:20:58,644] {logging_mixin.py:104} INFO - (array([1621020058000, 1621021858000]), 3)
[2021-05-15 13:20:58,644] {logging_mixin.py:104} INFO - (array([1621018258000, 1621020058000]), 1)
[2021-05-15 13:20:58,644] {logging_mixin.py:104} INFO - (array([1621018258000, 1621020058000]), 2)
[2021-05-15 13:20:58,645] {logging_mixin.py:104} INFO - (array([1621018258000, 1621020058000]), 3)
[2021-05-15 13:20:58,645] {logging_mixin.py:104} INFO - (array([1621016458000, 1621018258000]), 1)
[2021-05-15 13:20:58,645] {logging_mixin.py:104} INFO - (array([1621016458000, 1621018258000]), 2)
[2021-05-15 13:20:58,646] {logging_mixin.py:104} INFO - (array([1621016458000, 1621018258000]), 3)
[2021-05-15 13:20:58,646] {logging_mixin.py:104} INFO - (array([1621014658000, 1621016458000]), 1)
[2021-05-15 13:20:58,646] {logging_mixin.py:104} INFO - (array([1621014658000, 1621016458000]), 2)
[2021-05-15 13:20:58,646] {logging_mixin.py:104} INFO - (array([1621014658000, 1621016458000]), 3)
[2021-05-15 13:20:58,647] {logging_mixin.py:104} INFO - (array([1621012858000, 1621014658000]), 1)
[2021-05-15 13:20:58,647] {logging_mixin.py:104} INFO - (array([1621012858000, 1621014658000]), 2)
[2021-05-15 13:20:58,648] {logging_mixin.py:104} INFO - (array([1621012858000, 1621014658000]), 3)
[2021-05-15 13:20:58,648] {logging_mixin.py:104} INFO - (array([1621011058000, 1621012858000]), 1)
[2021-05-15 13:20:58,648] {logging_mixin.py:104} INFO - (array([1621011058000, 1621012858000]), 2)
[2021-05-15 13:20:58,648] {logging_mixin.py:104} INFO - (array([1621011058000, 1621012858000]), 3)
[2021-05-15 13:20:58,649] {logging_mixin.py:104} INFO - (array([1621009258000, 1621011058000]), 1)
[2021-05-15 13:20:58,649] {logging_mixin.py:104} INFO - (array([1621009258000, 1621011058000]), 2)
[2021-05-15 13:20:58,649] {logging_mixin.py:104} INFO - (array([1621009258000, 1621011058000]), 3)
[2021-05-15 13:20:58,650] {logging_mixin.py:104} INFO - ThreadPoolExecutor initialized
[2021-05-15 13:20:58,650] {logging_mixin.py:104} INFO - running function for: (array([1621092058000, 1621093858000]), 1)
[2021-05-15 13:20:58,650] {logging_mixin.py:104} INFO - https://cdn.iqoption.com/api/quotes-history/quotes/3.0?to=1621093858000&from=1621092058000&active_id=1&only_round=true&_key=1614903660000
[2021-05-15 13:20:58,651] {logging_mixin.py:104} INFO - submitted
[2021-05-15 13:20:58,652] {logging_mixin.py:104} INFO - running function for: (array([1621092058000, 1621093858000]), 2)
[2021-05-15 13:20:58,652] {logging_mixin.py:104} INFO - https://cdn.iqoption.com/api/quotes-history/quotes/3.0?to=1621093858000&from=1621092058000&active_id=2&only_round=true&_key=1614903660000
[2021-05-15 13:20:58,653] {logging_mixin.py:104} INFO - submitted
[2021-05-15 13:20:58,654] {logging_mixin.py:104} INFO - running function for: (array([1621092058000, 1621093858000]), 3)
[2021-05-15 13:20:58,654] {logging_mixin.py:104} INFO - https://cdn.iqoption.com/api/quotes-history/quotes/3.0?to=1621093858000&from=1621092058000&active_id=3&only_round=true&_key=1614903660000
[2021-05-15 13:20:58,655] {logging_mixin.py:104} INFO - https://cdn.iqoption.com/api/quotes-history/quotes/3.0?to=1621093858000&from=1621092058000&active_id=3&only_round=true&_key=1614903660000
submitted
[2021-05-15 13:20:58,656] {logging_mixin.py:104} INFO - running function for: (array([1621090258000, 1621092058000]), 1)
[2021-05-15 13:20:58,657] {logging_mixin.py:104} INFO - https://cdn.iqoption.com/api/quotes-history/quotes/3.0?to=1621092058000&from=1621090258000&active_id=1&only_round=true&_key=1614903660000
[2021-05-15 13:20:58,657] {logging_mixin.py:104} INFO - submitted
[2021-05-15 13:20:58,657] {logging_mixin.py:104} INFO - running function for: (array([1621090258000, 1621092058000]), 2)
[2021-05-15 13:20:58,658] {logging_mixin.py:104} INFO - https://cdn.iqoption.com/api/quotes-history/quotes/3.0?to=1621092058000&from=1621090258000&active_id=2&only_round=true&_key=1614903660000
[2021-05-15 13:20:58,658] {logging_mixin.py:104} INFO - https://cdn.iqoption.com/api/quotes-history/quotes/3.0?to=1621092058000&from=1621090258000&active_id=2&only_round=true&_key=1614903660000
submitted
[2021-05-15 13:20:58,662] {logging_mixin.py:104} INFO - running function for: (array([1621090258000, 1621092058000]), 3)
[2021-05-15 13:20:58,664] {logging_mixin.py:104} INFO - https://cdn.iqoption.com/api/quotes-history/quotes/3.0?to=1621092058000&from=1621090258000&active_id=3&only_round=true&_key=1614903660000
[2021-05-15 13:20:58,666] {logging_mixin.py:104} INFO - https://cdn.iqoption.com/api/quotes-history/quotes/3.0?to=1621092058000&from=1621090258000&active_id=3&only_round=true&_key=1614903660000
submitted
[2021-05-15 13:20:58,666] {logging_mixin.py:104} INFO - running function for: (array([1621088458000, 1621090258000]), 1)
[2021-05-15 13:20:58,668] {logging_mixin.py:104} INFO - https://cdn.iqoption.com/api/quotes-history/quotes/3.0?to=1621090258000&from=1621088458000&active_id=1&only_round=true&_key=1614903660000
[2021-05-15 13:20:58,668] {logging_mixin.py:104} INFO - submitted
[2021-05-15 13:20:58,669] {logging_mixin.py:104} INFO - running function for: (array([1621088458000, 1621090258000]), 2)
[2021-05-15 13:20:58,670] {logging_mixin.py:104} INFO - https://cdn.iqoption.com/api/quotes-history/quotes/3.0?to=1621090258000&from=1621088458000&active_id=2&only_round=true&_key=1614903660000
[2021-05-15 13:20:58,671] {logging_mixin.py:104} INFO - submitted
[2021-05-15 13:20:58,671] {logging_mixin.py:104} INFO - running function for: (array([1621088458000, 1621090258000]), 3)
[2021-05-15 13:20:58,671] {logging_mixin.py:104} INFO - submitted
[2021-05-15 13:20:58,672] {logging_mixin.py:104} INFO - running function for: (array([1621086658000, 1621088458000]), 1)
[2021-05-15 13:20:58,672] {logging_mixin.py:104} INFO - submitted
[2021-05-15 13:20:58,672] {logging_mixin.py:104} INFO - running function for: (array([1621086658000, 1621088458000]), 2)
[2021-05-15 13:20:58,673] {logging_mixin.py:104} INFO - submitted
[2021-05-15 13:20:58,673] {logging_mixin.py:104} INFO - running function for: (array([1621086658000, 1621088458000]), 3)
[2021-05-15 13:20:58,673] {logging_mixin.py:104} INFO - submitted
[2021-05-15 13:20:58,673] {logging_mixin.py:104} INFO - running function for: (array([1621084858000, 1621086658000]), 1)
[2021-05-15 13:20:58,674] {logging_mixin.py:104} INFO - submitted
[2021-05-15 13:20:58,674] {logging_mixin.py:104} INFO - running function for: (array([1621084858000, 1621086658000]), 2)
[2021-05-15 13:20:58,674] {logging_mixin.py:104} INFO - submitted
[2021-05-15 13:20:58,674] {logging_mixin.py:104} INFO - running function for: (array([1621084858000, 1621086658000]), 3)
[2021-05-15 13:20:58,675] {logging_mixin.py:104} INFO - submitted
[2021-05-15 13:20:58,675] {logging_mixin.py:104} INFO - running function for: (array([1621083058000, 1621084858000]), 1)
[2021-05-15 13:20:58,675] {logging_mixin.py:104} INFO - submitted
[2021-05-15 13:20:58,675] {logging_mixin.py:104} INFO - running function for: (array([1621083058000, 1621084858000]), 2)
[2021-05-15 13:20:58,676] {logging_mixin.py:104} INFO - submitted
[2021-05-15 13:20:58,676] {logging_mixin.py:104} INFO - running function for: (array([1621083058000, 1621084858000]), 3)
[2021-05-15 13:20:58,676] {logging_mixin.py:104} INFO - submitted
[2021-05-15 13:20:58,676] {logging_mixin.py:104} INFO - running function for: (array([1621081258000, 1621083058000]), 1)
[2021-05-15 13:20:58,677] {logging_mixin.py:104} INFO - submitted
[2021-05-15 13:20:58,677] {logging_mixin.py:104} INFO - running function for: (array([1621081258000, 1621083058000]), 2)
[2021-05-15 13:20:58,677] {logging_mixin.py:104} INFO - submitted
[2021-05-15 13:20:58,677] {logging_mixin.py:104} INFO - running function for: (array([1621081258000, 1621083058000]), 3)
[2021-05-15 13:20:58,678] {logging_mixin.py:104} INFO - submitted
[2021-05-15 13:20:58,678] {logging_mixin.py:104} INFO - running function for: (array([1621079458000, 1621081258000]), 1)
[2021-05-15 13:20:58,678] {logging_mixin.py:104} INFO - submitted
[2021-05-15 13:20:58,678] {logging_mixin.py:104} INFO - running function for: (array([1621079458000, 1621081258000]), 2)
[2021-05-15 13:20:58,678] {logging_mixin.py:104} INFO - submitted
[2021-05-15 13:20:58,679] {logging_mixin.py:104} INFO - running function for: (array([1621079458000, 1621081258000]), 3)
[2021-05-15 13:20:58,679] {logging_mixin.py:104} INFO - submitted
[2021-05-15 13:20:58,680] {logging_mixin.py:104} INFO - running function for: (array([1621077658000, 1621079458000]), 1)
[2021-05-15 13:20:58,680] {logging_mixin.py:104} INFO - submitted
[2021-05-15 13:20:58,680] {logging_mixin.py:104} INFO - running function for: (array([1621077658000, 1621079458000]), 2)
[2021-05-15 13:20:58,681] {logging_mixin.py:104} INFO - submitted
[2021-05-15 13:20:58,681] {logging_mixin.py:104} INFO - running function for: (array([1621077658000, 1621079458000]), 3)
[2021-05-15 13:20:58,681] {logging_mixin.py:104} INFO - submitted
[2021-05-15 13:20:58,682] {logging_mixin.py:104} INFO - running function for: (array([1621075858000, 1621077658000]), 1)
[2021-05-15 13:20:58,682] {logging_mixin.py:104} INFO - submitted
[2021-05-15 13:20:58,682] {logging_mixin.py:104} INFO - running function for: (array([1621075858000, 1621077658000]), 2)
[2021-05-15 13:20:58,683] {logging_mixin.py:104} INFO - submitted
[2021-05-15 13:20:58,683] {logging_mixin.py:104} INFO - running function for: (array([1621075858000, 1621077658000]), 3)
[2021-05-15 13:20:58,683] {logging_mixin.py:104} INFO - submitted
[2021-05-15 13:20:58,684] {logging_mixin.py:104} INFO - running function for: (array([1621074058000, 1621075858000]), 1)
[2021-05-15 13:20:58,684] {logging_mixin.py:104} INFO - submitted
[2021-05-15 13:20:58,685] {logging_mixin.py:104} INFO - running function for: (array([1621074058000, 1621075858000]), 2)
[2021-05-15 13:20:58,685] {logging_mixin.py:104} INFO - submitted
[2021-05-15 13:20:58,686] {logging_mixin.py:104} INFO - running function for: (array([1621074058000, 1621075858000]), 3)
[2021-05-15 13:20:58,686] {logging_mixin.py:104} INFO - submitted
[2021-05-15 13:20:58,687] {logging_mixin.py:104} INFO - running function for: (array([1621072258000, 1621074058000]), 1)
[2021-05-15 13:20:58,687] {logging_mixin.py:104} INFO - submitted
[2021-05-15 13:20:58,687] {logging_mixin.py:104} INFO - running function for: (array([1621072258000, 1621074058000]), 2)
[2021-05-15 13:20:58,687] {logging_mixin.py:104} INFO - submitted
[2021-05-15 13:20:58,688] {logging_mixin.py:104} INFO - running function for: (array([1621072258000, 1621074058000]), 3)
[2021-05-15 13:20:58,688] {logging_mixin.py:104} INFO - submitted
[2021-05-15 13:20:58,688] {logging_mixin.py:104} INFO - running function for: (array([1621070458000, 1621072258000]), 1)
[2021-05-15 13:20:58,688] {logging_mixin.py:104} INFO - submitted
[2021-05-15 13:20:58,689] {logging_mixin.py:104} INFO - running function for: (array([1621070458000, 1621072258000]), 2)
[2021-05-15 13:20:58,689] {logging_mixin.py:104} INFO - submitted
[2021-05-15 13:20:58,689] {logging_mixin.py:104} INFO - running function for: (array([1621070458000, 1621072258000]), 3)
[2021-05-15 13:20:58,690] {logging_mixin.py:104} INFO - submitted
[2021-05-15 13:20:58,691] {logging_mixin.py:104} INFO - running function for: (array([1621068658000, 1621070458000]), 1)
[2021-05-15 13:20:58,691] {logging_mixin.py:104} INFO - submitted
[2021-05-15 13:20:58,691] {logging_mixin.py:104} INFO - running function for: (array([1621068658000, 1621070458000]), 2)
[2021-05-15 13:20:58,692] {logging_mixin.py:104} INFO - submitted
[2021-05-15 13:20:58,694] {logging_mixin.py:104} INFO - running function for: (array([1621068658000, 1621070458000]), 3)
[2021-05-15 13:20:58,697] {logging_mixin.py:104} INFO - submitted
[2021-05-15 13:20:58,698] {logging_mixin.py:104} INFO - running function for: (array([1621066858000, 1621068658000]), 1)
[2021-05-15 13:20:58,698] {logging_mixin.py:104} INFO - submitted
[2021-05-15 13:20:58,698] {logging_mixin.py:104} INFO - running function for: (array([1621066858000, 1621068658000]), 2)
[2021-05-15 13:20:58,698] {logging_mixin.py:104} INFO - submitted
[2021-05-15 13:20:58,699] {logging_mixin.py:104} INFO - running function for: (array([1621066858000, 1621068658000]), 3)
[2021-05-15 13:20:58,699] {logging_mixin.py:104} INFO - submitted
[2021-05-15 13:20:58,700] {logging_mixin.py:104} INFO - running function for: (array([1621065058000, 1621066858000]), 1)
[2021-05-15 13:20:58,700] {logging_mixin.py:104} INFO - submitted
[2021-05-15 13:20:58,700] {logging_mixin.py:104} INFO - running function for: (array([1621065058000, 1621066858000]), 2)
[2021-05-15 13:20:58,700] {logging_mixin.py:104} INFO - submitted
[2021-05-15 13:20:58,702] {logging_mixin.py:104} INFO - running function for: (array([1621065058000, 1621066858000]), 3)
[2021-05-15 13:20:58,703] {logging_mixin.py:104} INFO - submitted
[2021-05-15 13:20:58,704] {logging_mixin.py:104} INFO - running function for: (array([1621063258000, 1621065058000]), 1)
[2021-05-15 13:20:58,704] {logging_mixin.py:104} INFO - submitted
[2021-05-15 13:20:58,705] {logging_mixin.py:104} INFO - running function for: (array([1621063258000, 1621065058000]), 2)
[2021-05-15 13:20:58,705] {logging_mixin.py:104} INFO - submitted
[2021-05-15 13:20:58,706] {logging_mixin.py:104} INFO - running function for: (array([1621063258000, 1621065058000]), 3)
[2021-05-15 13:20:58,706] {logging_mixin.py:104} INFO - submitted
[2021-05-15 13:20:58,707] {logging_mixin.py:104} INFO - running function for: (array([1621061458000, 1621063258000]), 1)
[2021-05-15 13:20:58,707] {logging_mixin.py:104} INFO - submitted
[2021-05-15 13:20:58,707] {logging_mixin.py:104} INFO - running function for: (array([1621061458000, 1621063258000]), 2)
[2021-05-15 13:20:58,708] {logging_mixin.py:104} INFO - submitted
[2021-05-15 13:20:58,708] {logging_mixin.py:104} INFO - running function for: (array([1621061458000, 1621063258000]), 3)
[2021-05-15 13:20:58,708] {logging_mixin.py:104} INFO - submitted
[2021-05-15 13:20:58,708] {logging_mixin.py:104} INFO - running function for: (array([1621059658000, 1621061458000]), 1)
[2021-05-15 13:20:58,709] {logging_mixin.py:104} INFO - submitted
[2021-05-15 13:20:58,709] {logging_mixin.py:104} INFO - running function for: (array([1621059658000, 1621061458000]), 2)
[2021-05-15 13:20:58,709] {logging_mixin.py:104} INFO - submitted
[2021-05-15 13:20:58,709] {logging_mixin.py:104} INFO - running function for: (array([1621059658000, 1621061458000]), 3)
[2021-05-15 13:20:58,710] {logging_mixin.py:104} INFO - submitted
[2021-05-15 13:20:58,710] {logging_mixin.py:104} INFO - running function for: (array([1621057858000, 1621059658000]), 1)
[2021-05-15 13:20:58,710] {logging_mixin.py:104} INFO - submitted
[2021-05-15 13:20:58,710] {logging_mixin.py:104} INFO - running function for: (array([1621057858000, 1621059658000]), 2)
[2021-05-15 13:20:58,711] {logging_mixin.py:104} INFO - submitted
[2021-05-15 13:20:58,711] {logging_mixin.py:104} INFO - running function for: (array([1621057858000, 1621059658000]), 3)
[2021-05-15 13:20:58,711] {logging_mixin.py:104} INFO - submitted
[2021-05-15 13:20:58,711] {logging_mixin.py:104} INFO - running function for: (array([1621056058000, 1621057858000]), 1)
[2021-05-15 13:20:58,712] {logging_mixin.py:104} INFO - submitted
[2021-05-15 13:20:58,712] {logging_mixin.py:104} INFO - running function for: (array([1621056058000, 1621057858000]), 2)
[2021-05-15 13:20:58,712] {logging_mixin.py:104} INFO - submitted
[2021-05-15 13:20:58,712] {logging_mixin.py:104} INFO - running function for: (array([1621056058000, 1621057858000]), 3)
[2021-05-15 13:20:58,713] {logging_mixin.py:104} INFO - submitted
[2021-05-15 13:20:58,713] {logging_mixin.py:104} INFO - running function for: (array([1621054258000, 1621056058000]), 1)
[2021-05-15 13:20:58,713] {logging_mixin.py:104} INFO - submitted
[2021-05-15 13:20:58,714] {logging_mixin.py:104} INFO - running function for: (array([1621054258000, 1621056058000]), 2)
[2021-05-15 13:20:58,714] {logging_mixin.py:104} INFO - submitted
[2021-05-15 13:20:58,714] {logging_mixin.py:104} INFO - running function for: (array([1621054258000, 1621056058000]), 3)
[2021-05-15 13:20:58,714] {logging_mixin.py:104} INFO - submitted
[2021-05-15 13:20:58,715] {logging_mixin.py:104} INFO - running function for: (array([1621052458000, 1621054258000]), 1)
[2021-05-15 13:20:58,715] {logging_mixin.py:104} INFO - submitted
[2021-05-15 13:20:58,715] {logging_mixin.py:104} INFO - running function for: (array([1621052458000, 1621054258000]), 2)
[2021-05-15 13:20:58,715] {logging_mixin.py:104} INFO - submitted
[2021-05-15 13:20:58,716] {logging_mixin.py:104} INFO - running function for: (array([1621052458000, 1621054258000]), 3)
[2021-05-15 13:20:58,716] {logging_mixin.py:104} INFO - submitted
[2021-05-15 13:20:58,716] {logging_mixin.py:104} INFO - running function for: (array([1621050658000, 1621052458000]), 1)
[2021-05-15 13:20:58,716] {logging_mixin.py:104} INFO - submitted
[2021-05-15 13:20:58,717] {logging_mixin.py:104} INFO - running function for: (array([1621050658000, 1621052458000]), 2)
[2021-05-15 13:20:58,717] {logging_mixin.py:104} INFO - submitted
[2021-05-15 13:20:58,717] {logging_mixin.py:104} INFO - running function for: (array([1621050658000, 1621052458000]), 3)
[2021-05-15 13:20:58,717] {logging_mixin.py:104} INFO - submitted
[2021-05-15 13:20:58,718] {logging_mixin.py:104} INFO - running function for: (array([1621048858000, 1621050658000]), 1)
[2021-05-15 13:20:58,718] {logging_mixin.py:104} INFO - submitted
[2021-05-15 13:20:58,718] {logging_mixin.py:104} INFO - running function for: (array([1621048858000, 1621050658000]), 2)
[2021-05-15 13:20:58,718] {logging_mixin.py:104} INFO - submitted
[2021-05-15 13:20:58,719] {logging_mixin.py:104} INFO - running function for: (array([1621048858000, 1621050658000]), 3)
[2021-05-15 13:20:58,719] {logging_mixin.py:104} INFO - submitted
[2021-05-15 13:20:58,719] {logging_mixin.py:104} INFO - running function for: (array([1621047058000, 1621048858000]), 1)
[2021-05-15 13:20:58,719] {logging_mixin.py:104} INFO - submitted
[2021-05-15 13:20:58,720] {logging_mixin.py:104} INFO - running function for: (array([1621047058000, 1621048858000]), 2)
[2021-05-15 13:20:58,720] {logging_mixin.py:104} INFO - submitted
[2021-05-15 13:20:58,720] {logging_mixin.py:104} INFO - running function for: (array([1621047058000, 1621048858000]), 3)
[2021-05-15 13:20:58,720] {logging_mixin.py:104} INFO - submitted
[2021-05-15 13:20:58,721] {logging_mixin.py:104} INFO - running function for: (array([1621045258000, 1621047058000]), 1)
[2021-05-15 13:20:58,721] {logging_mixin.py:104} INFO - submitted
[2021-05-15 13:20:58,721] {logging_mixin.py:104} INFO - running function for: (array([1621045258000, 1621047058000]), 2)
[2021-05-15 13:20:58,721] {logging_mixin.py:104} INFO - submitted
[2021-05-15 13:20:58,722] {logging_mixin.py:104} INFO - running function for: (array([1621045258000, 1621047058000]), 3)
[2021-05-15 13:20:58,722] {logging_mixin.py:104} INFO - submitted
[2021-05-15 13:20:58,722] {logging_mixin.py:104} INFO - running function for: (array([1621043458000, 1621045258000]), 1)
[2021-05-15 13:20:58,722] {logging_mixin.py:104} INFO - submitted
[2021-05-15 13:20:58,723] {logging_mixin.py:104} INFO - running function for: (array([1621043458000, 1621045258000]), 2)
[2021-05-15 13:20:58,723] {logging_mixin.py:104} INFO - submitted
[2021-05-15 13:20:58,723] {logging_mixin.py:104} INFO - running function for: (array([1621043458000, 1621045258000]), 3)
[2021-05-15 13:20:58,723] {logging_mixin.py:104} INFO - submitted
[2021-05-15 13:20:58,723] {logging_mixin.py:104} INFO - running function for: (array([1621041658000, 1621043458000]), 1)
[2021-05-15 13:20:58,724] {logging_mixin.py:104} INFO - submitted
[2021-05-15 13:20:58,724] {logging_mixin.py:104} INFO - running function for: (array([1621041658000, 1621043458000]), 2)
[2021-05-15 13:20:58,724] {logging_mixin.py:104} INFO - submitted
[2021-05-15 13:20:58,724] {logging_mixin.py:104} INFO - running function for: (array([1621041658000, 1621043458000]), 3)
[2021-05-15 13:20:58,725] {logging_mixin.py:104} INFO - submitted
[2021-05-15 13:20:58,725] {logging_mixin.py:104} INFO - running function for: (array([1621039858000, 1621041658000]), 1)
[2021-05-15 13:20:58,725] {logging_mixin.py:104} INFO - submitted
[2021-05-15 13:20:58,725] {logging_mixin.py:104} INFO - running function for: (array([1621039858000, 1621041658000]), 2)
[2021-05-15 13:20:58,726] {logging_mixin.py:104} INFO - submitted
[2021-05-15 13:20:58,726] {logging_mixin.py:104} INFO - running function for: (array([1621039858000, 1621041658000]), 3)
[2021-05-15 13:20:58,726] {logging_mixin.py:104} INFO - submitted
[2021-05-15 13:20:58,726] {logging_mixin.py:104} INFO - running function for: (array([1621038058000, 1621039858000]), 1)
[2021-05-15 13:20:58,727] {logging_mixin.py:104} INFO - submitted
[2021-05-15 13:20:58,727] {logging_mixin.py:104} INFO - running function for: (array([1621038058000, 1621039858000]), 2)
[2021-05-15 13:20:58,727] {logging_mixin.py:104} INFO - submitted
[2021-05-15 13:20:58,727] {logging_mixin.py:104} INFO - running function for: (array([1621038058000, 1621039858000]), 3)
[2021-05-15 13:20:58,727] {logging_mixin.py:104} INFO - submitted
[2021-05-15 13:20:58,728] {logging_mixin.py:104} INFO - running function for: (array([1621036258000, 1621038058000]), 1)
[2021-05-15 13:20:58,728] {logging_mixin.py:104} INFO - submitted
[2021-05-15 13:20:58,728] {logging_mixin.py:104} INFO - running function for: (array([1621036258000, 1621038058000]), 2)
[2021-05-15 13:20:58,728] {logging_mixin.py:104} INFO - submitted
[2021-05-15 13:20:58,729] {logging_mixin.py:104} INFO - running function for: (array([1621036258000, 1621038058000]), 3)
[2021-05-15 13:20:58,729] {logging_mixin.py:104} INFO - submitted
[2021-05-15 13:20:58,729] {logging_mixin.py:104} INFO - running function for: (array([1621034458000, 1621036258000]), 1)
[2021-05-15 13:20:58,729] {logging_mixin.py:104} INFO - submitted
[2021-05-15 13:20:58,730] {logging_mixin.py:104} INFO - running function for: (array([1621034458000, 1621036258000]), 2)
[2021-05-15 13:20:58,730] {logging_mixin.py:104} INFO - submitted
[2021-05-15 13:20:58,730] {logging_mixin.py:104} INFO - running function for: (array([1621034458000, 1621036258000]), 3)
[2021-05-15 13:20:58,730] {logging_mixin.py:104} INFO - submitted
[2021-05-15 13:20:58,731] {logging_mixin.py:104} INFO - running function for: (array([1621032658000, 1621034458000]), 1)
[2021-05-15 13:20:58,731] {logging_mixin.py:104} INFO - submitted
[2021-05-15 13:20:58,731] {logging_mixin.py:104} INFO - running function for: (array([1621032658000, 1621034458000]), 2)
[2021-05-15 13:20:58,732] {logging_mixin.py:104} INFO - submitted
[2021-05-15 13:20:58,732] {logging_mixin.py:104} INFO - running function for: (array([1621032658000, 1621034458000]), 3)
[2021-05-15 13:20:58,733] {logging_mixin.py:104} INFO - submitted
[2021-05-15 13:20:58,733] {logging_mixin.py:104} INFO - running function for: (array([1621030858000, 1621032658000]), 1)
[2021-05-15 13:20:58,733] {logging_mixin.py:104} INFO - submitted
[2021-05-15 13:20:58,733] {logging_mixin.py:104} INFO - running function for: (array([1621030858000, 1621032658000]), 2)
[2021-05-15 13:20:58,734] {logging_mixin.py:104} INFO - submitted
[2021-05-15 13:20:58,734] {logging_mixin.py:104} INFO - running function for: (array([1621030858000, 1621032658000]), 3)
[2021-05-15 13:20:58,734] {logging_mixin.py:104} INFO - submitted
[2021-05-15 13:20:58,734] {logging_mixin.py:104} INFO - running function for: (array([1621029058000, 1621030858000]), 1)
[2021-05-15 13:20:58,735] {logging_mixin.py:104} INFO - submitted
[2021-05-15 13:20:58,735] {logging_mixin.py:104} INFO - running function for: (array([1621029058000, 1621030858000]), 2)
[2021-05-15 13:20:58,735] {logging_mixin.py:104} INFO - submitted
[2021-05-15 13:20:58,735] {logging_mixin.py:104} INFO - running function for: (array([1621029058000, 1621030858000]), 3)
[2021-05-15 13:20:58,736] {logging_mixin.py:104} INFO - submitted
[2021-05-15 13:20:58,736] {logging_mixin.py:104} INFO - running function for: (array([1621027258000, 1621029058000]), 1)
[2021-05-15 13:20:58,737] {logging_mixin.py:104} INFO - submitted
[2021-05-15 13:20:58,738] {logging_mixin.py:104} INFO - running function for: (array([1621027258000, 1621029058000]), 2)
[2021-05-15 13:20:58,738] {logging_mixin.py:104} INFO - submitted
[2021-05-15 13:20:58,740] {logging_mixin.py:104} INFO - running function for: (array([1621027258000, 1621029058000]), 3)
[2021-05-15 13:20:58,741] {logging_mixin.py:104} INFO - submitted
[2021-05-15 13:20:58,741] {logging_mixin.py:104} INFO - running function for: (array([1621025458000, 1621027258000]), 1)
[2021-05-15 13:20:58,742] {logging_mixin.py:104} INFO - submitted
[2021-05-15 13:20:58,742] {logging_mixin.py:104} INFO - running function for: (array([1621025458000, 1621027258000]), 2)
[2021-05-15 13:20:58,742] {logging_mixin.py:104} INFO - submitted
[2021-05-15 13:20:58,743] {logging_mixin.py:104} INFO - running function for: (array([1621025458000, 1621027258000]), 3)
[2021-05-15 13:20:58,743] {logging_mixin.py:104} INFO - submitted
[2021-05-15 13:20:58,744] {logging_mixin.py:104} INFO - running function for: (array([1621023658000, 1621025458000]), 1)
[2021-05-15 13:20:58,744] {logging_mixin.py:104} INFO - submitted
[2021-05-15 13:20:58,745] {logging_mixin.py:104} INFO - running function for: (array([1621023658000, 1621025458000]), 2)
[2021-05-15 13:20:58,745] {logging_mixin.py:104} INFO - submitted
[2021-05-15 13:20:58,746] {logging_mixin.py:104} INFO - running function for: (array([1621023658000, 1621025458000]), 3)
[2021-05-15 13:20:58,746] {logging_mixin.py:104} INFO - submitted
[2021-05-15 13:20:58,747] {logging_mixin.py:104} INFO - running function for: (array([1621021858000, 1621023658000]), 1)
[2021-05-15 13:20:58,747] {logging_mixin.py:104} INFO - submitted
[2021-05-15 13:20:58,747] {logging_mixin.py:104} INFO - running function for: (array([1621021858000, 1621023658000]), 2)
[2021-05-15 13:20:58,748] {logging_mixin.py:104} INFO - submitted
[2021-05-15 13:20:58,748] {logging_mixin.py:104} INFO - running function for: (array([1621021858000, 1621023658000]), 3)
[2021-05-15 13:20:58,749] {logging_mixin.py:104} INFO - submitted
[2021-05-15 13:20:58,749] {logging_mixin.py:104} INFO - running function for: (array([1621020058000, 1621021858000]), 1)
[2021-05-15 13:20:58,749] {logging_mixin.py:104} INFO - submitted
[2021-05-15 13:20:58,750] {logging_mixin.py:104} INFO - running function for: (array([1621020058000, 1621021858000]), 2)
[2021-05-15 13:20:58,750] {logging_mixin.py:104} INFO - submitted
[2021-05-15 13:20:58,751] {logging_mixin.py:104} INFO - running function for: (array([1621020058000, 1621021858000]), 3)
[2021-05-15 13:20:58,751] {logging_mixin.py:104} INFO - submitted
[2021-05-15 13:20:58,752] {logging_mixin.py:104} INFO - running function for: (array([1621018258000, 1621020058000]), 1)
[2021-05-15 13:20:58,752] {logging_mixin.py:104} INFO - submitted
[2021-05-15 13:20:58,753] {logging_mixin.py:104} INFO - running function for: (array([1621018258000, 1621020058000]), 2)
[2021-05-15 13:20:58,753] {logging_mixin.py:104} INFO - submitted
[2021-05-15 13:20:58,753] {logging_mixin.py:104} INFO - running function for: (array([1621018258000, 1621020058000]), 3)
[2021-05-15 13:20:58,754] {logging_mixin.py:104} INFO - submitted
[2021-05-15 13:20:58,754] {logging_mixin.py:104} INFO - running function for: (array([1621016458000, 1621018258000]), 1)
[2021-05-15 13:20:58,755] {logging_mixin.py:104} INFO - submitted
[2021-05-15 13:20:58,756] {logging_mixin.py:104} INFO - running function for: (array([1621016458000, 1621018258000]), 2)
[2021-05-15 13:20:58,756] {logging_mixin.py:104} INFO - submitted
[2021-05-15 13:20:58,756] {logging_mixin.py:104} INFO - running function for: (array([1621016458000, 1621018258000]), 3)
[2021-05-15 13:20:58,756] {logging_mixin.py:104} INFO - submitted
[2021-05-15 13:20:58,757] {logging_mixin.py:104} INFO - running function for: (array([1621014658000, 1621016458000]), 1)
[2021-05-15 13:20:58,757] {logging_mixin.py:104} INFO - submitted
[2021-05-15 13:20:58,757] {logging_mixin.py:104} INFO - running function for: (array([1621014658000, 1621016458000]), 2)
[2021-05-15 13:20:58,757] {logging_mixin.py:104} INFO - submitted
[2021-05-15 13:20:58,758] {logging_mixin.py:104} INFO - running function for: (array([1621014658000, 1621016458000]), 3)
[2021-05-15 13:20:58,758] {logging_mixin.py:104} INFO - submitted
[2021-05-15 13:20:58,758] {logging_mixin.py:104} INFO - running function for: (array([1621012858000, 1621014658000]), 1)
[2021-05-15 13:20:58,758] {logging_mixin.py:104} INFO - submitted
[2021-05-15 13:20:58,759] {logging_mixin.py:104} INFO - running function for: (array([1621012858000, 1621014658000]), 2)
[2021-05-15 13:20:58,759] {logging_mixin.py:104} INFO - submitted
[2021-05-15 13:20:58,760] {logging_mixin.py:104} INFO - running function for: (array([1621012858000, 1621014658000]), 3)
[2021-05-15 13:20:58,760] {logging_mixin.py:104} INFO - submitted
[2021-05-15 13:20:58,760] {logging_mixin.py:104} INFO - running function for: (array([1621011058000, 1621012858000]), 1)
[2021-05-15 13:20:58,760] {logging_mixin.py:104} INFO - submitted
[2021-05-15 13:20:58,761] {logging_mixin.py:104} INFO - running function for: (array([1621011058000, 1621012858000]), 2)
[2021-05-15 13:20:58,761] {logging_mixin.py:104} INFO - submitted
[2021-05-15 13:20:58,761] {logging_mixin.py:104} INFO - running function for: (array([1621011058000, 1621012858000]), 3)
[2021-05-15 13:20:58,762] {logging_mixin.py:104} INFO - submitted
[2021-05-15 13:20:58,762] {logging_mixin.py:104} INFO - running function for: (array([1621009258000, 1621011058000]), 1)
[2021-05-15 13:20:58,762] {logging_mixin.py:104} INFO - submitted
[2021-05-15 13:20:58,762] {logging_mixin.py:104} INFO - running function for: (array([1621009258000, 1621011058000]), 2)
[2021-05-15 13:20:58,763] {logging_mixin.py:104} INFO - submitted
[2021-05-15 13:20:58,763] {logging_mixin.py:104} INFO - running function for: (array([1621009258000, 1621011058000]), 3)
[2021-05-15 13:20:58,764] {logging_mixin.py:104} INFO - submitted
[2021-05-15 13:21:02,944] {logging_mixin.py:104} INFO - https://cdn.iqoption.com/api/quotes-history/quotes/3.0?to=1621090258000&from=1621088458000&active_id=3&only_round=true&_key=1614903660000
[2021-05-15 13:21:02,946] {logging_mixin.py:104} INFO - https://cdn.iqoption.com/api/quotes-history/quotes/3.0?to=1621088458000&from=1621086658000&active_id=1&only_round=true&_key=1614903660000
[2021-05-15 13:21:02,947] {logging_mixin.py:104} INFO - https://cdn.iqoption.com/api/quotes-history/quotes/3.0?to=1621088458000&from=1621086658000&active_id=2&only_round=true&_key=1614903660000
[2021-05-15 13:21:03,105] {logging_mixin.py:104} INFO - https://cdn.iqoption.com/api/quotes-history/quotes/3.0?to=1621088458000&from=1621086658000&active_id=3&only_round=true&_key=1614903660000
[2021-05-15 13:21:03,112] {logging_mixin.py:104} INFO - https://cdn.iqoption.com/api/quotes-history/quotes/3.0?to=1621086658000&from=1621084858000&active_id=1&only_round=true&_key=1614903660000
[2021-05-15 13:21:03,144] {logging_mixin.py:104} INFO - https://cdn.iqoption.com/api/quotes-history/quotes/3.0?to=1621086658000&from=1621084858000&active_id=2&only_round=true&_key=1614903660000
[2021-05-15 13:21:03,465] {logging_mixin.py:104} INFO - https://cdn.iqoption.com/api/quotes-history/quotes/3.0?to=1621086658000&from=1621084858000&active_id=3&only_round=true&_key=1614903660000
[2021-05-15 13:21:03,467] {logging_mixin.py:104} INFO - https://cdn.iqoption.com/api/quotes-history/quotes/3.0?to=1621084858000&from=1621083058000&active_id=1&only_round=true&_key=1614903660000
[2021-05-15 13:21:05,708] {logging_mixin.py:104} INFO - https://cdn.iqoption.com/api/quotes-history/quotes/3.0?to=1621084858000&from=1621083058000&active_id=2&only_round=true&_key=1614903660000
[2021-05-15 13:21:06,025] {logging_mixin.py:104} INFO - https://cdn.iqoption.com/api/quotes-history/quotes/3.0?to=1621084858000&from=1621083058000&active_id=3&only_round=true&_key=1614903660000
[2021-05-15 13:21:06,026] {logging_mixin.py:104} INFO - https://cdn.iqoption.com/api/quotes-history/quotes/3.0?to=1621083058000&from=1621081258000&active_id=1&only_round=true&_key=1614903660000
[2021-05-15 13:21:06,028] {logging_mixin.py:104} INFO - https://cdn.iqoption.com/api/quotes-history/quotes/3.0?to=1621083058000&from=1621081258000&active_id=2&only_round=true&_key=1614903660000
[2021-05-15 13:21:06,030] {logging_mixin.py:104} INFO - https://cdn.iqoption.com/api/quotes-history/quotes/3.0?to=1621083058000&from=1621081258000&active_id=3&only_round=true&_key=1614903660000
[2021-05-15 13:21:06,072] {logging_mixin.py:104} INFO - https://cdn.iqoption.com/api/quotes-history/quotes/3.0?to=1621081258000&from=1621079458000&active_id=1&only_round=true&_key=1614903660000
[2021-05-15 13:21:06,213] {logging_mixin.py:104} INFO - https://cdn.iqoption.com/api/quotes-history/quotes/3.0?to=1621081258000&from=1621079458000&active_id=2&only_round=true&_key=1614903660000
[2021-05-15 13:21:06,241] {logging_mixin.py:104} INFO - https://cdn.iqoption.com/api/quotes-history/quotes/3.0?to=1621081258000&from=1621079458000&active_id=3&only_round=true&_key=1614903660000
[2021-05-15 13:21:07,607] {logging_mixin.py:104} INFO - https://cdn.iqoption.com/api/quotes-history/quotes/3.0?to=1621079458000&from=1621077658000&active_id=1&only_round=true&_key=1614903660000
[2021-05-15 13:21:07,789] {logging_mixin.py:104} INFO - https://cdn.iqoption.com/api/quotes-history/quotes/3.0?to=1621079458000&from=1621077658000&active_id=2&only_round=true&_key=1614903660000
[2021-05-15 13:21:07,811] {logging_mixin.py:104} INFO - https://cdn.iqoption.com/api/quotes-history/quotes/3.0?to=1621079458000&from=1621077658000&active_id=3&only_round=true&_key=1614903660000
[2021-05-15 13:21:07,813] {logging_mixin.py:104} INFO - https://cdn.iqoption.com/api/quotes-history/quotes/3.0?to=1621077658000&from=1621075858000&active_id=1&only_round=true&_key=1614903660000
[2021-05-15 13:21:08,120] {logging_mixin.py:104} INFO - https://cdn.iqoption.com/api/quotes-history/quotes/3.0?to=1621077658000&from=1621075858000&active_id=2&only_round=true&_key=1614903660000
[2021-05-15 13:21:08,288] {logging_mixin.py:104} INFO - https://cdn.iqoption.com/api/quotes-history/quotes/3.0?to=1621077658000&from=1621075858000&active_id=3&only_round=true&_key=1614903660000
[2021-05-15 13:21:08,296] {logging_mixin.py:104} INFO - https://cdn.iqoption.com/api/quotes-history/quotes/3.0?to=1621075858000&from=1621074058000&active_id=1&only_round=true&_key=1614903660000
[2021-05-15 13:21:08,817] {logging_mixin.py:104} INFO - https://cdn.iqoption.com/api/quotes-history/quotes/3.0?to=1621075858000&from=1621074058000&active_id=2&only_round=true&_key=1614903660000
[2021-05-15 13:21:09,208] {logging_mixin.py:104} INFO - https://cdn.iqoption.com/api/quotes-history/quotes/3.0?to=1621075858000&from=1621074058000&active_id=3&only_round=true&_key=1614903660000
[2021-05-15 13:21:09,384] {logging_mixin.py:104} INFO - https://cdn.iqoption.com/api/quotes-history/quotes/3.0?to=1621074058000&from=1621072258000&active_id=1&only_round=true&_key=1614903660000
[2021-05-15 13:21:09,701] {logging_mixin.py:104} INFO - https://cdn.iqoption.com/api/quotes-history/quotes/3.0?to=1621074058000&from=1621072258000&active_id=2&only_round=true&_key=1614903660000
[2021-05-15 13:21:09,703] {logging_mixin.py:104} INFO - https://cdn.iqoption.com/api/quotes-history/quotes/3.0?to=1621074058000&from=1621072258000&active_id=3&only_round=true&_key=1614903660000
[2021-05-15 13:21:09,704] {logging_mixin.py:104} INFO - https://cdn.iqoption.com/api/quotes-history/quotes/3.0?to=1621072258000&from=1621070458000&active_id=1&only_round=true&_key=1614903660000
[2021-05-15 13:21:09,899] {logging_mixin.py:104} INFO - https://cdn.iqoption.com/api/quotes-history/quotes/3.0?to=1621072258000&from=1621070458000&active_id=2&only_round=true&_key=1614903660000
[2021-05-15 13:21:09,941] {logging_mixin.py:104} INFO - https://cdn.iqoption.com/api/quotes-history/quotes/3.0?to=1621072258000&from=1621070458000&active_id=3&only_round=true&_key=1614903660000
[2021-05-15 13:21:10,332] {logging_mixin.py:104} INFO - https://cdn.iqoption.com/api/quotes-history/quotes/3.0?to=1621070458000&from=1621068658000&active_id=1&only_round=true&_key=1614903660000
[2021-05-15 13:21:11,134] {logging_mixin.py:104} INFO - https://cdn.iqoption.com/api/quotes-history/quotes/3.0?to=1621070458000&from=1621068658000&active_id=2&only_round=true&_key=1614903660000
[2021-05-15 13:21:11,135] {logging_mixin.py:104} INFO - https://cdn.iqoption.com/api/quotes-history/quotes/3.0?to=1621070458000&from=1621068658000&active_id=3&only_round=true&_key=1614903660000
[2021-05-15 13:21:11,153] {logging_mixin.py:104} INFO - https://cdn.iqoption.com/api/quotes-history/quotes/3.0?to=1621068658000&from=1621066858000&active_id=1&only_round=true&_key=1614903660000
[2021-05-15 13:21:11,161] {logging_mixin.py:104} INFO - https://cdn.iqoption.com/api/quotes-history/quotes/3.0?to=1621068658000&from=1621066858000&active_id=2&only_round=true&_key=1614903660000
[2021-05-15 13:21:11,491] {logging_mixin.py:104} INFO - https://cdn.iqoption.com/api/quotes-history/quotes/3.0?to=1621068658000&from=1621066858000&active_id=3&only_round=true&_key=1614903660000
[2021-05-15 13:21:11,502] {logging_mixin.py:104} INFO - https://cdn.iqoption.com/api/quotes-history/quotes/3.0?to=1621066858000&from=1621065058000&active_id=1&only_round=true&_key=1614903660000
[2021-05-15 13:21:11,723] {logging_mixin.py:104} INFO - https://cdn.iqoption.com/api/quotes-history/quotes/3.0?to=1621066858000&from=1621065058000&active_id=2&only_round=true&_key=1614903660000
[2021-05-15 13:21:11,906] {logging_mixin.py:104} INFO - https://cdn.iqoption.com/api/quotes-history/quotes/3.0?to=1621066858000&from=1621065058000&active_id=3&only_round=true&_key=1614903660000
[2021-05-15 13:21:12,599] {logging_mixin.py:104} INFO - https://cdn.iqoption.com/api/quotes-history/quotes/3.0?to=1621065058000&from=1621063258000&active_id=1&only_round=true&_key=1614903660000
[2021-05-15 13:21:12,737] {logging_mixin.py:104} INFO - https://cdn.iqoption.com/api/quotes-history/quotes/3.0?to=1621065058000&from=1621063258000&active_id=2&only_round=true&_key=1614903660000
[2021-05-15 13:21:12,765] {logging_mixin.py:104} INFO - https://cdn.iqoption.com/api/quotes-history/quotes/3.0?to=1621065058000&from=1621063258000&active_id=3&only_round=true&_key=1614903660000
[2021-05-15 13:21:12,776] {logging_mixin.py:104} INFO - https://cdn.iqoption.com/api/quotes-history/quotes/3.0?to=1621063258000&from=1621061458000&active_id=1&only_round=true&_key=1614903660000
[2021-05-15 13:21:12,908] {logging_mixin.py:104} INFO - https://cdn.iqoption.com/api/quotes-history/quotes/3.0?to=1621063258000&from=1621061458000&active_id=2&only_round=true&_key=1614903660000
[2021-05-15 13:21:12,911] {logging_mixin.py:104} INFO - https://cdn.iqoption.com/api/quotes-history/quotes/3.0?to=1621063258000&from=1621061458000&active_id=3&only_round=true&_key=1614903660000
[2021-05-15 13:21:13,084] {logging_mixin.py:104} INFO - https://cdn.iqoption.com/api/quotes-history/quotes/3.0?to=1621061458000&from=1621059658000&active_id=1&only_round=true&_key=1614903660000
[2021-05-15 13:21:13,227] {logging_mixin.py:104} INFO - https://cdn.iqoption.com/api/quotes-history/quotes/3.0?to=1621061458000&from=1621059658000&active_id=2&only_round=true&_key=1614903660000
[2021-05-15 13:21:14,017] {logging_mixin.py:104} INFO - https://cdn.iqoption.com/api/quotes-history/quotes/3.0?to=1621061458000&from=1621059658000&active_id=3&only_round=true&_key=1614903660000
[2021-05-15 13:21:14,536] {logging_mixin.py:104} INFO - https://cdn.iqoption.com/api/quotes-history/quotes/3.0?to=1621059658000&from=1621057858000&active_id=1&only_round=true&_key=1614903660000
[2021-05-15 13:21:14,556] {logging_mixin.py:104} INFO - https://cdn.iqoption.com/api/quotes-history/quotes/3.0?to=1621059658000&from=1621057858000&active_id=2&only_round=true&_key=1614903660000
[2021-05-15 13:21:14,733] {logging_mixin.py:104} INFO - https://cdn.iqoption.com/api/quotes-history/quotes/3.0?to=1621059658000&from=1621057858000&active_id=3&only_round=true&_key=1614903660000
[2021-05-15 13:21:14,742] {logging_mixin.py:104} INFO - https://cdn.iqoption.com/api/quotes-history/quotes/3.0?to=1621057858000&from=1621056058000&active_id=1&only_round=true&_key=1614903660000
[2021-05-15 13:21:17,700] {logging_mixin.py:104} INFO - https://cdn.iqoption.com/api/quotes-history/quotes/3.0?to=1621057858000&from=1621056058000&active_id=2&only_round=true&_key=1614903660000
[2021-05-15 13:21:17,700] {logging_mixin.py:104} INFO - https://cdn.iqoption.com/api/quotes-history/quotes/3.0?to=1621057858000&from=1621056058000&active_id=2&only_round=true&_key=1614903660000
https://cdn.iqoption.com/api/quotes-history/quotes/3.0?to=1621057858000&from=1621056058000&active_id=3&only_round=true&_key=1614903660000
[2021-05-15 13:21:24,090] {logging_mixin.py:104} INFO - https://cdn.iqoption.com/api/quotes-history/quotes/3.0?to=1621056058000&from=1621054258000&active_id=1&only_round=true&_key=1614903660000
[2021-05-15 13:21:24,349] {logging_mixin.py:104} INFO - https://cdn.iqoption.com/api/quotes-history/quotes/3.0?to=1621056058000&from=1621054258000&active_id=2&only_round=true&_key=1614903660000
[2021-05-15 13:21:24,378] {logging_mixin.py:104} INFO - https://cdn.iqoption.com/api/quotes-history/quotes/3.0?to=1621056058000&from=1621054258000&active_id=3&only_round=true&_key=1614903660000
[2021-05-15 13:21:25,627] {logging_mixin.py:104} INFO - https://cdn.iqoption.com/api/quotes-history/quotes/3.0?to=1621054258000&from=1621052458000&active_id=1&only_round=true&_key=1614903660000
[2021-05-15 13:21:25,630] {logging_mixin.py:104} INFO - https://cdn.iqoption.com/api/quotes-history/quotes/3.0?to=1621054258000&from=1621052458000&active_id=2&only_round=true&_key=1614903660000
[2021-05-15 13:21:25,728] {logging_mixin.py:104} INFO - https://cdn.iqoption.com/api/quotes-history/quotes/3.0?to=1621054258000&from=1621052458000&active_id=3&only_round=true&_key=1614903660000
[2021-05-15 13:21:25,762] {logging_mixin.py:104} INFO - https://cdn.iqoption.com/api/quotes-history/quotes/3.0?to=1621052458000&from=1621050658000&active_id=1&only_round=true&_key=1614903660000
[2021-05-15 13:21:25,890] {logging_mixin.py:104} INFO - https://cdn.iqoption.com/api/quotes-history/quotes/3.0?to=1621052458000&from=1621050658000&active_id=2&only_round=true&_key=1614903660000
[2021-05-15 13:21:26,538] {logging_mixin.py:104} INFO - https://cdn.iqoption.com/api/quotes-history/quotes/3.0?to=1621052458000&from=1621050658000&active_id=3&only_round=true&_key=1614903660000
[2021-05-15 13:21:27,464] {logging_mixin.py:104} INFO - https://cdn.iqoption.com/api/quotes-history/quotes/3.0?to=1621050658000&from=1621048858000&active_id=1&only_round=true&_key=1614903660000
[2021-05-15 13:21:27,518] {logging_mixin.py:104} INFO - https://cdn.iqoption.com/api/quotes-history/quotes/3.0?to=1621050658000&from=1621048858000&active_id=2&only_round=true&_key=1614903660000
[2021-05-15 13:21:27,544] {logging_mixin.py:104} INFO - https://cdn.iqoption.com/api/quotes-history/quotes/3.0?to=1621050658000&from=1621048858000&active_id=3&only_round=true&_key=1614903660000
[2021-05-15 13:21:27,677] {logging_mixin.py:104} INFO - https://cdn.iqoption.com/api/quotes-history/quotes/3.0?to=1621048858000&from=1621047058000&active_id=1&only_round=true&_key=1614903660000
[2021-05-15 13:21:27,688] {logging_mixin.py:104} INFO - https://cdn.iqoption.com/api/quotes-history/quotes/3.0?to=1621048858000&from=1621047058000&active_id=2&only_round=true&_key=1614903660000
[2021-05-15 13:21:27,965] {logging_mixin.py:104} INFO - https://cdn.iqoption.com/api/quotes-history/quotes/3.0?to=1621048858000&from=1621047058000&active_id=3&only_round=true&_key=1614903660000
[2021-05-15 13:21:28,059] {logging_mixin.py:104} INFO - https://cdn.iqoption.com/api/quotes-history/quotes/3.0?to=1621047058000&from=1621045258000&active_id=1&only_round=true&_key=1614903660000
[2021-05-15 13:21:28,116] {logging_mixin.py:104} INFO - https://cdn.iqoption.com/api/quotes-history/quotes/3.0?to=1621047058000&from=1621045258000&active_id=2&only_round=true&_key=1614903660000
[2021-05-15 13:21:28,900] {logging_mixin.py:104} INFO - https://cdn.iqoption.com/api/quotes-history/quotes/3.0?to=1621047058000&from=1621045258000&active_id=3&only_round=true&_key=1614903660000
[2021-05-15 13:21:29,280] {logging_mixin.py:104} INFO - https://cdn.iqoption.com/api/quotes-history/quotes/3.0?to=1621045258000&from=1621043458000&active_id=1&only_round=true&_key=1614903660000
[2021-05-15 13:21:29,296] {logging_mixin.py:104} INFO - https://cdn.iqoption.com/api/quotes-history/quotes/3.0?to=1621045258000&from=1621043458000&active_id=2&only_round=true&_key=1614903660000
[2021-05-15 13:21:29,481] {logging_mixin.py:104} INFO - https://cdn.iqoption.com/api/quotes-history/quotes/3.0?to=1621045258000&from=1621043458000&active_id=3&only_round=true&_key=1614903660000
[2021-05-15 13:21:29,496] {logging_mixin.py:104} INFO - https://cdn.iqoption.com/api/quotes-history/quotes/3.0?to=1621043458000&from=1621041658000&active_id=1&only_round=true&_key=1614903660000
[2021-05-15 13:21:29,566] {logging_mixin.py:104} INFO - https://cdn.iqoption.com/api/quotes-history/quotes/3.0?to=1621043458000&from=1621041658000&active_id=2&only_round=true&_key=1614903660000
[2021-05-15 13:21:29,603] {logging_mixin.py:104} INFO - https://cdn.iqoption.com/api/quotes-history/quotes/3.0?to=1621043458000&from=1621041658000&active_id=3&only_round=true&_key=1614903660000
[2021-05-15 13:21:29,649] {logging_mixin.py:104} INFO - https://cdn.iqoption.com/api/quotes-history/quotes/3.0?to=1621041658000&from=1621039858000&active_id=1&only_round=true&_key=1614903660000
[2021-05-15 13:21:30,437] {logging_mixin.py:104} INFO - https://cdn.iqoption.com/api/quotes-history/quotes/3.0?to=1621041658000&from=1621039858000&active_id=2&only_round=true&_key=1614903660000
[2021-05-15 13:21:30,818] {logging_mixin.py:104} INFO - https://cdn.iqoption.com/api/quotes-history/quotes/3.0?to=1621041658000&from=1621039858000&active_id=3&only_round=true&_key=1614903660000
[2021-05-15 13:21:30,832] {logging_mixin.py:104} INFO - https://cdn.iqoption.com/api/quotes-history/quotes/3.0?to=1621039858000&from=1621038058000&active_id=1&only_round=true&_key=1614903660000
[2021-05-15 13:21:30,938] {logging_mixin.py:104} INFO - https://cdn.iqoption.com/api/quotes-history/quotes/3.0?to=1621039858000&from=1621038058000&active_id=2&only_round=true&_key=1614903660000
[2021-05-15 13:21:31,031] {logging_mixin.py:104} INFO - https://cdn.iqoption.com/api/quotes-history/quotes/3.0?to=1621039858000&from=1621038058000&active_id=3&only_round=true&_key=1614903660000
[2021-05-15 13:21:31,058] {logging_mixin.py:104} INFO - https://cdn.iqoption.com/api/quotes-history/quotes/3.0?to=1621038058000&from=1621036258000&active_id=1&only_round=true&_key=1614903660000
[2021-05-15 13:21:31,091] {logging_mixin.py:104} INFO - https://cdn.iqoption.com/api/quotes-history/quotes/3.0?to=1621038058000&from=1621036258000&active_id=2&only_round=true&_key=1614903660000
[2021-05-15 13:21:31,208] {logging_mixin.py:104} INFO - https://cdn.iqoption.com/api/quotes-history/quotes/3.0?to=1621038058000&from=1621036258000&active_id=3&only_round=true&_key=1614903660000
[2021-05-15 13:21:31,893] {logging_mixin.py:104} INFO - https://cdn.iqoption.com/api/quotes-history/quotes/3.0?to=1621036258000&from=1621034458000&active_id=1&only_round=true&_key=1614903660000
[2021-05-15 13:21:32,296] {logging_mixin.py:104} INFO - https://cdn.iqoption.com/api/quotes-history/quotes/3.0?to=1621036258000&from=1621034458000&active_id=2&only_round=true&_key=1614903660000
[2021-05-15 13:21:32,305] {logging_mixin.py:104} INFO - https://cdn.iqoption.com/api/quotes-history/quotes/3.0?to=1621036258000&from=1621034458000&active_id=3&only_round=true&_key=1614903660000
[2021-05-15 13:21:32,405] {logging_mixin.py:104} INFO - https://cdn.iqoption.com/api/quotes-history/quotes/3.0?to=1621034458000&from=1621032658000&active_id=1&only_round=true&_key=1614903660000
[2021-05-15 13:21:32,409] {logging_mixin.py:104} INFO - https://cdn.iqoption.com/api/quotes-history/quotes/3.0?to=1621034458000&from=1621032658000&active_id=2&only_round=true&_key=1614903660000
[2021-05-15 13:21:32,415] {logging_mixin.py:104} INFO - https://cdn.iqoption.com/api/quotes-history/quotes/3.0?to=1621034458000&from=1621032658000&active_id=3&only_round=true&_key=1614903660000
[2021-05-15 13:21:32,499] {logging_mixin.py:104} INFO - https://cdn.iqoption.com/api/quotes-history/quotes/3.0?to=1621032658000&from=1621030858000&active_id=1&only_round=true&_key=1614903660000
[2021-05-15 13:21:32,532] {logging_mixin.py:104} INFO - https://cdn.iqoption.com/api/quotes-history/quotes/3.0?to=1621032658000&from=1621030858000&active_id=2&only_round=true&_key=1614903660000
[2021-05-15 13:21:33,513] {logging_mixin.py:104} INFO - https://cdn.iqoption.com/api/quotes-history/quotes/3.0?to=1621032658000&from=1621030858000&active_id=3&only_round=true&_key=1614903660000
[2021-05-15 13:21:33,607] {logging_mixin.py:104} INFO - https://cdn.iqoption.com/api/quotes-history/quotes/3.0?to=1621030858000&from=1621029058000&active_id=1&only_round=true&_key=1614903660000
[2021-05-15 13:21:33,895] {logging_mixin.py:104} INFO - https://cdn.iqoption.com/api/quotes-history/quotes/3.0?to=1621030858000&from=1621029058000&active_id=2&only_round=true&_key=1614903660000
[2021-05-15 13:21:33,917] {logging_mixin.py:104} INFO - https://cdn.iqoption.com/api/quotes-history/quotes/3.0?to=1621030858000&from=1621029058000&active_id=3&only_round=true&_key=1614903660000
[2021-05-15 13:21:33,935] {logging_mixin.py:104} INFO - https://cdn.iqoption.com/api/quotes-history/quotes/3.0?to=1621029058000&from=1621027258000&active_id=1&only_round=true&_key=1614903660000
[2021-05-15 13:21:33,945] {logging_mixin.py:104} INFO - https://cdn.iqoption.com/api/quotes-history/quotes/3.0?to=1621029058000&from=1621027258000&active_id=2&only_round=true&_key=1614903660000
[2021-05-15 13:21:33,966] {logging_mixin.py:104} INFO - https://cdn.iqoption.com/api/quotes-history/quotes/3.0?to=1621029058000&from=1621027258000&active_id=3&only_round=true&_key=1614903660000
[2021-05-15 13:21:34,584] {logging_mixin.py:104} INFO - https://cdn.iqoption.com/api/quotes-history/quotes/3.0?to=1621027258000&from=1621025458000&active_id=1&only_round=true&_key=1614903660000
[2021-05-15 13:21:35,092] {logging_mixin.py:104} INFO - https://cdn.iqoption.com/api/quotes-history/quotes/3.0?to=1621027258000&from=1621025458000&active_id=2&only_round=true&_key=1614903660000
[2021-05-15 13:21:35,421] {logging_mixin.py:104} INFO - https://cdn.iqoption.com/api/quotes-history/quotes/3.0?to=1621027258000&from=1621025458000&active_id=3&only_round=true&_key=1614903660000
[2021-05-15 13:21:35,466] {logging_mixin.py:104} INFO - https://cdn.iqoption.com/api/quotes-history/quotes/3.0?to=1621025458000&from=1621023658000&active_id=1&only_round=true&_key=1614903660000
[2021-05-15 13:21:35,468] {logging_mixin.py:104} INFO - https://cdn.iqoption.com/api/quotes-history/quotes/3.0?to=1621025458000&from=1621023658000&active_id=2&only_round=true&_key=1614903660000
[2021-05-15 13:21:35,525] {logging_mixin.py:104} INFO - https://cdn.iqoption.com/api/quotes-history/quotes/3.0?to=1621025458000&from=1621023658000&active_id=3&only_round=true&_key=1614903660000
[2021-05-15 13:21:35,531] {logging_mixin.py:104} INFO - https://cdn.iqoption.com/api/quotes-history/quotes/3.0?to=1621023658000&from=1621021858000&active_id=1&only_round=true&_key=1614903660000
[2021-05-15 13:21:35,746] {logging_mixin.py:104} INFO - https://cdn.iqoption.com/api/quotes-history/quotes/3.0?to=1621023658000&from=1621021858000&active_id=2&only_round=true&_key=1614903660000
[2021-05-15 13:21:36,163] {logging_mixin.py:104} INFO - https://cdn.iqoption.com/api/quotes-history/quotes/3.0?to=1621023658000&from=1621021858000&active_id=3&only_round=true&_key=1614903660000
[2021-05-15 13:21:36,714] {logging_mixin.py:104} INFO - https://cdn.iqoption.com/api/quotes-history/quotes/3.0?to=1621021858000&from=1621020058000&active_id=1&only_round=true&_key=1614903660000
[2021-05-15 13:21:37,048] {logging_mixin.py:104} INFO - https://cdn.iqoption.com/api/quotes-history/quotes/3.0?to=1621021858000&from=1621020058000&active_id=2&only_round=true&_key=1614903660000
[2021-05-15 13:21:37,117] {logging_mixin.py:104} INFO - https://cdn.iqoption.com/api/quotes-history/quotes/3.0?to=1621021858000&from=1621020058000&active_id=3&only_round=true&_key=1614903660000
[2021-05-15 13:21:37,154] {logging_mixin.py:104} INFO - https://cdn.iqoption.com/api/quotes-history/quotes/3.0?to=1621020058000&from=1621018258000&active_id=1&only_round=true&_key=1614903660000
[2021-05-15 13:21:37,166] {logging_mixin.py:104} INFO - https://cdn.iqoption.com/api/quotes-history/quotes/3.0?to=1621020058000&from=1621018258000&active_id=2&only_round=true&_key=1614903660000
[2021-05-15 13:21:37,248] {logging_mixin.py:104} INFO - https://cdn.iqoption.com/api/quotes-history/quotes/3.0?to=1621020058000&from=1621018258000&active_id=3&only_round=true&_key=1614903660000
[2021-05-15 13:21:37,277] {logging_mixin.py:104} INFO - https://cdn.iqoption.com/api/quotes-history/quotes/3.0?to=1621018258000&from=1621016458000&active_id=1&only_round=true&_key=1614903660000
[2021-05-15 13:21:37,744] {logging_mixin.py:104} INFO - https://cdn.iqoption.com/api/quotes-history/quotes/3.0?to=1621018258000&from=1621016458000&active_id=2&only_round=true&_key=1614903660000
[2021-05-15 13:21:38,296] {logging_mixin.py:104} INFO - https://cdn.iqoption.com/api/quotes-history/quotes/3.0?to=1621018258000&from=1621016458000&active_id=3&only_round=true&_key=1614903660000
[2021-05-15 13:21:38,592] {logging_mixin.py:104} INFO - https://cdn.iqoption.com/api/quotes-history/quotes/3.0?to=1621016458000&from=1621014658000&active_id=1&only_round=true&_key=1614903660000
[2021-05-15 13:21:38,645] {logging_mixin.py:104} INFO - https://cdn.iqoption.com/api/quotes-history/quotes/3.0?to=1621016458000&from=1621014658000&active_id=2&only_round=true&_key=1614903660000
[2021-05-15 13:21:38,736] {logging_mixin.py:104} INFO - https://cdn.iqoption.com/api/quotes-history/quotes/3.0?to=1621016458000&from=1621014658000&active_id=3&only_round=true&_key=1614903660000
[2021-05-15 13:21:38,739] {logging_mixin.py:104} INFO - https://cdn.iqoption.com/api/quotes-history/quotes/3.0?to=1621014658000&from=1621012858000&active_id=1&only_round=true&_key=1614903660000
[2021-05-15 13:21:38,915] {logging_mixin.py:104} INFO - https://cdn.iqoption.com/api/quotes-history/quotes/3.0?to=1621014658000&from=1621012858000&active_id=2&only_round=true&_key=1614903660000
[2021-05-15 13:21:39,027] {logging_mixin.py:104} INFO - https://cdn.iqoption.com/api/quotes-history/quotes/3.0?to=1621014658000&from=1621012858000&active_id=3&only_round=true&_key=1614903660000
[2021-05-15 13:21:39,312] {logging_mixin.py:104} INFO - https://cdn.iqoption.com/api/quotes-history/quotes/3.0?to=1621012858000&from=1621011058000&active_id=1&only_round=true&_key=1614903660000
[2021-05-15 13:21:39,821] {logging_mixin.py:104} INFO - https://cdn.iqoption.com/api/quotes-history/quotes/3.0?to=1621012858000&from=1621011058000&active_id=2&only_round=true&_key=1614903660000
[2021-05-15 13:21:40,161] {logging_mixin.py:104} INFO - https://cdn.iqoption.com/api/quotes-history/quotes/3.0?to=1621012858000&from=1621011058000&active_id=3&only_round=true&_key=1614903660000
[2021-05-15 13:21:40,208] {logging_mixin.py:104} INFO - https://cdn.iqoption.com/api/quotes-history/quotes/3.0?to=1621011058000&from=1621009258000&active_id=1&only_round=true&_key=1614903660000
[2021-05-15 13:21:40,291] {logging_mixin.py:104} INFO - https://cdn.iqoption.com/api/quotes-history/quotes/3.0?to=1621011058000&from=1621009258000&active_id=2&only_round=true&_key=1614903660000
[2021-05-15 13:21:40,314] {logging_mixin.py:104} INFO - https://cdn.iqoption.com/api/quotes-history/quotes/3.0?to=1621011058000&from=1621009258000&active_id=3&only_round=true&_key=1614903660000
[2021-05-15 13:21:41,951] {python.py:118} INFO - Done. Returned value was: None
[2021-05-15 13:21:41,956] {taskinstance.py:1192} INFO - Marking task as SUCCESS. dag_id=etl, task_id=loading_data_to_s3, execution_date=20210515T162043, start_date=20210515T162057, end_date=20210515T162141
[2021-05-15 13:21:42,009] {taskinstance.py:1246} INFO - 1 downstream tasks scheduled from follow-on schedule check
[2021-05-15 13:21:42,045] {local_task_job.py:146} INFO - Task exited with return code 0
