[2021-05-17 11:11:36,590] {taskinstance.py:877} INFO - Dependencies all met for <TaskInstance: etl.loading_data_to_s3 2021-05-17T12:00:00+00:00 [queued]>
[2021-05-17 11:11:36,595] {taskinstance.py:877} INFO - Dependencies all met for <TaskInstance: etl.loading_data_to_s3 2021-05-17T12:00:00+00:00 [queued]>
[2021-05-17 11:11:36,595] {taskinstance.py:1068} INFO - 
--------------------------------------------------------------------------------
[2021-05-17 11:11:36,595] {taskinstance.py:1069} INFO - Starting attempt 1 of 1
[2021-05-17 11:11:36,595] {taskinstance.py:1070} INFO - 
--------------------------------------------------------------------------------
[2021-05-17 11:11:36,602] {taskinstance.py:1089} INFO - Executing <Task(PythonOperator): loading_data_to_s3> on 2021-05-17T12:00:00+00:00
[2021-05-17 11:11:36,605] {standard_task_runner.py:52} INFO - Started process 35482 to run task
[2021-05-17 11:11:36,611] {standard_task_runner.py:76} INFO - Running: ['airflow', 'tasks', 'run', 'etl', 'loading_data_to_s3', '2021-05-17T12:00:00+00:00', '--job-id', '927', '--pool', 'default_pool', '--raw', '--subdir', 'DAGS_FOLDER/etl_dag.py', '--cfg-path', '/var/folders/_f/vg3x3jmj23bcz6s88l7v6fb40000gn/T/tmpb75si06a', '--error-file', '/var/folders/_f/vg3x3jmj23bcz6s88l7v6fb40000gn/T/tmpakuyusag']
[2021-05-17 11:11:36,612] {standard_task_runner.py:77} INFO - Job 927: Subtask loading_data_to_s3
[2021-05-17 11:11:36,646] {logging_mixin.py:104} INFO - Running <TaskInstance: etl.loading_data_to_s3 2021-05-17T12:00:00+00:00 [running]> on host 27.2.168.192.in-addr.arpa
[2021-05-17 11:11:36,672] {taskinstance.py:1283} INFO - Exporting the following env vars:
AIRFLOW_CTX_DAG_OWNER=udacity
AIRFLOW_CTX_DAG_ID=etl
AIRFLOW_CTX_TASK_ID=loading_data_to_s3
AIRFLOW_CTX_EXECUTION_DATE=2021-05-17T12:00:00+00:00
AIRFLOW_CTX_DAG_RUN_ID=scheduled__2021-05-17T12:00:00+00:00
[2021-05-17 11:11:37,899] {logging_mixin.py:104} INFO - Fetching interval list
[2021-05-17 11:11:37,901] {logging_mixin.py:104} INFO - Inverval list built
[2021-05-17 11:11:37,901] {logging_mixin.py:104} INFO - Processing data
[2021-05-17 11:11:37,902] {logging_mixin.py:104} INFO - df initialized
[2021-05-17 11:11:37,903] {logging_mixin.py:104} INFO - (array([1621257097000, 1621258897000]), 1)
[2021-05-17 11:11:37,903] {logging_mixin.py:104} INFO - (array([1621257097000, 1621258897000]), 2)
[2021-05-17 11:11:37,904] {logging_mixin.py:104} INFO - (array([1621257097000, 1621258897000]), 3)
[2021-05-17 11:11:37,905] {logging_mixin.py:104} INFO - (array([1621255297000, 1621257097000]), 1)
[2021-05-17 11:11:37,905] {logging_mixin.py:104} INFO - (array([1621255297000, 1621257097000]), 2)
[2021-05-17 11:11:37,906] {logging_mixin.py:104} INFO - (array([1621255297000, 1621257097000]), 3)
[2021-05-17 11:11:37,906] {logging_mixin.py:104} INFO - (array([1621253497000, 1621255297000]), 1)
[2021-05-17 11:11:37,907] {logging_mixin.py:104} INFO - (array([1621253497000, 1621255297000]), 2)
[2021-05-17 11:11:37,907] {logging_mixin.py:104} INFO - (array([1621253497000, 1621255297000]), 3)
[2021-05-17 11:11:37,907] {logging_mixin.py:104} INFO - (array([1621251697000, 1621253497000]), 1)
[2021-05-17 11:11:37,908] {logging_mixin.py:104} INFO - (array([1621251697000, 1621253497000]), 2)
[2021-05-17 11:11:37,908] {logging_mixin.py:104} INFO - (array([1621251697000, 1621253497000]), 3)
[2021-05-17 11:11:37,908] {logging_mixin.py:104} INFO - (array([1621249897000, 1621251697000]), 1)
[2021-05-17 11:11:37,909] {logging_mixin.py:104} INFO - (array([1621249897000, 1621251697000]), 2)
[2021-05-17 11:11:37,909] {logging_mixin.py:104} INFO - (array([1621249897000, 1621251697000]), 3)
[2021-05-17 11:11:37,910] {logging_mixin.py:104} INFO - (array([1621248097000, 1621249897000]), 1)
[2021-05-17 11:11:37,910] {logging_mixin.py:104} INFO - (array([1621248097000, 1621249897000]), 2)
[2021-05-17 11:11:37,910] {logging_mixin.py:104} INFO - (array([1621248097000, 1621249897000]), 3)
[2021-05-17 11:11:37,911] {logging_mixin.py:104} INFO - (array([1621246297000, 1621248097000]), 1)
[2021-05-17 11:11:37,911] {logging_mixin.py:104} INFO - (array([1621246297000, 1621248097000]), 2)
[2021-05-17 11:11:37,911] {logging_mixin.py:104} INFO - (array([1621246297000, 1621248097000]), 3)
[2021-05-17 11:11:37,912] {logging_mixin.py:104} INFO - (array([1621244497000, 1621246297000]), 1)
[2021-05-17 11:11:37,912] {logging_mixin.py:104} INFO - (array([1621244497000, 1621246297000]), 2)
[2021-05-17 11:11:37,912] {logging_mixin.py:104} INFO - (array([1621244497000, 1621246297000]), 3)
[2021-05-17 11:11:37,913] {logging_mixin.py:104} INFO - (array([1621242697000, 1621244497000]), 1)
[2021-05-17 11:11:37,913] {logging_mixin.py:104} INFO - (array([1621242697000, 1621244497000]), 2)
[2021-05-17 11:11:37,913] {logging_mixin.py:104} INFO - (array([1621242697000, 1621244497000]), 3)
[2021-05-17 11:11:37,914] {logging_mixin.py:104} INFO - (array([1621240897000, 1621242697000]), 1)
[2021-05-17 11:11:37,914] {logging_mixin.py:104} INFO - (array([1621240897000, 1621242697000]), 2)
[2021-05-17 11:11:37,914] {logging_mixin.py:104} INFO - (array([1621240897000, 1621242697000]), 3)
[2021-05-17 11:11:37,915] {logging_mixin.py:104} INFO - (array([1621239097000, 1621240897000]), 1)
[2021-05-17 11:11:37,916] {logging_mixin.py:104} INFO - (array([1621239097000, 1621240897000]), 2)
[2021-05-17 11:11:37,916] {logging_mixin.py:104} INFO - (array([1621239097000, 1621240897000]), 3)
[2021-05-17 11:11:37,917] {logging_mixin.py:104} INFO - (array([1621237297000, 1621239097000]), 1)
[2021-05-17 11:11:37,917] {logging_mixin.py:104} INFO - (array([1621237297000, 1621239097000]), 2)
[2021-05-17 11:11:37,918] {logging_mixin.py:104} INFO - (array([1621237297000, 1621239097000]), 3)
[2021-05-17 11:11:37,918] {logging_mixin.py:104} INFO - (array([1621235497000, 1621237297000]), 1)
[2021-05-17 11:11:37,919] {logging_mixin.py:104} INFO - (array([1621235497000, 1621237297000]), 2)
[2021-05-17 11:11:37,919] {logging_mixin.py:104} INFO - (array([1621235497000, 1621237297000]), 3)
[2021-05-17 11:11:37,919] {logging_mixin.py:104} INFO - (array([1621233697000, 1621235497000]), 1)
[2021-05-17 11:11:37,920] {logging_mixin.py:104} INFO - (array([1621233697000, 1621235497000]), 2)
[2021-05-17 11:11:37,920] {logging_mixin.py:104} INFO - (array([1621233697000, 1621235497000]), 3)
[2021-05-17 11:11:37,921] {logging_mixin.py:104} INFO - (array([1621231897000, 1621233697000]), 1)
[2021-05-17 11:11:37,921] {logging_mixin.py:104} INFO - (array([1621231897000, 1621233697000]), 2)
[2021-05-17 11:11:37,921] {logging_mixin.py:104} INFO - (array([1621231897000, 1621233697000]), 3)
[2021-05-17 11:11:37,922] {logging_mixin.py:104} INFO - (array([1621230097000, 1621231897000]), 1)
[2021-05-17 11:11:37,922] {logging_mixin.py:104} INFO - (array([1621230097000, 1621231897000]), 2)
[2021-05-17 11:11:37,922] {logging_mixin.py:104} INFO - (array([1621230097000, 1621231897000]), 3)
[2021-05-17 11:11:37,923] {logging_mixin.py:104} INFO - (array([1621228297000, 1621230097000]), 1)
[2021-05-17 11:11:37,923] {logging_mixin.py:104} INFO - (array([1621228297000, 1621230097000]), 2)
[2021-05-17 11:11:37,923] {logging_mixin.py:104} INFO - (array([1621228297000, 1621230097000]), 3)
[2021-05-17 11:11:37,923] {logging_mixin.py:104} INFO - (array([1621226497000, 1621228297000]), 1)
[2021-05-17 11:11:37,924] {logging_mixin.py:104} INFO - (array([1621226497000, 1621228297000]), 2)
[2021-05-17 11:11:37,924] {logging_mixin.py:104} INFO - (array([1621226497000, 1621228297000]), 3)
[2021-05-17 11:11:37,924] {logging_mixin.py:104} INFO - (array([1621224697000, 1621226497000]), 1)
[2021-05-17 11:11:37,924] {logging_mixin.py:104} INFO - (array([1621224697000, 1621226497000]), 2)
[2021-05-17 11:11:37,925] {logging_mixin.py:104} INFO - (array([1621224697000, 1621226497000]), 3)
[2021-05-17 11:11:37,925] {logging_mixin.py:104} INFO - (array([1621222897000, 1621224697000]), 1)
[2021-05-17 11:11:37,926] {logging_mixin.py:104} INFO - (array([1621222897000, 1621224697000]), 2)
[2021-05-17 11:11:37,926] {logging_mixin.py:104} INFO - (array([1621222897000, 1621224697000]), 3)
[2021-05-17 11:11:37,927] {logging_mixin.py:104} INFO - (array([1621221097000, 1621222897000]), 1)
[2021-05-17 11:11:37,927] {logging_mixin.py:104} INFO - (array([1621221097000, 1621222897000]), 2)
[2021-05-17 11:11:37,927] {logging_mixin.py:104} INFO - (array([1621221097000, 1621222897000]), 3)
[2021-05-17 11:11:37,928] {logging_mixin.py:104} INFO - (array([1621219297000, 1621221097000]), 1)
[2021-05-17 11:11:37,928] {logging_mixin.py:104} INFO - (array([1621219297000, 1621221097000]), 2)
[2021-05-17 11:11:37,929] {logging_mixin.py:104} INFO - (array([1621219297000, 1621221097000]), 3)
[2021-05-17 11:11:37,929] {logging_mixin.py:104} INFO - (array([1621217497000, 1621219297000]), 1)
[2021-05-17 11:11:37,929] {logging_mixin.py:104} INFO - (array([1621217497000, 1621219297000]), 2)
[2021-05-17 11:11:37,929] {logging_mixin.py:104} INFO - (array([1621217497000, 1621219297000]), 3)
[2021-05-17 11:11:37,930] {logging_mixin.py:104} INFO - (array([1621215697000, 1621217497000]), 1)
[2021-05-17 11:11:37,930] {logging_mixin.py:104} INFO - (array([1621215697000, 1621217497000]), 2)
[2021-05-17 11:11:37,930] {logging_mixin.py:104} INFO - (array([1621215697000, 1621217497000]), 3)
[2021-05-17 11:11:37,931] {logging_mixin.py:104} INFO - (array([1621215193000, 1621215697000]), 1)
[2021-05-17 11:11:37,931] {logging_mixin.py:104} INFO - (array([1621215193000, 1621215697000]), 2)
[2021-05-17 11:11:37,931] {logging_mixin.py:104} INFO - (array([1621215193000, 1621215697000]), 3)
[2021-05-17 11:11:37,932] {logging_mixin.py:104} INFO - ThreadPoolExecutor initialized
[2021-05-17 11:11:37,932] {logging_mixin.py:104} INFO - running function for: (array([1621257097000, 1621258897000]), 1)
[2021-05-17 11:11:37,933] {logging_mixin.py:104} INFO - https://cdn.iqoption.com/api/quotes-history/quotes/3.0?to=1621258897000&from=1621257097000&active_id=1&only_round=true&_key=1614903660000
[2021-05-17 11:11:37,934] {logging_mixin.py:104} INFO - submitted
[2021-05-17 11:11:37,935] {logging_mixin.py:104} INFO - running function for: (array([1621257097000, 1621258897000]), 2)
[2021-05-17 11:11:37,935] {logging_mixin.py:104} INFO - https://cdn.iqoption.com/api/quotes-history/quotes/3.0?to=1621258897000&from=1621257097000&active_id=2&only_round=true&_key=1614903660000
[2021-05-17 11:11:37,935] {logging_mixin.py:104} INFO - submitted
[2021-05-17 11:11:37,936] {logging_mixin.py:104} INFO - running function for: (array([1621257097000, 1621258897000]), 3)
[2021-05-17 11:11:37,936] {logging_mixin.py:104} INFO - https://cdn.iqoption.com/api/quotes-history/quotes/3.0?to=1621258897000&from=1621257097000&active_id=3&only_round=true&_key=1614903660000
[2021-05-17 11:11:37,936] {logging_mixin.py:104} INFO - submitted
[2021-05-17 11:11:37,937] {logging_mixin.py:104} INFO - running function for: (array([1621255297000, 1621257097000]), 1)
[2021-05-17 11:11:37,937] {logging_mixin.py:104} INFO - https://cdn.iqoption.com/api/quotes-history/quotes/3.0?to=1621257097000&from=1621255297000&active_id=1&only_round=true&_key=1614903660000
[2021-05-17 11:11:37,939] {logging_mixin.py:104} INFO - submitted
[2021-05-17 11:11:37,939] {logging_mixin.py:104} INFO - running function for: (array([1621255297000, 1621257097000]), 2)
[2021-05-17 11:11:37,939] {logging_mixin.py:104} INFO - https://cdn.iqoption.com/api/quotes-history/quotes/3.0?to=1621257097000&from=1621255297000&active_id=2&only_round=true&_key=1614903660000
[2021-05-17 11:11:37,940] {logging_mixin.py:104} INFO - submitted
[2021-05-17 11:11:37,940] {logging_mixin.py:104} INFO - running function for: (array([1621255297000, 1621257097000]), 3)
[2021-05-17 11:11:37,940] {logging_mixin.py:104} INFO - https://cdn.iqoption.com/api/quotes-history/quotes/3.0?to=1621257097000&from=1621255297000&active_id=3&only_round=true&_key=1614903660000
[2021-05-17 11:11:37,941] {logging_mixin.py:104} INFO - submitted
[2021-05-17 11:11:37,941] {logging_mixin.py:104} INFO - running function for: (array([1621253497000, 1621255297000]), 1)
[2021-05-17 11:11:37,941] {logging_mixin.py:104} INFO - https://cdn.iqoption.com/api/quotes-history/quotes/3.0?to=1621255297000&from=1621253497000&active_id=1&only_round=true&_key=1614903660000
[2021-05-17 11:11:37,942] {logging_mixin.py:104} INFO - submitted
[2021-05-17 11:11:37,942] {logging_mixin.py:104} INFO - running function for: (array([1621253497000, 1621255297000]), 2)
[2021-05-17 11:11:37,942] {logging_mixin.py:104} INFO - https://cdn.iqoption.com/api/quotes-history/quotes/3.0?to=1621255297000&from=1621253497000&active_id=2&only_round=true&_key=1614903660000
[2021-05-17 11:11:37,943] {logging_mixin.py:104} INFO - submitted
[2021-05-17 11:11:37,943] {logging_mixin.py:104} INFO - running function for: (array([1621253497000, 1621255297000]), 3)
[2021-05-17 11:11:37,943] {logging_mixin.py:104} INFO - submitted
[2021-05-17 11:11:37,943] {logging_mixin.py:104} INFO - running function for: (array([1621251697000, 1621253497000]), 1)
[2021-05-17 11:11:37,944] {logging_mixin.py:104} INFO - submitted
[2021-05-17 11:11:37,944] {logging_mixin.py:104} INFO - running function for: (array([1621251697000, 1621253497000]), 2)
[2021-05-17 11:11:37,944] {logging_mixin.py:104} INFO - submitted
[2021-05-17 11:11:37,945] {logging_mixin.py:104} INFO - running function for: (array([1621251697000, 1621253497000]), 3)
[2021-05-17 11:11:37,945] {logging_mixin.py:104} INFO - submitted
[2021-05-17 11:11:37,946] {logging_mixin.py:104} INFO - running function for: (array([1621249897000, 1621251697000]), 1)
[2021-05-17 11:11:37,946] {logging_mixin.py:104} INFO - submitted
[2021-05-17 11:11:37,946] {logging_mixin.py:104} INFO - running function for: (array([1621249897000, 1621251697000]), 2)
[2021-05-17 11:11:37,946] {logging_mixin.py:104} INFO - submitted
[2021-05-17 11:11:37,947] {logging_mixin.py:104} INFO - running function for: (array([1621249897000, 1621251697000]), 3)
[2021-05-17 11:11:37,947] {logging_mixin.py:104} INFO - submitted
[2021-05-17 11:11:37,947] {logging_mixin.py:104} INFO - running function for: (array([1621248097000, 1621249897000]), 1)
[2021-05-17 11:11:37,947] {logging_mixin.py:104} INFO - submitted
[2021-05-17 11:11:37,948] {logging_mixin.py:104} INFO - running function for: (array([1621248097000, 1621249897000]), 2)
[2021-05-17 11:11:37,948] {logging_mixin.py:104} INFO - submitted
[2021-05-17 11:11:37,948] {logging_mixin.py:104} INFO - running function for: (array([1621248097000, 1621249897000]), 3)
[2021-05-17 11:11:37,948] {logging_mixin.py:104} INFO - submitted
[2021-05-17 11:11:37,949] {logging_mixin.py:104} INFO - running function for: (array([1621246297000, 1621248097000]), 1)
[2021-05-17 11:11:37,949] {logging_mixin.py:104} INFO - submitted
[2021-05-17 11:11:37,949] {logging_mixin.py:104} INFO - running function for: (array([1621246297000, 1621248097000]), 2)
[2021-05-17 11:11:37,949] {logging_mixin.py:104} INFO - submitted
[2021-05-17 11:11:37,950] {logging_mixin.py:104} INFO - running function for: (array([1621246297000, 1621248097000]), 3)
[2021-05-17 11:11:37,950] {logging_mixin.py:104} INFO - submitted
[2021-05-17 11:11:37,950] {logging_mixin.py:104} INFO - running function for: (array([1621244497000, 1621246297000]), 1)
[2021-05-17 11:11:37,951] {logging_mixin.py:104} INFO - submitted
[2021-05-17 11:11:37,951] {logging_mixin.py:104} INFO - running function for: (array([1621244497000, 1621246297000]), 2)
[2021-05-17 11:11:37,951] {logging_mixin.py:104} INFO - submitted
[2021-05-17 11:11:37,951] {logging_mixin.py:104} INFO - running function for: (array([1621244497000, 1621246297000]), 3)
[2021-05-17 11:11:37,951] {logging_mixin.py:104} INFO - submitted
[2021-05-17 11:11:37,952] {logging_mixin.py:104} INFO - running function for: (array([1621242697000, 1621244497000]), 1)
[2021-05-17 11:11:37,952] {logging_mixin.py:104} INFO - submitted
[2021-05-17 11:11:37,952] {logging_mixin.py:104} INFO - running function for: (array([1621242697000, 1621244497000]), 2)
[2021-05-17 11:11:37,952] {logging_mixin.py:104} INFO - submitted
[2021-05-17 11:11:37,953] {logging_mixin.py:104} INFO - running function for: (array([1621242697000, 1621244497000]), 3)
[2021-05-17 11:11:37,953] {logging_mixin.py:104} INFO - submitted
[2021-05-17 11:11:37,953] {logging_mixin.py:104} INFO - running function for: (array([1621240897000, 1621242697000]), 1)
[2021-05-17 11:11:37,955] {logging_mixin.py:104} INFO - submitted
[2021-05-17 11:11:37,955] {logging_mixin.py:104} INFO - running function for: (array([1621240897000, 1621242697000]), 2)
[2021-05-17 11:11:37,957] {logging_mixin.py:104} INFO - submitted
[2021-05-17 11:11:37,957] {logging_mixin.py:104} INFO - running function for: (array([1621240897000, 1621242697000]), 3)
[2021-05-17 11:11:37,957] {logging_mixin.py:104} INFO - submitted
[2021-05-17 11:11:37,958] {logging_mixin.py:104} INFO - running function for: (array([1621239097000, 1621240897000]), 1)
[2021-05-17 11:11:37,959] {logging_mixin.py:104} INFO - submitted
[2021-05-17 11:11:37,959] {logging_mixin.py:104} INFO - running function for: (array([1621239097000, 1621240897000]), 2)
[2021-05-17 11:11:37,960] {logging_mixin.py:104} INFO - submitted
[2021-05-17 11:11:37,960] {logging_mixin.py:104} INFO - running function for: (array([1621239097000, 1621240897000]), 3)
[2021-05-17 11:11:37,960] {logging_mixin.py:104} INFO - submitted
[2021-05-17 11:11:37,960] {logging_mixin.py:104} INFO - running function for: (array([1621237297000, 1621239097000]), 1)
[2021-05-17 11:11:37,961] {logging_mixin.py:104} INFO - submitted
[2021-05-17 11:11:37,961] {logging_mixin.py:104} INFO - running function for: (array([1621237297000, 1621239097000]), 2)
[2021-05-17 11:11:37,961] {logging_mixin.py:104} INFO - submitted
[2021-05-17 11:11:37,962] {logging_mixin.py:104} INFO - running function for: (array([1621237297000, 1621239097000]), 3)
[2021-05-17 11:11:37,962] {logging_mixin.py:104} INFO - submitted
[2021-05-17 11:11:37,963] {logging_mixin.py:104} INFO - running function for: (array([1621235497000, 1621237297000]), 1)
[2021-05-17 11:11:37,963] {logging_mixin.py:104} INFO - submitted
[2021-05-17 11:11:37,964] {logging_mixin.py:104} INFO - running function for: (array([1621235497000, 1621237297000]), 2)
[2021-05-17 11:11:37,964] {logging_mixin.py:104} INFO - submitted
[2021-05-17 11:11:37,965] {logging_mixin.py:104} INFO - running function for: (array([1621235497000, 1621237297000]), 3)
[2021-05-17 11:11:37,966] {logging_mixin.py:104} INFO - submitted
[2021-05-17 11:11:37,967] {logging_mixin.py:104} INFO - running function for: (array([1621233697000, 1621235497000]), 1)
[2021-05-17 11:11:37,967] {logging_mixin.py:104} INFO - submitted
[2021-05-17 11:11:37,967] {logging_mixin.py:104} INFO - running function for: (array([1621233697000, 1621235497000]), 2)
[2021-05-17 11:11:37,967] {logging_mixin.py:104} INFO - submitted
[2021-05-17 11:11:37,968] {logging_mixin.py:104} INFO - running function for: (array([1621233697000, 1621235497000]), 3)
[2021-05-17 11:11:37,968] {logging_mixin.py:104} INFO - submitted
[2021-05-17 11:11:37,968] {logging_mixin.py:104} INFO - running function for: (array([1621231897000, 1621233697000]), 1)
[2021-05-17 11:11:37,968] {logging_mixin.py:104} INFO - submitted
[2021-05-17 11:11:37,969] {logging_mixin.py:104} INFO - running function for: (array([1621231897000, 1621233697000]), 2)
[2021-05-17 11:11:37,969] {logging_mixin.py:104} INFO - submitted
[2021-05-17 11:11:37,969] {logging_mixin.py:104} INFO - running function for: (array([1621231897000, 1621233697000]), 3)
[2021-05-17 11:11:37,969] {logging_mixin.py:104} INFO - submitted
[2021-05-17 11:11:37,970] {logging_mixin.py:104} INFO - running function for: (array([1621230097000, 1621231897000]), 1)
[2021-05-17 11:11:37,970] {logging_mixin.py:104} INFO - submitted
[2021-05-17 11:11:37,970] {logging_mixin.py:104} INFO - running function for: (array([1621230097000, 1621231897000]), 2)
[2021-05-17 11:11:37,970] {logging_mixin.py:104} INFO - submitted
[2021-05-17 11:11:37,971] {logging_mixin.py:104} INFO - running function for: (array([1621230097000, 1621231897000]), 3)
[2021-05-17 11:11:37,971] {logging_mixin.py:104} INFO - submitted
[2021-05-17 11:11:37,971] {logging_mixin.py:104} INFO - running function for: (array([1621228297000, 1621230097000]), 1)
[2021-05-17 11:11:37,971] {logging_mixin.py:104} INFO - submitted
[2021-05-17 11:11:37,972] {logging_mixin.py:104} INFO - running function for: (array([1621228297000, 1621230097000]), 2)
[2021-05-17 11:11:37,972] {logging_mixin.py:104} INFO - submitted
[2021-05-17 11:11:37,972] {logging_mixin.py:104} INFO - running function for: (array([1621228297000, 1621230097000]), 3)
[2021-05-17 11:11:37,972] {logging_mixin.py:104} INFO - submitted
[2021-05-17 11:11:37,972] {logging_mixin.py:104} INFO - running function for: (array([1621226497000, 1621228297000]), 1)
[2021-05-17 11:11:37,973] {logging_mixin.py:104} INFO - submitted
[2021-05-17 11:11:37,973] {logging_mixin.py:104} INFO - running function for: (array([1621226497000, 1621228297000]), 2)
[2021-05-17 11:11:37,973] {logging_mixin.py:104} INFO - submitted
[2021-05-17 11:11:37,973] {logging_mixin.py:104} INFO - running function for: (array([1621226497000, 1621228297000]), 3)
[2021-05-17 11:11:37,974] {logging_mixin.py:104} INFO - submitted
[2021-05-17 11:11:37,974] {logging_mixin.py:104} INFO - running function for: (array([1621224697000, 1621226497000]), 1)
[2021-05-17 11:11:37,974] {logging_mixin.py:104} INFO - submitted
[2021-05-17 11:11:37,974] {logging_mixin.py:104} INFO - running function for: (array([1621224697000, 1621226497000]), 2)
[2021-05-17 11:11:37,975] {logging_mixin.py:104} INFO - submitted
[2021-05-17 11:11:37,975] {logging_mixin.py:104} INFO - running function for: (array([1621224697000, 1621226497000]), 3)
[2021-05-17 11:11:37,975] {logging_mixin.py:104} INFO - submitted
[2021-05-17 11:11:37,975] {logging_mixin.py:104} INFO - running function for: (array([1621222897000, 1621224697000]), 1)
[2021-05-17 11:11:37,975] {logging_mixin.py:104} INFO - submitted
[2021-05-17 11:11:37,976] {logging_mixin.py:104} INFO - running function for: (array([1621222897000, 1621224697000]), 2)
[2021-05-17 11:11:37,976] {logging_mixin.py:104} INFO - submitted
[2021-05-17 11:11:37,976] {logging_mixin.py:104} INFO - running function for: (array([1621222897000, 1621224697000]), 3)
[2021-05-17 11:11:37,976] {logging_mixin.py:104} INFO - submitted
[2021-05-17 11:11:37,977] {logging_mixin.py:104} INFO - running function for: (array([1621221097000, 1621222897000]), 1)
[2021-05-17 11:11:37,977] {logging_mixin.py:104} INFO - submitted
[2021-05-17 11:11:37,977] {logging_mixin.py:104} INFO - running function for: (array([1621221097000, 1621222897000]), 2)
[2021-05-17 11:11:37,977] {logging_mixin.py:104} INFO - submitted
[2021-05-17 11:11:37,978] {logging_mixin.py:104} INFO - running function for: (array([1621221097000, 1621222897000]), 3)
[2021-05-17 11:11:37,978] {logging_mixin.py:104} INFO - submitted
[2021-05-17 11:11:37,978] {logging_mixin.py:104} INFO - running function for: (array([1621219297000, 1621221097000]), 1)
[2021-05-17 11:11:37,978] {logging_mixin.py:104} INFO - submitted
[2021-05-17 11:11:37,979] {logging_mixin.py:104} INFO - running function for: (array([1621219297000, 1621221097000]), 2)
[2021-05-17 11:11:37,979] {logging_mixin.py:104} INFO - submitted
[2021-05-17 11:11:37,979] {logging_mixin.py:104} INFO - running function for: (array([1621219297000, 1621221097000]), 3)
[2021-05-17 11:11:37,979] {logging_mixin.py:104} INFO - submitted
[2021-05-17 11:11:37,979] {logging_mixin.py:104} INFO - running function for: (array([1621217497000, 1621219297000]), 1)
[2021-05-17 11:11:37,980] {logging_mixin.py:104} INFO - submitted
[2021-05-17 11:11:37,980] {logging_mixin.py:104} INFO - running function for: (array([1621217497000, 1621219297000]), 2)
[2021-05-17 11:11:37,980] {logging_mixin.py:104} INFO - submitted
[2021-05-17 11:11:37,980] {logging_mixin.py:104} INFO - running function for: (array([1621217497000, 1621219297000]), 3)
[2021-05-17 11:11:37,981] {logging_mixin.py:104} INFO - submitted
[2021-05-17 11:11:37,981] {logging_mixin.py:104} INFO - running function for: (array([1621215697000, 1621217497000]), 1)
[2021-05-17 11:11:37,981] {logging_mixin.py:104} INFO - submitted
[2021-05-17 11:11:37,981] {logging_mixin.py:104} INFO - running function for: (array([1621215697000, 1621217497000]), 2)
[2021-05-17 11:11:37,981] {logging_mixin.py:104} INFO - submitted
[2021-05-17 11:11:37,982] {logging_mixin.py:104} INFO - running function for: (array([1621215697000, 1621217497000]), 3)
[2021-05-17 11:11:37,982] {logging_mixin.py:104} INFO - submitted
[2021-05-17 11:11:37,982] {logging_mixin.py:104} INFO - running function for: (array([1621215193000, 1621215697000]), 1)
[2021-05-17 11:11:37,983] {logging_mixin.py:104} INFO - submitted
[2021-05-17 11:11:37,983] {logging_mixin.py:104} INFO - running function for: (array([1621215193000, 1621215697000]), 2)
[2021-05-17 11:11:37,983] {logging_mixin.py:104} INFO - submitted
[2021-05-17 11:11:37,983] {logging_mixin.py:104} INFO - running function for: (array([1621215193000, 1621215697000]), 3)
[2021-05-17 11:11:37,984] {logging_mixin.py:104} INFO - submitted
[2021-05-17 11:11:41,654] {logging_mixin.py:104} INFO - https://cdn.iqoption.com/api/quotes-history/quotes/3.0?to=1621255297000&from=1621253497000&active_id=3&only_round=true&_key=1614903660000
[2021-05-17 11:11:41,949] {logging_mixin.py:104} INFO - https://cdn.iqoption.com/api/quotes-history/quotes/3.0?to=1621253497000&from=1621251697000&active_id=1&only_round=true&_key=1614903660000
[2021-05-17 11:11:41,954] {logging_mixin.py:104} INFO - https://cdn.iqoption.com/api/quotes-history/quotes/3.0?to=1621253497000&from=1621251697000&active_id=2&only_round=true&_key=1614903660000
[2021-05-17 11:11:41,976] {logging_mixin.py:104} INFO - https://cdn.iqoption.com/api/quotes-history/quotes/3.0?to=1621253497000&from=1621251697000&active_id=3&only_round=true&_key=1614903660000
[2021-05-17 11:11:42,037] {logging_mixin.py:104} INFO - https://cdn.iqoption.com/api/quotes-history/quotes/3.0?to=1621251697000&from=1621249897000&active_id=1&only_round=true&_key=1614903660000
[2021-05-17 11:11:42,039] {logging_mixin.py:104} INFO - https://cdn.iqoption.com/api/quotes-history/quotes/3.0?to=1621251697000&from=1621249897000&active_id=2&only_round=true&_key=1614903660000
[2021-05-17 11:11:42,060] {logging_mixin.py:104} INFO - https://cdn.iqoption.com/api/quotes-history/quotes/3.0?to=1621251697000&from=1621249897000&active_id=3&only_round=true&_key=1614903660000
[2021-05-17 11:11:42,092] {logging_mixin.py:104} INFO - https://cdn.iqoption.com/api/quotes-history/quotes/3.0?to=1621249897000&from=1621248097000&active_id=1&only_round=true&_key=1614903660000
[2021-05-17 11:11:43,992] {logging_mixin.py:104} INFO - https://cdn.iqoption.com/api/quotes-history/quotes/3.0?to=1621249897000&from=1621248097000&active_id=2&only_round=true&_key=1614903660000
[2021-05-17 11:11:44,114] {logging_mixin.py:104} INFO - https://cdn.iqoption.com/api/quotes-history/quotes/3.0?to=1621249897000&from=1621248097000&active_id=3&only_round=true&_key=1614903660000
[2021-05-17 11:11:44,122] {logging_mixin.py:104} INFO - https://cdn.iqoption.com/api/quotes-history/quotes/3.0?to=1621248097000&from=1621246297000&active_id=1&only_round=true&_key=1614903660000
[2021-05-17 11:11:44,167] {logging_mixin.py:104} INFO - https://cdn.iqoption.com/api/quotes-history/quotes/3.0?to=1621248097000&from=1621246297000&active_id=2&only_round=true&_key=1614903660000
[2021-05-17 11:11:44,193] {logging_mixin.py:104} INFO - https://cdn.iqoption.com/api/quotes-history/quotes/3.0?to=1621248097000&from=1621246297000&active_id=3&only_round=true&_key=1614903660000
[2021-05-17 11:11:44,203] {logging_mixin.py:104} INFO - https://cdn.iqoption.com/api/quotes-history/quotes/3.0?to=1621246297000&from=1621244497000&active_id=1&only_round=true&_key=1614903660000
[2021-05-17 11:11:44,300] {logging_mixin.py:104} INFO - https://cdn.iqoption.com/api/quotes-history/quotes/3.0?to=1621246297000&from=1621244497000&active_id=2&only_round=true&_key=1614903660000
[2021-05-17 11:11:44,302] {logging_mixin.py:104} INFO - https://cdn.iqoption.com/api/quotes-history/quotes/3.0?to=1621246297000&from=1621244497000&active_id=3&only_round=true&_key=1614903660000
[2021-05-17 11:11:45,869] {logging_mixin.py:104} INFO - https://cdn.iqoption.com/api/quotes-history/quotes/3.0?to=1621244497000&from=1621242697000&active_id=1&only_round=true&_key=1614903660000
[2021-05-17 11:11:45,962] {logging_mixin.py:104} INFO - https://cdn.iqoption.com/api/quotes-history/quotes/3.0?to=1621244497000&from=1621242697000&active_id=2&only_round=true&_key=1614903660000
[2021-05-17 11:11:45,969] {logging_mixin.py:104} INFO - https://cdn.iqoption.com/api/quotes-history/quotes/3.0?to=1621244497000&from=1621242697000&active_id=3&only_round=true&_key=1614903660000
[2021-05-17 11:11:46,038] {logging_mixin.py:104} INFO - https://cdn.iqoption.com/api/quotes-history/quotes/3.0?to=1621242697000&from=1621240897000&active_id=1&only_round=true&_key=1614903660000
[2021-05-17 11:11:46,043] {logging_mixin.py:104} INFO - https://cdn.iqoption.com/api/quotes-history/quotes/3.0?to=1621242697000&from=1621240897000&active_id=2&only_round=true&_key=1614903660000
[2021-05-17 11:11:46,088] {logging_mixin.py:104} INFO - https://cdn.iqoption.com/api/quotes-history/quotes/3.0?to=1621242697000&from=1621240897000&active_id=3&only_round=true&_key=1614903660000
[2021-05-17 11:11:46,156] {logging_mixin.py:104} INFO - https://cdn.iqoption.com/api/quotes-history/quotes/3.0?to=1621240897000&from=1621239097000&active_id=1&only_round=true&_key=1614903660000
[2021-05-17 11:11:46,236] {logging_mixin.py:104} INFO - https://cdn.iqoption.com/api/quotes-history/quotes/3.0?to=1621240897000&from=1621239097000&active_id=2&only_round=true&_key=1614903660000
[2021-05-17 11:11:47,571] {logging_mixin.py:104} INFO - https://cdn.iqoption.com/api/quotes-history/quotes/3.0?to=1621240897000&from=1621239097000&active_id=3&only_round=true&_key=1614903660000
[2021-05-17 11:11:47,674] {logging_mixin.py:104} INFO - https://cdn.iqoption.com/api/quotes-history/quotes/3.0?to=1621239097000&from=1621237297000&active_id=1&only_round=true&_key=1614903660000
[2021-05-17 11:11:47,675] {logging_mixin.py:104} INFO - https://cdn.iqoption.com/api/quotes-history/quotes/3.0?to=1621239097000&from=1621237297000&active_id=1&only_round=true&_key=1614903660000
https://cdn.iqoption.com/api/quotes-history/quotes/3.0?to=1621239097000&from=1621237297000&active_id=2&only_round=true&_key=1614903660000
[2021-05-17 11:11:47,742] {logging_mixin.py:104} INFO - https://cdn.iqoption.com/api/quotes-history/quotes/3.0?to=1621239097000&from=1621237297000&active_id=3&only_round=true&_key=1614903660000
[2021-05-17 11:11:47,762] {logging_mixin.py:104} INFO - https://cdn.iqoption.com/api/quotes-history/quotes/3.0?to=1621237297000&from=1621235497000&active_id=1&only_round=true&_key=1614903660000
[2021-05-17 11:11:47,768] {logging_mixin.py:104} INFO - https://cdn.iqoption.com/api/quotes-history/quotes/3.0?to=1621237297000&from=1621235497000&active_id=2&only_round=true&_key=1614903660000
[2021-05-17 11:11:47,807] {logging_mixin.py:104} INFO - https://cdn.iqoption.com/api/quotes-history/quotes/3.0?to=1621237297000&from=1621235497000&active_id=3&only_round=true&_key=1614903660000
[2021-05-17 11:11:47,904] {logging_mixin.py:104} INFO - https://cdn.iqoption.com/api/quotes-history/quotes/3.0?to=1621235497000&from=1621233697000&active_id=1&only_round=true&_key=1614903660000
[2021-05-17 11:11:49,182] {logging_mixin.py:104} INFO - https://cdn.iqoption.com/api/quotes-history/quotes/3.0?to=1621235497000&from=1621233697000&active_id=2&only_round=true&_key=1614903660000
[2021-05-17 11:11:49,225] {logging_mixin.py:104} INFO - https://cdn.iqoption.com/api/quotes-history/quotes/3.0?to=1621235497000&from=1621233697000&active_id=3&only_round=true&_key=1614903660000
[2021-05-17 11:11:49,242] {logging_mixin.py:104} INFO - https://cdn.iqoption.com/api/quotes-history/quotes/3.0?to=1621233697000&from=1621231897000&active_id=1&only_round=true&_key=1614903660000
[2021-05-17 11:11:49,300] {logging_mixin.py:104} INFO - https://cdn.iqoption.com/api/quotes-history/quotes/3.0?to=1621233697000&from=1621231897000&active_id=2&only_round=true&_key=1614903660000
[2021-05-17 11:11:49,364] {logging_mixin.py:104} INFO - https://cdn.iqoption.com/api/quotes-history/quotes/3.0?to=1621233697000&from=1621231897000&active_id=3&only_round=true&_key=1614903660000
[2021-05-17 11:11:49,467] {logging_mixin.py:104} INFO - https://cdn.iqoption.com/api/quotes-history/quotes/3.0?to=1621231897000&from=1621230097000&active_id=1&only_round=true&_key=1614903660000
[2021-05-17 11:11:49,495] {logging_mixin.py:104} INFO - https://cdn.iqoption.com/api/quotes-history/quotes/3.0?to=1621231897000&from=1621230097000&active_id=2&only_round=true&_key=1614903660000
[2021-05-17 11:11:49,618] {logging_mixin.py:104} INFO - https://cdn.iqoption.com/api/quotes-history/quotes/3.0?to=1621231897000&from=1621230097000&active_id=3&only_round=true&_key=1614903660000
[2021-05-17 11:11:50,889] {logging_mixin.py:104} INFO - https://cdn.iqoption.com/api/quotes-history/quotes/3.0?to=1621230097000&from=1621228297000&active_id=1&only_round=true&_key=1614903660000
[2021-05-17 11:11:50,911] {logging_mixin.py:104} INFO - https://cdn.iqoption.com/api/quotes-history/quotes/3.0?to=1621230097000&from=1621228297000&active_id=2&only_round=true&_key=1614903660000
[2021-05-17 11:11:50,912] {logging_mixin.py:104} INFO - https://cdn.iqoption.com/api/quotes-history/quotes/3.0?to=1621230097000&from=1621228297000&active_id=3&only_round=true&_key=1614903660000
[2021-05-17 11:11:50,918] {logging_mixin.py:104} INFO - https://cdn.iqoption.com/api/quotes-history/quotes/3.0?to=1621228297000&from=1621226497000&active_id=1&only_round=true&_key=1614903660000
[2021-05-17 11:11:50,939] {logging_mixin.py:104} INFO - https://cdn.iqoption.com/api/quotes-history/quotes/3.0?to=1621228297000&from=1621226497000&active_id=2&only_round=true&_key=1614903660000
[2021-05-17 11:11:51,033] {logging_mixin.py:104} INFO - https://cdn.iqoption.com/api/quotes-history/quotes/3.0?to=1621228297000&from=1621226497000&active_id=3&only_round=true&_key=1614903660000
[2021-05-17 11:11:51,087] {logging_mixin.py:104} INFO - https://cdn.iqoption.com/api/quotes-history/quotes/3.0?to=1621226497000&from=1621224697000&active_id=1&only_round=true&_key=1614903660000
[2021-05-17 11:11:51,208] {logging_mixin.py:104} INFO - https://cdn.iqoption.com/api/quotes-history/quotes/3.0?to=1621226497000&from=1621224697000&active_id=2&only_round=true&_key=1614903660000
[2021-05-17 11:11:52,462] {logging_mixin.py:104} INFO - https://cdn.iqoption.com/api/quotes-history/quotes/3.0?to=1621226497000&from=1621224697000&active_id=3&only_round=true&_key=1614903660000
[2021-05-17 11:11:52,533] {logging_mixin.py:104} INFO - https://cdn.iqoption.com/api/quotes-history/quotes/3.0?to=1621224697000&from=1621222897000&active_id=1&only_round=true&_key=1614903660000
[2021-05-17 11:11:52,545] {logging_mixin.py:104} INFO - https://cdn.iqoption.com/api/quotes-history/quotes/3.0?to=1621224697000&from=1621222897000&active_id=2&only_round=true&_key=1614903660000
[2021-05-17 11:11:52,551] {logging_mixin.py:104} INFO - https://cdn.iqoption.com/api/quotes-history/quotes/3.0?to=1621224697000&from=1621222897000&active_id=3&only_round=true&_key=1614903660000
[2021-05-17 11:11:52,573] {logging_mixin.py:104} INFO - https://cdn.iqoption.com/api/quotes-history/quotes/3.0?to=1621222897000&from=1621221097000&active_id=1&only_round=true&_key=1614903660000
[2021-05-17 11:11:52,685] {logging_mixin.py:104} INFO - https://cdn.iqoption.com/api/quotes-history/quotes/3.0?to=1621222897000&from=1621221097000&active_id=2&only_round=true&_key=1614903660000
[2021-05-17 11:11:52,788] {logging_mixin.py:104} INFO - https://cdn.iqoption.com/api/quotes-history/quotes/3.0?to=1621222897000&from=1621221097000&active_id=3&only_round=true&_key=1614903660000
[2021-05-17 11:11:52,884] {logging_mixin.py:104} INFO - https://cdn.iqoption.com/api/quotes-history/quotes/3.0?to=1621221097000&from=1621219297000&active_id=1&only_round=true&_key=1614903660000
[2021-05-17 11:11:53,996] {logging_mixin.py:104} INFO - https://cdn.iqoption.com/api/quotes-history/quotes/3.0?to=1621221097000&from=1621219297000&active_id=2&only_round=true&_key=1614903660000
[2021-05-17 11:11:54,142] {logging_mixin.py:104} INFO - https://cdn.iqoption.com/api/quotes-history/quotes/3.0?to=1621221097000&from=1621219297000&active_id=3&only_round=true&_key=1614903660000
[2021-05-17 11:11:54,149] {logging_mixin.py:104} INFO - https://cdn.iqoption.com/api/quotes-history/quotes/3.0?to=1621219297000&from=1621217497000&active_id=1&only_round=true&_key=1614903660000
[2021-05-17 11:11:54,223] {logging_mixin.py:104} INFO - https://cdn.iqoption.com/api/quotes-history/quotes/3.0?to=1621219297000&from=1621217497000&active_id=2&only_round=true&_key=1614903660000
[2021-05-17 11:11:54,283] {logging_mixin.py:104} INFO - https://cdn.iqoption.com/api/quotes-history/quotes/3.0?to=1621219297000&from=1621217497000&active_id=3&only_round=true&_key=1614903660000
[2021-05-17 11:11:54,335] {logging_mixin.py:104} INFO - https://cdn.iqoption.com/api/quotes-history/quotes/3.0?to=1621217497000&from=1621215697000&active_id=1&only_round=true&_key=1614903660000
[2021-05-17 11:11:54,408] {logging_mixin.py:104} INFO - https://cdn.iqoption.com/api/quotes-history/quotes/3.0?to=1621217497000&from=1621215697000&active_id=2&only_round=true&_key=1614903660000
[2021-05-17 11:11:54,433] {logging_mixin.py:104} INFO - https://cdn.iqoption.com/api/quotes-history/quotes/3.0?to=1621217497000&from=1621215697000&active_id=3&only_round=true&_key=1614903660000
[2021-05-17 11:11:55,732] {logging_mixin.py:104} INFO - https://cdn.iqoption.com/api/quotes-history/quotes/3.0?to=1621215697000&from=1621215193000&active_id=1&only_round=true&_key=1614903660000
[2021-05-17 11:11:55,754] {logging_mixin.py:104} INFO - https://cdn.iqoption.com/api/quotes-history/quotes/3.0?to=1621215697000&from=1621215193000&active_id=2&only_round=true&_key=1614903660000
[2021-05-17 11:11:55,790] {logging_mixin.py:104} INFO - https://cdn.iqoption.com/api/quotes-history/quotes/3.0?to=1621215697000&from=1621215193000&active_id=3&only_round=true&_key=1614903660000
[2021-05-17 11:11:57,119] {python.py:118} INFO - Done. Returned value was: None
[2021-05-17 11:11:57,124] {taskinstance.py:1192} INFO - Marking task as SUCCESS. dag_id=etl, task_id=loading_data_to_s3, execution_date=20210517T120000, start_date=20210517T141136, end_date=20210517T141157
[2021-05-17 11:11:57,166] {taskinstance.py:1246} INFO - 1 downstream tasks scheduled from follow-on schedule check
[2021-05-17 11:11:57,197] {local_task_job.py:146} INFO - Task exited with return code 0
