[2021-05-17 14:40:30,388] {taskinstance.py:877} INFO - Dependencies all met for <TaskInstance: etl.removing_local_files 2021-05-17T17:40:07.213011+00:00 [queued]>
[2021-05-17 14:40:30,393] {taskinstance.py:877} INFO - Dependencies all met for <TaskInstance: etl.removing_local_files 2021-05-17T17:40:07.213011+00:00 [queued]>
[2021-05-17 14:40:30,393] {taskinstance.py:1068} INFO - 
--------------------------------------------------------------------------------
[2021-05-17 14:40:30,393] {taskinstance.py:1069} INFO - Starting attempt 1 of 1
[2021-05-17 14:40:30,393] {taskinstance.py:1070} INFO - 
--------------------------------------------------------------------------------
[2021-05-17 14:40:30,398] {taskinstance.py:1089} INFO - Executing <Task(PythonOperator): removing_local_files> on 2021-05-17T17:40:07.213011+00:00
[2021-05-17 14:40:30,402] {standard_task_runner.py:52} INFO - Started process 36835 to run task
[2021-05-17 14:40:30,409] {standard_task_runner.py:76} INFO - Running: ['airflow', 'tasks', 'run', 'etl', 'removing_local_files', '2021-05-17T17:40:07.213011+00:00', '--job-id', '941', '--pool', 'default_pool', '--raw', '--subdir', 'DAGS_FOLDER/etl_dag.py', '--cfg-path', '/var/folders/_f/vg3x3jmj23bcz6s88l7v6fb40000gn/T/tmpghl_754u', '--error-file', '/var/folders/_f/vg3x3jmj23bcz6s88l7v6fb40000gn/T/tmpda91d1j_']
[2021-05-17 14:40:30,410] {standard_task_runner.py:77} INFO - Job 941: Subtask removing_local_files
[2021-05-17 14:40:30,440] {logging_mixin.py:104} INFO - Running <TaskInstance: etl.removing_local_files 2021-05-17T17:40:07.213011+00:00 [running]> on host 27.2.168.192.in-addr.arpa
[2021-05-17 14:40:30,463] {taskinstance.py:1283} INFO - Exporting the following env vars:
AIRFLOW_CTX_DAG_OWNER=udacity
AIRFLOW_CTX_DAG_ID=etl
AIRFLOW_CTX_TASK_ID=removing_local_files
AIRFLOW_CTX_EXECUTION_DATE=2021-05-17T17:40:07.213011+00:00
AIRFLOW_CTX_DAG_RUN_ID=manual__2021-05-17T17:40:07.213011+00:00
[2021-05-17 14:40:30,464] {python.py:118} INFO - Done. Returned value was: None
[2021-05-17 14:40:30,467] {taskinstance.py:1192} INFO - Marking task as SUCCESS. dag_id=etl, task_id=removing_local_files, execution_date=20210517T174007, start_date=20210517T174030, end_date=20210517T174030
[2021-05-17 14:40:30,507] {taskinstance.py:1246} INFO - 1 downstream tasks scheduled from follow-on schedule check
[2021-05-17 14:40:30,546] {local_task_job.py:146} INFO - Task exited with return code 0
