[2021-05-17 02:25:05,292] {taskinstance.py:877} INFO - Dependencies all met for <TaskInstance: etl.removing_local_files 2021-05-17T04:00:00+00:00 [queued]>
[2021-05-17 02:25:05,301] {taskinstance.py:877} INFO - Dependencies all met for <TaskInstance: etl.removing_local_files 2021-05-17T04:00:00+00:00 [queued]>
[2021-05-17 02:25:05,301] {taskinstance.py:1068} INFO - 
--------------------------------------------------------------------------------
[2021-05-17 02:25:05,302] {taskinstance.py:1069} INFO - Starting attempt 1 of 1
[2021-05-17 02:25:05,302] {taskinstance.py:1070} INFO - 
--------------------------------------------------------------------------------
[2021-05-17 02:25:05,308] {taskinstance.py:1089} INFO - Executing <Task(PythonOperator): removing_local_files> on 2021-05-17T04:00:00+00:00
[2021-05-17 02:25:05,312] {standard_task_runner.py:52} INFO - Started process 33657 to run task
[2021-05-17 02:25:05,320] {standard_task_runner.py:76} INFO - Running: ['airflow', 'tasks', 'run', 'etl', 'removing_local_files', '2021-05-17T04:00:00+00:00', '--job-id', '881', '--pool', 'default_pool', '--raw', '--subdir', 'DAGS_FOLDER/etl_dag.py', '--cfg-path', '/var/folders/_f/vg3x3jmj23bcz6s88l7v6fb40000gn/T/tmpua_6nkzj', '--error-file', '/var/folders/_f/vg3x3jmj23bcz6s88l7v6fb40000gn/T/tmpgneb_fwu']
[2021-05-17 02:25:05,335] {standard_task_runner.py:77} INFO - Job 881: Subtask removing_local_files
[2021-05-17 02:25:05,398] {logging_mixin.py:104} INFO - Running <TaskInstance: etl.removing_local_files 2021-05-17T04:00:00+00:00 [running]> on host 27.2.168.192.in-addr.arpa
[2021-05-17 02:25:05,432] {taskinstance.py:1283} INFO - Exporting the following env vars:
AIRFLOW_CTX_DAG_OWNER=udacity
AIRFLOW_CTX_DAG_ID=etl
AIRFLOW_CTX_TASK_ID=removing_local_files
AIRFLOW_CTX_EXECUTION_DATE=2021-05-17T04:00:00+00:00
AIRFLOW_CTX_DAG_RUN_ID=scheduled__2021-05-17T04:00:00+00:00
[2021-05-17 02:25:05,437] {python.py:118} INFO - Done. Returned value was: None
[2021-05-17 02:25:05,441] {taskinstance.py:1192} INFO - Marking task as SUCCESS. dag_id=etl, task_id=removing_local_files, execution_date=20210517T040000, start_date=20210517T052505, end_date=20210517T052505
[2021-05-17 02:25:05,495] {taskinstance.py:1246} INFO - 1 downstream tasks scheduled from follow-on schedule check
[2021-05-17 02:25:05,544] {local_task_job.py:146} INFO - Task exited with return code 0
