[2021-05-12 11:36:04,658] {taskinstance.py:877} INFO - Dependencies all met for <TaskInstance: etl.removing_local_files 2021-05-12T14:35:51.218622+00:00 [queued]>
[2021-05-12 11:36:04,662] {taskinstance.py:877} INFO - Dependencies all met for <TaskInstance: etl.removing_local_files 2021-05-12T14:35:51.218622+00:00 [queued]>
[2021-05-12 11:36:04,662] {taskinstance.py:1068} INFO - 
--------------------------------------------------------------------------------
[2021-05-12 11:36:04,662] {taskinstance.py:1069} INFO - Starting attempt 1 of 1
[2021-05-12 11:36:04,663] {taskinstance.py:1070} INFO - 
--------------------------------------------------------------------------------
[2021-05-12 11:36:04,668] {taskinstance.py:1089} INFO - Executing <Task(PythonOperator): removing_local_files> on 2021-05-12T14:35:51.218622+00:00
[2021-05-12 11:36:04,670] {standard_task_runner.py:52} INFO - Started process 1567 to run task
[2021-05-12 11:36:04,676] {standard_task_runner.py:76} INFO - Running: ['airflow', 'tasks', 'run', 'etl', 'removing_local_files', '2021-05-12T14:35:51.218622+00:00', '--job-id', '167', '--pool', 'default_pool', '--raw', '--subdir', 'DAGS_FOLDER/etl_dag.py', '--cfg-path', '/var/folders/_f/vg3x3jmj23bcz6s88l7v6fb40000gn/T/tmprsrlei3o', '--error-file', '/var/folders/_f/vg3x3jmj23bcz6s88l7v6fb40000gn/T/tmp_lt86x_4']
[2021-05-12 11:36:04,678] {standard_task_runner.py:77} INFO - Job 167: Subtask removing_local_files
[2021-05-12 11:36:04,759] {logging_mixin.py:104} INFO - Running <TaskInstance: etl.removing_local_files 2021-05-12T14:35:51.218622+00:00 [running]> on host 27.2.168.192.in-addr.arpa
[2021-05-12 11:36:04,827] {taskinstance.py:1283} INFO - Exporting the following env vars:
AIRFLOW_CTX_DAG_OWNER=udacity
AIRFLOW_CTX_DAG_ID=etl
AIRFLOW_CTX_TASK_ID=removing_local_files
AIRFLOW_CTX_EXECUTION_DATE=2021-05-12T14:35:51.218622+00:00
AIRFLOW_CTX_DAG_RUN_ID=manual__2021-05-12T14:35:51.218622+00:00
[2021-05-12 11:36:04,873] {python.py:118} INFO - Done. Returned value was: None
[2021-05-12 11:36:04,878] {taskinstance.py:1192} INFO - Marking task as SUCCESS. dag_id=etl, task_id=removing_local_files, execution_date=20210512T143551, start_date=20210512T143604, end_date=20210512T143604
[2021-05-12 11:36:04,921] {taskinstance.py:1246} INFO - 0 downstream tasks scheduled from follow-on schedule check
[2021-05-12 11:36:04,949] {local_task_job.py:146} INFO - Task exited with return code 0
